2024-05-17 21:13:28,395 - mainlogger - INFO - 34452
2024-05-17 21:13:28,395 - mainlogger - INFO - <class '__main__.Supervised'>
2024-05-17 21:13:28,395 - mainlogger - INFO - full/aaunet.yaml
2024-05-17 21:13:28,395 - mainlogger - INFO - {'desc': 'first', 'batch_size': 8, 'epochs': 100, 'k': 2, 'init': True, 'root_dir': '/Dataset_BUSI', 'model': {'name': 'unet.aaunet.AAUNet', 'args': {'channels': [32, 64, 128, 256, 512, 512], 'act': 'LeakyReLU'}}, 'trainset': {'name': 'datasetBUSI.mask_busi_single.MaskBUSISingle', 'args': {'root_dir': '/Dataset_BUSI', 'image_names_path': 'labeled_all.txt', 'mode': 'train'}}, 'testset': {'name': 'datasetBUSI.mask_busi_single.MaskBUSISingle', 'args': {'root_dir': '/Dataset_BUSI', 'image_names_path': 'test.txt', 'mode': 'test'}}, 'validset': {'name': 'datasetBUSI.mask_busi_single.MaskBUSISingle', 'args': {'root_dir': '/Dataset_BUSI', 'image_names_path': 'val.txt', 'mode': 'test'}}, 'criterion': {'name': 'spgutils.focalloss.BinaryFocalLoss', 'args': {'gamma': 1}}, 'optimizer': {'name': 'torch.optim.Adam', 'args': {'lr': 0.0001}}, 'scheduler': {'name': 'torch.optim.lr_scheduler.ReduceLROnPlateau', 'args': {'mode': 'max', 'factor': 0.85, 'patience': 3}}}
2024-05-17 21:13:28,396 - mainlogger - INFO - 50.1829137802124
2024-05-17 21:13:28,399 - mainlogger - INFO - init with relu
2024-05-17 21:13:58,389 - mainlogger - INFO - Epoch 0  14.926768735051155
2024-05-17 21:13:58,394 - mainlogger - INFO - ********************************************************************************
2024-05-17 21:14:23,946 - mainlogger - INFO - Epoch 1  9.059027783572674
2024-05-17 21:14:23,947 - mainlogger - INFO - train
2024-05-17 21:14:42,556 - mainlogger - INFO - Dice score: 0.3892
2024-05-17 21:14:42,556 - mainlogger - INFO - Accuracy: 0.8889
2024-05-17 21:14:42,556 - mainlogger - INFO - test
2024-05-17 21:14:49,780 - mainlogger - INFO - Dice score: 0.3092
2024-05-17 21:14:49,780 - mainlogger - INFO - Accuracy: 0.8999
2024-05-17 21:14:49,780 - mainlogger - INFO - ********************************************************************************
2024-05-17 21:15:15,479 - mainlogger - INFO - Epoch 2  7.596435002982616
2024-05-17 21:15:15,480 - mainlogger - INFO - ********************************************************************************
2024-05-17 21:15:40,938 - mainlogger - INFO - Epoch 3  6.940962754189968
2024-05-17 21:15:40,939 - mainlogger - INFO - ********************************************************************************
2024-05-17 21:16:06,428 - mainlogger - INFO - Epoch 4  6.492919743061066
2024-05-17 21:16:06,429 - mainlogger - INFO - ********************************************************************************
2024-05-17 21:16:31,733 - mainlogger - INFO - Epoch 5  6.401586834341288
2024-05-17 21:16:31,734 - mainlogger - INFO - ********************************************************************************
2024-05-17 21:16:57,330 - mainlogger - INFO - Epoch 6  6.562205962836742
2024-05-17 21:16:57,331 - mainlogger - INFO - ********************************************************************************
2024-05-17 21:17:22,749 - mainlogger - INFO - Epoch 7  6.089091248810291
2024-05-17 21:17:22,750 - mainlogger - INFO - ********************************************************************************
2024-05-17 21:17:48,343 - mainlogger - INFO - Epoch 8  6.085554488003254
2024-05-17 21:17:48,344 - mainlogger - INFO - ********************************************************************************
2024-05-17 21:18:13,843 - mainlogger - INFO - Epoch 9  5.807330530136824
2024-05-17 21:18:13,843 - mainlogger - INFO - ********************************************************************************
2024-05-17 21:18:39,643 - mainlogger - INFO - Epoch 10  5.35739029943943
2024-05-17 21:18:39,643 - mainlogger - INFO - ********************************************************************************
2024-05-17 21:19:05,034 - mainlogger - INFO - Epoch 11  5.13574830815196
2024-05-17 21:19:05,035 - mainlogger - INFO - train
2024-05-17 21:19:22,963 - mainlogger - INFO - Dice score: 0.6917
2024-05-17 21:19:22,963 - mainlogger - INFO - Accuracy: 0.9329
2024-05-17 21:19:22,963 - mainlogger - INFO - test
2024-05-17 21:19:29,175 - mainlogger - INFO - Dice score: 0.6497
2024-05-17 21:19:29,176 - mainlogger - INFO - Accuracy: 0.9375
2024-05-17 21:19:29,176 - mainlogger - INFO - ********************************************************************************
2024-05-17 21:19:54,532 - mainlogger - INFO - Epoch 12  5.0815603993833065
2024-05-17 21:19:54,532 - mainlogger - INFO - ********************************************************************************
2024-05-17 21:20:19,854 - mainlogger - INFO - Epoch 13  5.01026925817132
2024-05-17 21:20:19,855 - mainlogger - INFO - ********************************************************************************
2024-05-17 21:20:45,427 - mainlogger - INFO - Epoch 14  4.769140023738146
2024-05-17 21:20:45,427 - mainlogger - INFO - ********************************************************************************
2024-05-17 21:21:11,233 - mainlogger - INFO - Epoch 15  4.539336118847132
2024-05-17 21:21:11,234 - mainlogger - INFO - ********************************************************************************
2024-05-17 21:21:36,478 - mainlogger - INFO - Epoch 16  4.479378771036863
2024-05-17 21:21:36,478 - mainlogger - INFO - ********************************************************************************
2024-05-17 21:22:02,235 - mainlogger - INFO - Epoch 17  4.4786938689649105
2024-05-17 21:22:02,236 - mainlogger - INFO - ********************************************************************************
2024-05-17 21:22:27,824 - mainlogger - INFO - Epoch 18  4.745469741523266
2024-05-17 21:22:27,824 - mainlogger - INFO - ********************************************************************************
2024-05-17 21:22:53,042 - mainlogger - INFO - Epoch 19  4.243307713419199
2024-05-17 21:22:53,043 - mainlogger - INFO - ********************************************************************************
2024-05-17 21:23:18,525 - mainlogger - INFO - Epoch 20  4.380346693098545
2024-05-17 21:23:18,525 - mainlogger - INFO - ********************************************************************************
2024-05-17 21:23:43,731 - mainlogger - INFO - Epoch 21  4.2270785346627235
2024-05-17 21:23:43,731 - mainlogger - INFO - train
2024-05-17 21:24:01,666 - mainlogger - INFO - Dice score: 0.7603
2024-05-17 21:24:01,666 - mainlogger - INFO - Accuracy: 0.9432
2024-05-17 21:24:01,666 - mainlogger - INFO - test
2024-05-17 21:24:07,504 - mainlogger - INFO - Dice score: 0.6806
2024-05-17 21:24:07,504 - mainlogger - INFO - Accuracy: 0.9357
2024-05-17 21:24:07,504 - mainlogger - INFO - ********************************************************************************
2024-05-17 21:24:32,922 - mainlogger - INFO - Epoch 22  3.9644802287220955
2024-05-17 21:24:32,923 - mainlogger - INFO - ********************************************************************************
2024-05-17 21:24:58,459 - mainlogger - INFO - Epoch 23  3.9787063375115395
2024-05-17 21:24:58,460 - mainlogger - INFO - ********************************************************************************
2024-05-17 21:25:24,039 - mainlogger - INFO - Epoch 24  3.9157781563699245
2024-05-17 21:25:24,040 - mainlogger - INFO - ********************************************************************************
2024-05-17 21:25:49,346 - mainlogger - INFO - Epoch 25  3.9206661581993103
2024-05-17 21:25:49,346 - mainlogger - INFO - ********************************************************************************
2024-05-17 21:26:14,932 - mainlogger - INFO - Epoch 26  3.9011343121528625
2024-05-17 21:26:14,933 - mainlogger - INFO - ********************************************************************************
2024-05-17 21:26:40,032 - mainlogger - INFO - Epoch 27  3.828680884093046
2024-05-17 21:26:40,032 - mainlogger - INFO - ********************************************************************************
2024-05-17 21:27:05,566 - mainlogger - INFO - Epoch 28  3.84896969050169
2024-05-17 21:27:05,567 - mainlogger - INFO - ********************************************************************************
2024-05-17 21:27:31,244 - mainlogger - INFO - Epoch 29  3.750386022031307
2024-05-17 21:27:31,245 - mainlogger - INFO - ********************************************************************************
2024-05-17 21:27:56,939 - mainlogger - INFO - Epoch 30  3.650857388973236
2024-05-17 21:27:56,939 - mainlogger - INFO - ********************************************************************************
2024-05-17 21:28:22,527 - mainlogger - INFO - Epoch 31  3.4367431569844484
2024-05-17 21:28:22,527 - mainlogger - INFO - train
2024-05-17 21:28:40,756 - mainlogger - INFO - Dice score: 0.8149
2024-05-17 21:28:40,756 - mainlogger - INFO - Accuracy: 0.9543
2024-05-17 21:28:40,756 - mainlogger - INFO - test
2024-05-17 21:28:46,618 - mainlogger - INFO - Dice score: 0.7028
2024-05-17 21:28:46,619 - mainlogger - INFO - Accuracy: 0.9351
2024-05-17 21:28:46,619 - mainlogger - INFO - ********************************************************************************
2024-05-17 21:29:12,324 - mainlogger - INFO - Epoch 32  3.30667195469141
2024-05-17 21:29:12,324 - mainlogger - INFO - ********************************************************************************
2024-05-17 21:29:38,244 - mainlogger - INFO - Epoch 33  3.4689885526895523
2024-05-17 21:29:38,244 - mainlogger - INFO - ********************************************************************************
2024-05-17 21:30:03,836 - mainlogger - INFO - Epoch 34  3.673501428216696
2024-05-17 21:30:03,836 - mainlogger - INFO - ********************************************************************************
2024-05-17 21:30:29,627 - mainlogger - INFO - Epoch 35  3.013746440410614
2024-05-17 21:30:29,628 - mainlogger - INFO - ********************************************************************************
2024-05-17 21:30:55,337 - mainlogger - INFO - Epoch 36  3.106115063652396
2024-05-17 21:30:55,338 - mainlogger - INFO - ********************************************************************************
2024-05-17 21:31:20,841 - mainlogger - INFO - Epoch 37  3.144439708441496
2024-05-17 21:31:20,841 - mainlogger - INFO - ********************************************************************************
2024-05-17 21:31:46,445 - mainlogger - INFO - Epoch 38  2.9999618772417307
2024-05-17 21:31:46,446 - mainlogger - INFO - ********************************************************************************
2024-05-17 21:32:12,219 - mainlogger - INFO - Epoch 39  3.007152780890465
2024-05-17 21:32:12,219 - mainlogger - INFO - ********************************************************************************
2024-05-17 21:32:38,338 - mainlogger - INFO - valid
2024-05-17 21:32:44,971 - mainlogger - INFO - Dice score: 0.7012
2024-05-17 21:32:44,971 - mainlogger - INFO - Accuracy: 0.9319
2024-05-17 21:32:44,971 - mainlogger - INFO - Epoch 40  3.0000774450600147
2024-05-17 21:32:44,971 - mainlogger - INFO - ********************************************************************************
2024-05-17 21:33:10,643 - mainlogger - INFO - valid
2024-05-17 21:33:16,468 - mainlogger - INFO - Dice score: 0.7145
2024-05-17 21:33:16,468 - mainlogger - INFO - Accuracy: 0.9432
2024-05-17 21:33:16,468 - mainlogger - INFO - Epoch 41  2.9735876508057117
2024-05-17 21:33:16,468 - mainlogger - INFO - train
2024-05-17 21:33:34,666 - mainlogger - INFO - Dice score: 0.832
2024-05-17 21:33:34,666 - mainlogger - INFO - Accuracy: 0.9601
2024-05-17 21:33:34,666 - mainlogger - INFO - test
2024-05-17 21:33:41,153 - mainlogger - INFO - Dice score: 0.7309
2024-05-17 21:33:41,153 - mainlogger - INFO - Accuracy: 0.9469
2024-05-17 21:33:41,153 - mainlogger - INFO - ********************************************************************************
2024-05-17 21:34:06,636 - mainlogger - INFO - valid
2024-05-17 21:34:12,837 - mainlogger - INFO - Dice score: 0.7125
2024-05-17 21:34:12,837 - mainlogger - INFO - Accuracy: 0.9476
2024-05-17 21:34:12,837 - mainlogger - INFO - Epoch 42  2.98216400295496
2024-05-17 21:34:12,837 - mainlogger - INFO - ********************************************************************************
2024-05-17 21:34:38,542 - mainlogger - INFO - valid
2024-05-17 21:34:44,745 - mainlogger - INFO - Dice score: 0.7183
2024-05-17 21:34:44,746 - mainlogger - INFO - Accuracy: 0.94
2024-05-17 21:34:44,746 - mainlogger - INFO - Epoch 43  2.582306055352092
2024-05-17 21:34:44,746 - mainlogger - INFO - ********************************************************************************
2024-05-17 21:35:10,545 - mainlogger - INFO - valid
2024-05-17 21:35:16,738 - mainlogger - INFO - Dice score: 0.7199
2024-05-17 21:35:16,739 - mainlogger - INFO - Accuracy: 0.9444
2024-05-17 21:35:16,739 - mainlogger - INFO - Epoch 44  2.50714716501534
2024-05-17 21:35:16,739 - mainlogger - INFO - ********************************************************************************
2024-05-17 21:35:42,438 - mainlogger - INFO - valid
2024-05-17 21:35:48,698 - mainlogger - INFO - Dice score: 0.7304
2024-05-17 21:35:48,698 - mainlogger - INFO - Accuracy: 0.9429
2024-05-17 21:35:48,698 - mainlogger - INFO - Epoch 45  3.248470136895776
2024-05-17 21:35:48,698 - mainlogger - INFO - ********************************************************************************
2024-05-17 21:36:14,248 - mainlogger - INFO - valid
2024-05-17 21:36:20,471 - mainlogger - INFO - Dice score: 0.7178
2024-05-17 21:36:20,472 - mainlogger - INFO - Accuracy: 0.9417
2024-05-17 21:36:20,472 - mainlogger - INFO - Epoch 46  2.6507895458489656
2024-05-17 21:36:20,472 - mainlogger - INFO - ********************************************************************************
2024-05-17 21:36:46,339 - mainlogger - INFO - valid
2024-05-17 21:36:52,360 - mainlogger - INFO - Dice score: 0.7226
2024-05-17 21:36:52,360 - mainlogger - INFO - Accuracy: 0.9462
2024-05-17 21:36:52,360 - mainlogger - INFO - Epoch 47  2.580403609201312
2024-05-17 21:36:52,360 - mainlogger - INFO - ********************************************************************************
2024-05-17 21:37:18,243 - mainlogger - INFO - valid
2024-05-17 21:37:24,256 - mainlogger - INFO - Dice score: 0.7086
2024-05-17 21:37:24,257 - mainlogger - INFO - Accuracy: 0.9417
2024-05-17 21:37:24,257 - mainlogger - INFO - Epoch 48  2.433097541332245
2024-05-17 21:37:24,257 - mainlogger - INFO - ********************************************************************************
2024-05-17 21:37:49,948 - mainlogger - INFO - valid
2024-05-17 21:37:56,067 - mainlogger - INFO - Dice score: 0.7059
2024-05-17 21:37:56,067 - mainlogger - INFO - Accuracy: 0.9358
2024-05-17 21:37:56,067 - mainlogger - INFO - 0.0001->8.5e-05
2024-05-17 21:37:56,067 - mainlogger - INFO - Epoch 49  2.5058081410825253
2024-05-17 21:37:56,067 - mainlogger - INFO - ********************************************************************************
2024-05-17 21:38:21,839 - mainlogger - INFO - valid
2024-05-17 21:38:28,153 - mainlogger - INFO - Dice score: 0.7248
2024-05-17 21:38:28,153 - mainlogger - INFO - Accuracy: 0.9452
2024-05-17 21:38:28,154 - mainlogger - INFO - Epoch 50  2.3277897369116545
2024-05-17 21:38:28,154 - mainlogger - INFO - ********************************************************************************
2024-05-17 21:38:54,150 - mainlogger - INFO - valid
2024-05-17 21:39:00,385 - mainlogger - INFO - Dice score: 0.7262
2024-05-17 21:39:00,385 - mainlogger - INFO - Accuracy: 0.9454
2024-05-17 21:39:00,385 - mainlogger - INFO - Epoch 51  2.693337479606271
2024-05-17 21:39:00,385 - mainlogger - INFO - train
2024-05-17 21:39:18,385 - mainlogger - INFO - Dice score: 0.862
2024-05-17 21:39:18,385 - mainlogger - INFO - Accuracy: 0.9672
2024-05-17 21:39:18,385 - mainlogger - INFO - test
2024-05-17 21:39:24,609 - mainlogger - INFO - Dice score: 0.74
2024-05-17 21:39:24,609 - mainlogger - INFO - Accuracy: 0.9504
2024-05-17 21:39:24,609 - mainlogger - INFO - ********************************************************************************
2024-05-17 21:39:50,541 - mainlogger - INFO - valid
2024-05-17 21:39:56,543 - mainlogger - INFO - Dice score: 0.7254
2024-05-17 21:39:56,543 - mainlogger - INFO - Accuracy: 0.9429
2024-05-17 21:39:56,543 - mainlogger - INFO - Epoch 52  2.1585532128810883
2024-05-17 21:39:56,543 - mainlogger - INFO - ********************************************************************************
2024-05-17 21:40:22,620 - mainlogger - INFO - valid
2024-05-17 21:40:28,889 - mainlogger - INFO - Dice score: 0.7018
2024-05-17 21:40:28,889 - mainlogger - INFO - Accuracy: 0.9403
2024-05-17 21:40:28,889 - mainlogger - INFO - 8.5e-05->7.225000000000001e-05
2024-05-17 21:40:28,889 - mainlogger - INFO - Epoch 53  2.361185953952372
2024-05-17 21:40:28,889 - mainlogger - INFO - ********************************************************************************
2024-05-17 21:40:54,738 - mainlogger - INFO - valid
2024-05-17 21:41:01,001 - mainlogger - INFO - Dice score: 0.733
2024-05-17 21:41:01,001 - mainlogger - INFO - Accuracy: 0.9489
2024-05-17 21:41:01,001 - mainlogger - INFO - Epoch 54  2.2077329959720373
2024-05-17 21:41:01,001 - mainlogger - INFO - ********************************************************************************
2024-05-17 21:41:27,051 - mainlogger - INFO - valid
2024-05-17 21:41:33,159 - mainlogger - INFO - Dice score: 0.7086
2024-05-17 21:41:33,159 - mainlogger - INFO - Accuracy: 0.9438
2024-05-17 21:41:33,159 - mainlogger - INFO - Epoch 55  2.1972057903185487
2024-05-17 21:41:33,160 - mainlogger - INFO - ********************************************************************************
2024-05-17 21:41:59,247 - mainlogger - INFO - valid
2024-05-17 21:42:05,455 - mainlogger - INFO - Dice score: 0.7233
2024-05-17 21:42:05,455 - mainlogger - INFO - Accuracy: 0.9442
2024-05-17 21:42:05,455 - mainlogger - INFO - Epoch 56  1.8304714616388083
2024-05-17 21:42:05,455 - mainlogger - INFO - ********************************************************************************
2024-05-17 21:42:31,437 - mainlogger - INFO - valid
2024-05-17 21:42:37,862 - mainlogger - INFO - Dice score: 0.7199
2024-05-17 21:42:37,862 - mainlogger - INFO - Accuracy: 0.9447
2024-05-17 21:42:37,863 - mainlogger - INFO - Epoch 57  1.7384227495640516
2024-05-17 21:42:37,863 - mainlogger - INFO - ********************************************************************************
2024-05-17 21:43:04,245 - mainlogger - INFO - valid
2024-05-17 21:43:10,541 - mainlogger - INFO - Dice score: 0.7273
2024-05-17 21:43:10,541 - mainlogger - INFO - Accuracy: 0.9481
2024-05-17 21:43:10,541 - mainlogger - INFO - 7.225000000000001e-05->6.141250000000001e-05
2024-05-17 21:43:10,541 - mainlogger - INFO - Epoch 58  1.9217149689793587
2024-05-17 21:43:10,541 - mainlogger - INFO - ********************************************************************************
2024-05-17 21:43:36,734 - mainlogger - INFO - valid
2024-05-17 21:43:43,156 - mainlogger - INFO - Dice score: 0.7272
2024-05-17 21:43:43,156 - mainlogger - INFO - Accuracy: 0.9453
2024-05-17 21:43:43,157 - mainlogger - INFO - Epoch 59  1.768151787109673
2024-05-17 21:43:43,157 - mainlogger - INFO - ********************************************************************************
2024-05-17 21:44:09,348 - mainlogger - INFO - valid
2024-05-17 21:44:15,658 - mainlogger - INFO - Dice score: 0.7188
2024-05-17 21:44:15,658 - mainlogger - INFO - Accuracy: 0.9418
2024-05-17 21:44:15,658 - mainlogger - INFO - Epoch 60  1.7103203954175115
2024-05-17 21:44:15,658 - mainlogger - INFO - ********************************************************************************
2024-05-17 21:44:41,534 - mainlogger - INFO - valid
2024-05-17 21:44:47,777 - mainlogger - INFO - Dice score: 0.7085
2024-05-17 21:44:47,777 - mainlogger - INFO - Accuracy: 0.9402
2024-05-17 21:44:47,777 - mainlogger - INFO - Epoch 61  2.148447608575225
2024-05-17 21:44:47,777 - mainlogger - INFO - train
2024-05-17 21:45:06,092 - mainlogger - INFO - Dice score: 0.8878
2024-05-17 21:45:06,092 - mainlogger - INFO - Accuracy: 0.9719
2024-05-17 21:45:06,092 - mainlogger - INFO - test
2024-05-17 21:45:12,408 - mainlogger - INFO - Dice score: 0.7082
2024-05-17 21:45:12,409 - mainlogger - INFO - Accuracy: 0.9428
2024-05-17 21:45:12,409 - mainlogger - INFO - ********************************************************************************
2024-05-17 21:45:38,544 - mainlogger - INFO - valid
2024-05-17 21:45:44,844 - mainlogger - INFO - Dice score: 0.7089
2024-05-17 21:45:44,844 - mainlogger - INFO - Accuracy: 0.9399
2024-05-17 21:45:44,844 - mainlogger - INFO - 6.141250000000001e-05->5.2200625000000005e-05
2024-05-17 21:45:44,844 - mainlogger - INFO - Epoch 62  1.709061523899436
2024-05-17 21:45:44,844 - mainlogger - INFO - ********************************************************************************
2024-05-17 21:46:10,951 - mainlogger - INFO - valid
2024-05-17 21:46:16,983 - mainlogger - INFO - Dice score: 0.7274
2024-05-17 21:46:16,984 - mainlogger - INFO - Accuracy: 0.9476
2024-05-17 21:46:16,984 - mainlogger - INFO - Epoch 63  1.712299870327115
2024-05-17 21:46:16,984 - mainlogger - INFO - ********************************************************************************
2024-05-17 21:46:42,938 - mainlogger - INFO - valid
2024-05-17 21:46:49,143 - mainlogger - INFO - Dice score: 0.7137
2024-05-17 21:46:49,143 - mainlogger - INFO - Accuracy: 0.9438
2024-05-17 21:46:49,144 - mainlogger - INFO - Epoch 64  1.7653421834111214
2024-05-17 21:46:49,144 - mainlogger - INFO - ********************************************************************************
2024-05-17 21:47:15,053 - mainlogger - INFO - valid
2024-05-17 21:47:21,066 - mainlogger - INFO - Dice score: 0.7232
2024-05-17 21:47:21,066 - mainlogger - INFO - Accuracy: 0.9433
2024-05-17 21:47:21,066 - mainlogger - INFO - Epoch 65  1.5027325889095664
2024-05-17 21:47:21,066 - mainlogger - INFO - ********************************************************************************
2024-05-17 21:47:47,244 - mainlogger - INFO - valid
2024-05-17 21:47:53,492 - mainlogger - INFO - Dice score: 0.7094
2024-05-17 21:47:53,493 - mainlogger - INFO - Accuracy: 0.9453
2024-05-17 21:47:53,493 - mainlogger - INFO - 5.2200625000000005e-05->4.437053125e-05
2024-05-17 21:47:53,493 - mainlogger - INFO - Epoch 66  1.521465421654284
2024-05-17 21:47:53,493 - mainlogger - INFO - ********************************************************************************
2024-05-17 21:48:19,529 - mainlogger - INFO - valid
2024-05-17 21:48:25,756 - mainlogger - INFO - Dice score: 0.722
2024-05-17 21:48:25,756 - mainlogger - INFO - Accuracy: 0.9454
2024-05-17 21:48:25,757 - mainlogger - INFO - Epoch 67  1.4154341788962483
2024-05-17 21:48:25,757 - mainlogger - INFO - ********************************************************************************
2024-05-17 21:48:51,829 - mainlogger - INFO - valid
2024-05-17 21:48:58,074 - mainlogger - INFO - Dice score: 0.7199
2024-05-17 21:48:58,074 - mainlogger - INFO - Accuracy: 0.9464
2024-05-17 21:48:58,074 - mainlogger - INFO - Epoch 68  1.6240745736286044
2024-05-17 21:48:58,075 - mainlogger - INFO - ********************************************************************************
2024-05-17 21:49:24,123 - mainlogger - INFO - valid
2024-05-17 21:49:30,346 - mainlogger - INFO - Dice score: 0.7211
2024-05-17 21:49:30,346 - mainlogger - INFO - Accuracy: 0.9472
2024-05-17 21:49:30,346 - mainlogger - INFO - Epoch 69  1.573356930166483
2024-05-17 21:49:30,346 - mainlogger - INFO - ********************************************************************************
2024-05-17 21:49:56,164 - mainlogger - INFO - valid
2024-05-17 21:50:02,561 - mainlogger - INFO - Dice score: 0.7113
2024-05-17 21:50:02,561 - mainlogger - INFO - Accuracy: 0.9424
2024-05-17 21:50:02,562 - mainlogger - INFO - 4.437053125e-05->3.77149515625e-05
2024-05-17 21:50:02,562 - mainlogger - INFO - Epoch 70  1.4378566341474652
2024-05-17 21:50:02,562 - mainlogger - INFO - ********************************************************************************
2024-05-17 21:50:28,634 - mainlogger - INFO - valid
2024-05-17 21:50:34,969 - mainlogger - INFO - Dice score: 0.7311
2024-05-17 21:50:34,970 - mainlogger - INFO - Accuracy: 0.9472
2024-05-17 21:50:34,970 - mainlogger - INFO - Epoch 71  1.3728077420964837
2024-05-17 21:50:34,970 - mainlogger - INFO - train
2024-05-17 21:50:53,455 - mainlogger - INFO - Dice score: 0.9155
2024-05-17 21:50:53,455 - mainlogger - INFO - Accuracy: 0.9791
2024-05-17 21:50:53,455 - mainlogger - INFO - test
2024-05-17 21:50:59,565 - mainlogger - INFO - Dice score: 0.7213
2024-05-17 21:50:59,565 - mainlogger - INFO - Accuracy: 0.9472
2024-05-17 21:50:59,565 - mainlogger - INFO - ********************************************************************************
2024-05-17 21:51:25,726 - mainlogger - INFO - valid
2024-05-17 21:51:32,072 - mainlogger - INFO - Dice score: 0.7211
2024-05-17 21:51:32,073 - mainlogger - INFO - Accuracy: 0.9457
2024-05-17 21:51:32,073 - mainlogger - INFO - Epoch 72  1.3369483202695847
2024-05-17 21:51:32,073 - mainlogger - INFO - ********************************************************************************
2024-05-17 21:51:58,148 - mainlogger - INFO - valid
2024-05-17 21:52:04,410 - mainlogger - INFO - Dice score: 0.7283
2024-05-17 21:52:04,410 - mainlogger - INFO - Accuracy: 0.9472
2024-05-17 21:52:04,410 - mainlogger - INFO - Epoch 73  1.2543321484699845
2024-05-17 21:52:04,410 - mainlogger - INFO - ********************************************************************************
2024-05-17 21:52:30,447 - mainlogger - INFO - valid
2024-05-17 21:52:36,774 - mainlogger - INFO - Dice score: 0.7356
2024-05-17 21:52:36,775 - mainlogger - INFO - Accuracy: 0.9463
2024-05-17 21:52:36,775 - mainlogger - INFO - Epoch 74  1.2360401209443808
2024-05-17 21:52:36,775 - mainlogger - INFO - ********************************************************************************
2024-05-17 21:53:02,836 - mainlogger - INFO - valid
2024-05-17 21:53:09,014 - mainlogger - INFO - Dice score: 0.7309
2024-05-17 21:53:09,014 - mainlogger - INFO - Accuracy: 0.946
2024-05-17 21:53:09,014 - mainlogger - INFO - Epoch 75  1.4070810237899423
2024-05-17 21:53:09,014 - mainlogger - INFO - ********************************************************************************
2024-05-17 21:53:34,952 - mainlogger - INFO - valid
2024-05-17 21:53:41,173 - mainlogger - INFO - Dice score: 0.7223
2024-05-17 21:53:41,173 - mainlogger - INFO - Accuracy: 0.9453
2024-05-17 21:53:41,173 - mainlogger - INFO - Epoch 76  1.4397533312439919
2024-05-17 21:53:41,173 - mainlogger - INFO - ********************************************************************************
2024-05-17 21:54:07,130 - mainlogger - INFO - valid
2024-05-17 21:54:13,346 - mainlogger - INFO - Dice score: 0.739
2024-05-17 21:54:13,346 - mainlogger - INFO - Accuracy: 0.9497
2024-05-17 21:54:13,346 - mainlogger - INFO - Epoch 77  1.3668378330767155
2024-05-17 21:54:13,346 - mainlogger - INFO - ********************************************************************************
2024-05-17 21:54:39,333 - mainlogger - INFO - valid
2024-05-17 21:54:45,655 - mainlogger - INFO - Dice score: 0.7305
2024-05-17 21:54:45,655 - mainlogger - INFO - Accuracy: 0.9468
2024-05-17 21:54:45,655 - mainlogger - INFO - Epoch 78  1.3940661121159792
2024-05-17 21:54:45,656 - mainlogger - INFO - ********************************************************************************
2024-05-17 21:55:11,848 - mainlogger - INFO - valid
2024-05-17 21:55:18,148 - mainlogger - INFO - Dice score: 0.7434
2024-05-17 21:55:18,148 - mainlogger - INFO - Accuracy: 0.9471
2024-05-17 21:55:18,148 - mainlogger - INFO - Epoch 79  1.3400574522092938
2024-05-17 21:55:18,148 - mainlogger - INFO - ********************************************************************************
2024-05-17 21:55:44,137 - mainlogger - INFO - valid
2024-05-17 21:55:50,373 - mainlogger - INFO - Dice score: 0.7316
2024-05-17 21:55:50,373 - mainlogger - INFO - Accuracy: 0.9466
2024-05-17 21:55:50,373 - mainlogger - INFO - Epoch 80  1.4131860630586743
2024-05-17 21:55:50,373 - mainlogger - INFO - ********************************************************************************
2024-05-17 21:56:16,241 - mainlogger - INFO - valid
2024-05-17 21:56:22,550 - mainlogger - INFO - Dice score: 0.7391
2024-05-17 21:56:22,551 - mainlogger - INFO - Accuracy: 0.9488
2024-05-17 21:56:22,551 - mainlogger - INFO - Epoch 81  1.3649350386112928
2024-05-17 21:56:22,551 - mainlogger - INFO - train
2024-05-17 21:56:41,151 - mainlogger - INFO - Dice score: 0.927
2024-05-17 21:56:41,152 - mainlogger - INFO - Accuracy: 0.9818
2024-05-17 21:56:41,152 - mainlogger - INFO - test
2024-05-17 21:56:47,613 - mainlogger - INFO - Dice score: 0.7197
2024-05-17 21:56:47,613 - mainlogger - INFO - Accuracy: 0.9476
2024-05-17 21:56:47,613 - mainlogger - INFO - ********************************************************************************
2024-05-17 21:57:13,833 - mainlogger - INFO - valid
2024-05-17 21:57:20,259 - mainlogger - INFO - Dice score: 0.7138
2024-05-17 21:57:20,259 - mainlogger - INFO - Accuracy: 0.9439
2024-05-17 21:57:20,260 - mainlogger - INFO - Epoch 82  1.2328591751866043
2024-05-17 21:57:20,260 - mainlogger - INFO - ********************************************************************************
2024-05-17 21:57:46,828 - mainlogger - INFO - valid
2024-05-17 21:57:53,174 - mainlogger - INFO - Dice score: 0.7258
2024-05-17 21:57:53,174 - mainlogger - INFO - Accuracy: 0.9488
2024-05-17 21:57:53,175 - mainlogger - INFO - 3.77149515625e-05->3.2057708828124995e-05
2024-05-17 21:57:53,175 - mainlogger - INFO - Epoch 83  1.2927135461941361
2024-05-17 21:57:53,175 - mainlogger - INFO - ********************************************************************************
2024-05-17 21:58:19,268 - mainlogger - INFO - valid
2024-05-17 21:58:25,367 - mainlogger - INFO - Dice score: 0.7244
2024-05-17 21:58:25,367 - mainlogger - INFO - Accuracy: 0.9451
2024-05-17 21:58:25,367 - mainlogger - INFO - Epoch 84  1.4788967287167907
2024-05-17 21:58:25,367 - mainlogger - INFO - ********************************************************************************
2024-05-17 21:58:51,452 - mainlogger - INFO - valid
2024-05-17 21:58:57,753 - mainlogger - INFO - Dice score: 0.7309
2024-05-17 21:58:57,753 - mainlogger - INFO - Accuracy: 0.9468
2024-05-17 21:58:57,754 - mainlogger - INFO - Epoch 85  1.300952390767634
2024-05-17 21:58:57,754 - mainlogger - INFO - ********************************************************************************
2024-05-17 21:59:23,730 - mainlogger - INFO - valid
2024-05-17 21:59:30,045 - mainlogger - INFO - Dice score: 0.7464
2024-05-17 21:59:30,045 - mainlogger - INFO - Accuracy: 0.9516
2024-05-17 21:59:30,045 - mainlogger - INFO - Epoch 86  1.1955214962363243
2024-05-17 21:59:30,045 - mainlogger - INFO - ********************************************************************************
2024-05-17 21:59:56,063 - mainlogger - INFO - valid
2024-05-17 22:00:02,472 - mainlogger - INFO - Dice score: 0.7349
2024-05-17 22:00:02,472 - mainlogger - INFO - Accuracy: 0.9449
2024-05-17 22:00:02,472 - mainlogger - INFO - Epoch 87  1.178675933741033
2024-05-17 22:00:02,472 - mainlogger - INFO - ********************************************************************************
2024-05-17 22:00:28,919 - mainlogger - INFO - valid
2024-05-17 22:00:34,970 - mainlogger - INFO - Dice score: 0.7311
2024-05-17 22:00:34,971 - mainlogger - INFO - Accuracy: 0.9463
2024-05-17 22:00:34,971 - mainlogger - INFO - Epoch 88  1.2183767659589648
2024-05-17 22:00:34,971 - mainlogger - INFO - ********************************************************************************
2024-05-17 22:01:01,050 - mainlogger - INFO - valid
2024-05-17 22:01:07,241 - mainlogger - INFO - Dice score: 0.7327
2024-05-17 22:01:07,241 - mainlogger - INFO - Accuracy: 0.9496
2024-05-17 22:01:07,241 - mainlogger - INFO - Epoch 89  1.1057696305215359
2024-05-17 22:01:07,242 - mainlogger - INFO - ********************************************************************************
2024-05-17 22:01:33,349 - mainlogger - INFO - valid
2024-05-17 22:01:39,667 - mainlogger - INFO - Dice score: 0.7404
2024-05-17 22:01:39,667 - mainlogger - INFO - Accuracy: 0.9475
2024-05-17 22:01:39,667 - mainlogger - INFO - 3.2057708828124995e-05->2.7249052503906245e-05
2024-05-17 22:01:39,667 - mainlogger - INFO - Epoch 90  1.2690958390012383
2024-05-17 22:01:39,667 - mainlogger - INFO - ********************************************************************************
2024-05-17 22:02:05,728 - mainlogger - INFO - valid
2024-05-17 22:02:11,964 - mainlogger - INFO - Dice score: 0.7351
2024-05-17 22:02:11,964 - mainlogger - INFO - Accuracy: 0.9483
2024-05-17 22:02:11,964 - mainlogger - INFO - Epoch 91  1.1475100573152304
2024-05-17 22:02:11,964 - mainlogger - INFO - train
2024-05-17 22:02:30,664 - mainlogger - INFO - Dice score: 0.9264
2024-05-17 22:02:30,664 - mainlogger - INFO - Accuracy: 0.9818
2024-05-17 22:02:30,664 - mainlogger - INFO - test
2024-05-17 22:02:36,878 - mainlogger - INFO - Dice score: 0.7263
2024-05-17 22:02:36,878 - mainlogger - INFO - Accuracy: 0.9498
2024-05-17 22:02:36,878 - mainlogger - INFO - ********************************************************************************
2024-05-17 22:03:03,046 - mainlogger - INFO - valid
2024-05-17 22:03:09,251 - mainlogger - INFO - Dice score: 0.7289
2024-05-17 22:03:09,251 - mainlogger - INFO - Accuracy: 0.9442
2024-05-17 22:03:09,251 - mainlogger - INFO - Epoch 92  1.1287195533514023
2024-05-17 22:03:09,251 - mainlogger - INFO - ********************************************************************************
2024-05-17 22:03:35,051 - mainlogger - INFO - valid
2024-05-17 22:03:41,335 - mainlogger - INFO - Dice score: 0.7233
2024-05-17 22:03:41,335 - mainlogger - INFO - Accuracy: 0.9466
2024-05-17 22:03:41,336 - mainlogger - INFO - Epoch 93  1.0647832937538624
2024-05-17 22:03:41,336 - mainlogger - INFO - ********************************************************************************
2024-05-17 22:04:07,334 - mainlogger - INFO - valid
2024-05-17 22:04:13,545 - mainlogger - INFO - Dice score: 0.7311
2024-05-17 22:04:13,545 - mainlogger - INFO - Accuracy: 0.9464
2024-05-17 22:04:13,545 - mainlogger - INFO - 2.7249052503906245e-05->2.3161694628320308e-05
2024-05-17 22:04:13,545 - mainlogger - INFO - Epoch 94  1.0163247296586633
2024-05-17 22:04:13,545 - mainlogger - INFO - ********************************************************************************
2024-05-17 22:04:39,527 - mainlogger - INFO - valid
2024-05-17 22:04:45,825 - mainlogger - INFO - Dice score: 0.7154
2024-05-17 22:04:45,825 - mainlogger - INFO - Accuracy: 0.9449
2024-05-17 22:04:45,825 - mainlogger - INFO - Epoch 95  1.0645288741216063
2024-05-17 22:04:45,825 - mainlogger - INFO - ********************************************************************************
2024-05-17 22:05:12,137 - mainlogger - INFO - valid
2024-05-17 22:05:18,354 - mainlogger - INFO - Dice score: 0.7193
2024-05-17 22:05:18,354 - mainlogger - INFO - Accuracy: 0.9438
2024-05-17 22:05:18,354 - mainlogger - INFO - Epoch 96  1.05713324341923
2024-05-17 22:05:18,354 - mainlogger - INFO - ********************************************************************************
2024-05-17 22:05:44,441 - mainlogger - INFO - valid
2024-05-17 22:05:50,646 - mainlogger - INFO - Dice score: 0.7291
2024-05-17 22:05:50,646 - mainlogger - INFO - Accuracy: 0.9453
2024-05-17 22:05:50,646 - mainlogger - INFO - Epoch 97  1.0864002089947462
2024-05-17 22:05:50,646 - mainlogger - INFO - ********************************************************************************
2024-05-17 22:06:16,922 - mainlogger - INFO - valid
2024-05-17 22:06:23,271 - mainlogger - INFO - Dice score: 0.7357
2024-05-17 22:06:23,271 - mainlogger - INFO - Accuracy: 0.9472
2024-05-17 22:06:23,271 - mainlogger - INFO - 2.3161694628320308e-05->1.9687440434072263e-05
2024-05-17 22:06:23,271 - mainlogger - INFO - Epoch 98  1.0098626762628555
2024-05-17 22:06:23,271 - mainlogger - INFO - ********************************************************************************
2024-05-17 22:06:49,439 - mainlogger - INFO - valid
2024-05-17 22:06:55,742 - mainlogger - INFO - Dice score: 0.7285
2024-05-17 22:06:55,742 - mainlogger - INFO - Accuracy: 0.9469
2024-05-17 22:06:55,742 - mainlogger - INFO - Epoch 99  0.9946361356414855
2024-05-17 22:06:55,742 - mainlogger - INFO - train
2024-05-17 22:07:14,362 - mainlogger - INFO - Dice score: 0.9387
2024-05-17 22:07:14,362 - mainlogger - INFO - Accuracy: 0.9848
2024-05-17 22:07:14,362 - mainlogger - INFO - test
2024-05-17 22:07:20,659 - mainlogger - INFO - Dice score: 0.7161
2024-05-17 22:07:20,659 - mainlogger - INFO - Accuracy: 0.9472
2024-05-17 22:07:20,659 - mainlogger - INFO - ********************************************************************************
2024-05-17 22:07:20,659 - mainlogger - INFO - (86, 90)
2024-05-17 22:07:20,659 - mainlogger - INFO - 0.7370883563978643
