2024-05-17 17:58:12,547 - mainlogger - INFO - 31109
2024-05-17 17:58:12,547 - mainlogger - INFO - <class '__main__.UniversegPipeline'>
2024-05-17 17:58:12,547 - mainlogger - INFO - full/universeg_base2_full.yaml
2024-05-17 17:58:12,547 - mainlogger - INFO - {'desc': '输入单通道，大小384', 'batch_size': 4, 'epochs': 100, 'k': 2, 'init': True, 'root_dir': '/Dataset_BUSI', 'model': {'name': 'universeg_batchnorm.universeg.UniverSeg', 'args': {'channels': [64, 128, 256, 512, 512], 'act': 'LeakyReLU'}}, 'trainset': {'name': 'datasetBUSI.mask_busi_single.MaskBUSISingle', 'args': {'root_dir': '/Dataset_BUSI', 'image_names_path': 'labeled_all.txt', 'mode': 'train'}}, 'testset': {'name': 'datasetBUSI.mask_busi_single.MaskBUSISingle', 'args': {'root_dir': '/Dataset_BUSI', 'image_names_path': 'test.txt', 'mode': 'test'}}, 'validset': {'name': 'datasetBUSI.mask_busi_single.MaskBUSISingle', 'args': {'root_dir': '/Dataset_BUSI', 'image_names_path': 'val.txt', 'mode': 'test'}}, 'criterion': {'name': 'spgutils.focalloss.BinaryFocalLoss', 'args': {'gamma': 1}}, 'optimizer': {'name': 'torch.optim.Adam', 'args': {'lr': 0.0001}}, 'scheduler': {'name': 'torch.optim.lr_scheduler.ReduceLROnPlateau', 'args': {'mode': 'max', 'factor': 0.85, 'patience': 3}}}
2024-05-17 17:58:12,548 - mainlogger - INFO - 37.369768142700195
2024-05-17 17:58:12,549 - mainlogger - INFO - init with relu
2024-05-17 17:59:01,063 - mainlogger - INFO - Epoch 0  32.1640100479126
2024-05-17 17:59:01,063 - mainlogger - INFO - ********************************************************************************
2024-05-17 17:59:48,390 - mainlogger - INFO - Epoch 1  29.984984666109085
2024-05-17 17:59:48,391 - mainlogger - INFO - train
2024-05-17 18:00:33,653 - mainlogger - INFO - Dice score: 0.4577
2024-05-17 18:00:33,653 - mainlogger - INFO - Accuracy: 0.8033
2024-05-17 18:00:33,653 - mainlogger - INFO - test
2024-05-17 18:00:49,625 - mainlogger - INFO - Dice score: 0.3998
2024-05-17 18:00:49,625 - mainlogger - INFO - Accuracy: 0.8085
2024-05-17 18:00:49,625 - mainlogger - INFO - ********************************************************************************
2024-05-17 18:01:37,008 - mainlogger - INFO - Epoch 2  29.010216757655144
2024-05-17 18:01:37,008 - mainlogger - INFO - ********************************************************************************
2024-05-17 18:02:24,357 - mainlogger - INFO - Epoch 3  27.700836688280106
2024-05-17 18:02:24,357 - mainlogger - INFO - ********************************************************************************
2024-05-17 18:03:11,291 - mainlogger - INFO - Epoch 4  27.03974635899067
2024-05-17 18:03:11,292 - mainlogger - INFO - ********************************************************************************
2024-05-17 18:03:58,462 - mainlogger - INFO - Epoch 5  25.998666509985924
2024-05-17 18:03:58,463 - mainlogger - INFO - ********************************************************************************
2024-05-17 18:04:46,083 - mainlogger - INFO - Epoch 6  25.165070220828056
2024-05-17 18:04:46,084 - mainlogger - INFO - ********************************************************************************
2024-05-17 18:05:32,580 - mainlogger - INFO - Epoch 7  24.902258843183517
2024-05-17 18:05:32,580 - mainlogger - INFO - ********************************************************************************
2024-05-17 18:06:19,691 - mainlogger - INFO - Epoch 8  24.256603837013245
2024-05-17 18:06:19,691 - mainlogger - INFO - ********************************************************************************
2024-05-17 18:07:05,403 - mainlogger - INFO - Epoch 9  23.817783266305923
2024-05-17 18:07:05,404 - mainlogger - INFO - ********************************************************************************
2024-05-17 18:07:52,377 - mainlogger - INFO - Epoch 10  23.24879588186741
2024-05-17 18:07:52,377 - mainlogger - INFO - ********************************************************************************
2024-05-17 18:08:39,301 - mainlogger - INFO - Epoch 11  23.259839922189713
2024-05-17 18:08:39,301 - mainlogger - INFO - train
2024-05-17 18:09:24,855 - mainlogger - INFO - Dice score: 0.6831
2024-05-17 18:09:24,856 - mainlogger - INFO - Accuracy: 0.9137
2024-05-17 18:09:24,856 - mainlogger - INFO - test
2024-05-17 18:09:40,324 - mainlogger - INFO - Dice score: 0.6007
2024-05-17 18:09:40,324 - mainlogger - INFO - Accuracy: 0.9055
2024-05-17 18:09:40,324 - mainlogger - INFO - ********************************************************************************
2024-05-17 18:10:28,684 - mainlogger - INFO - Epoch 12  22.658197939395905
2024-05-17 18:10:28,685 - mainlogger - INFO - ********************************************************************************
2024-05-17 18:11:17,081 - mainlogger - INFO - Epoch 13  22.30416928231716
2024-05-17 18:11:17,081 - mainlogger - INFO - ********************************************************************************
2024-05-17 18:12:05,352 - mainlogger - INFO - Epoch 14  22.11680978536606
2024-05-17 18:12:05,353 - mainlogger - INFO - ********************************************************************************
2024-05-17 18:12:53,884 - mainlogger - INFO - Epoch 15  21.50945618748665
2024-05-17 18:12:53,884 - mainlogger - INFO - ********************************************************************************
2024-05-17 18:13:42,279 - mainlogger - INFO - Epoch 16  21.329192891716957
2024-05-17 18:13:42,280 - mainlogger - INFO - ********************************************************************************
2024-05-17 18:14:30,581 - mainlogger - INFO - Epoch 17  21.674678415060043
2024-05-17 18:14:30,581 - mainlogger - INFO - ********************************************************************************
2024-05-17 18:15:18,670 - mainlogger - INFO - Epoch 18  20.80573457479477
2024-05-17 18:15:18,671 - mainlogger - INFO - ********************************************************************************
2024-05-17 18:16:06,157 - mainlogger - INFO - Epoch 19  20.072349786758423
2024-05-17 18:16:06,157 - mainlogger - INFO - ********************************************************************************
2024-05-17 18:16:54,079 - mainlogger - INFO - Epoch 20  20.226523905992508
2024-05-17 18:16:54,079 - mainlogger - INFO - ********************************************************************************
2024-05-17 18:17:41,986 - mainlogger - INFO - Epoch 21  20.02855685353279
2024-05-17 18:17:41,987 - mainlogger - INFO - train
2024-05-17 18:18:28,757 - mainlogger - INFO - Dice score: 0.7168
2024-05-17 18:18:28,757 - mainlogger - INFO - Accuracy: 0.9244
2024-05-17 18:18:28,757 - mainlogger - INFO - test
2024-05-17 18:18:44,336 - mainlogger - INFO - Dice score: 0.6861
2024-05-17 18:18:44,336 - mainlogger - INFO - Accuracy: 0.931
2024-05-17 18:18:44,336 - mainlogger - INFO - ********************************************************************************
2024-05-17 18:19:32,191 - mainlogger - INFO - Epoch 22  19.39100344479084
2024-05-17 18:19:32,191 - mainlogger - INFO - ********************************************************************************
2024-05-17 18:20:20,386 - mainlogger - INFO - Epoch 23  19.329254522919655
2024-05-17 18:20:20,386 - mainlogger - INFO - ********************************************************************************
2024-05-17 18:21:09,355 - mainlogger - INFO - Epoch 24  19.109840482473373
2024-05-17 18:21:09,356 - mainlogger - INFO - ********************************************************************************
2024-05-17 18:21:57,590 - mainlogger - INFO - Epoch 25  18.55515582859516
2024-05-17 18:21:57,591 - mainlogger - INFO - ********************************************************************************
2024-05-17 18:22:45,477 - mainlogger - INFO - Epoch 26  18.384955778717995
2024-05-17 18:22:45,477 - mainlogger - INFO - ********************************************************************************
2024-05-17 18:23:33,574 - mainlogger - INFO - Epoch 27  18.263588562607765
2024-05-17 18:23:33,575 - mainlogger - INFO - ********************************************************************************
2024-05-17 18:24:21,353 - mainlogger - INFO - Epoch 28  18.673582404851913
2024-05-17 18:24:21,354 - mainlogger - INFO - ********************************************************************************
2024-05-17 18:25:09,560 - mainlogger - INFO - Epoch 29  17.82619371265173
2024-05-17 18:25:09,560 - mainlogger - INFO - ********************************************************************************
2024-05-17 18:25:57,985 - mainlogger - INFO - Epoch 30  17.456820242106915
2024-05-17 18:25:57,986 - mainlogger - INFO - ********************************************************************************
2024-05-17 18:26:46,161 - mainlogger - INFO - Epoch 31  17.5526699796319
2024-05-17 18:26:46,161 - mainlogger - INFO - train
2024-05-17 18:27:33,233 - mainlogger - INFO - Dice score: 0.7364
2024-05-17 18:27:33,234 - mainlogger - INFO - Accuracy: 0.9307
2024-05-17 18:27:33,234 - mainlogger - INFO - test
2024-05-17 18:27:49,100 - mainlogger - INFO - Dice score: 0.6624
2024-05-17 18:27:49,100 - mainlogger - INFO - Accuracy: 0.9221
2024-05-17 18:27:49,100 - mainlogger - INFO - ********************************************************************************
2024-05-17 18:28:36,982 - mainlogger - INFO - Epoch 32  16.722801871597767
2024-05-17 18:28:36,983 - mainlogger - INFO - ********************************************************************************
2024-05-17 18:29:24,871 - mainlogger - INFO - Epoch 33  16.93799338489771
2024-05-17 18:29:24,871 - mainlogger - INFO - ********************************************************************************
2024-05-17 18:30:12,977 - mainlogger - INFO - Epoch 34  17.113134741783142
2024-05-17 18:30:12,977 - mainlogger - INFO - ********************************************************************************
2024-05-17 18:31:01,457 - mainlogger - INFO - Epoch 35  16.55648136138916
2024-05-17 18:31:01,457 - mainlogger - INFO - ********************************************************************************
2024-05-17 18:31:49,499 - mainlogger - INFO - Epoch 36  16.190966799855232
2024-05-17 18:31:49,499 - mainlogger - INFO - ********************************************************************************
2024-05-17 18:32:37,557 - mainlogger - INFO - Epoch 37  16.108638614416122
2024-05-17 18:32:37,557 - mainlogger - INFO - ********************************************************************************
2024-05-17 18:33:25,864 - mainlogger - INFO - Epoch 38  15.908310927450657
2024-05-17 18:33:25,865 - mainlogger - INFO - ********************************************************************************
2024-05-17 18:34:14,264 - mainlogger - INFO - Epoch 39  16.162040896713734
2024-05-17 18:34:14,264 - mainlogger - INFO - ********************************************************************************
2024-05-17 18:35:00,659 - mainlogger - INFO - valid
2024-05-17 18:35:16,264 - mainlogger - INFO - Dice score: 0.6901
2024-05-17 18:35:16,264 - mainlogger - INFO - Accuracy: 0.9299
2024-05-17 18:35:16,264 - mainlogger - INFO - Epoch 40  15.246224328875542
2024-05-17 18:35:16,264 - mainlogger - INFO - ********************************************************************************
2024-05-17 18:36:02,192 - mainlogger - INFO - valid
2024-05-17 18:36:17,220 - mainlogger - INFO - Dice score: 0.7325
2024-05-17 18:36:17,220 - mainlogger - INFO - Accuracy: 0.9464
2024-05-17 18:36:17,221 - mainlogger - INFO - Epoch 41  15.320681050419807
2024-05-17 18:36:17,221 - mainlogger - INFO - train
2024-05-17 18:37:02,676 - mainlogger - INFO - Dice score: 0.7873
2024-05-17 18:37:02,677 - mainlogger - INFO - Accuracy: 0.9497
2024-05-17 18:37:02,677 - mainlogger - INFO - test
2024-05-17 18:37:17,479 - mainlogger - INFO - Dice score: 0.6916
2024-05-17 18:37:17,479 - mainlogger - INFO - Accuracy: 0.9407
2024-05-17 18:37:17,479 - mainlogger - INFO - ********************************************************************************
2024-05-17 18:38:04,245 - mainlogger - INFO - valid
2024-05-17 18:38:19,035 - mainlogger - INFO - Dice score: 0.6987
2024-05-17 18:38:19,035 - mainlogger - INFO - Accuracy: 0.9354
2024-05-17 18:38:19,035 - mainlogger - INFO - Epoch 42  14.969222947955132
2024-05-17 18:38:19,035 - mainlogger - INFO - ********************************************************************************
2024-05-17 18:39:05,884 - mainlogger - INFO - valid
2024-05-17 18:39:20,933 - mainlogger - INFO - Dice score: 0.7007
2024-05-17 18:39:20,934 - mainlogger - INFO - Accuracy: 0.9385
2024-05-17 18:39:20,934 - mainlogger - INFO - Epoch 43  15.214652806520462
2024-05-17 18:39:20,934 - mainlogger - INFO - ********************************************************************************
2024-05-17 18:40:07,480 - mainlogger - INFO - valid
2024-05-17 18:40:22,721 - mainlogger - INFO - Dice score: 0.7143
2024-05-17 18:40:22,721 - mainlogger - INFO - Accuracy: 0.9424
2024-05-17 18:40:22,722 - mainlogger - INFO - Epoch 44  15.255480475723743
2024-05-17 18:40:22,722 - mainlogger - INFO - ********************************************************************************
2024-05-17 18:41:09,573 - mainlogger - INFO - valid
2024-05-17 18:41:24,723 - mainlogger - INFO - Dice score: 0.6775
2024-05-17 18:41:24,723 - mainlogger - INFO - Accuracy: 0.9245
2024-05-17 18:41:24,723 - mainlogger - INFO - 0.0001->8.5e-05
2024-05-17 18:41:24,723 - mainlogger - INFO - Epoch 45  14.438510455191135
2024-05-17 18:41:24,723 - mainlogger - INFO - ********************************************************************************
2024-05-17 18:42:11,250 - mainlogger - INFO - valid
2024-05-17 18:42:26,406 - mainlogger - INFO - Dice score: 0.7102
2024-05-17 18:42:26,407 - mainlogger - INFO - Accuracy: 0.9359
2024-05-17 18:42:26,407 - mainlogger - INFO - Epoch 46  14.153124175965786
2024-05-17 18:42:26,407 - mainlogger - INFO - ********************************************************************************
2024-05-17 18:43:13,563 - mainlogger - INFO - valid
2024-05-17 18:43:29,127 - mainlogger - INFO - Dice score: 0.7292
2024-05-17 18:43:29,128 - mainlogger - INFO - Accuracy: 0.9404
2024-05-17 18:43:29,128 - mainlogger - INFO - Epoch 47  13.767016790807247
2024-05-17 18:43:29,128 - mainlogger - INFO - ********************************************************************************
2024-05-17 18:44:14,592 - mainlogger - INFO - valid
2024-05-17 18:44:29,304 - mainlogger - INFO - Dice score: 0.7269
2024-05-17 18:44:29,305 - mainlogger - INFO - Accuracy: 0.9472
2024-05-17 18:44:29,305 - mainlogger - INFO - Epoch 48  13.649954691529274
2024-05-17 18:44:29,305 - mainlogger - INFO - ********************************************************************************
2024-05-17 18:45:15,671 - mainlogger - INFO - valid
2024-05-17 18:45:30,794 - mainlogger - INFO - Dice score: 0.7368
2024-05-17 18:45:30,794 - mainlogger - INFO - Accuracy: 0.9452
2024-05-17 18:45:30,794 - mainlogger - INFO - Epoch 49  14.02879074960947
2024-05-17 18:45:30,794 - mainlogger - INFO - ********************************************************************************
2024-05-17 18:46:18,488 - mainlogger - INFO - valid
2024-05-17 18:46:34,298 - mainlogger - INFO - Dice score: 0.71
2024-05-17 18:46:34,298 - mainlogger - INFO - Accuracy: 0.9346
2024-05-17 18:46:34,299 - mainlogger - INFO - Epoch 50  13.457215622067451
2024-05-17 18:46:34,299 - mainlogger - INFO - ********************************************************************************
2024-05-17 18:47:22,954 - mainlogger - INFO - valid
2024-05-17 18:47:38,701 - mainlogger - INFO - Dice score: 0.7027
2024-05-17 18:47:38,702 - mainlogger - INFO - Accuracy: 0.9329
2024-05-17 18:47:38,702 - mainlogger - INFO - Epoch 51  13.269320271909237
2024-05-17 18:47:38,702 - mainlogger - INFO - train
2024-05-17 18:48:25,533 - mainlogger - INFO - Dice score: 0.8002
2024-05-17 18:48:25,533 - mainlogger - INFO - Accuracy: 0.9488
2024-05-17 18:48:25,533 - mainlogger - INFO - test
2024-05-17 18:48:41,430 - mainlogger - INFO - Dice score: 0.7275
2024-05-17 18:48:41,430 - mainlogger - INFO - Accuracy: 0.9421
2024-05-17 18:48:41,430 - mainlogger - INFO - ********************************************************************************
2024-05-17 18:49:29,660 - mainlogger - INFO - valid
2024-05-17 18:49:45,410 - mainlogger - INFO - Dice score: 0.6709
2024-05-17 18:49:45,410 - mainlogger - INFO - Accuracy: 0.9254
2024-05-17 18:49:45,410 - mainlogger - INFO - Epoch 52  13.005698032677174
2024-05-17 18:49:45,410 - mainlogger - INFO - ********************************************************************************
2024-05-17 18:50:34,701 - mainlogger - INFO - valid
2024-05-17 18:50:50,715 - mainlogger - INFO - Dice score: 0.7205
2024-05-17 18:50:50,716 - mainlogger - INFO - Accuracy: 0.9419
2024-05-17 18:50:50,716 - mainlogger - INFO - 8.5e-05->7.225000000000001e-05
2024-05-17 18:50:50,716 - mainlogger - INFO - Epoch 53  13.22529911994934
2024-05-17 18:50:50,716 - mainlogger - INFO - ********************************************************************************
2024-05-17 18:51:39,596 - mainlogger - INFO - valid
2024-05-17 18:51:55,419 - mainlogger - INFO - Dice score: 0.7305
2024-05-17 18:51:55,420 - mainlogger - INFO - Accuracy: 0.9431
2024-05-17 18:51:55,420 - mainlogger - INFO - Epoch 54  13.11473460495472
2024-05-17 18:51:55,420 - mainlogger - INFO - ********************************************************************************
2024-05-17 18:52:43,282 - mainlogger - INFO - valid
2024-05-17 18:52:59,500 - mainlogger - INFO - Dice score: 0.7538
2024-05-17 18:52:59,501 - mainlogger - INFO - Accuracy: 0.9496
2024-05-17 18:52:59,501 - mainlogger - INFO - Epoch 55  12.407476462423801
2024-05-17 18:52:59,501 - mainlogger - INFO - ********************************************************************************
2024-05-17 18:53:48,581 - mainlogger - INFO - valid
2024-05-17 18:54:04,607 - mainlogger - INFO - Dice score: 0.7429
2024-05-17 18:54:04,607 - mainlogger - INFO - Accuracy: 0.9468
2024-05-17 18:54:04,608 - mainlogger - INFO - Epoch 56  12.621672004461288
2024-05-17 18:54:04,608 - mainlogger - INFO - ********************************************************************************
2024-05-17 18:54:53,677 - mainlogger - INFO - valid
2024-05-17 18:55:09,594 - mainlogger - INFO - Dice score: 0.7345
2024-05-17 18:55:09,595 - mainlogger - INFO - Accuracy: 0.9461
2024-05-17 18:55:09,595 - mainlogger - INFO - Epoch 57  12.45299844443798
2024-05-17 18:55:09,595 - mainlogger - INFO - ********************************************************************************
2024-05-17 18:55:58,180 - mainlogger - INFO - valid
2024-05-17 18:56:14,301 - mainlogger - INFO - Dice score: 0.7259
2024-05-17 18:56:14,302 - mainlogger - INFO - Accuracy: 0.947
2024-05-17 18:56:14,302 - mainlogger - INFO - Epoch 58  12.694033898413181
2024-05-17 18:56:14,302 - mainlogger - INFO - ********************************************************************************
2024-05-17 18:57:02,984 - mainlogger - INFO - valid
2024-05-17 18:57:19,292 - mainlogger - INFO - Dice score: 0.7173
2024-05-17 18:57:19,293 - mainlogger - INFO - Accuracy: 0.9398
2024-05-17 18:57:19,293 - mainlogger - INFO - 7.225000000000001e-05->6.141250000000001e-05
2024-05-17 18:57:19,293 - mainlogger - INFO - Epoch 59  12.528038442134857
2024-05-17 18:57:19,293 - mainlogger - INFO - ********************************************************************************
2024-05-17 18:58:07,977 - mainlogger - INFO - valid
2024-05-17 18:58:23,849 - mainlogger - INFO - Dice score: 0.7217
2024-05-17 18:58:23,849 - mainlogger - INFO - Accuracy: 0.9424
2024-05-17 18:58:23,849 - mainlogger - INFO - Epoch 60  11.986833676695824
2024-05-17 18:58:23,849 - mainlogger - INFO - ********************************************************************************
2024-05-17 18:59:12,459 - mainlogger - INFO - valid
2024-05-17 18:59:28,837 - mainlogger - INFO - Dice score: 0.7266
2024-05-17 18:59:28,837 - mainlogger - INFO - Accuracy: 0.9411
2024-05-17 18:59:28,837 - mainlogger - INFO - Epoch 61  11.870747290551662
2024-05-17 18:59:28,838 - mainlogger - INFO - train
2024-05-17 19:00:17,551 - mainlogger - INFO - Dice score: 0.8424
2024-05-17 19:00:17,551 - mainlogger - INFO - Accuracy: 0.9603
2024-05-17 19:00:17,551 - mainlogger - INFO - test
2024-05-17 19:00:33,741 - mainlogger - INFO - Dice score: 0.7201
2024-05-17 19:00:33,741 - mainlogger - INFO - Accuracy: 0.9441
2024-05-17 19:00:33,741 - mainlogger - INFO - ********************************************************************************
2024-05-17 19:01:23,066 - mainlogger - INFO - valid
2024-05-17 19:01:39,203 - mainlogger - INFO - Dice score: 0.7312
2024-05-17 19:01:39,204 - mainlogger - INFO - Accuracy: 0.9434
2024-05-17 19:01:39,204 - mainlogger - INFO - Epoch 62  11.626011028885841
2024-05-17 19:01:39,204 - mainlogger - INFO - ********************************************************************************
2024-05-17 19:02:28,323 - mainlogger - INFO - valid
2024-05-17 19:02:44,431 - mainlogger - INFO - Dice score: 0.7231
2024-05-17 19:02:44,432 - mainlogger - INFO - Accuracy: 0.9438
2024-05-17 19:02:44,432 - mainlogger - INFO - 6.141250000000001e-05->5.2200625000000005e-05
2024-05-17 19:02:44,432 - mainlogger - INFO - Epoch 63  11.705689497292042
2024-05-17 19:02:44,432 - mainlogger - INFO - ********************************************************************************
2024-05-17 19:03:33,972 - mainlogger - INFO - valid
2024-05-17 19:03:50,111 - mainlogger - INFO - Dice score: 0.7292
2024-05-17 19:03:50,112 - mainlogger - INFO - Accuracy: 0.9423
2024-05-17 19:03:50,112 - mainlogger - INFO - Epoch 64  11.430708080530167
2024-05-17 19:03:50,112 - mainlogger - INFO - ********************************************************************************
2024-05-17 19:04:39,674 - mainlogger - INFO - valid
2024-05-17 19:04:56,801 - mainlogger - INFO - Dice score: 0.6957
2024-05-17 19:04:56,801 - mainlogger - INFO - Accuracy: 0.9335
2024-05-17 19:04:56,801 - mainlogger - INFO - Epoch 65  11.473849661648273
2024-05-17 19:04:56,801 - mainlogger - INFO - ********************************************************************************
2024-05-17 19:05:46,754 - mainlogger - INFO - valid
2024-05-17 19:06:02,774 - mainlogger - INFO - Dice score: 0.7353
2024-05-17 19:06:02,775 - mainlogger - INFO - Accuracy: 0.946
2024-05-17 19:06:02,775 - mainlogger - INFO - Epoch 66  11.380183771252632
2024-05-17 19:06:02,775 - mainlogger - INFO - ********************************************************************************
2024-05-17 19:06:52,061 - mainlogger - INFO - valid
2024-05-17 19:07:08,437 - mainlogger - INFO - Dice score: 0.7324
2024-05-17 19:07:08,438 - mainlogger - INFO - Accuracy: 0.9428
2024-05-17 19:07:08,438 - mainlogger - INFO - 5.2200625000000005e-05->4.437053125e-05
2024-05-17 19:07:08,438 - mainlogger - INFO - Epoch 67  11.066169925034046
2024-05-17 19:07:08,438 - mainlogger - INFO - ********************************************************************************
2024-05-17 19:07:57,968 - mainlogger - INFO - valid
2024-05-17 19:08:14,219 - mainlogger - INFO - Dice score: 0.7225
2024-05-17 19:08:14,220 - mainlogger - INFO - Accuracy: 0.9417
2024-05-17 19:08:14,220 - mainlogger - INFO - Epoch 68  10.960651449859142
2024-05-17 19:08:14,220 - mainlogger - INFO - ********************************************************************************
2024-05-17 19:09:03,855 - mainlogger - INFO - valid
2024-05-17 19:09:20,109 - mainlogger - INFO - Dice score: 0.7095
2024-05-17 19:09:20,109 - mainlogger - INFO - Accuracy: 0.9417
2024-05-17 19:09:20,109 - mainlogger - INFO - Epoch 69  11.245769754052162
2024-05-17 19:09:20,109 - mainlogger - INFO - ********************************************************************************
2024-05-17 19:10:09,054 - mainlogger - INFO - valid
2024-05-17 19:10:25,206 - mainlogger - INFO - Dice score: 0.7195
2024-05-17 19:10:25,207 - mainlogger - INFO - Accuracy: 0.9413
2024-05-17 19:10:25,207 - mainlogger - INFO - Epoch 70  10.739782109856606
2024-05-17 19:10:25,207 - mainlogger - INFO - ********************************************************************************
2024-05-17 19:11:13,353 - mainlogger - INFO - valid
2024-05-17 19:11:28,666 - mainlogger - INFO - Dice score: 0.7621
2024-05-17 19:11:28,674 - mainlogger - INFO - Accuracy: 0.9537
2024-05-17 19:11:28,674 - mainlogger - INFO - Epoch 71  10.713869363069534
2024-05-17 19:11:28,674 - mainlogger - INFO - train
2024-05-17 19:12:15,536 - mainlogger - INFO - Dice score: 0.8748
2024-05-17 19:12:15,536 - mainlogger - INFO - Accuracy: 0.9695
2024-05-17 19:12:15,536 - mainlogger - INFO - test
2024-05-17 19:12:31,050 - mainlogger - INFO - Dice score: 0.7346
2024-05-17 19:12:31,051 - mainlogger - INFO - Accuracy: 0.9497
2024-05-17 19:12:31,051 - mainlogger - INFO - ********************************************************************************
2024-05-17 19:13:19,289 - mainlogger - INFO - valid
2024-05-17 19:13:34,816 - mainlogger - INFO - Dice score: 0.7428
2024-05-17 19:13:34,816 - mainlogger - INFO - Accuracy: 0.9459
2024-05-17 19:13:34,816 - mainlogger - INFO - Epoch 72  10.39267385005951
2024-05-17 19:13:34,816 - mainlogger - INFO - ********************************************************************************
2024-05-17 19:14:23,012 - mainlogger - INFO - valid
2024-05-17 19:14:38,595 - mainlogger - INFO - Dice score: 0.7201
2024-05-17 19:14:38,595 - mainlogger - INFO - Accuracy: 0.9431
2024-05-17 19:14:38,596 - mainlogger - INFO - Epoch 73  10.715742655098438
2024-05-17 19:14:38,596 - mainlogger - INFO - ********************************************************************************
2024-05-17 19:15:26,780 - mainlogger - INFO - valid
2024-05-17 19:15:42,404 - mainlogger - INFO - Dice score: 0.7345
2024-05-17 19:15:42,405 - mainlogger - INFO - Accuracy: 0.9443
2024-05-17 19:15:42,405 - mainlogger - INFO - Epoch 74  10.571401178836823
2024-05-17 19:15:42,405 - mainlogger - INFO - ********************************************************************************
2024-05-17 19:16:30,376 - mainlogger - INFO - valid
2024-05-17 19:16:45,901 - mainlogger - INFO - Dice score: 0.7063
2024-05-17 19:16:45,901 - mainlogger - INFO - Accuracy: 0.9371
2024-05-17 19:16:45,901 - mainlogger - INFO - 4.437053125e-05->3.77149515625e-05
2024-05-17 19:16:45,901 - mainlogger - INFO - Epoch 75  10.163665421307087
2024-05-17 19:16:45,901 - mainlogger - INFO - ********************************************************************************
2024-05-17 19:17:34,090 - mainlogger - INFO - valid
2024-05-17 19:17:49,376 - mainlogger - INFO - Dice score: 0.7495
2024-05-17 19:17:49,376 - mainlogger - INFO - Accuracy: 0.9492
2024-05-17 19:17:49,377 - mainlogger - INFO - Epoch 76  10.175170622766018
2024-05-17 19:17:49,377 - mainlogger - INFO - ********************************************************************************
2024-05-17 19:18:37,261 - mainlogger - INFO - valid
2024-05-17 19:18:52,817 - mainlogger - INFO - Dice score: 0.737
2024-05-17 19:18:52,818 - mainlogger - INFO - Accuracy: 0.9438
2024-05-17 19:18:52,818 - mainlogger - INFO - Epoch 77  10.078791417181492
2024-05-17 19:18:52,818 - mainlogger - INFO - ********************************************************************************
2024-05-17 19:19:40,982 - mainlogger - INFO - valid
2024-05-17 19:19:56,719 - mainlogger - INFO - Dice score: 0.745
2024-05-17 19:19:56,719 - mainlogger - INFO - Accuracy: 0.9474
2024-05-17 19:19:56,719 - mainlogger - INFO - Epoch 78  10.027816042304039
2024-05-17 19:19:56,719 - mainlogger - INFO - ********************************************************************************
2024-05-17 19:20:44,994 - mainlogger - INFO - valid
2024-05-17 19:21:00,313 - mainlogger - INFO - Dice score: 0.755
2024-05-17 19:21:00,313 - mainlogger - INFO - Accuracy: 0.9503
2024-05-17 19:21:00,313 - mainlogger - INFO - 3.77149515625e-05->3.2057708828124995e-05
2024-05-17 19:21:00,313 - mainlogger - INFO - Epoch 79  9.968056917190552
2024-05-17 19:21:00,313 - mainlogger - INFO - ********************************************************************************
2024-05-17 19:21:47,981 - mainlogger - INFO - valid
2024-05-17 19:22:03,427 - mainlogger - INFO - Dice score: 0.7629
2024-05-17 19:22:03,427 - mainlogger - INFO - Accuracy: 0.952
2024-05-17 19:22:03,427 - mainlogger - INFO - Epoch 80  9.90908119827509
2024-05-17 19:22:03,427 - mainlogger - INFO - ********************************************************************************
2024-05-17 19:22:52,403 - mainlogger - INFO - valid
2024-05-17 19:23:08,846 - mainlogger - INFO - Dice score: 0.7706
2024-05-17 19:23:08,847 - mainlogger - INFO - Accuracy: 0.9545
2024-05-17 19:23:08,847 - mainlogger - INFO - Epoch 81  9.417743928730488
2024-05-17 19:23:08,847 - mainlogger - INFO - train
2024-05-17 19:23:58,259 - mainlogger - INFO - Dice score: 0.8841
2024-05-17 19:23:58,260 - mainlogger - INFO - Accuracy: 0.9724
2024-05-17 19:23:58,260 - mainlogger - INFO - test
2024-05-17 19:24:14,327 - mainlogger - INFO - Dice score: 0.7436
2024-05-17 19:24:14,328 - mainlogger - INFO - Accuracy: 0.9512
2024-05-17 19:24:14,328 - mainlogger - INFO - ********************************************************************************
2024-05-17 19:25:04,192 - mainlogger - INFO - valid
2024-05-17 19:25:20,417 - mainlogger - INFO - Dice score: 0.7429
2024-05-17 19:25:20,417 - mainlogger - INFO - Accuracy: 0.9455
2024-05-17 19:25:20,418 - mainlogger - INFO - Epoch 82  9.564529459923506
2024-05-17 19:25:20,418 - mainlogger - INFO - ********************************************************************************
2024-05-17 19:26:10,285 - mainlogger - INFO - valid
2024-05-17 19:26:26,629 - mainlogger - INFO - Dice score: 0.7436
2024-05-17 19:26:26,630 - mainlogger - INFO - Accuracy: 0.9471
2024-05-17 19:26:26,630 - mainlogger - INFO - Epoch 83  9.688806883990765
2024-05-17 19:26:26,630 - mainlogger - INFO - ********************************************************************************
2024-05-17 19:27:15,879 - mainlogger - INFO - valid
2024-05-17 19:27:31,844 - mainlogger - INFO - Dice score: 0.7589
2024-05-17 19:27:31,845 - mainlogger - INFO - Accuracy: 0.9509
2024-05-17 19:27:31,845 - mainlogger - INFO - Epoch 84  9.697461176663637
2024-05-17 19:27:31,845 - mainlogger - INFO - ********************************************************************************
2024-05-17 19:28:20,558 - mainlogger - INFO - valid
2024-05-17 19:28:36,422 - mainlogger - INFO - Dice score: 0.7356
2024-05-17 19:28:36,422 - mainlogger - INFO - Accuracy: 0.9429
2024-05-17 19:28:36,423 - mainlogger - INFO - 3.2057708828124995e-05->2.7249052503906245e-05
2024-05-17 19:28:36,423 - mainlogger - INFO - Epoch 85  9.353932246565819
2024-05-17 19:28:36,423 - mainlogger - INFO - ********************************************************************************
2024-05-17 19:29:26,386 - mainlogger - INFO - valid
2024-05-17 19:29:42,705 - mainlogger - INFO - Dice score: 0.7425
2024-05-17 19:29:42,705 - mainlogger - INFO - Accuracy: 0.9454
2024-05-17 19:29:42,705 - mainlogger - INFO - Epoch 86  9.303157802671194
2024-05-17 19:29:42,706 - mainlogger - INFO - ********************************************************************************
2024-05-17 19:30:31,780 - mainlogger - INFO - valid
2024-05-17 19:30:47,988 - mainlogger - INFO - Dice score: 0.7487
2024-05-17 19:30:47,989 - mainlogger - INFO - Accuracy: 0.9483
2024-05-17 19:30:47,989 - mainlogger - INFO - Epoch 87  9.30947170034051
2024-05-17 19:30:47,989 - mainlogger - INFO - ********************************************************************************
2024-05-17 19:31:36,894 - mainlogger - INFO - valid
2024-05-17 19:31:53,103 - mainlogger - INFO - Dice score: 0.748
2024-05-17 19:31:53,103 - mainlogger - INFO - Accuracy: 0.9477
2024-05-17 19:31:53,103 - mainlogger - INFO - Epoch 88  9.055393598973751
2024-05-17 19:31:53,103 - mainlogger - INFO - ********************************************************************************
2024-05-17 19:32:41,566 - mainlogger - INFO - valid
2024-05-17 19:32:57,629 - mainlogger - INFO - Dice score: 0.7307
2024-05-17 19:32:57,629 - mainlogger - INFO - Accuracy: 0.9434
2024-05-17 19:32:57,629 - mainlogger - INFO - 2.7249052503906245e-05->2.3161694628320308e-05
2024-05-17 19:32:57,630 - mainlogger - INFO - Epoch 89  8.904628995805979
2024-05-17 19:32:57,630 - mainlogger - INFO - ********************************************************************************
2024-05-17 19:33:46,623 - mainlogger - INFO - valid
2024-05-17 19:34:02,432 - mainlogger - INFO - Dice score: 0.7332
2024-05-17 19:34:02,432 - mainlogger - INFO - Accuracy: 0.9442
2024-05-17 19:34:02,432 - mainlogger - INFO - Epoch 90  9.284973554313183
2024-05-17 19:34:02,432 - mainlogger - INFO - ********************************************************************************
2024-05-17 19:34:50,457 - mainlogger - INFO - valid
2024-05-17 19:35:06,310 - mainlogger - INFO - Dice score: 0.7477
2024-05-17 19:35:06,310 - mainlogger - INFO - Accuracy: 0.9488
2024-05-17 19:35:06,310 - mainlogger - INFO - Epoch 91  9.133758056908846
2024-05-17 19:35:06,310 - mainlogger - INFO - train
2024-05-17 19:35:55,285 - mainlogger - INFO - Dice score: 0.9055
2024-05-17 19:35:55,285 - mainlogger - INFO - Accuracy: 0.9765
2024-05-17 19:35:55,285 - mainlogger - INFO - test
2024-05-17 19:36:11,428 - mainlogger - INFO - Dice score: 0.7531
2024-05-17 19:36:11,429 - mainlogger - INFO - Accuracy: 0.9522
2024-05-17 19:36:11,429 - mainlogger - INFO - ********************************************************************************
2024-05-17 19:37:00,151 - mainlogger - INFO - valid
2024-05-17 19:37:15,813 - mainlogger - INFO - Dice score: 0.7464
2024-05-17 19:37:15,814 - mainlogger - INFO - Accuracy: 0.9497
2024-05-17 19:37:15,814 - mainlogger - INFO - Epoch 92  8.941725641489029
2024-05-17 19:37:15,814 - mainlogger - INFO - ********************************************************************************
2024-05-17 19:38:04,946 - mainlogger - INFO - valid
2024-05-17 19:38:20,994 - mainlogger - INFO - Dice score: 0.7504
2024-05-17 19:38:20,994 - mainlogger - INFO - Accuracy: 0.9488
2024-05-17 19:38:20,994 - mainlogger - INFO - 2.3161694628320308e-05->1.9687440434072263e-05
2024-05-17 19:38:20,994 - mainlogger - INFO - Epoch 93  8.907038737088442
2024-05-17 19:38:20,994 - mainlogger - INFO - ********************************************************************************
2024-05-17 19:39:09,782 - mainlogger - INFO - valid
2024-05-17 19:39:26,411 - mainlogger - INFO - Dice score: 0.7546
2024-05-17 19:39:26,411 - mainlogger - INFO - Accuracy: 0.9498
2024-05-17 19:39:26,412 - mainlogger - INFO - Epoch 94  8.89477425813675
2024-05-17 19:39:26,412 - mainlogger - INFO - ********************************************************************************
2024-05-17 19:40:15,283 - mainlogger - INFO - valid
2024-05-17 19:40:31,006 - mainlogger - INFO - Dice score: 0.7535
2024-05-17 19:40:31,006 - mainlogger - INFO - Accuracy: 0.9493
2024-05-17 19:40:31,007 - mainlogger - INFO - Epoch 95  8.540192820131779
2024-05-17 19:40:31,007 - mainlogger - INFO - ********************************************************************************
2024-05-17 19:41:20,078 - mainlogger - INFO - valid
2024-05-17 19:41:35,923 - mainlogger - INFO - Dice score: 0.7605
2024-05-17 19:41:35,923 - mainlogger - INFO - Accuracy: 0.9522
2024-05-17 19:41:35,924 - mainlogger - INFO - Epoch 96  8.671385634690523
2024-05-17 19:41:35,924 - mainlogger - INFO - ********************************************************************************
2024-05-17 19:42:23,867 - mainlogger - INFO - valid
2024-05-17 19:42:39,693 - mainlogger - INFO - Dice score: 0.7554
2024-05-17 19:42:39,693 - mainlogger - INFO - Accuracy: 0.9509
2024-05-17 19:42:39,693 - mainlogger - INFO - 1.9687440434072263e-05->1.673432436896142e-05
2024-05-17 19:42:39,693 - mainlogger - INFO - Epoch 97  8.776062622666359
2024-05-17 19:42:39,693 - mainlogger - INFO - ********************************************************************************
2024-05-17 19:43:27,959 - mainlogger - INFO - valid
2024-05-17 19:43:44,094 - mainlogger - INFO - Dice score: 0.7534
2024-05-17 19:43:44,095 - mainlogger - INFO - Accuracy: 0.9502
2024-05-17 19:43:44,095 - mainlogger - INFO - Epoch 98  8.732373762875795
2024-05-17 19:43:44,095 - mainlogger - INFO - ********************************************************************************
2024-05-17 19:44:32,252 - mainlogger - INFO - valid
2024-05-17 19:44:47,694 - mainlogger - INFO - Dice score: 0.7568
2024-05-17 19:44:47,694 - mainlogger - INFO - Accuracy: 0.9514
2024-05-17 19:44:47,694 - mainlogger - INFO - Epoch 99  8.507894676178694
2024-05-17 19:44:47,694 - mainlogger - INFO - train
2024-05-17 19:45:36,376 - mainlogger - INFO - Dice score: 0.9052
2024-05-17 19:45:36,376 - mainlogger - INFO - Accuracy: 0.9773
2024-05-17 19:45:36,376 - mainlogger - INFO - test
2024-05-17 19:45:53,636 - mainlogger - INFO - Dice score: 0.7494
2024-05-17 19:45:53,636 - mainlogger - INFO - Accuracy: 0.9526
2024-05-17 19:45:53,640 - mainlogger - INFO - ********************************************************************************
2024-05-17 19:45:53,640 - mainlogger - INFO - (95, 99)
2024-05-17 19:45:53,640 - mainlogger - INFO - 0.7559219946114214
