2024-05-17 20:23:08,555 - mainlogger - INFO - 33652
2024-05-17 20:23:08,555 - mainlogger - INFO - <class '__main__.Supervised'>
2024-05-17 20:23:08,555 - mainlogger - INFO - full/skunet.yaml
2024-05-17 20:23:08,555 - mainlogger - INFO - {'desc': 'attention-unet', 'batch_size': 8, 'epochs': 100, 'init': True, 'root_dir': '/Dataset_BUSI', 'model': {'name': 'unet.skunet.SKUNet', 'args': {'channels': [32, 64, 128, 256, 512, 512]}}, 'trainset': {'name': 'datasetBUSI.mask_busi_single.MaskBUSISingle', 'args': {'root_dir': '/Dataset_BUSI', 'image_names_path': 'labeled_all.txt', 'mode': 'train'}}, 'testset': {'name': 'datasetBUSI.mask_busi_single.MaskBUSISingle', 'args': {'root_dir': '/Dataset_BUSI', 'image_names_path': 'test.txt', 'mode': 'test'}}, 'validset': {'name': 'datasetBUSI.mask_busi_single.MaskBUSISingle', 'args': {'root_dir': '/Dataset_BUSI', 'image_names_path': 'val.txt', 'mode': 'test'}}, 'criterion': {'name': 'spgutils.focalloss.BinaryFocalLoss', 'args': {'gamma': 1}}, 'optimizer': {'name': 'torch.optim.Adam', 'args': {'lr': 0.0001}}, 'scheduler': {'name': 'torch.optim.lr_scheduler.ReduceLROnPlateau', 'args': {'mode': 'max', 'factor': 0.85, 'patience': 3}}}
2024-05-17 20:23:08,556 - mainlogger - INFO - 36.71194553375244
2024-05-17 20:23:08,559 - mainlogger - INFO - init with relu
2024-05-17 20:23:34,077 - mainlogger - INFO - Epoch 0  34.502500131726265
2024-05-17 20:23:34,078 - mainlogger - INFO - ********************************************************************************
2024-05-17 20:23:57,417 - mainlogger - INFO - Epoch 1  11.45529380440712
2024-05-17 20:23:57,417 - mainlogger - INFO - train
2024-05-17 20:24:16,436 - mainlogger - INFO - Dice score: 0.2908
2024-05-17 20:24:16,436 - mainlogger - INFO - Accuracy: 0.8551
2024-05-17 20:24:16,436 - mainlogger - INFO - test
2024-05-17 20:24:23,227 - mainlogger - INFO - Dice score: 0.2556
2024-05-17 20:24:23,227 - mainlogger - INFO - Accuracy: 0.8592
2024-05-17 20:24:23,227 - mainlogger - INFO - ********************************************************************************
2024-05-17 20:24:46,622 - mainlogger - INFO - Epoch 2  9.526238024234772
2024-05-17 20:24:46,623 - mainlogger - INFO - ********************************************************************************
2024-05-17 20:25:10,034 - mainlogger - INFO - Epoch 3  8.565067484974861
2024-05-17 20:25:10,035 - mainlogger - INFO - ********************************************************************************
2024-05-17 20:25:33,462 - mainlogger - INFO - Epoch 4  8.43972298502922
2024-05-17 20:25:33,462 - mainlogger - INFO - ********************************************************************************
2024-05-17 20:25:57,228 - mainlogger - INFO - Epoch 5  7.75041127204895
2024-05-17 20:25:57,229 - mainlogger - INFO - ********************************************************************************
2024-05-17 20:26:20,516 - mainlogger - INFO - Epoch 6  7.613956302404404
2024-05-17 20:26:20,516 - mainlogger - INFO - ********************************************************************************
2024-05-17 20:26:43,920 - mainlogger - INFO - Epoch 7  7.272429883480072
2024-05-17 20:26:43,920 - mainlogger - INFO - ********************************************************************************
2024-05-17 20:27:07,861 - mainlogger - INFO - Epoch 8  7.211091049015522
2024-05-17 20:27:07,861 - mainlogger - INFO - ********************************************************************************
2024-05-17 20:27:31,633 - mainlogger - INFO - Epoch 9  6.6267813593149185
2024-05-17 20:27:31,634 - mainlogger - INFO - ********************************************************************************
2024-05-17 20:27:55,310 - mainlogger - INFO - Epoch 10  6.4468182399868965
2024-05-17 20:27:55,311 - mainlogger - INFO - ********************************************************************************
2024-05-17 20:28:18,804 - mainlogger - INFO - Epoch 11  6.33278925716877
2024-05-17 20:28:18,804 - mainlogger - INFO - train
2024-05-17 20:28:37,087 - mainlogger - INFO - Dice score: 0.5543
2024-05-17 20:28:37,087 - mainlogger - INFO - Accuracy: 0.9017
2024-05-17 20:28:37,087 - mainlogger - INFO - test
2024-05-17 20:28:43,180 - mainlogger - INFO - Dice score: 0.4902
2024-05-17 20:28:43,180 - mainlogger - INFO - Accuracy: 0.9107
2024-05-17 20:28:43,180 - mainlogger - INFO - ********************************************************************************
2024-05-17 20:29:06,442 - mainlogger - INFO - Epoch 12  6.216296814382076
2024-05-17 20:29:06,443 - mainlogger - INFO - ********************************************************************************
2024-05-17 20:29:30,106 - mainlogger - INFO - Epoch 13  6.01527976244688
2024-05-17 20:29:30,107 - mainlogger - INFO - ********************************************************************************
2024-05-17 20:29:53,730 - mainlogger - INFO - Epoch 14  5.5427553951740265
2024-05-17 20:29:53,731 - mainlogger - INFO - ********************************************************************************
2024-05-17 20:30:17,325 - mainlogger - INFO - Epoch 15  5.463077045977116
2024-05-17 20:30:17,326 - mainlogger - INFO - ********************************************************************************
2024-05-17 20:30:40,836 - mainlogger - INFO - Epoch 16  5.506656792014837
2024-05-17 20:30:40,836 - mainlogger - INFO - ********************************************************************************
2024-05-17 20:31:04,109 - mainlogger - INFO - Epoch 17  5.265493009239435
2024-05-17 20:31:04,109 - mainlogger - INFO - ********************************************************************************
2024-05-17 20:31:27,730 - mainlogger - INFO - Epoch 18  5.519421208649874
2024-05-17 20:31:27,731 - mainlogger - INFO - ********************************************************************************
2024-05-17 20:31:51,435 - mainlogger - INFO - Epoch 19  5.2228169701993465
2024-05-17 20:31:51,436 - mainlogger - INFO - ********************************************************************************
2024-05-17 20:32:14,932 - mainlogger - INFO - Epoch 20  5.429580770432949
2024-05-17 20:32:14,932 - mainlogger - INFO - ********************************************************************************
2024-05-17 20:32:38,430 - mainlogger - INFO - Epoch 21  5.1791849583387375
2024-05-17 20:32:38,430 - mainlogger - INFO - train
2024-05-17 20:32:56,927 - mainlogger - INFO - Dice score: 0.5867
2024-05-17 20:32:56,927 - mainlogger - INFO - Accuracy: 0.8917
2024-05-17 20:32:56,927 - mainlogger - INFO - test
2024-05-17 20:33:03,175 - mainlogger - INFO - Dice score: 0.4429
2024-05-17 20:33:03,176 - mainlogger - INFO - Accuracy: 0.852
2024-05-17 20:33:03,176 - mainlogger - INFO - ********************************************************************************
2024-05-17 20:33:26,825 - mainlogger - INFO - Epoch 22  4.985571477562189
2024-05-17 20:33:26,825 - mainlogger - INFO - ********************************************************************************
2024-05-17 20:33:50,620 - mainlogger - INFO - Epoch 23  4.990757312625647
2024-05-17 20:33:50,620 - mainlogger - INFO - ********************************************************************************
2024-05-17 20:34:14,136 - mainlogger - INFO - Epoch 24  4.827518921345472
2024-05-17 20:34:14,136 - mainlogger - INFO - ********************************************************************************
2024-05-17 20:34:37,841 - mainlogger - INFO - Epoch 25  4.5807493552565575
2024-05-17 20:34:37,842 - mainlogger - INFO - ********************************************************************************
2024-05-17 20:35:01,612 - mainlogger - INFO - Epoch 26  5.065298687666655
2024-05-17 20:35:01,613 - mainlogger - INFO - ********************************************************************************
2024-05-17 20:35:25,235 - mainlogger - INFO - Epoch 27  4.871344964951277
2024-05-17 20:35:25,236 - mainlogger - INFO - ********************************************************************************
2024-05-17 20:35:48,856 - mainlogger - INFO - Epoch 28  4.805606711655855
2024-05-17 20:35:48,857 - mainlogger - INFO - ********************************************************************************
2024-05-17 20:36:12,412 - mainlogger - INFO - Epoch 29  4.9867267943918705
2024-05-17 20:36:12,412 - mainlogger - INFO - ********************************************************************************
2024-05-17 20:36:36,324 - mainlogger - INFO - Epoch 30  4.45584212616086
2024-05-17 20:36:36,325 - mainlogger - INFO - ********************************************************************************
2024-05-17 20:37:00,222 - mainlogger - INFO - Epoch 31  4.48829448595643
2024-05-17 20:37:00,222 - mainlogger - INFO - train
2024-05-17 20:37:18,554 - mainlogger - INFO - Dice score: 0.7124
2024-05-17 20:37:18,554 - mainlogger - INFO - Accuracy: 0.9292
2024-05-17 20:37:18,554 - mainlogger - INFO - test
2024-05-17 20:37:25,013 - mainlogger - INFO - Dice score: 0.5731
2024-05-17 20:37:25,014 - mainlogger - INFO - Accuracy: 0.9071
2024-05-17 20:37:25,014 - mainlogger - INFO - ********************************************************************************
2024-05-17 20:37:49,031 - mainlogger - INFO - Epoch 32  4.058934569358826
2024-05-17 20:37:49,031 - mainlogger - INFO - ********************************************************************************
2024-05-17 20:38:13,139 - mainlogger - INFO - Epoch 33  4.194599594920874
2024-05-17 20:38:13,139 - mainlogger - INFO - ********************************************************************************
2024-05-17 20:38:36,715 - mainlogger - INFO - Epoch 34  4.208918262273073
2024-05-17 20:38:36,716 - mainlogger - INFO - ********************************************************************************
2024-05-17 20:39:00,544 - mainlogger - INFO - Epoch 35  3.964642833918333
2024-05-17 20:39:00,545 - mainlogger - INFO - ********************************************************************************
2024-05-17 20:39:24,113 - mainlogger - INFO - Epoch 36  4.047563850879669
2024-05-17 20:39:24,113 - mainlogger - INFO - ********************************************************************************
2024-05-17 20:39:47,713 - mainlogger - INFO - Epoch 37  4.049451123923063
2024-05-17 20:39:47,713 - mainlogger - INFO - ********************************************************************************
2024-05-17 20:40:11,633 - mainlogger - INFO - Epoch 38  3.867497146129608
2024-05-17 20:40:11,633 - mainlogger - INFO - ********************************************************************************
2024-05-17 20:40:35,133 - mainlogger - INFO - Epoch 39  4.305276673287153
2024-05-17 20:40:35,134 - mainlogger - INFO - ********************************************************************************
2024-05-17 20:40:59,203 - mainlogger - INFO - valid
2024-05-17 20:41:05,606 - mainlogger - INFO - Dice score: 0.5124
2024-05-17 20:41:05,606 - mainlogger - INFO - Accuracy: 0.8678
2024-05-17 20:41:05,606 - mainlogger - INFO - Epoch 40  4.063567757606506
2024-05-17 20:41:05,606 - mainlogger - INFO - ********************************************************************************
2024-05-17 20:41:29,122 - mainlogger - INFO - valid
2024-05-17 20:41:35,172 - mainlogger - INFO - Dice score: 0.5568
2024-05-17 20:41:35,173 - mainlogger - INFO - Accuracy: 0.8936
2024-05-17 20:41:35,173 - mainlogger - INFO - Epoch 41  4.110223859548569
2024-05-17 20:41:35,173 - mainlogger - INFO - train
2024-05-17 20:41:53,446 - mainlogger - INFO - Dice score: 0.6681
2024-05-17 20:41:53,447 - mainlogger - INFO - Accuracy: 0.9142
2024-05-17 20:41:53,447 - mainlogger - INFO - test
2024-05-17 20:41:59,579 - mainlogger - INFO - Dice score: 0.4966
2024-05-17 20:41:59,579 - mainlogger - INFO - Accuracy: 0.8739
2024-05-17 20:41:59,579 - mainlogger - INFO - ********************************************************************************
2024-05-17 20:42:23,619 - mainlogger - INFO - valid
2024-05-17 20:42:29,742 - mainlogger - INFO - Dice score: 0.4506
2024-05-17 20:42:29,742 - mainlogger - INFO - Accuracy: 0.8786
2024-05-17 20:42:29,743 - mainlogger - INFO - Epoch 42  4.281800866127014
2024-05-17 20:42:29,743 - mainlogger - INFO - ********************************************************************************
2024-05-17 20:42:53,318 - mainlogger - INFO - valid
2024-05-17 20:42:59,447 - mainlogger - INFO - Dice score: 0.5836
2024-05-17 20:42:59,448 - mainlogger - INFO - Accuracy: 0.9043
2024-05-17 20:42:59,448 - mainlogger - INFO - Epoch 43  5.129498049616814
2024-05-17 20:42:59,448 - mainlogger - INFO - ********************************************************************************
2024-05-17 20:43:23,117 - mainlogger - INFO - valid
2024-05-17 20:43:29,139 - mainlogger - INFO - Dice score: 0.6024
2024-05-17 20:43:29,139 - mainlogger - INFO - Accuracy: 0.9071
2024-05-17 20:43:29,139 - mainlogger - INFO - Epoch 44  4.4829211458563805
2024-05-17 20:43:29,139 - mainlogger - INFO - ********************************************************************************
2024-05-17 20:43:52,713 - mainlogger - INFO - valid
2024-05-17 20:43:58,838 - mainlogger - INFO - Dice score: 0.5988
2024-05-17 20:43:58,838 - mainlogger - INFO - Accuracy: 0.9067
2024-05-17 20:43:58,838 - mainlogger - INFO - Epoch 45  4.495919473469257
2024-05-17 20:43:58,838 - mainlogger - INFO - ********************************************************************************
2024-05-17 20:44:22,344 - mainlogger - INFO - valid
2024-05-17 20:44:28,583 - mainlogger - INFO - Dice score: 0.6469
2024-05-17 20:44:28,583 - mainlogger - INFO - Accuracy: 0.9213
2024-05-17 20:44:28,583 - mainlogger - INFO - Epoch 46  4.178369514644146
2024-05-17 20:44:28,583 - mainlogger - INFO - ********************************************************************************
2024-05-17 20:44:52,952 - mainlogger - INFO - valid
2024-05-17 20:44:59,157 - mainlogger - INFO - Dice score: 0.6182
2024-05-17 20:44:59,157 - mainlogger - INFO - Accuracy: 0.914
2024-05-17 20:44:59,157 - mainlogger - INFO - Epoch 47  4.069729205220938
2024-05-17 20:44:59,157 - mainlogger - INFO - ********************************************************************************
2024-05-17 20:45:22,917 - mainlogger - INFO - valid
2024-05-17 20:45:28,929 - mainlogger - INFO - Dice score: 0.5759
2024-05-17 20:45:28,930 - mainlogger - INFO - Accuracy: 0.9109
2024-05-17 20:45:28,930 - mainlogger - INFO - Epoch 48  3.915155626833439
2024-05-17 20:45:28,930 - mainlogger - INFO - ********************************************************************************
2024-05-17 20:45:52,720 - mainlogger - INFO - valid
2024-05-17 20:45:59,083 - mainlogger - INFO - Dice score: 0.5956
2024-05-17 20:45:59,083 - mainlogger - INFO - Accuracy: 0.8989
2024-05-17 20:45:59,083 - mainlogger - INFO - Epoch 49  3.906092446297407
2024-05-17 20:45:59,083 - mainlogger - INFO - ********************************************************************************
2024-05-17 20:46:23,144 - mainlogger - INFO - valid
2024-05-17 20:46:29,323 - mainlogger - INFO - Dice score: 0.6014
2024-05-17 20:46:29,324 - mainlogger - INFO - Accuracy: 0.9109
2024-05-17 20:46:29,324 - mainlogger - INFO - 0.0001->8.5e-05
2024-05-17 20:46:29,324 - mainlogger - INFO - Epoch 50  3.9360735416412354
2024-05-17 20:46:29,324 - mainlogger - INFO - ********************************************************************************
2024-05-17 20:46:53,351 - mainlogger - INFO - valid
2024-05-17 20:46:59,413 - mainlogger - INFO - Dice score: 0.6107
2024-05-17 20:46:59,413 - mainlogger - INFO - Accuracy: 0.9108
2024-05-17 20:46:59,413 - mainlogger - INFO - Epoch 51  3.689832938835025
2024-05-17 20:46:59,413 - mainlogger - INFO - train
2024-05-17 20:47:18,053 - mainlogger - INFO - Dice score: 0.7092
2024-05-17 20:47:18,053 - mainlogger - INFO - Accuracy: 0.9258
2024-05-17 20:47:18,053 - mainlogger - INFO - test
2024-05-17 20:47:24,241 - mainlogger - INFO - Dice score: 0.5969
2024-05-17 20:47:24,241 - mainlogger - INFO - Accuracy: 0.9089
2024-05-17 20:47:24,241 - mainlogger - INFO - ********************************************************************************
2024-05-17 20:47:48,425 - mainlogger - INFO - valid
2024-05-17 20:47:54,720 - mainlogger - INFO - Dice score: 0.5922
2024-05-17 20:47:54,720 - mainlogger - INFO - Accuracy: 0.8991
2024-05-17 20:47:54,720 - mainlogger - INFO - Epoch 52  3.4237551614642143
2024-05-17 20:47:54,720 - mainlogger - INFO - ********************************************************************************
2024-05-17 20:48:18,589 - mainlogger - INFO - valid
2024-05-17 20:48:24,738 - mainlogger - INFO - Dice score: 0.5956
2024-05-17 20:48:24,739 - mainlogger - INFO - Accuracy: 0.9095
2024-05-17 20:48:24,739 - mainlogger - INFO - Epoch 53  3.381560869514942
2024-05-17 20:48:24,739 - mainlogger - INFO - ********************************************************************************
2024-05-17 20:48:48,501 - mainlogger - INFO - valid
2024-05-17 20:48:54,717 - mainlogger - INFO - Dice score: 0.6088
2024-05-17 20:48:54,717 - mainlogger - INFO - Accuracy: 0.91
2024-05-17 20:48:54,717 - mainlogger - INFO - 8.5e-05->7.225000000000001e-05
2024-05-17 20:48:54,717 - mainlogger - INFO - Epoch 54  3.394150748848915
2024-05-17 20:48:54,718 - mainlogger - INFO - ********************************************************************************
2024-05-17 20:49:18,632 - mainlogger - INFO - valid
2024-05-17 20:49:24,684 - mainlogger - INFO - Dice score: 0.5994
2024-05-17 20:49:24,684 - mainlogger - INFO - Accuracy: 0.9037
2024-05-17 20:49:24,684 - mainlogger - INFO - Epoch 55  3.3648137133568525
2024-05-17 20:49:24,684 - mainlogger - INFO - ********************************************************************************
2024-05-17 20:49:48,626 - mainlogger - INFO - valid
2024-05-17 20:49:54,933 - mainlogger - INFO - Dice score: 0.64
2024-05-17 20:49:54,934 - mainlogger - INFO - Accuracy: 0.9217
2024-05-17 20:49:54,934 - mainlogger - INFO - Epoch 56  3.2658155001699924
2024-05-17 20:49:54,934 - mainlogger - INFO - ********************************************************************************
2024-05-17 20:50:18,720 - mainlogger - INFO - valid
2024-05-17 20:50:24,985 - mainlogger - INFO - Dice score: 0.6171
2024-05-17 20:50:24,985 - mainlogger - INFO - Accuracy: 0.9098
2024-05-17 20:50:24,985 - mainlogger - INFO - Epoch 57  3.257949896156788
2024-05-17 20:50:24,985 - mainlogger - INFO - ********************************************************************************
2024-05-17 20:50:48,749 - mainlogger - INFO - valid
2024-05-17 20:50:54,960 - mainlogger - INFO - Dice score: 0.582
2024-05-17 20:50:54,961 - mainlogger - INFO - Accuracy: 0.895
2024-05-17 20:50:54,961 - mainlogger - INFO - 7.225000000000001e-05->6.141250000000001e-05
2024-05-17 20:50:54,961 - mainlogger - INFO - Epoch 58  2.8764942828565836
2024-05-17 20:50:54,961 - mainlogger - INFO - ********************************************************************************
2024-05-17 20:51:18,712 - mainlogger - INFO - valid
2024-05-17 20:51:24,837 - mainlogger - INFO - Dice score: 0.598
2024-05-17 20:51:24,837 - mainlogger - INFO - Accuracy: 0.8954
2024-05-17 20:51:24,837 - mainlogger - INFO - Epoch 59  3.025491386651993
2024-05-17 20:51:24,837 - mainlogger - INFO - ********************************************************************************
2024-05-17 20:51:48,325 - mainlogger - INFO - valid
2024-05-17 20:51:54,506 - mainlogger - INFO - Dice score: 0.5904
2024-05-17 20:51:54,507 - mainlogger - INFO - Accuracy: 0.9003
2024-05-17 20:51:54,507 - mainlogger - INFO - Epoch 60  3.108888803049922
2024-05-17 20:51:54,507 - mainlogger - INFO - ********************************************************************************
2024-05-17 20:52:18,533 - mainlogger - INFO - valid
2024-05-17 20:52:24,739 - mainlogger - INFO - Dice score: 0.5975
2024-05-17 20:52:24,740 - mainlogger - INFO - Accuracy: 0.9091
2024-05-17 20:52:24,740 - mainlogger - INFO - Epoch 61  3.338319543749094
2024-05-17 20:52:24,740 - mainlogger - INFO - train
2024-05-17 20:52:42,987 - mainlogger - INFO - Dice score: 0.7344
2024-05-17 20:52:42,987 - mainlogger - INFO - Accuracy: 0.9316
2024-05-17 20:52:42,987 - mainlogger - INFO - test
2024-05-17 20:52:49,211 - mainlogger - INFO - Dice score: 0.5629
2024-05-17 20:52:49,211 - mainlogger - INFO - Accuracy: 0.9005
2024-05-17 20:52:49,211 - mainlogger - INFO - ********************************************************************************
2024-05-17 20:53:12,726 - mainlogger - INFO - valid
2024-05-17 20:53:18,868 - mainlogger - INFO - Dice score: 0.5753
2024-05-17 20:53:18,868 - mainlogger - INFO - Accuracy: 0.9013
2024-05-17 20:53:18,868 - mainlogger - INFO - 6.141250000000001e-05->5.2200625000000005e-05
2024-05-17 20:53:18,868 - mainlogger - INFO - Epoch 62  2.8748238682746887
2024-05-17 20:53:18,868 - mainlogger - INFO - ********************************************************************************
2024-05-17 20:53:42,514 - mainlogger - INFO - valid
2024-05-17 20:53:48,634 - mainlogger - INFO - Dice score: 0.6534
2024-05-17 20:53:48,634 - mainlogger - INFO - Accuracy: 0.9212
2024-05-17 20:53:48,634 - mainlogger - INFO - Epoch 63  2.7857100516557693
2024-05-17 20:53:48,634 - mainlogger - INFO - ********************************************************************************
2024-05-17 20:54:12,445 - mainlogger - INFO - valid
2024-05-17 20:54:18,484 - mainlogger - INFO - Dice score: 0.6064
2024-05-17 20:54:18,485 - mainlogger - INFO - Accuracy: 0.9098
2024-05-17 20:54:18,485 - mainlogger - INFO - Epoch 64  2.752817215397954
2024-05-17 20:54:18,485 - mainlogger - INFO - ********************************************************************************
2024-05-17 20:54:42,023 - mainlogger - INFO - valid
2024-05-17 20:54:48,085 - mainlogger - INFO - Dice score: 0.6274
2024-05-17 20:54:48,085 - mainlogger - INFO - Accuracy: 0.9132
2024-05-17 20:54:48,086 - mainlogger - INFO - Epoch 65  2.4651288520544767
2024-05-17 20:54:48,086 - mainlogger - INFO - ********************************************************************************
2024-05-17 20:55:11,817 - mainlogger - INFO - valid
2024-05-17 20:55:17,850 - mainlogger - INFO - Dice score: 0.6001
2024-05-17 20:55:17,850 - mainlogger - INFO - Accuracy: 0.9051
2024-05-17 20:55:17,851 - mainlogger - INFO - Epoch 66  2.7148173172026873
2024-05-17 20:55:17,851 - mainlogger - INFO - ********************************************************************************
2024-05-17 20:55:41,338 - mainlogger - INFO - valid
2024-05-17 20:55:47,463 - mainlogger - INFO - Dice score: 0.6322
2024-05-17 20:55:47,463 - mainlogger - INFO - Accuracy: 0.9182
2024-05-17 20:55:47,463 - mainlogger - INFO - 5.2200625000000005e-05->4.437053125e-05
2024-05-17 20:55:47,463 - mainlogger - INFO - Epoch 67  2.6015654895454645
2024-05-17 20:55:47,463 - mainlogger - INFO - ********************************************************************************
2024-05-17 20:56:11,351 - mainlogger - INFO - valid
2024-05-17 20:56:17,563 - mainlogger - INFO - Dice score: 0.5723
2024-05-17 20:56:17,563 - mainlogger - INFO - Accuracy: 0.892
2024-05-17 20:56:17,563 - mainlogger - INFO - Epoch 68  2.5991251599043608
2024-05-17 20:56:17,563 - mainlogger - INFO - ********************************************************************************
2024-05-17 20:56:41,863 - mainlogger - INFO - valid
2024-05-17 20:56:48,560 - mainlogger - INFO - Dice score: 0.6363
2024-05-17 20:56:48,560 - mainlogger - INFO - Accuracy: 0.9182
2024-05-17 20:56:48,560 - mainlogger - INFO - Epoch 69  2.433016514405608
2024-05-17 20:56:48,560 - mainlogger - INFO - ********************************************************************************
2024-05-17 20:57:13,539 - mainlogger - INFO - valid
2024-05-17 20:57:19,855 - mainlogger - INFO - Dice score: 0.5039
2024-05-17 20:57:19,855 - mainlogger - INFO - Accuracy: 0.8526
2024-05-17 20:57:19,855 - mainlogger - INFO - Epoch 70  2.5149810649454594
2024-05-17 20:57:19,855 - mainlogger - INFO - ********************************************************************************
2024-05-17 20:57:44,748 - mainlogger - INFO - valid
2024-05-17 20:57:50,840 - mainlogger - INFO - Dice score: 0.6636
2024-05-17 20:57:50,840 - mainlogger - INFO - Accuracy: 0.9266
2024-05-17 20:57:50,840 - mainlogger - INFO - Epoch 71  2.3347624726593494
2024-05-17 20:57:50,840 - mainlogger - INFO - train
2024-05-17 20:58:08,245 - mainlogger - INFO - Dice score: 0.7855
2024-05-17 20:58:08,246 - mainlogger - INFO - Accuracy: 0.9418
2024-05-17 20:58:08,246 - mainlogger - INFO - test
2024-05-17 20:58:14,251 - mainlogger - INFO - Dice score: 0.6175
2024-05-17 20:58:14,251 - mainlogger - INFO - Accuracy: 0.9147
2024-05-17 20:58:14,251 - mainlogger - INFO - ********************************************************************************
2024-05-17 20:58:37,939 - mainlogger - INFO - valid
2024-05-17 20:58:44,132 - mainlogger - INFO - Dice score: 0.6811
2024-05-17 20:58:44,132 - mainlogger - INFO - Accuracy: 0.9324
2024-05-17 20:58:44,133 - mainlogger - INFO - Epoch 72  2.517065031453967
2024-05-17 20:58:44,133 - mainlogger - INFO - ********************************************************************************
2024-05-17 20:59:07,624 - mainlogger - INFO - valid
2024-05-17 20:59:13,602 - mainlogger - INFO - Dice score: 0.6616
2024-05-17 20:59:13,603 - mainlogger - INFO - Accuracy: 0.9232
2024-05-17 20:59:13,603 - mainlogger - INFO - Epoch 73  2.308570295572281
2024-05-17 20:59:13,603 - mainlogger - INFO - ********************************************************************************
2024-05-17 20:59:37,619 - mainlogger - INFO - valid
2024-05-17 20:59:43,697 - mainlogger - INFO - Dice score: 0.6128
2024-05-17 20:59:43,698 - mainlogger - INFO - Accuracy: 0.9018
2024-05-17 20:59:43,698 - mainlogger - INFO - Epoch 74  2.303910616785288
2024-05-17 20:59:43,698 - mainlogger - INFO - ********************************************************************************
2024-05-17 21:00:07,071 - mainlogger - INFO - valid
2024-05-17 21:00:13,041 - mainlogger - INFO - Dice score: 0.6041
2024-05-17 21:00:13,041 - mainlogger - INFO - Accuracy: 0.9069
2024-05-17 21:00:13,041 - mainlogger - INFO - Epoch 75  2.3630136847496033
2024-05-17 21:00:13,041 - mainlogger - INFO - ********************************************************************************
2024-05-17 21:00:36,620 - mainlogger - INFO - valid
2024-05-17 21:00:42,615 - mainlogger - INFO - Dice score: 0.6179
2024-05-17 21:00:42,615 - mainlogger - INFO - Accuracy: 0.9237
2024-05-17 21:00:42,615 - mainlogger - INFO - 4.437053125e-05->3.77149515625e-05
2024-05-17 21:00:42,615 - mainlogger - INFO - Epoch 76  2.4756536595523357
2024-05-17 21:00:42,615 - mainlogger - INFO - ********************************************************************************
2024-05-17 21:01:06,437 - mainlogger - INFO - valid
2024-05-17 21:01:12,520 - mainlogger - INFO - Dice score: 0.6654
2024-05-17 21:01:12,520 - mainlogger - INFO - Accuracy: 0.9316
2024-05-17 21:01:12,520 - mainlogger - INFO - Epoch 77  2.3068590126931667
2024-05-17 21:01:12,520 - mainlogger - INFO - ********************************************************************************
2024-05-17 21:01:36,218 - mainlogger - INFO - valid
2024-05-17 21:01:42,235 - mainlogger - INFO - Dice score: 0.6824
2024-05-17 21:01:42,236 - mainlogger - INFO - Accuracy: 0.93
2024-05-17 21:01:42,236 - mainlogger - INFO - Epoch 78  2.395415011793375
2024-05-17 21:01:42,236 - mainlogger - INFO - ********************************************************************************
2024-05-17 21:02:05,824 - mainlogger - INFO - valid
2024-05-17 21:02:12,034 - mainlogger - INFO - Dice score: 0.5277
2024-05-17 21:02:12,034 - mainlogger - INFO - Accuracy: 0.856
2024-05-17 21:02:12,034 - mainlogger - INFO - Epoch 79  2.1913401801139116
2024-05-17 21:02:12,034 - mainlogger - INFO - ********************************************************************************
2024-05-17 21:02:35,610 - mainlogger - INFO - valid
2024-05-17 21:02:41,738 - mainlogger - INFO - Dice score: 0.6186
2024-05-17 21:02:41,738 - mainlogger - INFO - Accuracy: 0.9111
2024-05-17 21:02:41,738 - mainlogger - INFO - Epoch 80  2.382846998050809
2024-05-17 21:02:41,738 - mainlogger - INFO - ********************************************************************************
2024-05-17 21:03:05,640 - mainlogger - INFO - valid
2024-05-17 21:03:11,755 - mainlogger - INFO - Dice score: 0.667
2024-05-17 21:03:11,755 - mainlogger - INFO - Accuracy: 0.9222
2024-05-17 21:03:11,755 - mainlogger - INFO - Epoch 81  2.3734082709997892
2024-05-17 21:03:11,755 - mainlogger - INFO - train
2024-05-17 21:03:29,746 - mainlogger - INFO - Dice score: 0.8077
2024-05-17 21:03:29,746 - mainlogger - INFO - Accuracy: 0.9474
2024-05-17 21:03:29,746 - mainlogger - INFO - test
2024-05-17 21:03:35,851 - mainlogger - INFO - Dice score: 0.5892
2024-05-17 21:03:35,851 - mainlogger - INFO - Accuracy: 0.898
2024-05-17 21:03:35,851 - mainlogger - INFO - ********************************************************************************
2024-05-17 21:03:59,512 - mainlogger - INFO - valid
2024-05-17 21:04:05,532 - mainlogger - INFO - Dice score: 0.6535
2024-05-17 21:04:05,532 - mainlogger - INFO - Accuracy: 0.9197
2024-05-17 21:04:05,532 - mainlogger - INFO - 3.77149515625e-05->3.2057708828124995e-05
2024-05-17 21:04:05,532 - mainlogger - INFO - Epoch 82  2.0806755889207125
2024-05-17 21:04:05,532 - mainlogger - INFO - ********************************************************************************
2024-05-17 21:04:29,445 - mainlogger - INFO - valid
2024-05-17 21:04:35,544 - mainlogger - INFO - Dice score: 0.6906
2024-05-17 21:04:35,544 - mainlogger - INFO - Accuracy: 0.9401
2024-05-17 21:04:35,544 - mainlogger - INFO - Epoch 83  2.1496860943734646
2024-05-17 21:04:35,544 - mainlogger - INFO - ********************************************************************************
2024-05-17 21:04:59,528 - mainlogger - INFO - valid
2024-05-17 21:05:05,444 - mainlogger - INFO - Dice score: 0.6806
2024-05-17 21:05:05,444 - mainlogger - INFO - Accuracy: 0.9409
2024-05-17 21:05:05,444 - mainlogger - INFO - Epoch 84  2.8411808721721172
2024-05-17 21:05:05,444 - mainlogger - INFO - ********************************************************************************
2024-05-17 21:05:29,032 - mainlogger - INFO - valid
2024-05-17 21:05:35,247 - mainlogger - INFO - Dice score: 0.6751
2024-05-17 21:05:35,247 - mainlogger - INFO - Accuracy: 0.9303
2024-05-17 21:05:35,247 - mainlogger - INFO - Epoch 85  2.956977903842926
2024-05-17 21:05:35,247 - mainlogger - INFO - ********************************************************************************
2024-05-17 21:05:59,040 - mainlogger - INFO - valid
2024-05-17 21:06:05,167 - mainlogger - INFO - Dice score: 0.7031
2024-05-17 21:06:05,167 - mainlogger - INFO - Accuracy: 0.9422
2024-05-17 21:06:05,167 - mainlogger - INFO - Epoch 86  2.698206227272749
2024-05-17 21:06:05,167 - mainlogger - INFO - ********************************************************************************
2024-05-17 21:06:28,734 - mainlogger - INFO - valid
2024-05-17 21:06:34,756 - mainlogger - INFO - Dice score: 0.5774
2024-05-17 21:06:34,756 - mainlogger - INFO - Accuracy: 0.8997
2024-05-17 21:06:34,756 - mainlogger - INFO - Epoch 87  2.731214312836528
2024-05-17 21:06:34,757 - mainlogger - INFO - ********************************************************************************
2024-05-17 21:06:58,216 - mainlogger - INFO - valid
2024-05-17 21:07:04,220 - mainlogger - INFO - Dice score: 0.6702
2024-05-17 21:07:04,221 - mainlogger - INFO - Accuracy: 0.9319
2024-05-17 21:07:04,221 - mainlogger - INFO - Epoch 88  3.1738440562039614
2024-05-17 21:07:04,221 - mainlogger - INFO - ********************************************************************************
2024-05-17 21:07:27,823 - mainlogger - INFO - valid
2024-05-17 21:07:33,869 - mainlogger - INFO - Dice score: 0.6224
2024-05-17 21:07:33,869 - mainlogger - INFO - Accuracy: 0.9089
2024-05-17 21:07:33,869 - mainlogger - INFO - Epoch 89  2.547202533110976
2024-05-17 21:07:33,869 - mainlogger - INFO - ********************************************************************************
2024-05-17 21:07:57,525 - mainlogger - INFO - valid
2024-05-17 21:08:03,519 - mainlogger - INFO - Dice score: 0.6343
2024-05-17 21:08:03,519 - mainlogger - INFO - Accuracy: 0.9143
2024-05-17 21:08:03,519 - mainlogger - INFO - 3.2057708828124995e-05->2.7249052503906245e-05
2024-05-17 21:08:03,519 - mainlogger - INFO - Epoch 90  2.3111781161278486
2024-05-17 21:08:03,519 - mainlogger - INFO - ********************************************************************************
2024-05-17 21:08:27,102 - mainlogger - INFO - valid
2024-05-17 21:08:33,317 - mainlogger - INFO - Dice score: 0.652
2024-05-17 21:08:33,318 - mainlogger - INFO - Accuracy: 0.9242
2024-05-17 21:08:33,318 - mainlogger - INFO - Epoch 91  2.1974595990031958
2024-05-17 21:08:33,318 - mainlogger - INFO - train
2024-05-17 21:08:51,445 - mainlogger - INFO - Dice score: 0.8026
2024-05-17 21:08:51,445 - mainlogger - INFO - Accuracy: 0.948
2024-05-17 21:08:51,445 - mainlogger - INFO - test
2024-05-17 21:08:57,449 - mainlogger - INFO - Dice score: 0.6004
2024-05-17 21:08:57,449 - mainlogger - INFO - Accuracy: 0.9113
2024-05-17 21:08:57,449 - mainlogger - INFO - ********************************************************************************
2024-05-17 21:09:20,910 - mainlogger - INFO - valid
2024-05-17 21:09:26,735 - mainlogger - INFO - Dice score: 0.6152
2024-05-17 21:09:26,735 - mainlogger - INFO - Accuracy: 0.9089
2024-05-17 21:09:26,735 - mainlogger - INFO - Epoch 92  2.2357171028852463
2024-05-17 21:09:26,735 - mainlogger - INFO - ********************************************************************************
2024-05-17 21:09:49,913 - mainlogger - INFO - valid
2024-05-17 21:09:55,870 - mainlogger - INFO - Dice score: 0.675
2024-05-17 21:09:55,871 - mainlogger - INFO - Accuracy: 0.9287
2024-05-17 21:09:55,871 - mainlogger - INFO - Epoch 93  2.073782213963568
2024-05-17 21:09:55,871 - mainlogger - INFO - ********************************************************************************
2024-05-17 21:10:19,320 - mainlogger - INFO - valid
2024-05-17 21:10:25,448 - mainlogger - INFO - Dice score: 0.6018
2024-05-17 21:10:25,448 - mainlogger - INFO - Accuracy: 0.8991
2024-05-17 21:10:25,448 - mainlogger - INFO - 2.7249052503906245e-05->2.3161694628320308e-05
2024-05-17 21:10:25,448 - mainlogger - INFO - Epoch 94  1.8519075401127338
2024-05-17 21:10:25,448 - mainlogger - INFO - ********************************************************************************
2024-05-17 21:10:48,842 - mainlogger - INFO - valid
2024-05-17 21:10:55,181 - mainlogger - INFO - Dice score: 0.6267
2024-05-17 21:10:55,181 - mainlogger - INFO - Accuracy: 0.913
2024-05-17 21:10:55,181 - mainlogger - INFO - Epoch 95  1.9691366283223033
2024-05-17 21:10:55,181 - mainlogger - INFO - ********************************************************************************
2024-05-17 21:11:19,023 - mainlogger - INFO - valid
2024-05-17 21:11:25,045 - mainlogger - INFO - Dice score: 0.6214
2024-05-17 21:11:25,045 - mainlogger - INFO - Accuracy: 0.909
2024-05-17 21:11:25,045 - mainlogger - INFO - Epoch 96  1.8898007944226265
2024-05-17 21:11:25,045 - mainlogger - INFO - ********************************************************************************
2024-05-17 21:11:48,615 - mainlogger - INFO - valid
2024-05-17 21:11:54,753 - mainlogger - INFO - Dice score: 0.6337
2024-05-17 21:11:54,753 - mainlogger - INFO - Accuracy: 0.9162
2024-05-17 21:11:54,753 - mainlogger - INFO - Epoch 97  1.9333176221698523
2024-05-17 21:11:54,753 - mainlogger - INFO - ********************************************************************************
2024-05-17 21:12:18,446 - mainlogger - INFO - valid
2024-05-17 21:12:24,619 - mainlogger - INFO - Dice score: 0.6278
2024-05-17 21:12:24,619 - mainlogger - INFO - Accuracy: 0.9089
2024-05-17 21:12:24,619 - mainlogger - INFO - 2.3161694628320308e-05->1.9687440434072263e-05
2024-05-17 21:12:24,619 - mainlogger - INFO - Epoch 98  1.8890806091949344
2024-05-17 21:12:24,619 - mainlogger - INFO - ********************************************************************************
2024-05-17 21:12:48,141 - mainlogger - INFO - valid
2024-05-17 21:12:54,156 - mainlogger - INFO - Dice score: 0.6403
2024-05-17 21:12:54,156 - mainlogger - INFO - Accuracy: 0.9218
2024-05-17 21:12:54,156 - mainlogger - INFO - Epoch 99  1.7403839128091931
2024-05-17 21:12:54,156 - mainlogger - INFO - train
2024-05-17 21:13:11,993 - mainlogger - INFO - Dice score: 0.8214
2024-05-17 21:13:11,993 - mainlogger - INFO - Accuracy: 0.9528
2024-05-17 21:13:11,993 - mainlogger - INFO - test
2024-05-17 21:13:18,176 - mainlogger - INFO - Dice score: 0.5606
2024-05-17 21:13:18,176 - mainlogger - INFO - Accuracy: 0.9002
2024-05-17 21:13:18,176 - mainlogger - INFO - ********************************************************************************
2024-05-17 21:13:18,177 - mainlogger - INFO - (82, 86)
2024-05-17 21:13:18,177 - mainlogger - INFO - 0.6805919112551587
