2024-05-20 16:34:42,731 - mainlogger - INFO - 2302
2024-05-20 16:34:42,731 - mainlogger - INFO - <class '__main__.UniversegPipeline'>
2024-05-20 16:34:42,731 - mainlogger - INFO - full/res_stack_se2.yaml
2024-05-20 16:34:42,731 - mainlogger - INFO - {'desc': '学习率调大10倍，模型减小为单层', 'batch_size': 8, 'epochs': 100, 'k': 2, 'test_k': 2, 'init': True, 'root_dir': '/Dataset_BUSI', 'model': {'name': 'universeg_res.universeg.UniverSeg', 'args': {'channels': [64, 128, 256, 512, 512], 'num_layers': [1, 1, 1, 1, 1], 'in_channels': [1, 2], 'init': True, 'act': 'ReLU'}}, 'trainset': {'name': 'datasetBUSI.mask_busi_single.MaskBUSISingle', 'args': {'root_dir': '/Dataset_BUSI', 'image_names_path': 'labeled_all.txt', 'mode': 'train'}}, 'testset': {'name': 'datasetBUSI.mask_busi_single.MaskBUSISingle', 'args': {'root_dir': '/Dataset_BUSI', 'image_names_path': 'test.txt', 'mode': 'test'}}, 'validset': {'name': 'datasetBUSI.mask_busi_single.MaskBUSISingle', 'args': {'root_dir': '/Dataset_BUSI', 'image_names_path': 'val.txt', 'mode': 'test'}}, 'criterion': {'name': 'spgutils.focalloss.BinaryFocalLoss', 'args': {'gamma': 1}}, 'optimizer': {'name': 'torch.optim.Adam', 'args': {'lr': 0.001}}, 'scheduler': {'name': 'torch.optim.lr_scheduler.ReduceLROnPlateau', 'args': {'mode': 'max', 'factor': 0.85, 'patience': 3}}}
2024-05-20 16:34:42,732 - mainlogger - INFO - 39.82969093322754
2024-05-20 16:34:42,735 - mainlogger - INFO - init with relu
2024-05-20 16:35:37,261 - mainlogger - INFO - Epoch 0  16.54633456468582
2024-05-20 16:35:37,261 - mainlogger - INFO - ********************************************************************************
2024-05-20 16:36:27,488 - mainlogger - INFO - Epoch 1  15.470091164112091
2024-05-20 16:36:27,488 - mainlogger - INFO - train
2024-05-20 16:37:14,206 - mainlogger - INFO - Dice score: 0.461
2024-05-20 16:37:14,207 - mainlogger - INFO - Accuracy: 0.8315
2024-05-20 16:37:14,207 - mainlogger - INFO - test
2024-05-20 16:37:31,153 - mainlogger - INFO - Dice score: 0.4146
2024-05-20 16:37:31,154 - mainlogger - INFO - Accuracy: 0.8385
2024-05-20 16:37:31,154 - mainlogger - INFO - ********************************************************************************
2024-05-20 16:38:20,915 - mainlogger - INFO - Epoch 2  14.621843695640564
2024-05-20 16:38:20,915 - mainlogger - INFO - ********************************************************************************
2024-05-20 16:39:11,089 - mainlogger - INFO - Epoch 3  13.6140948086977
2024-05-20 16:39:11,089 - mainlogger - INFO - ********************************************************************************
2024-05-20 16:40:01,281 - mainlogger - INFO - Epoch 4  13.061305075883865
2024-05-20 16:40:01,282 - mainlogger - INFO - ********************************************************************************
2024-05-20 16:40:51,577 - mainlogger - INFO - Epoch 5  12.291122451424599
2024-05-20 16:40:51,578 - mainlogger - INFO - ********************************************************************************
2024-05-20 16:41:41,508 - mainlogger - INFO - Epoch 6  11.582219123840332
2024-05-20 16:41:41,508 - mainlogger - INFO - ********************************************************************************
2024-05-20 16:42:31,507 - mainlogger - INFO - Epoch 7  11.449596539139748
2024-05-20 16:42:31,507 - mainlogger - INFO - ********************************************************************************
2024-05-20 16:43:22,163 - mainlogger - INFO - Epoch 8  11.069687530398369
2024-05-20 16:43:22,164 - mainlogger - INFO - ********************************************************************************
2024-05-20 16:44:12,210 - mainlogger - INFO - Epoch 9  10.70295475423336
2024-05-20 16:44:12,210 - mainlogger - INFO - ********************************************************************************
2024-05-20 16:45:01,786 - mainlogger - INFO - Epoch 10  9.809108585119247
2024-05-20 16:45:01,786 - mainlogger - INFO - ********************************************************************************
2024-05-20 16:45:51,005 - mainlogger - INFO - Epoch 11  9.350514248013496
2024-05-20 16:45:51,005 - mainlogger - INFO - train
2024-05-20 16:46:37,587 - mainlogger - INFO - Dice score: 0.535
2024-05-20 16:46:37,587 - mainlogger - INFO - Accuracy: 0.8689
2024-05-20 16:46:37,587 - mainlogger - INFO - test
2024-05-20 16:46:53,515 - mainlogger - INFO - Dice score: 0.4858
2024-05-20 16:46:53,515 - mainlogger - INFO - Accuracy: 0.8715
2024-05-20 16:46:53,515 - mainlogger - INFO - ********************************************************************************
2024-05-20 16:47:43,786 - mainlogger - INFO - Epoch 12  8.80875614285469
2024-05-20 16:47:43,786 - mainlogger - INFO - ********************************************************************************
2024-05-20 16:48:34,284 - mainlogger - INFO - Epoch 13  8.85701921582222
2024-05-20 16:48:34,285 - mainlogger - INFO - ********************************************************************************
2024-05-20 16:49:24,103 - mainlogger - INFO - Epoch 14  8.691102847456932
2024-05-20 16:49:24,103 - mainlogger - INFO - ********************************************************************************
2024-05-20 16:50:14,257 - mainlogger - INFO - Epoch 15  8.497028172016144
2024-05-20 16:50:14,257 - mainlogger - INFO - ********************************************************************************
2024-05-20 16:51:04,678 - mainlogger - INFO - Epoch 16  7.816500075161457
2024-05-20 16:51:04,679 - mainlogger - INFO - ********************************************************************************
2024-05-20 16:51:54,876 - mainlogger - INFO - Epoch 17  7.737747550010681
2024-05-20 16:51:54,877 - mainlogger - INFO - ********************************************************************************
2024-05-20 16:52:44,876 - mainlogger - INFO - Epoch 18  7.207391455769539
2024-05-20 16:52:44,876 - mainlogger - INFO - ********************************************************************************
2024-05-20 16:53:34,800 - mainlogger - INFO - Epoch 19  6.906954973936081
2024-05-20 16:53:34,801 - mainlogger - INFO - ********************************************************************************
2024-05-20 16:54:24,275 - mainlogger - INFO - Epoch 20  6.797775432467461
2024-05-20 16:54:24,276 - mainlogger - INFO - ********************************************************************************
2024-05-20 16:55:13,898 - mainlogger - INFO - Epoch 21  6.6277796775102615
2024-05-20 16:55:13,898 - mainlogger - INFO - train
2024-05-20 16:56:00,445 - mainlogger - INFO - Dice score: 0.6234
2024-05-20 16:56:00,445 - mainlogger - INFO - Accuracy: 0.9263
2024-05-20 16:56:00,445 - mainlogger - INFO - test
2024-05-20 16:56:16,020 - mainlogger - INFO - Dice score: 0.5803
2024-05-20 16:56:16,021 - mainlogger - INFO - Accuracy: 0.9325
2024-05-20 16:56:16,021 - mainlogger - INFO - ********************************************************************************
2024-05-20 16:57:05,996 - mainlogger - INFO - Epoch 22  6.623074471950531
2024-05-20 16:57:05,996 - mainlogger - INFO - ********************************************************************************
2024-05-20 16:57:55,612 - mainlogger - INFO - Epoch 23  6.576977647840977
2024-05-20 16:57:55,613 - mainlogger - INFO - ********************************************************************************
2024-05-20 16:58:45,096 - mainlogger - INFO - Epoch 24  5.959398351609707
2024-05-20 16:58:45,096 - mainlogger - INFO - ********************************************************************************
2024-05-20 16:59:34,785 - mainlogger - INFO - Epoch 25  6.089130364358425
2024-05-20 16:59:34,785 - mainlogger - INFO - ********************************************************************************
2024-05-20 17:00:24,101 - mainlogger - INFO - Epoch 26  6.0411398112773895
2024-05-20 17:00:24,102 - mainlogger - INFO - ********************************************************************************
2024-05-20 17:01:13,770 - mainlogger - INFO - Epoch 27  5.896829277276993
2024-05-20 17:01:13,771 - mainlogger - INFO - ********************************************************************************
2024-05-20 17:02:03,290 - mainlogger - INFO - Epoch 28  5.709799751639366
2024-05-20 17:02:03,290 - mainlogger - INFO - ********************************************************************************
2024-05-20 17:02:52,679 - mainlogger - INFO - Epoch 29  5.885256491601467
2024-05-20 17:02:52,679 - mainlogger - INFO - ********************************************************************************
2024-05-20 17:03:41,982 - mainlogger - INFO - Epoch 30  5.477787345647812
2024-05-20 17:03:41,983 - mainlogger - INFO - ********************************************************************************
2024-05-20 17:04:31,281 - mainlogger - INFO - Epoch 31  5.567627020180225
2024-05-20 17:04:31,282 - mainlogger - INFO - train
2024-05-20 17:05:17,479 - mainlogger - INFO - Dice score: 0.6992
2024-05-20 17:05:17,479 - mainlogger - INFO - Accuracy: 0.9354
2024-05-20 17:05:17,479 - mainlogger - INFO - test
2024-05-20 17:05:32,836 - mainlogger - INFO - Dice score: 0.6739
2024-05-20 17:05:32,836 - mainlogger - INFO - Accuracy: 0.9423
2024-05-20 17:05:32,836 - mainlogger - INFO - ********************************************************************************
2024-05-20 17:06:21,883 - mainlogger - INFO - Epoch 32  5.140575297176838
2024-05-20 17:06:21,884 - mainlogger - INFO - ********************************************************************************
2024-05-20 17:07:11,097 - mainlogger - INFO - Epoch 33  5.495735079050064
2024-05-20 17:07:11,097 - mainlogger - INFO - ********************************************************************************
2024-05-20 17:08:00,985 - mainlogger - INFO - Epoch 34  5.347109958529472
2024-05-20 17:08:00,985 - mainlogger - INFO - ********************************************************************************
2024-05-20 17:08:50,438 - mainlogger - INFO - Epoch 35  4.997313719242811
2024-05-20 17:08:50,438 - mainlogger - INFO - ********************************************************************************
2024-05-20 17:09:39,580 - mainlogger - INFO - Epoch 36  4.890879929065704
2024-05-20 17:09:39,581 - mainlogger - INFO - ********************************************************************************
2024-05-20 17:10:29,486 - mainlogger - INFO - Epoch 37  4.885174032300711
2024-05-20 17:10:29,486 - mainlogger - INFO - ********************************************************************************
2024-05-20 17:11:18,695 - mainlogger - INFO - Epoch 38  5.025912515819073
2024-05-20 17:11:18,696 - mainlogger - INFO - ********************************************************************************
2024-05-20 17:12:08,921 - mainlogger - INFO - Epoch 39  4.766994342207909
2024-05-20 17:12:08,921 - mainlogger - INFO - ********************************************************************************
2024-05-20 17:12:59,293 - mainlogger - INFO - valid
2024-05-20 17:13:15,786 - mainlogger - INFO - Dice score: 0.698
2024-05-20 17:13:15,786 - mainlogger - INFO - Accuracy: 0.9348
2024-05-20 17:13:15,786 - mainlogger - INFO - Epoch 40  4.742915034294128
2024-05-20 17:13:15,786 - mainlogger - INFO - ********************************************************************************
2024-05-20 17:14:05,500 - mainlogger - INFO - valid
2024-05-20 17:14:20,700 - mainlogger - INFO - Dice score: 0.7445
2024-05-20 17:14:20,701 - mainlogger - INFO - Accuracy: 0.9515
2024-05-20 17:14:20,701 - mainlogger - INFO - Epoch 41  4.530662186443806
2024-05-20 17:14:20,701 - mainlogger - INFO - train
2024-05-20 17:15:07,239 - mainlogger - INFO - Dice score: 0.7386
2024-05-20 17:15:07,240 - mainlogger - INFO - Accuracy: 0.9417
2024-05-20 17:15:07,240 - mainlogger - INFO - test
2024-05-20 17:15:22,725 - mainlogger - INFO - Dice score: 0.6905
2024-05-20 17:15:22,725 - mainlogger - INFO - Accuracy: 0.9426
2024-05-20 17:15:22,725 - mainlogger - INFO - ********************************************************************************
2024-05-20 17:16:12,776 - mainlogger - INFO - valid
2024-05-20 17:16:28,300 - mainlogger - INFO - Dice score: 0.7227
2024-05-20 17:16:28,301 - mainlogger - INFO - Accuracy: 0.9436
2024-05-20 17:16:28,301 - mainlogger - INFO - Epoch 42  4.32067472115159
2024-05-20 17:16:28,301 - mainlogger - INFO - ********************************************************************************
2024-05-20 17:17:18,179 - mainlogger - INFO - valid
2024-05-20 17:17:33,289 - mainlogger - INFO - Dice score: 0.6975
2024-05-20 17:17:33,290 - mainlogger - INFO - Accuracy: 0.942
2024-05-20 17:17:33,290 - mainlogger - INFO - Epoch 43  4.3866818360984325
2024-05-20 17:17:33,290 - mainlogger - INFO - ********************************************************************************
2024-05-20 17:18:23,286 - mainlogger - INFO - valid
2024-05-20 17:18:38,708 - mainlogger - INFO - Dice score: 0.721
2024-05-20 17:18:38,708 - mainlogger - INFO - Accuracy: 0.9511
2024-05-20 17:18:38,708 - mainlogger - INFO - Epoch 44  4.5513951778411865
2024-05-20 17:18:38,708 - mainlogger - INFO - ********************************************************************************
2024-05-20 17:19:28,281 - mainlogger - INFO - valid
2024-05-20 17:19:44,075 - mainlogger - INFO - Dice score: 0.7111
2024-05-20 17:19:44,075 - mainlogger - INFO - Accuracy: 0.943
2024-05-20 17:19:44,075 - mainlogger - INFO - 0.001->0.00085
2024-05-20 17:19:44,075 - mainlogger - INFO - Epoch 45  4.417747903615236
2024-05-20 17:19:44,075 - mainlogger - INFO - ********************************************************************************
2024-05-20 17:20:34,412 - mainlogger - INFO - valid
2024-05-20 17:20:50,388 - mainlogger - INFO - Dice score: 0.6989
2024-05-20 17:20:50,389 - mainlogger - INFO - Accuracy: 0.9407
2024-05-20 17:20:50,389 - mainlogger - INFO - Epoch 46  4.129294395446777
2024-05-20 17:20:50,389 - mainlogger - INFO - ********************************************************************************
2024-05-20 17:21:40,400 - mainlogger - INFO - valid
2024-05-20 17:21:56,006 - mainlogger - INFO - Dice score: 0.7173
2024-05-20 17:21:56,006 - mainlogger - INFO - Accuracy: 0.9376
2024-05-20 17:21:56,006 - mainlogger - INFO - Epoch 47  4.111467633396387
2024-05-20 17:21:56,007 - mainlogger - INFO - ********************************************************************************
2024-05-20 17:22:46,178 - mainlogger - INFO - valid
2024-05-20 17:23:01,599 - mainlogger - INFO - Dice score: 0.7273
2024-05-20 17:23:01,599 - mainlogger - INFO - Accuracy: 0.944
2024-05-20 17:23:01,599 - mainlogger - INFO - Epoch 48  3.985383838415146
2024-05-20 17:23:01,600 - mainlogger - INFO - ********************************************************************************
2024-05-20 17:23:51,994 - mainlogger - INFO - valid
2024-05-20 17:24:07,486 - mainlogger - INFO - Dice score: 0.7047
2024-05-20 17:24:07,487 - mainlogger - INFO - Accuracy: 0.9463
2024-05-20 17:24:07,487 - mainlogger - INFO - 0.00085->0.0007224999999999999
2024-05-20 17:24:07,487 - mainlogger - INFO - Epoch 49  4.268061339855194
2024-05-20 17:24:07,487 - mainlogger - INFO - ********************************************************************************
2024-05-20 17:24:57,510 - mainlogger - INFO - valid
2024-05-20 17:25:13,601 - mainlogger - INFO - Dice score: 0.7379
2024-05-20 17:25:13,601 - mainlogger - INFO - Accuracy: 0.9471
2024-05-20 17:25:13,601 - mainlogger - INFO - Epoch 50  3.7493284828960896
2024-05-20 17:25:13,601 - mainlogger - INFO - ********************************************************************************
2024-05-20 17:26:06,899 - mainlogger - INFO - valid
2024-05-20 17:26:23,219 - mainlogger - INFO - Dice score: 0.7057
2024-05-20 17:26:23,220 - mainlogger - INFO - Accuracy: 0.9466
2024-05-20 17:26:23,220 - mainlogger - INFO - Epoch 51  3.914581585675478
2024-05-20 17:26:23,220 - mainlogger - INFO - train
2024-05-20 17:27:12,555 - mainlogger - INFO - Dice score: 0.7841
2024-05-20 17:27:12,556 - mainlogger - INFO - Accuracy: 0.9524
2024-05-20 17:27:12,556 - mainlogger - INFO - test
2024-05-20 17:27:28,827 - mainlogger - INFO - Dice score: 0.7136
2024-05-20 17:27:28,827 - mainlogger - INFO - Accuracy: 0.9485
2024-05-20 17:27:28,827 - mainlogger - INFO - ********************************************************************************
2024-05-20 17:28:21,274 - mainlogger - INFO - valid
2024-05-20 17:28:37,399 - mainlogger - INFO - Dice score: 0.6707
2024-05-20 17:28:37,399 - mainlogger - INFO - Accuracy: 0.9199
2024-05-20 17:28:37,399 - mainlogger - INFO - Epoch 52  3.5820408649742603
2024-05-20 17:28:37,399 - mainlogger - INFO - ********************************************************************************
2024-05-20 17:29:29,994 - mainlogger - INFO - valid
2024-05-20 17:29:46,414 - mainlogger - INFO - Dice score: 0.7374
2024-05-20 17:29:46,414 - mainlogger - INFO - Accuracy: 0.9477
2024-05-20 17:29:46,414 - mainlogger - INFO - 0.0007224999999999999->0.000614125
2024-05-20 17:29:46,415 - mainlogger - INFO - Epoch 53  3.703240729868412
2024-05-20 17:29:46,415 - mainlogger - INFO - ********************************************************************************
2024-05-20 17:30:39,010 - mainlogger - INFO - valid
2024-05-20 17:30:55,416 - mainlogger - INFO - Dice score: 0.7312
2024-05-20 17:30:55,416 - mainlogger - INFO - Accuracy: 0.9459
2024-05-20 17:30:55,416 - mainlogger - INFO - Epoch 54  3.6033525355160236
2024-05-20 17:30:55,416 - mainlogger - INFO - ********************************************************************************
2024-05-20 17:31:48,012 - mainlogger - INFO - valid
2024-05-20 17:32:04,099 - mainlogger - INFO - Dice score: 0.7213
2024-05-20 17:32:04,099 - mainlogger - INFO - Accuracy: 0.9434
2024-05-20 17:32:04,100 - mainlogger - INFO - Epoch 55  3.4998160488903522
2024-05-20 17:32:04,100 - mainlogger - INFO - ********************************************************************************
2024-05-20 17:32:56,381 - mainlogger - INFO - valid
2024-05-20 17:33:12,501 - mainlogger - INFO - Dice score: 0.7325
2024-05-20 17:33:12,501 - mainlogger - INFO - Accuracy: 0.9485
2024-05-20 17:33:12,502 - mainlogger - INFO - Epoch 56  3.574205845594406
2024-05-20 17:33:12,502 - mainlogger - INFO - ********************************************************************************
2024-05-20 17:34:05,511 - mainlogger - INFO - valid
2024-05-20 17:34:21,820 - mainlogger - INFO - Dice score: 0.7232
2024-05-20 17:34:21,820 - mainlogger - INFO - Accuracy: 0.9415
2024-05-20 17:34:21,821 - mainlogger - INFO - 0.000614125->0.00052200625
2024-05-20 17:34:21,821 - mainlogger - INFO - Epoch 57  3.517329838126898
2024-05-20 17:34:21,821 - mainlogger - INFO - ********************************************************************************
2024-05-20 17:35:14,315 - mainlogger - INFO - valid
2024-05-20 17:35:30,900 - mainlogger - INFO - Dice score: 0.7035
2024-05-20 17:35:30,900 - mainlogger - INFO - Accuracy: 0.9393
2024-05-20 17:35:30,900 - mainlogger - INFO - Epoch 58  3.5974724255502224
2024-05-20 17:35:30,900 - mainlogger - INFO - ********************************************************************************
2024-05-20 17:36:23,103 - mainlogger - INFO - valid
2024-05-20 17:36:39,517 - mainlogger - INFO - Dice score: 0.7468
2024-05-20 17:36:39,517 - mainlogger - INFO - Accuracy: 0.9516
2024-05-20 17:36:39,517 - mainlogger - INFO - Epoch 59  3.4156842306256294
2024-05-20 17:36:39,517 - mainlogger - INFO - ********************************************************************************
2024-05-20 17:37:32,621 - mainlogger - INFO - valid
2024-05-20 17:37:49,341 - mainlogger - INFO - Dice score: 0.7353
2024-05-20 17:37:49,342 - mainlogger - INFO - Accuracy: 0.949
2024-05-20 17:37:49,342 - mainlogger - INFO - Epoch 60  3.3381740376353264
2024-05-20 17:37:49,342 - mainlogger - INFO - ********************************************************************************
2024-05-20 17:38:41,194 - mainlogger - INFO - valid
2024-05-20 17:38:56,817 - mainlogger - INFO - Dice score: 0.7191
2024-05-20 17:38:56,818 - mainlogger - INFO - Accuracy: 0.9409
2024-05-20 17:38:56,818 - mainlogger - INFO - Epoch 61  3.154987871646881
2024-05-20 17:38:56,818 - mainlogger - INFO - train
2024-05-20 17:39:44,058 - mainlogger - INFO - Dice score: 0.8378
2024-05-20 17:39:44,058 - mainlogger - INFO - Accuracy: 0.9608
2024-05-20 17:39:44,058 - mainlogger - INFO - test
2024-05-20 17:39:59,710 - mainlogger - INFO - Dice score: 0.7521
2024-05-20 17:39:59,710 - mainlogger - INFO - Accuracy: 0.9524
2024-05-20 17:39:59,710 - mainlogger - INFO - ********************************************************************************
2024-05-20 17:40:50,801 - mainlogger - INFO - valid
2024-05-20 17:41:06,513 - mainlogger - INFO - Dice score: 0.713
2024-05-20 17:41:06,513 - mainlogger - INFO - Accuracy: 0.9396
2024-05-20 17:41:06,513 - mainlogger - INFO - Epoch 62  3.173108037561178
2024-05-20 17:41:06,513 - mainlogger - INFO - ********************************************************************************
2024-05-20 17:41:57,504 - mainlogger - INFO - valid
2024-05-20 17:42:12,893 - mainlogger - INFO - Dice score: 0.7588
2024-05-20 17:42:12,893 - mainlogger - INFO - Accuracy: 0.9548
2024-05-20 17:42:12,893 - mainlogger - INFO - Epoch 63  3.146468937397003
2024-05-20 17:42:12,893 - mainlogger - INFO - ********************************************************************************
2024-05-20 17:43:03,879 - mainlogger - INFO - valid
2024-05-20 17:43:19,517 - mainlogger - INFO - Dice score: 0.7196
2024-05-20 17:43:19,517 - mainlogger - INFO - Accuracy: 0.9407
2024-05-20 17:43:19,518 - mainlogger - INFO - Epoch 64  3.3203744292259216
2024-05-20 17:43:19,518 - mainlogger - INFO - ********************************************************************************
2024-05-20 17:44:09,683 - mainlogger - INFO - valid
2024-05-20 17:44:25,318 - mainlogger - INFO - Dice score: 0.7229
2024-05-20 17:44:25,318 - mainlogger - INFO - Accuracy: 0.9435
2024-05-20 17:44:25,319 - mainlogger - INFO - Epoch 65  3.3568599969148636
2024-05-20 17:44:25,319 - mainlogger - INFO - ********************************************************************************
2024-05-20 17:45:16,285 - mainlogger - INFO - valid
2024-05-20 17:45:32,187 - mainlogger - INFO - Dice score: 0.7357
2024-05-20 17:45:32,187 - mainlogger - INFO - Accuracy: 0.9481
2024-05-20 17:45:32,187 - mainlogger - INFO - Epoch 66  3.176802970468998
2024-05-20 17:45:32,187 - mainlogger - INFO - ********************************************************************************
2024-05-20 17:46:22,677 - mainlogger - INFO - valid
2024-05-20 17:46:38,309 - mainlogger - INFO - Dice score: 0.6915
2024-05-20 17:46:38,309 - mainlogger - INFO - Accuracy: 0.9355
2024-05-20 17:46:38,309 - mainlogger - INFO - 0.00052200625->0.00044370531249999997
2024-05-20 17:46:38,309 - mainlogger - INFO - Epoch 67  3.306083168834448
2024-05-20 17:46:38,309 - mainlogger - INFO - ********************************************************************************
2024-05-20 17:47:29,085 - mainlogger - INFO - valid
2024-05-20 17:47:44,598 - mainlogger - INFO - Dice score: 0.7093
2024-05-20 17:47:44,599 - mainlogger - INFO - Accuracy: 0.9383
2024-05-20 17:47:44,599 - mainlogger - INFO - Epoch 68  2.978315308690071
2024-05-20 17:47:44,599 - mainlogger - INFO - ********************************************************************************
2024-05-20 17:48:35,188 - mainlogger - INFO - valid
2024-05-20 17:48:50,817 - mainlogger - INFO - Dice score: 0.7149
2024-05-20 17:48:50,817 - mainlogger - INFO - Accuracy: 0.9441
2024-05-20 17:48:50,818 - mainlogger - INFO - Epoch 69  2.9131274558603764
2024-05-20 17:48:50,818 - mainlogger - INFO - ********************************************************************************
2024-05-20 17:49:41,476 - mainlogger - INFO - valid
2024-05-20 17:49:57,056 - mainlogger - INFO - Dice score: 0.7318
2024-05-20 17:49:57,056 - mainlogger - INFO - Accuracy: 0.9484
2024-05-20 17:49:57,056 - mainlogger - INFO - Epoch 70  2.9002460818737745
2024-05-20 17:49:57,056 - mainlogger - INFO - ********************************************************************************
2024-05-20 17:50:47,591 - mainlogger - INFO - valid
2024-05-20 17:51:03,300 - mainlogger - INFO - Dice score: 0.7056
2024-05-20 17:51:03,301 - mainlogger - INFO - Accuracy: 0.9385
2024-05-20 17:51:03,301 - mainlogger - INFO - 0.00044370531249999997->0.00037714951562499996
2024-05-20 17:51:03,301 - mainlogger - INFO - Epoch 71  2.9415033981204033
2024-05-20 17:51:03,301 - mainlogger - INFO - train
2024-05-20 17:51:50,283 - mainlogger - INFO - Dice score: 0.8422
2024-05-20 17:51:50,283 - mainlogger - INFO - Accuracy: 0.9625
2024-05-20 17:51:50,283 - mainlogger - INFO - test
2024-05-20 17:52:05,915 - mainlogger - INFO - Dice score: 0.7497
2024-05-20 17:52:05,915 - mainlogger - INFO - Accuracy: 0.9517
2024-05-20 17:52:05,915 - mainlogger - INFO - ********************************************************************************
2024-05-20 17:52:56,079 - mainlogger - INFO - valid
2024-05-20 17:53:11,700 - mainlogger - INFO - Dice score: 0.7402
2024-05-20 17:53:11,701 - mainlogger - INFO - Accuracy: 0.948
2024-05-20 17:53:11,701 - mainlogger - INFO - Epoch 72  2.7946241460740566
2024-05-20 17:53:11,701 - mainlogger - INFO - ********************************************************************************
2024-05-20 17:54:02,079 - mainlogger - INFO - valid
2024-05-20 17:54:17,801 - mainlogger - INFO - Dice score: 0.7152
2024-05-20 17:54:17,801 - mainlogger - INFO - Accuracy: 0.9398
2024-05-20 17:54:17,801 - mainlogger - INFO - Epoch 73  2.8377275243401527
2024-05-20 17:54:17,802 - mainlogger - INFO - ********************************************************************************
2024-05-20 17:55:07,811 - mainlogger - INFO - valid
2024-05-20 17:55:23,199 - mainlogger - INFO - Dice score: 0.7007
2024-05-20 17:55:23,199 - mainlogger - INFO - Accuracy: 0.9345
2024-05-20 17:55:23,199 - mainlogger - INFO - Epoch 74  2.8890010695904493
2024-05-20 17:55:23,199 - mainlogger - INFO - ********************************************************************************
2024-05-20 17:56:14,086 - mainlogger - INFO - valid
2024-05-20 17:56:29,789 - mainlogger - INFO - Dice score: 0.7217
2024-05-20 17:56:29,789 - mainlogger - INFO - Accuracy: 0.9411
2024-05-20 17:56:29,789 - mainlogger - INFO - 0.00037714951562499996->0.00032057708828124994
2024-05-20 17:56:29,789 - mainlogger - INFO - Epoch 75  2.831556558609009
2024-05-20 17:56:29,789 - mainlogger - INFO - ********************************************************************************
2024-05-20 17:57:20,211 - mainlogger - INFO - valid
2024-05-20 17:57:36,011 - mainlogger - INFO - Dice score: 0.7335
2024-05-20 17:57:36,011 - mainlogger - INFO - Accuracy: 0.9456
2024-05-20 17:57:36,011 - mainlogger - INFO - Epoch 76  2.7531187664717436
2024-05-20 17:57:36,011 - mainlogger - INFO - ********************************************************************************
2024-05-20 17:58:26,824 - mainlogger - INFO - valid
2024-05-20 17:58:42,600 - mainlogger - INFO - Dice score: 0.7076
2024-05-20 17:58:42,600 - mainlogger - INFO - Accuracy: 0.942
2024-05-20 17:58:42,600 - mainlogger - INFO - Epoch 77  2.804070021957159
2024-05-20 17:58:42,601 - mainlogger - INFO - ********************************************************************************
2024-05-20 17:59:33,080 - mainlogger - INFO - valid
2024-05-20 17:59:48,707 - mainlogger - INFO - Dice score: 0.7097
2024-05-20 17:59:48,707 - mainlogger - INFO - Accuracy: 0.9376
2024-05-20 17:59:48,707 - mainlogger - INFO - Epoch 78  2.6410656347870827
2024-05-20 17:59:48,707 - mainlogger - INFO - ********************************************************************************
2024-05-20 18:00:39,284 - mainlogger - INFO - valid
2024-05-20 18:00:55,138 - mainlogger - INFO - Dice score: 0.7237
2024-05-20 18:00:55,138 - mainlogger - INFO - Accuracy: 0.9422
2024-05-20 18:00:55,138 - mainlogger - INFO - 0.00032057708828124994->0.0002724905250390624
2024-05-20 18:00:55,138 - mainlogger - INFO - Epoch 79  3.0305862314999104
2024-05-20 18:00:55,138 - mainlogger - INFO - ********************************************************************************
2024-05-20 18:01:45,987 - mainlogger - INFO - valid
2024-05-20 18:02:01,313 - mainlogger - INFO - Dice score: 0.7265
2024-05-20 18:02:01,313 - mainlogger - INFO - Accuracy: 0.9427
2024-05-20 18:02:01,313 - mainlogger - INFO - Epoch 80  2.68525018915534
2024-05-20 18:02:01,313 - mainlogger - INFO - ********************************************************************************
2024-05-20 18:02:51,584 - mainlogger - INFO - valid
2024-05-20 18:03:07,217 - mainlogger - INFO - Dice score: 0.7347
2024-05-20 18:03:07,217 - mainlogger - INFO - Accuracy: 0.9479
2024-05-20 18:03:07,217 - mainlogger - INFO - Epoch 81  2.596833322197199
2024-05-20 18:03:07,217 - mainlogger - INFO - train
2024-05-20 18:03:53,548 - mainlogger - INFO - Dice score: 0.8415
2024-05-20 18:03:53,548 - mainlogger - INFO - Accuracy: 0.9632
2024-05-20 18:03:53,548 - mainlogger - INFO - test
2024-05-20 18:04:09,412 - mainlogger - INFO - Dice score: 0.7333
2024-05-20 18:04:09,412 - mainlogger - INFO - Accuracy: 0.9499
2024-05-20 18:04:09,412 - mainlogger - INFO - ********************************************************************************
2024-05-20 18:04:59,701 - mainlogger - INFO - valid
2024-05-20 18:05:15,301 - mainlogger - INFO - Dice score: 0.7132
2024-05-20 18:05:15,301 - mainlogger - INFO - Accuracy: 0.94
2024-05-20 18:05:15,301 - mainlogger - INFO - Epoch 82  2.78967097774148
2024-05-20 18:05:15,301 - mainlogger - INFO - ********************************************************************************
2024-05-20 18:06:05,687 - mainlogger - INFO - valid
2024-05-20 18:06:21,303 - mainlogger - INFO - Dice score: 0.7148
2024-05-20 18:06:21,303 - mainlogger - INFO - Accuracy: 0.9403
2024-05-20 18:06:21,303 - mainlogger - INFO - 0.0002724905250390624->0.00023161694628320305
2024-05-20 18:06:21,303 - mainlogger - INFO - Epoch 83  2.5549207273870707
2024-05-20 18:06:21,303 - mainlogger - INFO - ********************************************************************************
2024-05-20 18:07:11,596 - mainlogger - INFO - valid
2024-05-20 18:07:27,104 - mainlogger - INFO - Dice score: 0.7092
2024-05-20 18:07:27,104 - mainlogger - INFO - Accuracy: 0.9402
2024-05-20 18:07:27,104 - mainlogger - INFO - Epoch 84  2.3040941953659058
2024-05-20 18:07:27,104 - mainlogger - INFO - ********************************************************************************
2024-05-20 18:08:17,493 - mainlogger - INFO - valid
2024-05-20 18:08:32,801 - mainlogger - INFO - Dice score: 0.7092
2024-05-20 18:08:32,801 - mainlogger - INFO - Accuracy: 0.94
2024-05-20 18:08:32,801 - mainlogger - INFO - Epoch 85  2.4452798292040825
2024-05-20 18:08:32,801 - mainlogger - INFO - ********************************************************************************
2024-05-20 18:09:22,977 - mainlogger - INFO - valid
2024-05-20 18:09:38,502 - mainlogger - INFO - Dice score: 0.7084
2024-05-20 18:09:38,502 - mainlogger - INFO - Accuracy: 0.9375
2024-05-20 18:09:38,503 - mainlogger - INFO - Epoch 86  2.1965473778545856
2024-05-20 18:09:38,503 - mainlogger - INFO - ********************************************************************************
2024-05-20 18:10:29,081 - mainlogger - INFO - valid
2024-05-20 18:10:44,407 - mainlogger - INFO - Dice score: 0.7261
2024-05-20 18:10:44,407 - mainlogger - INFO - Accuracy: 0.9426
2024-05-20 18:10:44,408 - mainlogger - INFO - 0.00023161694628320305->0.0001968744043407226
2024-05-20 18:10:44,408 - mainlogger - INFO - Epoch 87  2.404043337330222
2024-05-20 18:10:44,408 - mainlogger - INFO - ********************************************************************************
2024-05-20 18:11:35,314 - mainlogger - INFO - valid
2024-05-20 18:11:50,611 - mainlogger - INFO - Dice score: 0.7231
2024-05-20 18:11:50,611 - mainlogger - INFO - Accuracy: 0.9425
2024-05-20 18:11:50,611 - mainlogger - INFO - Epoch 88  2.6678786855190992
2024-05-20 18:11:50,611 - mainlogger - INFO - ********************************************************************************
2024-05-20 18:12:40,781 - mainlogger - INFO - valid
2024-05-20 18:12:56,319 - mainlogger - INFO - Dice score: 0.7237
2024-05-20 18:12:56,319 - mainlogger - INFO - Accuracy: 0.9449
2024-05-20 18:12:56,319 - mainlogger - INFO - Epoch 89  2.378864388912916
2024-05-20 18:12:56,319 - mainlogger - INFO - ********************************************************************************
2024-05-20 18:13:46,293 - mainlogger - INFO - valid
2024-05-20 18:14:01,497 - mainlogger - INFO - Dice score: 0.7163
2024-05-20 18:14:01,497 - mainlogger - INFO - Accuracy: 0.9404
2024-05-20 18:14:01,498 - mainlogger - INFO - Epoch 90  2.2268545124679804
2024-05-20 18:14:01,498 - mainlogger - INFO - ********************************************************************************
2024-05-20 18:14:51,614 - mainlogger - INFO - valid
2024-05-20 18:15:07,006 - mainlogger - INFO - Dice score: 0.7099
2024-05-20 18:15:07,007 - mainlogger - INFO - Accuracy: 0.9405
2024-05-20 18:15:07,007 - mainlogger - INFO - 0.0001968744043407226->0.0001673432436896142
2024-05-20 18:15:07,007 - mainlogger - INFO - Epoch 91  2.301682461053133
2024-05-20 18:15:07,007 - mainlogger - INFO - train
2024-05-20 18:15:53,589 - mainlogger - INFO - Dice score: 0.8928
2024-05-20 18:15:53,589 - mainlogger - INFO - Accuracy: 0.9738
2024-05-20 18:15:53,589 - mainlogger - INFO - test
2024-05-20 18:16:09,215 - mainlogger - INFO - Dice score: 0.7503
2024-05-20 18:16:09,215 - mainlogger - INFO - Accuracy: 0.9525
2024-05-20 18:16:09,215 - mainlogger - INFO - ********************************************************************************
2024-05-20 18:17:00,097 - mainlogger - INFO - valid
2024-05-20 18:17:15,619 - mainlogger - INFO - Dice score: 0.7252
2024-05-20 18:17:15,619 - mainlogger - INFO - Accuracy: 0.9446
2024-05-20 18:17:15,619 - mainlogger - INFO - Epoch 92  2.2820749171078205
2024-05-20 18:17:15,619 - mainlogger - INFO - ********************************************************************************
2024-05-20 18:18:05,978 - mainlogger - INFO - valid
2024-05-20 18:18:21,502 - mainlogger - INFO - Dice score: 0.7133
2024-05-20 18:18:21,503 - mainlogger - INFO - Accuracy: 0.9384
2024-05-20 18:18:21,503 - mainlogger - INFO - Epoch 93  2.299808941781521
2024-05-20 18:18:21,503 - mainlogger - INFO - ********************************************************************************
2024-05-20 18:19:11,975 - mainlogger - INFO - valid
2024-05-20 18:19:27,613 - mainlogger - INFO - Dice score: 0.7196
2024-05-20 18:19:27,613 - mainlogger - INFO - Accuracy: 0.9408
2024-05-20 18:19:27,613 - mainlogger - INFO - Epoch 94  2.3432086259126663
2024-05-20 18:19:27,613 - mainlogger - INFO - ********************************************************************************
2024-05-20 18:20:17,883 - mainlogger - INFO - valid
2024-05-20 18:20:33,209 - mainlogger - INFO - Dice score: 0.724
2024-05-20 18:20:33,209 - mainlogger - INFO - Accuracy: 0.9439
2024-05-20 18:20:33,209 - mainlogger - INFO - 0.0001673432436896142->0.00014224175713617207
2024-05-20 18:20:33,209 - mainlogger - INFO - Epoch 95  2.3878607470542192
2024-05-20 18:20:33,209 - mainlogger - INFO - ********************************************************************************
2024-05-20 18:21:22,795 - mainlogger - INFO - valid
2024-05-20 18:21:38,318 - mainlogger - INFO - Dice score: 0.7081
2024-05-20 18:21:38,318 - mainlogger - INFO - Accuracy: 0.9404
2024-05-20 18:21:38,318 - mainlogger - INFO - Epoch 96  2.2011124957352877
2024-05-20 18:21:38,318 - mainlogger - INFO - ********************************************************************************
2024-05-20 18:22:28,385 - mainlogger - INFO - valid
2024-05-20 18:22:44,104 - mainlogger - INFO - Dice score: 0.7189
2024-05-20 18:22:44,104 - mainlogger - INFO - Accuracy: 0.9429
2024-05-20 18:22:44,104 - mainlogger - INFO - Epoch 97  2.1941581331193447
2024-05-20 18:22:44,104 - mainlogger - INFO - ********************************************************************************
2024-05-20 18:23:33,880 - mainlogger - INFO - valid
2024-05-20 18:23:49,195 - mainlogger - INFO - Dice score: 0.7197
2024-05-20 18:23:49,196 - mainlogger - INFO - Accuracy: 0.9455
2024-05-20 18:23:49,196 - mainlogger - INFO - Epoch 98  2.1793740279972553
2024-05-20 18:23:49,196 - mainlogger - INFO - ********************************************************************************
2024-05-20 18:24:38,898 - mainlogger - INFO - valid
2024-05-20 18:24:54,302 - mainlogger - INFO - Dice score: 0.7303
2024-05-20 18:24:54,302 - mainlogger - INFO - Accuracy: 0.9436
2024-05-20 18:24:54,302 - mainlogger - INFO - 0.00014224175713617207->0.00012090549356574625
2024-05-20 18:24:54,302 - mainlogger - INFO - Epoch 99  2.1381303556263447
2024-05-20 18:24:54,302 - mainlogger - INFO - train
2024-05-20 18:25:40,762 - mainlogger - INFO - Dice score: 0.8973
2024-05-20 18:25:40,763 - mainlogger - INFO - Accuracy: 0.9749
2024-05-20 18:25:40,763 - mainlogger - INFO - test
2024-05-20 18:25:56,430 - mainlogger - INFO - Dice score: 0.7535
2024-05-20 18:25:56,430 - mainlogger - INFO - Accuracy: 0.9521
2024-05-20 18:25:56,430 - mainlogger - INFO - ********************************************************************************
2024-05-20 18:25:56,431 - mainlogger - INFO - (59, 63)
2024-05-20 18:25:56,431 - mainlogger - INFO - 0.734603326694559
