2024-05-17 22:07:28,328 - mainlogger - INFO - 35297
2024-05-17 22:07:28,328 - mainlogger - INFO - <class '__main__.Supervised'>
2024-05-17 22:07:28,328 - mainlogger - INFO - full/attnunet.yaml
2024-05-17 22:07:28,328 - mainlogger - INFO - {'desc': 'attention-unet', 'batch_size': 8, 'epochs': 100, 'init': True, 'root_dir': '/Dataset_BUSI', 'model': {'name': 'unet.attention_unet.AttentionUNet', 'args': {'channels': [32, 64, 128, 256, 256, 512, 512]}}, 'trainset': {'name': 'datasetBUSI.mask_busi_single.MaskBUSISingle', 'args': {'root_dir': '/Dataset_BUSI', 'image_names_path': 'labeled_all.txt', 'mode': 'train'}}, 'testset': {'name': 'datasetBUSI.mask_busi_single.MaskBUSISingle', 'args': {'root_dir': '/Dataset_BUSI', 'image_names_path': 'test.txt', 'mode': 'test'}}, 'validset': {'name': 'datasetBUSI.mask_busi_single.MaskBUSISingle', 'args': {'root_dir': '/Dataset_BUSI', 'image_names_path': 'val.txt', 'mode': 'test'}}, 'criterion': {'name': 'spgutils.focalloss.BinaryFocalLoss', 'args': {'gamma': 1}}, 'optimizer': {'name': 'torch.optim.Adam', 'args': {'lr': 0.0001}}, 'scheduler': {'name': 'torch.optim.lr_scheduler.ReduceLROnPlateau', 'args': {'mode': 'max', 'factor': 0.85, 'patience': 3}}}
2024-05-17 22:07:28,329 - mainlogger - INFO - 21.883240699768066
2024-05-17 22:07:28,330 - mainlogger - INFO - init with relu
2024-05-17 22:07:47,866 - mainlogger - INFO - Epoch 0  13.302195996046066
2024-05-17 22:07:47,867 - mainlogger - INFO - ********************************************************************************
2024-05-17 22:08:05,169 - mainlogger - INFO - Epoch 1  7.86314607411623
2024-05-17 22:08:05,170 - mainlogger - INFO - train
2024-05-17 22:08:22,016 - mainlogger - INFO - Dice score: 0.4713
2024-05-17 22:08:22,016 - mainlogger - INFO - Accuracy: 0.8975
2024-05-17 22:08:22,016 - mainlogger - INFO - test
2024-05-17 22:08:28,160 - mainlogger - INFO - Dice score: 0.4492
2024-05-17 22:08:28,160 - mainlogger - INFO - Accuracy: 0.905
2024-05-17 22:08:28,160 - mainlogger - INFO - ********************************************************************************
2024-05-17 22:08:45,868 - mainlogger - INFO - Epoch 2  6.915485017001629
2024-05-17 22:08:45,868 - mainlogger - INFO - ********************************************************************************
2024-05-17 22:09:03,152 - mainlogger - INFO - Epoch 3  6.3291101306676865
2024-05-17 22:09:03,153 - mainlogger - INFO - ********************************************************************************
2024-05-17 22:09:20,160 - mainlogger - INFO - Epoch 4  6.007388889789581
2024-05-17 22:09:20,161 - mainlogger - INFO - ********************************************************************************
2024-05-17 22:09:38,259 - mainlogger - INFO - Epoch 5  5.680092476308346
2024-05-17 22:09:38,260 - mainlogger - INFO - ********************************************************************************
2024-05-17 22:09:55,472 - mainlogger - INFO - Epoch 6  5.903635077178478
2024-05-17 22:09:55,473 - mainlogger - INFO - ********************************************************************************
2024-05-17 22:10:12,357 - mainlogger - INFO - Epoch 7  5.668296005576849
2024-05-17 22:10:12,357 - mainlogger - INFO - ********************************************************************************
2024-05-17 22:10:29,439 - mainlogger - INFO - Epoch 8  5.684221677482128
2024-05-17 22:10:29,439 - mainlogger - INFO - ********************************************************************************
2024-05-17 22:10:46,970 - mainlogger - INFO - Epoch 9  5.307721707969904
2024-05-17 22:10:46,970 - mainlogger - INFO - ********************************************************************************
2024-05-17 22:11:04,454 - mainlogger - INFO - Epoch 10  4.986932825297117
2024-05-17 22:11:04,454 - mainlogger - INFO - ********************************************************************************
2024-05-17 22:11:21,047 - mainlogger - INFO - Epoch 11  4.8170991614460945
2024-05-17 22:11:21,048 - mainlogger - INFO - train
2024-05-17 22:11:37,790 - mainlogger - INFO - Dice score: 0.7001
2024-05-17 22:11:37,791 - mainlogger - INFO - Accuracy: 0.9316
2024-05-17 22:11:37,791 - mainlogger - INFO - test
2024-05-17 22:11:43,423 - mainlogger - INFO - Dice score: 0.6554
2024-05-17 22:11:43,423 - mainlogger - INFO - Accuracy: 0.9378
2024-05-17 22:11:43,423 - mainlogger - INFO - ********************************************************************************
2024-05-17 22:12:00,776 - mainlogger - INFO - Epoch 12  4.769589636474848
2024-05-17 22:12:00,776 - mainlogger - INFO - ********************************************************************************
2024-05-17 22:12:18,056 - mainlogger - INFO - Epoch 13  4.475330710411072
2024-05-17 22:12:18,056 - mainlogger - INFO - ********************************************************************************
2024-05-17 22:12:35,857 - mainlogger - INFO - Epoch 14  4.477942623198032
2024-05-17 22:12:35,858 - mainlogger - INFO - ********************************************************************************
2024-05-17 22:12:52,551 - mainlogger - INFO - Epoch 15  4.195698160678148
2024-05-17 22:12:52,551 - mainlogger - INFO - ********************************************************************************
2024-05-17 22:13:09,935 - mainlogger - INFO - Epoch 16  4.341451443731785
2024-05-17 22:13:09,935 - mainlogger - INFO - ********************************************************************************
2024-05-17 22:13:27,059 - mainlogger - INFO - Epoch 17  4.1559863910079
2024-05-17 22:13:27,059 - mainlogger - INFO - ********************************************************************************
2024-05-17 22:13:44,153 - mainlogger - INFO - Epoch 18  4.106860749423504
2024-05-17 22:13:44,154 - mainlogger - INFO - ********************************************************************************
2024-05-17 22:14:01,253 - mainlogger - INFO - Epoch 19  3.9745394494384527
2024-05-17 22:14:01,253 - mainlogger - INFO - ********************************************************************************
2024-05-17 22:14:18,878 - mainlogger - INFO - Epoch 20  4.222797399386764
2024-05-17 22:14:18,879 - mainlogger - INFO - ********************************************************************************
2024-05-17 22:14:36,042 - mainlogger - INFO - Epoch 21  4.000773020088673
2024-05-17 22:14:36,043 - mainlogger - INFO - train
2024-05-17 22:14:52,914 - mainlogger - INFO - Dice score: 0.7792
2024-05-17 22:14:52,915 - mainlogger - INFO - Accuracy: 0.9448
2024-05-17 22:14:52,915 - mainlogger - INFO - test
2024-05-17 22:14:58,707 - mainlogger - INFO - Dice score: 0.7153
2024-05-17 22:14:58,708 - mainlogger - INFO - Accuracy: 0.9398
2024-05-17 22:14:58,708 - mainlogger - INFO - ********************************************************************************
2024-05-17 22:15:15,669 - mainlogger - INFO - Epoch 22  3.7354843243956566
2024-05-17 22:15:15,670 - mainlogger - INFO - ********************************************************************************
2024-05-17 22:15:32,755 - mainlogger - INFO - Epoch 23  3.670251779258251
2024-05-17 22:15:32,755 - mainlogger - INFO - ********************************************************************************
2024-05-17 22:15:49,875 - mainlogger - INFO - Epoch 24  3.4501423314213753
2024-05-17 22:15:49,875 - mainlogger - INFO - ********************************************************************************
2024-05-17 22:16:07,158 - mainlogger - INFO - Epoch 25  3.5747667364776134
2024-05-17 22:16:07,158 - mainlogger - INFO - ********************************************************************************
2024-05-17 22:16:23,931 - mainlogger - INFO - Epoch 26  3.537965912371874
2024-05-17 22:16:23,932 - mainlogger - INFO - ********************************************************************************
2024-05-17 22:16:40,969 - mainlogger - INFO - Epoch 27  3.463531384244561
2024-05-17 22:16:40,970 - mainlogger - INFO - ********************************************************************************
2024-05-17 22:16:58,042 - mainlogger - INFO - Epoch 28  3.7860776875168085
2024-05-17 22:16:58,042 - mainlogger - INFO - ********************************************************************************
2024-05-17 22:17:14,953 - mainlogger - INFO - Epoch 29  3.5037624277174473
2024-05-17 22:17:14,953 - mainlogger - INFO - ********************************************************************************
2024-05-17 22:17:32,255 - mainlogger - INFO - Epoch 30  3.4941896833479404
2024-05-17 22:17:32,255 - mainlogger - INFO - ********************************************************************************
2024-05-17 22:17:49,649 - mainlogger - INFO - Epoch 31  3.240439450368285
2024-05-17 22:17:49,649 - mainlogger - INFO - train
2024-05-17 22:18:06,231 - mainlogger - INFO - Dice score: 0.8224
2024-05-17 22:18:06,231 - mainlogger - INFO - Accuracy: 0.9589
2024-05-17 22:18:06,231 - mainlogger - INFO - test
2024-05-17 22:18:11,700 - mainlogger - INFO - Dice score: 0.7089
2024-05-17 22:18:11,701 - mainlogger - INFO - Accuracy: 0.9467
2024-05-17 22:18:11,701 - mainlogger - INFO - ********************************************************************************
2024-05-17 22:18:28,462 - mainlogger - INFO - Epoch 32  3.0035940762609243
2024-05-17 22:18:28,462 - mainlogger - INFO - ********************************************************************************
2024-05-17 22:18:45,749 - mainlogger - INFO - Epoch 33  3.24798128567636
2024-05-17 22:18:45,750 - mainlogger - INFO - ********************************************************************************
2024-05-17 22:19:02,457 - mainlogger - INFO - Epoch 34  3.58069920912385
2024-05-17 22:19:02,457 - mainlogger - INFO - ********************************************************************************
2024-05-17 22:19:19,959 - mainlogger - INFO - Epoch 35  3.2597138099372387
2024-05-17 22:19:19,959 - mainlogger - INFO - ********************************************************************************
2024-05-17 22:19:36,969 - mainlogger - INFO - Epoch 36  2.915786636993289
2024-05-17 22:19:36,970 - mainlogger - INFO - ********************************************************************************
2024-05-17 22:19:53,454 - mainlogger - INFO - Epoch 37  3.0507191587239504
2024-05-17 22:19:53,454 - mainlogger - INFO - ********************************************************************************
2024-05-17 22:20:10,152 - mainlogger - INFO - Epoch 38  2.8512133359909058
2024-05-17 22:20:10,152 - mainlogger - INFO - ********************************************************************************
2024-05-17 22:20:26,954 - mainlogger - INFO - Epoch 39  2.9562461264431477
2024-05-17 22:20:26,955 - mainlogger - INFO - ********************************************************************************
2024-05-17 22:20:44,043 - mainlogger - INFO - valid
2024-05-17 22:20:50,036 - mainlogger - INFO - Dice score: 0.6986
2024-05-17 22:20:50,037 - mainlogger - INFO - Accuracy: 0.9283
2024-05-17 22:20:50,037 - mainlogger - INFO - Epoch 40  3.1928722076117992
2024-05-17 22:20:50,037 - mainlogger - INFO - ********************************************************************************
2024-05-17 22:21:06,751 - mainlogger - INFO - valid
2024-05-17 22:21:12,292 - mainlogger - INFO - Dice score: 0.716
2024-05-17 22:21:12,292 - mainlogger - INFO - Accuracy: 0.9382
2024-05-17 22:21:12,292 - mainlogger - INFO - Epoch 41  3.160913784056902
2024-05-17 22:21:12,293 - mainlogger - INFO - train
2024-05-17 22:21:29,010 - mainlogger - INFO - Dice score: 0.8338
2024-05-17 22:21:29,011 - mainlogger - INFO - Accuracy: 0.9585
2024-05-17 22:21:29,011 - mainlogger - INFO - test
2024-05-17 22:21:34,696 - mainlogger - INFO - Dice score: 0.7525
2024-05-17 22:21:34,696 - mainlogger - INFO - Accuracy: 0.9482
2024-05-17 22:21:34,696 - mainlogger - INFO - ********************************************************************************
2024-05-17 22:21:52,058 - mainlogger - INFO - valid
2024-05-17 22:21:57,753 - mainlogger - INFO - Dice score: 0.704
2024-05-17 22:21:57,753 - mainlogger - INFO - Accuracy: 0.9313
2024-05-17 22:21:57,753 - mainlogger - INFO - Epoch 42  2.9007547851651907
2024-05-17 22:21:57,753 - mainlogger - INFO - ********************************************************************************
2024-05-17 22:22:15,046 - mainlogger - INFO - valid
2024-05-17 22:22:20,551 - mainlogger - INFO - Dice score: 0.7242
2024-05-17 22:22:20,551 - mainlogger - INFO - Accuracy: 0.9404
2024-05-17 22:22:20,551 - mainlogger - INFO - Epoch 43  2.6844945680350065
2024-05-17 22:22:20,551 - mainlogger - INFO - ********************************************************************************
2024-05-17 22:22:37,655 - mainlogger - INFO - valid
2024-05-17 22:22:43,359 - mainlogger - INFO - Dice score: 0.7066
2024-05-17 22:22:43,360 - mainlogger - INFO - Accuracy: 0.9432
2024-05-17 22:22:43,360 - mainlogger - INFO - Epoch 44  2.5647736229002476
2024-05-17 22:22:43,360 - mainlogger - INFO - ********************************************************************************
2024-05-17 22:23:00,147 - mainlogger - INFO - valid
2024-05-17 22:23:05,780 - mainlogger - INFO - Dice score: 0.7325
2024-05-17 22:23:05,781 - mainlogger - INFO - Accuracy: 0.9456
2024-05-17 22:23:05,781 - mainlogger - INFO - Epoch 45  3.1595460679382086
2024-05-17 22:23:05,781 - mainlogger - INFO - ********************************************************************************
2024-05-17 22:23:23,075 - mainlogger - INFO - valid
2024-05-17 22:23:28,670 - mainlogger - INFO - Dice score: 0.6951
2024-05-17 22:23:28,670 - mainlogger - INFO - Accuracy: 0.93
2024-05-17 22:23:28,670 - mainlogger - INFO - Epoch 46  3.016676126047969
2024-05-17 22:23:28,670 - mainlogger - INFO - ********************************************************************************
2024-05-17 22:23:46,056 - mainlogger - INFO - valid
2024-05-17 22:23:51,731 - mainlogger - INFO - Dice score: 0.7081
2024-05-17 22:23:51,731 - mainlogger - INFO - Accuracy: 0.947
2024-05-17 22:23:51,731 - mainlogger - INFO - Epoch 47  2.904084950685501
2024-05-17 22:23:51,731 - mainlogger - INFO - ********************************************************************************
2024-05-17 22:24:09,664 - mainlogger - INFO - valid
2024-05-17 22:24:15,360 - mainlogger - INFO - Dice score: 0.6934
2024-05-17 22:24:15,361 - mainlogger - INFO - Accuracy: 0.934
2024-05-17 22:24:15,361 - mainlogger - INFO - Epoch 48  2.750246975570917
2024-05-17 22:24:15,361 - mainlogger - INFO - ********************************************************************************
2024-05-17 22:24:32,765 - mainlogger - INFO - valid
2024-05-17 22:24:38,399 - mainlogger - INFO - Dice score: 0.7055
2024-05-17 22:24:38,399 - mainlogger - INFO - Accuracy: 0.9364
2024-05-17 22:24:38,399 - mainlogger - INFO - 0.0001->8.5e-05
2024-05-17 22:24:38,399 - mainlogger - INFO - Epoch 49  2.501142719760537
2024-05-17 22:24:38,399 - mainlogger - INFO - ********************************************************************************
2024-05-17 22:24:55,452 - mainlogger - INFO - valid
2024-05-17 22:25:01,139 - mainlogger - INFO - Dice score: 0.7169
2024-05-17 22:25:01,140 - mainlogger - INFO - Accuracy: 0.9418
2024-05-17 22:25:01,140 - mainlogger - INFO - Epoch 50  2.777277098968625
2024-05-17 22:25:01,140 - mainlogger - INFO - ********************************************************************************
2024-05-17 22:25:18,365 - mainlogger - INFO - valid
2024-05-17 22:25:23,884 - mainlogger - INFO - Dice score: 0.7044
2024-05-17 22:25:23,884 - mainlogger - INFO - Accuracy: 0.9432
2024-05-17 22:25:23,884 - mainlogger - INFO - Epoch 51  2.611761298030615
2024-05-17 22:25:23,885 - mainlogger - INFO - train
2024-05-17 22:25:40,405 - mainlogger - INFO - Dice score: 0.8343
2024-05-17 22:25:40,405 - mainlogger - INFO - Accuracy: 0.9621
2024-05-17 22:25:40,405 - mainlogger - INFO - test
2024-05-17 22:25:46,045 - mainlogger - INFO - Dice score: 0.7109
2024-05-17 22:25:46,045 - mainlogger - INFO - Accuracy: 0.9495
2024-05-17 22:25:46,045 - mainlogger - INFO - ********************************************************************************
2024-05-17 22:26:03,248 - mainlogger - INFO - valid
2024-05-17 22:26:08,891 - mainlogger - INFO - Dice score: 0.7134
2024-05-17 22:26:08,891 - mainlogger - INFO - Accuracy: 0.9432
2024-05-17 22:26:08,892 - mainlogger - INFO - Epoch 52  2.2904334776103497
2024-05-17 22:26:08,892 - mainlogger - INFO - ********************************************************************************
2024-05-17 22:26:26,146 - mainlogger - INFO - valid
2024-05-17 22:26:31,879 - mainlogger - INFO - Dice score: 0.6844
2024-05-17 22:26:31,879 - mainlogger - INFO - Accuracy: 0.9421
2024-05-17 22:26:31,879 - mainlogger - INFO - 8.5e-05->7.225000000000001e-05
2024-05-17 22:26:31,879 - mainlogger - INFO - Epoch 53  2.47996224462986
2024-05-17 22:26:31,879 - mainlogger - INFO - ********************************************************************************
2024-05-17 22:26:49,745 - mainlogger - INFO - valid
2024-05-17 22:26:55,193 - mainlogger - INFO - Dice score: 0.7011
2024-05-17 22:26:55,193 - mainlogger - INFO - Accuracy: 0.9429
2024-05-17 22:26:55,194 - mainlogger - INFO - Epoch 54  2.2672169655561447
2024-05-17 22:26:55,194 - mainlogger - INFO - ********************************************************************************
2024-05-17 22:27:12,556 - mainlogger - INFO - valid
2024-05-17 22:27:18,177 - mainlogger - INFO - Dice score: 0.6983
2024-05-17 22:27:18,177 - mainlogger - INFO - Accuracy: 0.9356
2024-05-17 22:27:18,177 - mainlogger - INFO - Epoch 55  2.3482308266684413
2024-05-17 22:27:18,177 - mainlogger - INFO - ********************************************************************************
2024-05-17 22:27:35,849 - mainlogger - INFO - valid
2024-05-17 22:27:41,354 - mainlogger - INFO - Dice score: 0.7103
2024-05-17 22:27:41,354 - mainlogger - INFO - Accuracy: 0.9414
2024-05-17 22:27:41,354 - mainlogger - INFO - Epoch 56  2.154925247654319
2024-05-17 22:27:41,354 - mainlogger - INFO - ********************************************************************************
2024-05-17 22:27:58,866 - mainlogger - INFO - valid
2024-05-17 22:28:04,451 - mainlogger - INFO - Dice score: 0.7234
2024-05-17 22:28:04,451 - mainlogger - INFO - Accuracy: 0.9438
2024-05-17 22:28:04,451 - mainlogger - INFO - 7.225000000000001e-05->6.141250000000001e-05
2024-05-17 22:28:04,451 - mainlogger - INFO - Epoch 57  2.0543824899941683
2024-05-17 22:28:04,451 - mainlogger - INFO - ********************************************************************************
2024-05-17 22:28:21,672 - mainlogger - INFO - valid
2024-05-17 22:28:27,340 - mainlogger - INFO - Dice score: 0.6995
2024-05-17 22:28:27,341 - mainlogger - INFO - Accuracy: 0.9394
2024-05-17 22:28:27,341 - mainlogger - INFO - Epoch 58  2.02643864415586
2024-05-17 22:28:27,341 - mainlogger - INFO - ********************************************************************************
2024-05-17 22:28:44,860 - mainlogger - INFO - valid
2024-05-17 22:28:50,447 - mainlogger - INFO - Dice score: 0.7309
2024-05-17 22:28:50,447 - mainlogger - INFO - Accuracy: 0.946
2024-05-17 22:28:50,447 - mainlogger - INFO - Epoch 59  2.08459809795022
2024-05-17 22:28:50,447 - mainlogger - INFO - ********************************************************************************
2024-05-17 22:29:08,160 - mainlogger - INFO - valid
2024-05-17 22:29:13,756 - mainlogger - INFO - Dice score: 0.7128
2024-05-17 22:29:13,756 - mainlogger - INFO - Accuracy: 0.94
2024-05-17 22:29:13,756 - mainlogger - INFO - Epoch 60  2.1047860141843557
2024-05-17 22:29:13,756 - mainlogger - INFO - ********************************************************************************
2024-05-17 22:29:31,038 - mainlogger - INFO - valid
2024-05-17 22:29:36,647 - mainlogger - INFO - Dice score: 0.7362
2024-05-17 22:29:36,647 - mainlogger - INFO - Accuracy: 0.9458
2024-05-17 22:29:36,647 - mainlogger - INFO - Epoch 61  2.0661043599247932
2024-05-17 22:29:36,647 - mainlogger - INFO - train
2024-05-17 22:29:53,234 - mainlogger - INFO - Dice score: 0.8879
2024-05-17 22:29:53,235 - mainlogger - INFO - Accuracy: 0.9724
2024-05-17 22:29:53,235 - mainlogger - INFO - test
2024-05-17 22:29:58,815 - mainlogger - INFO - Dice score: 0.7434
2024-05-17 22:29:58,815 - mainlogger - INFO - Accuracy: 0.9501
2024-05-17 22:29:58,815 - mainlogger - INFO - ********************************************************************************
2024-05-17 22:30:16,246 - mainlogger - INFO - valid
2024-05-17 22:30:21,763 - mainlogger - INFO - Dice score: 0.7296
2024-05-17 22:30:21,764 - mainlogger - INFO - Accuracy: 0.9467
2024-05-17 22:30:21,764 - mainlogger - INFO - Epoch 62  1.810830906033516
2024-05-17 22:30:21,764 - mainlogger - INFO - ********************************************************************************
2024-05-17 22:30:38,736 - mainlogger - INFO - valid
2024-05-17 22:30:44,192 - mainlogger - INFO - Dice score: 0.7126
2024-05-17 22:30:44,193 - mainlogger - INFO - Accuracy: 0.945
2024-05-17 22:30:44,193 - mainlogger - INFO - Epoch 63  1.9386876598000526
2024-05-17 22:30:44,193 - mainlogger - INFO - ********************************************************************************
2024-05-17 22:31:01,862 - mainlogger - INFO - valid
2024-05-17 22:31:07,371 - mainlogger - INFO - Dice score: 0.7258
2024-05-17 22:31:07,371 - mainlogger - INFO - Accuracy: 0.9456
2024-05-17 22:31:07,371 - mainlogger - INFO - Epoch 64  1.8473802879452705
2024-05-17 22:31:07,371 - mainlogger - INFO - ********************************************************************************
2024-05-17 22:31:25,042 - mainlogger - INFO - valid
2024-05-17 22:31:30,608 - mainlogger - INFO - Dice score: 0.7285
2024-05-17 22:31:30,608 - mainlogger - INFO - Accuracy: 0.9427
2024-05-17 22:31:30,608 - mainlogger - INFO - 6.141250000000001e-05->5.2200625000000005e-05
2024-05-17 22:31:30,608 - mainlogger - INFO - Epoch 65  1.7155326399952173
2024-05-17 22:31:30,609 - mainlogger - INFO - ********************************************************************************
2024-05-17 22:31:47,946 - mainlogger - INFO - valid
2024-05-17 22:31:53,542 - mainlogger - INFO - Dice score: 0.734
2024-05-17 22:31:53,542 - mainlogger - INFO - Accuracy: 0.9467
2024-05-17 22:31:53,543 - mainlogger - INFO - Epoch 66  1.6375797195360065
2024-05-17 22:31:53,543 - mainlogger - INFO - ********************************************************************************
2024-05-17 22:32:10,853 - mainlogger - INFO - valid
2024-05-17 22:32:16,473 - mainlogger - INFO - Dice score: 0.732
2024-05-17 22:32:16,473 - mainlogger - INFO - Accuracy: 0.9466
2024-05-17 22:32:16,473 - mainlogger - INFO - Epoch 67  1.5983475726097822
2024-05-17 22:32:16,473 - mainlogger - INFO - ********************************************************************************
2024-05-17 22:32:34,042 - mainlogger - INFO - valid
2024-05-17 22:32:39,630 - mainlogger - INFO - Dice score: 0.7485
2024-05-17 22:32:39,630 - mainlogger - INFO - Accuracy: 0.9461
2024-05-17 22:32:39,630 - mainlogger - INFO - Epoch 68  1.8495258400216699
2024-05-17 22:32:39,630 - mainlogger - INFO - ********************************************************************************
2024-05-17 22:32:57,470 - mainlogger - INFO - valid
2024-05-17 22:33:02,952 - mainlogger - INFO - Dice score: 0.7332
2024-05-17 22:33:02,952 - mainlogger - INFO - Accuracy: 0.9491
2024-05-17 22:33:02,952 - mainlogger - INFO - Epoch 69  1.832615265622735
2024-05-17 22:33:02,952 - mainlogger - INFO - ********************************************************************************
2024-05-17 22:33:20,441 - mainlogger - INFO - valid
2024-05-17 22:33:26,083 - mainlogger - INFO - Dice score: 0.7097
2024-05-17 22:33:26,083 - mainlogger - INFO - Accuracy: 0.9375
2024-05-17 22:33:26,083 - mainlogger - INFO - Epoch 70  1.8465587794780731
2024-05-17 22:33:26,083 - mainlogger - INFO - ********************************************************************************
2024-05-17 22:33:43,851 - mainlogger - INFO - valid
2024-05-17 22:33:49,521 - mainlogger - INFO - Dice score: 0.734
2024-05-17 22:33:49,522 - mainlogger - INFO - Accuracy: 0.9449
2024-05-17 22:33:49,522 - mainlogger - INFO - Epoch 71  1.7502568354830146
2024-05-17 22:33:49,522 - mainlogger - INFO - train
2024-05-17 22:34:06,377 - mainlogger - INFO - Dice score: 0.9029
2024-05-17 22:34:06,378 - mainlogger - INFO - Accuracy: 0.9758
2024-05-17 22:34:06,378 - mainlogger - INFO - test
2024-05-17 22:34:12,100 - mainlogger - INFO - Dice score: 0.7434
2024-05-17 22:34:12,100 - mainlogger - INFO - Accuracy: 0.952
2024-05-17 22:34:12,100 - mainlogger - INFO - ********************************************************************************
2024-05-17 22:34:29,859 - mainlogger - INFO - valid
2024-05-17 22:34:35,490 - mainlogger - INFO - Dice score: 0.7308
2024-05-17 22:34:35,490 - mainlogger - INFO - Accuracy: 0.9459
2024-05-17 22:34:35,490 - mainlogger - INFO - 5.2200625000000005e-05->4.437053125e-05
2024-05-17 22:34:35,490 - mainlogger - INFO - Epoch 72  1.7882191874086857
2024-05-17 22:34:35,490 - mainlogger - INFO - ********************************************************************************
2024-05-17 22:34:52,756 - mainlogger - INFO - valid
2024-05-17 22:34:58,312 - mainlogger - INFO - Dice score: 0.7075
2024-05-17 22:34:58,312 - mainlogger - INFO - Accuracy: 0.9406
2024-05-17 22:34:58,312 - mainlogger - INFO - Epoch 73  1.550135986879468
2024-05-17 22:34:58,312 - mainlogger - INFO - ********************************************************************************
2024-05-17 22:35:15,429 - mainlogger - INFO - valid
2024-05-17 22:35:20,990 - mainlogger - INFO - Dice score: 0.7186
2024-05-17 22:35:20,990 - mainlogger - INFO - Accuracy: 0.9406
2024-05-17 22:35:20,990 - mainlogger - INFO - Epoch 74  1.5741963442415
2024-05-17 22:35:20,990 - mainlogger - INFO - ********************************************************************************
2024-05-17 22:35:38,342 - mainlogger - INFO - valid
2024-05-17 22:35:43,851 - mainlogger - INFO - Dice score: 0.7346
2024-05-17 22:35:43,851 - mainlogger - INFO - Accuracy: 0.9465
2024-05-17 22:35:43,851 - mainlogger - INFO - Epoch 75  1.7697376254945993
2024-05-17 22:35:43,851 - mainlogger - INFO - ********************************************************************************
2024-05-17 22:36:01,463 - mainlogger - INFO - valid
2024-05-17 22:36:06,989 - mainlogger - INFO - Dice score: 0.7331
2024-05-17 22:36:06,989 - mainlogger - INFO - Accuracy: 0.9487
2024-05-17 22:36:06,989 - mainlogger - INFO - 4.437053125e-05->3.77149515625e-05
2024-05-17 22:36:06,989 - mainlogger - INFO - Epoch 76  1.714898170903325
2024-05-17 22:36:06,989 - mainlogger - INFO - ********************************************************************************
2024-05-17 22:36:24,657 - mainlogger - INFO - valid
2024-05-17 22:36:30,176 - mainlogger - INFO - Dice score: 0.754
2024-05-17 22:36:30,176 - mainlogger - INFO - Accuracy: 0.9528
2024-05-17 22:36:30,176 - mainlogger - INFO - Epoch 77  1.5524322558194399
2024-05-17 22:36:30,176 - mainlogger - INFO - ********************************************************************************
2024-05-17 22:36:48,178 - mainlogger - INFO - valid
2024-05-17 22:36:53,684 - mainlogger - INFO - Dice score: 0.7225
2024-05-17 22:36:53,684 - mainlogger - INFO - Accuracy: 0.9427
2024-05-17 22:36:53,684 - mainlogger - INFO - Epoch 78  1.7782466700300574
2024-05-17 22:36:53,684 - mainlogger - INFO - ********************************************************************************
2024-05-17 22:37:10,769 - mainlogger - INFO - valid
2024-05-17 22:37:16,274 - mainlogger - INFO - Dice score: 0.7293
2024-05-17 22:37:16,274 - mainlogger - INFO - Accuracy: 0.9447
2024-05-17 22:37:16,274 - mainlogger - INFO - Epoch 79  1.5426469324156642
2024-05-17 22:37:16,274 - mainlogger - INFO - ********************************************************************************
2024-05-17 22:37:33,671 - mainlogger - INFO - valid
2024-05-17 22:37:39,285 - mainlogger - INFO - Dice score: 0.7122
2024-05-17 22:37:39,285 - mainlogger - INFO - Accuracy: 0.9442
2024-05-17 22:37:39,285 - mainlogger - INFO - Epoch 80  1.6031141206622124
2024-05-17 22:37:39,285 - mainlogger - INFO - ********************************************************************************
2024-05-17 22:37:57,348 - mainlogger - INFO - valid
2024-05-17 22:38:02,876 - mainlogger - INFO - Dice score: 0.73
2024-05-17 22:38:02,876 - mainlogger - INFO - Accuracy: 0.946
2024-05-17 22:38:02,877 - mainlogger - INFO - 3.77149515625e-05->3.2057708828124995e-05
2024-05-17 22:38:02,877 - mainlogger - INFO - Epoch 81  1.564824616536498
2024-05-17 22:38:02,877 - mainlogger - INFO - train
2024-05-17 22:38:19,616 - mainlogger - INFO - Dice score: 0.9101
2024-05-17 22:38:19,617 - mainlogger - INFO - Accuracy: 0.9776
2024-05-17 22:38:19,617 - mainlogger - INFO - test
2024-05-17 22:38:25,098 - mainlogger - INFO - Dice score: 0.746
2024-05-17 22:38:25,099 - mainlogger - INFO - Accuracy: 0.952
2024-05-17 22:38:25,099 - mainlogger - INFO - ********************************************************************************
2024-05-17 22:38:42,446 - mainlogger - INFO - valid
2024-05-17 22:38:47,988 - mainlogger - INFO - Dice score: 0.7192
2024-05-17 22:38:47,988 - mainlogger - INFO - Accuracy: 0.9453
2024-05-17 22:38:47,988 - mainlogger - INFO - Epoch 82  1.6198957823216915
2024-05-17 22:38:47,988 - mainlogger - INFO - ********************************************************************************
2024-05-17 22:39:05,059 - mainlogger - INFO - valid
2024-05-17 22:39:10,545 - mainlogger - INFO - Dice score: 0.6982
2024-05-17 22:39:10,545 - mainlogger - INFO - Accuracy: 0.9437
2024-05-17 22:39:10,545 - mainlogger - INFO - Epoch 83  1.3479916183277965
2024-05-17 22:39:10,545 - mainlogger - INFO - ********************************************************************************
2024-05-17 22:39:27,973 - mainlogger - INFO - valid
2024-05-17 22:39:33,516 - mainlogger - INFO - Dice score: 0.7326
2024-05-17 22:39:33,516 - mainlogger - INFO - Accuracy: 0.9486
2024-05-17 22:39:33,516 - mainlogger - INFO - Epoch 84  1.6717631574720144
2024-05-17 22:39:33,516 - mainlogger - INFO - ********************************************************************************
2024-05-17 22:39:50,941 - mainlogger - INFO - valid
2024-05-17 22:39:56,638 - mainlogger - INFO - Dice score: 0.7296
2024-05-17 22:39:56,638 - mainlogger - INFO - Accuracy: 0.9458
2024-05-17 22:39:56,638 - mainlogger - INFO - 3.2057708828124995e-05->2.7249052503906245e-05
2024-05-17 22:39:56,638 - mainlogger - INFO - Epoch 85  1.4690598417073488
2024-05-17 22:39:56,638 - mainlogger - INFO - ********************************************************************************
2024-05-17 22:40:13,451 - mainlogger - INFO - valid
2024-05-17 22:40:19,113 - mainlogger - INFO - Dice score: 0.7408
2024-05-17 22:40:19,114 - mainlogger - INFO - Accuracy: 0.9493
2024-05-17 22:40:19,114 - mainlogger - INFO - Epoch 86  1.4273572666570544
2024-05-17 22:40:19,114 - mainlogger - INFO - ********************************************************************************
2024-05-17 22:40:36,681 - mainlogger - INFO - valid
2024-05-17 22:40:42,262 - mainlogger - INFO - Dice score: 0.7321
2024-05-17 22:40:42,262 - mainlogger - INFO - Accuracy: 0.9456
2024-05-17 22:40:42,263 - mainlogger - INFO - Epoch 87  1.3165696263313293
2024-05-17 22:40:42,263 - mainlogger - INFO - ********************************************************************************
2024-05-17 22:41:00,237 - mainlogger - INFO - valid
2024-05-17 22:41:05,836 - mainlogger - INFO - Dice score: 0.7346
2024-05-17 22:41:05,836 - mainlogger - INFO - Accuracy: 0.9489
2024-05-17 22:41:05,837 - mainlogger - INFO - Epoch 88  1.27580776065588
2024-05-17 22:41:05,837 - mainlogger - INFO - ********************************************************************************
2024-05-17 22:41:23,052 - mainlogger - INFO - valid
2024-05-17 22:41:28,675 - mainlogger - INFO - Dice score: 0.7376
2024-05-17 22:41:28,675 - mainlogger - INFO - Accuracy: 0.9472
2024-05-17 22:41:28,675 - mainlogger - INFO - 2.7249052503906245e-05->2.3161694628320308e-05
2024-05-17 22:41:28,675 - mainlogger - INFO - Epoch 89  1.205576529726386
2024-05-17 22:41:28,675 - mainlogger - INFO - ********************************************************************************
2024-05-17 22:41:45,971 - mainlogger - INFO - valid
2024-05-17 22:41:51,632 - mainlogger - INFO - Dice score: 0.7371
2024-05-17 22:41:51,633 - mainlogger - INFO - Accuracy: 0.9482
2024-05-17 22:41:51,633 - mainlogger - INFO - Epoch 90  1.2913591107353568
2024-05-17 22:41:51,633 - mainlogger - INFO - ********************************************************************************
2024-05-17 22:42:09,130 - mainlogger - INFO - valid
2024-05-17 22:42:14,582 - mainlogger - INFO - Dice score: 0.7325
2024-05-17 22:42:14,582 - mainlogger - INFO - Accuracy: 0.9477
2024-05-17 22:42:14,582 - mainlogger - INFO - Epoch 91  1.3777086129412055
2024-05-17 22:42:14,583 - mainlogger - INFO - train
2024-05-17 22:42:31,123 - mainlogger - INFO - Dice score: 0.9199
2024-05-17 22:42:31,123 - mainlogger - INFO - Accuracy: 0.9801
2024-05-17 22:42:31,123 - mainlogger - INFO - test
2024-05-17 22:42:36,804 - mainlogger - INFO - Dice score: 0.7402
2024-05-17 22:42:36,804 - mainlogger - INFO - Accuracy: 0.9524
2024-05-17 22:42:36,804 - mainlogger - INFO - ********************************************************************************
2024-05-17 22:42:54,888 - mainlogger - INFO - valid
2024-05-17 22:43:00,494 - mainlogger - INFO - Dice score: 0.7298
2024-05-17 22:43:00,494 - mainlogger - INFO - Accuracy: 0.9454
2024-05-17 22:43:00,494 - mainlogger - INFO - Epoch 92  1.3062885096296668
2024-05-17 22:43:00,494 - mainlogger - INFO - ********************************************************************************
2024-05-17 22:43:18,063 - mainlogger - INFO - valid
2024-05-17 22:43:23,727 - mainlogger - INFO - Dice score: 0.7343
2024-05-17 22:43:23,727 - mainlogger - INFO - Accuracy: 0.946
2024-05-17 22:43:23,727 - mainlogger - INFO - 2.3161694628320308e-05->1.9687440434072263e-05
2024-05-17 22:43:23,727 - mainlogger - INFO - Epoch 93  1.2864743773825467
2024-05-17 22:43:23,727 - mainlogger - INFO - ********************************************************************************
2024-05-17 22:43:40,852 - mainlogger - INFO - valid
2024-05-17 22:43:46,689 - mainlogger - INFO - Dice score: 0.7296
2024-05-17 22:43:46,689 - mainlogger - INFO - Accuracy: 0.9481
2024-05-17 22:43:46,689 - mainlogger - INFO - Epoch 94  1.1656374288722873
2024-05-17 22:43:46,689 - mainlogger - INFO - ********************************************************************************
2024-05-17 22:44:04,069 - mainlogger - INFO - valid
2024-05-17 22:44:09,652 - mainlogger - INFO - Dice score: 0.7299
2024-05-17 22:44:09,652 - mainlogger - INFO - Accuracy: 0.9469
2024-05-17 22:44:09,652 - mainlogger - INFO - Epoch 95  1.1776393242180347
2024-05-17 22:44:09,652 - mainlogger - INFO - ********************************************************************************
2024-05-17 22:44:27,456 - mainlogger - INFO - valid
2024-05-17 22:44:33,066 - mainlogger - INFO - Dice score: 0.7367
2024-05-17 22:44:33,066 - mainlogger - INFO - Accuracy: 0.9479
2024-05-17 22:44:33,066 - mainlogger - INFO - Epoch 96  1.2618385180830956
2024-05-17 22:44:33,066 - mainlogger - INFO - ********************************************************************************
2024-05-17 22:44:51,465 - mainlogger - INFO - valid
2024-05-17 22:44:57,192 - mainlogger - INFO - Dice score: 0.7272
2024-05-17 22:44:57,192 - mainlogger - INFO - Accuracy: 0.9465
2024-05-17 22:44:57,192 - mainlogger - INFO - 1.9687440434072263e-05->1.673432436896142e-05
2024-05-17 22:44:57,192 - mainlogger - INFO - Epoch 97  1.2264448795467615
2024-05-17 22:44:57,192 - mainlogger - INFO - ********************************************************************************
2024-05-17 22:45:15,165 - mainlogger - INFO - valid
2024-05-17 22:45:20,821 - mainlogger - INFO - Dice score: 0.7311
2024-05-17 22:45:20,822 - mainlogger - INFO - Accuracy: 0.9462
2024-05-17 22:45:20,822 - mainlogger - INFO - Epoch 98  1.1455932212993503
2024-05-17 22:45:20,822 - mainlogger - INFO - ********************************************************************************
2024-05-17 22:45:38,779 - mainlogger - INFO - valid
2024-05-17 22:45:44,631 - mainlogger - INFO - Dice score: 0.7399
2024-05-17 22:45:44,631 - mainlogger - INFO - Accuracy: 0.9504
2024-05-17 22:45:44,632 - mainlogger - INFO - Epoch 99  1.1724707069806755
2024-05-17 22:45:44,632 - mainlogger - INFO - train
2024-05-17 22:46:01,722 - mainlogger - INFO - Dice score: 0.9215
2024-05-17 22:46:01,723 - mainlogger - INFO - Accuracy: 0.9807
2024-05-17 22:46:01,723 - mainlogger - INFO - test
2024-05-17 22:46:07,498 - mainlogger - INFO - Dice score: 0.7158
2024-05-17 22:46:07,498 - mainlogger - INFO - Accuracy: 0.9491
2024-05-17 22:46:07,498 - mainlogger - INFO - ********************************************************************************
2024-05-17 22:46:07,499 - mainlogger - INFO - (86, 90)
2024-05-17 22:46:07,499 - mainlogger - INFO - 0.736466010685368
