2024-05-17 19:46:01,891 - mainlogger - INFO - 33013
2024-05-17 19:46:01,891 - mainlogger - INFO - <class '__main__.Supervised'>
2024-05-17 19:46:01,891 - mainlogger - INFO - full/unet.yaml
2024-05-17 19:46:01,891 - mainlogger - INFO - {'desc': 'first', 'batch_size': 8, 'epochs': 100, 'init': True, 'root_dir': '/Dataset_BUSI', 'model': {'name': 'unet.unet.Unet', 'args': {'channels': [32, 64, 128, 256, 256, 512, 512]}}, 'trainset': {'name': 'datasetBUSI.mask_busi_single.MaskBUSISingle', 'args': {'root_dir': '/Dataset_BUSI', 'image_names_path': 'labeled_all.txt', 'mode': 'train'}}, 'testset': {'name': 'datasetBUSI.mask_busi_single.MaskBUSISingle', 'args': {'root_dir': '/Dataset_BUSI', 'image_names_path': 'test.txt', 'mode': 'test'}}, 'validset': {'name': 'datasetBUSI.mask_busi_single.MaskBUSISingle', 'args': {'root_dir': '/Dataset_BUSI', 'image_names_path': 'val.txt', 'mode': 'test'}}, 'criterion': {'name': 'spgutils.focalloss.BinaryFocalLoss', 'args': {'gamma': 1}}, 'optimizer': {'name': 'torch.optim.Adam', 'args': {'lr': 0.0001}}, 'scheduler': {'name': 'torch.optim.lr_scheduler.ReduceLROnPlateau', 'args': {'mode': 'max', 'factor': 0.85, 'patience': 3}}}
2024-05-17 19:46:01,891 - mainlogger - INFO - 21.285218238830566
2024-05-17 19:46:01,893 - mainlogger - INFO - init with relu
2024-05-17 19:46:20,794 - mainlogger - INFO - Epoch 0  21.13318771123886
2024-05-17 19:46:20,795 - mainlogger - INFO - ********************************************************************************
2024-05-17 19:46:37,932 - mainlogger - INFO - Epoch 1  8.538837231695652
2024-05-17 19:46:37,933 - mainlogger - INFO - train
2024-05-17 19:46:55,653 - mainlogger - INFO - Dice score: 0.4624
2024-05-17 19:46:55,653 - mainlogger - INFO - Accuracy: 0.8925
2024-05-17 19:46:55,653 - mainlogger - INFO - test
2024-05-17 19:47:02,094 - mainlogger - INFO - Dice score: 0.4498
2024-05-17 19:47:02,094 - mainlogger - INFO - Accuracy: 0.9033
2024-05-17 19:47:02,095 - mainlogger - INFO - ********************************************************************************
2024-05-17 19:47:18,633 - mainlogger - INFO - Epoch 2  7.085862636566162
2024-05-17 19:47:18,634 - mainlogger - INFO - ********************************************************************************
2024-05-17 19:47:35,336 - mainlogger - INFO - Epoch 3  6.6340378895401955
2024-05-17 19:47:35,337 - mainlogger - INFO - ********************************************************************************
2024-05-17 19:47:51,436 - mainlogger - INFO - Epoch 4  6.171877034008503
2024-05-17 19:47:51,436 - mainlogger - INFO - ********************************************************************************
2024-05-17 19:48:08,054 - mainlogger - INFO - Epoch 5  5.694659493863583
2024-05-17 19:48:08,054 - mainlogger - INFO - ********************************************************************************
2024-05-17 19:48:24,339 - mainlogger - INFO - Epoch 6  5.816862743347883
2024-05-17 19:48:24,340 - mainlogger - INFO - ********************************************************************************
2024-05-17 19:48:40,656 - mainlogger - INFO - Epoch 7  5.5642665177583694
2024-05-17 19:48:40,657 - mainlogger - INFO - ********************************************************************************
2024-05-17 19:48:57,835 - mainlogger - INFO - Epoch 8  5.772864542901516
2024-05-17 19:48:57,836 - mainlogger - INFO - ********************************************************************************
2024-05-17 19:49:14,557 - mainlogger - INFO - Epoch 9  5.0590557381510735
2024-05-17 19:49:14,558 - mainlogger - INFO - ********************************************************************************
2024-05-17 19:49:30,944 - mainlogger - INFO - Epoch 10  4.976069323718548
2024-05-17 19:49:30,944 - mainlogger - INFO - ********************************************************************************
2024-05-17 19:49:47,521 - mainlogger - INFO - Epoch 11  4.786693815141916
2024-05-17 19:49:47,522 - mainlogger - INFO - train
2024-05-17 19:50:03,910 - mainlogger - INFO - Dice score: 0.7111
2024-05-17 19:50:03,910 - mainlogger - INFO - Accuracy: 0.935
2024-05-17 19:50:03,910 - mainlogger - INFO - test
2024-05-17 19:50:09,608 - mainlogger - INFO - Dice score: 0.6273
2024-05-17 19:50:09,608 - mainlogger - INFO - Accuracy: 0.9366
2024-05-17 19:50:09,608 - mainlogger - INFO - ********************************************************************************
2024-05-17 19:50:26,138 - mainlogger - INFO - Epoch 12  4.590839616954327
2024-05-17 19:50:26,139 - mainlogger - INFO - ********************************************************************************
2024-05-17 19:50:42,532 - mainlogger - INFO - Epoch 13  4.430135868489742
2024-05-17 19:50:42,533 - mainlogger - INFO - ********************************************************************************
2024-05-17 19:50:58,835 - mainlogger - INFO - Epoch 14  4.379087466746569
2024-05-17 19:50:58,835 - mainlogger - INFO - ********************************************************************************
2024-05-17 19:51:15,144 - mainlogger - INFO - Epoch 15  4.16945730894804
2024-05-17 19:51:15,144 - mainlogger - INFO - ********************************************************************************
2024-05-17 19:51:31,637 - mainlogger - INFO - Epoch 16  4.0645158514380455
2024-05-17 19:51:31,638 - mainlogger - INFO - ********************************************************************************
2024-05-17 19:51:48,136 - mainlogger - INFO - Epoch 17  4.001246925443411
2024-05-17 19:51:48,137 - mainlogger - INFO - ********************************************************************************
2024-05-17 19:52:04,619 - mainlogger - INFO - Epoch 18  4.040699291974306
2024-05-17 19:52:04,619 - mainlogger - INFO - ********************************************************************************
2024-05-17 19:52:21,236 - mainlogger - INFO - Epoch 19  3.8294224962592125
2024-05-17 19:52:21,237 - mainlogger - INFO - ********************************************************************************
2024-05-17 19:52:37,462 - mainlogger - INFO - Epoch 20  3.908630810678005
2024-05-17 19:52:37,463 - mainlogger - INFO - ********************************************************************************
2024-05-17 19:52:53,433 - mainlogger - INFO - Epoch 21  4.056697729974985
2024-05-17 19:52:53,434 - mainlogger - INFO - train
2024-05-17 19:53:10,281 - mainlogger - INFO - Dice score: 0.7181
2024-05-17 19:53:10,282 - mainlogger - INFO - Accuracy: 0.926
2024-05-17 19:53:10,282 - mainlogger - INFO - test
2024-05-17 19:53:16,100 - mainlogger - INFO - Dice score: 0.6378
2024-05-17 19:53:16,101 - mainlogger - INFO - Accuracy: 0.913
2024-05-17 19:53:16,101 - mainlogger - INFO - ********************************************************************************
2024-05-17 19:53:32,622 - mainlogger - INFO - Epoch 22  3.713235929608345
2024-05-17 19:53:32,623 - mainlogger - INFO - ********************************************************************************
2024-05-17 19:53:49,146 - mainlogger - INFO - Epoch 23  3.60505510866642
2024-05-17 19:53:49,146 - mainlogger - INFO - ********************************************************************************
2024-05-17 19:54:05,541 - mainlogger - INFO - Epoch 24  3.477125734090805
2024-05-17 19:54:05,542 - mainlogger - INFO - ********************************************************************************
2024-05-17 19:54:21,942 - mainlogger - INFO - Epoch 25  3.50557729229331
2024-05-17 19:54:21,943 - mainlogger - INFO - ********************************************************************************
2024-05-17 19:54:38,230 - mainlogger - INFO - Epoch 26  3.5174430757761
2024-05-17 19:54:38,231 - mainlogger - INFO - ********************************************************************************
2024-05-17 19:54:54,736 - mainlogger - INFO - Epoch 27  3.25139251537621
2024-05-17 19:54:54,737 - mainlogger - INFO - ********************************************************************************
2024-05-17 19:55:10,857 - mainlogger - INFO - Epoch 28  3.662009919062257
2024-05-17 19:55:10,857 - mainlogger - INFO - ********************************************************************************
2024-05-17 19:55:27,230 - mainlogger - INFO - Epoch 29  3.4771917425096035
2024-05-17 19:55:27,231 - mainlogger - INFO - ********************************************************************************
2024-05-17 19:55:43,323 - mainlogger - INFO - Epoch 30  3.506710445508361
2024-05-17 19:55:43,324 - mainlogger - INFO - ********************************************************************************
2024-05-17 19:55:59,440 - mainlogger - INFO - Epoch 31  3.1470453273504972
2024-05-17 19:55:59,441 - mainlogger - INFO - train
2024-05-17 19:56:16,514 - mainlogger - INFO - Dice score: 0.8198
2024-05-17 19:56:16,514 - mainlogger - INFO - Accuracy: 0.9585
2024-05-17 19:56:16,514 - mainlogger - INFO - test
2024-05-17 19:56:22,208 - mainlogger - INFO - Dice score: 0.7124
2024-05-17 19:56:22,208 - mainlogger - INFO - Accuracy: 0.9468
2024-05-17 19:56:22,208 - mainlogger - INFO - ********************************************************************************
2024-05-17 19:56:38,380 - mainlogger - INFO - Epoch 32  3.5654412358999252
2024-05-17 19:56:38,381 - mainlogger - INFO - ********************************************************************************
2024-05-17 19:56:54,446 - mainlogger - INFO - Epoch 33  3.142499243840575
2024-05-17 19:56:54,447 - mainlogger - INFO - ********************************************************************************
2024-05-17 19:57:10,840 - mainlogger - INFO - Epoch 34  3.4809133373200893
2024-05-17 19:57:10,841 - mainlogger - INFO - ********************************************************************************
2024-05-17 19:57:27,142 - mainlogger - INFO - Epoch 35  2.8897211272269487
2024-05-17 19:57:27,143 - mainlogger - INFO - ********************************************************************************
2024-05-17 19:57:43,402 - mainlogger - INFO - Epoch 36  2.7881693989038467
2024-05-17 19:57:43,403 - mainlogger - INFO - ********************************************************************************
2024-05-17 19:57:59,534 - mainlogger - INFO - Epoch 37  3.0650991201400757
2024-05-17 19:57:59,535 - mainlogger - INFO - ********************************************************************************
2024-05-17 19:58:15,844 - mainlogger - INFO - Epoch 38  2.6545256841927767
2024-05-17 19:58:15,844 - mainlogger - INFO - ********************************************************************************
2024-05-17 19:58:32,523 - mainlogger - INFO - Epoch 39  2.680448532104492
2024-05-17 19:58:32,524 - mainlogger - INFO - ********************************************************************************
2024-05-17 19:58:49,043 - mainlogger - INFO - valid
2024-05-17 19:58:55,039 - mainlogger - INFO - Dice score: 0.6586
2024-05-17 19:58:55,039 - mainlogger - INFO - Accuracy: 0.9183
2024-05-17 19:58:55,039 - mainlogger - INFO - Epoch 40  2.8430078364908695
2024-05-17 19:58:55,040 - mainlogger - INFO - ********************************************************************************
2024-05-17 19:59:11,427 - mainlogger - INFO - valid
2024-05-17 19:59:17,048 - mainlogger - INFO - Dice score: 0.7143
2024-05-17 19:59:17,048 - mainlogger - INFO - Accuracy: 0.9416
2024-05-17 19:59:17,048 - mainlogger - INFO - Epoch 41  3.010511375963688
2024-05-17 19:59:17,049 - mainlogger - INFO - train
2024-05-17 19:59:33,883 - mainlogger - INFO - Dice score: 0.8388
2024-05-17 19:59:33,883 - mainlogger - INFO - Accuracy: 0.9613
2024-05-17 19:59:33,883 - mainlogger - INFO - test
2024-05-17 19:59:39,577 - mainlogger - INFO - Dice score: 0.7426
2024-05-17 19:59:39,577 - mainlogger - INFO - Accuracy: 0.9475
2024-05-17 19:59:39,577 - mainlogger - INFO - ********************************************************************************
2024-05-17 19:59:55,532 - mainlogger - INFO - valid
2024-05-17 20:00:01,044 - mainlogger - INFO - Dice score: 0.7019
2024-05-17 20:00:01,044 - mainlogger - INFO - Accuracy: 0.9319
2024-05-17 20:00:01,044 - mainlogger - INFO - Epoch 42  2.799997443333268
2024-05-17 20:00:01,044 - mainlogger - INFO - ********************************************************************************
2024-05-17 20:00:17,133 - mainlogger - INFO - valid
2024-05-17 20:00:22,690 - mainlogger - INFO - Dice score: 0.7237
2024-05-17 20:00:22,690 - mainlogger - INFO - Accuracy: 0.9426
2024-05-17 20:00:22,691 - mainlogger - INFO - Epoch 43  2.5397754311561584
2024-05-17 20:00:22,691 - mainlogger - INFO - ********************************************************************************
2024-05-17 20:00:38,833 - mainlogger - INFO - valid
2024-05-17 20:00:44,387 - mainlogger - INFO - Dice score: 0.7139
2024-05-17 20:00:44,387 - mainlogger - INFO - Accuracy: 0.9419
2024-05-17 20:00:44,387 - mainlogger - INFO - Epoch 44  2.4815056957304478
2024-05-17 20:00:44,387 - mainlogger - INFO - ********************************************************************************
2024-05-17 20:00:59,830 - mainlogger - INFO - valid
2024-05-17 20:01:05,496 - mainlogger - INFO - Dice score: 0.7169
2024-05-17 20:01:05,497 - mainlogger - INFO - Accuracy: 0.9394
2024-05-17 20:01:05,497 - mainlogger - INFO - Epoch 45  3.0579309090971947
2024-05-17 20:01:05,497 - mainlogger - INFO - ********************************************************************************
2024-05-17 20:01:21,636 - mainlogger - INFO - valid
2024-05-17 20:01:27,214 - mainlogger - INFO - Dice score: 0.7177
2024-05-17 20:01:27,214 - mainlogger - INFO - Accuracy: 0.9377
2024-05-17 20:01:27,215 - mainlogger - INFO - Epoch 46  2.6701786313205957
2024-05-17 20:01:27,215 - mainlogger - INFO - ********************************************************************************
2024-05-17 20:01:43,434 - mainlogger - INFO - valid
2024-05-17 20:01:49,041 - mainlogger - INFO - Dice score: 0.6844
2024-05-17 20:01:49,041 - mainlogger - INFO - Accuracy: 0.9423
2024-05-17 20:01:49,041 - mainlogger - INFO - 0.0001->8.5e-05
2024-05-17 20:01:49,041 - mainlogger - INFO - Epoch 47  2.415658989921212
2024-05-17 20:01:49,042 - mainlogger - INFO - ********************************************************************************
2024-05-17 20:02:04,953 - mainlogger - INFO - valid
2024-05-17 20:02:10,588 - mainlogger - INFO - Dice score: 0.6939
2024-05-17 20:02:10,589 - mainlogger - INFO - Accuracy: 0.9343
2024-05-17 20:02:10,589 - mainlogger - INFO - Epoch 48  2.616738786920905
2024-05-17 20:02:10,589 - mainlogger - INFO - ********************************************************************************
2024-05-17 20:02:26,704 - mainlogger - INFO - valid
2024-05-17 20:02:32,269 - mainlogger - INFO - Dice score: 0.6978
2024-05-17 20:02:32,269 - mainlogger - INFO - Accuracy: 0.9345
2024-05-17 20:02:32,270 - mainlogger - INFO - Epoch 49  2.44378150254488
2024-05-17 20:02:32,270 - mainlogger - INFO - ********************************************************************************
2024-05-17 20:02:48,225 - mainlogger - INFO - valid
2024-05-17 20:02:53,887 - mainlogger - INFO - Dice score: 0.6895
2024-05-17 20:02:53,887 - mainlogger - INFO - Accuracy: 0.9373
2024-05-17 20:02:53,887 - mainlogger - INFO - Epoch 50  2.197584355250001
2024-05-17 20:02:53,887 - mainlogger - INFO - ********************************************************************************
2024-05-17 20:03:09,643 - mainlogger - INFO - valid
2024-05-17 20:03:15,245 - mainlogger - INFO - Dice score: 0.692
2024-05-17 20:03:15,245 - mainlogger - INFO - Accuracy: 0.9391
2024-05-17 20:03:15,245 - mainlogger - INFO - 8.5e-05->7.225000000000001e-05
2024-05-17 20:03:15,245 - mainlogger - INFO - Epoch 51  2.6360492017120123
2024-05-17 20:03:15,245 - mainlogger - INFO - train
2024-05-17 20:03:31,526 - mainlogger - INFO - Dice score: 0.8541
2024-05-17 20:03:31,526 - mainlogger - INFO - Accuracy: 0.9655
2024-05-17 20:03:31,526 - mainlogger - INFO - test
2024-05-17 20:03:37,132 - mainlogger - INFO - Dice score: 0.7212
2024-05-17 20:03:37,133 - mainlogger - INFO - Accuracy: 0.949
2024-05-17 20:03:37,133 - mainlogger - INFO - ********************************************************************************
2024-05-17 20:03:53,516 - mainlogger - INFO - valid
2024-05-17 20:03:59,229 - mainlogger - INFO - Dice score: 0.7072
2024-05-17 20:03:59,229 - mainlogger - INFO - Accuracy: 0.9399
2024-05-17 20:03:59,229 - mainlogger - INFO - Epoch 52  2.335800778120756
2024-05-17 20:03:59,229 - mainlogger - INFO - ********************************************************************************
2024-05-17 20:04:15,335 - mainlogger - INFO - valid
2024-05-17 20:04:21,110 - mainlogger - INFO - Dice score: 0.6858
2024-05-17 20:04:21,111 - mainlogger - INFO - Accuracy: 0.9386
2024-05-17 20:04:21,111 - mainlogger - INFO - Epoch 53  2.23742841091007
2024-05-17 20:04:21,111 - mainlogger - INFO - ********************************************************************************
2024-05-17 20:04:37,346 - mainlogger - INFO - valid
2024-05-17 20:04:42,933 - mainlogger - INFO - Dice score: 0.7201
2024-05-17 20:04:42,933 - mainlogger - INFO - Accuracy: 0.9445
2024-05-17 20:04:42,933 - mainlogger - INFO - Epoch 54  2.0779589153826237
2024-05-17 20:04:42,933 - mainlogger - INFO - ********************************************************************************
2024-05-17 20:04:59,334 - mainlogger - INFO - valid
2024-05-17 20:05:04,982 - mainlogger - INFO - Dice score: 0.7008
2024-05-17 20:05:04,982 - mainlogger - INFO - Accuracy: 0.9372
2024-05-17 20:05:04,982 - mainlogger - INFO - 7.225000000000001e-05->6.141250000000001e-05
2024-05-17 20:05:04,982 - mainlogger - INFO - Epoch 55  2.2473896592855453
2024-05-17 20:05:04,982 - mainlogger - INFO - ********************************************************************************
2024-05-17 20:05:20,739 - mainlogger - INFO - valid
2024-05-17 20:05:26,127 - mainlogger - INFO - Dice score: 0.7154
2024-05-17 20:05:26,127 - mainlogger - INFO - Accuracy: 0.9419
2024-05-17 20:05:26,127 - mainlogger - INFO - Epoch 56  1.7414848459884524
2024-05-17 20:05:26,127 - mainlogger - INFO - ********************************************************************************
2024-05-17 20:05:41,916 - mainlogger - INFO - valid
2024-05-17 20:05:47,581 - mainlogger - INFO - Dice score: 0.7203
2024-05-17 20:05:47,582 - mainlogger - INFO - Accuracy: 0.9405
2024-05-17 20:05:47,582 - mainlogger - INFO - Epoch 57  1.8895825669169426
2024-05-17 20:05:47,582 - mainlogger - INFO - ********************************************************************************
2024-05-17 20:06:03,936 - mainlogger - INFO - valid
2024-05-17 20:06:09,487 - mainlogger - INFO - Dice score: 0.715
2024-05-17 20:06:09,487 - mainlogger - INFO - Accuracy: 0.9447
2024-05-17 20:06:09,487 - mainlogger - INFO - Epoch 58  1.8148809587582946
2024-05-17 20:06:09,487 - mainlogger - INFO - ********************************************************************************
2024-05-17 20:06:25,463 - mainlogger - INFO - valid
2024-05-17 20:06:30,844 - mainlogger - INFO - Dice score: 0.7151
2024-05-17 20:06:30,844 - mainlogger - INFO - Accuracy: 0.9406
2024-05-17 20:06:30,844 - mainlogger - INFO - 6.141250000000001e-05->5.2200625000000005e-05
2024-05-17 20:06:30,844 - mainlogger - INFO - Epoch 59  1.8946635648608208
2024-05-17 20:06:30,844 - mainlogger - INFO - ********************************************************************************
2024-05-17 20:06:46,766 - mainlogger - INFO - valid
2024-05-17 20:06:52,535 - mainlogger - INFO - Dice score: 0.7267
2024-05-17 20:06:52,536 - mainlogger - INFO - Accuracy: 0.9406
2024-05-17 20:06:52,536 - mainlogger - INFO - Epoch 60  1.9194631082937121
2024-05-17 20:06:52,536 - mainlogger - INFO - ********************************************************************************
2024-05-17 20:07:08,931 - mainlogger - INFO - valid
2024-05-17 20:07:14,792 - mainlogger - INFO - Dice score: 0.715
2024-05-17 20:07:14,792 - mainlogger - INFO - Accuracy: 0.9424
2024-05-17 20:07:14,792 - mainlogger - INFO - Epoch 61  2.0624373191967607
2024-05-17 20:07:14,792 - mainlogger - INFO - train
2024-05-17 20:07:31,349 - mainlogger - INFO - Dice score: 0.8908
2024-05-17 20:07:31,349 - mainlogger - INFO - Accuracy: 0.9729
2024-05-17 20:07:31,349 - mainlogger - INFO - test
2024-05-17 20:07:37,210 - mainlogger - INFO - Dice score: 0.7077
2024-05-17 20:07:37,211 - mainlogger - INFO - Accuracy: 0.9451
2024-05-17 20:07:37,211 - mainlogger - INFO - ********************************************************************************
2024-05-17 20:07:53,822 - mainlogger - INFO - valid
2024-05-17 20:07:59,389 - mainlogger - INFO - Dice score: 0.7294
2024-05-17 20:07:59,389 - mainlogger - INFO - Accuracy: 0.9426
2024-05-17 20:07:59,389 - mainlogger - INFO - Epoch 62  1.6869562845677137
2024-05-17 20:07:59,389 - mainlogger - INFO - ********************************************************************************
2024-05-17 20:08:15,930 - mainlogger - INFO - valid
2024-05-17 20:08:21,613 - mainlogger - INFO - Dice score: 0.7288
2024-05-17 20:08:21,614 - mainlogger - INFO - Accuracy: 0.948
2024-05-17 20:08:21,614 - mainlogger - INFO - Epoch 63  1.6900599543005228
2024-05-17 20:08:21,614 - mainlogger - INFO - ********************************************************************************
2024-05-17 20:08:38,132 - mainlogger - INFO - valid
2024-05-17 20:08:43,726 - mainlogger - INFO - Dice score: 0.7197
2024-05-17 20:08:43,727 - mainlogger - INFO - Accuracy: 0.9434
2024-05-17 20:08:43,727 - mainlogger - INFO - Epoch 64  1.6713871685788035
2024-05-17 20:08:43,727 - mainlogger - INFO - ********************************************************************************
2024-05-17 20:08:59,843 - mainlogger - INFO - valid
2024-05-17 20:09:05,530 - mainlogger - INFO - Dice score: 0.737
2024-05-17 20:09:05,530 - mainlogger - INFO - Accuracy: 0.9462
2024-05-17 20:09:05,530 - mainlogger - INFO - Epoch 65  1.5831798128783703
2024-05-17 20:09:05,530 - mainlogger - INFO - ********************************************************************************
2024-05-17 20:09:21,601 - mainlogger - INFO - valid
2024-05-17 20:09:27,173 - mainlogger - INFO - Dice score: 0.7408
2024-05-17 20:09:27,173 - mainlogger - INFO - Accuracy: 0.9471
2024-05-17 20:09:27,173 - mainlogger - INFO - Epoch 66  1.5502513591200113
2024-05-17 20:09:27,173 - mainlogger - INFO - ********************************************************************************
2024-05-17 20:09:43,631 - mainlogger - INFO - valid
2024-05-17 20:09:49,405 - mainlogger - INFO - Dice score: 0.7291
2024-05-17 20:09:49,405 - mainlogger - INFO - Accuracy: 0.9453
2024-05-17 20:09:49,405 - mainlogger - INFO - Epoch 67  1.5875080153346062
2024-05-17 20:09:49,405 - mainlogger - INFO - ********************************************************************************
2024-05-17 20:10:05,731 - mainlogger - INFO - valid
2024-05-17 20:10:11,446 - mainlogger - INFO - Dice score: 0.7306
2024-05-17 20:10:11,447 - mainlogger - INFO - Accuracy: 0.944
2024-05-17 20:10:11,447 - mainlogger - INFO - Epoch 68  1.7143790805712342
2024-05-17 20:10:11,447 - mainlogger - INFO - ********************************************************************************
2024-05-17 20:10:27,452 - mainlogger - INFO - valid
2024-05-17 20:10:33,161 - mainlogger - INFO - Dice score: 0.696
2024-05-17 20:10:33,161 - mainlogger - INFO - Accuracy: 0.9443
2024-05-17 20:10:33,161 - mainlogger - INFO - Epoch 69  1.7431259155273438
2024-05-17 20:10:33,161 - mainlogger - INFO - ********************************************************************************
2024-05-17 20:10:49,429 - mainlogger - INFO - valid
2024-05-17 20:10:55,124 - mainlogger - INFO - Dice score: 0.698
2024-05-17 20:10:55,124 - mainlogger - INFO - Accuracy: 0.9335
2024-05-17 20:10:55,125 - mainlogger - INFO - 5.2200625000000005e-05->4.437053125e-05
2024-05-17 20:10:55,125 - mainlogger - INFO - Epoch 70  1.7507096491754055
2024-05-17 20:10:55,125 - mainlogger - INFO - ********************************************************************************
2024-05-17 20:11:11,336 - mainlogger - INFO - valid
2024-05-17 20:11:17,036 - mainlogger - INFO - Dice score: 0.7359
2024-05-17 20:11:17,037 - mainlogger - INFO - Accuracy: 0.9459
2024-05-17 20:11:17,037 - mainlogger - INFO - Epoch 71  1.5982706667855382
2024-05-17 20:11:17,037 - mainlogger - INFO - train
2024-05-17 20:11:33,923 - mainlogger - INFO - Dice score: 0.9084
2024-05-17 20:11:33,923 - mainlogger - INFO - Accuracy: 0.9772
2024-05-17 20:11:33,923 - mainlogger - INFO - test
2024-05-17 20:11:39,624 - mainlogger - INFO - Dice score: 0.7464
2024-05-17 20:11:39,624 - mainlogger - INFO - Accuracy: 0.952
2024-05-17 20:11:39,624 - mainlogger - INFO - ********************************************************************************
2024-05-17 20:11:55,817 - mainlogger - INFO - valid
2024-05-17 20:12:01,389 - mainlogger - INFO - Dice score: 0.7292
2024-05-17 20:12:01,390 - mainlogger - INFO - Accuracy: 0.9447
2024-05-17 20:12:01,390 - mainlogger - INFO - Epoch 72  1.5441402988508344
2024-05-17 20:12:01,390 - mainlogger - INFO - ********************************************************************************
2024-05-17 20:12:17,425 - mainlogger - INFO - valid
2024-05-17 20:12:23,113 - mainlogger - INFO - Dice score: 0.7306
2024-05-17 20:12:23,113 - mainlogger - INFO - Accuracy: 0.9463
2024-05-17 20:12:23,113 - mainlogger - INFO - Epoch 73  1.4609877690672874
2024-05-17 20:12:23,114 - mainlogger - INFO - ********************************************************************************
2024-05-17 20:12:39,345 - mainlogger - INFO - valid
2024-05-17 20:12:44,992 - mainlogger - INFO - Dice score: 0.7311
2024-05-17 20:12:44,992 - mainlogger - INFO - Accuracy: 0.9438
2024-05-17 20:12:44,992 - mainlogger - INFO - 4.437053125e-05->3.77149515625e-05
2024-05-17 20:12:44,992 - mainlogger - INFO - Epoch 74  1.4162924941629171
2024-05-17 20:12:44,992 - mainlogger - INFO - ********************************************************************************
2024-05-17 20:13:01,233 - mainlogger - INFO - valid
2024-05-17 20:13:06,787 - mainlogger - INFO - Dice score: 0.7407
2024-05-17 20:13:06,787 - mainlogger - INFO - Accuracy: 0.947
2024-05-17 20:13:06,787 - mainlogger - INFO - Epoch 75  1.493633751757443
2024-05-17 20:13:06,787 - mainlogger - INFO - ********************************************************************************
2024-05-17 20:13:23,350 - mainlogger - INFO - valid
2024-05-17 20:13:28,895 - mainlogger - INFO - Dice score: 0.729
2024-05-17 20:13:28,895 - mainlogger - INFO - Accuracy: 0.9466
2024-05-17 20:13:28,895 - mainlogger - INFO - Epoch 76  1.5096192341297865
2024-05-17 20:13:28,895 - mainlogger - INFO - ********************************************************************************
2024-05-17 20:13:45,333 - mainlogger - INFO - valid
2024-05-17 20:13:50,964 - mainlogger - INFO - Dice score: 0.7381
2024-05-17 20:13:50,965 - mainlogger - INFO - Accuracy: 0.9486
2024-05-17 20:13:50,965 - mainlogger - INFO - Epoch 77  1.4728094916790724
2024-05-17 20:13:50,965 - mainlogger - INFO - ********************************************************************************
2024-05-17 20:14:07,218 - mainlogger - INFO - valid
2024-05-17 20:14:12,845 - mainlogger - INFO - Dice score: 0.7361
2024-05-17 20:14:12,846 - mainlogger - INFO - Accuracy: 0.9455
2024-05-17 20:14:12,846 - mainlogger - INFO - 3.77149515625e-05->3.2057708828124995e-05
2024-05-17 20:14:12,846 - mainlogger - INFO - Epoch 78  1.4533901074901223
2024-05-17 20:14:12,846 - mainlogger - INFO - ********************************************************************************
2024-05-17 20:14:28,848 - mainlogger - INFO - valid
2024-05-17 20:14:34,542 - mainlogger - INFO - Dice score: 0.737
2024-05-17 20:14:34,542 - mainlogger - INFO - Accuracy: 0.9455
2024-05-17 20:14:34,542 - mainlogger - INFO - Epoch 79  1.2889406392350793
2024-05-17 20:14:34,542 - mainlogger - INFO - ********************************************************************************
2024-05-17 20:14:50,826 - mainlogger - INFO - valid
2024-05-17 20:14:56,418 - mainlogger - INFO - Dice score: 0.7194
2024-05-17 20:14:56,418 - mainlogger - INFO - Accuracy: 0.9457
2024-05-17 20:14:56,418 - mainlogger - INFO - Epoch 80  1.4233122421428561
2024-05-17 20:14:56,418 - mainlogger - INFO - ********************************************************************************
2024-05-17 20:15:12,841 - mainlogger - INFO - valid
2024-05-17 20:15:18,449 - mainlogger - INFO - Dice score: 0.7264
2024-05-17 20:15:18,449 - mainlogger - INFO - Accuracy: 0.944
2024-05-17 20:15:18,449 - mainlogger - INFO - Epoch 81  1.3339699413627386
2024-05-17 20:15:18,450 - mainlogger - INFO - train
2024-05-17 20:15:35,147 - mainlogger - INFO - Dice score: 0.9201
2024-05-17 20:15:35,148 - mainlogger - INFO - Accuracy: 0.9797
2024-05-17 20:15:35,148 - mainlogger - INFO - test
2024-05-17 20:15:40,728 - mainlogger - INFO - Dice score: 0.7301
2024-05-17 20:15:40,728 - mainlogger - INFO - Accuracy: 0.9489
2024-05-17 20:15:40,728 - mainlogger - INFO - ********************************************************************************
2024-05-17 20:15:56,540 - mainlogger - INFO - valid
2024-05-17 20:16:02,089 - mainlogger - INFO - Dice score: 0.7315
2024-05-17 20:16:02,089 - mainlogger - INFO - Accuracy: 0.9452
2024-05-17 20:16:02,089 - mainlogger - INFO - 3.2057708828124995e-05->2.7249052503906245e-05
2024-05-17 20:16:02,089 - mainlogger - INFO - Epoch 82  1.3654794888570905
2024-05-17 20:16:02,089 - mainlogger - INFO - ********************************************************************************
2024-05-17 20:16:18,232 - mainlogger - INFO - valid
2024-05-17 20:16:23,888 - mainlogger - INFO - Dice score: 0.7311
2024-05-17 20:16:23,888 - mainlogger - INFO - Accuracy: 0.9471
2024-05-17 20:16:23,888 - mainlogger - INFO - Epoch 83  1.2677015187218785
2024-05-17 20:16:23,888 - mainlogger - INFO - ********************************************************************************
2024-05-17 20:16:40,151 - mainlogger - INFO - valid
2024-05-17 20:16:45,811 - mainlogger - INFO - Dice score: 0.7462
2024-05-17 20:16:45,811 - mainlogger - INFO - Accuracy: 0.9481
2024-05-17 20:16:45,811 - mainlogger - INFO - Epoch 84  1.3432627553120255
2024-05-17 20:16:45,811 - mainlogger - INFO - ********************************************************************************
2024-05-17 20:17:01,936 - mainlogger - INFO - valid
2024-05-17 20:17:07,475 - mainlogger - INFO - Dice score: 0.727
2024-05-17 20:17:07,475 - mainlogger - INFO - Accuracy: 0.9449
2024-05-17 20:17:07,475 - mainlogger - INFO - Epoch 85  1.3008351353928447
2024-05-17 20:17:07,475 - mainlogger - INFO - ********************************************************************************
2024-05-17 20:17:24,140 - mainlogger - INFO - valid
2024-05-17 20:17:29,836 - mainlogger - INFO - Dice score: 0.7513
2024-05-17 20:17:29,836 - mainlogger - INFO - Accuracy: 0.9508
2024-05-17 20:17:29,837 - mainlogger - INFO - Epoch 86  1.2702410612255335
2024-05-17 20:17:29,837 - mainlogger - INFO - ********************************************************************************
2024-05-17 20:17:46,347 - mainlogger - INFO - valid
2024-05-17 20:17:52,022 - mainlogger - INFO - Dice score: 0.7404
2024-05-17 20:17:52,023 - mainlogger - INFO - Accuracy: 0.9452
2024-05-17 20:17:52,023 - mainlogger - INFO - Epoch 87  1.2099019680172205
2024-05-17 20:17:52,023 - mainlogger - INFO - ********************************************************************************
2024-05-17 20:18:08,633 - mainlogger - INFO - valid
2024-05-17 20:18:14,141 - mainlogger - INFO - Dice score: 0.7479
2024-05-17 20:18:14,142 - mainlogger - INFO - Accuracy: 0.9503
2024-05-17 20:18:14,142 - mainlogger - INFO - Epoch 88  1.1529691787436604
2024-05-17 20:18:14,142 - mainlogger - INFO - ********************************************************************************
2024-05-17 20:18:30,740 - mainlogger - INFO - valid
2024-05-17 20:18:36,287 - mainlogger - INFO - Dice score: 0.7383
2024-05-17 20:18:36,288 - mainlogger - INFO - Accuracy: 0.9478
2024-05-17 20:18:36,288 - mainlogger - INFO - Epoch 89  1.1080939751118422
2024-05-17 20:18:36,288 - mainlogger - INFO - ********************************************************************************
2024-05-17 20:18:52,749 - mainlogger - INFO - valid
2024-05-17 20:18:58,588 - mainlogger - INFO - Dice score: 0.7417
2024-05-17 20:18:58,588 - mainlogger - INFO - Accuracy: 0.9495
2024-05-17 20:18:58,588 - mainlogger - INFO - 2.7249052503906245e-05->2.3161694628320308e-05
2024-05-17 20:18:58,588 - mainlogger - INFO - Epoch 90  1.199956275522709
2024-05-17 20:18:58,588 - mainlogger - INFO - ********************************************************************************
2024-05-17 20:19:14,838 - mainlogger - INFO - valid
2024-05-17 20:19:20,337 - mainlogger - INFO - Dice score: 0.741
2024-05-17 20:19:20,337 - mainlogger - INFO - Accuracy: 0.9487
2024-05-17 20:19:20,337 - mainlogger - INFO - Epoch 91  1.2341158110648394
2024-05-17 20:19:20,337 - mainlogger - INFO - train
2024-05-17 20:19:37,090 - mainlogger - INFO - Dice score: 0.9251
2024-05-17 20:19:37,090 - mainlogger - INFO - Accuracy: 0.9812
2024-05-17 20:19:37,091 - mainlogger - INFO - test
2024-05-17 20:19:42,605 - mainlogger - INFO - Dice score: 0.7411
2024-05-17 20:19:42,605 - mainlogger - INFO - Accuracy: 0.9512
2024-05-17 20:19:42,605 - mainlogger - INFO - ********************************************************************************
2024-05-17 20:19:59,412 - mainlogger - INFO - valid
2024-05-17 20:20:05,000 - mainlogger - INFO - Dice score: 0.7396
2024-05-17 20:20:05,000 - mainlogger - INFO - Accuracy: 0.9471
2024-05-17 20:20:05,000 - mainlogger - INFO - Epoch 92  1.1904617948457599
2024-05-17 20:20:05,000 - mainlogger - INFO - ********************************************************************************
2024-05-17 20:20:21,558 - mainlogger - INFO - valid
2024-05-17 20:20:26,991 - mainlogger - INFO - Dice score: 0.7363
2024-05-17 20:20:26,991 - mainlogger - INFO - Accuracy: 0.9475
2024-05-17 20:20:26,991 - mainlogger - INFO - Epoch 93  1.2034667753614485
2024-05-17 20:20:26,991 - mainlogger - INFO - ********************************************************************************
2024-05-17 20:20:43,232 - mainlogger - INFO - valid
2024-05-17 20:20:48,829 - mainlogger - INFO - Dice score: 0.7398
2024-05-17 20:20:48,829 - mainlogger - INFO - Accuracy: 0.9486
2024-05-17 20:20:48,829 - mainlogger - INFO - 2.3161694628320308e-05->1.9687440434072263e-05
2024-05-17 20:20:48,829 - mainlogger - INFO - Epoch 94  1.1096427738666534
2024-05-17 20:20:48,829 - mainlogger - INFO - ********************************************************************************
2024-05-17 20:21:05,433 - mainlogger - INFO - valid
2024-05-17 20:21:10,988 - mainlogger - INFO - Dice score: 0.7438
2024-05-17 20:21:10,988 - mainlogger - INFO - Accuracy: 0.9492
2024-05-17 20:21:10,988 - mainlogger - INFO - Epoch 95  1.1010882779955864
2024-05-17 20:21:10,988 - mainlogger - INFO - ********************************************************************************
2024-05-17 20:21:27,054 - mainlogger - INFO - valid
2024-05-17 20:21:32,490 - mainlogger - INFO - Dice score: 0.7436
2024-05-17 20:21:32,491 - mainlogger - INFO - Accuracy: 0.9488
2024-05-17 20:21:32,491 - mainlogger - INFO - Epoch 96  1.1437760069966316
2024-05-17 20:21:32,491 - mainlogger - INFO - ********************************************************************************
2024-05-17 20:21:48,842 - mainlogger - INFO - valid
2024-05-17 20:21:54,413 - mainlogger - INFO - Dice score: 0.7356
2024-05-17 20:21:54,414 - mainlogger - INFO - Accuracy: 0.947
2024-05-17 20:21:54,414 - mainlogger - INFO - Epoch 97  1.1760319024324417
2024-05-17 20:21:54,414 - mainlogger - INFO - ********************************************************************************
2024-05-17 20:22:10,832 - mainlogger - INFO - valid
2024-05-17 20:22:16,428 - mainlogger - INFO - Dice score: 0.7403
2024-05-17 20:22:16,428 - mainlogger - INFO - Accuracy: 0.9469
2024-05-17 20:22:16,429 - mainlogger - INFO - 1.9687440434072263e-05->1.673432436896142e-05
2024-05-17 20:22:16,429 - mainlogger - INFO - Epoch 98  1.1407967070117593
2024-05-17 20:22:16,429 - mainlogger - INFO - ********************************************************************************
2024-05-17 20:22:33,120 - mainlogger - INFO - valid
2024-05-17 20:22:38,618 - mainlogger - INFO - Dice score: 0.7407
2024-05-17 20:22:38,619 - mainlogger - INFO - Accuracy: 0.9504
2024-05-17 20:22:38,619 - mainlogger - INFO - Epoch 99  1.0486223297193646
2024-05-17 20:22:38,619 - mainlogger - INFO - train
2024-05-17 20:22:55,035 - mainlogger - INFO - Dice score: 0.9292
2024-05-17 20:22:55,035 - mainlogger - INFO - Accuracy: 0.9827
2024-05-17 20:22:55,035 - mainlogger - INFO - test
2024-05-17 20:23:00,697 - mainlogger - INFO - Dice score: 0.7296
2024-05-17 20:23:00,697 - mainlogger - INFO - Accuracy: 0.951
2024-05-17 20:23:00,697 - mainlogger - INFO - ********************************************************************************
2024-05-17 20:23:00,698 - mainlogger - INFO - (86, 90)
2024-05-17 20:23:00,698 - mainlogger - INFO - 0.7439214675814935
