2024-05-17 16:06:40,238 - mainlogger - INFO - 28633
2024-05-17 16:06:40,238 - mainlogger - INFO - <class '__main__.UniversegPipeline'>
2024-05-17 16:06:40,238 - mainlogger - INFO - full/res_stack_se.yaml
2024-05-17 16:06:40,238 - mainlogger - INFO - {'desc': '加入se', 'batch_size': 8, 'epochs': 100, 'k': 2, 'test_k': 2, 'init': True, 'root_dir': '/Dataset_BUSI', 'model': {'name': 'universeg_res.universeg.UniverSeg', 'args': {'channels': [64, 128, 256, 512, 512], 'num_layers': [2, 2, 2, 2, 2], 'in_channels': [1, 2], 'init': True, 'act': 'ReLU'}}, 'trainset': {'name': 'datasetBUSI.mask_busi_single.MaskBUSISingle', 'args': {'root_dir': '/Dataset_BUSI', 'image_names_path': 'labeled_all.txt', 'mode': 'train'}}, 'testset': {'name': 'datasetBUSI.mask_busi_single.MaskBUSISingle', 'args': {'root_dir': '/Dataset_BUSI', 'image_names_path': 'test.txt', 'mode': 'test'}}, 'validset': {'name': 'datasetBUSI.mask_busi_single.MaskBUSISingle', 'args': {'root_dir': '/Dataset_BUSI', 'image_names_path': 'val.txt', 'mode': 'test'}}, 'criterion': {'name': 'spgutils.focalloss.BinaryFocalLoss', 'args': {'gamma': 1}}, 'optimizer': {'name': 'torch.optim.Adam', 'args': {'lr': 0.0001}}, 'scheduler': {'name': 'torch.optim.lr_scheduler.ReduceLROnPlateau', 'args': {'mode': 'max', 'factor': 0.85, 'patience': 3}}}
2024-05-17 16:06:40,239 - mainlogger - INFO - 45.07077980041504
2024-05-17 16:06:40,243 - mainlogger - INFO - init with relu
2024-05-17 16:07:41,067 - mainlogger - INFO - Epoch 0  16.65463662147522
2024-05-17 16:07:41,068 - mainlogger - INFO - ********************************************************************************
2024-05-17 16:08:36,503 - mainlogger - INFO - Epoch 1  15.428573071956635
2024-05-17 16:08:36,503 - mainlogger - INFO - train
2024-05-17 16:09:28,516 - mainlogger - INFO - Dice score: 0.385
2024-05-17 16:09:28,517 - mainlogger - INFO - Accuracy: 0.7141
2024-05-17 16:09:28,517 - mainlogger - INFO - test
2024-05-17 16:09:46,821 - mainlogger - INFO - Dice score: 0.3616
2024-05-17 16:09:46,821 - mainlogger - INFO - Accuracy: 0.7274
2024-05-17 16:09:46,821 - mainlogger - INFO - ********************************************************************************
2024-05-17 16:10:41,716 - mainlogger - INFO - Epoch 2  14.896590322256088
2024-05-17 16:10:41,717 - mainlogger - INFO - ********************************************************************************
2024-05-17 16:11:36,008 - mainlogger - INFO - Epoch 3  14.258078157901764
2024-05-17 16:11:36,009 - mainlogger - INFO - ********************************************************************************
2024-05-17 16:12:30,591 - mainlogger - INFO - Epoch 4  13.822210490703583
2024-05-17 16:12:30,592 - mainlogger - INFO - ********************************************************************************
2024-05-17 16:13:25,119 - mainlogger - INFO - Epoch 5  13.803711280226707
2024-05-17 16:13:25,119 - mainlogger - INFO - ********************************************************************************
2024-05-17 16:14:19,896 - mainlogger - INFO - Epoch 6  13.435424581170082
2024-05-17 16:14:19,896 - mainlogger - INFO - ********************************************************************************
2024-05-17 16:15:14,500 - mainlogger - INFO - Epoch 7  13.076768517494202
2024-05-17 16:15:14,500 - mainlogger - INFO - ********************************************************************************
2024-05-17 16:16:09,221 - mainlogger - INFO - Epoch 8  12.795104309916496
2024-05-17 16:16:09,222 - mainlogger - INFO - ********************************************************************************
2024-05-17 16:17:04,397 - mainlogger - INFO - Epoch 9  12.616853669285774
2024-05-17 16:17:04,397 - mainlogger - INFO - ********************************************************************************
2024-05-17 16:17:59,214 - mainlogger - INFO - Epoch 10  12.677970841526985
2024-05-17 16:17:59,214 - mainlogger - INFO - ********************************************************************************
2024-05-17 16:18:54,798 - mainlogger - INFO - Epoch 11  12.096971675753593
2024-05-17 16:18:54,800 - mainlogger - INFO - train
2024-05-17 16:19:46,956 - mainlogger - INFO - Dice score: 0.6065
2024-05-17 16:19:46,957 - mainlogger - INFO - Accuracy: 0.869
2024-05-17 16:19:46,957 - mainlogger - INFO - test
2024-05-17 16:20:04,443 - mainlogger - INFO - Dice score: 0.5543
2024-05-17 16:20:04,443 - mainlogger - INFO - Accuracy: 0.8743
2024-05-17 16:20:04,444 - mainlogger - INFO - ********************************************************************************
2024-05-17 16:20:59,917 - mainlogger - INFO - Epoch 12  11.992785394191742
2024-05-17 16:20:59,918 - mainlogger - INFO - ********************************************************************************
2024-05-17 16:21:54,407 - mainlogger - INFO - Epoch 13  12.111248254776001
2024-05-17 16:21:54,408 - mainlogger - INFO - ********************************************************************************
2024-05-17 16:22:48,294 - mainlogger - INFO - Epoch 14  11.910951897501945
2024-05-17 16:22:48,295 - mainlogger - INFO - ********************************************************************************
2024-05-17 16:23:42,219 - mainlogger - INFO - Epoch 15  11.661276206374168
2024-05-17 16:23:42,219 - mainlogger - INFO - ********************************************************************************
2024-05-17 16:24:35,779 - mainlogger - INFO - Epoch 16  11.424821496009827
2024-05-17 16:24:35,780 - mainlogger - INFO - ********************************************************************************
2024-05-17 16:25:29,435 - mainlogger - INFO - Epoch 17  11.49720349907875
2024-05-17 16:25:29,436 - mainlogger - INFO - ********************************************************************************
2024-05-17 16:26:23,702 - mainlogger - INFO - Epoch 18  11.020472690463066
2024-05-17 16:26:23,702 - mainlogger - INFO - ********************************************************************************
2024-05-17 16:27:17,591 - mainlogger - INFO - Epoch 19  10.864305719733238
2024-05-17 16:27:17,592 - mainlogger - INFO - ********************************************************************************
2024-05-17 16:28:11,032 - mainlogger - INFO - Epoch 20  11.02772307395935
2024-05-17 16:28:11,033 - mainlogger - INFO - ********************************************************************************
2024-05-17 16:29:05,010 - mainlogger - INFO - Epoch 21  10.931024208664894
2024-05-17 16:29:05,011 - mainlogger - INFO - train
2024-05-17 16:29:55,372 - mainlogger - INFO - Dice score: 0.7163
2024-05-17 16:29:55,372 - mainlogger - INFO - Accuracy: 0.9196
2024-05-17 16:29:55,372 - mainlogger - INFO - test
2024-05-17 16:30:11,934 - mainlogger - INFO - Dice score: 0.6691
2024-05-17 16:30:11,934 - mainlogger - INFO - Accuracy: 0.9224
2024-05-17 16:30:11,934 - mainlogger - INFO - ********************************************************************************
2024-05-17 16:31:04,306 - mainlogger - INFO - Epoch 22  10.888756215572357
2024-05-17 16:31:04,306 - mainlogger - INFO - ********************************************************************************
2024-05-17 16:31:55,395 - mainlogger - INFO - Epoch 23  10.624949499964714
2024-05-17 16:31:55,396 - mainlogger - INFO - ********************************************************************************
2024-05-17 16:32:47,398 - mainlogger - INFO - Epoch 24  10.507712736725807
2024-05-17 16:32:47,398 - mainlogger - INFO - ********************************************************************************
2024-05-17 16:33:39,732 - mainlogger - INFO - Epoch 25  10.530372008681297
2024-05-17 16:33:39,732 - mainlogger - INFO - ********************************************************************************
2024-05-17 16:34:31,911 - mainlogger - INFO - Epoch 26  10.269596323370934
2024-05-17 16:34:31,911 - mainlogger - INFO - ********************************************************************************
2024-05-17 16:35:23,715 - mainlogger - INFO - Epoch 27  10.166868790984154
2024-05-17 16:35:23,716 - mainlogger - INFO - ********************************************************************************
2024-05-17 16:36:15,395 - mainlogger - INFO - Epoch 28  10.17877034842968
2024-05-17 16:36:15,396 - mainlogger - INFO - ********************************************************************************
2024-05-17 16:37:06,588 - mainlogger - INFO - Epoch 29  10.103575021028519
2024-05-17 16:37:06,589 - mainlogger - INFO - ********************************************************************************
2024-05-17 16:37:58,521 - mainlogger - INFO - Epoch 30  9.750286534428596
2024-05-17 16:37:58,521 - mainlogger - INFO - ********************************************************************************
2024-05-17 16:38:46,295 - mainlogger - INFO - Epoch 31  9.972799628973007
2024-05-17 16:38:46,296 - mainlogger - INFO - train
2024-05-17 16:39:29,421 - mainlogger - INFO - Dice score: 0.7816
2024-05-17 16:39:29,421 - mainlogger - INFO - Accuracy: 0.9413
2024-05-17 16:39:29,421 - mainlogger - INFO - test
2024-05-17 16:39:43,950 - mainlogger - INFO - Dice score: 0.7041
2024-05-17 16:39:43,950 - mainlogger - INFO - Accuracy: 0.9307
2024-05-17 16:39:43,950 - mainlogger - INFO - ********************************************************************************
2024-05-17 16:40:29,970 - mainlogger - INFO - Epoch 32  9.805944502353668
2024-05-17 16:40:29,971 - mainlogger - INFO - ********************************************************************************
2024-05-17 16:41:16,822 - mainlogger - INFO - Epoch 33  9.883522346615791
2024-05-17 16:41:16,823 - mainlogger - INFO - ********************************************************************************
2024-05-17 16:42:03,216 - mainlogger - INFO - Epoch 34  9.657607540488243
2024-05-17 16:42:03,216 - mainlogger - INFO - ********************************************************************************
2024-05-17 16:42:49,711 - mainlogger - INFO - Epoch 35  9.403483122587204
2024-05-17 16:42:49,711 - mainlogger - INFO - ********************************************************************************
2024-05-17 16:43:36,338 - mainlogger - INFO - Epoch 36  9.2506253272295
2024-05-17 16:43:36,339 - mainlogger - INFO - ********************************************************************************
2024-05-17 16:44:22,893 - mainlogger - INFO - Epoch 37  9.413039073348045
2024-05-17 16:44:22,894 - mainlogger - INFO - ********************************************************************************
2024-05-17 16:45:08,931 - mainlogger - INFO - Epoch 38  9.391227528452873
2024-05-17 16:45:08,932 - mainlogger - INFO - ********************************************************************************
2024-05-17 16:45:54,850 - mainlogger - INFO - Epoch 39  9.35285995900631
2024-05-17 16:45:54,850 - mainlogger - INFO - ********************************************************************************
2024-05-17 16:46:40,322 - mainlogger - INFO - valid
2024-05-17 16:46:55,434 - mainlogger - INFO - Dice score: 0.6893
2024-05-17 16:46:55,435 - mainlogger - INFO - Accuracy: 0.924
2024-05-17 16:46:55,435 - mainlogger - INFO - Epoch 40  8.923342302441597
2024-05-17 16:46:55,435 - mainlogger - INFO - ********************************************************************************
2024-05-17 16:47:41,735 - mainlogger - INFO - valid
2024-05-17 16:47:56,232 - mainlogger - INFO - Dice score: 0.7112
2024-05-17 16:47:56,232 - mainlogger - INFO - Accuracy: 0.9344
2024-05-17 16:47:56,232 - mainlogger - INFO - Epoch 41  8.762580186128616
2024-05-17 16:47:56,232 - mainlogger - INFO - train
2024-05-17 16:48:38,959 - mainlogger - INFO - Dice score: 0.804
2024-05-17 16:48:38,959 - mainlogger - INFO - Accuracy: 0.9508
2024-05-17 16:48:38,959 - mainlogger - INFO - test
2024-05-17 16:48:53,045 - mainlogger - INFO - Dice score: 0.7329
2024-05-17 16:48:53,045 - mainlogger - INFO - Accuracy: 0.9436
2024-05-17 16:48:53,045 - mainlogger - INFO - ********************************************************************************
2024-05-17 16:49:39,376 - mainlogger - INFO - valid
2024-05-17 16:49:53,845 - mainlogger - INFO - Dice score: 0.7337
2024-05-17 16:49:53,846 - mainlogger - INFO - Accuracy: 0.9441
2024-05-17 16:49:53,846 - mainlogger - INFO - Epoch 42  8.57339558005333
2024-05-17 16:49:53,846 - mainlogger - INFO - ********************************************************************************
2024-05-17 16:50:40,131 - mainlogger - INFO - valid
2024-05-17 16:50:54,242 - mainlogger - INFO - Dice score: 0.7297
2024-05-17 16:50:54,242 - mainlogger - INFO - Accuracy: 0.9445
2024-05-17 16:50:54,242 - mainlogger - INFO - Epoch 43  8.78754560649395
2024-05-17 16:50:54,242 - mainlogger - INFO - ********************************************************************************
2024-05-17 16:51:40,157 - mainlogger - INFO - valid
2024-05-17 16:51:54,158 - mainlogger - INFO - Dice score: 0.7071
2024-05-17 16:51:54,158 - mainlogger - INFO - Accuracy: 0.9371
2024-05-17 16:51:54,159 - mainlogger - INFO - Epoch 44  8.789301127195358
2024-05-17 16:51:54,159 - mainlogger - INFO - ********************************************************************************
2024-05-17 16:52:40,096 - mainlogger - INFO - valid
2024-05-17 16:52:54,546 - mainlogger - INFO - Dice score: 0.7197
2024-05-17 16:52:54,547 - mainlogger - INFO - Accuracy: 0.9378
2024-05-17 16:52:54,547 - mainlogger - INFO - Epoch 45  8.657466039061546
2024-05-17 16:52:54,547 - mainlogger - INFO - ********************************************************************************
2024-05-17 16:53:41,721 - mainlogger - INFO - valid
2024-05-17 16:53:56,309 - mainlogger - INFO - Dice score: 0.695
2024-05-17 16:53:56,309 - mainlogger - INFO - Accuracy: 0.9269
2024-05-17 16:53:56,309 - mainlogger - INFO - 0.0001->8.5e-05
2024-05-17 16:53:56,309 - mainlogger - INFO - Epoch 46  8.401583969593048
2024-05-17 16:53:56,310 - mainlogger - INFO - ********************************************************************************
2024-05-17 16:54:44,436 - mainlogger - INFO - valid
2024-05-17 16:54:59,312 - mainlogger - INFO - Dice score: 0.7045
2024-05-17 16:54:59,313 - mainlogger - INFO - Accuracy: 0.9285
2024-05-17 16:54:59,313 - mainlogger - INFO - Epoch 47  8.473512008786201
2024-05-17 16:54:59,313 - mainlogger - INFO - ********************************************************************************
2024-05-17 16:55:47,893 - mainlogger - INFO - valid
2024-05-17 16:56:02,835 - mainlogger - INFO - Dice score: 0.7221
2024-05-17 16:56:02,835 - mainlogger - INFO - Accuracy: 0.9371
2024-05-17 16:56:02,835 - mainlogger - INFO - Epoch 48  8.286503404378891
2024-05-17 16:56:02,836 - mainlogger - INFO - ********************************************************************************
2024-05-17 16:56:50,981 - mainlogger - INFO - valid
2024-05-17 16:57:05,934 - mainlogger - INFO - Dice score: 0.6696
2024-05-17 16:57:05,934 - mainlogger - INFO - Accuracy: 0.9219
2024-05-17 16:57:05,934 - mainlogger - INFO - Epoch 49  8.24567823857069
2024-05-17 16:57:05,934 - mainlogger - INFO - ********************************************************************************
2024-05-17 16:57:54,815 - mainlogger - INFO - valid
2024-05-17 16:58:10,044 - mainlogger - INFO - Dice score: 0.6795
2024-05-17 16:58:10,044 - mainlogger - INFO - Accuracy: 0.9209
2024-05-17 16:58:10,044 - mainlogger - INFO - 8.5e-05->7.225000000000001e-05
2024-05-17 16:58:10,044 - mainlogger - INFO - Epoch 50  8.143268808722496
2024-05-17 16:58:10,044 - mainlogger - INFO - ********************************************************************************
2024-05-17 16:59:00,018 - mainlogger - INFO - valid
2024-05-17 16:59:15,704 - mainlogger - INFO - Dice score: 0.7287
2024-05-17 16:59:15,704 - mainlogger - INFO - Accuracy: 0.9422
2024-05-17 16:59:15,704 - mainlogger - INFO - Epoch 51  8.213206008076668
2024-05-17 16:59:15,704 - mainlogger - INFO - train
2024-05-17 17:00:02,261 - mainlogger - INFO - Dice score: 0.8519
2024-05-17 17:00:02,262 - mainlogger - INFO - Accuracy: 0.9631
2024-05-17 17:00:02,262 - mainlogger - INFO - test
2024-05-17 17:00:17,731 - mainlogger - INFO - Dice score: 0.7339
2024-05-17 17:00:17,731 - mainlogger - INFO - Accuracy: 0.9458
2024-05-17 17:00:17,731 - mainlogger - INFO - ********************************************************************************
2024-05-17 17:01:08,088 - mainlogger - INFO - valid
2024-05-17 17:01:23,502 - mainlogger - INFO - Dice score: 0.6809
2024-05-17 17:01:23,503 - mainlogger - INFO - Accuracy: 0.9245
2024-05-17 17:01:23,503 - mainlogger - INFO - Epoch 52  7.772409118711948
2024-05-17 17:01:23,503 - mainlogger - INFO - ********************************************************************************
2024-05-17 17:02:13,475 - mainlogger - INFO - valid
2024-05-17 17:02:28,809 - mainlogger - INFO - Dice score: 0.7049
2024-05-17 17:02:28,809 - mainlogger - INFO - Accuracy: 0.9356
2024-05-17 17:02:28,809 - mainlogger - INFO - Epoch 53  7.970953181385994
2024-05-17 17:02:28,809 - mainlogger - INFO - ********************************************************************************
2024-05-17 17:03:18,916 - mainlogger - INFO - valid
2024-05-17 17:03:34,116 - mainlogger - INFO - Dice score: 0.736
2024-05-17 17:03:34,116 - mainlogger - INFO - Accuracy: 0.9426
2024-05-17 17:03:34,116 - mainlogger - INFO - Epoch 54  7.809325754642487
2024-05-17 17:03:34,116 - mainlogger - INFO - ********************************************************************************
2024-05-17 17:04:23,886 - mainlogger - INFO - valid
2024-05-17 17:04:39,411 - mainlogger - INFO - Dice score: 0.7115
2024-05-17 17:04:39,412 - mainlogger - INFO - Accuracy: 0.9351
2024-05-17 17:04:39,412 - mainlogger - INFO - Epoch 55  7.993618428707123
2024-05-17 17:04:39,412 - mainlogger - INFO - ********************************************************************************
2024-05-17 17:05:29,297 - mainlogger - INFO - valid
2024-05-17 17:05:44,698 - mainlogger - INFO - Dice score: 0.7361
2024-05-17 17:05:44,699 - mainlogger - INFO - Accuracy: 0.9428
2024-05-17 17:05:44,699 - mainlogger - INFO - Epoch 56  7.754194363951683
2024-05-17 17:05:44,699 - mainlogger - INFO - ********************************************************************************
2024-05-17 17:06:33,901 - mainlogger - INFO - valid
2024-05-17 17:06:49,598 - mainlogger - INFO - Dice score: 0.7057
2024-05-17 17:06:49,598 - mainlogger - INFO - Accuracy: 0.9312
2024-05-17 17:06:49,598 - mainlogger - INFO - Epoch 57  7.630367763340473
2024-05-17 17:06:49,598 - mainlogger - INFO - ********************************************************************************
2024-05-17 17:07:39,407 - mainlogger - INFO - valid
2024-05-17 17:07:54,501 - mainlogger - INFO - Dice score: 0.6791
2024-05-17 17:07:54,502 - mainlogger - INFO - Accuracy: 0.9244
2024-05-17 17:07:54,502 - mainlogger - INFO - 7.225000000000001e-05->6.141250000000001e-05
2024-05-17 17:07:54,502 - mainlogger - INFO - Epoch 58  7.664907701313496
2024-05-17 17:07:54,502 - mainlogger - INFO - ********************************************************************************
2024-05-17 17:08:44,499 - mainlogger - INFO - valid
2024-05-17 17:08:59,902 - mainlogger - INFO - Dice score: 0.7141
2024-05-17 17:08:59,902 - mainlogger - INFO - Accuracy: 0.9377
2024-05-17 17:08:59,903 - mainlogger - INFO - Epoch 59  7.582516066730022
2024-05-17 17:08:59,903 - mainlogger - INFO - ********************************************************************************
2024-05-17 17:09:49,995 - mainlogger - INFO - valid
2024-05-17 17:10:05,520 - mainlogger - INFO - Dice score: 0.734
2024-05-17 17:10:05,520 - mainlogger - INFO - Accuracy: 0.9421
2024-05-17 17:10:05,520 - mainlogger - INFO - Epoch 60  7.538815468549728
2024-05-17 17:10:05,520 - mainlogger - INFO - ********************************************************************************
2024-05-17 17:10:55,701 - mainlogger - INFO - valid
2024-05-17 17:11:11,291 - mainlogger - INFO - Dice score: 0.7134
2024-05-17 17:11:11,291 - mainlogger - INFO - Accuracy: 0.9357
2024-05-17 17:11:11,292 - mainlogger - INFO - Epoch 61  7.437319487333298
2024-05-17 17:11:11,292 - mainlogger - INFO - train
2024-05-17 17:11:57,979 - mainlogger - INFO - Dice score: 0.8711
2024-05-17 17:11:57,980 - mainlogger - INFO - Accuracy: 0.9665
2024-05-17 17:11:57,980 - mainlogger - INFO - test
2024-05-17 17:12:13,453 - mainlogger - INFO - Dice score: 0.7234
2024-05-17 17:12:13,454 - mainlogger - INFO - Accuracy: 0.9416
2024-05-17 17:12:13,454 - mainlogger - INFO - ********************************************************************************
2024-05-17 17:13:03,703 - mainlogger - INFO - valid
2024-05-17 17:13:19,141 - mainlogger - INFO - Dice score: 0.7091
2024-05-17 17:13:19,141 - mainlogger - INFO - Accuracy: 0.9364
2024-05-17 17:13:19,141 - mainlogger - INFO - 6.141250000000001e-05->5.2200625000000005e-05
2024-05-17 17:13:19,141 - mainlogger - INFO - Epoch 62  7.3842692375183105
2024-05-17 17:13:19,141 - mainlogger - INFO - ********************************************************************************
2024-05-17 17:14:09,793 - mainlogger - INFO - valid
2024-05-17 17:14:25,199 - mainlogger - INFO - Dice score: 0.7232
2024-05-17 17:14:25,199 - mainlogger - INFO - Accuracy: 0.939
2024-05-17 17:14:25,199 - mainlogger - INFO - Epoch 63  7.171668164432049
2024-05-17 17:14:25,199 - mainlogger - INFO - ********************************************************************************
2024-05-17 17:15:15,008 - mainlogger - INFO - valid
2024-05-17 17:15:30,412 - mainlogger - INFO - Dice score: 0.7213
2024-05-17 17:15:30,413 - mainlogger - INFO - Accuracy: 0.9366
2024-05-17 17:15:30,413 - mainlogger - INFO - Epoch 64  7.147042132914066
2024-05-17 17:15:30,413 - mainlogger - INFO - ********************************************************************************
2024-05-17 17:16:20,285 - mainlogger - INFO - valid
2024-05-17 17:16:35,690 - mainlogger - INFO - Dice score: 0.7235
2024-05-17 17:16:35,690 - mainlogger - INFO - Accuracy: 0.9433
2024-05-17 17:16:35,690 - mainlogger - INFO - Epoch 65  7.395900219678879
2024-05-17 17:16:35,690 - mainlogger - INFO - ********************************************************************************
2024-05-17 17:17:26,288 - mainlogger - INFO - valid
2024-05-17 17:17:41,914 - mainlogger - INFO - Dice score: 0.7454
2024-05-17 17:17:41,914 - mainlogger - INFO - Accuracy: 0.9462
2024-05-17 17:17:41,914 - mainlogger - INFO - Epoch 66  7.189768768846989
2024-05-17 17:17:41,914 - mainlogger - INFO - ********************************************************************************
2024-05-17 17:18:32,573 - mainlogger - INFO - valid
2024-05-17 17:18:48,212 - mainlogger - INFO - Dice score: 0.7076
2024-05-17 17:18:48,213 - mainlogger - INFO - Accuracy: 0.9352
2024-05-17 17:18:48,213 - mainlogger - INFO - Epoch 67  7.000417426228523
2024-05-17 17:18:48,213 - mainlogger - INFO - ********************************************************************************
2024-05-17 17:19:38,570 - mainlogger - INFO - valid
2024-05-17 17:19:54,023 - mainlogger - INFO - Dice score: 0.7099
2024-05-17 17:19:54,023 - mainlogger - INFO - Accuracy: 0.9357
2024-05-17 17:19:54,024 - mainlogger - INFO - Epoch 68  6.946834787726402
2024-05-17 17:19:54,024 - mainlogger - INFO - ********************************************************************************
2024-05-17 17:20:43,298 - mainlogger - INFO - valid
2024-05-17 17:20:58,716 - mainlogger - INFO - Dice score: 0.7286
2024-05-17 17:20:58,716 - mainlogger - INFO - Accuracy: 0.9429
2024-05-17 17:20:58,716 - mainlogger - INFO - Epoch 69  6.862682841718197
2024-05-17 17:20:58,717 - mainlogger - INFO - ********************************************************************************
2024-05-17 17:21:47,586 - mainlogger - INFO - valid
2024-05-17 17:22:02,431 - mainlogger - INFO - Dice score: 0.7113
2024-05-17 17:22:02,431 - mainlogger - INFO - Accuracy: 0.9402
2024-05-17 17:22:02,431 - mainlogger - INFO - 5.2200625000000005e-05->4.437053125e-05
2024-05-17 17:22:02,431 - mainlogger - INFO - Epoch 70  6.929300598800182
2024-05-17 17:22:02,431 - mainlogger - INFO - ********************************************************************************
2024-05-17 17:22:50,795 - mainlogger - INFO - valid
2024-05-17 17:23:05,708 - mainlogger - INFO - Dice score: 0.7248
2024-05-17 17:23:05,708 - mainlogger - INFO - Accuracy: 0.9394
2024-05-17 17:23:05,708 - mainlogger - INFO - Epoch 71  6.939639024436474
2024-05-17 17:23:05,708 - mainlogger - INFO - train
2024-05-17 17:23:50,236 - mainlogger - INFO - Dice score: 0.8839
2024-05-17 17:23:50,236 - mainlogger - INFO - Accuracy: 0.9704
2024-05-17 17:23:50,236 - mainlogger - INFO - test
2024-05-17 17:24:05,125 - mainlogger - INFO - Dice score: 0.7476
2024-05-17 17:24:05,125 - mainlogger - INFO - Accuracy: 0.9475
2024-05-17 17:24:05,125 - mainlogger - INFO - ********************************************************************************
2024-05-17 17:24:53,206 - mainlogger - INFO - valid
2024-05-17 17:25:07,917 - mainlogger - INFO - Dice score: 0.7234
2024-05-17 17:25:07,917 - mainlogger - INFO - Accuracy: 0.9364
2024-05-17 17:25:07,917 - mainlogger - INFO - Epoch 72  6.707916438579559
2024-05-17 17:25:07,917 - mainlogger - INFO - ********************************************************************************
2024-05-17 17:25:56,037 - mainlogger - INFO - valid
2024-05-17 17:26:11,013 - mainlogger - INFO - Dice score: 0.7207
2024-05-17 17:26:11,013 - mainlogger - INFO - Accuracy: 0.9386
2024-05-17 17:26:11,013 - mainlogger - INFO - Epoch 73  6.71333334594965
2024-05-17 17:26:11,013 - mainlogger - INFO - ********************************************************************************
2024-05-17 17:26:59,388 - mainlogger - INFO - valid
2024-05-17 17:27:14,001 - mainlogger - INFO - Dice score: 0.679
2024-05-17 17:27:14,001 - mainlogger - INFO - Accuracy: 0.9228
2024-05-17 17:27:14,001 - mainlogger - INFO - 4.437053125e-05->3.77149515625e-05
2024-05-17 17:27:14,001 - mainlogger - INFO - Epoch 74  6.8797619342803955
2024-05-17 17:27:14,002 - mainlogger - INFO - ********************************************************************************
2024-05-17 17:28:01,628 - mainlogger - INFO - valid
2024-05-17 17:28:16,523 - mainlogger - INFO - Dice score: 0.7244
2024-05-17 17:28:16,523 - mainlogger - INFO - Accuracy: 0.9389
2024-05-17 17:28:16,523 - mainlogger - INFO - Epoch 75  6.801077291369438
2024-05-17 17:28:16,523 - mainlogger - INFO - ********************************************************************************
2024-05-17 17:29:04,970 - mainlogger - INFO - valid
2024-05-17 17:29:19,609 - mainlogger - INFO - Dice score: 0.7363
2024-05-17 17:29:19,610 - mainlogger - INFO - Accuracy: 0.9423
2024-05-17 17:29:19,610 - mainlogger - INFO - Epoch 76  6.725411601364613
2024-05-17 17:29:19,610 - mainlogger - INFO - ********************************************************************************
2024-05-17 17:30:07,682 - mainlogger - INFO - valid
2024-05-17 17:30:22,540 - mainlogger - INFO - Dice score: 0.7285
2024-05-17 17:30:22,540 - mainlogger - INFO - Accuracy: 0.9431
2024-05-17 17:30:22,540 - mainlogger - INFO - Epoch 77  6.746819145977497
2024-05-17 17:30:22,540 - mainlogger - INFO - ********************************************************************************
2024-05-17 17:31:11,394 - mainlogger - INFO - valid
2024-05-17 17:31:26,401 - mainlogger - INFO - Dice score: 0.7229
2024-05-17 17:31:26,401 - mainlogger - INFO - Accuracy: 0.9407
2024-05-17 17:31:26,402 - mainlogger - INFO - 3.77149515625e-05->3.2057708828124995e-05
2024-05-17 17:31:26,402 - mainlogger - INFO - Epoch 78  6.658536873757839
2024-05-17 17:31:26,402 - mainlogger - INFO - ********************************************************************************
2024-05-17 17:32:14,623 - mainlogger - INFO - valid
2024-05-17 17:32:29,509 - mainlogger - INFO - Dice score: 0.7367
2024-05-17 17:32:29,509 - mainlogger - INFO - Accuracy: 0.9441
2024-05-17 17:32:29,510 - mainlogger - INFO - Epoch 79  6.712928079068661
2024-05-17 17:32:29,510 - mainlogger - INFO - ********************************************************************************
2024-05-17 17:33:17,701 - mainlogger - INFO - valid
2024-05-17 17:33:32,529 - mainlogger - INFO - Dice score: 0.7401
2024-05-17 17:33:32,529 - mainlogger - INFO - Accuracy: 0.9441
2024-05-17 17:33:32,529 - mainlogger - INFO - Epoch 80  6.522104501724243
2024-05-17 17:33:32,530 - mainlogger - INFO - ********************************************************************************
2024-05-17 17:34:21,909 - mainlogger - INFO - valid
2024-05-17 17:34:37,417 - mainlogger - INFO - Dice score: 0.7286
2024-05-17 17:34:37,417 - mainlogger - INFO - Accuracy: 0.939
2024-05-17 17:34:37,417 - mainlogger - INFO - Epoch 81  6.464801706373692
2024-05-17 17:34:37,417 - mainlogger - INFO - train
2024-05-17 17:35:23,858 - mainlogger - INFO - Dice score: 0.9004
2024-05-17 17:35:23,858 - mainlogger - INFO - Accuracy: 0.9744
2024-05-17 17:35:23,858 - mainlogger - INFO - test
2024-05-17 17:35:39,534 - mainlogger - INFO - Dice score: 0.7407
2024-05-17 17:35:39,534 - mainlogger - INFO - Accuracy: 0.946
2024-05-17 17:35:39,534 - mainlogger - INFO - ********************************************************************************
2024-05-17 17:36:29,499 - mainlogger - INFO - valid
2024-05-17 17:36:44,974 - mainlogger - INFO - Dice score: 0.7106
2024-05-17 17:36:44,974 - mainlogger - INFO - Accuracy: 0.9345
2024-05-17 17:36:44,974 - mainlogger - INFO - 3.2057708828124995e-05->2.7249052503906245e-05
2024-05-17 17:36:44,975 - mainlogger - INFO - Epoch 82  6.464675717055798
2024-05-17 17:36:44,975 - mainlogger - INFO - ********************************************************************************
2024-05-17 17:37:35,187 - mainlogger - INFO - valid
2024-05-17 17:37:50,837 - mainlogger - INFO - Dice score: 0.7145
2024-05-17 17:37:50,837 - mainlogger - INFO - Accuracy: 0.9361
2024-05-17 17:37:50,837 - mainlogger - INFO - Epoch 83  6.454233095049858
2024-05-17 17:37:50,837 - mainlogger - INFO - ********************************************************************************
2024-05-17 17:38:41,305 - mainlogger - INFO - valid
2024-05-17 17:38:56,764 - mainlogger - INFO - Dice score: 0.7382
2024-05-17 17:38:56,764 - mainlogger - INFO - Accuracy: 0.9439
2024-05-17 17:38:56,764 - mainlogger - INFO - Epoch 84  6.326824873685837
2024-05-17 17:38:56,764 - mainlogger - INFO - ********************************************************************************
2024-05-17 17:39:47,389 - mainlogger - INFO - valid
2024-05-17 17:40:03,006 - mainlogger - INFO - Dice score: 0.7182
2024-05-17 17:40:03,006 - mainlogger - INFO - Accuracy: 0.9375
2024-05-17 17:40:03,006 - mainlogger - INFO - Epoch 85  6.359910503029823
2024-05-17 17:40:03,006 - mainlogger - INFO - ********************************************************************************
2024-05-17 17:40:53,390 - mainlogger - INFO - valid
2024-05-17 17:41:08,921 - mainlogger - INFO - Dice score: 0.7136
2024-05-17 17:41:08,921 - mainlogger - INFO - Accuracy: 0.9345
2024-05-17 17:41:08,922 - mainlogger - INFO - 2.7249052503906245e-05->2.3161694628320308e-05
2024-05-17 17:41:08,922 - mainlogger - INFO - Epoch 86  6.210321821272373
2024-05-17 17:41:08,922 - mainlogger - INFO - ********************************************************************************
2024-05-17 17:41:59,412 - mainlogger - INFO - valid
2024-05-17 17:42:14,905 - mainlogger - INFO - Dice score: 0.7266
2024-05-17 17:42:14,906 - mainlogger - INFO - Accuracy: 0.9426
2024-05-17 17:42:14,906 - mainlogger - INFO - Epoch 87  6.207833848893642
2024-05-17 17:42:14,906 - mainlogger - INFO - ********************************************************************************
2024-05-17 17:43:05,587 - mainlogger - INFO - valid
2024-05-17 17:43:21,197 - mainlogger - INFO - Dice score: 0.7132
2024-05-17 17:43:21,197 - mainlogger - INFO - Accuracy: 0.9354
2024-05-17 17:43:21,197 - mainlogger - INFO - Epoch 88  6.360293358564377
2024-05-17 17:43:21,197 - mainlogger - INFO - ********************************************************************************
2024-05-17 17:44:12,431 - mainlogger - INFO - valid
2024-05-17 17:44:28,421 - mainlogger - INFO - Dice score: 0.735
2024-05-17 17:44:28,421 - mainlogger - INFO - Accuracy: 0.9442
2024-05-17 17:44:28,422 - mainlogger - INFO - Epoch 89  6.213570415973663
2024-05-17 17:44:28,422 - mainlogger - INFO - ********************************************************************************
2024-05-17 17:45:20,015 - mainlogger - INFO - valid
2024-05-17 17:45:36,126 - mainlogger - INFO - Dice score: 0.7244
2024-05-17 17:45:36,126 - mainlogger - INFO - Accuracy: 0.9416
2024-05-17 17:45:36,126 - mainlogger - INFO - 2.3161694628320308e-05->1.9687440434072263e-05
2024-05-17 17:45:36,126 - mainlogger - INFO - Epoch 90  6.259712018072605
2024-05-17 17:45:36,127 - mainlogger - INFO - ********************************************************************************
2024-05-17 17:46:28,088 - mainlogger - INFO - valid
2024-05-17 17:46:44,127 - mainlogger - INFO - Dice score: 0.7323
2024-05-17 17:46:44,127 - mainlogger - INFO - Accuracy: 0.9433
2024-05-17 17:46:44,127 - mainlogger - INFO - Epoch 91  6.244192473590374
2024-05-17 17:46:44,127 - mainlogger - INFO - train
2024-05-17 17:47:32,288 - mainlogger - INFO - Dice score: 0.919
2024-05-17 17:47:32,289 - mainlogger - INFO - Accuracy: 0.9792
2024-05-17 17:47:32,289 - mainlogger - INFO - test
2024-05-17 17:47:48,313 - mainlogger - INFO - Dice score: 0.7545
2024-05-17 17:47:48,313 - mainlogger - INFO - Accuracy: 0.9505
2024-05-17 17:47:48,313 - mainlogger - INFO - ********************************************************************************
2024-05-17 17:48:39,916 - mainlogger - INFO - valid
2024-05-17 17:48:55,802 - mainlogger - INFO - Dice score: 0.734
2024-05-17 17:48:55,802 - mainlogger - INFO - Accuracy: 0.9442
2024-05-17 17:48:55,802 - mainlogger - INFO - Epoch 92  6.2378490418195724
2024-05-17 17:48:55,802 - mainlogger - INFO - ********************************************************************************
2024-05-17 17:49:48,523 - mainlogger - INFO - valid
2024-05-17 17:50:04,604 - mainlogger - INFO - Dice score: 0.7231
2024-05-17 17:50:04,605 - mainlogger - INFO - Accuracy: 0.9372
2024-05-17 17:50:04,605 - mainlogger - INFO - Epoch 93  6.233263425529003
2024-05-17 17:50:04,605 - mainlogger - INFO - ********************************************************************************
2024-05-17 17:50:57,320 - mainlogger - INFO - valid
2024-05-17 17:51:13,516 - mainlogger - INFO - Dice score: 0.7195
2024-05-17 17:51:13,517 - mainlogger - INFO - Accuracy: 0.939
2024-05-17 17:51:13,517 - mainlogger - INFO - 1.9687440434072263e-05->1.673432436896142e-05
2024-05-17 17:51:13,517 - mainlogger - INFO - Epoch 94  6.206720352172852
2024-05-17 17:51:13,517 - mainlogger - INFO - ********************************************************************************
2024-05-17 17:52:06,601 - mainlogger - INFO - valid
2024-05-17 17:52:23,023 - mainlogger - INFO - Dice score: 0.738
2024-05-17 17:52:23,023 - mainlogger - INFO - Accuracy: 0.9438
2024-05-17 17:52:23,024 - mainlogger - INFO - Epoch 95  6.2253724709153175
2024-05-17 17:52:23,024 - mainlogger - INFO - ********************************************************************************
2024-05-17 17:53:16,231 - mainlogger - INFO - valid
2024-05-17 17:53:32,212 - mainlogger - INFO - Dice score: 0.7211
2024-05-17 17:53:32,212 - mainlogger - INFO - Accuracy: 0.9423
2024-05-17 17:53:32,212 - mainlogger - INFO - Epoch 96  6.052674770355225
2024-05-17 17:53:32,212 - mainlogger - INFO - ********************************************************************************
2024-05-17 17:54:24,990 - mainlogger - INFO - valid
2024-05-17 17:54:41,000 - mainlogger - INFO - Dice score: 0.7321
2024-05-17 17:54:41,000 - mainlogger - INFO - Accuracy: 0.9432
2024-05-17 17:54:41,001 - mainlogger - INFO - Epoch 97  6.020340293645859
2024-05-17 17:54:41,001 - mainlogger - INFO - ********************************************************************************
2024-05-17 17:55:33,491 - mainlogger - INFO - valid
2024-05-17 17:55:49,503 - mainlogger - INFO - Dice score: 0.7066
2024-05-17 17:55:49,503 - mainlogger - INFO - Accuracy: 0.9401
2024-05-17 17:55:49,504 - mainlogger - INFO - 1.673432436896142e-05->1.4224175713617208e-05
2024-05-17 17:55:49,504 - mainlogger - INFO - Epoch 98  6.107582151889801
2024-05-17 17:55:49,504 - mainlogger - INFO - ********************************************************************************
2024-05-17 17:56:42,210 - mainlogger - INFO - valid
2024-05-17 17:56:58,529 - mainlogger - INFO - Dice score: 0.7189
2024-05-17 17:56:58,529 - mainlogger - INFO - Accuracy: 0.94
2024-05-17 17:56:58,529 - mainlogger - INFO - Epoch 99  6.0532305762171745
2024-05-17 17:56:58,529 - mainlogger - INFO - train
2024-05-17 17:57:46,843 - mainlogger - INFO - Dice score: 0.927
2024-05-17 17:57:46,843 - mainlogger - INFO - Accuracy: 0.9814
2024-05-17 17:57:46,844 - mainlogger - INFO - test
2024-05-17 17:58:03,126 - mainlogger - INFO - Dice score: 0.7392
2024-05-17 17:58:03,126 - mainlogger - INFO - Accuracy: 0.9471
2024-05-17 17:58:03,126 - mainlogger - INFO - ********************************************************************************
2024-05-17 17:58:03,127 - mainlogger - INFO - (76, 80)
2024-05-17 17:58:03,127 - mainlogger - INFO - 0.7329046962272534
