2024-05-27 12:49:57,626 - mainlogger - INFO - 26855
2024-05-27 12:49:57,626 - mainlogger - INFO - <class '__main__.UniversegPipeline'>
2024-05-27 12:49:57,626 - mainlogger - INFO - full/small_model_bigK/leaky_relu.yaml
2024-05-27 12:49:57,626 - mainlogger - INFO - {'desc': '减小模型，增大k，损失函数改成交叉熵', 'batch_size': 4, 'epochs': 100, 'k': 16, 'test_k': 16, 'init': True, 'debug': True, 'root_dir': '/home/4T/zcr/dataset/Dataset_BUSI', 'model': {'name': 'universeg_res.universeg.UniverSeg', 'args': {'channels': [64, 64, 64, 64, 64], 'num_layers': [1, 1, 1, 1, 1], 'in_channels': [1, 2], 'act': 'LeakyReLU'}}, 'trainset': {'name': 'datasetBUSI.mask_busi_single.MaskBUSISingle', 'args': {'root_dir': '/home/4T/zcr/dataset/Dataset_BUSI', 'image_names_path': 'labeled_all.txt', 'mode': 'train'}}, 'testset': {'name': 'datasetBUSI.mask_busi_single.MaskBUSISingle', 'args': {'root_dir': '/home/4T/zcr/dataset/Dataset_BUSI', 'image_names_path': 'test.txt', 'mode': 'test'}}, 'validset': {'name': 'datasetBUSI.mask_busi_single.MaskBUSISingle', 'args': {'root_dir': '/home/4T/zcr/dataset/Dataset_BUSI', 'image_names_path': 'val.txt', 'mode': 'test'}}, 'criterion': {'name': 'spgutils.focalloss.BinaryFocalLoss', 'args': {'gamma': 0}}, 'optimizer': {'name': 'torch.optim.Adam', 'args': {'lr': 0.001}}, 'scheduler': {'name': 'torch.optim.lr_scheduler.ReduceLROnPlateau', 'args': {'mode': 'max', 'factor': 0.85, 'patience': 3}}}
2024-05-27 12:49:57,628 - mainlogger - INFO - 1.619089126586914
2024-05-27 12:49:57,641 - mainlogger - INFO - init with leaky_relu
2024-05-27 12:52:14,744 - mainlogger - INFO - Epoch 0  59.45257422327995
2024-05-27 12:52:14,744 - mainlogger - INFO - ********************************************************************************
2024-05-27 12:54:25,465 - mainlogger - INFO - Epoch 1  55.01292595267296
2024-05-27 12:54:25,465 - mainlogger - INFO - ********************************************************************************
2024-05-27 12:56:36,044 - mainlogger - INFO - Epoch 2  50.84091559052467
2024-05-27 12:56:36,045 - mainlogger - INFO - ********************************************************************************
2024-05-27 12:58:46,695 - mainlogger - INFO - Epoch 3  48.6359159052372
2024-05-27 12:58:46,695 - mainlogger - INFO - ********************************************************************************
2024-05-27 13:00:57,893 - mainlogger - INFO - Epoch 4  45.669087529182434
2024-05-27 13:00:57,893 - mainlogger - INFO - ********************************************************************************
2024-05-27 13:03:08,676 - mainlogger - INFO - Epoch 5  42.811613976955414
2024-05-27 13:03:08,676 - mainlogger - INFO - ********************************************************************************
2024-05-27 13:05:19,273 - mainlogger - INFO - Epoch 6  40.93458527326584
2024-05-27 13:05:19,273 - mainlogger - INFO - ********************************************************************************
2024-05-27 13:07:29,789 - mainlogger - INFO - Epoch 7  39.14947855472565
2024-05-27 13:07:29,790 - mainlogger - INFO - ********************************************************************************
2024-05-27 13:09:40,898 - mainlogger - INFO - Epoch 8  36.92920631170273
2024-05-27 13:09:40,898 - mainlogger - INFO - ********************************************************************************
2024-05-27 13:11:51,695 - mainlogger - INFO - Epoch 9  34.81130087375641
2024-05-27 13:11:51,695 - mainlogger - INFO - ********************************************************************************
2024-05-27 13:14:02,620 - mainlogger - INFO - Epoch 10  33.33752626180649
2024-05-27 13:14:02,621 - mainlogger - INFO - ********************************************************************************
2024-05-27 13:16:13,328 - mainlogger - INFO - Epoch 11  31.167864203453064
2024-05-27 13:16:13,328 - mainlogger - INFO - ********************************************************************************
2024-05-27 13:18:24,430 - mainlogger - INFO - Epoch 12  30.003957226872444
2024-05-27 13:18:24,430 - mainlogger - INFO - ********************************************************************************
2024-05-27 13:20:35,042 - mainlogger - INFO - Epoch 13  28.78630381822586
2024-05-27 13:20:35,042 - mainlogger - INFO - ********************************************************************************
2024-05-27 13:22:45,838 - mainlogger - INFO - Epoch 14  28.26574006676674
2024-05-27 13:22:45,838 - mainlogger - INFO - ********************************************************************************
2024-05-27 13:24:56,751 - mainlogger - INFO - Epoch 15  27.174579575657845
2024-05-27 13:24:56,751 - mainlogger - INFO - ********************************************************************************
2024-05-27 13:27:07,928 - mainlogger - INFO - Epoch 16  26.400668442249298
2024-05-27 13:27:07,928 - mainlogger - INFO - ********************************************************************************
2024-05-27 13:29:18,555 - mainlogger - INFO - Epoch 17  25.682559609413147
2024-05-27 13:29:18,555 - mainlogger - INFO - ********************************************************************************
2024-05-27 13:31:29,997 - mainlogger - INFO - Epoch 18  25.12568211555481
2024-05-27 13:31:29,998 - mainlogger - INFO - ********************************************************************************
2024-05-27 13:33:40,937 - mainlogger - INFO - Epoch 19  23.778418496251106
2024-05-27 13:33:40,937 - mainlogger - INFO - ********************************************************************************
2024-05-27 13:35:52,590 - mainlogger - INFO - Epoch 20  22.92718754708767
2024-05-27 13:35:52,591 - mainlogger - INFO - ********************************************************************************
2024-05-27 13:38:03,875 - mainlogger - INFO - Epoch 21  22.645231515169144
2024-05-27 13:38:03,876 - mainlogger - INFO - ********************************************************************************
2024-05-27 13:40:15,293 - mainlogger - INFO - Epoch 22  21.671767070889473
2024-05-27 13:40:15,294 - mainlogger - INFO - ********************************************************************************
2024-05-27 13:42:26,208 - mainlogger - INFO - Epoch 23  21.255070492625237
2024-05-27 13:42:26,209 - mainlogger - INFO - ********************************************************************************
2024-05-27 13:44:37,424 - mainlogger - INFO - Epoch 24  19.97466169297695
2024-05-27 13:44:37,425 - mainlogger - INFO - ********************************************************************************
2024-05-27 13:46:48,851 - mainlogger - INFO - Epoch 25  19.823396533727646
2024-05-27 13:46:48,851 - mainlogger - INFO - ********************************************************************************
2024-05-27 13:48:59,721 - mainlogger - INFO - Epoch 26  19.828967913985252
2024-05-27 13:48:59,721 - mainlogger - INFO - ********************************************************************************
2024-05-27 13:51:10,578 - mainlogger - INFO - Epoch 27  19.85691975057125
2024-05-27 13:51:10,578 - mainlogger - INFO - ********************************************************************************
2024-05-27 13:53:21,675 - mainlogger - INFO - Epoch 28  19.518853686749935
2024-05-27 13:53:21,675 - mainlogger - INFO - ********************************************************************************
2024-05-27 13:55:32,918 - mainlogger - INFO - Epoch 29  18.466955170035362
2024-05-27 13:55:32,919 - mainlogger - INFO - ********************************************************************************
2024-05-27 13:57:44,715 - mainlogger - INFO - Epoch 30  18.24544756859541
2024-05-27 13:57:44,716 - mainlogger - INFO - valid
2024-05-27 13:58:23,429 - mainlogger - INFO - Dice score: 0.718
2024-05-27 13:58:23,430 - mainlogger - INFO - Accuracy: 0.9463
2024-05-27 13:58:23,433 - mainlogger - DEBUG - test
2024-05-27 13:59:02,375 - mainlogger - INFO - Dice score: 0.6965
2024-05-27 13:59:02,376 - mainlogger - INFO - Accuracy: 0.9466
2024-05-27 13:59:02,376 - mainlogger - INFO - ********************************************************************************
2024-05-27 14:01:13,966 - mainlogger - INFO - Epoch 31  17.13390750437975
2024-05-27 14:01:13,966 - mainlogger - INFO - valid
2024-05-27 14:01:51,772 - mainlogger - INFO - Dice score: 0.6961
2024-05-27 14:01:51,772 - mainlogger - INFO - Accuracy: 0.9329
2024-05-27 14:01:51,772 - mainlogger - DEBUG - test
2024-05-27 14:02:29,945 - mainlogger - INFO - Dice score: 0.7197
2024-05-27 14:02:29,945 - mainlogger - INFO - Accuracy: 0.9412
2024-05-27 14:02:29,950 - mainlogger - INFO - ********************************************************************************
2024-05-27 14:04:41,696 - mainlogger - INFO - Epoch 32  17.680858433246613
2024-05-27 14:04:41,696 - mainlogger - INFO - valid
2024-05-27 14:05:19,378 - mainlogger - INFO - Dice score: 0.7056
2024-05-27 14:05:19,378 - mainlogger - INFO - Accuracy: 0.9384
2024-05-27 14:05:19,379 - mainlogger - DEBUG - test
2024-05-27 14:05:57,325 - mainlogger - INFO - Dice score: 0.73
2024-05-27 14:05:57,325 - mainlogger - INFO - Accuracy: 0.9469
2024-05-27 14:05:57,326 - mainlogger - INFO - ********************************************************************************
2024-05-27 14:08:08,805 - mainlogger - INFO - Epoch 33  16.512685388326645
2024-05-27 14:08:08,805 - mainlogger - INFO - valid
2024-05-27 14:08:46,369 - mainlogger - INFO - Dice score: 0.7128
2024-05-27 14:08:46,369 - mainlogger - INFO - Accuracy: 0.9449
2024-05-27 14:08:46,370 - mainlogger - DEBUG - test
2024-05-27 14:09:24,426 - mainlogger - INFO - Dice score: 0.723
2024-05-27 14:09:24,426 - mainlogger - INFO - Accuracy: 0.9512
2024-05-27 14:09:24,427 - mainlogger - INFO - ********************************************************************************
2024-05-27 14:11:35,605 - mainlogger - INFO - Epoch 34  17.353416293859482
2024-05-27 14:11:35,605 - mainlogger - INFO - valid
2024-05-27 14:12:13,223 - mainlogger - INFO - Dice score: 0.7312
2024-05-27 14:12:13,223 - mainlogger - INFO - Accuracy: 0.952
2024-05-27 14:12:13,227 - mainlogger - DEBUG - test
2024-05-27 14:12:51,072 - mainlogger - INFO - Dice score: 0.7037
2024-05-27 14:12:51,072 - mainlogger - INFO - Accuracy: 0.9486
2024-05-27 14:12:51,075 - mainlogger - INFO - ********************************************************************************
2024-05-27 14:15:02,021 - mainlogger - INFO - Epoch 35  16.210425652563572
2024-05-27 14:15:02,021 - mainlogger - INFO - valid
2024-05-27 14:15:39,536 - mainlogger - INFO - Dice score: 0.7019
2024-05-27 14:15:39,536 - mainlogger - INFO - Accuracy: 0.9453
2024-05-27 14:15:39,537 - mainlogger - DEBUG - test
2024-05-27 14:16:17,171 - mainlogger - INFO - Dice score: 0.6999
2024-05-27 14:16:17,171 - mainlogger - INFO - Accuracy: 0.9487
2024-05-27 14:16:17,174 - mainlogger - INFO - ********************************************************************************
2024-05-27 14:18:28,154 - mainlogger - INFO - Epoch 36  17.34443222731352
2024-05-27 14:18:28,155 - mainlogger - INFO - valid
2024-05-27 14:19:05,682 - mainlogger - INFO - Dice score: 0.7355
2024-05-27 14:19:05,683 - mainlogger - INFO - Accuracy: 0.9503
2024-05-27 14:19:05,686 - mainlogger - DEBUG - test
2024-05-27 14:19:43,345 - mainlogger - INFO - Dice score: 0.7439
2024-05-27 14:19:43,345 - mainlogger - INFO - Accuracy: 0.9523
2024-05-27 14:19:43,345 - mainlogger - INFO - ********************************************************************************
2024-05-27 14:21:54,246 - mainlogger - INFO - Epoch 37  16.87681132555008
2024-05-27 14:21:54,247 - mainlogger - INFO - valid
2024-05-27 14:22:32,084 - mainlogger - INFO - Dice score: 0.7268
2024-05-27 14:22:32,085 - mainlogger - INFO - Accuracy: 0.9454
2024-05-27 14:22:32,085 - mainlogger - DEBUG - test
2024-05-27 14:23:09,876 - mainlogger - INFO - Dice score: 0.7139
2024-05-27 14:23:09,876 - mainlogger - INFO - Accuracy: 0.9469
2024-05-27 14:23:09,876 - mainlogger - INFO - ********************************************************************************
2024-05-27 14:25:21,056 - mainlogger - INFO - Epoch 38  16.251224607229233
2024-05-27 14:25:21,056 - mainlogger - INFO - valid
2024-05-27 14:25:58,680 - mainlogger - INFO - Dice score: 0.7355
2024-05-27 14:25:58,680 - mainlogger - INFO - Accuracy: 0.9476
2024-05-27 14:25:58,683 - mainlogger - DEBUG - test
2024-05-27 14:26:36,573 - mainlogger - INFO - Dice score: 0.7473
2024-05-27 14:26:36,573 - mainlogger - INFO - Accuracy: 0.9526
2024-05-27 14:26:36,574 - mainlogger - INFO - ********************************************************************************
2024-05-27 14:28:47,593 - mainlogger - INFO - Epoch 39  15.087361127138138
2024-05-27 14:28:47,593 - mainlogger - INFO - valid
2024-05-27 14:29:25,157 - mainlogger - INFO - Dice score: 0.7296
2024-05-27 14:29:25,157 - mainlogger - INFO - Accuracy: 0.947
2024-05-27 14:29:25,163 - mainlogger - DEBUG - test
2024-05-27 14:30:02,937 - mainlogger - INFO - Dice score: 0.723
2024-05-27 14:30:02,937 - mainlogger - INFO - Accuracy: 0.9487
2024-05-27 14:30:02,937 - mainlogger - INFO - ********************************************************************************
2024-05-27 14:32:14,284 - mainlogger - INFO - Epoch 40  16.16670958697796
2024-05-27 14:32:14,284 - mainlogger - INFO - valid
2024-05-27 14:32:51,888 - mainlogger - INFO - Dice score: 0.7103
2024-05-27 14:32:51,889 - mainlogger - INFO - Accuracy: 0.944
2024-05-27 14:32:51,889 - mainlogger - INFO - 0.001->0.00085
2024-05-27 14:32:51,889 - mainlogger - DEBUG - test
2024-05-27 14:33:29,846 - mainlogger - INFO - Dice score: 0.7105
2024-05-27 14:33:29,846 - mainlogger - INFO - Accuracy: 0.9485
2024-05-27 14:33:29,846 - mainlogger - INFO - ********************************************************************************
2024-05-27 14:35:41,143 - mainlogger - INFO - Epoch 41  14.623183786869049
2024-05-27 14:35:41,143 - mainlogger - INFO - valid
2024-05-27 14:36:18,737 - mainlogger - INFO - Dice score: 0.7163
2024-05-27 14:36:18,737 - mainlogger - INFO - Accuracy: 0.9459
2024-05-27 14:36:18,737 - mainlogger - DEBUG - test
2024-05-27 14:36:56,545 - mainlogger - INFO - Dice score: 0.7367
2024-05-27 14:36:56,546 - mainlogger - INFO - Accuracy: 0.9534
2024-05-27 14:36:56,551 - mainlogger - INFO - ********************************************************************************
2024-05-27 14:39:07,490 - mainlogger - INFO - Epoch 42  14.705178380012512
2024-05-27 14:39:07,491 - mainlogger - INFO - valid
2024-05-27 14:39:45,252 - mainlogger - INFO - Dice score: 0.7163
2024-05-27 14:39:45,253 - mainlogger - INFO - Accuracy: 0.9463
2024-05-27 14:39:45,253 - mainlogger - DEBUG - test
2024-05-27 14:40:23,003 - mainlogger - INFO - Dice score: 0.7318
2024-05-27 14:40:23,003 - mainlogger - INFO - Accuracy: 0.9522
2024-05-27 14:40:23,003 - mainlogger - INFO - ********************************************************************************
2024-05-27 14:42:34,050 - mainlogger - INFO - Epoch 43  14.698427885770798
2024-05-27 14:42:34,051 - mainlogger - INFO - valid
2024-05-27 14:43:02,150 - mainlogger - INFO - Dice score: 0.7511
2024-05-27 14:43:02,150 - mainlogger - INFO - Accuracy: 0.9497
2024-05-27 14:43:02,152 - mainlogger - DEBUG - test
2024-05-27 14:43:34,236 - mainlogger - INFO - Dice score: 0.7505
2024-05-27 14:43:34,236 - mainlogger - INFO - Accuracy: 0.951
2024-05-27 14:43:34,243 - mainlogger - INFO - ********************************************************************************
2024-05-27 14:45:44,925 - mainlogger - INFO - Epoch 44  14.253853142261505
2024-05-27 14:45:44,925 - mainlogger - INFO - valid
2024-05-27 14:46:22,628 - mainlogger - INFO - Dice score: 0.7321
2024-05-27 14:46:22,628 - mainlogger - INFO - Accuracy: 0.9424
2024-05-27 14:46:22,628 - mainlogger - DEBUG - test
2024-05-27 14:47:00,459 - mainlogger - INFO - Dice score: 0.7534
2024-05-27 14:47:00,459 - mainlogger - INFO - Accuracy: 0.9511
2024-05-27 14:47:00,459 - mainlogger - INFO - ********************************************************************************
2024-05-27 14:49:11,361 - mainlogger - INFO - Epoch 45  14.417315028607845
2024-05-27 14:49:11,362 - mainlogger - INFO - valid
2024-05-27 14:49:49,066 - mainlogger - INFO - Dice score: 0.7187
2024-05-27 14:49:49,066 - mainlogger - INFO - Accuracy: 0.9498
2024-05-27 14:49:49,067 - mainlogger - DEBUG - test
2024-05-27 14:50:26,917 - mainlogger - INFO - Dice score: 0.7369
2024-05-27 14:50:26,917 - mainlogger - INFO - Accuracy: 0.9544
2024-05-27 14:50:26,918 - mainlogger - INFO - ********************************************************************************
2024-05-27 14:52:37,882 - mainlogger - INFO - Epoch 46  13.85219144821167
2024-05-27 14:52:37,882 - mainlogger - INFO - valid
2024-05-27 14:53:15,545 - mainlogger - INFO - Dice score: 0.7329
2024-05-27 14:53:15,545 - mainlogger - INFO - Accuracy: 0.947
2024-05-27 14:53:15,545 - mainlogger - DEBUG - test
2024-05-27 14:53:53,518 - mainlogger - INFO - Dice score: 0.7611
2024-05-27 14:53:53,518 - mainlogger - INFO - Accuracy: 0.9545
2024-05-27 14:53:53,519 - mainlogger - INFO - ********************************************************************************
2024-05-27 14:56:04,835 - mainlogger - INFO - Epoch 47  14.670139990746975
2024-05-27 14:56:04,836 - mainlogger - INFO - valid
2024-05-27 14:56:42,281 - mainlogger - INFO - Dice score: 0.7196
2024-05-27 14:56:42,281 - mainlogger - INFO - Accuracy: 0.9423
2024-05-27 14:56:42,281 - mainlogger - INFO - 0.00085->0.0007224999999999999
2024-05-27 14:56:42,282 - mainlogger - DEBUG - test
2024-05-27 14:57:20,007 - mainlogger - INFO - Dice score: 0.7574
2024-05-27 14:57:20,007 - mainlogger - INFO - Accuracy: 0.9526
2024-05-27 14:57:20,007 - mainlogger - INFO - ********************************************************************************
2024-05-27 14:59:31,736 - mainlogger - INFO - Epoch 48  14.058081351220608
2024-05-27 14:59:31,736 - mainlogger - INFO - valid
2024-05-27 15:00:09,211 - mainlogger - INFO - Dice score: 0.7329
2024-05-27 15:00:09,211 - mainlogger - INFO - Accuracy: 0.9483
2024-05-27 15:00:09,211 - mainlogger - DEBUG - test
2024-05-27 15:00:46,887 - mainlogger - INFO - Dice score: 0.746
2024-05-27 15:00:46,888 - mainlogger - INFO - Accuracy: 0.9534
2024-05-27 15:00:46,888 - mainlogger - INFO - ********************************************************************************
2024-05-27 15:02:57,858 - mainlogger - INFO - Epoch 49  13.056040741503239
2024-05-27 15:02:57,859 - mainlogger - INFO - valid
2024-05-27 15:03:35,515 - mainlogger - INFO - Dice score: 0.7324
2024-05-27 15:03:35,515 - mainlogger - INFO - Accuracy: 0.9512
2024-05-27 15:03:35,522 - mainlogger - DEBUG - test
2024-05-27 15:04:13,243 - mainlogger - INFO - Dice score: 0.7103
2024-05-27 15:04:13,244 - mainlogger - INFO - Accuracy: 0.9501
2024-05-27 15:04:13,249 - mainlogger - INFO - ********************************************************************************
2024-05-27 15:06:24,015 - mainlogger - INFO - Epoch 50  12.960491336882114
2024-05-27 15:06:24,016 - mainlogger - INFO - valid
2024-05-27 15:07:01,567 - mainlogger - INFO - Dice score: 0.7259
2024-05-27 15:07:01,567 - mainlogger - INFO - Accuracy: 0.9425
2024-05-27 15:07:01,573 - mainlogger - DEBUG - test
2024-05-27 15:07:39,391 - mainlogger - INFO - Dice score: 0.7634
2024-05-27 15:07:39,391 - mainlogger - INFO - Accuracy: 0.9525
2024-05-27 15:07:39,392 - mainlogger - INFO - ********************************************************************************
2024-05-27 15:09:50,400 - mainlogger - INFO - Epoch 51  12.964308775961399
2024-05-27 15:09:50,401 - mainlogger - INFO - valid
2024-05-27 15:10:27,958 - mainlogger - INFO - Dice score: 0.7281
2024-05-27 15:10:27,958 - mainlogger - INFO - Accuracy: 0.9438
2024-05-27 15:10:27,959 - mainlogger - INFO - 0.0007224999999999999->0.000614125
2024-05-27 15:10:27,959 - mainlogger - DEBUG - test
2024-05-27 15:11:05,756 - mainlogger - INFO - Dice score: 0.7389
2024-05-27 15:11:05,756 - mainlogger - INFO - Accuracy: 0.9495
2024-05-27 15:11:05,757 - mainlogger - INFO - ********************************************************************************
2024-05-27 15:13:17,129 - mainlogger - INFO - Epoch 52  13.115925129503012
2024-05-27 15:13:17,129 - mainlogger - INFO - valid
2024-05-27 15:13:54,877 - mainlogger - INFO - Dice score: 0.718
2024-05-27 15:13:54,877 - mainlogger - INFO - Accuracy: 0.9419
2024-05-27 15:13:54,877 - mainlogger - DEBUG - test
2024-05-27 15:14:32,742 - mainlogger - INFO - Dice score: 0.7639
2024-05-27 15:14:32,742 - mainlogger - INFO - Accuracy: 0.9542
2024-05-27 15:14:32,746 - mainlogger - INFO - ********************************************************************************
2024-05-27 15:16:43,732 - mainlogger - INFO - Epoch 53  12.489992771297693
2024-05-27 15:16:43,732 - mainlogger - INFO - valid
2024-05-27 15:17:21,410 - mainlogger - INFO - Dice score: 0.7214
2024-05-27 15:17:21,410 - mainlogger - INFO - Accuracy: 0.9427
2024-05-27 15:17:21,411 - mainlogger - DEBUG - test
2024-05-27 15:17:59,237 - mainlogger - INFO - Dice score: 0.7632
2024-05-27 15:17:59,237 - mainlogger - INFO - Accuracy: 0.955
2024-05-27 15:17:59,237 - mainlogger - INFO - ********************************************************************************
2024-05-27 15:20:10,342 - mainlogger - INFO - Epoch 54  12.08878156542778
2024-05-27 15:20:10,342 - mainlogger - INFO - valid
2024-05-27 15:20:47,837 - mainlogger - INFO - Dice score: 0.7228
2024-05-27 15:20:47,837 - mainlogger - INFO - Accuracy: 0.9454
2024-05-27 15:20:47,838 - mainlogger - DEBUG - test
2024-05-27 15:21:25,841 - mainlogger - INFO - Dice score: 0.7643
2024-05-27 15:21:25,842 - mainlogger - INFO - Accuracy: 0.9557
2024-05-27 15:21:25,842 - mainlogger - INFO - ********************************************************************************
2024-05-27 15:23:36,616 - mainlogger - INFO - Epoch 55  12.520152747631073
2024-05-27 15:23:36,616 - mainlogger - INFO - valid
2024-05-27 15:24:14,476 - mainlogger - INFO - Dice score: 0.741
2024-05-27 15:24:14,476 - mainlogger - INFO - Accuracy: 0.9481
2024-05-27 15:24:14,477 - mainlogger - INFO - 0.000614125->0.00052200625
2024-05-27 15:24:14,477 - mainlogger - DEBUG - test
2024-05-27 15:24:52,667 - mainlogger - INFO - Dice score: 0.7563
2024-05-27 15:24:52,668 - mainlogger - INFO - Accuracy: 0.955
2024-05-27 15:24:52,668 - mainlogger - INFO - ********************************************************************************
2024-05-27 15:27:03,808 - mainlogger - INFO - Epoch 56  12.188745312392712
2024-05-27 15:27:03,808 - mainlogger - INFO - valid
2024-05-27 15:27:41,359 - mainlogger - INFO - Dice score: 0.7333
2024-05-27 15:27:41,359 - mainlogger - INFO - Accuracy: 0.945
2024-05-27 15:27:41,359 - mainlogger - DEBUG - test
2024-05-27 15:28:19,281 - mainlogger - INFO - Dice score: 0.7663
2024-05-27 15:28:19,281 - mainlogger - INFO - Accuracy: 0.9549
2024-05-27 15:28:19,282 - mainlogger - INFO - ********************************************************************************
2024-05-27 15:30:30,136 - mainlogger - INFO - Epoch 57  12.024836376309395
2024-05-27 15:30:30,136 - mainlogger - INFO - valid
2024-05-27 15:31:07,696 - mainlogger - INFO - Dice score: 0.7319
2024-05-27 15:31:07,696 - mainlogger - INFO - Accuracy: 0.9447
2024-05-27 15:31:07,696 - mainlogger - DEBUG - test
2024-05-27 15:31:45,616 - mainlogger - INFO - Dice score: 0.7497
2024-05-27 15:31:45,617 - mainlogger - INFO - Accuracy: 0.9514
2024-05-27 15:31:45,617 - mainlogger - INFO - ********************************************************************************
2024-05-27 15:33:56,471 - mainlogger - INFO - Epoch 58  12.159854635596275
2024-05-27 15:33:56,471 - mainlogger - INFO - valid
2024-05-27 15:34:34,136 - mainlogger - INFO - Dice score: 0.732
2024-05-27 15:34:34,136 - mainlogger - INFO - Accuracy: 0.9505
2024-05-27 15:34:34,136 - mainlogger - DEBUG - test
2024-05-27 15:35:11,833 - mainlogger - INFO - Dice score: 0.7397
2024-05-27 15:35:11,833 - mainlogger - INFO - Accuracy: 0.953
2024-05-27 15:35:11,838 - mainlogger - INFO - ********************************************************************************
2024-05-27 15:37:23,022 - mainlogger - INFO - Epoch 59  11.27109444886446
2024-05-27 15:37:23,023 - mainlogger - INFO - valid
2024-05-27 15:38:00,650 - mainlogger - INFO - Dice score: 0.7369
2024-05-27 15:38:00,651 - mainlogger - INFO - Accuracy: 0.9477
2024-05-27 15:38:00,657 - mainlogger - INFO - 0.00052200625->0.00044370531249999997
2024-05-27 15:38:00,657 - mainlogger - DEBUG - test
2024-05-27 15:38:38,607 - mainlogger - INFO - Dice score: 0.7479
2024-05-27 15:38:38,607 - mainlogger - INFO - Accuracy: 0.9523
2024-05-27 15:38:38,607 - mainlogger - INFO - ********************************************************************************
2024-05-27 15:40:49,739 - mainlogger - INFO - Epoch 60  11.110360763967037
2024-05-27 15:40:49,739 - mainlogger - INFO - valid
2024-05-27 15:41:27,245 - mainlogger - INFO - Dice score: 0.725
2024-05-27 15:41:27,245 - mainlogger - INFO - Accuracy: 0.9491
2024-05-27 15:41:27,246 - mainlogger - DEBUG - test
2024-05-27 15:42:04,987 - mainlogger - INFO - Dice score: 0.7226
2024-05-27 15:42:04,987 - mainlogger - INFO - Accuracy: 0.9516
2024-05-27 15:42:04,994 - mainlogger - INFO - ********************************************************************************
2024-05-27 15:44:16,333 - mainlogger - INFO - Epoch 61  11.268445614725351
2024-05-27 15:44:16,333 - mainlogger - INFO - valid
2024-05-27 15:44:53,763 - mainlogger - INFO - Dice score: 0.7199
2024-05-27 15:44:53,763 - mainlogger - INFO - Accuracy: 0.9451
2024-05-27 15:44:53,763 - mainlogger - DEBUG - test
2024-05-27 15:45:31,588 - mainlogger - INFO - Dice score: 0.7306
2024-05-27 15:45:31,588 - mainlogger - INFO - Accuracy: 0.9503
2024-05-27 15:45:31,589 - mainlogger - INFO - ********************************************************************************
2024-05-27 15:47:42,728 - mainlogger - INFO - Epoch 62  10.888914704322815
2024-05-27 15:47:42,728 - mainlogger - INFO - valid
2024-05-27 15:48:20,711 - mainlogger - INFO - Dice score: 0.7192
2024-05-27 15:48:20,711 - mainlogger - INFO - Accuracy: 0.9475
2024-05-27 15:48:20,711 - mainlogger - DEBUG - test
2024-05-27 15:48:58,451 - mainlogger - INFO - Dice score: 0.7283
2024-05-27 15:48:58,452 - mainlogger - INFO - Accuracy: 0.95
2024-05-27 15:48:58,452 - mainlogger - INFO - ********************************************************************************
2024-05-27 15:51:09,506 - mainlogger - INFO - Epoch 63  11.288994420319796
2024-05-27 15:51:09,506 - mainlogger - INFO - valid
2024-05-27 15:51:47,204 - mainlogger - INFO - Dice score: 0.7246
2024-05-27 15:51:47,204 - mainlogger - INFO - Accuracy: 0.9461
2024-05-27 15:51:47,204 - mainlogger - INFO - 0.00044370531249999997->0.00037714951562499996
2024-05-27 15:51:47,204 - mainlogger - DEBUG - test
2024-05-27 15:52:25,173 - mainlogger - INFO - Dice score: 0.753
2024-05-27 15:52:25,173 - mainlogger - INFO - Accuracy: 0.9546
2024-05-27 15:52:25,173 - mainlogger - INFO - ********************************************************************************
2024-05-27 15:54:36,103 - mainlogger - INFO - Epoch 64  10.354524414986372
2024-05-27 15:54:36,103 - mainlogger - INFO - valid
2024-05-27 15:55:23,480 - mainlogger - INFO - Dice score: 0.721
2024-05-27 15:55:23,480 - mainlogger - INFO - Accuracy: 0.9439
2024-05-27 15:55:23,480 - mainlogger - DEBUG - test
2024-05-27 15:56:02,752 - mainlogger - INFO - Dice score: 0.7645
2024-05-27 15:56:02,752 - mainlogger - INFO - Accuracy: 0.9549
2024-05-27 15:56:02,753 - mainlogger - INFO - ********************************************************************************
2024-05-27 15:58:18,210 - mainlogger - INFO - Epoch 65  10.787632662802935
2024-05-27 15:58:18,211 - mainlogger - INFO - valid
2024-05-27 15:58:57,210 - mainlogger - INFO - Dice score: 0.7178
2024-05-27 15:58:57,210 - mainlogger - INFO - Accuracy: 0.9428
2024-05-27 15:58:57,210 - mainlogger - DEBUG - test
2024-05-27 15:59:36,451 - mainlogger - INFO - Dice score: 0.749
2024-05-27 15:59:36,452 - mainlogger - INFO - Accuracy: 0.9527
2024-05-27 15:59:36,452 - mainlogger - INFO - ********************************************************************************
2024-05-27 16:01:51,445 - mainlogger - INFO - Epoch 66  10.5998241789639
2024-05-27 16:01:51,445 - mainlogger - INFO - valid
2024-05-27 16:02:30,593 - mainlogger - INFO - Dice score: 0.7222
2024-05-27 16:02:30,593 - mainlogger - INFO - Accuracy: 0.9455
2024-05-27 16:02:30,594 - mainlogger - DEBUG - test
2024-05-27 16:03:09,967 - mainlogger - INFO - Dice score: 0.7495
2024-05-27 16:03:09,967 - mainlogger - INFO - Accuracy: 0.9543
2024-05-27 16:03:09,968 - mainlogger - INFO - ********************************************************************************
2024-05-27 16:05:24,889 - mainlogger - INFO - Epoch 67  11.034939263015985
2024-05-27 16:05:24,890 - mainlogger - INFO - valid
2024-05-27 16:06:03,637 - mainlogger - INFO - Dice score: 0.7167
2024-05-27 16:06:03,638 - mainlogger - INFO - Accuracy: 0.9453
2024-05-27 16:06:03,638 - mainlogger - INFO - 0.00037714951562499996->0.00032057708828124994
2024-05-27 16:06:03,638 - mainlogger - DEBUG - test
2024-05-27 16:06:42,844 - mainlogger - INFO - Dice score: 0.7516
2024-05-27 16:06:42,844 - mainlogger - INFO - Accuracy: 0.9549
2024-05-27 16:06:42,844 - mainlogger - INFO - ********************************************************************************
2024-05-27 16:08:57,741 - mainlogger - INFO - Epoch 68  10.376256220042706
2024-05-27 16:08:57,741 - mainlogger - INFO - valid
2024-05-27 16:09:37,051 - mainlogger - INFO - Dice score: 0.7154
2024-05-27 16:09:37,052 - mainlogger - INFO - Accuracy: 0.9433
2024-05-27 16:09:37,056 - mainlogger - DEBUG - test
2024-05-27 16:10:16,378 - mainlogger - INFO - Dice score: 0.7556
2024-05-27 16:10:16,378 - mainlogger - INFO - Accuracy: 0.9541
2024-05-27 16:10:16,378 - mainlogger - INFO - ********************************************************************************
2024-05-27 16:12:31,743 - mainlogger - INFO - Epoch 69  10.966389320790768
2024-05-27 16:12:31,743 - mainlogger - INFO - valid
2024-05-27 16:13:10,916 - mainlogger - INFO - Dice score: 0.7324
2024-05-27 16:13:10,916 - mainlogger - INFO - Accuracy: 0.9477
2024-05-27 16:13:10,916 - mainlogger - DEBUG - test
2024-05-27 16:13:50,246 - mainlogger - INFO - Dice score: 0.7489
2024-05-27 16:13:50,246 - mainlogger - INFO - Accuracy: 0.9537
2024-05-27 16:13:50,246 - mainlogger - INFO - ********************************************************************************
2024-05-27 16:16:05,259 - mainlogger - INFO - Epoch 70  10.145291041582823
2024-05-27 16:16:05,259 - mainlogger - INFO - valid
2024-05-27 16:16:44,312 - mainlogger - INFO - Dice score: 0.7299
2024-05-27 16:16:44,312 - mainlogger - INFO - Accuracy: 0.9481
2024-05-27 16:16:44,312 - mainlogger - DEBUG - test
2024-05-27 16:17:23,651 - mainlogger - INFO - Dice score: 0.7475
2024-05-27 16:17:23,652 - mainlogger - INFO - Accuracy: 0.9536
2024-05-27 16:17:23,652 - mainlogger - INFO - ********************************************************************************
2024-05-27 16:19:38,986 - mainlogger - INFO - Epoch 71  9.994714759290218
2024-05-27 16:19:38,987 - mainlogger - INFO - valid
2024-05-27 16:20:18,051 - mainlogger - INFO - Dice score: 0.734
2024-05-27 16:20:18,051 - mainlogger - INFO - Accuracy: 0.947
2024-05-27 16:20:18,051 - mainlogger - INFO - 0.00032057708828124994->0.0002724905250390624
2024-05-27 16:20:18,051 - mainlogger - DEBUG - test
2024-05-27 16:20:57,261 - mainlogger - INFO - Dice score: 0.7317
2024-05-27 16:20:57,261 - mainlogger - INFO - Accuracy: 0.9508
2024-05-27 16:20:57,262 - mainlogger - INFO - ********************************************************************************
2024-05-27 16:23:12,021 - mainlogger - INFO - Epoch 72  10.0306315459311
2024-05-27 16:23:12,022 - mainlogger - INFO - valid
2024-05-27 16:23:51,355 - mainlogger - INFO - Dice score: 0.7285
2024-05-27 16:23:51,355 - mainlogger - INFO - Accuracy: 0.9451
2024-05-27 16:23:51,359 - mainlogger - DEBUG - test
2024-05-27 16:24:30,825 - mainlogger - INFO - Dice score: 0.7557
2024-05-27 16:24:30,826 - mainlogger - INFO - Accuracy: 0.9535
2024-05-27 16:24:30,830 - mainlogger - INFO - ********************************************************************************
2024-05-27 16:26:45,626 - mainlogger - INFO - Epoch 73  9.861579056829214
2024-05-27 16:26:45,627 - mainlogger - INFO - valid
2024-05-27 16:27:24,703 - mainlogger - INFO - Dice score: 0.7248
2024-05-27 16:27:24,703 - mainlogger - INFO - Accuracy: 0.9471
2024-05-27 16:27:24,703 - mainlogger - DEBUG - test
2024-05-27 16:28:04,069 - mainlogger - INFO - Dice score: 0.7269
2024-05-27 16:28:04,070 - mainlogger - INFO - Accuracy: 0.9508
2024-05-27 16:28:04,070 - mainlogger - INFO - ********************************************************************************
2024-05-27 16:30:18,887 - mainlogger - INFO - Epoch 74  9.927167873829603
2024-05-27 16:30:18,888 - mainlogger - INFO - valid
2024-05-27 16:30:57,785 - mainlogger - INFO - Dice score: 0.717
2024-05-27 16:30:57,785 - mainlogger - INFO - Accuracy: 0.9447
2024-05-27 16:30:57,785 - mainlogger - DEBUG - test
2024-05-27 16:31:37,003 - mainlogger - INFO - Dice score: 0.7454
2024-05-27 16:31:37,003 - mainlogger - INFO - Accuracy: 0.9533
2024-05-27 16:31:37,003 - mainlogger - INFO - ********************************************************************************
2024-05-27 16:33:52,347 - mainlogger - INFO - Epoch 75  9.209659542888403
2024-05-27 16:33:52,348 - mainlogger - INFO - valid
2024-05-27 16:34:31,457 - mainlogger - INFO - Dice score: 0.7345
2024-05-27 16:34:31,457 - mainlogger - INFO - Accuracy: 0.9471
2024-05-27 16:34:31,464 - mainlogger - INFO - 0.0002724905250390624->0.00023161694628320305
2024-05-27 16:34:31,464 - mainlogger - DEBUG - test
2024-05-27 16:35:10,719 - mainlogger - INFO - Dice score: 0.7595
2024-05-27 16:35:10,719 - mainlogger - INFO - Accuracy: 0.9545
2024-05-27 16:35:10,724 - mainlogger - INFO - ********************************************************************************
2024-05-27 16:37:25,764 - mainlogger - INFO - Epoch 76  10.0785744599998
2024-05-27 16:37:25,764 - mainlogger - INFO - valid
2024-05-27 16:38:04,798 - mainlogger - INFO - Dice score: 0.7244
2024-05-27 16:38:04,798 - mainlogger - INFO - Accuracy: 0.9436
2024-05-27 16:38:04,798 - mainlogger - DEBUG - test
2024-05-27 16:38:43,899 - mainlogger - INFO - Dice score: 0.7423
2024-05-27 16:38:43,899 - mainlogger - INFO - Accuracy: 0.9498
2024-05-27 16:38:43,899 - mainlogger - INFO - ********************************************************************************
2024-05-27 16:40:59,016 - mainlogger - INFO - Epoch 77  9.659964438527822
2024-05-27 16:40:59,017 - mainlogger - INFO - valid
2024-05-27 16:41:38,107 - mainlogger - INFO - Dice score: 0.7237
2024-05-27 16:41:38,107 - mainlogger - INFO - Accuracy: 0.9472
2024-05-27 16:41:38,108 - mainlogger - DEBUG - test
2024-05-27 16:42:17,329 - mainlogger - INFO - Dice score: 0.7478
2024-05-27 16:42:17,329 - mainlogger - INFO - Accuracy: 0.9534
2024-05-27 16:42:17,330 - mainlogger - INFO - ********************************************************************************
2024-05-27 16:44:32,603 - mainlogger - INFO - Epoch 78  9.654897283762693
2024-05-27 16:44:32,603 - mainlogger - INFO - valid
2024-05-27 16:45:12,058 - mainlogger - INFO - Dice score: 0.731
2024-05-27 16:45:12,059 - mainlogger - INFO - Accuracy: 0.946
2024-05-27 16:45:12,066 - mainlogger - DEBUG - test
2024-05-27 16:45:51,526 - mainlogger - INFO - Dice score: 0.7446
2024-05-27 16:45:51,526 - mainlogger - INFO - Accuracy: 0.9515
2024-05-27 16:45:51,526 - mainlogger - INFO - ********************************************************************************
2024-05-27 16:48:07,065 - mainlogger - INFO - Epoch 79  9.286010798066854
2024-05-27 16:48:07,065 - mainlogger - INFO - valid
2024-05-27 16:48:45,877 - mainlogger - INFO - Dice score: 0.7303
2024-05-27 16:48:45,878 - mainlogger - INFO - Accuracy: 0.9485
2024-05-27 16:48:45,878 - mainlogger - INFO - 0.00023161694628320305->0.0001968744043407226
2024-05-27 16:48:45,878 - mainlogger - DEBUG - test
2024-05-27 16:49:25,061 - mainlogger - INFO - Dice score: 0.7184
2024-05-27 16:49:25,061 - mainlogger - INFO - Accuracy: 0.9492
2024-05-27 16:49:25,061 - mainlogger - INFO - ********************************************************************************
2024-05-27 16:51:39,735 - mainlogger - INFO - Epoch 80  9.180169358849525
2024-05-27 16:51:39,736 - mainlogger - INFO - valid
2024-05-27 16:52:18,739 - mainlogger - INFO - Dice score: 0.7403
2024-05-27 16:52:18,739 - mainlogger - INFO - Accuracy: 0.9471
2024-05-27 16:52:18,740 - mainlogger - DEBUG - test
2024-05-27 16:52:58,059 - mainlogger - INFO - Dice score: 0.7555
2024-05-27 16:52:58,059 - mainlogger - INFO - Accuracy: 0.9531
2024-05-27 16:52:58,059 - mainlogger - INFO - ********************************************************************************
2024-05-27 16:55:13,197 - mainlogger - INFO - Epoch 81  8.904495656490326
2024-05-27 16:55:13,197 - mainlogger - INFO - valid
2024-05-27 16:55:52,427 - mainlogger - INFO - Dice score: 0.7508
2024-05-27 16:55:52,427 - mainlogger - INFO - Accuracy: 0.9497
2024-05-27 16:55:52,433 - mainlogger - DEBUG - test
2024-05-27 16:56:31,491 - mainlogger - INFO - Dice score: 0.7571
2024-05-27 16:56:31,491 - mainlogger - INFO - Accuracy: 0.9533
2024-05-27 16:56:31,491 - mainlogger - INFO - ********************************************************************************
2024-05-27 16:58:45,602 - mainlogger - INFO - Epoch 82  8.923605218529701
2024-05-27 16:58:45,602 - mainlogger - INFO - valid
2024-05-27 16:59:24,508 - mainlogger - INFO - Dice score: 0.7251
2024-05-27 16:59:24,508 - mainlogger - INFO - Accuracy: 0.9453
2024-05-27 16:59:24,509 - mainlogger - DEBUG - test
2024-05-27 17:00:03,961 - mainlogger - INFO - Dice score: 0.7466
2024-05-27 17:00:03,961 - mainlogger - INFO - Accuracy: 0.9521
2024-05-27 17:00:03,962 - mainlogger - INFO - ********************************************************************************
2024-05-27 17:02:18,560 - mainlogger - INFO - Epoch 83  8.920205302536488
2024-05-27 17:02:18,560 - mainlogger - INFO - valid
2024-05-27 17:02:57,514 - mainlogger - INFO - Dice score: 0.7385
2024-05-27 17:02:57,514 - mainlogger - INFO - Accuracy: 0.9443
2024-05-27 17:02:57,515 - mainlogger - INFO - 0.0001968744043407226->0.0001673432436896142
2024-05-27 17:02:57,515 - mainlogger - DEBUG - test
2024-05-27 17:03:36,698 - mainlogger - INFO - Dice score: 0.7484
2024-05-27 17:03:36,698 - mainlogger - INFO - Accuracy: 0.9495
2024-05-27 17:03:36,704 - mainlogger - INFO - ********************************************************************************
2024-05-27 17:05:51,938 - mainlogger - INFO - Epoch 84  9.01241922751069
2024-05-27 17:05:51,938 - mainlogger - INFO - valid
2024-05-27 17:06:31,107 - mainlogger - INFO - Dice score: 0.7522
2024-05-27 17:06:31,107 - mainlogger - INFO - Accuracy: 0.9515
2024-05-27 17:06:31,111 - mainlogger - DEBUG - test
2024-05-27 17:07:10,320 - mainlogger - INFO - Dice score: 0.7515
2024-05-27 17:07:10,320 - mainlogger - INFO - Accuracy: 0.9533
2024-05-27 17:07:10,320 - mainlogger - INFO - ********************************************************************************
2024-05-27 17:09:25,411 - mainlogger - INFO - Epoch 85  8.734251473098993
2024-05-27 17:09:25,412 - mainlogger - INFO - valid
2024-05-27 17:10:04,333 - mainlogger - INFO - Dice score: 0.7301
2024-05-27 17:10:04,333 - mainlogger - INFO - Accuracy: 0.9448
2024-05-27 17:10:04,333 - mainlogger - DEBUG - test
2024-05-27 17:10:43,396 - mainlogger - INFO - Dice score: 0.745
2024-05-27 17:10:43,396 - mainlogger - INFO - Accuracy: 0.9515
2024-05-27 17:10:43,401 - mainlogger - INFO - ********************************************************************************
2024-05-27 17:12:58,588 - mainlogger - INFO - Epoch 86  8.236206043511629
2024-05-27 17:12:58,588 - mainlogger - INFO - valid
2024-05-27 17:13:37,280 - mainlogger - INFO - Dice score: 0.7336
2024-05-27 17:13:37,280 - mainlogger - INFO - Accuracy: 0.9463
2024-05-27 17:13:37,281 - mainlogger - DEBUG - test
2024-05-27 17:14:16,374 - mainlogger - INFO - Dice score: 0.7398
2024-05-27 17:14:16,374 - mainlogger - INFO - Accuracy: 0.9503
2024-05-27 17:14:16,378 - mainlogger - INFO - ********************************************************************************
2024-05-27 17:16:31,325 - mainlogger - INFO - Epoch 87  8.54207243770361
2024-05-27 17:16:31,325 - mainlogger - INFO - valid
2024-05-27 17:17:10,435 - mainlogger - INFO - Dice score: 0.7361
2024-05-27 17:17:10,436 - mainlogger - INFO - Accuracy: 0.9446
2024-05-27 17:17:10,436 - mainlogger - DEBUG - test
2024-05-27 17:17:40,781 - mainlogger - INFO - Dice score: 0.7454
2024-05-27 17:17:40,781 - mainlogger - INFO - Accuracy: 0.9505
2024-05-27 17:17:40,782 - mainlogger - INFO - ********************************************************************************
2024-05-27 17:19:56,055 - mainlogger - INFO - Epoch 88  8.831140074878931
2024-05-27 17:19:56,055 - mainlogger - INFO - valid
2024-05-27 17:20:35,132 - mainlogger - INFO - Dice score: 0.7461
2024-05-27 17:20:35,132 - mainlogger - INFO - Accuracy: 0.9506
2024-05-27 17:20:35,133 - mainlogger - INFO - 0.0001673432436896142->0.00014224175713617207
2024-05-27 17:20:35,133 - mainlogger - DEBUG - test
2024-05-27 17:21:14,533 - mainlogger - INFO - Dice score: 0.7569
2024-05-27 17:21:14,533 - mainlogger - INFO - Accuracy: 0.9551
2024-05-27 17:21:14,534 - mainlogger - INFO - ********************************************************************************
2024-05-27 17:23:29,321 - mainlogger - INFO - Epoch 89  8.498543780297041
2024-05-27 17:23:29,321 - mainlogger - INFO - valid
2024-05-27 17:24:08,311 - mainlogger - INFO - Dice score: 0.73
2024-05-27 17:24:08,311 - mainlogger - INFO - Accuracy: 0.9457
2024-05-27 17:24:08,312 - mainlogger - DEBUG - test
2024-05-27 17:24:47,656 - mainlogger - INFO - Dice score: 0.7536
2024-05-27 17:24:47,657 - mainlogger - INFO - Accuracy: 0.9533
2024-05-27 17:24:47,657 - mainlogger - INFO - ********************************************************************************
2024-05-27 17:27:02,443 - mainlogger - INFO - Epoch 90  8.950691550970078
2024-05-27 17:27:02,443 - mainlogger - INFO - valid
2024-05-27 17:27:41,617 - mainlogger - INFO - Dice score: 0.7584
2024-05-27 17:27:41,617 - mainlogger - INFO - Accuracy: 0.9545
2024-05-27 17:27:41,620 - mainlogger - DEBUG - test
2024-05-27 17:28:20,855 - mainlogger - INFO - Dice score: 0.7473
2024-05-27 17:28:20,855 - mainlogger - INFO - Accuracy: 0.9532
2024-05-27 17:28:20,855 - mainlogger - INFO - ********************************************************************************
2024-05-27 17:30:36,179 - mainlogger - INFO - Epoch 91  8.523969888687134
2024-05-27 17:30:36,180 - mainlogger - INFO - valid
2024-05-27 17:31:15,968 - mainlogger - INFO - Dice score: 0.7436
2024-05-27 17:31:15,968 - mainlogger - INFO - Accuracy: 0.9498
2024-05-27 17:31:15,969 - mainlogger - DEBUG - test
2024-05-27 17:31:55,478 - mainlogger - INFO - Dice score: 0.7348
2024-05-27 17:31:55,478 - mainlogger - INFO - Accuracy: 0.9514
2024-05-27 17:31:55,478 - mainlogger - INFO - ********************************************************************************
2024-05-27 17:34:10,401 - mainlogger - INFO - Epoch 92  8.510665226727724
2024-05-27 17:34:10,401 - mainlogger - INFO - valid
2024-05-27 17:34:49,704 - mainlogger - INFO - Dice score: 0.7532
2024-05-27 17:34:49,704 - mainlogger - INFO - Accuracy: 0.9526
2024-05-27 17:34:49,705 - mainlogger - DEBUG - test
2024-05-27 17:35:28,833 - mainlogger - INFO - Dice score: 0.732
2024-05-27 17:35:28,833 - mainlogger - INFO - Accuracy: 0.9506
2024-05-27 17:35:28,834 - mainlogger - INFO - ********************************************************************************
2024-05-27 17:37:44,336 - mainlogger - INFO - Epoch 93  8.524423323571682
2024-05-27 17:37:44,336 - mainlogger - INFO - valid
2024-05-27 17:38:23,433 - mainlogger - INFO - Dice score: 0.7254
2024-05-27 17:38:23,433 - mainlogger - INFO - Accuracy: 0.9444
2024-05-27 17:38:23,440 - mainlogger - DEBUG - test
2024-05-27 17:39:02,528 - mainlogger - INFO - Dice score: 0.747
2024-05-27 17:39:02,528 - mainlogger - INFO - Accuracy: 0.9522
2024-05-27 17:39:02,529 - mainlogger - INFO - ********************************************************************************
2024-05-27 17:41:17,717 - mainlogger - INFO - Epoch 94  8.362719621509314
2024-05-27 17:41:17,718 - mainlogger - INFO - valid
2024-05-27 17:41:56,821 - mainlogger - INFO - Dice score: 0.7233
2024-05-27 17:41:56,821 - mainlogger - INFO - Accuracy: 0.9433
2024-05-27 17:41:56,827 - mainlogger - INFO - 0.00014224175713617207->0.00012090549356574625
2024-05-27 17:41:56,827 - mainlogger - DEBUG - test
2024-05-27 17:42:36,055 - mainlogger - INFO - Dice score: 0.7419
2024-05-27 17:42:36,056 - mainlogger - INFO - Accuracy: 0.9506
2024-05-27 17:42:36,056 - mainlogger - INFO - ********************************************************************************
2024-05-27 17:44:51,231 - mainlogger - INFO - Epoch 95  8.259661365300417
2024-05-27 17:44:51,232 - mainlogger - INFO - valid
2024-05-27 17:45:30,343 - mainlogger - INFO - Dice score: 0.743
2024-05-27 17:45:30,343 - mainlogger - INFO - Accuracy: 0.9504
2024-05-27 17:45:30,344 - mainlogger - DEBUG - test
2024-05-27 17:46:09,732 - mainlogger - INFO - Dice score: 0.7335
2024-05-27 17:46:09,732 - mainlogger - INFO - Accuracy: 0.951
2024-05-27 17:46:09,739 - mainlogger - INFO - ********************************************************************************
2024-05-27 17:48:24,890 - mainlogger - INFO - Epoch 96  8.775665108114481
2024-05-27 17:48:24,890 - mainlogger - INFO - valid
2024-05-27 17:49:03,470 - mainlogger - INFO - Dice score: 0.7277
2024-05-27 17:49:03,470 - mainlogger - INFO - Accuracy: 0.9508
2024-05-27 17:49:03,470 - mainlogger - DEBUG - test
2024-05-27 17:49:43,081 - mainlogger - INFO - Dice score: 0.7048
2024-05-27 17:49:43,081 - mainlogger - INFO - Accuracy: 0.9486
2024-05-27 17:49:43,088 - mainlogger - INFO - ********************************************************************************
2024-05-27 17:51:58,051 - mainlogger - INFO - Epoch 97  8.209274094551802
2024-05-27 17:51:58,051 - mainlogger - INFO - valid
2024-05-27 17:52:37,104 - mainlogger - INFO - Dice score: 0.7338
2024-05-27 17:52:37,104 - mainlogger - INFO - Accuracy: 0.9482
2024-05-27 17:52:37,105 - mainlogger - DEBUG - test
2024-05-27 17:53:16,133 - mainlogger - INFO - Dice score: 0.7413
2024-05-27 17:53:16,133 - mainlogger - INFO - Accuracy: 0.952
2024-05-27 17:53:16,133 - mainlogger - INFO - ********************************************************************************
2024-05-27 17:55:30,863 - mainlogger - INFO - Epoch 98  8.55124681815505
2024-05-27 17:55:30,863 - mainlogger - INFO - valid
2024-05-27 17:56:09,947 - mainlogger - INFO - Dice score: 0.7497
2024-05-27 17:56:09,947 - mainlogger - INFO - Accuracy: 0.9532
2024-05-27 17:56:09,948 - mainlogger - INFO - 0.00012090549356574625->0.00010276966953088431
2024-05-27 17:56:09,948 - mainlogger - DEBUG - test
2024-05-27 17:56:49,310 - mainlogger - INFO - Dice score: 0.7332
2024-05-27 17:56:49,310 - mainlogger - INFO - Accuracy: 0.9523
2024-05-27 17:56:49,315 - mainlogger - INFO - ********************************************************************************
2024-05-27 17:59:04,716 - mainlogger - INFO - Epoch 99  8.178781844675541
2024-05-27 17:59:04,717 - mainlogger - INFO - valid
2024-05-27 17:59:43,791 - mainlogger - INFO - Dice score: 0.7417
2024-05-27 17:59:43,792 - mainlogger - INFO - Accuracy: 0.9506
2024-05-27 17:59:43,792 - mainlogger - DEBUG - test
2024-05-27 18:00:23,105 - mainlogger - INFO - Dice score: 0.7286
2024-05-27 18:00:23,105 - mainlogger - INFO - Accuracy: 0.951
2024-05-27 18:00:23,106 - mainlogger - INFO - ********************************************************************************
2024-05-27 18:00:23,106 - mainlogger - DEBUG - [0.7180082066826476, 0.6960585035172642, 0.7055536707003685, 0.7127532378812453, 0.7312475051517237, 0.7019169412304255, 0.7354505844521531, 0.7267524335185789, 0.7355013632063951, 0.7295957366405003, 0.7103167822662008, 0.7163164010152607, 0.7162741844911544, 0.7511278158358677, 0.7320638970379113, 0.7187004691316337, 0.7328925539259765, 0.7195768303751333, 0.7328900342411083, 0.732368149868851, 0.7258919340103712, 0.7280786559802211, 0.7179547769777417, 0.7213925399426748, 0.7228170768446268, 0.7410039965901786, 0.733326387454214, 0.7319497041269324, 0.732043659117574, 0.7369332066878749, 0.7249561740857341, 0.719903713992352, 0.7191514423333595, 0.7245564260277364, 0.7209774647843169, 0.7178164871166945, 0.7221696179157486, 0.7167269003685318, 0.7154170984326073, 0.7323901232721631, 0.7299405974494726, 0.734039349355989, 0.7285289966505868, 0.7247587159279365, 0.7170428478949084, 0.7344649873122753, 0.7244363343316985, 0.72374573042095, 0.7310241671651665, 0.7302560852101663, 0.7403406963877067, 0.7508400851723731, 0.7250697984867615, 0.7384501888413736, 0.7521671336900867, 0.7301310973430302, 0.7336235526504084, 0.7361390332711313, 0.7460906897858207, 0.7300270626064662, 0.7584054635967469, 0.7435738244210799, 0.7532317288963304, 0.7254161381970446, 0.7232623295966725, 0.7430215855532412, 0.7277013926125123, 0.7337690022375666, 0.7496510538707564, 0.7416982793082042]
2024-05-27 18:00:23,106 - mainlogger - DEBUG - [0.696486614459161, 0.7197256113707969, 0.7299674565037283, 0.7229952134441563, 0.70373357324262, 0.699864792967282, 0.7438541000593477, 0.7139416424847163, 0.7472743446991351, 0.7229973644974887, 0.7104980022504399, 0.7366940513646527, 0.7318233251806248, 0.7505095768601149, 0.7534482481975889, 0.7369365042392902, 0.7611165054927713, 0.757356527046942, 0.7459809416689388, 0.7103145093404086, 0.7633789692011135, 0.738935198961254, 0.763921053466808, 0.7632081167165462, 0.7643320368560079, 0.7563029148008015, 0.7663338480236326, 0.7496971947259051, 0.7396654254047004, 0.7478956725306047, 0.7225582992017346, 0.7305848850341979, 0.7282774148178396, 0.7530156924162643, 0.7644708930013924, 0.749015027287987, 0.7494738732822586, 0.7516178865662457, 0.755591942470658, 0.7489436581840376, 0.7474619051326835, 0.7317345608920959, 0.7556806792827311, 0.7268852883511673, 0.7453957345647808, 0.7595001352543402, 0.7423130170919398, 0.7478282065692097, 0.744571248164061, 0.7184002034129456, 0.7555094675474194, 0.7570604504277281, 0.7466456661800095, 0.7484030795366821, 0.7515441919041246, 0.744970947944758, 0.7397888172487226, 0.745385949961902, 0.7569492926201518, 0.7536153257624132, 0.7473271421277249, 0.7348118032749548, 0.7320142393550804, 0.7470166623206942, 0.7418988162055546, 0.7335053036473197, 0.7047832086727914, 0.7413118112540664, 0.733246605139842, 0.7285556772953814]
2024-05-27 18:00:23,115 - mainlogger - INFO - final test
2024-05-27 18:01:02,195 - mainlogger - INFO - Dice score: 0.7273
2024-05-27 18:01:02,196 - mainlogger - INFO - Accuracy: 0.9507
