2024-05-09 21:30:19,959 - mainlogger - INFO - 27526
2024-05-09 21:30:19,960 - mainlogger - INFO - <class '__main__.UniversegPipeline'>
2024-05-09 21:30:19,960 - mainlogger - INFO - universeg_config/batchnorm/init_relu.yaml
2024-05-09 21:30:19,960 - mainlogger - INFO - {'desc': '输入单通道，大小384', 'log_dir': 'universeg_config/big/log', 'batch_size': 4, 'epochs': 100, 'k': 2, 'root_dir': '/home/4T/zcr/dataset/Dataset_BUSI', 'model': {'name': 'universeg_batchnorm.universeg.UniverSeg', 'args': {'encoder_blocks': [64, 128, 256, 256, 512], 'in_ch': [1, 2], 'init': True, 'nonlinearity': 'ReLU'}}, 'trainset': {'name': 'datasetBUSI.mask_busi_single.MaskBUSISingle', 'args': {'root_dir': '/home/4T/zcr/dataset/Dataset_BUSI', 'image_names_path': 'labeled20.txt', 'mode': 'train'}}, 'testset': {'name': 'datasetBUSI.mask_busi_single.MaskBUSISingle', 'args': {'root_dir': '/home/4T/zcr/dataset/Dataset_BUSI', 'image_names_path': 'test.txt', 'mode': 'test'}}, 'criterion': {'name': 'spgutils.focalloss.BinaryFocalLoss', 'args': {'gamma': 1}}, 'optimizer': {'name': 'torch.optim.Adam', 'args': {'lr': 0.0001}}, 'scheduler': {'name': 'torch.optim.lr_scheduler.StepLR', 'args': {'step_size': 1, 'gamma': 0.99}}}
2024-05-09 21:30:19,960 - mainlogger - INFO - 20.491838455200195
2024-05-09 21:30:32,613 - mainlogger - INFO - Epoch 0  7.268627434968948
2024-05-09 21:30:38,714 - mainlogger - INFO - Epoch 1  6.356985092163086
2024-05-09 21:30:44,476 - mainlogger - INFO - Dice score: 0.4386
2024-05-09 21:30:44,477 - mainlogger - INFO - Accuracy: 0.8144
2024-05-09 21:30:54,592 - mainlogger - INFO - Dice score: 0.3449
2024-05-09 21:30:54,592 - mainlogger - INFO - Accuracy: 0.794
2024-05-09 21:31:01,025 - mainlogger - INFO - Epoch 2  6.151785165071487
2024-05-09 21:31:07,255 - mainlogger - INFO - Epoch 3  6.099375128746033
2024-05-09 21:31:13,514 - mainlogger - INFO - Epoch 4  6.2058573961257935
2024-05-09 21:31:19,649 - mainlogger - INFO - Epoch 5  5.971821516752243
2024-05-09 21:31:25,814 - mainlogger - INFO - Epoch 6  6.023154929280281
2024-05-09 21:31:32,004 - mainlogger - INFO - Epoch 7  6.03666777908802
2024-05-09 21:31:38,002 - mainlogger - INFO - Epoch 8  5.9856705367565155
2024-05-09 21:31:44,191 - mainlogger - INFO - Epoch 9  5.572677090764046
2024-05-09 21:31:50,212 - mainlogger - INFO - Epoch 10  5.802496626973152
2024-05-09 21:31:56,232 - mainlogger - INFO - Epoch 11  5.684948831796646
2024-05-09 21:32:02,110 - mainlogger - INFO - Dice score: 0.4845
2024-05-09 21:32:02,110 - mainlogger - INFO - Accuracy: 0.8106
2024-05-09 21:32:11,537 - mainlogger - INFO - Dice score: 0.45
2024-05-09 21:32:11,537 - mainlogger - INFO - Accuracy: 0.8171
2024-05-09 21:32:17,611 - mainlogger - INFO - Epoch 12  5.601755917072296
2024-05-09 21:32:23,697 - mainlogger - INFO - Epoch 13  5.676329493522644
2024-05-09 21:32:29,870 - mainlogger - INFO - Epoch 14  5.605516090989113
2024-05-09 21:32:36,242 - mainlogger - INFO - Epoch 15  5.558749675750732
2024-05-09 21:32:42,303 - mainlogger - INFO - Epoch 16  5.663484409451485
2024-05-09 21:32:48,233 - mainlogger - INFO - Epoch 17  5.636397987604141
2024-05-09 21:32:54,386 - mainlogger - INFO - Epoch 18  5.192068591713905
2024-05-09 21:33:00,631 - mainlogger - INFO - Epoch 19  5.395491868257523
2024-05-09 21:33:06,774 - mainlogger - INFO - Epoch 20  5.719095930457115
2024-05-09 21:33:12,995 - mainlogger - INFO - Epoch 21  5.41520431637764
2024-05-09 21:33:18,548 - mainlogger - INFO - Dice score: 0.6027
2024-05-09 21:33:18,548 - mainlogger - INFO - Accuracy: 0.9011
2024-05-09 21:33:27,858 - mainlogger - INFO - Dice score: 0.5612
2024-05-09 21:33:27,858 - mainlogger - INFO - Accuracy: 0.8964
2024-05-09 21:33:33,916 - mainlogger - INFO - Epoch 22  5.417980313301086
2024-05-09 21:33:39,876 - mainlogger - INFO - Epoch 23  5.181347012519836
2024-05-09 21:33:46,166 - mainlogger - INFO - Epoch 24  5.309493824839592
2024-05-09 21:33:52,128 - mainlogger - INFO - Epoch 25  5.356283605098724
2024-05-09 21:33:58,221 - mainlogger - INFO - Epoch 26  5.284938722848892
2024-05-09 21:34:04,223 - mainlogger - INFO - Epoch 27  5.226144850254059
2024-05-09 21:34:10,384 - mainlogger - INFO - Epoch 28  5.3048050701618195
2024-05-09 21:34:16,342 - mainlogger - INFO - Epoch 29  5.305466249585152
2024-05-09 21:34:22,559 - mainlogger - INFO - Epoch 30  5.203632831573486
2024-05-09 21:34:28,684 - mainlogger - INFO - Epoch 31  5.174176290631294
2024-05-09 21:34:34,345 - mainlogger - INFO - Dice score: 0.6461
2024-05-09 21:34:34,345 - mainlogger - INFO - Accuracy: 0.9054
2024-05-09 21:34:43,707 - mainlogger - INFO - Dice score: 0.5623
2024-05-09 21:34:43,707 - mainlogger - INFO - Accuracy: 0.8858
2024-05-09 21:34:49,730 - mainlogger - INFO - Epoch 32  5.058206617832184
2024-05-09 21:34:55,947 - mainlogger - INFO - Epoch 33  4.80578026175499
2024-05-09 21:35:02,059 - mainlogger - INFO - Epoch 34  5.197902217507362
2024-05-09 21:35:08,169 - mainlogger - INFO - Epoch 35  5.127836897969246
2024-05-09 21:35:14,327 - mainlogger - INFO - Epoch 36  4.93837408721447
2024-05-09 21:35:20,386 - mainlogger - INFO - Epoch 37  5.0499554723501205
2024-05-09 21:35:26,608 - mainlogger - INFO - Epoch 38  4.818158119916916
2024-05-09 21:35:32,784 - mainlogger - INFO - Epoch 39  4.917680725455284
2024-05-09 21:35:38,943 - mainlogger - INFO - Epoch 40  4.8383956253528595
2024-05-09 21:35:45,165 - mainlogger - INFO - Epoch 41  4.781794548034668
2024-05-09 21:35:50,829 - mainlogger - INFO - Dice score: 0.7163
2024-05-09 21:35:50,829 - mainlogger - INFO - Accuracy: 0.9136
2024-05-09 21:36:00,143 - mainlogger - INFO - Dice score: 0.5625
2024-05-09 21:36:00,143 - mainlogger - INFO - Accuracy: 0.8785
2024-05-09 21:36:06,365 - mainlogger - INFO - Epoch 42  4.850802779197693
2024-05-09 21:36:12,451 - mainlogger - INFO - Epoch 43  4.795692279934883
2024-05-09 21:36:18,380 - mainlogger - INFO - Epoch 44  4.729605033993721
2024-05-09 21:36:24,401 - mainlogger - INFO - Epoch 45  4.785735532641411
2024-05-09 21:36:30,739 - mainlogger - INFO - Epoch 46  4.7379598915576935
2024-05-09 21:36:37,362 - mainlogger - INFO - Epoch 47  4.682690590620041
2024-05-09 21:36:43,475 - mainlogger - INFO - Epoch 48  4.780052065849304
2024-05-09 21:36:49,533 - mainlogger - INFO - Epoch 49  4.576867297291756
2024-05-09 21:36:55,659 - mainlogger - INFO - Epoch 50  4.917643681168556
2024-05-09 21:37:01,880 - mainlogger - INFO - Epoch 51  4.783046215772629
2024-05-09 21:37:07,438 - mainlogger - INFO - Dice score: 0.6935
2024-05-09 21:37:07,438 - mainlogger - INFO - Accuracy: 0.9089
2024-05-09 21:37:16,814 - mainlogger - INFO - Dice score: 0.5696
2024-05-09 21:37:16,814 - mainlogger - INFO - Accuracy: 0.8838
2024-05-09 21:37:22,863 - mainlogger - INFO - Epoch 52  4.834650069475174
2024-05-09 21:37:28,911 - mainlogger - INFO - Epoch 53  4.793877616524696
2024-05-09 21:37:35,062 - mainlogger - INFO - Epoch 54  4.513995870947838
2024-05-09 21:37:40,924 - mainlogger - INFO - Epoch 55  4.433593779802322
2024-05-09 21:37:47,071 - mainlogger - INFO - Epoch 56  4.668891862034798
2024-05-09 21:37:53,099 - mainlogger - INFO - Epoch 57  4.475818112492561
2024-05-09 21:37:59,047 - mainlogger - INFO - Epoch 58  4.377057179808617
2024-05-09 21:38:05,356 - mainlogger - INFO - Epoch 59  4.326965823769569
2024-05-09 21:38:11,592 - mainlogger - INFO - Epoch 60  4.337433844804764
2024-05-09 21:38:17,815 - mainlogger - INFO - Epoch 61  4.297691807150841
2024-05-09 21:38:23,373 - mainlogger - INFO - Dice score: 0.775
2024-05-09 21:38:23,373 - mainlogger - INFO - Accuracy: 0.9366
2024-05-09 21:38:32,593 - mainlogger - INFO - Dice score: 0.5728
2024-05-09 21:38:32,593 - mainlogger - INFO - Accuracy: 0.8992
2024-05-09 21:38:38,846 - mainlogger - INFO - Epoch 62  4.5158681422472
2024-05-09 21:38:45,067 - mainlogger - INFO - Epoch 63  4.337939977645874
2024-05-09 21:38:51,158 - mainlogger - INFO - Epoch 64  4.295258089900017
2024-05-09 21:38:57,276 - mainlogger - INFO - Epoch 65  4.384117007255554
2024-05-09 21:39:03,519 - mainlogger - INFO - Epoch 66  4.569452479481697
2024-05-09 21:39:09,558 - mainlogger - INFO - Epoch 67  4.370124742388725
2024-05-09 21:39:15,542 - mainlogger - INFO - Epoch 68  4.161865726113319
2024-05-09 21:39:21,684 - mainlogger - INFO - Epoch 69  4.540594890713692
2024-05-09 21:39:27,799 - mainlogger - INFO - Epoch 70  4.31153529882431
2024-05-09 21:39:34,031 - mainlogger - INFO - Epoch 71  4.183323934674263
2024-05-09 21:39:39,686 - mainlogger - INFO - Dice score: 0.796
2024-05-09 21:39:39,686 - mainlogger - INFO - Accuracy: 0.9443
2024-05-09 21:39:49,104 - mainlogger - INFO - Dice score: 0.5922
2024-05-09 21:39:49,104 - mainlogger - INFO - Accuracy: 0.8983
2024-05-09 21:39:55,118 - mainlogger - INFO - Epoch 72  4.187291294336319
2024-05-09 21:40:01,167 - mainlogger - INFO - Epoch 73  4.2195426523685455
2024-05-09 21:40:07,116 - mainlogger - INFO - Epoch 74  4.070254355669022
2024-05-09 21:40:13,315 - mainlogger - INFO - Epoch 75  4.237850308418274
2024-05-09 21:40:19,317 - mainlogger - INFO - Epoch 76  4.009776517748833
2024-05-09 21:40:25,256 - mainlogger - INFO - Epoch 77  4.181618958711624
2024-05-09 21:40:31,588 - mainlogger - INFO - Epoch 78  4.098430797457695
2024-05-09 21:40:37,791 - mainlogger - INFO - Epoch 79  4.007956549525261
2024-05-09 21:40:44,077 - mainlogger - INFO - Epoch 80  4.052812770009041
2024-05-09 21:40:50,158 - mainlogger - INFO - Epoch 81  3.9955615252256393
2024-05-09 21:40:55,784 - mainlogger - INFO - Dice score: 0.8172
2024-05-09 21:40:55,784 - mainlogger - INFO - Accuracy: 0.9493
2024-05-09 21:41:05,142 - mainlogger - INFO - Dice score: 0.5863
2024-05-09 21:41:05,143 - mainlogger - INFO - Accuracy: 0.899
2024-05-09 21:41:11,264 - mainlogger - INFO - Epoch 82  4.05530558526516
2024-05-09 21:41:17,636 - mainlogger - INFO - Epoch 83  4.1403599083423615
2024-05-09 21:41:23,696 - mainlogger - INFO - Epoch 84  4.153961956501007
2024-05-09 21:41:30,023 - mainlogger - INFO - Epoch 85  3.954591751098633
2024-05-09 21:41:36,114 - mainlogger - INFO - Epoch 86  3.8531312495470047
2024-05-09 21:41:42,376 - mainlogger - INFO - Epoch 87  3.810977190732956
2024-05-09 21:41:48,570 - mainlogger - INFO - Epoch 88  4.418836206197739
2024-05-09 21:41:54,616 - mainlogger - INFO - Epoch 89  4.2240962237119675
2024-05-09 21:42:00,798 - mainlogger - INFO - Epoch 90  4.163376674056053
2024-05-09 21:42:07,011 - mainlogger - INFO - Epoch 91  3.9290436804294586
2024-05-09 21:42:12,623 - mainlogger - INFO - Dice score: 0.8226
2024-05-09 21:42:12,623 - mainlogger - INFO - Accuracy: 0.9551
2024-05-09 21:42:22,073 - mainlogger - INFO - Dice score: 0.6182
2024-05-09 21:42:22,073 - mainlogger - INFO - Accuracy: 0.9192
2024-05-09 21:42:28,314 - mainlogger - INFO - Epoch 92  3.8167638927698135
2024-05-09 21:42:34,439 - mainlogger - INFO - Epoch 93  4.048535719513893
2024-05-09 21:42:40,510 - mainlogger - INFO - Epoch 94  3.7365837395191193
2024-05-09 21:42:46,651 - mainlogger - INFO - Epoch 95  3.8716204315423965
2024-05-09 21:42:52,612 - mainlogger - INFO - Epoch 96  3.813919946551323
2024-05-09 21:42:58,775 - mainlogger - INFO - Epoch 97  3.868212968111038
2024-05-09 21:43:04,869 - mainlogger - INFO - Epoch 98  3.706238880753517
2024-05-09 21:43:10,997 - mainlogger - INFO - Epoch 99  3.8820369988679886
2024-05-09 21:43:16,680 - mainlogger - INFO - Dice score: 0.84
2024-05-09 21:43:16,680 - mainlogger - INFO - Accuracy: 0.9568
2024-05-09 21:43:25,921 - mainlogger - INFO - Dice score: 0.5737
2024-05-09 21:43:25,921 - mainlogger - INFO - Accuracy: 0.8979
2024-05-09 21:43:25,922 - mainlogger - INFO - (95, 99)
2024-05-09 21:43:25,922 - mainlogger - INFO - 0.5886468676075304
