2024-05-09 20:46:45,197 - mainlogger - INFO - 14727
2024-05-09 20:46:45,197 - mainlogger - INFO - <class '__main__.UniversegPipeline'>
2024-05-09 20:46:45,197 - mainlogger - INFO - universeg_config/batchnorm/bigk.yaml
2024-05-09 20:46:45,197 - mainlogger - INFO - {'desc': '输入单通道，大小384', 'log_dir': 'universeg_config/big/log', 'batch_size': 4, 'epochs': 150, 'k': 4, 'root_dir': '/home/4T/zcr/dataset/Dataset_BUSI', 'model': {'name': 'universeg_batchnorm.universeg.UniverSeg', 'args': {'encoder_blocks': [64, 128, 256, 512], 'in_ch': [1, 2]}}, 'trainset': {'name': 'datasetBUSI.mask_busi_single.MaskBUSISingle', 'args': {'root_dir': '/home/4T/zcr/dataset/Dataset_BUSI', 'image_names_path': 'labeled20.txt', 'mode': 'train'}}, 'testset': {'name': 'datasetBUSI.mask_busi_single.MaskBUSISingle', 'args': {'root_dir': '/home/4T/zcr/dataset/Dataset_BUSI', 'image_names_path': 'test.txt', 'mode': 'test'}}, 'criterion': {'name': 'spgutils.focalloss.BinaryFocalLoss', 'args': {'gamma': 1}}, 'optimizer': {'name': 'torch.optim.Adam', 'args': {'lr': 0.0001}}, 'scheduler': {'name': 'torch.optim.lr_scheduler.StepLR', 'args': {'step_size': 1, 'gamma': 0.99}}}
2024-05-09 20:46:45,198 - mainlogger - INFO - 14.863908767700195
2024-05-09 20:47:01,765 - mainlogger - INFO - Epoch 0  6.966514140367508
2024-05-09 20:47:11,196 - mainlogger - INFO - Epoch 1  6.4858078956604
2024-05-09 20:47:19,794 - mainlogger - INFO - Dice score: 0.5094
2024-05-09 20:47:19,794 - mainlogger - INFO - Accuracy: 0.8372
2024-05-09 20:47:34,906 - mainlogger - INFO - Dice score: 0.4134
2024-05-09 20:47:34,907 - mainlogger - INFO - Accuracy: 0.833
2024-05-09 20:47:44,485 - mainlogger - INFO - Epoch 2  6.270091652870178
2024-05-09 20:47:53,707 - mainlogger - INFO - Epoch 3  6.021310955286026
2024-05-09 20:48:03,130 - mainlogger - INFO - Epoch 4  6.234553650021553
2024-05-09 20:48:12,644 - mainlogger - INFO - Epoch 5  6.007567182183266
2024-05-09 20:48:22,106 - mainlogger - INFO - Epoch 6  5.846345394849777
2024-05-09 20:48:31,824 - mainlogger - INFO - Epoch 7  5.861514776945114
2024-05-09 20:48:41,476 - mainlogger - INFO - Epoch 8  5.9772994965314865
2024-05-09 20:48:51,299 - mainlogger - INFO - Epoch 9  5.802829250693321
2024-05-09 20:49:01,057 - mainlogger - INFO - Epoch 10  5.721031218767166
2024-05-09 20:49:11,058 - mainlogger - INFO - Epoch 11  5.768536612391472
2024-05-09 20:49:19,650 - mainlogger - INFO - Dice score: 0.5326
2024-05-09 20:49:19,650 - mainlogger - INFO - Accuracy: 0.862
2024-05-09 20:49:34,395 - mainlogger - INFO - Dice score: 0.4443
2024-05-09 20:49:34,395 - mainlogger - INFO - Accuracy: 0.8564
2024-05-09 20:49:43,906 - mainlogger - INFO - Epoch 12  5.919339805841446
2024-05-09 20:49:53,386 - mainlogger - INFO - Epoch 13  6.0188844203948975
2024-05-09 20:50:02,888 - mainlogger - INFO - Epoch 14  5.606335565447807
2024-05-09 20:50:12,538 - mainlogger - INFO - Epoch 15  5.761945903301239
2024-05-09 20:50:22,006 - mainlogger - INFO - Epoch 16  5.9837343990802765
2024-05-09 20:50:31,475 - mainlogger - INFO - Epoch 17  5.606835916638374
2024-05-09 20:50:41,124 - mainlogger - INFO - Epoch 18  5.672165855765343
2024-05-09 20:50:50,658 - mainlogger - INFO - Epoch 19  5.5057250410318375
2024-05-09 20:51:00,400 - mainlogger - INFO - Epoch 20  5.617799237370491
2024-05-09 20:51:09,973 - mainlogger - INFO - Epoch 21  5.393606960773468
2024-05-09 20:51:18,615 - mainlogger - INFO - Dice score: 0.5254
2024-05-09 20:51:18,615 - mainlogger - INFO - Accuracy: 0.859
2024-05-09 20:51:33,162 - mainlogger - INFO - Dice score: 0.4958
2024-05-09 20:51:33,162 - mainlogger - INFO - Accuracy: 0.8657
2024-05-09 20:51:42,658 - mainlogger - INFO - Epoch 22  5.771918743848801
2024-05-09 20:51:52,130 - mainlogger - INFO - Epoch 23  5.378977939486504
2024-05-09 20:52:01,734 - mainlogger - INFO - Epoch 24  5.379446014761925
2024-05-09 20:52:11,216 - mainlogger - INFO - Epoch 25  5.507886916399002
2024-05-09 20:52:20,984 - mainlogger - INFO - Epoch 26  5.295060321688652
2024-05-09 20:52:30,713 - mainlogger - INFO - Epoch 27  5.349486529827118
2024-05-09 20:52:40,362 - mainlogger - INFO - Epoch 28  5.394857332110405
2024-05-09 20:52:49,987 - mainlogger - INFO - Epoch 29  5.319769710302353
2024-05-09 20:52:59,558 - mainlogger - INFO - Epoch 30  5.229820132255554
2024-05-09 20:53:09,134 - mainlogger - INFO - Epoch 31  5.243819892406464
2024-05-09 20:53:18,024 - mainlogger - INFO - Dice score: 0.627
2024-05-09 20:53:18,024 - mainlogger - INFO - Accuracy: 0.9017
2024-05-09 20:53:32,649 - mainlogger - INFO - Dice score: 0.5144
2024-05-09 20:53:32,649 - mainlogger - INFO - Accuracy: 0.8781
2024-05-09 20:53:42,165 - mainlogger - INFO - Epoch 32  5.203907802700996
2024-05-09 20:53:51,699 - mainlogger - INFO - Epoch 33  5.398148715496063
2024-05-09 20:54:01,033 - mainlogger - INFO - Epoch 34  5.155652776360512
2024-05-09 20:54:10,678 - mainlogger - INFO - Epoch 35  5.1237155348062515
2024-05-09 20:54:20,262 - mainlogger - INFO - Epoch 36  5.3163614720106125
2024-05-09 20:54:29,605 - mainlogger - INFO - Epoch 37  5.297696575522423
2024-05-09 20:54:39,266 - mainlogger - INFO - Epoch 38  5.223362386226654
2024-05-09 20:54:48,869 - mainlogger - INFO - Epoch 39  5.2054449915885925
2024-05-09 20:54:58,482 - mainlogger - INFO - Epoch 40  5.293687060475349
2024-05-09 20:55:07,893 - mainlogger - INFO - Epoch 41  5.134425967931747
2024-05-09 20:55:16,551 - mainlogger - INFO - Dice score: 0.6042
2024-05-09 20:55:16,551 - mainlogger - INFO - Accuracy: 0.8895
2024-05-09 20:55:31,321 - mainlogger - INFO - Dice score: 0.5381
2024-05-09 20:55:31,321 - mainlogger - INFO - Accuracy: 0.8857
2024-05-09 20:55:40,709 - mainlogger - INFO - Epoch 42  5.1282773315906525
2024-05-09 20:55:50,453 - mainlogger - INFO - Epoch 43  5.07179781794548
2024-05-09 20:56:00,084 - mainlogger - INFO - Epoch 44  4.999573349952698
2024-05-09 20:56:09,581 - mainlogger - INFO - Epoch 45  5.1676855236291885
2024-05-09 20:56:19,226 - mainlogger - INFO - Epoch 46  5.163243994116783
2024-05-09 20:56:28,694 - mainlogger - INFO - Epoch 47  5.13054034113884
2024-05-09 20:56:38,450 - mainlogger - INFO - Epoch 48  4.955281227827072
2024-05-09 20:56:47,965 - mainlogger - INFO - Epoch 49  5.133628681302071
2024-05-09 20:56:57,506 - mainlogger - INFO - Epoch 50  5.151713848114014
2024-05-09 20:57:06,933 - mainlogger - INFO - Epoch 51  5.061851292848587
2024-05-09 20:57:15,736 - mainlogger - INFO - Dice score: 0.6041
2024-05-09 20:57:15,736 - mainlogger - INFO - Accuracy: 0.8764
2024-05-09 20:57:30,418 - mainlogger - INFO - Dice score: 0.5321
2024-05-09 20:57:30,418 - mainlogger - INFO - Accuracy: 0.8727
2024-05-09 20:57:39,899 - mainlogger - INFO - Epoch 52  4.996894896030426
2024-05-09 20:57:49,478 - mainlogger - INFO - Epoch 53  5.067728042602539
2024-05-09 20:57:58,980 - mainlogger - INFO - Epoch 54  4.8372159749269485
2024-05-09 20:58:08,565 - mainlogger - INFO - Epoch 55  4.919127747416496
2024-05-09 20:58:17,970 - mainlogger - INFO - Epoch 56  4.976098850369453
2024-05-09 20:58:27,704 - mainlogger - INFO - Epoch 57  4.836830347776413
2024-05-09 20:58:37,194 - mainlogger - INFO - Epoch 58  4.860667854547501
2024-05-09 20:58:46,732 - mainlogger - INFO - Epoch 59  4.886151418089867
2024-05-09 20:58:56,256 - mainlogger - INFO - Epoch 60  5.013781309127808
2024-05-09 20:59:05,893 - mainlogger - INFO - Epoch 61  4.927253499627113
2024-05-09 20:59:14,844 - mainlogger - INFO - Dice score: 0.6828
2024-05-09 20:59:14,844 - mainlogger - INFO - Accuracy: 0.9179
2024-05-09 20:59:29,214 - mainlogger - INFO - Dice score: 0.5572
2024-05-09 20:59:29,215 - mainlogger - INFO - Accuracy: 0.9045
2024-05-09 20:59:38,602 - mainlogger - INFO - Epoch 62  4.714997842907906
2024-05-09 20:59:47,866 - mainlogger - INFO - Epoch 63  4.769835934042931
2024-05-09 20:59:57,202 - mainlogger - INFO - Epoch 64  4.805731102824211
2024-05-09 21:00:06,754 - mainlogger - INFO - Epoch 65  4.7760404497385025
2024-05-09 21:00:16,414 - mainlogger - INFO - Epoch 66  4.658942863345146
2024-05-09 21:00:26,012 - mainlogger - INFO - Epoch 67  4.9664105623960495
2024-05-09 21:00:35,595 - mainlogger - INFO - Epoch 68  4.941228479146957
2024-05-09 21:00:45,153 - mainlogger - INFO - Epoch 69  4.788060486316681
2024-05-09 21:00:54,820 - mainlogger - INFO - Epoch 70  4.642887070775032
2024-05-09 21:01:04,442 - mainlogger - INFO - Epoch 71  4.732560649514198
2024-05-09 21:01:13,336 - mainlogger - INFO - Dice score: 0.6727
2024-05-09 21:01:13,336 - mainlogger - INFO - Accuracy: 0.9109
2024-05-09 21:01:27,730 - mainlogger - INFO - Dice score: 0.5598
2024-05-09 21:01:27,731 - mainlogger - INFO - Accuracy: 0.8897
2024-05-09 21:01:37,045 - mainlogger - INFO - Epoch 72  4.635305687785149
2024-05-09 21:01:46,766 - mainlogger - INFO - Epoch 73  4.700915455818176
2024-05-09 21:01:56,302 - mainlogger - INFO - Epoch 74  4.612922385334969
2024-05-09 21:02:05,935 - mainlogger - INFO - Epoch 75  4.5477898716926575
2024-05-09 21:02:15,490 - mainlogger - INFO - Epoch 76  4.482248902320862
2024-05-09 21:02:24,924 - mainlogger - INFO - Epoch 77  4.471476435661316
2024-05-09 21:02:34,218 - mainlogger - INFO - Epoch 78  4.472728043794632
2024-05-09 21:02:43,761 - mainlogger - INFO - Epoch 79  4.418661057949066
2024-05-09 21:02:53,400 - mainlogger - INFO - Epoch 80  4.656699597835541
2024-05-09 21:03:02,848 - mainlogger - INFO - Epoch 81  4.57808730006218
2024-05-09 21:03:11,677 - mainlogger - INFO - Dice score: 0.7159
2024-05-09 21:03:11,677 - mainlogger - INFO - Accuracy: 0.9219
2024-05-09 21:03:26,364 - mainlogger - INFO - Dice score: 0.5684
2024-05-09 21:03:26,364 - mainlogger - INFO - Accuracy: 0.8973
2024-05-09 21:03:35,716 - mainlogger - INFO - Epoch 82  4.3638075441122055
2024-05-09 21:03:45,151 - mainlogger - INFO - Epoch 83  4.458126276731491
2024-05-09 21:03:54,601 - mainlogger - INFO - Epoch 84  4.472328335046768
2024-05-09 21:04:04,220 - mainlogger - INFO - Epoch 85  4.429661899805069
2024-05-09 21:04:13,793 - mainlogger - INFO - Epoch 86  4.368510663509369
2024-05-09 21:04:23,485 - mainlogger - INFO - Epoch 87  4.511958912014961
2024-05-09 21:04:32,991 - mainlogger - INFO - Epoch 88  4.39420585334301
2024-05-09 21:04:42,712 - mainlogger - INFO - Epoch 89  4.388324186205864
2024-05-09 21:04:52,162 - mainlogger - INFO - Epoch 90  4.169368863105774
2024-05-09 21:05:01,974 - mainlogger - INFO - Epoch 91  4.41057513654232
2024-05-09 21:05:10,635 - mainlogger - INFO - Dice score: 0.7287
2024-05-09 21:05:10,635 - mainlogger - INFO - Accuracy: 0.9232
2024-05-09 21:05:25,636 - mainlogger - INFO - Dice score: 0.4881
2024-05-09 21:05:25,636 - mainlogger - INFO - Accuracy: 0.8724
2024-05-09 21:05:35,245 - mainlogger - INFO - Epoch 92  4.32599002122879
2024-05-09 21:05:44,700 - mainlogger - INFO - Epoch 93  4.280066624283791
2024-05-09 21:05:54,064 - mainlogger - INFO - Epoch 94  4.377861127257347
2024-05-09 21:06:03,800 - mainlogger - INFO - Epoch 95  4.308631286025047
2024-05-09 21:06:13,451 - mainlogger - INFO - Epoch 96  4.518404632806778
2024-05-09 21:06:22,931 - mainlogger - INFO - Epoch 97  4.521673485636711
2024-05-09 21:06:32,323 - mainlogger - INFO - Epoch 98  4.213792905211449
2024-05-09 21:06:41,603 - mainlogger - INFO - Epoch 99  4.381354093551636
2024-05-09 21:06:51,138 - mainlogger - INFO - Epoch 100  4.1835310608148575
2024-05-09 21:07:00,908 - mainlogger - INFO - Epoch 101  4.324945777654648
2024-05-09 21:07:09,542 - mainlogger - INFO - Dice score: 0.7648
2024-05-09 21:07:09,543 - mainlogger - INFO - Accuracy: 0.9383
2024-05-09 21:07:24,209 - mainlogger - INFO - Dice score: 0.5596
2024-05-09 21:07:24,209 - mainlogger - INFO - Accuracy: 0.8952
2024-05-09 21:07:33,913 - mainlogger - INFO - Epoch 102  4.187448024749756
2024-05-09 21:07:43,396 - mainlogger - INFO - Epoch 103  4.2583145052194595
2024-05-09 21:07:53,116 - mainlogger - INFO - Epoch 104  3.944679155945778
2024-05-09 21:08:02,754 - mainlogger - INFO - Epoch 105  3.992935761809349
2024-05-09 21:08:12,142 - mainlogger - INFO - Epoch 106  4.160740315914154
2024-05-09 21:08:21,645 - mainlogger - INFO - Epoch 107  4.068396210670471
2024-05-09 21:08:31,443 - mainlogger - INFO - Epoch 108  4.058852329850197
2024-05-09 21:08:40,924 - mainlogger - INFO - Epoch 109  4.4176589250564575
2024-05-09 21:08:50,495 - mainlogger - INFO - Epoch 110  4.179082065820694
2024-05-09 21:09:00,005 - mainlogger - INFO - Epoch 111  4.105605885386467
2024-05-09 21:09:06,249 - mainlogger - INFO - Dice score: 0.8019
2024-05-09 21:09:06,249 - mainlogger - INFO - Accuracy: 0.9522
2024-05-09 21:09:16,076 - mainlogger - INFO - Dice score: 0.5926
2024-05-09 21:09:16,076 - mainlogger - INFO - Accuracy: 0.9154
2024-05-09 21:09:25,758 - mainlogger - INFO - Epoch 112  4.019973605871201
2024-05-09 21:09:35,465 - mainlogger - INFO - Epoch 113  3.9470556378364563
2024-05-09 21:09:45,077 - mainlogger - INFO - Epoch 114  3.96817085146904
2024-05-09 21:09:54,573 - mainlogger - INFO - Epoch 115  4.062940180301666
2024-05-09 21:10:04,093 - mainlogger - INFO - Epoch 116  4.068675845861435
2024-05-09 21:10:13,767 - mainlogger - INFO - Epoch 117  4.000183939933777
2024-05-09 21:10:23,289 - mainlogger - INFO - Epoch 118  4.046999171376228
2024-05-09 21:10:32,775 - mainlogger - INFO - Epoch 119  3.9850876480340958
2024-05-09 21:10:42,327 - mainlogger - INFO - Epoch 120  4.052023082971573
2024-05-09 21:10:51,844 - mainlogger - INFO - Epoch 121  3.92742957174778
2024-05-09 21:11:00,660 - mainlogger - INFO - Dice score: 0.8139
2024-05-09 21:11:00,661 - mainlogger - INFO - Accuracy: 0.9526
2024-05-09 21:11:15,377 - mainlogger - INFO - Dice score: 0.5775
2024-05-09 21:11:15,377 - mainlogger - INFO - Accuracy: 0.9
2024-05-09 21:11:25,132 - mainlogger - INFO - Epoch 122  3.9741230458021164
2024-05-09 21:11:34,744 - mainlogger - INFO - Epoch 123  3.918116480112076
2024-05-09 21:11:44,312 - mainlogger - INFO - Epoch 124  3.845652222633362
2024-05-09 21:11:53,899 - mainlogger - INFO - Epoch 125  3.8235018849372864
2024-05-09 21:12:03,690 - mainlogger - INFO - Epoch 126  3.854460321366787
2024-05-09 21:12:13,263 - mainlogger - INFO - Epoch 127  3.8716578632593155
2024-05-09 21:12:22,689 - mainlogger - INFO - Epoch 128  3.8377079516649246
2024-05-09 21:12:32,368 - mainlogger - INFO - Epoch 129  3.9651003926992416
2024-05-09 21:12:41,994 - mainlogger - INFO - Epoch 130  3.7895494401454926
2024-05-09 21:12:51,381 - mainlogger - INFO - Epoch 131  3.829417660832405
2024-05-09 21:13:00,055 - mainlogger - INFO - Dice score: 0.8536
2024-05-09 21:13:00,055 - mainlogger - INFO - Accuracy: 0.9619
2024-05-09 21:13:14,851 - mainlogger - INFO - Dice score: 0.5869
2024-05-09 21:13:14,851 - mainlogger - INFO - Accuracy: 0.9109
2024-05-09 21:13:24,380 - mainlogger - INFO - Epoch 132  3.765053316950798
2024-05-09 21:13:34,088 - mainlogger - INFO - Epoch 133  3.889475852251053
2024-05-09 21:13:43,534 - mainlogger - INFO - Epoch 134  3.8804838806390762
2024-05-09 21:13:53,185 - mainlogger - INFO - Epoch 135  3.989232689142227
2024-05-09 21:14:02,877 - mainlogger - INFO - Epoch 136  3.9658105820417404
2024-05-09 21:14:12,610 - mainlogger - INFO - Epoch 137  3.6973277032375336
2024-05-09 21:14:22,205 - mainlogger - INFO - Epoch 138  3.776796653866768
2024-05-09 21:14:31,835 - mainlogger - INFO - Epoch 139  3.7105213552713394
2024-05-09 21:14:41,326 - mainlogger - INFO - Epoch 140  3.7145741432905197
2024-05-09 21:14:50,783 - mainlogger - INFO - Epoch 141  3.7701321989297867
2024-05-09 21:14:59,660 - mainlogger - INFO - Dice score: 0.8461
2024-05-09 21:14:59,661 - mainlogger - INFO - Accuracy: 0.9586
2024-05-09 21:15:14,574 - mainlogger - INFO - Dice score: 0.5765
2024-05-09 21:15:14,574 - mainlogger - INFO - Accuracy: 0.9009
2024-05-09 21:15:24,155 - mainlogger - INFO - Epoch 142  3.7175602316856384
2024-05-09 21:15:33,572 - mainlogger - INFO - Epoch 143  3.8559507727622986
2024-05-09 21:15:43,190 - mainlogger - INFO - Epoch 144  3.6477745175361633
2024-05-09 21:15:52,682 - mainlogger - INFO - Epoch 145  3.8744374364614487
2024-05-09 21:16:02,219 - mainlogger - INFO - Epoch 146  3.7423548847436905
2024-05-09 21:16:11,822 - mainlogger - INFO - Epoch 147  3.9037107974290848
2024-05-09 21:16:21,382 - mainlogger - INFO - Epoch 148  3.8220808655023575
2024-05-09 21:16:30,989 - mainlogger - INFO - Epoch 149  3.672351583838463
2024-05-09 21:16:39,927 - mainlogger - INFO - Dice score: 0.7881
2024-05-09 21:16:39,927 - mainlogger - INFO - Accuracy: 0.9381
2024-05-09 21:16:54,942 - mainlogger - INFO - Dice score: 0.5564
2024-05-09 21:16:54,942 - mainlogger - INFO - Accuracy: 0.882
2024-05-09 21:16:54,942 - mainlogger - INFO - (137, 141)
2024-05-09 21:16:54,942 - mainlogger - INFO - 0.5785979382272395
