2024-05-10 11:58:29,919 - mainlogger - INFO - 30790
2024-05-10 11:58:29,919 - mainlogger - INFO - <class '__main__.UniversegPipeline'>
2024-05-10 11:58:29,919 - mainlogger - INFO - universeg_config/batchnorm/v2.yaml
2024-05-10 11:58:29,919 - mainlogger - INFO - {'desc': '使用验证集+reducelr', 'log_dir': 'universeg_config/big/log', 'batch_size': 4, 'epochs': 100, 'k': 2, 'root_dir': '/home/4T/zcr/dataset/Dataset_BUSI', 'model': {'name': 'universeg_batchnorm.universeg.UniverSeg', 'args': {'encoder_blocks': [64, 128, 256, 256, 512], 'in_ch': [1, 2]}}, 'trainset': {'name': 'datasetBUSI.mask_busi_single.MaskBUSISingle', 'args': {'root_dir': '/home/4T/zcr/dataset/Dataset_BUSI', 'image_names_path': 'labeled20.txt', 'mode': 'train'}}, 'testset': {'name': 'datasetBUSI.mask_busi_single.MaskBUSISingle', 'args': {'root_dir': '/home/4T/zcr/dataset/Dataset_BUSI', 'image_names_path': 'test.txt', 'mode': 'test'}}, 'validset': {'name': 'datasetBUSI.mask_busi_single.MaskBUSISingle', 'args': {'root_dir': '/home/4T/zcr/dataset/Dataset_BUSI', 'image_names_path': 'val.txt', 'mode': 'test'}}, 'criterion': {'name': 'spgutils.focalloss.BinaryFocalLoss', 'args': {'gamma': 1}}, 'optimizer': {'name': 'torch.optim.Adam', 'args': {'lr': 0.0001}}, 'scheduler': {'name': 'torch.optim.lr_scheduler.ReduceLROnPlateau', 'args': {'mode': 'max', 'factor': 0.85, 'patience': 3}}}
2024-05-10 11:58:29,919 - mainlogger - INFO - 20.491838455200195
2024-05-10 11:58:37,855 - mainlogger - INFO - Epoch 0  7.609525114297867
2024-05-10 11:58:43,039 - mainlogger - INFO - Epoch 1  6.528804659843445
2024-05-10 11:58:46,565 - mainlogger - INFO - Dice score: 0.3717
2024-05-10 11:58:46,565 - mainlogger - INFO - Accuracy: 0.7348
2024-05-10 11:58:51,527 - mainlogger - INFO - Dice score: 0.3331
2024-05-10 11:58:51,527 - mainlogger - INFO - Accuracy: 0.721
2024-05-10 11:58:54,658 - mainlogger - INFO - Epoch 2  6.3523688316345215
2024-05-10 11:58:58,861 - mainlogger - INFO - Epoch 3  5.9852820336818695
2024-05-10 11:59:03,985 - mainlogger - INFO - Epoch 4  6.066169574856758
2024-05-10 11:59:08,974 - mainlogger - INFO - Epoch 5  5.970564141869545
2024-05-10 11:59:12,639 - mainlogger - INFO - Epoch 6  6.071043565869331
2024-05-10 11:59:15,783 - mainlogger - INFO - Epoch 7  6.033146232366562
2024-05-10 11:59:19,174 - mainlogger - INFO - Epoch 8  5.9188095182180405
2024-05-10 11:59:24,271 - mainlogger - INFO - Epoch 9  5.512593075633049
2024-05-10 11:59:29,423 - mainlogger - INFO - Epoch 10  5.794215053319931
2024-05-10 11:59:33,744 - mainlogger - INFO - Epoch 11  5.687889024615288
2024-05-10 11:59:36,317 - mainlogger - INFO - Dice score: 0.4944
2024-05-10 11:59:36,317 - mainlogger - INFO - Accuracy: 0.8291
2024-05-10 11:59:40,341 - mainlogger - INFO - Dice score: 0.449
2024-05-10 11:59:40,341 - mainlogger - INFO - Accuracy: 0.8228
2024-05-10 11:59:45,303 - mainlogger - INFO - Epoch 12  5.598056212067604
2024-05-10 11:59:50,473 - mainlogger - INFO - Epoch 13  5.612806677818298
2024-05-10 11:59:54,981 - mainlogger - INFO - Epoch 14  5.629153206944466
2024-05-10 11:59:58,503 - mainlogger - INFO - Epoch 15  5.504000306129456
2024-05-10 12:00:01,651 - mainlogger - INFO - Epoch 16  5.678526759147644
2024-05-10 12:00:05,947 - mainlogger - INFO - Epoch 17  5.616042464971542
2024-05-10 12:00:11,209 - mainlogger - INFO - Epoch 18  5.249583214521408
2024-05-10 12:00:16,017 - mainlogger - INFO - Epoch 19  5.38729040324688
2024-05-10 12:00:19,763 - mainlogger - INFO - Epoch 20  5.6635644137859344
2024-05-10 12:00:22,901 - mainlogger - INFO - Epoch 21  5.542712613940239
2024-05-10 12:00:25,596 - mainlogger - INFO - Dice score: 0.5615
2024-05-10 12:00:25,596 - mainlogger - INFO - Accuracy: 0.8707
2024-05-10 12:00:31,795 - mainlogger - INFO - Dice score: 0.5092
2024-05-10 12:00:31,795 - mainlogger - INFO - Accuracy: 0.868
2024-05-10 12:00:36,938 - mainlogger - INFO - Epoch 22  5.4126284420490265
2024-05-10 12:00:40,802 - mainlogger - INFO - Epoch 23  5.159307986497879
2024-05-10 12:00:43,936 - mainlogger - INFO - Epoch 24  5.312115862965584
2024-05-10 12:00:47,119 - mainlogger - INFO - Epoch 25  5.278190895915031
2024-05-10 12:00:52,327 - mainlogger - INFO - Epoch 26  5.162372797727585
2024-05-10 12:00:57,527 - mainlogger - INFO - Epoch 27  5.208580017089844
2024-05-10 12:01:01,833 - mainlogger - INFO - Epoch 28  5.288262963294983
2024-05-10 12:01:05,205 - mainlogger - INFO - Epoch 29  5.2545792162418365
2024-05-10 12:01:08,351 - mainlogger - INFO - Epoch 30  5.073989376425743
2024-05-10 12:01:12,841 - mainlogger - INFO - Epoch 31  5.146561682224274
2024-05-10 12:01:16,428 - mainlogger - INFO - Dice score: 0.6403
2024-05-10 12:01:16,428 - mainlogger - INFO - Accuracy: 0.8991
2024-05-10 12:01:22,135 - mainlogger - INFO - Dice score: 0.5359
2024-05-10 12:01:22,135 - mainlogger - INFO - Accuracy: 0.8724
2024-05-10 12:01:25,857 - mainlogger - INFO - Epoch 32  5.042899325489998
2024-05-10 12:01:29,006 - mainlogger - INFO - Epoch 33  4.871383100748062
2024-05-10 12:01:32,879 - mainlogger - INFO - Epoch 34  5.1971550434827805
2024-05-10 12:01:37,995 - mainlogger - INFO - Epoch 35  5.218391194939613
2024-05-10 12:01:43,103 - mainlogger - INFO - Epoch 36  4.999090284109116
2024-05-10 12:01:47,160 - mainlogger - INFO - Epoch 37  5.04191654920578
2024-05-10 12:01:50,335 - mainlogger - INFO - Epoch 38  4.837931245565414
2024-05-10 12:01:53,725 - mainlogger - INFO - Epoch 39  4.820710316300392
2024-05-10 12:02:05,076 - mainlogger - INFO - Dice score: 0.551
2024-05-10 12:02:05,076 - mainlogger - INFO - Accuracy: 0.8757
2024-05-10 12:02:05,077 - mainlogger - INFO - Epoch 40  4.794714242219925
2024-05-10 12:02:12,948 - mainlogger - INFO - Dice score: 0.598
2024-05-10 12:02:12,948 - mainlogger - INFO - Accuracy: 0.9044
2024-05-10 12:02:12,948 - mainlogger - INFO - Epoch 41  4.785745814442635
2024-05-10 12:02:15,546 - mainlogger - INFO - Dice score: 0.7222
2024-05-10 12:02:15,547 - mainlogger - INFO - Accuracy: 0.9318
2024-05-10 12:02:21,801 - mainlogger - INFO - Dice score: 0.5935
2024-05-10 12:02:21,802 - mainlogger - INFO - Accuracy: 0.9092
2024-05-10 12:02:31,771 - mainlogger - INFO - Dice score: 0.574
2024-05-10 12:02:31,771 - mainlogger - INFO - Accuracy: 0.8897
2024-05-10 12:02:31,771 - mainlogger - INFO - Epoch 42  4.835892394185066
2024-05-10 12:02:40,154 - mainlogger - INFO - Dice score: 0.5269
2024-05-10 12:02:40,154 - mainlogger - INFO - Accuracy: 0.8533
2024-05-10 12:02:40,154 - mainlogger - INFO - Epoch 43  4.69001792371273
2024-05-10 12:02:50,959 - mainlogger - INFO - Dice score: 0.6016
2024-05-10 12:02:50,960 - mainlogger - INFO - Accuracy: 0.9022
2024-05-10 12:02:50,960 - mainlogger - INFO - Epoch 44  4.672436445951462
2024-05-10 12:02:58,474 - mainlogger - INFO - Dice score: 0.5502
2024-05-10 12:02:58,474 - mainlogger - INFO - Accuracy: 0.891
2024-05-10 12:02:58,474 - mainlogger - INFO - Epoch 45  4.613396406173706
2024-05-10 12:03:09,475 - mainlogger - INFO - Dice score: 0.5719
2024-05-10 12:03:09,475 - mainlogger - INFO - Accuracy: 0.894
2024-05-10 12:03:09,476 - mainlogger - INFO - Epoch 46  4.791934907436371
2024-05-10 12:03:17,920 - mainlogger - INFO - Dice score: 0.5529
2024-05-10 12:03:17,921 - mainlogger - INFO - Accuracy: 0.8874
2024-05-10 12:03:17,921 - mainlogger - INFO - Epoch 47  4.694328740239143
2024-05-10 12:03:27,425 - mainlogger - INFO - Dice score: 0.5639
2024-05-10 12:03:27,425 - mainlogger - INFO - Accuracy: 0.8995
2024-05-10 12:03:27,426 - mainlogger - INFO - Epoch 48  4.75457851588726
2024-05-10 12:03:37,585 - mainlogger - INFO - Dice score: 0.4911
2024-05-10 12:03:37,585 - mainlogger - INFO - Accuracy: 0.8467
2024-05-10 12:03:37,585 - mainlogger - INFO - Epoch 49  4.822664067149162
2024-05-10 12:03:46,160 - mainlogger - INFO - Dice score: 0.5461
2024-05-10 12:03:46,160 - mainlogger - INFO - Accuracy: 0.8674
2024-05-10 12:03:46,160 - mainlogger - INFO - Epoch 50  4.7907069474458694
2024-05-10 12:03:57,029 - mainlogger - INFO - Dice score: 0.6048
2024-05-10 12:03:57,029 - mainlogger - INFO - Accuracy: 0.9006
2024-05-10 12:03:57,029 - mainlogger - INFO - Epoch 51  4.454812362790108
2024-05-10 12:03:59,648 - mainlogger - INFO - Dice score: 0.7473
2024-05-10 12:03:59,648 - mainlogger - INFO - Accuracy: 0.9313
2024-05-10 12:04:03,758 - mainlogger - INFO - Dice score: 0.5943
2024-05-10 12:04:03,758 - mainlogger - INFO - Accuracy: 0.9041
2024-05-10 12:04:14,718 - mainlogger - INFO - Dice score: 0.6087
2024-05-10 12:04:14,718 - mainlogger - INFO - Accuracy: 0.9058
2024-05-10 12:04:14,719 - mainlogger - INFO - Epoch 52  4.500298485159874
2024-05-10 12:04:23,086 - mainlogger - INFO - Dice score: 0.5586
2024-05-10 12:04:23,086 - mainlogger - INFO - Accuracy: 0.8786
2024-05-10 12:04:23,086 - mainlogger - INFO - Epoch 53  4.262504622340202
2024-05-10 12:04:32,489 - mainlogger - INFO - Dice score: 0.5411
2024-05-10 12:04:32,489 - mainlogger - INFO - Accuracy: 0.8756
2024-05-10 12:04:32,489 - mainlogger - INFO - Epoch 54  4.453356921672821
2024-05-10 12:04:42,642 - mainlogger - INFO - Dice score: 0.5692
2024-05-10 12:04:42,642 - mainlogger - INFO - Accuracy: 0.8905
2024-05-10 12:04:42,642 - mainlogger - INFO - Epoch 55  4.496634736657143
2024-05-10 12:04:50,950 - mainlogger - INFO - Dice score: 0.5635
2024-05-10 12:04:50,950 - mainlogger - INFO - Accuracy: 0.8833
2024-05-10 12:04:50,950 - mainlogger - INFO - Epoch 56  4.427250251173973
2024-05-10 12:05:01,915 - mainlogger - INFO - Dice score: 0.5843
2024-05-10 12:05:01,915 - mainlogger - INFO - Accuracy: 0.8976
2024-05-10 12:05:01,915 - mainlogger - INFO - Epoch 57  4.360074698925018
2024-05-10 12:05:09,582 - mainlogger - INFO - Dice score: 0.5988
2024-05-10 12:05:09,582 - mainlogger - INFO - Accuracy: 0.9007
2024-05-10 12:05:09,582 - mainlogger - INFO - Epoch 58  4.3899853229522705
2024-05-10 12:05:35,891 - mainlogger - INFO - Dice score: 0.5872
2024-05-10 12:05:35,892 - mainlogger - INFO - Accuracy: 0.8865
2024-05-10 12:05:35,892 - mainlogger - INFO - Epoch 59  4.474123433232307
2024-05-10 12:06:46,110 - mainlogger - INFO - Dice score: 0.5828
2024-05-10 12:06:46,110 - mainlogger - INFO - Accuracy: 0.8853
2024-05-10 12:06:46,110 - mainlogger - INFO - Epoch 60  4.383745387196541
2024-05-10 12:07:56,907 - mainlogger - INFO - Dice score: 0.6119
2024-05-10 12:07:56,907 - mainlogger - INFO - Accuracy: 0.9036
2024-05-10 12:07:56,907 - mainlogger - INFO - Epoch 61  4.2408705949783325
2024-05-10 12:08:36,993 - mainlogger - INFO - Dice score: 0.8001
2024-05-10 12:08:36,993 - mainlogger - INFO - Accuracy: 0.9485
2024-05-10 12:09:10,487 - mainlogger - INFO - Dice score: 0.6257
2024-05-10 12:09:10,487 - mainlogger - INFO - Accuracy: 0.9129
2024-05-10 12:09:31,913 - mainlogger - INFO - Dice score: 0.6159
2024-05-10 12:09:31,913 - mainlogger - INFO - Accuracy: 0.9059
2024-05-10 12:09:31,913 - mainlogger - INFO - Epoch 62  4.257023587822914
2024-05-10 12:11:23,999 - mainlogger - INFO - Dice score: 0.5197
2024-05-10 12:11:23,999 - mainlogger - INFO - Accuracy: 0.8504
2024-05-10 12:11:24,004 - mainlogger - INFO - Epoch 63  4.258576035499573
2024-05-10 12:15:00,921 - mainlogger - INFO - Dice score: 0.594
2024-05-10 12:15:00,921 - mainlogger - INFO - Accuracy: 0.9013
2024-05-10 12:15:00,921 - mainlogger - INFO - Epoch 64  4.3671984821558
2024-05-10 12:18:45,293 - mainlogger - INFO - Dice score: 0.6167
2024-05-10 12:18:45,293 - mainlogger - INFO - Accuracy: 0.9039
2024-05-10 12:18:45,293 - mainlogger - INFO - Epoch 65  4.103541821241379
2024-05-10 12:21:41,160 - mainlogger - INFO - Dice score: 0.5852
2024-05-10 12:21:41,160 - mainlogger - INFO - Accuracy: 0.8948
2024-05-10 12:21:41,160 - mainlogger - INFO - Epoch 66  4.123975336551666
2024-05-10 12:23:16,555 - mainlogger - INFO - Dice score: 0.6064
2024-05-10 12:23:16,555 - mainlogger - INFO - Accuracy: 0.9045
2024-05-10 12:23:16,555 - mainlogger - INFO - Epoch 67  4.193626761436462
2024-05-10 12:24:56,314 - mainlogger - INFO - Dice score: 0.5629
2024-05-10 12:24:56,315 - mainlogger - INFO - Accuracy: 0.8749
2024-05-10 12:24:56,315 - mainlogger - INFO - Epoch 68  4.310484021902084
2024-05-10 12:26:37,352 - mainlogger - INFO - Dice score: 0.5694
2024-05-10 12:26:37,352 - mainlogger - INFO - Accuracy: 0.8839
2024-05-10 12:26:37,353 - mainlogger - INFO - Epoch 69  4.430718719959259
2024-05-10 12:28:04,483 - mainlogger - INFO - Dice score: 0.5304
2024-05-10 12:28:04,483 - mainlogger - INFO - Accuracy: 0.8553
2024-05-10 12:28:04,484 - mainlogger - INFO - Epoch 70  4.0551967471838
2024-05-10 12:28:17,894 - mainlogger - INFO - Dice score: 0.5016
2024-05-10 12:28:17,894 - mainlogger - INFO - Accuracy: 0.8527
2024-05-10 12:28:17,894 - mainlogger - INFO - Epoch 71  4.066029265522957
2024-05-10 12:28:22,556 - mainlogger - INFO - Dice score: 0.6857
2024-05-10 12:28:22,556 - mainlogger - INFO - Accuracy: 0.8966
2024-05-10 12:28:31,047 - mainlogger - INFO - Dice score: 0.4476
2024-05-10 12:28:31,048 - mainlogger - INFO - Accuracy: 0.8333
2024-05-10 12:28:45,102 - mainlogger - INFO - Dice score: 0.5745
2024-05-10 12:28:45,102 - mainlogger - INFO - Accuracy: 0.8876
2024-05-10 12:28:45,102 - mainlogger - INFO - Epoch 72  4.133571848273277
2024-05-10 12:28:58,783 - mainlogger - INFO - Dice score: 0.6084
2024-05-10 12:28:58,783 - mainlogger - INFO - Accuracy: 0.9081
2024-05-10 12:28:58,783 - mainlogger - INFO - Epoch 73  4.070523768663406
2024-05-10 12:29:12,174 - mainlogger - INFO - Dice score: 0.6203
2024-05-10 12:29:12,174 - mainlogger - INFO - Accuracy: 0.9121
2024-05-10 12:29:12,174 - mainlogger - INFO - Epoch 74  4.233440384268761
2024-05-10 12:29:26,329 - mainlogger - INFO - Dice score: 0.5878
2024-05-10 12:29:26,330 - mainlogger - INFO - Accuracy: 0.894
2024-05-10 12:29:26,330 - mainlogger - INFO - Epoch 75  3.913038432598114
2024-05-10 12:29:39,663 - mainlogger - INFO - Dice score: 0.6305
2024-05-10 12:29:39,663 - mainlogger - INFO - Accuracy: 0.9231
2024-05-10 12:29:39,663 - mainlogger - INFO - Epoch 76  3.98733651638031
2024-05-10 12:29:53,525 - mainlogger - INFO - Dice score: 0.5877
2024-05-10 12:29:53,525 - mainlogger - INFO - Accuracy: 0.891
2024-05-10 12:29:53,525 - mainlogger - INFO - Epoch 77  3.9689989238977432
2024-05-10 12:30:06,896 - mainlogger - INFO - Dice score: 0.624
2024-05-10 12:30:06,896 - mainlogger - INFO - Accuracy: 0.9164
2024-05-10 12:30:06,896 - mainlogger - INFO - Epoch 78  3.822914019227028
2024-05-10 12:30:20,365 - mainlogger - INFO - Dice score: 0.6034
2024-05-10 12:30:20,365 - mainlogger - INFO - Accuracy: 0.8978
2024-05-10 12:30:20,365 - mainlogger - INFO - Epoch 79  3.63792884349823
2024-05-10 12:30:33,455 - mainlogger - INFO - Dice score: 0.6406
2024-05-10 12:30:33,455 - mainlogger - INFO - Accuracy: 0.9213
2024-05-10 12:30:33,455 - mainlogger - INFO - Epoch 80  3.8724877536296844
2024-05-10 12:30:46,549 - mainlogger - INFO - Dice score: 0.6241
2024-05-10 12:30:46,549 - mainlogger - INFO - Accuracy: 0.9132
2024-05-10 12:30:46,549 - mainlogger - INFO - Epoch 81  3.975788101553917
2024-05-10 12:30:52,182 - mainlogger - INFO - Dice score: 0.8564
2024-05-10 12:30:52,182 - mainlogger - INFO - Accuracy: 0.9623
2024-05-10 12:31:00,058 - mainlogger - INFO - Dice score: 0.6055
2024-05-10 12:31:00,058 - mainlogger - INFO - Accuracy: 0.9122
2024-05-10 12:31:15,668 - mainlogger - INFO - Dice score: 0.6099
2024-05-10 12:31:15,668 - mainlogger - INFO - Accuracy: 0.905
2024-05-10 12:31:15,668 - mainlogger - INFO - Epoch 82  3.902251347899437
2024-05-10 12:31:29,140 - mainlogger - INFO - Dice score: 0.6195
2024-05-10 12:31:29,141 - mainlogger - INFO - Accuracy: 0.9118
2024-05-10 12:31:29,141 - mainlogger - INFO - Epoch 83  3.679433673620224
2024-05-10 12:31:42,199 - mainlogger - INFO - Dice score: 0.595
2024-05-10 12:31:42,199 - mainlogger - INFO - Accuracy: 0.9051
2024-05-10 12:31:42,199 - mainlogger - INFO - Epoch 84  4.018648862838745
2024-05-10 12:31:55,217 - mainlogger - INFO - Dice score: 0.6167
2024-05-10 12:31:55,217 - mainlogger - INFO - Accuracy: 0.9077
2024-05-10 12:31:55,218 - mainlogger - INFO - Epoch 85  3.875976338982582
2024-05-10 12:32:08,852 - mainlogger - INFO - Dice score: 0.6287
2024-05-10 12:32:08,852 - mainlogger - INFO - Accuracy: 0.9137
2024-05-10 12:32:08,852 - mainlogger - INFO - Epoch 86  3.6910229474306107
2024-05-10 12:32:22,299 - mainlogger - INFO - Dice score: 0.6251
2024-05-10 12:32:22,300 - mainlogger - INFO - Accuracy: 0.9174
2024-05-10 12:32:22,300 - mainlogger - INFO - Epoch 87  3.8748136311769485
2024-05-10 12:32:35,345 - mainlogger - INFO - Dice score: 0.5945
2024-05-10 12:32:35,346 - mainlogger - INFO - Accuracy: 0.8981
2024-05-10 12:32:35,346 - mainlogger - INFO - Epoch 88  3.9968861043453217
2024-05-10 12:33:28,278 - mainlogger - INFO - Dice score: 0.6012
2024-05-10 12:33:28,278 - mainlogger - INFO - Accuracy: 0.8975
2024-05-10 12:33:28,278 - mainlogger - INFO - Epoch 89  3.803463026881218
2024-05-10 12:34:44,144 - mainlogger - INFO - Dice score: 0.6052
2024-05-10 12:34:44,144 - mainlogger - INFO - Accuracy: 0.8992
2024-05-10 12:34:44,144 - mainlogger - INFO - Epoch 90  3.7378942519426346
2024-05-10 12:35:49,483 - mainlogger - INFO - Dice score: 0.6276
2024-05-10 12:35:49,483 - mainlogger - INFO - Accuracy: 0.9119
2024-05-10 12:35:49,483 - mainlogger - INFO - Epoch 91  3.6704517006874084
2024-05-10 12:36:22,703 - mainlogger - INFO - Dice score: 0.888
2024-05-10 12:36:22,703 - mainlogger - INFO - Accuracy: 0.97
2024-05-10 12:37:05,807 - mainlogger - INFO - Dice score: 0.6245
2024-05-10 12:37:05,808 - mainlogger - INFO - Accuracy: 0.9162
2024-05-10 12:38:15,345 - mainlogger - INFO - Dice score: 0.6293
2024-05-10 12:38:15,346 - mainlogger - INFO - Accuracy: 0.9153
2024-05-10 12:38:15,346 - mainlogger - INFO - Epoch 92  3.6896727830171585
2024-05-10 12:39:21,376 - mainlogger - INFO - Dice score: 0.6003
2024-05-10 12:39:21,376 - mainlogger - INFO - Accuracy: 0.9018
2024-05-10 12:39:21,376 - mainlogger - INFO - Epoch 93  3.74685075879097
2024-05-10 12:41:34,815 - mainlogger - INFO - Dice score: 0.6143
2024-05-10 12:41:34,815 - mainlogger - INFO - Accuracy: 0.9059
2024-05-10 12:41:34,815 - mainlogger - INFO - Epoch 94  3.616250067949295
2024-05-10 12:44:11,935 - mainlogger - INFO - Dice score: 0.6236
2024-05-10 12:44:11,936 - mainlogger - INFO - Accuracy: 0.9128
2024-05-10 12:44:11,936 - mainlogger - INFO - Epoch 95  3.532680928707123
2024-05-10 12:46:49,346 - mainlogger - INFO - Dice score: 0.6337
2024-05-10 12:46:49,346 - mainlogger - INFO - Accuracy: 0.9161
2024-05-10 12:46:49,346 - mainlogger - INFO - Epoch 96  3.6274776607751846
2024-05-10 12:49:35,017 - mainlogger - INFO - Dice score: 0.6442
2024-05-10 12:49:35,018 - mainlogger - INFO - Accuracy: 0.9198
2024-05-10 12:49:35,018 - mainlogger - INFO - Epoch 97  3.5295374542474747
2024-05-10 12:52:21,765 - mainlogger - INFO - Dice score: 0.6347
2024-05-10 12:52:21,766 - mainlogger - INFO - Accuracy: 0.9174
2024-05-10 12:52:21,766 - mainlogger - INFO - Epoch 98  3.6359211057424545
2024-05-10 12:55:04,915 - mainlogger - INFO - Dice score: 0.6082
2024-05-10 12:55:04,915 - mainlogger - INFO - Accuracy: 0.9079
2024-05-10 12:55:04,924 - mainlogger - INFO - Epoch 99  3.5905181914567947
2024-05-10 12:56:06,959 - mainlogger - INFO - Dice score: 0.8742
2024-05-10 12:56:06,959 - mainlogger - INFO - Accuracy: 0.9671
2024-05-10 12:57:56,985 - mainlogger - INFO - Dice score: 0.6007
2024-05-10 12:57:56,986 - mainlogger - INFO - Accuracy: 0.911
2024-05-10 12:57:56,992 - mainlogger - INFO - (95, 99)
2024-05-10 12:57:56,992 - mainlogger - INFO - 0.5807908218393467
