2024-05-07 22:38:01,706 - mainlogger - INFO - 19294
2024-05-07 22:38:01,707 - mainlogger - INFO - <class '__main__.UniversegPipeline'>
2024-05-07 22:38:01,707 - mainlogger - INFO - config/universeg5.yaml
2024-05-07 22:38:01,707 - mainlogger - INFO - {'batch_size': 4, 'epochs': 100, 'k': 2, 'root_dir': '/home/4T/zcr/dataset/Dataset_BUSI', 'model': {'name': 'universeg.universeg.UniverSeg', 'args': {'encoder_blocks': [32, 64, 128, 256]}}, 'trainset': {'name': 'datasetBUSI.mask_busi.MaskBUSI', 'args': {'root_dir': '/home/4T/zcr/dataset/Dataset_BUSI', 'image_names_path': 'test.txt', 'mode': 'train'}}, 'testset': {'name': 'datasetBUSI.mask_busi.MaskBUSI', 'args': {'root_dir': '/home/4T/zcr/dataset/Dataset_BUSI', 'image_names_path': 'test.txt', 'mode': 'test'}}, 'criterion': {'name': 'spgutils.focalloss.BinaryFocalLoss', 'args': {'gamma': 1}}, 'optimizer': {'name': 'torch.optim.Adam', 'args': {'lr': 0.00015}}, 'scheduler': {'name': 'torch.optim.lr_scheduler.StepLR', 'args': {'step_size': 1, 'gamma': 0.99}}}
2024-05-07 22:38:01,707 - mainlogger - INFO - 3.725052833557129
2024-05-07 22:38:37,239 - mainlogger - INFO - Epoch 0  6.890493094921112
2024-05-07 22:39:03,452 - mainlogger - INFO - Epoch 1  6.593226633965969
2024-05-07 22:39:30,534 - mainlogger - INFO - Dice score: 3.818e-16
2024-05-07 22:39:30,534 - mainlogger - INFO - Accuracy: 0.8996
2024-05-07 22:40:02,701 - mainlogger - INFO - Epoch 2  6.223901994526386
2024-05-07 22:40:29,583 - mainlogger - INFO - Epoch 3  6.70199815928936
2024-05-07 22:40:55,060 - mainlogger - INFO - Epoch 4  5.973016522824764
2024-05-07 22:41:27,190 - mainlogger - INFO - Epoch 5  5.984790593385696
2024-05-07 22:41:51,695 - mainlogger - INFO - Epoch 6  6.112126439809799
2024-05-07 22:42:19,491 - mainlogger - INFO - Epoch 7  6.090980999171734
2024-05-07 22:42:51,826 - mainlogger - INFO - Epoch 8  6.1725268959999084
2024-05-07 22:43:17,593 - mainlogger - INFO - Epoch 9  5.769452601671219
2024-05-07 22:43:44,623 - mainlogger - INFO - Epoch 10  5.831804350018501
2024-05-07 22:44:16,873 - mainlogger - INFO - Epoch 11  5.659295871853828
2024-05-07 22:44:46,073 - mainlogger - INFO - Dice score: 0.04168
2024-05-07 22:44:46,073 - mainlogger - INFO - Accuracy: 0.9012
2024-05-07 22:45:11,542 - mainlogger - INFO - Epoch 12  5.919345982372761
2024-05-07 22:45:43,510 - mainlogger - INFO - Epoch 13  5.74370663613081
2024-05-07 22:46:08,903 - mainlogger - INFO - Epoch 14  5.65634460747242
2024-05-07 22:46:36,952 - mainlogger - INFO - Epoch 15  5.838956076651812
2024-05-07 22:47:09,143 - mainlogger - INFO - Epoch 16  5.4099908992648125
2024-05-07 22:47:35,193 - mainlogger - INFO - Epoch 17  5.404688663780689
2024-05-07 22:48:01,990 - mainlogger - INFO - Epoch 18  5.418863728642464
2024-05-07 22:48:34,509 - mainlogger - INFO - Epoch 19  5.505818098783493
2024-05-07 22:48:58,012 - mainlogger - INFO - Epoch 20  5.274504981935024
2024-05-07 22:49:26,475 - mainlogger - INFO - Epoch 21  5.345777250826359
2024-05-07 22:50:01,219 - mainlogger - INFO - Dice score: 0.4335
2024-05-07 22:50:01,220 - mainlogger - INFO - Accuracy: 0.9142
2024-05-07 22:50:26,270 - mainlogger - INFO - Epoch 22  5.8123669400811195
2024-05-07 22:50:54,425 - mainlogger - INFO - Epoch 23  5.365893185138702
2024-05-07 22:51:24,170 - mainlogger - INFO - Epoch 24  5.156147941946983
2024-05-07 22:51:49,160 - mainlogger - INFO - Epoch 25  5.21053072065115
2024-05-07 22:52:19,128 - mainlogger - INFO - Epoch 26  5.111715584993362
2024-05-07 22:52:48,839 - mainlogger - INFO - Epoch 27  4.729343838989735
2024-05-07 22:53:14,362 - mainlogger - INFO - Epoch 28  4.6585148721933365
2024-05-07 22:53:44,293 - mainlogger - INFO - Epoch 29  4.6199405789375305
2024-05-07 22:54:13,180 - mainlogger - INFO - Epoch 30  4.540601760149002
2024-05-07 22:54:37,018 - mainlogger - INFO - Epoch 31  4.8189637288451195
2024-05-07 22:55:10,963 - mainlogger - INFO - Dice score: 0.4718
2024-05-07 22:55:10,963 - mainlogger - INFO - Accuracy: 0.9244
2024-05-07 22:55:40,876 - mainlogger - INFO - Epoch 32  5.003732264041901
2024-05-07 22:56:05,489 - mainlogger - INFO - Epoch 33  4.769983984529972
2024-05-07 22:56:36,128 - mainlogger - INFO - Epoch 34  4.933297123759985
2024-05-07 22:57:04,248 - mainlogger - INFO - Epoch 35  4.7859145142138
2024-05-07 22:57:28,740 - mainlogger - INFO - Epoch 36  4.78701151907444
2024-05-07 22:57:59,952 - mainlogger - INFO - Epoch 37  4.84186178073287
2024-05-07 22:58:25,186 - mainlogger - INFO - Epoch 38  4.6255978643894196
2024-05-07 22:58:50,970 - mainlogger - INFO - Epoch 39  4.551417302340269
2024-05-07 22:59:23,647 - mainlogger - INFO - Epoch 40  4.64030297100544
2024-05-07 22:59:53,404 - mainlogger - INFO - Epoch 41  4.825702726840973
2024-05-07 23:00:21,554 - mainlogger - INFO - Dice score: 0.5141
2024-05-07 23:00:21,555 - mainlogger - INFO - Accuracy: 0.9292
2024-05-07 23:00:53,789 - mainlogger - INFO - Epoch 42  4.790605593472719
2024-05-07 23:01:19,639 - mainlogger - INFO - Epoch 43  4.986646842211485
2024-05-07 23:01:45,938 - mainlogger - INFO - Epoch 44  4.5524230152368546
2024-05-07 23:02:17,881 - mainlogger - INFO - Epoch 45  4.4829587787389755
2024-05-07 23:02:42,356 - mainlogger - INFO - Epoch 46  4.401396058499813
2024-05-07 23:03:09,603 - mainlogger - INFO - Epoch 47  4.27119005843997
2024-05-07 23:03:41,127 - mainlogger - INFO - Epoch 48  4.22165135666728
2024-05-07 23:04:05,116 - mainlogger - INFO - Epoch 49  4.403851140290499
2024-05-07 23:04:34,548 - mainlogger - INFO - Epoch 50  4.221267361193895
2024-05-07 23:05:03,928 - mainlogger - INFO - Epoch 51  4.413401536643505
2024-05-07 23:05:32,072 - mainlogger - INFO - Dice score: 0.6153
2024-05-07 23:05:32,072 - mainlogger - INFO - Accuracy: 0.9254
2024-05-07 23:06:01,873 - mainlogger - INFO - Epoch 52  4.275487408041954
2024-05-07 23:06:30,421 - mainlogger - INFO - Epoch 53  4.004513580352068
2024-05-07 23:06:55,110 - mainlogger - INFO - Epoch 54  4.298932407051325
2024-05-07 23:07:26,329 - mainlogger - INFO - Epoch 55  4.428806398063898
2024-05-07 23:07:52,355 - mainlogger - INFO - Epoch 56  4.171154864132404
2024-05-07 23:08:17,704 - mainlogger - INFO - Epoch 57  4.038387291133404
2024-05-07 23:08:49,941 - mainlogger - INFO - Epoch 58  4.088067855685949
2024-05-07 23:09:17,113 - mainlogger - INFO - Epoch 59  3.9366835802793503
2024-05-07 23:09:41,581 - mainlogger - INFO - Epoch 60  3.968034155666828
2024-05-07 23:10:14,606 - mainlogger - INFO - Epoch 61  4.020707566291094
2024-05-07 23:10:42,693 - mainlogger - INFO - Dice score: 0.6202
2024-05-07 23:10:42,693 - mainlogger - INFO - Accuracy: 0.9386
2024-05-07 23:11:08,258 - mainlogger - INFO - Epoch 62  3.988526862114668
2024-05-07 23:11:39,989 - mainlogger - INFO - Epoch 63  3.7637260742485523
2024-05-07 23:12:03,027 - mainlogger - INFO - Epoch 64  3.7850873321294785
2024-05-07 23:12:32,482 - mainlogger - INFO - Epoch 65  3.6400490645319223
2024-05-07 23:13:01,393 - mainlogger - INFO - Epoch 66  3.7803211361169815
2024-05-07 23:13:25,906 - mainlogger - INFO - Epoch 67  3.70678897947073
2024-05-07 23:13:55,893 - mainlogger - INFO - Epoch 68  4.065522808581591
2024-05-07 23:14:23,735 - mainlogger - INFO - Epoch 69  3.672851227223873
2024-05-07 23:14:47,295 - mainlogger - INFO - Epoch 70  3.6243430338799953
2024-05-07 23:15:18,777 - mainlogger - INFO - Epoch 71  3.6295738369226456
2024-05-07 23:15:48,938 - mainlogger - INFO - Dice score: 0.6917
2024-05-07 23:15:48,938 - mainlogger - INFO - Accuracy: 0.9446
2024-05-07 23:16:12,222 - mainlogger - INFO - Epoch 72  3.6864971667528152
2024-05-07 23:16:44,085 - mainlogger - INFO - Epoch 73  3.6944139152765274
2024-05-07 23:17:08,548 - mainlogger - INFO - Epoch 74  3.65424382686615
2024-05-07 23:17:35,536 - mainlogger - INFO - Epoch 75  3.856639737263322
2024-05-07 23:18:05,735 - mainlogger - INFO - Epoch 76  3.4755002353340387
2024-05-07 23:18:29,260 - mainlogger - INFO - Epoch 77  3.3970645759254694
2024-05-07 23:18:59,249 - mainlogger - INFO - Epoch 78  3.503530165180564
2024-05-07 23:19:26,392 - mainlogger - INFO - Epoch 79  3.4958224035799503
2024-05-07 23:19:50,524 - mainlogger - INFO - Epoch 80  3.2802579402923584
2024-05-07 23:20:21,685 - mainlogger - INFO - Epoch 81  3.522487225010991
2024-05-07 23:20:52,231 - mainlogger - INFO - Dice score: 0.6991
2024-05-07 23:20:52,232 - mainlogger - INFO - Accuracy: 0.9424
2024-05-07 23:21:15,522 - mainlogger - INFO - Epoch 82  3.5092827565968037
2024-05-07 23:21:46,927 - mainlogger - INFO - Epoch 83  3.589859865605831
2024-05-07 23:22:13,944 - mainlogger - INFO - Epoch 84  3.229326458647847
2024-05-07 23:22:39,364 - mainlogger - INFO - Epoch 85  3.4250219017267227
2024-05-07 23:23:11,672 - mainlogger - INFO - Epoch 86  3.1124734468758106
2024-05-07 23:23:35,903 - mainlogger - INFO - Epoch 87  3.1117543894797564
2024-05-07 23:24:03,867 - mainlogger - INFO - Epoch 88  3.2950630970299244
2024-05-07 23:24:35,034 - mainlogger - INFO - Epoch 89  3.4428786635398865
2024-05-07 23:24:58,805 - mainlogger - INFO - Epoch 90  3.1258523669093847
2024-05-07 23:25:27,954 - mainlogger - INFO - Epoch 91  3.2459849901497364
2024-05-07 23:25:59,028 - mainlogger - INFO - Dice score: 0.7433
2024-05-07 23:25:59,028 - mainlogger - INFO - Accuracy: 0.9507
2024-05-07 23:26:24,183 - mainlogger - INFO - Epoch 92  3.134087026119232
2024-05-07 23:26:54,452 - mainlogger - INFO - Epoch 93  3.2116389349102974
2024-05-07 23:27:19,986 - mainlogger - INFO - Epoch 94  2.8735430985689163
2024-05-07 23:27:43,402 - mainlogger - INFO - Epoch 95  2.904079832136631
2024-05-07 23:28:16,363 - mainlogger - INFO - Epoch 96  2.899890463799238
2024-05-07 23:28:39,935 - mainlogger - INFO - Epoch 97  2.955243268981576
2024-05-07 23:29:08,630 - mainlogger - INFO - Epoch 98  3.171310320496559
2024-05-07 23:29:40,654 - mainlogger - INFO - Epoch 99  2.7485277485102415
2024-05-07 23:30:09,570 - mainlogger - INFO - Dice score: 0.7793
2024-05-07 23:30:09,571 - mainlogger - INFO - Accuracy: 0.9563
2024-05-07 23:30:09,571 - mainlogger - INFO - (95, 99)
2024-05-07 23:30:09,571 - mainlogger - INFO - 0.70672631569856
