2024-05-07 17:26:55,622 - mainlogger - INFO - 31244
2024-05-07 17:26:55,623 - mainlogger - INFO - <class '__main__.UniversegPipeline'>
2024-05-07 17:26:55,623 - mainlogger - INFO - config/universeg.yaml
2024-05-07 17:26:55,623 - mainlogger - INFO - {'batch_size': 4, 'epochs': 100, 'k': 2, 'root_dir': '/home/4T/zcr/dataset/Dataset_BUSI', 'model': {'name': 'universeg.universeg.UniverSeg', 'args': {'encoder_blocks': [16, 32, 64, 128]}}, 'trainset': {'name': 'datasetBUSI.mask_busi.MaskBUSI', 'args': {'root_dir': '/home/4T/zcr/dataset/Dataset_BUSI', 'image_names_path': 'demo.txt', 'mode': 'train'}}, 'testset': {'name': 'datasetBUSI.mask_busi.MaskBUSI', 'args': {'root_dir': '/home/4T/zcr/dataset/Dataset_BUSI', 'image_names_path': 'demo.txt', 'mode': 'test'}}, 'criterion': {'name': 'spgutils.focalloss.BinaryFocalLoss', 'args': {'gamma': 1}}, 'optimizer': {'name': 'torch.optim.Adam', 'args': {'lr': 0.0001}}, 'scheduler': {'name': 'torch.optim.lr_scheduler.StepLR', 'args': {'step_size': 1, 'gamma': 0.99}}}
2024-05-07 17:26:55,623 - mainlogger - INFO - 0.9378976821899414
2024-05-07 17:27:05,069 - mainlogger - INFO - Epoch 0  1.5424338281154633
2024-05-07 17:27:07,726 - mainlogger - INFO - Epoch 1  0.7575355470180511
2024-05-07 17:27:10,667 - mainlogger - INFO - Dice score: 1.35e-14
2024-05-07 17:27:10,668 - mainlogger - INFO - Accuracy: 0.959
2024-05-07 17:27:12,830 - mainlogger - INFO - Epoch 2  0.39486081153154373
2024-05-07 17:27:14,052 - mainlogger - INFO - Epoch 3  0.362387090921402
2024-05-07 17:27:15,547 - mainlogger - INFO - Epoch 4  0.32278091460466385
2024-05-07 17:27:18,096 - mainlogger - INFO - Epoch 5  0.3615807890892029
2024-05-07 17:27:20,409 - mainlogger - INFO - Epoch 6  0.38697269558906555
2024-05-07 17:27:22,059 - mainlogger - INFO - Epoch 7  0.41274045407772064
2024-05-07 17:27:23,224 - mainlogger - INFO - Epoch 8  0.2882212661206722
2024-05-07 17:27:24,512 - mainlogger - INFO - Epoch 9  0.3369944766163826
2024-05-07 17:27:25,739 - mainlogger - INFO - Epoch 10  0.31949831545352936
2024-05-07 17:27:27,170 - mainlogger - INFO - Epoch 11  0.32233355939388275
2024-05-07 17:27:28,452 - mainlogger - INFO - Dice score: 1.807e-14
2024-05-07 17:27:28,452 - mainlogger - INFO - Accuracy: 0.9694
2024-05-07 17:27:29,772 - mainlogger - INFO - Epoch 12  0.33201998472213745
2024-05-07 17:27:30,834 - mainlogger - INFO - Epoch 13  0.26097822934389114
2024-05-07 17:27:32,312 - mainlogger - INFO - Epoch 14  0.314637154340744
2024-05-07 17:27:33,246 - mainlogger - INFO - Epoch 15  0.24110330641269684
2024-05-07 17:27:34,578 - mainlogger - INFO - Epoch 16  0.28608252108097076
2024-05-07 17:27:37,251 - mainlogger - INFO - Epoch 17  0.2290266528725624
2024-05-07 17:27:39,777 - mainlogger - INFO - Epoch 18  0.33212537318468094
2024-05-07 17:27:42,355 - mainlogger - INFO - Epoch 19  0.26925869286060333
2024-05-07 17:27:44,962 - mainlogger - INFO - Epoch 20  0.21216697618365288
2024-05-07 17:27:47,309 - mainlogger - INFO - Epoch 21  0.24500446766614914
2024-05-07 17:27:50,289 - mainlogger - INFO - Dice score: 1.895e-14
2024-05-07 17:27:50,289 - mainlogger - INFO - Accuracy: 0.9708
2024-05-07 17:27:52,808 - mainlogger - INFO - Epoch 22  0.23117812722921371
2024-05-07 17:27:55,232 - mainlogger - INFO - Epoch 23  0.2715582624077797
2024-05-07 17:27:57,586 - mainlogger - INFO - Epoch 24  0.2132401391863823
2024-05-07 17:28:00,265 - mainlogger - INFO - Epoch 25  0.24204643815755844
2024-05-07 17:28:02,187 - mainlogger - INFO - Epoch 26  0.17288379184901714
2024-05-07 17:28:03,322 - mainlogger - INFO - Epoch 27  0.2696274034678936
2024-05-07 17:28:04,757 - mainlogger - INFO - Epoch 28  0.2618759945034981
2024-05-07 17:28:07,068 - mainlogger - INFO - Epoch 29  0.2066258154809475
2024-05-07 17:28:09,523 - mainlogger - INFO - Epoch 30  0.21773046255111694
2024-05-07 17:28:11,227 - mainlogger - INFO - Epoch 31  0.20061714202165604
2024-05-07 17:28:12,390 - mainlogger - INFO - Dice score: 0.04529
2024-05-07 17:28:12,391 - mainlogger - INFO - Accuracy: 0.972
2024-05-07 17:28:13,410 - mainlogger - INFO - Epoch 32  0.18148526176810265
2024-05-07 17:28:14,714 - mainlogger - INFO - Epoch 33  0.21222414821386337
2024-05-07 17:28:15,939 - mainlogger - INFO - Epoch 34  0.20319201424717903
2024-05-07 17:28:16,996 - mainlogger - INFO - Epoch 35  0.19678213447332382
2024-05-07 17:28:18,288 - mainlogger - INFO - Epoch 36  0.16366980597376823
2024-05-07 17:28:19,346 - mainlogger - INFO - Epoch 37  0.18071504309773445
2024-05-07 17:28:20,546 - mainlogger - INFO - Epoch 38  0.1656381841748953
2024-05-07 17:28:21,749 - mainlogger - INFO - Epoch 39  0.14870862290263176
2024-05-07 17:28:23,278 - mainlogger - INFO - Epoch 40  0.16856157407164574
2024-05-07 17:28:24,064 - mainlogger - INFO - Epoch 41  0.12420962005853653
2024-05-07 17:28:24,605 - mainlogger - INFO - Dice score: 0.5565
2024-05-07 17:28:24,605 - mainlogger - INFO - Accuracy: 0.9804
2024-05-07 17:28:25,152 - mainlogger - INFO - Epoch 42  0.12175647541880608
2024-05-07 17:28:25,696 - mainlogger - INFO - Epoch 43  0.16310112923383713
2024-05-07 17:28:26,231 - mainlogger - INFO - Epoch 44  0.15059363096952438
2024-05-07 17:28:26,774 - mainlogger - INFO - Epoch 45  0.15968861244618893
2024-05-07 17:28:27,310 - mainlogger - INFO - Epoch 46  0.1566872037947178
2024-05-07 17:28:27,893 - mainlogger - INFO - Epoch 47  0.12582367286086082
2024-05-07 17:28:28,426 - mainlogger - INFO - Epoch 48  0.11809746734797955
2024-05-07 17:28:28,979 - mainlogger - INFO - Epoch 49  0.1821662299335003
2024-05-07 17:28:29,515 - mainlogger - INFO - Epoch 50  0.11122886836528778
2024-05-07 17:28:30,073 - mainlogger - INFO - Epoch 51  0.1152652408927679
2024-05-07 17:28:30,602 - mainlogger - INFO - Dice score: 0.6348
2024-05-07 17:28:30,602 - mainlogger - INFO - Accuracy: 0.9835
2024-05-07 17:28:31,156 - mainlogger - INFO - Epoch 52  0.07268681284040213
2024-05-07 17:28:31,692 - mainlogger - INFO - Epoch 53  0.11918568052351475
2024-05-07 17:28:32,232 - mainlogger - INFO - Epoch 54  0.08997085131704807
2024-05-07 17:28:32,783 - mainlogger - INFO - Epoch 55  0.14093724638223648
2024-05-07 17:28:33,315 - mainlogger - INFO - Epoch 56  0.09145289100706577
2024-05-07 17:28:33,851 - mainlogger - INFO - Epoch 57  0.08764402754604816
2024-05-07 17:28:34,389 - mainlogger - INFO - Epoch 58  0.10732541233301163
2024-05-07 17:28:34,925 - mainlogger - INFO - Epoch 59  0.10829444788396358
2024-05-07 17:28:35,461 - mainlogger - INFO - Epoch 60  0.06916921772062778
2024-05-07 17:28:36,003 - mainlogger - INFO - Epoch 61  0.07157322950661182
2024-05-07 17:28:36,560 - mainlogger - INFO - Dice score: 0.7402
2024-05-07 17:28:36,560 - mainlogger - INFO - Accuracy: 0.9865
2024-05-07 17:28:37,111 - mainlogger - INFO - Epoch 62  0.169848857447505
2024-05-07 17:28:37,660 - mainlogger - INFO - Epoch 63  0.06669580936431885
2024-05-07 17:28:38,206 - mainlogger - INFO - Epoch 64  0.0847698962315917
2024-05-07 17:28:38,749 - mainlogger - INFO - Epoch 65  0.09546658955514431
2024-05-07 17:28:39,283 - mainlogger - INFO - Epoch 66  0.057695429772138596
2024-05-07 17:28:39,837 - mainlogger - INFO - Epoch 67  0.09322929661720991
2024-05-07 17:28:40,373 - mainlogger - INFO - Epoch 68  0.12988699600100517
2024-05-07 17:28:40,918 - mainlogger - INFO - Epoch 69  0.08036320377141237
2024-05-07 17:28:41,460 - mainlogger - INFO - Epoch 70  0.09212140925228596
2024-05-07 17:28:42,003 - mainlogger - INFO - Epoch 71  0.10308329667896032
2024-05-07 17:28:42,562 - mainlogger - INFO - Dice score: 0.789
2024-05-07 17:28:42,563 - mainlogger - INFO - Accuracy: 0.9878
2024-05-07 17:28:43,100 - mainlogger - INFO - Epoch 72  0.08742162119597197
2024-05-07 17:28:43,653 - mainlogger - INFO - Epoch 73  0.07562373112887144
2024-05-07 17:28:44,184 - mainlogger - INFO - Epoch 74  0.08584512770175934
2024-05-07 17:28:44,731 - mainlogger - INFO - Epoch 75  0.07315590605139732
2024-05-07 17:28:45,269 - mainlogger - INFO - Epoch 76  0.11997986398637295
2024-05-07 17:28:45,801 - mainlogger - INFO - Epoch 77  0.08674050401896238
2024-05-07 17:28:46,339 - mainlogger - INFO - Epoch 78  0.10677377879619598
2024-05-07 17:28:46,894 - mainlogger - INFO - Epoch 79  0.06142112985253334
2024-05-07 17:28:47,437 - mainlogger - INFO - Epoch 80  0.10457028448581696
2024-05-07 17:28:47,999 - mainlogger - INFO - Epoch 81  0.07560468558222055
2024-05-07 17:28:48,528 - mainlogger - INFO - Dice score: 0.7302
2024-05-07 17:28:48,529 - mainlogger - INFO - Accuracy: 0.9876
2024-05-07 17:28:49,066 - mainlogger - INFO - Epoch 82  0.07879887893795967
2024-05-07 17:28:49,609 - mainlogger - INFO - Epoch 83  0.05729393567889929
2024-05-07 17:28:50,172 - mainlogger - INFO - Epoch 84  0.12118220515549183
2024-05-07 17:28:50,703 - mainlogger - INFO - Epoch 85  0.10053174942731857
2024-05-07 17:28:51,263 - mainlogger - INFO - Epoch 86  0.05918629467487335
2024-05-07 17:28:51,825 - mainlogger - INFO - Epoch 87  0.06680047325789928
2024-05-07 17:28:52,386 - mainlogger - INFO - Epoch 88  0.06466673128306866
2024-05-07 17:28:52,932 - mainlogger - INFO - Epoch 89  0.16524155251681805
2024-05-07 17:28:53,488 - mainlogger - INFO - Epoch 90  0.08359882887452841
2024-05-07 17:28:54,056 - mainlogger - INFO - Epoch 91  0.08433971554040909
2024-05-07 17:28:54,587 - mainlogger - INFO - Dice score: 0.7701
2024-05-07 17:28:54,587 - mainlogger - INFO - Accuracy: 0.9891
2024-05-07 17:28:55,131 - mainlogger - INFO - Epoch 92  0.11004837416112423
2024-05-07 17:28:55,678 - mainlogger - INFO - Epoch 93  0.05826374888420105
2024-05-07 17:28:56,234 - mainlogger - INFO - Epoch 94  0.08304117992520332
2024-05-07 17:28:56,767 - mainlogger - INFO - Epoch 95  0.07240418996661901
2024-05-07 17:28:57,322 - mainlogger - INFO - Epoch 96  0.03959418507292867
2024-05-07 17:28:57,866 - mainlogger - INFO - Epoch 97  0.13452259451150894
2024-05-07 17:28:58,410 - mainlogger - INFO - Epoch 98  0.08531765267252922
2024-05-07 17:28:58,947 - mainlogger - INFO - Epoch 99  0.0720139928162098
2024-05-07 17:28:59,496 - mainlogger - INFO - Dice score: 0.8334
2024-05-07 17:28:59,496 - mainlogger - INFO - Accuracy: 0.991
2024-05-07 17:28:59,496 - mainlogger - INFO - (95, 99)
2024-05-07 17:28:59,497 - mainlogger - INFO - 0.7725697415691064
