2024-05-07 17:18:14,335 - mainlogger - INFO - 19812
2024-05-07 17:18:14,335 - mainlogger - INFO - <class '__main__.UniversegPipeline'>
2024-05-07 17:18:14,335 - mainlogger - INFO - config/universeg.yaml
2024-05-07 17:18:14,335 - mainlogger - INFO - {'batch_size': 8, 'epochs': 100, 'k': 5, 'root_dir': '/home/4T/zcr/dataset/Dataset_BUSI', 'model': {'name': 'universeg.universeg.UniverSeg', 'args': {'encoder_blocks': [64, 64, 64, 64]}}, 'trainset': {'name': 'datasetBUSI.mask_busi.MaskBUSI', 'args': {'root_dir': '/home/4T/zcr/dataset/Dataset_BUSI', 'image_names_path': 'demo.txt', 'mode': 'train'}}, 'testset': {'name': 'datasetBUSI.mask_busi.MaskBUSI', 'args': {'root_dir': '/home/4T/zcr/dataset/Dataset_BUSI', 'image_names_path': 'demo.txt', 'mode': 'test'}}, 'criterion': {'name': 'spgutils.focalloss.BinaryFocalLoss', 'args': {'gamma': 1}}, 'optimizer': {'name': 'torch.optim.Adam', 'args': {'lr': 0.001}}, 'scheduler': {'name': 'torch.optim.lr_scheduler.StepLR', 'args': {'step_size': 1, 'gamma': 0.99}}}
2024-05-07 17:18:14,336 - mainlogger - INFO - 1.149155616760254
2024-05-07 17:18:21,223 - mainlogger - INFO - Epoch 0  0.2863510549068451
2024-05-07 17:18:21,847 - mainlogger - INFO - Epoch 1  0.4269903004169464
2024-05-07 17:18:22,195 - mainlogger - INFO - Dice score: 1.263e-13
2024-05-07 17:18:22,195 - mainlogger - INFO - Accuracy: 0.9803
2024-05-07 17:18:22,756 - mainlogger - INFO - Epoch 2  0.15997429192066193
2024-05-07 17:18:23,515 - mainlogger - INFO - Epoch 3  0.06296517699956894
2024-05-07 17:18:24,278 - mainlogger - INFO - Epoch 4  0.043213192373514175
2024-05-07 17:18:24,774 - mainlogger - INFO - Epoch 5  0.05426141619682312
2024-05-07 17:18:25,368 - mainlogger - INFO - Epoch 6  0.04036693274974823
2024-05-07 17:18:26,067 - mainlogger - INFO - Epoch 7  0.03661167994141579
2024-05-07 17:18:26,632 - mainlogger - INFO - Epoch 8  0.03864134103059769
2024-05-07 17:18:27,102 - mainlogger - INFO - Epoch 9  0.031681351363658905
2024-05-07 17:18:27,733 - mainlogger - INFO - Epoch 10  0.02968599833548069
2024-05-07 17:18:28,120 - mainlogger - INFO - Epoch 11  0.026793060824275017
2024-05-07 17:18:28,894 - mainlogger - INFO - Dice score: 1.263e-13
2024-05-07 17:18:28,894 - mainlogger - INFO - Accuracy: 0.9803
2024-05-07 17:18:29,522 - mainlogger - INFO - Epoch 12  0.021825019270181656
2024-05-07 17:18:30,026 - mainlogger - INFO - Epoch 13  0.01829584687948227
2024-05-07 17:18:30,448 - mainlogger - INFO - Epoch 14  0.017793798819184303
2024-05-07 17:18:31,062 - mainlogger - INFO - Epoch 15  0.01421485748142004
2024-05-07 17:18:31,686 - mainlogger - INFO - Epoch 16  0.010820810683071613
2024-05-07 17:18:32,281 - mainlogger - INFO - Epoch 17  0.010699689388275146
2024-05-07 17:18:32,982 - mainlogger - INFO - Epoch 18  0.012843440286815166
2024-05-07 17:18:33,720 - mainlogger - INFO - Epoch 19  0.007036177441477776
2024-05-07 17:18:35,019 - mainlogger - INFO - Epoch 20  0.005133722443133593
2024-05-07 17:18:36,224 - mainlogger - INFO - Epoch 21  0.0048886677250266075
2024-05-07 17:18:37,555 - mainlogger - INFO - Dice score: 0.946
2024-05-07 17:18:37,555 - mainlogger - INFO - Accuracy: 0.998
2024-05-07 17:18:38,749 - mainlogger - INFO - Epoch 22  0.005821058060973883
2024-05-07 17:18:39,985 - mainlogger - INFO - Epoch 23  0.004078466910868883
2024-05-07 17:18:41,292 - mainlogger - INFO - Epoch 24  0.003383177099749446
2024-05-07 17:18:42,498 - mainlogger - INFO - Epoch 25  0.003339438233524561
2024-05-07 17:18:43,593 - mainlogger - INFO - Epoch 26  0.0031282384879887104
2024-05-07 17:18:44,818 - mainlogger - INFO - Epoch 27  0.0024436817038804293
2024-05-07 17:18:45,815 - mainlogger - INFO - Epoch 28  0.004069948568940163
2024-05-07 17:18:47,074 - mainlogger - INFO - Epoch 29  0.002138169715180993
2024-05-07 17:18:48,158 - mainlogger - INFO - Epoch 30  0.002411074237897992
2024-05-07 17:18:49,351 - mainlogger - INFO - Epoch 31  0.002867437433451414
2024-05-07 17:18:50,711 - mainlogger - INFO - Dice score: 0.9621
2024-05-07 17:18:50,712 - mainlogger - INFO - Accuracy: 0.9985
2024-05-07 17:18:51,747 - mainlogger - INFO - Epoch 32  0.0019551324658095837
2024-05-07 17:18:52,809 - mainlogger - INFO - Epoch 33  0.001976090483367443
2024-05-07 17:18:53,680 - mainlogger - INFO - Epoch 34  0.0024162353947758675
