2024-05-08 14:15:39,931 - mainlogger - INFO - 9379
2024-05-08 14:15:39,931 - mainlogger - INFO - <class '__main__.UniversegPipeline'>
2024-05-08 14:15:39,932 - mainlogger - INFO - universeg_config/universeg_lr-.yaml
2024-05-08 14:15:39,932 - mainlogger - INFO - {'batch_size': 4, 'epochs': 100, 'k': 2, 'root_dir': '/home/4T/zcr/dataset/Dataset_BUSI', 'model': {'name': 'universeg.universeg.UniverSeg', 'args': {'encoder_blocks': [64, 128, 256, 512]}}, 'trainset': {'name': 'datasetBUSI.mask_busi.MaskBUSI', 'args': {'root_dir': '/home/4T/zcr/dataset/Dataset_BUSI', 'image_names_path': 'labeled20.txt', 'mode': 'train'}}, 'testset': {'name': 'datasetBUSI.mask_busi.MaskBUSI', 'args': {'root_dir': '/home/4T/zcr/dataset/Dataset_BUSI', 'image_names_path': 'test.txt', 'mode': 'test'}}, 'criterion': {'name': 'spgutils.focalloss.BinaryFocalLoss', 'args': {'gamma': 1}}, 'optimizer': {'name': 'torch.optim.Adam', 'args': {'lr': 5e-05}}, 'scheduler': {'name': 'torch.optim.lr_scheduler.StepLR', 'args': {'step_size': 1, 'gamma': 0.99}}}
2024-05-08 14:15:39,932 - mainlogger - INFO - 14.862839698791504
2024-05-08 14:16:00,094 - mainlogger - INFO - Epoch 0  3.9018341079354286
2024-05-08 14:16:19,268 - mainlogger - INFO - Epoch 1  3.4483229368925095
2024-05-08 14:16:37,956 - mainlogger - INFO - Dice score: 1.07e-06
2024-05-08 14:16:37,956 - mainlogger - INFO - Accuracy: 0.879
2024-05-08 14:17:08,444 - mainlogger - INFO - Dice score: 3.822e-16
2024-05-08 14:17:08,445 - mainlogger - INFO - Accuracy: 0.8997
2024-05-08 14:17:25,468 - mainlogger - INFO - Epoch 2  3.422844707965851
2024-05-08 14:17:39,240 - mainlogger - INFO - Epoch 3  3.3880460672080517
2024-05-08 14:18:00,358 - mainlogger - INFO - Epoch 4  3.3383463323116302
2024-05-08 14:18:14,164 - mainlogger - INFO - Epoch 5  2.992301717400551
2024-05-08 14:18:32,376 - mainlogger - INFO - Epoch 6  3.2087305411696434
2024-05-08 14:18:51,812 - mainlogger - INFO - Epoch 7  3.071271736174822
2024-05-08 14:19:02,690 - mainlogger - INFO - Epoch 8  3.1492066979408264
2024-05-08 14:19:24,894 - mainlogger - INFO - Epoch 9  3.072476089000702
2024-05-08 14:19:40,085 - mainlogger - INFO - Epoch 10  3.627703670412302
2024-05-08 14:19:54,386 - mainlogger - INFO - Epoch 11  3.334299311041832
2024-05-08 14:20:15,862 - mainlogger - INFO - Dice score: 0.3121
2024-05-08 14:20:15,862 - mainlogger - INFO - Accuracy: 0.8879
2024-05-08 14:20:42,718 - mainlogger - INFO - Dice score: 0.2548
2024-05-08 14:20:42,719 - mainlogger - INFO - Accuracy: 0.8998
2024-05-08 14:21:03,428 - mainlogger - INFO - Epoch 12  3.1231943368911743
2024-05-08 14:21:15,340 - mainlogger - INFO - Epoch 13  2.997331915423274
2024-05-08 14:21:35,351 - mainlogger - INFO - Epoch 14  3.009801998734474
2024-05-08 14:21:52,456 - mainlogger - INFO - Epoch 15  3.3922052159905434
2024-05-08 14:22:03,242 - mainlogger - INFO - Epoch 16  3.108220688998699
2024-05-08 14:22:26,211 - mainlogger - INFO - Epoch 17  3.1552751809358597
2024-05-08 14:22:40,081 - mainlogger - INFO - Epoch 18  2.969233490526676
2024-05-08 14:22:57,424 - mainlogger - INFO - Epoch 19  3.1246819347143173
2024-05-08 14:23:18,452 - mainlogger - INFO - Epoch 20  3.097437910735607
2024-05-08 14:23:29,860 - mainlogger - INFO - Epoch 21  3.0318752005696297
2024-05-08 14:23:54,565 - mainlogger - INFO - Dice score: 0.2984
2024-05-08 14:23:54,566 - mainlogger - INFO - Accuracy: 0.8898
2024-05-08 14:24:17,427 - mainlogger - INFO - Dice score: 0.249
2024-05-08 14:24:17,427 - mainlogger - INFO - Accuracy: 0.9036
2024-05-08 14:24:40,781 - mainlogger - INFO - Epoch 22  2.8424434512853622
2024-05-08 14:24:54,985 - mainlogger - INFO - Epoch 23  3.0069091618061066
2024-05-08 14:25:12,792 - mainlogger - INFO - Epoch 24  2.7405275627970695
2024-05-08 14:25:32,598 - mainlogger - INFO - Epoch 25  2.954215582460165
2024-05-08 14:25:44,186 - mainlogger - INFO - Epoch 26  2.750688958913088
2024-05-08 14:26:06,227 - mainlogger - INFO - Epoch 27  3.2820329889655113
2024-05-08 14:26:22,107 - mainlogger - INFO - Epoch 28  3.1907087564468384
2024-05-08 14:26:37,822 - mainlogger - INFO - Epoch 29  3.1201229132711887
2024-05-08 14:26:58,919 - mainlogger - INFO - Epoch 30  2.8222312591969967
2024-05-08 14:27:10,852 - mainlogger - INFO - Epoch 31  2.805411271750927
2024-05-08 14:27:32,197 - mainlogger - INFO - Dice score: 0.4286
2024-05-08 14:27:32,197 - mainlogger - INFO - Accuracy: 0.9052
2024-05-08 14:27:57,740 - mainlogger - INFO - Dice score: 0.2933
2024-05-08 14:27:57,740 - mainlogger - INFO - Accuracy: 0.9077
2024-05-08 14:28:18,273 - mainlogger - INFO - Epoch 32  2.8489282466471195
2024-05-08 14:28:34,924 - mainlogger - INFO - Epoch 33  2.8713107258081436
2024-05-08 14:28:50,102 - mainlogger - INFO - Epoch 34  2.660575456917286
2024-05-08 14:29:10,815 - mainlogger - INFO - Epoch 35  2.6516835689544678
2024-05-08 14:29:24,319 - mainlogger - INFO - Epoch 36  2.9035540632903576
2024-05-08 14:29:43,860 - mainlogger - INFO - Epoch 37  2.6735592260956764
2024-05-08 14:30:02,434 - mainlogger - INFO - Epoch 38  2.889010287821293
2024-05-08 14:30:13,986 - mainlogger - INFO - Epoch 39  2.798203684389591
2024-05-08 14:30:36,527 - mainlogger - INFO - Epoch 40  2.8900481835007668
2024-05-08 14:30:50,509 - mainlogger - INFO - Epoch 41  2.738028611987829
2024-05-08 14:31:08,042 - mainlogger - INFO - Dice score: 0.5789
2024-05-08 14:31:08,042 - mainlogger - INFO - Accuracy: 0.896
2024-05-08 14:31:38,251 - mainlogger - INFO - Dice score: 0.4668
2024-05-08 14:31:38,251 - mainlogger - INFO - Accuracy: 0.8843
2024-05-08 14:31:54,990 - mainlogger - INFO - Epoch 42  2.74230770021677
2024-05-08 14:32:15,279 - mainlogger - INFO - Epoch 43  2.738767046481371
2024-05-08 14:32:26,938 - mainlogger - INFO - Epoch 44  2.6898375786840916
2024-05-08 14:32:47,488 - mainlogger - INFO - Epoch 45  2.724450469017029
2024-05-08 14:33:04,073 - mainlogger - INFO - Epoch 46  2.463664337992668
2024-05-08 14:33:18,624 - mainlogger - INFO - Epoch 47  2.755047034472227
2024-05-08 14:33:39,515 - mainlogger - INFO - Epoch 48  2.626104459166527
2024-05-08 14:33:53,098 - mainlogger - INFO - Epoch 49  2.4844521544873714
2024-05-08 14:34:10,920 - mainlogger - INFO - Epoch 50  2.6080651953816414
2024-05-08 14:34:30,363 - mainlogger - INFO - Epoch 51  2.566018484532833
2024-05-08 14:34:41,579 - mainlogger - INFO - Dice score: 0.4603
2024-05-08 14:34:41,579 - mainlogger - INFO - Accuracy: 0.9038
2024-05-08 14:35:17,895 - mainlogger - INFO - Dice score: 0.4107
2024-05-08 14:35:17,896 - mainlogger - INFO - Accuracy: 0.912
2024-05-08 14:35:29,310 - mainlogger - INFO - Epoch 52  2.616697408258915
2024-05-08 14:35:52,560 - mainlogger - INFO - Epoch 53  2.5372562780976295
2024-05-08 14:36:06,557 - mainlogger - INFO - Epoch 54  2.7219261936843395
2024-05-08 14:36:22,479 - mainlogger - INFO - Epoch 55  2.8266319446265697
2024-05-08 14:36:44,140 - mainlogger - INFO - Epoch 56  2.531553268432617
2024-05-08 14:36:56,656 - mainlogger - INFO - Epoch 57  2.6185711175203323
2024-05-08 14:37:17,893 - mainlogger - INFO - Epoch 58  2.380047954618931
2024-05-08 14:37:34,415 - mainlogger - INFO - Epoch 59  2.7790826857089996
2024-05-08 14:37:48,186 - mainlogger - INFO - Epoch 60  2.4576062858104706
2024-05-08 14:38:09,623 - mainlogger - INFO - Epoch 61  2.7118480317294598
2024-05-08 14:38:24,081 - mainlogger - INFO - Dice score: 0.5093
2024-05-08 14:38:24,082 - mainlogger - INFO - Accuracy: 0.9111
2024-05-08 14:38:59,712 - mainlogger - INFO - Dice score: 0.444
2024-05-08 14:38:59,712 - mainlogger - INFO - Accuracy: 0.9192
2024-05-08 14:39:12,163 - mainlogger - INFO - Epoch 62  2.4453240633010864
2024-05-08 14:39:30,934 - mainlogger - INFO - Epoch 63  2.2875311709940434
2024-05-08 14:39:49,243 - mainlogger - INFO - Epoch 64  2.380057740956545
2024-05-08 14:40:00,607 - mainlogger - INFO - Epoch 65  2.56553290784359
2024-05-08 14:40:23,804 - mainlogger - INFO - Epoch 66  2.401181310415268
2024-05-08 14:40:37,491 - mainlogger - INFO - Epoch 67  2.6445935033261776
2024-05-08 14:40:53,676 - mainlogger - INFO - Epoch 68  2.5430911406874657
2024-05-08 14:41:14,874 - mainlogger - INFO - Epoch 69  2.309249125421047
2024-05-08 14:41:27,020 - mainlogger - INFO - Epoch 70  2.424537666141987
2024-05-08 14:41:45,849 - mainlogger - INFO - Epoch 71  2.473896525800228
2024-05-08 14:42:05,470 - mainlogger - INFO - Dice score: 0.4015
2024-05-08 14:42:05,471 - mainlogger - INFO - Accuracy: 0.9065
2024-05-08 14:42:38,485 - mainlogger - INFO - Dice score: 0.3354
2024-05-08 14:42:38,485 - mainlogger - INFO - Accuracy: 0.9162
2024-05-08 14:42:53,164 - mainlogger - INFO - Epoch 72  2.4258302971720695
2024-05-08 14:43:07,160 - mainlogger - INFO - Epoch 73  2.4407816119492054
2024-05-08 14:43:27,375 - mainlogger - INFO - Epoch 74  2.3234982900321484
2024-05-08 14:43:41,432 - mainlogger - INFO - Epoch 75  2.2896156441420317
2024-05-08 14:44:00,079 - mainlogger - INFO - Epoch 76  2.282368330284953
2024-05-08 14:44:18,871 - mainlogger - INFO - Epoch 77  2.4190272837877274
2024-05-08 14:44:29,617 - mainlogger - INFO - Epoch 78  2.11730919405818
2024-05-08 14:44:53,016 - mainlogger - INFO - Epoch 79  2.1565260123461485
2024-05-08 14:45:07,562 - mainlogger - INFO - Epoch 80  2.021783523261547
2024-05-08 14:45:24,301 - mainlogger - INFO - Epoch 81  2.726025439798832
2024-05-08 14:45:46,667 - mainlogger - INFO - Dice score: 0.5193
2024-05-08 14:45:46,667 - mainlogger - INFO - Accuracy: 0.9144
2024-05-08 14:46:13,473 - mainlogger - INFO - Dice score: 0.4288
2024-05-08 14:46:13,473 - mainlogger - INFO - Accuracy: 0.921
2024-05-08 14:46:34,307 - mainlogger - INFO - Epoch 82  2.3548971004784107
2024-05-08 14:46:45,243 - mainlogger - INFO - Epoch 83  2.281259832903743
2024-05-08 14:47:06,885 - mainlogger - INFO - Epoch 84  2.1180732995271683
2024-05-08 14:47:22,602 - mainlogger - INFO - Epoch 85  2.135994277894497
2024-05-08 14:47:37,588 - mainlogger - INFO - Epoch 86  2.164683375507593
2024-05-08 14:47:59,435 - mainlogger - INFO - Epoch 87  2.508046429604292
2024-05-08 14:48:11,536 - mainlogger - INFO - Epoch 88  2.272761084139347
2024-05-08 14:48:31,022 - mainlogger - INFO - Epoch 89  2.305467411875725
2024-05-08 14:48:49,099 - mainlogger - INFO - Epoch 90  2.5971324406564236
2024-05-08 14:49:01,430 - mainlogger - INFO - Epoch 91  2.293050054460764
2024-05-08 14:49:25,440 - mainlogger - INFO - Dice score: 0.5709
2024-05-08 14:49:25,441 - mainlogger - INFO - Accuracy: 0.8975
2024-05-08 14:49:51,486 - mainlogger - INFO - Dice score: 0.5269
2024-05-08 14:49:51,486 - mainlogger - INFO - Accuracy: 0.8969
2024-05-08 14:50:12,539 - mainlogger - INFO - Epoch 92  2.587314710021019
2024-05-08 14:50:26,544 - mainlogger - INFO - Epoch 93  2.3472767639905214
2024-05-08 14:50:46,338 - mainlogger - INFO - Epoch 94  2.252589378505945
2024-05-08 14:51:04,477 - mainlogger - INFO - Epoch 95  2.31543680280447
2024-05-08 14:51:15,389 - mainlogger - INFO - Epoch 96  1.9960106946527958
2024-05-08 14:51:38,578 - mainlogger - INFO - Epoch 97  2.230870846658945
2024-05-08 14:51:52,947 - mainlogger - INFO - Epoch 98  2.3036374002695084
2024-05-08 14:52:07,631 - mainlogger - INFO - Epoch 99  2.1896231174468994
2024-05-08 14:52:30,785 - mainlogger - INFO - Dice score: 0.5204
2024-05-08 14:52:30,786 - mainlogger - INFO - Accuracy: 0.9162
2024-05-08 14:52:58,646 - mainlogger - INFO - Dice score: 0.4529
2024-05-08 14:52:58,646 - mainlogger - INFO - Accuracy: 0.9224
2024-05-08 14:52:58,647 - mainlogger - INFO - (95, 99)
2024-05-08 14:52:58,647 - mainlogger - INFO - 0.4375901322445775
