2024-05-08 13:29:22,871 - mainlogger - INFO - 12836
2024-05-08 13:29:22,871 - mainlogger - INFO - <class '__main__.UniversegPipeline'>
2024-05-08 13:29:22,871 - mainlogger - INFO - universeg_config/universeg_base.yaml
2024-05-08 13:29:22,871 - mainlogger - INFO - {'batch_size': 4, 'epochs': 100, 'k': 2, 'root_dir': '/home/4T/zcr/dataset/Dataset_BUSI', 'model': {'name': 'universeg.universeg.UniverSeg', 'args': {'encoder_blocks': [64, 128, 256, 512]}}, 'trainset': {'name': 'datasetBUSI.mask_busi.MaskBUSI', 'args': {'root_dir': '/home/4T/zcr/dataset/Dataset_BUSI', 'image_names_path': 'labeled20.txt', 'mode': 'train'}}, 'testset': {'name': 'datasetBUSI.mask_busi.MaskBUSI', 'args': {'root_dir': '/home/4T/zcr/dataset/Dataset_BUSI', 'image_names_path': 'test.txt', 'mode': 'test'}}, 'criterion': {'name': 'spgutils.focalloss.BinaryFocalLoss', 'args': {'gamma': 1}}, 'optimizer': {'name': 'torch.optim.Adam', 'args': {'lr': 0.0001}}, 'scheduler': {'name': 'torch.optim.lr_scheduler.StepLR', 'args': {'step_size': 1, 'gamma': 0.99}}}
2024-05-08 13:29:22,872 - mainlogger - INFO - 14.862839698791504
2024-05-08 13:29:42,965 - mainlogger - INFO - Epoch 0  4.129522733390331
2024-05-08 13:30:03,041 - mainlogger - INFO - Epoch 1  3.516207717359066
2024-05-08 13:30:21,436 - mainlogger - INFO - Dice score: 8.56e-06
2024-05-08 13:30:21,436 - mainlogger - INFO - Accuracy: 0.879
2024-05-08 13:30:52,019 - mainlogger - INFO - Dice score: 3.822e-16
2024-05-08 13:30:52,019 - mainlogger - INFO - Accuracy: 0.8997
2024-05-08 13:31:08,172 - mainlogger - INFO - Epoch 2  3.5855757519602776
2024-05-08 13:31:21,865 - mainlogger - INFO - Epoch 3  3.4299570992588997
2024-05-08 13:31:43,468 - mainlogger - INFO - Epoch 4  3.5499398186802864
2024-05-08 13:31:57,163 - mainlogger - INFO - Epoch 5  3.326601281762123
2024-05-08 13:32:16,635 - mainlogger - INFO - Epoch 6  3.357213392853737
2024-05-08 13:32:34,460 - mainlogger - INFO - Epoch 7  3.1802881732583046
2024-05-08 13:32:45,341 - mainlogger - INFO - Epoch 8  3.26702394336462
2024-05-08 13:33:07,167 - mainlogger - INFO - Epoch 9  3.340433284640312
2024-05-08 13:33:22,290 - mainlogger - INFO - Epoch 10  3.885579027235508
2024-05-08 13:33:36,644 - mainlogger - INFO - Epoch 11  3.375895969569683
2024-05-08 13:33:57,691 - mainlogger - INFO - Dice score: 0.03274
2024-05-08 13:33:57,692 - mainlogger - INFO - Accuracy: 0.8859
2024-05-08 13:34:24,105 - mainlogger - INFO - Dice score: 0.0207
2024-05-08 13:34:24,105 - mainlogger - INFO - Accuracy: 0.9006
2024-05-08 13:34:44,808 - mainlogger - INFO - Epoch 12  3.2504140064120293
2024-05-08 13:34:57,861 - mainlogger - INFO - Epoch 13  3.188940607011318
2024-05-08 13:35:16,466 - mainlogger - INFO - Epoch 14  3.2277876436710358
2024-05-08 13:35:34,879 - mainlogger - INFO - Epoch 15  3.5427708104252815
2024-05-08 13:35:47,029 - mainlogger - INFO - Epoch 16  3.153182789683342
2024-05-08 13:36:10,230 - mainlogger - INFO - Epoch 17  3.1828428506851196
2024-05-08 13:36:24,083 - mainlogger - INFO - Epoch 18  3.0157576203346252
2024-05-08 13:36:41,565 - mainlogger - INFO - Epoch 19  3.1259395256638527
2024-05-08 13:37:01,245 - mainlogger - INFO - Epoch 20  3.1209357921034098
2024-05-08 13:37:12,767 - mainlogger - INFO - Epoch 21  3.1357666477560997
2024-05-08 13:37:36,150 - mainlogger - INFO - Dice score: 0.2639
2024-05-08 13:37:36,150 - mainlogger - INFO - Accuracy: 0.8847
2024-05-08 13:38:00,325 - mainlogger - INFO - Dice score: 0.2271
2024-05-08 13:38:00,325 - mainlogger - INFO - Accuracy: 0.901
2024-05-08 13:38:23,342 - mainlogger - INFO - Epoch 22  2.9004132226109505
2024-05-08 13:38:37,644 - mainlogger - INFO - Epoch 23  3.1530634686350822
2024-05-08 13:38:54,288 - mainlogger - INFO - Epoch 24  2.88414416462183
2024-05-08 13:39:14,089 - mainlogger - INFO - Epoch 25  3.053026907145977
2024-05-08 13:39:26,529 - mainlogger - INFO - Epoch 26  2.9381837248802185
2024-05-08 13:39:46,591 - mainlogger - INFO - Epoch 27  3.4194430783391
2024-05-08 13:40:03,743 - mainlogger - INFO - Epoch 28  3.2769069895148277
2024-05-08 13:40:16,348 - mainlogger - INFO - Epoch 29  3.1180632263422012
2024-05-08 13:40:38,927 - mainlogger - INFO - Epoch 30  2.9401630759239197
2024-05-08 13:40:52,558 - mainlogger - INFO - Epoch 31  2.9708650037646294
2024-05-08 13:41:10,351 - mainlogger - INFO - Dice score: 0.3251
2024-05-08 13:41:10,351 - mainlogger - INFO - Accuracy: 0.8972
2024-05-08 13:41:38,325 - mainlogger - INFO - Dice score: 0.1783
2024-05-08 13:41:38,325 - mainlogger - INFO - Accuracy: 0.9032
2024-05-08 13:41:55,856 - mainlogger - INFO - Epoch 32  2.996978096663952
2024-05-08 13:42:15,370 - mainlogger - INFO - Epoch 33  2.8746771812438965
2024-05-08 13:42:27,146 - mainlogger - INFO - Epoch 34  2.6779737658798695
2024-05-08 13:42:51,333 - mainlogger - INFO - Epoch 35  2.6892288886010647
2024-05-08 13:43:05,267 - mainlogger - INFO - Epoch 36  2.922319609671831
2024-05-08 13:43:21,746 - mainlogger - INFO - Epoch 37  2.6952962204813957
2024-05-08 13:43:41,444 - mainlogger - INFO - Epoch 38  2.8833825662732124
2024-05-08 13:43:53,251 - mainlogger - INFO - Epoch 39  2.7707343362271786
2024-05-08 13:44:13,847 - mainlogger - INFO - Epoch 40  2.868122197687626
2024-05-08 13:44:30,675 - mainlogger - INFO - Epoch 41  2.930249772965908
2024-05-08 13:44:44,087 - mainlogger - INFO - Dice score: 0.5503
2024-05-08 13:44:44,091 - mainlogger - INFO - Accuracy: 0.9053
2024-05-08 13:45:17,367 - mainlogger - INFO - Dice score: 0.4422
2024-05-08 13:45:17,367 - mainlogger - INFO - Accuracy: 0.8984
2024-05-08 13:45:30,387 - mainlogger - INFO - Epoch 42  2.9561316072940826
2024-05-08 13:45:51,964 - mainlogger - INFO - Epoch 43  2.841486122459173
2024-05-08 13:46:05,475 - mainlogger - INFO - Epoch 44  2.713547546416521
2024-05-08 13:46:21,066 - mainlogger - INFO - Epoch 45  2.662157852202654
2024-05-08 13:46:41,006 - mainlogger - INFO - Epoch 46  2.5009666327387094
2024-05-08 13:46:53,728 - mainlogger - INFO - Epoch 47  2.8053488582372665
2024-05-08 13:47:13,419 - mainlogger - INFO - Epoch 48  2.6025366224348545
2024-05-08 13:47:31,777 - mainlogger - INFO - Epoch 49  2.5283535681664944
2024-05-08 13:47:44,260 - mainlogger - INFO - Epoch 50  2.5353803038597107
2024-05-08 13:48:06,212 - mainlogger - INFO - Epoch 51  2.4707369841635227
2024-05-08 13:48:20,333 - mainlogger - INFO - Dice score: 0.4999
2024-05-08 13:48:20,333 - mainlogger - INFO - Accuracy: 0.9064
2024-05-08 13:48:54,918 - mainlogger - INFO - Dice score: 0.4522
2024-05-08 13:48:54,918 - mainlogger - INFO - Accuracy: 0.9119
2024-05-08 13:49:06,894 - mainlogger - INFO - Epoch 52  2.5979434177279472
2024-05-08 13:49:28,454 - mainlogger - INFO - Epoch 53  2.5490741916000843
2024-05-08 13:49:45,072 - mainlogger - INFO - Epoch 54  2.661099761724472
2024-05-08 13:49:58,623 - mainlogger - INFO - Epoch 55  2.638396341353655
2024-05-08 13:50:20,813 - mainlogger - INFO - Epoch 56  2.3351274579763412
2024-05-08 13:50:33,771 - mainlogger - INFO - Epoch 57  2.4908111207187176
2024-05-08 13:50:52,129 - mainlogger - INFO - Epoch 58  2.3125381618738174
2024-05-08 13:51:11,520 - mainlogger - INFO - Epoch 59  2.716670800000429
2024-05-08 13:51:22,670 - mainlogger - INFO - Epoch 60  2.3750490695238113
2024-05-08 13:51:46,488 - mainlogger - INFO - Epoch 61  2.6482426077127457
2024-05-08 13:52:00,917 - mainlogger - INFO - Dice score: 0.4931
2024-05-08 13:52:00,918 - mainlogger - INFO - Accuracy: 0.9128
2024-05-08 13:52:33,890 - mainlogger - INFO - Dice score: 0.4169
2024-05-08 13:52:33,891 - mainlogger - INFO - Accuracy: 0.9205
2024-05-08 13:52:47,407 - mainlogger - INFO - Epoch 62  2.376275524497032
2024-05-08 13:53:03,806 - mainlogger - INFO - Epoch 63  2.1922585666179657
2024-05-08 13:53:24,824 - mainlogger - INFO - Epoch 64  2.2390900291502476
2024-05-08 13:53:35,718 - mainlogger - INFO - Epoch 65  2.5786680914461613
2024-05-08 13:53:57,349 - mainlogger - INFO - Epoch 66  2.266625802963972
2024-05-08 13:54:13,549 - mainlogger - INFO - Epoch 67  2.521623469889164
2024-05-08 13:54:28,629 - mainlogger - INFO - Epoch 68  2.3811486065387726
2024-05-08 13:54:50,794 - mainlogger - INFO - Epoch 69  2.2321319840848446
2024-05-08 13:55:03,629 - mainlogger - INFO - Epoch 70  2.3055112697184086
2024-05-08 13:55:24,330 - mainlogger - INFO - Epoch 71  2.312646536156535
2024-05-08 13:55:41,755 - mainlogger - INFO - Dice score: 0.4398
2024-05-08 13:55:41,756 - mainlogger - INFO - Accuracy: 0.9108
2024-05-08 13:56:13,139 - mainlogger - INFO - Dice score: 0.3684
2024-05-08 13:56:13,139 - mainlogger - INFO - Accuracy: 0.9194
2024-05-08 13:56:28,723 - mainlogger - INFO - Epoch 72  2.329791586846113
2024-05-08 13:56:45,261 - mainlogger - INFO - Epoch 73  2.3483329713344574
2024-05-08 13:57:05,668 - mainlogger - INFO - Epoch 74  2.1696545854210854
2024-05-08 13:57:17,766 - mainlogger - INFO - Epoch 75  2.153999086469412
2024-05-08 13:57:37,163 - mainlogger - INFO - Epoch 76  2.0961262732744217
2024-05-08 13:57:54,611 - mainlogger - INFO - Epoch 77  2.2327877208590508
2024-05-08 13:58:06,321 - mainlogger - INFO - Epoch 78  2.062290456146002
2024-05-08 13:58:29,095 - mainlogger - INFO - Epoch 79  1.9899468999356031
2024-05-08 13:58:43,011 - mainlogger - INFO - Epoch 80  1.8471759650856256
2024-05-08 13:58:58,755 - mainlogger - INFO - Epoch 81  2.4872593134641647
2024-05-08 13:59:21,717 - mainlogger - INFO - Dice score: 0.6285
2024-05-08 13:59:21,717 - mainlogger - INFO - Accuracy: 0.9266
2024-05-08 13:59:47,542 - mainlogger - INFO - Dice score: 0.5081
2024-05-08 13:59:47,543 - mainlogger - INFO - Accuracy: 0.9232
2024-05-08 14:00:09,155 - mainlogger - INFO - Epoch 82  2.2143111750483513
2024-05-08 14:00:20,871 - mainlogger - INFO - Epoch 83  2.065221043303609
2024-05-08 14:00:39,980 - mainlogger - INFO - Epoch 84  1.9367230739444494
2024-05-08 14:00:58,402 - mainlogger - INFO - Epoch 85  1.9396007806062698
2024-05-08 14:01:11,460 - mainlogger - INFO - Epoch 86  1.949480203911662
2024-05-08 14:01:33,569 - mainlogger - INFO - Epoch 87  2.3240831792354584
2024-05-08 14:01:47,142 - mainlogger - INFO - Epoch 88  2.1801342740654945
2024-05-08 14:02:02,344 - mainlogger - INFO - Epoch 89  2.108640782535076
2024-05-08 14:02:22,966 - mainlogger - INFO - Epoch 90  2.335791178047657
2024-05-08 14:02:35,691 - mainlogger - INFO - Epoch 91  2.0657251179218292
2024-05-08 14:02:58,177 - mainlogger - INFO - Dice score: 0.6136
2024-05-08 14:02:58,177 - mainlogger - INFO - Accuracy: 0.9098
2024-05-08 14:03:23,645 - mainlogger - INFO - Dice score: 0.5462
2024-05-08 14:03:23,645 - mainlogger - INFO - Accuracy: 0.9013
2024-05-08 14:03:44,622 - mainlogger - INFO - Epoch 92  2.306821182370186
2024-05-08 14:04:00,901 - mainlogger - INFO - Epoch 93  2.0729386135935783
2024-05-08 14:04:13,293 - mainlogger - INFO - Epoch 94  2.15320853702724
2024-05-08 14:04:35,190 - mainlogger - INFO - Epoch 95  2.115956012159586
2024-05-08 14:04:49,392 - mainlogger - INFO - Epoch 96  1.778840821236372
2024-05-08 14:05:06,761 - mainlogger - INFO - Epoch 97  1.950112722814083
2024-05-08 14:05:27,413 - mainlogger - INFO - Epoch 98  1.9410767182707787
2024-05-08 14:05:38,387 - mainlogger - INFO - Epoch 99  1.9127214550971985
2024-05-08 14:06:02,413 - mainlogger - INFO - Dice score: 0.5968
2024-05-08 14:06:02,413 - mainlogger - INFO - Accuracy: 0.9256
2024-05-08 14:06:25,604 - mainlogger - INFO - Dice score: 0.5132
2024-05-08 14:06:25,604 - mainlogger - INFO - Accuracy: 0.9276
2024-05-08 14:06:25,604 - mainlogger - INFO - (95, 99)
2024-05-08 14:06:25,604 - mainlogger - INFO - 0.4705726408433103
