2024-04-13 14:26:22,130 - mainlogger - INFO - 2662
2024-04-13 14:26:22,131 - mainlogger - INFO - config/eunet_fixmatch.yaml
2024-04-13 14:26:22,131 - mainlogger - INFO - {'batch_size': 8, 'epochs': 80, 'meta': '/home/4T/zcr/dataset/Dataset_BUSI', 'model': {'name': 'net.eunet.EUnet', 'args': {'ch_out': 1}}, 'trainset': {'name': 'datasetBUSI.mask_busi.MaskBUSI', 'args': {'root_dir': '/home/4T/zcr/dataset/Dataset_BUSI', 'image_names_path': 'labeled20.txt', 'mode': 'train'}}, 'trainset_u': {'name': 'datasetBUSI.w_s.WeakStrongBUSI', 'args': {'root_dir': '/home/4T/zcr/dataset/Dataset_BUSI', 'image_names_path': 'unlabeled20.txt', 'mode': 'train'}}, 'testset': {'name': 'datasetBUSI.mask_busi.MaskBUSI', 'args': {'root_dir': '/home/4T/zcr/dataset/Dataset_BUSI', 'image_names_path': 'test.txt', 'mode': 'test'}}, 'criterion': {'name': 'spgutils.focalloss.BinaryFocalLoss', 'args': {'reduction': None}}, 'optimizer': {'name': 'torch.optim.Adam', 'args': {'lr': 0.001}}, 'scheduler': {'name': 'torch.optim.lr_scheduler.StepLR', 'args': {'step_size': 1, 'gamma': 0.999}}}
2024-04-13 14:26:22,138 - mainlogger - INFO - 14.368911743164062
2024-04-13 14:26:40,148 - mainlogger - INFO - Epoch 0  18.441740214824677
2024-04-13 14:26:52,901 - mainlogger - INFO - Epoch 1  5.719155430793762
2024-04-13 14:27:01,012 - mainlogger - INFO - Dice score: 0.1412
2024-04-13 14:27:01,012 - mainlogger - INFO - Accuracy: 0.7841
2024-04-13 14:27:13,315 - mainlogger - INFO - Epoch 2  3.3053653687238693
2024-04-13 14:27:26,179 - mainlogger - INFO - Epoch 3  2.4122571796178818
2024-04-13 14:27:39,434 - mainlogger - INFO - Epoch 4  1.9297798424959183
2024-04-13 14:27:52,614 - mainlogger - INFO - Epoch 5  1.7647318243980408
2024-04-13 14:28:05,866 - mainlogger - INFO - Epoch 6  1.442536123096943
2024-04-13 14:28:18,570 - mainlogger - INFO - Epoch 7  1.4235857427120209
2024-04-13 14:28:31,227 - mainlogger - INFO - Epoch 8  1.197252556681633
2024-04-13 14:28:44,691 - mainlogger - INFO - Epoch 9  1.352958269417286
2024-04-13 14:28:57,985 - mainlogger - INFO - Epoch 10  1.3118140175938606
2024-04-13 14:29:11,425 - mainlogger - INFO - Epoch 11  1.2496953159570694
2024-04-13 14:29:19,225 - mainlogger - INFO - Dice score: 0.5435
2024-04-13 14:29:19,226 - mainlogger - INFO - Accuracy: 0.8729
2024-04-13 14:29:32,417 - mainlogger - INFO - Epoch 12  1.190233901143074
2024-04-13 14:29:45,748 - mainlogger - INFO - Epoch 13  1.0319246277213097
2024-04-13 14:29:59,137 - mainlogger - INFO - Epoch 14  1.3761559315025806
2024-04-13 14:30:12,079 - mainlogger - INFO - Epoch 15  1.610541857779026
2024-04-13 14:30:25,305 - mainlogger - INFO - Epoch 16  1.8199163004755974
2024-04-13 14:30:38,428 - mainlogger - INFO - Epoch 17  1.5238813906908035
2024-04-13 14:30:51,582 - mainlogger - INFO - Epoch 18  1.3568957969546318
2024-04-13 14:31:04,724 - mainlogger - INFO - Epoch 19  1.0104957893490791
2024-04-13 14:31:18,162 - mainlogger - INFO - Epoch 20  1.040486641228199
2024-04-13 14:31:30,594 - mainlogger - INFO - Epoch 21  1.0041784197092056
2024-04-13 14:31:38,041 - mainlogger - INFO - Dice score: 0.567
2024-04-13 14:31:38,042 - mainlogger - INFO - Accuracy: 0.9278
2024-04-13 14:31:51,136 - mainlogger - INFO - Epoch 22  1.02914322540164
2024-04-13 14:32:04,305 - mainlogger - INFO - Epoch 23  0.8797977231442928
2024-04-13 14:32:17,644 - mainlogger - INFO - Epoch 24  0.8245273530483246
2024-04-13 14:32:30,965 - mainlogger - INFO - Epoch 25  0.7633628882467747
2024-04-13 14:32:43,547 - mainlogger - INFO - Epoch 26  0.7368098795413971
2024-04-13 14:32:56,298 - mainlogger - INFO - Epoch 27  0.8829016275703907
2024-04-13 14:33:09,598 - mainlogger - INFO - Epoch 28  0.7818050719797611
2024-04-13 14:33:22,929 - mainlogger - INFO - Epoch 29  0.6651305109262466
2024-04-13 14:33:36,503 - mainlogger - INFO - Epoch 30  0.6296456754207611
2024-04-13 14:33:49,068 - mainlogger - INFO - Epoch 31  0.7119846343994141
2024-04-13 14:33:56,865 - mainlogger - INFO - Dice score: 0.5436
2024-04-13 14:33:56,865 - mainlogger - INFO - Accuracy: 0.9264
2024-04-13 14:34:10,302 - mainlogger - INFO - Epoch 32  0.6549995578825474
2024-04-13 14:34:23,307 - mainlogger - INFO - Epoch 33  0.6234447248280048
2024-04-13 14:34:36,747 - mainlogger - INFO - Epoch 34  0.6971550844609737
2024-04-13 14:34:50,078 - mainlogger - INFO - Epoch 35  0.6332320086658001
2024-04-13 14:35:03,353 - mainlogger - INFO - Epoch 36  0.6137174107134342
2024-04-13 14:35:16,981 - mainlogger - INFO - Epoch 37  0.604481678456068
2024-04-13 14:35:29,889 - mainlogger - INFO - Epoch 38  0.578705694526434
2024-04-13 14:35:42,767 - mainlogger - INFO - Epoch 39  0.5745173841714859
2024-04-13 14:35:56,142 - mainlogger - INFO - Epoch 40  0.6964969113469124
2024-04-13 14:36:09,357 - mainlogger - INFO - Epoch 41  0.5538702942430973
2024-04-13 14:36:16,971 - mainlogger - INFO - Dice score: 0.5695
2024-04-13 14:36:16,972 - mainlogger - INFO - Accuracy: 0.9347
2024-04-13 14:36:30,288 - mainlogger - INFO - Epoch 42  0.6024556420743465
2024-04-13 14:36:42,833 - mainlogger - INFO - Epoch 43  0.6391451992094517
2024-04-13 14:36:56,210 - mainlogger - INFO - Epoch 44  0.5796092189848423
2024-04-13 14:37:09,327 - mainlogger - INFO - Epoch 45  0.5607963316142559
2024-04-13 14:37:22,500 - mainlogger - INFO - Epoch 46  0.5401929207146168
2024-04-13 14:37:35,897 - mainlogger - INFO - Epoch 47  0.47235420905053616
2024-04-13 14:37:49,070 - mainlogger - INFO - Epoch 48  0.47645488381385803
2024-04-13 14:38:02,487 - mainlogger - INFO - Epoch 49  0.4850531481206417
2024-04-13 14:38:15,900 - mainlogger - INFO - Epoch 50  0.5582704469561577
2024-04-13 14:38:29,384 - mainlogger - INFO - Epoch 51  0.49644288420677185
2024-04-13 14:38:37,146 - mainlogger - INFO - Dice score: 0.6141
2024-04-13 14:38:37,146 - mainlogger - INFO - Accuracy: 0.9236
2024-04-13 14:38:50,469 - mainlogger - INFO - Epoch 52  0.49076106771826744
2024-04-13 14:39:03,187 - mainlogger - INFO - Epoch 53  0.4678752273321152
2024-04-13 14:39:16,412 - mainlogger - INFO - Epoch 54  0.504975002259016
2024-04-13 14:39:29,888 - mainlogger - INFO - Epoch 55  0.5252420753240585
2024-04-13 14:39:42,274 - mainlogger - INFO - Epoch 56  0.6032432205975056
2024-04-13 14:39:55,493 - mainlogger - INFO - Epoch 57  0.734918562695384
2024-04-13 14:40:08,472 - mainlogger - INFO - Epoch 58  0.7493876814842224
2024-04-13 14:40:21,115 - mainlogger - INFO - Epoch 59  0.566204022616148
2024-04-13 14:40:33,292 - mainlogger - INFO - Epoch 60  0.5373592860996723
2024-04-13 14:40:46,539 - mainlogger - INFO - Epoch 61  0.5428072344511747
2024-04-13 14:40:54,134 - mainlogger - INFO - Dice score: 0.6062
2024-04-13 14:40:54,134 - mainlogger - INFO - Accuracy: 0.9354
2024-04-13 14:41:07,780 - mainlogger - INFO - Epoch 62  0.5104613360017538
2024-04-13 14:41:21,137 - mainlogger - INFO - Epoch 63  0.5549375750124454
2024-04-13 14:41:34,757 - mainlogger - INFO - Epoch 64  0.4551455229520798
2024-04-13 14:41:47,164 - mainlogger - INFO - Epoch 65  0.407370962202549
2024-04-13 14:42:00,286 - mainlogger - INFO - Epoch 66  0.4076366499066353
2024-04-13 14:42:13,306 - mainlogger - INFO - Epoch 67  0.4409882966428995
2024-04-13 14:42:26,093 - mainlogger - INFO - Epoch 68  0.4167736154049635
2024-04-13 14:42:39,493 - mainlogger - INFO - Epoch 69  0.4789661895483732
2024-04-13 14:42:52,879 - mainlogger - INFO - Epoch 70  0.39507607743144035
2024-04-13 14:43:05,291 - mainlogger - INFO - Epoch 71  0.47358250617980957
2024-04-13 14:43:12,997 - mainlogger - INFO - Dice score: 0.6415
2024-04-13 14:43:12,997 - mainlogger - INFO - Accuracy: 0.9352
2024-04-13 14:43:25,970 - mainlogger - INFO - Epoch 72  0.4480173885822296
2024-04-13 14:43:39,041 - mainlogger - INFO - Epoch 73  0.5585861653089523
2024-04-13 14:43:52,229 - mainlogger - INFO - Epoch 74  0.4925909247249365
2024-04-13 14:44:05,598 - mainlogger - INFO - Epoch 75  0.41447052359580994
2024-04-13 14:44:18,780 - mainlogger - INFO - Epoch 76  0.40004929155111313
2024-04-13 14:44:31,981 - mainlogger - INFO - Epoch 77  0.44252869486808777
2024-04-13 14:44:45,217 - mainlogger - INFO - Epoch 78  0.5091527719050646
2024-04-13 14:44:58,293 - mainlogger - INFO - Epoch 79  0.4300358109176159
2024-04-13 14:45:05,933 - mainlogger - INFO - Dice score: 0.6136
2024-04-13 14:45:05,933 - mainlogger - INFO - Accuracy: 0.9323
2024-04-13 14:45:05,937 - mainlogger - INFO - (75, 79)
2024-04-13 14:45:05,937 - mainlogger - INFO - 0.6089853951238249
