2024-05-07 17:19:38,815 - mainlogger - INFO - 21644
2024-05-07 17:19:38,815 - mainlogger - INFO - <class '__main__.UniversegPipeline'>
2024-05-07 17:19:38,815 - mainlogger - INFO - config/universeg.yaml
2024-05-07 17:19:38,816 - mainlogger - INFO - {'batch_size': 8, 'epochs': 100, 'k': 5, 'root_dir': '/home/4T/zcr/dataset/Dataset_BUSI', 'model': {'name': 'universeg.universeg.UniverSeg', 'args': {'encoder_blocks': [32, 64, 128, 256]}}, 'trainset': {'name': 'datasetBUSI.mask_busi.MaskBUSI', 'args': {'root_dir': '/home/4T/zcr/dataset/Dataset_BUSI', 'image_names_path': 'demo.txt', 'mode': 'train'}}, 'testset': {'name': 'datasetBUSI.mask_busi.MaskBUSI', 'args': {'root_dir': '/home/4T/zcr/dataset/Dataset_BUSI', 'image_names_path': 'demo.txt', 'mode': 'test'}}, 'criterion': {'name': 'spgutils.focalloss.BinaryFocalLoss', 'args': {'gamma': 1}}, 'optimizer': {'name': 'torch.optim.Adam', 'args': {'lr': 0.001}}, 'scheduler': {'name': 'torch.optim.lr_scheduler.StepLR', 'args': {'step_size': 1, 'gamma': 0.99}}}
2024-05-07 17:19:38,822 - mainlogger - INFO - 3.725052833557129
2024-05-07 17:19:45,868 - mainlogger - INFO - Epoch 0  0.14433148503303528
2024-05-07 17:19:46,432 - mainlogger - INFO - Epoch 1  0.24716971814632416
2024-05-07 17:19:47,835 - mainlogger - INFO - Dice score: 0.03882
2024-05-07 17:19:47,836 - mainlogger - INFO - Accuracy: 0.02302
2024-05-07 17:19:49,003 - mainlogger - INFO - Epoch 2  2.089233875274658
2024-05-07 17:19:50,395 - mainlogger - INFO - Epoch 3  0.19351978600025177
2024-05-07 17:19:51,755 - mainlogger - INFO - Epoch 4  0.09265664219856262
2024-05-07 17:19:52,623 - mainlogger - INFO - Epoch 5  0.18741890788078308
2024-05-07 17:19:53,363 - mainlogger - INFO - Epoch 6  0.08960077166557312
2024-05-07 17:19:53,785 - mainlogger - INFO - Epoch 7  0.0960003212094307
2024-05-07 17:19:54,403 - mainlogger - INFO - Epoch 8  0.08012203872203827
2024-05-07 17:19:54,824 - mainlogger - INFO - Epoch 9  0.07979488372802734
2024-05-07 17:19:55,384 - mainlogger - INFO - Epoch 10  0.06388630717992783
2024-05-07 17:19:56,025 - mainlogger - INFO - Epoch 11  0.07456925511360168
2024-05-07 17:19:56,601 - mainlogger - INFO - Dice score: 1.263e-13
2024-05-07 17:19:56,601 - mainlogger - INFO - Accuracy: 0.9803
2024-05-07 17:19:57,065 - mainlogger - INFO - Epoch 12  0.05692197382450104
2024-05-07 17:19:57,719 - mainlogger - INFO - Epoch 13  0.050505656749010086
2024-05-07 17:19:58,529 - mainlogger - INFO - Epoch 14  0.0447307787835598
2024-05-07 17:19:59,116 - mainlogger - INFO - Epoch 15  0.059736475348472595
2024-05-07 17:19:59,626 - mainlogger - INFO - Epoch 16  0.05544115602970123
2024-05-07 17:20:00,129 - mainlogger - INFO - Epoch 17  0.035953275859355927
2024-05-07 17:20:00,712 - mainlogger - INFO - Epoch 18  0.04024993255734444
2024-05-07 17:20:01,405 - mainlogger - INFO - Epoch 19  0.04663074016571045
2024-05-07 17:20:02,047 - mainlogger - INFO - Epoch 20  0.03527200594544411
2024-05-07 17:20:02,629 - mainlogger - INFO - Epoch 21  0.04032168909907341
2024-05-07 17:20:03,342 - mainlogger - INFO - Dice score: 1.263e-13
2024-05-07 17:20:03,343 - mainlogger - INFO - Accuracy: 0.9803
2024-05-07 17:20:03,908 - mainlogger - INFO - Epoch 22  0.02569878101348877
2024-05-07 17:20:04,601 - mainlogger - INFO - Epoch 23  0.039911363273859024
2024-05-07 17:20:05,224 - mainlogger - INFO - Epoch 24  0.03024970181286335
2024-05-07 17:20:06,193 - mainlogger - INFO - Epoch 25  0.03668994456529617
2024-05-07 17:20:07,384 - mainlogger - INFO - Epoch 26  0.03021729364991188
2024-05-07 17:20:08,788 - mainlogger - INFO - Epoch 27  0.027629895135760307
2024-05-07 17:20:10,041 - mainlogger - INFO - Epoch 28  0.018683429807424545
2024-05-07 17:20:11,354 - mainlogger - INFO - Epoch 29  0.024692852050065994
2024-05-07 17:20:12,314 - mainlogger - INFO - Epoch 30  0.01625153049826622
2024-05-07 17:20:13,448 - mainlogger - INFO - Epoch 31  0.01843353360891342
2024-05-07 17:20:14,880 - mainlogger - INFO - Dice score: 1.263e-13
2024-05-07 17:20:14,880 - mainlogger - INFO - Accuracy: 0.9803
2024-05-07 17:20:15,997 - mainlogger - INFO - Epoch 32  0.021805616095662117
2024-05-07 17:20:17,306 - mainlogger - INFO - Epoch 33  0.016471846029162407
2024-05-07 17:20:18,475 - mainlogger - INFO - Epoch 34  0.01923838071525097
2024-05-07 17:20:19,402 - mainlogger - INFO - Epoch 35  0.019903356209397316
2024-05-07 17:20:20,510 - mainlogger - INFO - Epoch 36  0.012388010509312153
2024-05-07 17:20:21,796 - mainlogger - INFO - Epoch 37  0.01041637733578682
2024-05-07 17:20:23,174 - mainlogger - INFO - Epoch 38  0.010853386484086514
2024-05-07 17:20:24,447 - mainlogger - INFO - Epoch 39  0.00558070233091712
2024-05-07 17:20:25,593 - mainlogger - INFO - Epoch 40  0.014769033528864384
2024-05-07 17:20:26,751 - mainlogger - INFO - Epoch 41  0.005599980242550373
2024-05-07 17:20:27,983 - mainlogger - INFO - Dice score: 0.8471
2024-05-07 17:20:27,983 - mainlogger - INFO - Accuracy: 0.9948
2024-05-07 17:20:28,920 - mainlogger - INFO - Epoch 42  0.006551280152052641
2024-05-07 17:20:30,042 - mainlogger - INFO - Epoch 43  0.0048406096175313
2024-05-07 17:20:31,428 - mainlogger - INFO - Epoch 44  0.005233445204794407
2024-05-07 17:20:32,536 - mainlogger - INFO - Epoch 45  0.00853653158992529
2024-05-07 17:20:33,187 - mainlogger - INFO - Epoch 46  0.004899592604488134
2024-05-07 17:20:33,756 - mainlogger - INFO - Epoch 47  0.00463961623609066
2024-05-07 17:20:34,564 - mainlogger - INFO - Epoch 48  0.004032839555293322
2024-05-07 17:20:35,079 - mainlogger - INFO - Epoch 49  0.00287887011654675
2024-05-07 17:20:36,222 - mainlogger - INFO - Epoch 50  0.00906457845121622
2024-05-07 17:20:37,411 - mainlogger - INFO - Epoch 51  0.005082614254206419
2024-05-07 17:20:38,673 - mainlogger - INFO - Dice score: 0.9123
2024-05-07 17:20:38,674 - mainlogger - INFO - Accuracy: 0.9966
2024-05-07 17:20:40,007 - mainlogger - INFO - Epoch 52  0.0037495167925953865
2024-05-07 17:20:40,830 - mainlogger - INFO - Epoch 53  0.005402333103120327
2024-05-07 17:20:41,444 - mainlogger - INFO - Epoch 54  0.006457191426306963
2024-05-07 17:20:42,121 - mainlogger - INFO - Epoch 55  0.002498640911653638
2024-05-07 17:20:42,705 - mainlogger - INFO - Epoch 56  0.007025494705885649
2024-05-07 17:20:43,400 - mainlogger - INFO - Epoch 57  0.004157184157520533
2024-05-07 17:20:43,826 - mainlogger - INFO - Epoch 58  0.0027717379853129387
2024-05-07 17:20:44,440 - mainlogger - INFO - Epoch 59  0.007645442616194487
2024-05-07 17:20:44,913 - mainlogger - INFO - Epoch 60  0.004613276105374098
2024-05-07 17:20:45,507 - mainlogger - INFO - Epoch 61  0.007238003425300121
2024-05-07 17:20:46,126 - mainlogger - INFO - Dice score: 0.846
2024-05-07 17:20:46,126 - mainlogger - INFO - Accuracy: 0.9939
2024-05-07 17:20:46,591 - mainlogger - INFO - Epoch 62  0.006000921130180359
2024-05-07 17:20:47,418 - mainlogger - INFO - Epoch 63  0.0499308742582798
2024-05-07 17:20:48,128 - mainlogger - INFO - Epoch 64  0.010806013830006123
2024-05-07 17:20:48,699 - mainlogger - INFO - Epoch 65  0.016346756368875504
2024-05-07 17:20:49,184 - mainlogger - INFO - Epoch 66  0.015476645901799202
2024-05-07 17:20:49,929 - mainlogger - INFO - Epoch 67  0.016189027577638626
2024-05-07 17:20:50,356 - mainlogger - INFO - Epoch 68  0.00910953525453806
2024-05-07 17:20:51,005 - mainlogger - INFO - Epoch 69  0.00939431693404913
2024-05-07 17:20:51,604 - mainlogger - INFO - Epoch 70  0.011918064206838608
2024-05-07 17:20:52,249 - mainlogger - INFO - Epoch 71  0.009065091609954834
2024-05-07 17:20:52,763 - mainlogger - INFO - Dice score: 0.9016
2024-05-07 17:20:52,764 - mainlogger - INFO - Accuracy: 0.9961
2024-05-07 17:20:53,202 - mainlogger - INFO - Epoch 72  0.008337032049894333
2024-05-07 17:20:53,827 - mainlogger - INFO - Epoch 73  0.008810082450509071
2024-05-07 17:20:54,630 - mainlogger - INFO - Epoch 74  0.0067518544383347034
2024-05-07 17:20:55,917 - mainlogger - INFO - Epoch 75  0.004929068963974714
2024-05-07 17:20:57,378 - mainlogger - INFO - Epoch 76  0.005287599749863148
2024-05-07 17:20:58,574 - mainlogger - INFO - Epoch 77  0.003965053707361221
2024-05-07 17:20:59,881 - mainlogger - INFO - Epoch 78  0.003943822346627712
2024-05-07 17:21:00,894 - mainlogger - INFO - Epoch 79  0.003740806831046939
2024-05-07 17:21:02,246 - mainlogger - INFO - Epoch 80  0.004042388871312141
2024-05-07 17:21:03,399 - mainlogger - INFO - Epoch 81  0.0028807581402361393
2024-05-07 17:21:04,801 - mainlogger - INFO - Dice score: 0.9422
2024-05-07 17:21:04,801 - mainlogger - INFO - Accuracy: 0.9978
2024-05-07 17:21:06,125 - mainlogger - INFO - Epoch 82  0.0029739104211330414
2024-05-07 17:21:07,335 - mainlogger - INFO - Epoch 83  0.002670910442247987
2024-05-07 17:21:08,589 - mainlogger - INFO - Epoch 84  0.005631876178085804
2024-05-07 17:21:09,902 - mainlogger - INFO - Epoch 85  1.5435829162597656
2024-05-07 17:21:11,102 - mainlogger - INFO - Epoch 86  0.14031048119068146
2024-05-07 17:21:12,259 - mainlogger - INFO - Epoch 87  0.02104366011917591
2024-05-07 17:21:13,542 - mainlogger - INFO - Epoch 88  0.00949441734701395
2024-05-07 17:21:14,915 - mainlogger - INFO - Epoch 89  0.01518364530056715
2024-05-07 17:21:16,196 - mainlogger - INFO - Epoch 90  0.019156187772750854
2024-05-07 17:21:17,498 - mainlogger - INFO - Epoch 91  0.04690013825893402
2024-05-07 17:21:18,758 - mainlogger - INFO - Dice score: 0.2969
2024-05-07 17:21:18,758 - mainlogger - INFO - Accuracy: 0.9729
2024-05-07 17:21:20,220 - mainlogger - INFO - Epoch 92  0.03681628033518791
2024-05-07 17:21:21,535 - mainlogger - INFO - Epoch 93  0.03309781104326248
2024-05-07 17:21:22,140 - mainlogger - INFO - Epoch 94  0.04678405821323395
2024-05-07 17:21:22,887 - mainlogger - INFO - Epoch 95  0.042351800948381424
2024-05-07 17:21:23,369 - mainlogger - INFO - Epoch 96  0.050152603536844254
2024-05-07 17:21:24,425 - mainlogger - INFO - Epoch 97  0.04594583436846733
2024-05-07 17:21:25,748 - mainlogger - INFO - Epoch 98  0.0374440960586071
2024-05-07 17:21:27,083 - mainlogger - INFO - Epoch 99  0.052775558084249496
2024-05-07 17:21:28,269 - mainlogger - INFO - Dice score: 0.2825
2024-05-07 17:21:28,270 - mainlogger - INFO - Accuracy: 0.9767
2024-05-07 17:21:28,277 - mainlogger - INFO - (77, 81)
2024-05-07 17:21:28,277 - mainlogger - INFO - 0.889847338357195
