2024-05-08 18:42:01,188 - mainlogger - INFO - 30303
2024-05-08 18:42:01,188 - mainlogger - INFO - <class '__main__.Supervised'>
2024-05-08 18:42:01,188 - mainlogger - INFO - config/eunet20.yaml
2024-05-08 18:42:01,188 - mainlogger - INFO - {'batch_size': 8, 'epochs': 100, 'root_dir': '/home/4T/zcr/dataset/Dataset_BUSI', 'model': {'name': 'net.eunet.EUnet', 'args': {'ch_out': 1}}, 'trainset': {'name': 'datasetBUSI.mask_busi.MaskBUSI', 'args': {'root_dir': '/home/4T/zcr/dataset/Dataset_BUSI', 'image_names_path': 'labeled20.txt', 'mode': 'train'}}, 'testset': {'name': 'datasetBUSI.mask_busi.MaskBUSI', 'args': {'root_dir': '/home/4T/zcr/dataset/Dataset_BUSI', 'image_names_path': 'test.txt', 'mode': 'test'}}, 'criterion': {'name': 'spgutils.focalloss.BinaryFocalLoss', 'args': {'gamma': 1}}, 'optimizer': {'name': 'torch.optim.Adam', 'args': {'lr': 0.001}}, 'scheduler': {'name': 'torch.optim.lr_scheduler.StepLR', 'args': {'step_size': 1, 'gamma': 0.99}}}
2024-05-08 18:42:01,189 - mainlogger - INFO - 14.368911743164062
2024-05-08 18:42:06,949 - mainlogger - INFO - Epoch 0  5.7873325645923615
2024-05-08 18:42:08,614 - mainlogger - INFO - Epoch 1  2.7719013392925262
2024-05-08 18:42:10,550 - mainlogger - INFO - Dice score: 0.04659
2024-05-08 18:42:10,550 - mainlogger - INFO - Accuracy: 0.8474
2024-05-08 18:42:13,774 - mainlogger - INFO - Dice score: 0.01879
2024-05-08 18:42:13,774 - mainlogger - INFO - Accuracy: 0.8613
2024-05-08 18:42:15,632 - mainlogger - INFO - Epoch 2  2.3941705375909805
2024-05-08 18:42:17,459 - mainlogger - INFO - Epoch 3  2.103899694979191
2024-05-08 18:42:19,096 - mainlogger - INFO - Epoch 4  2.0007372573018074
2024-05-08 18:42:20,733 - mainlogger - INFO - Epoch 5  1.9464852064847946
2024-05-08 18:42:22,363 - mainlogger - INFO - Epoch 6  1.7433070465922356
2024-05-08 18:42:24,061 - mainlogger - INFO - Epoch 7  1.76033616065979
2024-05-08 18:42:25,689 - mainlogger - INFO - Epoch 8  1.768929086625576
2024-05-08 18:42:27,305 - mainlogger - INFO - Epoch 9  1.5994086489081383
2024-05-08 18:42:28,889 - mainlogger - INFO - Epoch 10  1.4375751316547394
2024-05-08 18:42:30,531 - mainlogger - INFO - Epoch 11  1.5559730529785156
2024-05-08 18:42:32,384 - mainlogger - INFO - Dice score: 0.4994
2024-05-08 18:42:32,384 - mainlogger - INFO - Accuracy: 0.8873
2024-05-08 18:42:35,432 - mainlogger - INFO - Dice score: 0.3985
2024-05-08 18:42:35,432 - mainlogger - INFO - Accuracy: 0.8867
2024-05-08 18:42:37,089 - mainlogger - INFO - Epoch 12  1.554801844060421
2024-05-08 18:42:38,719 - mainlogger - INFO - Epoch 13  1.4480949491262436
2024-05-08 18:42:40,342 - mainlogger - INFO - Epoch 14  1.3548202067613602
2024-05-08 18:42:41,940 - mainlogger - INFO - Epoch 15  1.1584287285804749
2024-05-08 18:42:43,565 - mainlogger - INFO - Epoch 16  1.3338862657546997
2024-05-08 18:42:45,171 - mainlogger - INFO - Epoch 17  1.4594475887715816
2024-05-08 18:42:46,782 - mainlogger - INFO - Epoch 18  1.0722601339221
2024-05-08 18:42:48,381 - mainlogger - INFO - Epoch 19  1.096092477440834
2024-05-08 18:42:49,993 - mainlogger - INFO - Epoch 20  1.1192531138658524
2024-05-08 18:42:51,599 - mainlogger - INFO - Epoch 21  1.1292970068752766
2024-05-08 18:42:53,441 - mainlogger - INFO - Dice score: 0.5945
2024-05-08 18:42:53,441 - mainlogger - INFO - Accuracy: 0.9172
2024-05-08 18:42:56,468 - mainlogger - INFO - Dice score: 0.5077
2024-05-08 18:42:56,468 - mainlogger - INFO - Accuracy: 0.9103
2024-05-08 18:42:58,059 - mainlogger - INFO - Epoch 22  1.113649182021618
2024-05-08 18:42:59,691 - mainlogger - INFO - Epoch 23  1.0130266696214676
2024-05-08 18:43:01,438 - mainlogger - INFO - Epoch 24  1.002157285809517
2024-05-08 18:43:03,092 - mainlogger - INFO - Epoch 25  1.029437780380249
2024-05-08 18:43:04,851 - mainlogger - INFO - Epoch 26  0.9280117265880108
2024-05-08 18:43:06,483 - mainlogger - INFO - Epoch 27  1.0374392718076706
2024-05-08 18:43:08,100 - mainlogger - INFO - Epoch 28  1.1053006686270237
2024-05-08 18:43:09,799 - mainlogger - INFO - Epoch 29  1.134967714548111
2024-05-08 18:43:11,424 - mainlogger - INFO - Epoch 30  1.0997896455228329
2024-05-08 18:43:13,028 - mainlogger - INFO - Epoch 31  1.1750581078231335
2024-05-08 18:43:14,883 - mainlogger - INFO - Dice score: 0.6232
2024-05-08 18:43:14,883 - mainlogger - INFO - Accuracy: 0.9165
2024-05-08 18:43:17,899 - mainlogger - INFO - Dice score: 0.513
2024-05-08 18:43:17,899 - mainlogger - INFO - Accuracy: 0.9103
2024-05-08 18:43:19,547 - mainlogger - INFO - Epoch 32  0.9333289563655853
2024-05-08 18:43:21,173 - mainlogger - INFO - Epoch 33  1.091918956488371
2024-05-08 18:43:22,784 - mainlogger - INFO - Epoch 34  0.8548389747738838
2024-05-08 18:43:24,375 - mainlogger - INFO - Epoch 35  0.8973755277693272
2024-05-08 18:43:26,006 - mainlogger - INFO - Epoch 36  0.7895675301551819
2024-05-08 18:43:27,612 - mainlogger - INFO - Epoch 37  0.9373958110809326
2024-05-08 18:43:29,223 - mainlogger - INFO - Epoch 38  0.7214599475264549
2024-05-08 18:43:30,843 - mainlogger - INFO - Epoch 39  0.7727280855178833
2024-05-08 18:43:32,461 - mainlogger - INFO - Epoch 40  0.8556690886616707
2024-05-08 18:43:34,069 - mainlogger - INFO - Epoch 41  0.8792875520884991
2024-05-08 18:43:35,925 - mainlogger - INFO - Dice score: 0.7346
2024-05-08 18:43:35,925 - mainlogger - INFO - Accuracy: 0.9404
2024-05-08 18:43:38,975 - mainlogger - INFO - Dice score: 0.5556
2024-05-08 18:43:38,975 - mainlogger - INFO - Accuracy: 0.9112
2024-05-08 18:43:40,589 - mainlogger - INFO - Epoch 42  0.8514549843966961
2024-05-08 18:43:42,186 - mainlogger - INFO - Epoch 43  0.7925560623407364
2024-05-08 18:43:43,784 - mainlogger - INFO - Epoch 44  0.8175288438796997
2024-05-08 18:43:45,434 - mainlogger - INFO - Epoch 45  0.8347196094691753
2024-05-08 18:43:47,022 - mainlogger - INFO - Epoch 46  0.8591525591909885
2024-05-08 18:43:48,623 - mainlogger - INFO - Epoch 47  0.8254613168537617
2024-05-08 18:43:50,235 - mainlogger - INFO - Epoch 48  0.7659683004021645
2024-05-08 18:43:51,832 - mainlogger - INFO - Epoch 49  0.8203808590769768
2024-05-08 18:43:53,422 - mainlogger - INFO - Epoch 50  0.763527411967516
2024-05-08 18:43:55,118 - mainlogger - INFO - Epoch 51  0.7313816100358963
2024-05-08 18:43:57,182 - mainlogger - INFO - Dice score: 0.7681
2024-05-08 18:43:57,183 - mainlogger - INFO - Accuracy: 0.946
2024-05-08 18:44:00,237 - mainlogger - INFO - Dice score: 0.5568
2024-05-08 18:44:00,237 - mainlogger - INFO - Accuracy: 0.9182
2024-05-08 18:44:01,854 - mainlogger - INFO - Epoch 52  0.7765895426273346
2024-05-08 18:44:03,466 - mainlogger - INFO - Epoch 53  0.7712477333843708
2024-05-08 18:44:05,089 - mainlogger - INFO - Epoch 54  0.7755238935351372
2024-05-08 18:44:06,717 - mainlogger - INFO - Epoch 55  0.6868538744747639
2024-05-08 18:44:08,318 - mainlogger - INFO - Epoch 56  0.7482778429985046
2024-05-08 18:44:09,921 - mainlogger - INFO - Epoch 57  0.7771164327859879
2024-05-08 18:44:11,543 - mainlogger - INFO - Epoch 58  0.7805163115262985
2024-05-08 18:44:13,146 - mainlogger - INFO - Epoch 59  0.58802355453372
2024-05-08 18:44:14,751 - mainlogger - INFO - Epoch 60  0.7134363315999508
2024-05-08 18:44:16,353 - mainlogger - INFO - Epoch 61  0.6945731416344643
2024-05-08 18:44:18,213 - mainlogger - INFO - Dice score: 0.8053
2024-05-08 18:44:18,213 - mainlogger - INFO - Accuracy: 0.9561
2024-05-08 18:44:21,263 - mainlogger - INFO - Dice score: 0.5659
2024-05-08 18:44:21,263 - mainlogger - INFO - Accuracy: 0.9215
2024-05-08 18:44:22,852 - mainlogger - INFO - Epoch 62  0.7009056881070137
2024-05-08 18:44:24,482 - mainlogger - INFO - Epoch 63  0.6687336042523384
2024-05-08 18:44:26,095 - mainlogger - INFO - Epoch 64  0.5929502286016941
2024-05-08 18:44:27,709 - mainlogger - INFO - Epoch 65  0.5488635376095772
2024-05-08 18:44:29,295 - mainlogger - INFO - Epoch 66  0.8497581332921982
2024-05-08 18:44:30,888 - mainlogger - INFO - Epoch 67  0.8342181518673897
2024-05-08 18:44:32,483 - mainlogger - INFO - Epoch 68  0.7232833877205849
2024-05-08 18:44:34,098 - mainlogger - INFO - Epoch 69  0.707070853561163
2024-05-08 18:44:35,704 - mainlogger - INFO - Epoch 70  0.6811188869178295
2024-05-08 18:44:37,378 - mainlogger - INFO - Epoch 71  0.5313728414475918
2024-05-08 18:44:39,191 - mainlogger - INFO - Dice score: 0.8424
2024-05-08 18:44:39,191 - mainlogger - INFO - Accuracy: 0.9633
2024-05-08 18:44:42,212 - mainlogger - INFO - Dice score: 0.5997
2024-05-08 18:44:42,212 - mainlogger - INFO - Accuracy: 0.9283
2024-05-08 18:44:43,844 - mainlogger - INFO - Epoch 72  0.5326928179711103
2024-05-08 18:44:45,442 - mainlogger - INFO - Epoch 73  0.5370827242732048
2024-05-08 18:44:47,030 - mainlogger - INFO - Epoch 74  0.7691921330988407
2024-05-08 18:44:48,687 - mainlogger - INFO - Epoch 75  0.7036606185138226
2024-05-08 18:44:50,284 - mainlogger - INFO - Epoch 76  0.5346781089901924
2024-05-08 18:44:51,868 - mainlogger - INFO - Epoch 77  0.5640161298215389
2024-05-08 18:44:53,488 - mainlogger - INFO - Epoch 78  0.572280528023839
2024-05-08 18:44:55,117 - mainlogger - INFO - Epoch 79  0.5498222708702087
2024-05-08 18:44:56,712 - mainlogger - INFO - Epoch 80  0.4741204921156168
2024-05-08 18:44:58,308 - mainlogger - INFO - Epoch 81  0.5200761649757624
2024-05-08 18:45:00,135 - mainlogger - INFO - Dice score: 0.8764
2024-05-08 18:45:00,136 - mainlogger - INFO - Accuracy: 0.9701
2024-05-08 18:45:03,146 - mainlogger - INFO - Dice score: 0.6048
2024-05-08 18:45:03,146 - mainlogger - INFO - Accuracy: 0.9205
2024-05-08 18:45:04,810 - mainlogger - INFO - Epoch 82  0.47921862453222275
2024-05-08 18:45:06,402 - mainlogger - INFO - Epoch 83  0.4959542779251933
2024-05-08 18:45:08,001 - mainlogger - INFO - Epoch 84  0.5618263632059097
2024-05-08 18:45:09,642 - mainlogger - INFO - Epoch 85  0.49537014216184616
2024-05-08 18:45:11,235 - mainlogger - INFO - Epoch 86  0.6790668498724699
2024-05-08 18:45:12,830 - mainlogger - INFO - Epoch 87  0.6817227862775326
2024-05-08 18:45:14,439 - mainlogger - INFO - Epoch 88  0.5797110199928284
2024-05-08 18:45:16,063 - mainlogger - INFO - Epoch 89  0.49100949615240097
2024-05-08 18:45:17,652 - mainlogger - INFO - Epoch 90  0.43015069141983986
2024-05-08 18:45:19,301 - mainlogger - INFO - Epoch 91  0.48028822243213654
2024-05-08 18:45:21,133 - mainlogger - INFO - Dice score: 0.8675
2024-05-08 18:45:21,133 - mainlogger - INFO - Accuracy: 0.9684
2024-05-08 18:45:24,162 - mainlogger - INFO - Dice score: 0.6106
2024-05-08 18:45:24,163 - mainlogger - INFO - Accuracy: 0.9261
2024-05-08 18:45:25,785 - mainlogger - INFO - Epoch 92  0.42978187650442123
2024-05-08 18:45:27,387 - mainlogger - INFO - Epoch 93  0.4868286233395338
2024-05-08 18:45:28,977 - mainlogger - INFO - Epoch 94  0.48288450576364994
2024-05-08 18:45:30,586 - mainlogger - INFO - Epoch 95  0.4583339858800173
2024-05-08 18:45:32,194 - mainlogger - INFO - Epoch 96  0.4030576553195715
2024-05-08 18:45:33,791 - mainlogger - INFO - Epoch 97  0.43968906067311764
2024-05-08 18:45:35,401 - mainlogger - INFO - Epoch 98  0.5468177311122417
2024-05-08 18:45:37,007 - mainlogger - INFO - Epoch 99  0.5462469849735498
2024-05-08 18:45:38,789 - mainlogger - INFO - Dice score: 0.8585
2024-05-08 18:45:38,789 - mainlogger - INFO - Accuracy: 0.9667
2024-05-08 18:45:41,773 - mainlogger - INFO - Dice score: 0.5626
2024-05-08 18:45:41,773 - mainlogger - INFO - Accuracy: 0.9228
2024-05-08 18:45:41,773 - mainlogger - INFO - (95, 99)
2024-05-08 18:45:41,774 - mainlogger - INFO - 0.5887303895222888
