2024-04-13 16:15:03,030 - mainlogger - INFO - 11522
2024-04-13 16:15:03,030 - mainlogger - INFO - ./config/eunet_fixmatch.yaml
2024-04-13 16:15:03,030 - mainlogger - INFO - {'batch_size': 8, 'epochs': 200, 'meta': '/home/4T/zcr/dataset/Dataset_BUSI', 'model': {'name': 'net.eunet.EUnet', 'args': {'ch_out': 1}}, 'trainset': {'name': 'datasetBUSI.mask_busi.MaskBUSI', 'args': {'root_dir': '/home/4T/zcr/dataset/Dataset_BUSI', 'image_names_path': 'labeled20.txt', 'mode': 'train'}}, 'trainset_u': {'name': 'datasetBUSI.w_s.WeakStrongBUSI', 'args': {'root_dir': '/home/4T/zcr/dataset/Dataset_BUSI', 'image_names_path': 'unlabeled20.txt', 'mode': 'train'}}, 'testset': {'name': 'datasetBUSI.mask_busi.MaskBUSI', 'args': {'root_dir': '/home/4T/zcr/dataset/Dataset_BUSI', 'image_names_path': 'test.txt', 'mode': 'test'}}, 'criterion': {'name': 'spgutils.focalloss.BinaryFocalLoss', 'args': {'reduction': None}}, 'optimizer': {'name': 'torch.optim.Adam', 'args': {'lr': 0.001}}, 'scheduler': {'name': 'torch.optim.lr_scheduler.StepLR', 'args': {'step_size': 1, 'gamma': 0.999}}}
2024-04-13 16:15:03,031 - mainlogger - INFO - 14.368911743164062
2024-04-13 16:15:20,378 - mainlogger - INFO - Epoch 0:23.218007683753967
2024-04-13 16:15:33,364 - mainlogger - INFO - Epoch 1:5.83157017827034
2024-04-13 16:15:41,452 - mainlogger - INFO - Dice score: 0.1714
2024-04-13 16:15:41,452 - mainlogger - INFO - Accuracy: 0.7914
2024-04-13 16:15:53,448 - mainlogger - INFO - Epoch 2:3.0807018131017685
2024-04-13 16:16:06,517 - mainlogger - INFO - Epoch 3:2.3835368901491165
2024-04-13 16:16:19,557 - mainlogger - INFO - Epoch 4:2.159591242671013
2024-04-13 16:16:32,752 - mainlogger - INFO - Epoch 5:2.057464435696602
2024-04-13 16:16:45,384 - mainlogger - INFO - Epoch 6:1.8195797502994537
2024-04-13 16:16:58,153 - mainlogger - INFO - Epoch 7:1.815007969737053
2024-04-13 16:17:11,244 - mainlogger - INFO - Epoch 8:1.4953835755586624
2024-04-13 16:17:24,542 - mainlogger - INFO - Epoch 9:1.44895800948143
2024-04-13 16:17:37,832 - mainlogger - INFO - Epoch 10:1.2767749279737473
2024-04-13 16:17:50,913 - mainlogger - INFO - Epoch 11:1.3067592233419418
2024-04-13 16:17:57,774 - mainlogger - INFO - Dice score: 0.5373
2024-04-13 16:17:57,774 - mainlogger - INFO - Accuracy: 0.9235
2024-04-13 16:18:10,708 - mainlogger - INFO - Epoch 12:1.344164714217186
2024-04-13 16:18:23,531 - mainlogger - INFO - Epoch 13:1.353503704071045
2024-04-13 16:18:36,610 - mainlogger - INFO - Epoch 14:1.4396157264709473
2024-04-13 16:18:49,884 - mainlogger - INFO - Epoch 15:1.1918207854032516
2024-04-13 16:19:03,052 - mainlogger - INFO - Epoch 16:1.4277426451444626
2024-04-13 16:19:15,196 - mainlogger - INFO - Epoch 17:1.271899163722992
2024-04-13 16:19:27,773 - mainlogger - INFO - Epoch 18:1.209073394536972
2024-04-13 16:19:40,661 - mainlogger - INFO - Epoch 19:1.0436599180102348
2024-04-13 16:19:53,278 - mainlogger - INFO - Epoch 20:1.1074410006403923
2024-04-13 16:20:06,295 - mainlogger - INFO - Epoch 21:1.0555149167776108
2024-04-13 16:20:13,839 - mainlogger - INFO - Dice score: 0.5534
2024-04-13 16:20:13,839 - mainlogger - INFO - Accuracy: 0.9133
2024-04-13 16:20:26,795 - mainlogger - INFO - Epoch 22:1.0671259835362434
2024-04-13 16:20:39,976 - mainlogger - INFO - Epoch 23:0.9387869648635387
2024-04-13 16:20:53,342 - mainlogger - INFO - Epoch 24:0.8567390702664852
2024-04-13 16:21:06,529 - mainlogger - INFO - Epoch 25:0.7943655587732792
2024-04-13 16:21:19,336 - mainlogger - INFO - Epoch 26:0.7005174979567528
2024-04-13 16:21:32,337 - mainlogger - INFO - Epoch 27:0.8776592016220093
2024-04-13 16:21:45,442 - mainlogger - INFO - Epoch 28:0.9667149558663368
2024-04-13 16:21:56,646 - mainlogger - INFO - Epoch 29:0.975651316344738
2024-04-13 16:22:09,547 - mainlogger - INFO - Epoch 30:0.7353516258299351
2024-04-13 16:22:22,848 - mainlogger - INFO - Epoch 31:0.825813252478838
2024-04-13 16:22:30,490 - mainlogger - INFO - Dice score: 0.5531
2024-04-13 16:22:30,490 - mainlogger - INFO - Accuracy: 0.9253
2024-04-13 16:22:43,731 - mainlogger - INFO - Epoch 32:0.718085091561079
2024-04-13 16:22:56,468 - mainlogger - INFO - Epoch 33:0.661588042974472
2024-04-13 16:23:09,443 - mainlogger - INFO - Epoch 34:0.8283389881253242
2024-04-13 16:23:22,694 - mainlogger - INFO - Epoch 35:0.750233668833971
2024-04-13 16:23:35,332 - mainlogger - INFO - Epoch 36:0.7480079829692841
2024-04-13 16:23:48,366 - mainlogger - INFO - Epoch 37:0.8608518205583096
2024-04-13 16:24:01,267 - mainlogger - INFO - Epoch 38:0.7527225203812122
2024-04-13 16:24:14,400 - mainlogger - INFO - Epoch 39:0.6450582109391689
2024-04-13 16:24:27,177 - mainlogger - INFO - Epoch 40:0.8116481229662895
2024-04-13 16:24:40,103 - mainlogger - INFO - Epoch 41:0.6480179168283939
2024-04-13 16:24:47,684 - mainlogger - INFO - Dice score: 0.5522
2024-04-13 16:24:47,685 - mainlogger - INFO - Accuracy: 0.9301
2024-04-13 16:25:00,931 - mainlogger - INFO - Epoch 42:0.7440020255744457
2024-04-13 16:25:13,915 - mainlogger - INFO - Epoch 43:0.977018415927887
2024-04-13 16:25:27,225 - mainlogger - INFO - Epoch 44:0.8460536226630211
2024-04-13 16:25:40,185 - mainlogger - INFO - Epoch 45:0.7113862782716751
2024-04-13 16:25:53,159 - mainlogger - INFO - Epoch 46:0.6129477024078369
2024-04-13 16:26:06,409 - mainlogger - INFO - Epoch 47:0.5741581171751022
2024-04-13 16:26:19,523 - mainlogger - INFO - Epoch 48:0.5261541791260242
2024-04-13 16:26:32,639 - mainlogger - INFO - Epoch 49:0.49757085740566254
2024-04-13 16:26:45,719 - mainlogger - INFO - Epoch 50:0.5892386585474014
2024-04-13 16:26:59,018 - mainlogger - INFO - Epoch 51:0.6868080422282219
2024-04-13 16:27:06,499 - mainlogger - INFO - Dice score: 0.6017
2024-04-13 16:27:06,500 - mainlogger - INFO - Accuracy: 0.9346
2024-04-13 16:27:19,331 - mainlogger - INFO - Epoch 52:0.5499845929443836
2024-04-13 16:27:31,831 - mainlogger - INFO - Epoch 53:0.4884987659752369
2024-04-13 16:27:45,091 - mainlogger - INFO - Epoch 54:0.5275617726147175
2024-04-13 16:27:58,599 - mainlogger - INFO - Epoch 55:0.5129577592015266
2024-04-13 16:28:11,708 - mainlogger - INFO - Epoch 56:0.5396366976201534
2024-04-13 16:28:24,693 - mainlogger - INFO - Epoch 57:0.4397961162030697
2024-04-13 16:28:37,792 - mainlogger - INFO - Epoch 58:0.5755361709743738
2024-04-13 16:28:50,747 - mainlogger - INFO - Epoch 59:0.5677359960973263
2024-04-13 16:29:03,568 - mainlogger - INFO - Epoch 60:0.568346906453371
2024-04-13 16:29:16,454 - mainlogger - INFO - Epoch 61:0.5621386766433716
2024-04-13 16:29:23,982 - mainlogger - INFO - Dice score: 0.6066
2024-04-13 16:29:23,982 - mainlogger - INFO - Accuracy: 0.9323
2024-04-13 16:29:37,322 - mainlogger - INFO - Epoch 62:0.6886231638491154
2024-04-13 16:29:50,529 - mainlogger - INFO - Epoch 63:0.8105222247540951
2024-04-13 16:30:03,712 - mainlogger - INFO - Epoch 64:0.6327858790755272
2024-04-13 16:30:16,540 - mainlogger - INFO - Epoch 65:0.5382567830383778
2024-04-13 16:30:29,277 - mainlogger - INFO - Epoch 66:0.4766129404306412
2024-04-13 16:30:42,747 - mainlogger - INFO - Epoch 67:0.49413490667939186
2024-04-13 16:30:53,746 - mainlogger - INFO - Epoch 68:0.4818607196211815
2024-04-13 16:31:06,978 - mainlogger - INFO - Epoch 69:0.50498584844172
2024-04-13 16:31:19,546 - mainlogger - INFO - Epoch 70:0.42087722197175026
2024-04-13 16:31:32,322 - mainlogger - INFO - Epoch 71:0.45345859602093697
2024-04-13 16:31:40,659 - mainlogger - INFO - Dice score: 0.6375
2024-04-13 16:31:40,659 - mainlogger - INFO - Accuracy: 0.9341
2024-04-13 16:31:54,341 - mainlogger - INFO - Epoch 72:0.4010684974491596
2024-04-13 16:32:07,563 - mainlogger - INFO - Epoch 73:0.4631779417395592
2024-04-13 16:32:21,105 - mainlogger - INFO - Epoch 74:0.43804872781038284
2024-04-13 16:32:34,453 - mainlogger - INFO - Epoch 75:0.3760697469115257
2024-04-13 16:32:46,836 - mainlogger - INFO - Epoch 76:0.35831494629383087
2024-04-13 16:32:59,811 - mainlogger - INFO - Epoch 77:0.4447893649339676
2024-04-13 16:33:13,067 - mainlogger - INFO - Epoch 78:0.5361708328127861
2024-04-13 16:33:25,886 - mainlogger - INFO - Epoch 79:0.4647742174565792
2024-04-13 16:33:39,033 - mainlogger - INFO - Epoch 80:0.4361307770013809
2024-04-13 16:33:52,031 - mainlogger - INFO - Epoch 81:0.4224700853228569
2024-04-13 16:33:59,487 - mainlogger - INFO - Dice score: 0.6151
2024-04-13 16:33:59,487 - mainlogger - INFO - Accuracy: 0.9345
2024-04-13 16:34:12,258 - mainlogger - INFO - Epoch 82:0.40284730680286884
2024-04-13 16:34:25,198 - mainlogger - INFO - Epoch 83:0.3585316352546215
2024-04-13 16:34:38,237 - mainlogger - INFO - Epoch 84:0.37919515557587147
2024-04-13 16:34:50,901 - mainlogger - INFO - Epoch 85:0.3439722843468189
2024-04-13 16:35:04,103 - mainlogger - INFO - Epoch 86:0.33167903311550617
2024-04-13 16:35:16,874 - mainlogger - INFO - Epoch 87:0.41479512117803097
2024-04-13 16:35:29,659 - mainlogger - INFO - Epoch 88:0.43892595544457436
2024-04-13 16:35:42,906 - mainlogger - INFO - Epoch 89:0.38118513114750385
2024-04-13 16:35:55,306 - mainlogger - INFO - Epoch 90:0.630818884819746
2024-04-13 16:36:08,277 - mainlogger - INFO - Epoch 91:0.5061284750699997
2024-04-13 16:36:15,478 - mainlogger - INFO - Dice score: 0.6361
2024-04-13 16:36:15,478 - mainlogger - INFO - Accuracy: 0.9202
2024-04-13 16:36:28,523 - mainlogger - INFO - Epoch 92:0.5242339298129082
2024-04-13 16:36:41,520 - mainlogger - INFO - Epoch 93:0.47590066492557526
2024-04-13 16:36:53,678 - mainlogger - INFO - Epoch 94:0.40638173930346966
2024-04-13 16:37:06,711 - mainlogger - INFO - Epoch 95:0.35761120170354843
2024-04-13 16:37:20,113 - mainlogger - INFO - Epoch 96:0.4152300376445055
2024-04-13 16:37:33,521 - mainlogger - INFO - Epoch 97:0.4271759111434221
2024-04-13 16:37:45,798 - mainlogger - INFO - Epoch 98:0.3522477950900793
2024-04-13 16:37:58,981 - mainlogger - INFO - Epoch 99:0.3841702062636614
2024-04-13 16:38:12,145 - mainlogger - INFO - Epoch 100:0.3750567249953747
2024-04-13 16:38:25,463 - mainlogger - INFO - Epoch 101:0.35722809098660946
2024-04-13 16:38:33,046 - mainlogger - INFO - Dice score: 0.6492
2024-04-13 16:38:33,046 - mainlogger - INFO - Accuracy: 0.9409
2024-04-13 16:38:46,079 - mainlogger - INFO - Epoch 102:0.34655179642140865
2024-04-13 16:38:59,246 - mainlogger - INFO - Epoch 103:0.3328096605837345
2024-04-13 16:39:12,488 - mainlogger - INFO - Epoch 104:0.3359731324017048
2024-04-13 16:39:21,784 - mainlogger - INFO - Epoch 105:0.3591588567942381
2024-04-13 16:39:24,681 - mainlogger - INFO - Epoch 106:0.3287074416875839
2024-04-13 16:39:27,639 - mainlogger - INFO - Epoch 107:0.30122846737504005
2024-04-13 16:39:37,365 - mainlogger - INFO - Epoch 108:0.3893142454326153
2024-04-13 16:39:50,302 - mainlogger - INFO - Epoch 109:0.3568947408348322
2024-04-13 16:40:03,699 - mainlogger - INFO - Epoch 110:0.34021497517824173
2024-04-13 16:40:17,097 - mainlogger - INFO - Epoch 111:0.31900740414857864
2024-04-13 16:40:24,795 - mainlogger - INFO - Dice score: 0.6112
2024-04-13 16:40:24,795 - mainlogger - INFO - Accuracy: 0.9356
2024-04-13 16:40:37,100 - mainlogger - INFO - Epoch 112:0.3113571833819151
2024-04-13 16:40:50,014 - mainlogger - INFO - Epoch 113:0.3024689108133316
2024-04-13 16:41:00,640 - mainlogger - INFO - Epoch 114:0.3251324091106653
2024-04-13 16:41:12,043 - mainlogger - INFO - Epoch 115:0.3180868588387966
2024-04-13 16:41:24,852 - mainlogger - INFO - Epoch 116:0.2742453087121248
2024-04-13 16:41:37,927 - mainlogger - INFO - Epoch 117:0.29994969815015793
2024-04-13 16:41:51,279 - mainlogger - INFO - Epoch 118:0.3182367216795683
2024-04-13 16:42:04,222 - mainlogger - INFO - Epoch 119:0.30013392493128777
2024-04-13 16:42:16,793 - mainlogger - INFO - Epoch 120:0.2979704197496176
2024-04-13 16:42:29,712 - mainlogger - INFO - Epoch 121:0.27765211276710033
2024-04-13 16:42:37,238 - mainlogger - INFO - Dice score: 0.6091
2024-04-13 16:42:37,238 - mainlogger - INFO - Accuracy: 0.935
2024-04-13 16:42:50,420 - mainlogger - INFO - Epoch 122:0.3050398100167513
2024-04-13 16:43:03,505 - mainlogger - INFO - Epoch 123:0.27342433854937553
2024-04-13 16:43:16,785 - mainlogger - INFO - Epoch 124:0.25752412527799606
2024-04-13 16:43:30,059 - mainlogger - INFO - Epoch 125:0.2862882036715746
2024-04-13 16:43:41,843 - mainlogger - INFO - Epoch 126:0.2713736705482006
2024-04-13 16:43:52,905 - mainlogger - INFO - Epoch 127:0.2833916377276182
2024-04-13 16:44:05,989 - mainlogger - INFO - Epoch 128:0.278988990932703
2024-04-13 16:44:19,230 - mainlogger - INFO - Epoch 129:0.2819134369492531
2024-04-13 16:44:32,661 - mainlogger - INFO - Epoch 130:0.26120808720588684
2024-04-13 16:44:46,033 - mainlogger - INFO - Epoch 131:0.2692507170140743
2024-04-13 16:44:53,698 - mainlogger - INFO - Dice score: 0.6758
2024-04-13 16:44:53,698 - mainlogger - INFO - Accuracy: 0.9372
2024-04-13 16:45:07,163 - mainlogger - INFO - Epoch 132:0.28102452121675014
2024-04-13 16:45:20,295 - mainlogger - INFO - Epoch 133:0.2464330941438675
2024-04-13 16:45:33,369 - mainlogger - INFO - Epoch 134:0.302908381447196
2024-04-13 16:45:46,302 - mainlogger - INFO - Epoch 135:0.28400939144194126
2024-04-13 16:45:59,475 - mainlogger - INFO - Epoch 136:0.3193766977638006
2024-04-13 16:46:12,301 - mainlogger - INFO - Epoch 137:0.2727615684270859
2024-04-13 16:46:25,661 - mainlogger - INFO - Epoch 138:0.2855322938412428
2024-04-13 16:46:37,257 - mainlogger - INFO - Epoch 139:0.3164824414998293
2024-04-13 16:46:49,064 - mainlogger - INFO - Epoch 140:0.29675793275237083
2024-04-13 16:47:02,261 - mainlogger - INFO - Epoch 141:0.2975085023790598
2024-04-13 16:47:09,873 - mainlogger - INFO - Dice score: 0.6611
2024-04-13 16:47:09,874 - mainlogger - INFO - Accuracy: 0.9359
2024-04-13 16:47:23,071 - mainlogger - INFO - Epoch 142:0.26755318604409695
2024-04-13 16:47:35,832 - mainlogger - INFO - Epoch 143:0.28397863917052746
2024-04-13 16:47:49,100 - mainlogger - INFO - Epoch 144:0.31578198447823524
2024-04-13 16:48:01,962 - mainlogger - INFO - Epoch 145:0.30155666172504425
2024-04-13 16:48:15,305 - mainlogger - INFO - Epoch 146:0.3540920205414295
2024-04-13 16:48:27,099 - mainlogger - INFO - Epoch 147:0.29481214098632336
2024-04-13 16:48:39,844 - mainlogger - INFO - Epoch 148:0.315307155251503
2024-04-13 16:48:52,904 - mainlogger - INFO - Epoch 149:0.30552925169467926
2024-04-13 16:49:06,349 - mainlogger - INFO - Epoch 150:0.2902926355600357
2024-04-13 16:49:19,355 - mainlogger - INFO - Epoch 151:0.2728860080242157
2024-04-13 16:49:26,956 - mainlogger - INFO - Dice score: 0.6227
2024-04-13 16:49:26,957 - mainlogger - INFO - Accuracy: 0.9345
2024-04-13 16:49:40,326 - mainlogger - INFO - Epoch 152:0.3272755164653063
2024-04-13 16:49:53,016 - mainlogger - INFO - Epoch 153:0.32437365129590034
2024-04-13 16:50:06,079 - mainlogger - INFO - Epoch 154:0.3053301516920328
2024-04-13 16:50:18,696 - mainlogger - INFO - Epoch 155:0.26267508417367935
2024-04-13 16:50:31,211 - mainlogger - INFO - Epoch 156:0.3136451132595539
2024-04-13 16:50:44,132 - mainlogger - INFO - Epoch 157:0.2987397760152817
2024-04-13 16:50:57,277 - mainlogger - INFO - Epoch 158:0.3322127964347601
2024-04-13 16:51:10,451 - mainlogger - INFO - Epoch 159:0.38530461862683296
2024-04-13 16:51:23,784 - mainlogger - INFO - Epoch 160:0.5087652392685413
2024-04-13 16:51:37,198 - mainlogger - INFO - Epoch 161:0.5280885193496943
2024-04-13 16:51:44,815 - mainlogger - INFO - Dice score: 0.6468
2024-04-13 16:51:44,815 - mainlogger - INFO - Accuracy: 0.9294
2024-04-13 16:51:58,042 - mainlogger - INFO - Epoch 162:0.4202258735895157
2024-04-13 16:52:11,424 - mainlogger - INFO - Epoch 163:0.3702920563519001
2024-04-13 16:52:24,463 - mainlogger - INFO - Epoch 164:0.43898667581379414
2024-04-13 16:52:37,512 - mainlogger - INFO - Epoch 165:0.4584782160818577
2024-04-13 16:52:50,412 - mainlogger - INFO - Epoch 166:0.601006917655468
2024-04-13 16:53:03,619 - mainlogger - INFO - Epoch 167:0.48130486346781254
2024-04-13 16:53:16,422 - mainlogger - INFO - Epoch 168:0.403925783932209
2024-04-13 16:53:29,283 - mainlogger - INFO - Epoch 169:0.31627359241247177
2024-04-13 16:53:41,744 - mainlogger - INFO - Epoch 170:0.3384906016290188
2024-04-13 16:53:55,021 - mainlogger - INFO - Epoch 171:0.4407518971711397
2024-04-13 16:54:02,576 - mainlogger - INFO - Dice score: 0.6582
2024-04-13 16:54:02,576 - mainlogger - INFO - Accuracy: 0.9372
2024-04-13 16:54:15,677 - mainlogger - INFO - Epoch 172:0.41576955653727055
2024-04-13 16:54:28,595 - mainlogger - INFO - Epoch 173:0.3380615245550871
2024-04-13 16:54:41,903 - mainlogger - INFO - Epoch 174:0.3395818155258894
2024-04-13 16:54:54,326 - mainlogger - INFO - Epoch 175:0.28580173943191767
2024-04-13 16:55:07,461 - mainlogger - INFO - Epoch 176:0.28908309154212475
2024-04-13 16:55:20,806 - mainlogger - INFO - Epoch 177:0.24577568285167217
2024-04-13 16:55:34,312 - mainlogger - INFO - Epoch 178:0.2714717220515013
2024-04-13 16:55:46,610 - mainlogger - INFO - Epoch 179:0.2403652761131525
2024-04-13 16:55:59,533 - mainlogger - INFO - Epoch 180:0.24662920273840427
2024-04-13 16:56:12,304 - mainlogger - INFO - Epoch 181:0.24008938111364841
2024-04-13 16:56:19,884 - mainlogger - INFO - Dice score: 0.6225
2024-04-13 16:56:19,884 - mainlogger - INFO - Accuracy: 0.9372
2024-04-13 16:56:33,167 - mainlogger - INFO - Epoch 182:0.2617914881557226
2024-04-13 16:56:46,562 - mainlogger - INFO - Epoch 183:0.22819293476641178
2024-04-13 16:56:59,274 - mainlogger - INFO - Epoch 184:0.23318584263324738
2024-04-13 16:57:12,088 - mainlogger - INFO - Epoch 185:0.24873150885105133
2024-04-13 16:57:24,920 - mainlogger - INFO - Epoch 186:0.27187093906104565
2024-04-13 16:57:37,684 - mainlogger - INFO - Epoch 187:0.3010173151269555
2024-04-13 16:57:50,781 - mainlogger - INFO - Epoch 188:0.26453346759080887
2024-04-13 16:58:03,724 - mainlogger - INFO - Epoch 189:0.24077759683132172
2024-04-13 16:58:16,937 - mainlogger - INFO - Epoch 190:0.22395280748605728
2024-04-13 16:58:30,177 - mainlogger - INFO - Epoch 191:0.25352780893445015
2024-04-13 16:58:37,698 - mainlogger - INFO - Dice score: 0.6
2024-04-13 16:58:37,699 - mainlogger - INFO - Accuracy: 0.935
2024-04-13 16:58:50,674 - mainlogger - INFO - Epoch 192:0.25330012291669846
2024-04-13 16:59:02,627 - mainlogger - INFO - Epoch 193:0.22796634770929813
2024-04-13 16:59:15,862 - mainlogger - INFO - Epoch 194:0.23488517478108406
2024-04-13 16:59:29,119 - mainlogger - INFO - Epoch 195:0.24568167701363564
2024-04-13 16:59:42,456 - mainlogger - INFO - Epoch 196:0.25451958179473877
2024-04-13 16:59:55,543 - mainlogger - INFO - Epoch 197:0.25229249335825443
2024-04-13 17:00:08,677 - mainlogger - INFO - Epoch 198:0.23164409585297108
2024-04-13 17:00:21,665 - mainlogger - INFO - Epoch 199:0.2330814190208912
2024-04-13 17:00:29,202 - mainlogger - INFO - Dice score: 0.6287
2024-04-13 17:00:29,202 - mainlogger - INFO - Accuracy: 0.9356
2024-04-13 17:00:29,202 - mainlogger - INFO - (167, 171)
2024-04-13 17:00:29,203 - mainlogger - INFO - 0.652921098932926
