2024-05-09 15:41:38,640 - mainlogger - INFO - 28657
2024-05-09 15:41:38,640 - mainlogger - INFO - <class '__main__.UniversegPipeline'>
2024-05-09 15:41:38,640 - mainlogger - INFO - universeg_config/small/lr2.yaml
2024-05-09 15:41:38,640 - mainlogger - INFO - {'desc': '输入单通道，大小384', 'batch_size': 4, 'epochs': 100, 'k': 2, 'root_dir': '/home/4T/zcr/dataset/Dataset_BUSI', 'model': {'name': 'universeg.universeg.UniverSeg', 'args': {'encoder_blocks': [32, 64, 128, 256], 'in_ch': [1, 2]}}, 'trainset': {'name': 'datasetBUSI.mask_busi_single.MaskBUSISingle', 'args': {'root_dir': '/home/4T/zcr/dataset/Dataset_BUSI', 'image_names_path': 'labeled20.txt', 'mode': 'train'}}, 'testset': {'name': 'datasetBUSI.mask_busi_single.MaskBUSISingle', 'args': {'root_dir': '/home/4T/zcr/dataset/Dataset_BUSI', 'image_names_path': 'test.txt', 'mode': 'test'}}, 'criterion': {'name': 'spgutils.focalloss.BinaryFocalLoss', 'args': {'gamma': 1}}, 'optimizer': {'name': 'torch.optim.Adam', 'args': {'lr': 5e-05}}, 'scheduler': {'name': 'torch.optim.lr_scheduler.StepLR', 'args': {'step_size': 1, 'gamma': 0.99}}}
2024-05-09 15:41:38,641 - mainlogger - INFO - 3.722062110900879
2024-05-09 15:41:48,809 - mainlogger - INFO - Epoch 0  12.264987602829933
2024-05-09 15:41:53,936 - mainlogger - INFO - Epoch 1  3.687044106423855
2024-05-09 15:41:59,130 - mainlogger - INFO - Dice score: 0.08999
2024-05-09 15:41:59,131 - mainlogger - INFO - Accuracy: 0.8769
2024-05-09 15:42:07,982 - mainlogger - INFO - Dice score: 0.0631
2024-05-09 15:42:07,983 - mainlogger - INFO - Accuracy: 0.8948
2024-05-09 15:42:13,339 - mainlogger - INFO - Epoch 2  3.568027123808861
2024-05-09 15:42:18,355 - mainlogger - INFO - Epoch 3  3.5012214332818985
2024-05-09 15:42:23,582 - mainlogger - INFO - Epoch 4  3.654129236936569
2024-05-09 15:42:28,707 - mainlogger - INFO - Epoch 5  3.2977057844400406
2024-05-09 15:42:33,798 - mainlogger - INFO - Epoch 6  3.3374634385108948
2024-05-09 15:42:39,065 - mainlogger - INFO - Epoch 7  3.2149085141718388
2024-05-09 15:42:44,015 - mainlogger - INFO - Epoch 8  3.2610616087913513
2024-05-09 15:42:49,017 - mainlogger - INFO - Epoch 9  3.250689320266247
2024-05-09 15:42:54,157 - mainlogger - INFO - Epoch 10  3.9161938466131687
2024-05-09 15:42:59,316 - mainlogger - INFO - Epoch 11  3.8154876679182053
2024-05-09 15:43:04,747 - mainlogger - INFO - Dice score: 0.003619
2024-05-09 15:43:04,747 - mainlogger - INFO - Accuracy: 0.884
2024-05-09 15:43:13,228 - mainlogger - INFO - Dice score: 0.002269
2024-05-09 15:43:13,228 - mainlogger - INFO - Accuracy: 0.8989
2024-05-09 15:43:18,201 - mainlogger - INFO - Epoch 12  3.352193705737591
2024-05-09 15:43:23,334 - mainlogger - INFO - Epoch 13  3.1171630192548037
2024-05-09 15:43:28,573 - mainlogger - INFO - Epoch 14  3.0316113755106926
2024-05-09 15:43:33,749 - mainlogger - INFO - Epoch 15  3.4231614768505096
2024-05-09 15:43:38,798 - mainlogger - INFO - Epoch 16  3.0480717420578003
2024-05-09 15:43:43,977 - mainlogger - INFO - Epoch 17  3.1396933272480965
2024-05-09 15:43:49,112 - mainlogger - INFO - Epoch 18  3.03928479552269
2024-05-09 15:43:54,187 - mainlogger - INFO - Epoch 19  3.288731761276722
2024-05-09 15:43:59,426 - mainlogger - INFO - Epoch 20  3.1665384639054537
2024-05-09 15:44:04,310 - mainlogger - INFO - Epoch 21  2.9700922816991806
2024-05-09 15:44:09,462 - mainlogger - INFO - Dice score: 0.1838
2024-05-09 15:44:09,462 - mainlogger - INFO - Accuracy: 0.8876
2024-05-09 15:44:17,970 - mainlogger - INFO - Dice score: 0.1624
2024-05-09 15:44:17,970 - mainlogger - INFO - Accuracy: 0.9032
2024-05-09 15:44:23,045 - mainlogger - INFO - Epoch 22  2.927849307656288
2024-05-09 15:44:28,321 - mainlogger - INFO - Epoch 23  3.0261529237031937
2024-05-09 15:44:33,414 - mainlogger - INFO - Epoch 24  2.807923562824726
2024-05-09 15:44:38,503 - mainlogger - INFO - Epoch 25  2.9843416921794415
2024-05-09 15:44:43,625 - mainlogger - INFO - Epoch 26  2.889704007655382
2024-05-09 15:44:48,659 - mainlogger - INFO - Epoch 27  3.38076313957572
2024-05-09 15:44:53,962 - mainlogger - INFO - Epoch 28  3.2698453217744827
2024-05-09 15:44:58,917 - mainlogger - INFO - Epoch 29  3.0949913673102856
2024-05-09 15:45:03,989 - mainlogger - INFO - Epoch 30  2.9308318570256233
2024-05-09 15:45:09,148 - mainlogger - INFO - Epoch 31  2.846772611141205
2024-05-09 15:45:14,132 - mainlogger - INFO - Dice score: 0.3434
2024-05-09 15:45:14,132 - mainlogger - INFO - Accuracy: 0.8988
2024-05-09 15:45:22,791 - mainlogger - INFO - Dice score: 0.2284
2024-05-09 15:45:22,791 - mainlogger - INFO - Accuracy: 0.906
2024-05-09 15:45:28,010 - mainlogger - INFO - Epoch 32  2.9509736001491547
2024-05-09 15:45:33,129 - mainlogger - INFO - Epoch 33  2.891209300607443
2024-05-09 15:45:38,156 - mainlogger - INFO - Epoch 34  2.6747948080301285
2024-05-09 15:45:43,452 - mainlogger - INFO - Epoch 35  2.739156536757946
2024-05-09 15:45:48,535 - mainlogger - INFO - Epoch 36  3.065468356013298
2024-05-09 15:45:53,514 - mainlogger - INFO - Epoch 37  2.801066432148218
2024-05-09 15:45:58,689 - mainlogger - INFO - Epoch 38  3.0056725814938545
2024-05-09 15:46:03,690 - mainlogger - INFO - Epoch 39  2.91534711048007
2024-05-09 15:46:09,021 - mainlogger - INFO - Epoch 40  2.9913459941744804
2024-05-09 15:46:14,200 - mainlogger - INFO - Epoch 41  2.776955395936966
2024-05-09 15:46:19,584 - mainlogger - INFO - Dice score: 0.5628
2024-05-09 15:46:19,584 - mainlogger - INFO - Accuracy: 0.8904
2024-05-09 15:46:28,109 - mainlogger - INFO - Dice score: 0.4527
2024-05-09 15:46:28,109 - mainlogger - INFO - Accuracy: 0.8796
2024-05-09 15:46:33,366 - mainlogger - INFO - Epoch 42  2.9004763439297676
2024-05-09 15:46:38,720 - mainlogger - INFO - Epoch 43  2.876501202583313
2024-05-09 15:46:49,692 - mainlogger - INFO - Epoch 44  2.758865386247635
2024-05-09 15:47:23,792 - mainlogger - INFO - Epoch 45  2.7847090028226376
2024-05-09 15:47:43,967 - mainlogger - INFO - Epoch 46  2.5814077109098434
2024-05-09 15:48:09,633 - mainlogger - INFO - Epoch 47  2.9268021509051323
2024-05-09 15:48:40,012 - mainlogger - INFO - Epoch 48  2.783108666539192
2024-05-09 15:48:57,707 - mainlogger - INFO - Epoch 49  2.658436130732298
2024-05-09 15:49:31,474 - mainlogger - INFO - Epoch 50  2.7978114262223244
2024-05-09 15:49:52,708 - mainlogger - INFO - Epoch 51  2.720636710524559
2024-05-09 15:50:20,858 - mainlogger - INFO - Dice score: 0.3306
2024-05-09 15:50:20,858 - mainlogger - INFO - Accuracy: 0.8978
2024-05-09 15:51:09,020 - mainlogger - INFO - Dice score: 0.29
2024-05-09 15:51:09,020 - mainlogger - INFO - Accuracy: 0.9103
2024-05-09 15:51:41,507 - mainlogger - INFO - Epoch 52  2.7722066938877106
2024-05-09 15:52:03,891 - mainlogger - INFO - Epoch 53  2.722484365105629
2024-05-09 15:52:28,690 - mainlogger - INFO - Epoch 54  2.827677559107542
2024-05-09 15:52:57,050 - mainlogger - INFO - Epoch 55  2.8444021232426167
2024-05-09 15:53:15,252 - mainlogger - INFO - Epoch 56  2.6471910625696182
2024-05-09 15:53:48,806 - mainlogger - INFO - Epoch 57  2.7995419204235077
2024-05-09 15:54:06,503 - mainlogger - INFO - Epoch 58  2.5064370296895504
2024-05-09 15:54:35,408 - mainlogger - INFO - Epoch 59  2.9167760871350765
2024-05-09 15:55:04,970 - mainlogger - INFO - Epoch 60  2.6010148599743843
2024-05-09 15:55:23,422 - mainlogger - INFO - Epoch 61  2.913899563252926
2024-05-09 15:55:59,437 - mainlogger - INFO - Dice score: 0.4632
2024-05-09 15:55:59,437 - mainlogger - INFO - Accuracy: 0.9028
2024-05-09 15:56:44,623 - mainlogger - INFO - Dice score: 0.4365
2024-05-09 15:56:44,624 - mainlogger - INFO - Accuracy: 0.9166
2024-05-09 15:57:14,037 - mainlogger - INFO - Epoch 62  2.6665556356310844
2024-05-09 15:57:32,902 - mainlogger - INFO - Epoch 63  2.50741346180439
2024-05-09 15:58:06,414 - mainlogger - INFO - Epoch 64  2.587210251018405
2024-05-09 15:58:27,757 - mainlogger - INFO - Epoch 65  2.793140958994627
2024-05-09 15:58:53,474 - mainlogger - INFO - Epoch 66  2.61849432811141
2024-05-09 15:59:22,857 - mainlogger - INFO - Epoch 67  2.828962828963995
2024-05-09 15:59:40,875 - mainlogger - INFO - Epoch 68  2.782825320959091
2024-05-09 16:00:14,563 - mainlogger - INFO - Epoch 69  2.512268353253603
2024-05-09 16:00:37,829 - mainlogger - INFO - Epoch 70  2.6322880014777184
2024-05-09 16:01:00,854 - mainlogger - INFO - Epoch 71  2.7155956216156483
2024-05-09 16:01:36,657 - mainlogger - INFO - Dice score: 0.3275
2024-05-09 16:01:36,657 - mainlogger - INFO - Accuracy: 0.8992
2024-05-09 16:02:21,859 - mainlogger - INFO - Dice score: 0.2762
2024-05-09 16:02:21,860 - mainlogger - INFO - Accuracy: 0.912
2024-05-09 16:02:43,201 - mainlogger - INFO - Epoch 72  2.6526684015989304
2024-05-09 16:03:10,636 - mainlogger - INFO - Epoch 73  2.644704435020685
2024-05-09 16:03:39,624 - mainlogger - INFO - Epoch 74  2.47657049074769
2024-05-09 16:03:57,282 - mainlogger - INFO - Epoch 75  2.533849459141493
2024-05-09 16:04:31,656 - mainlogger - INFO - Epoch 76  2.5230830013751984
2024-05-09 16:04:52,970 - mainlogger - INFO - Epoch 77  2.7483509331941605
2024-05-09 16:05:19,444 - mainlogger - INFO - Epoch 78  2.499955266714096
2024-05-09 16:05:48,903 - mainlogger - INFO - Epoch 79  2.40765049867332
2024-05-09 16:06:07,439 - mainlogger - INFO - Epoch 80  2.2571774013340473
2024-05-09 16:06:40,723 - mainlogger - INFO - Epoch 81  2.9017131812870502
2024-05-09 16:07:04,766 - mainlogger - INFO - Dice score: 0.4307
2024-05-09 16:07:04,766 - mainlogger - INFO - Accuracy: 0.9048
2024-05-09 16:07:53,150 - mainlogger - INFO - Dice score: 0.3759
2024-05-09 16:07:53,151 - mainlogger - INFO - Accuracy: 0.9167
2024-05-09 16:08:13,448 - mainlogger - INFO - Epoch 82  2.5518004037439823
2024-05-09 16:08:46,751 - mainlogger - INFO - Epoch 83  2.636103868484497
2024-05-09 16:09:03,251 - mainlogger - INFO - Epoch 84  2.3506962098181248
2024-05-09 16:09:33,532 - mainlogger - INFO - Epoch 85  2.4596947878599167
2024-05-09 16:10:02,683 - mainlogger - INFO - Epoch 86  2.4231506790965796
2024-05-09 16:10:21,081 - mainlogger - INFO - Epoch 87  2.840698204934597
2024-05-09 16:10:54,121 - mainlogger - INFO - Epoch 88  2.5511437729001045
2024-05-09 16:11:10,996 - mainlogger - INFO - Epoch 89  2.5670071095228195
2024-05-09 16:11:40,066 - mainlogger - INFO - Epoch 90  2.9668974094092846
2024-05-09 16:12:08,657 - mainlogger - INFO - Epoch 91  2.868927910923958
2024-05-09 16:12:28,565 - mainlogger - INFO - Dice score: 0.4446
2024-05-09 16:12:28,565 - mainlogger - INFO - Accuracy: 0.9073
2024-05-09 16:13:17,298 - mainlogger - INFO - Dice score: 0.4234
2024-05-09 16:13:17,299 - mainlogger - INFO - Accuracy: 0.9194
2024-05-09 16:13:47,854 - mainlogger - INFO - Epoch 92  3.006290018558502
2024-05-09 16:14:16,016 - mainlogger - INFO - Epoch 93  2.4181266836822033
2024-05-09 16:14:35,258 - mainlogger - INFO - Epoch 94  2.4321548007428646
2024-05-09 16:15:08,684 - mainlogger - INFO - Epoch 95  2.494540002197027
2024-05-09 16:15:22,724 - mainlogger - INFO - Epoch 96  2.2648588232696056
2024-05-09 16:15:27,911 - mainlogger - INFO - Epoch 97  2.5174361020326614
2024-05-09 16:15:33,000 - mainlogger - INFO - Epoch 98  2.6151631139218807
2024-05-09 16:15:38,156 - mainlogger - INFO - Epoch 99  2.5313053131103516
2024-05-09 16:15:43,220 - mainlogger - INFO - Dice score: 0.4467
2024-05-09 16:15:43,220 - mainlogger - INFO - Accuracy: 0.9076
2024-05-09 16:15:57,375 - mainlogger - INFO - Dice score: 0.4119
2024-05-09 16:15:57,376 - mainlogger - INFO - Accuracy: 0.9193
2024-05-09 16:15:57,376 - mainlogger - INFO - (95, 99)
2024-05-09 16:15:57,376 - mainlogger - INFO - 0.3847809034989342
