2024-05-16 17:03:26,184 - mainlogger - INFO - 8002
2024-05-16 17:03:26,184 - mainlogger - INFO - <class '__main__.UniversegPipeline'>
2024-05-16 17:03:26,184 - mainlogger - INFO - mnet_config/mnet.yaml
2024-05-16 17:03:26,184 - mainlogger - INFO - {'desc': 'mnet first', 'batch_size': 4, 'k': 1, 'epochs': 100, 'root_dir': '/Dataset_BUSI', 'model': {'name': 'unet.mnet.MNet', 'args': {'channels': [32, 64, 128, 256, 512]}}, 'trainset': {'name': 'datasetBUSI.mask_busi_single.MaskBUSISingle', 'args': {'root_dir': '/Dataset_BUSI', 'image_names_path': 'labeled20.txt', 'mode': 'train'}}, 'testset': {'name': 'datasetBUSI.mask_busi_single.MaskBUSISingle', 'args': {'root_dir': '/Dataset_BUSI', 'image_names_path': 'test.txt', 'mode': 'test'}}, 'validset': {'name': 'datasetBUSI.mask_busi_single.MaskBUSISingle', 'args': {'root_dir': '/Dataset_BUSI', 'image_names_path': 'val.txt', 'mode': 'test'}}, 'criterion': {'name': 'spgutils.focalloss.BinaryFocalLoss', 'args': {'gamma': 1}}, 'optimizer': {'name': 'torch.optim.Adam', 'args': {'lr': 1e-05}}, 'scheduler': {'name': 'torch.optim.lr_scheduler.ReduceLROnPlateau', 'args': {'mode': 'max', 'factor': 0.85, 'patience': 3}}}
2024-05-16 17:03:26,185 - mainlogger - INFO - 23.160249710083008
2024-05-16 17:03:30,673 - mainlogger - INFO - Epoch 0  10.707486003637314
2024-05-16 17:03:30,673 - mainlogger - INFO - ********************************************************************************
2024-05-16 17:03:35,508 - mainlogger - INFO - Epoch 1  10.371171742677689
2024-05-16 17:03:35,508 - mainlogger - INFO - train
2024-05-16 17:03:40,279 - mainlogger - INFO - Dice score: 0.2382
2024-05-16 17:03:40,280 - mainlogger - INFO - Accuracy: 0.666
2024-05-16 17:03:40,280 - mainlogger - INFO - test
2024-05-16 17:03:48,390 - mainlogger - INFO - Dice score: 0.1817
2024-05-16 17:03:48,390 - mainlogger - INFO - Accuracy: 0.6842
2024-05-16 17:03:48,390 - mainlogger - INFO - ********************************************************************************
2024-05-16 17:03:53,079 - mainlogger - INFO - Epoch 2  10.024874478578568
2024-05-16 17:03:53,079 - mainlogger - INFO - ********************************************************************************
2024-05-16 17:03:58,108 - mainlogger - INFO - Epoch 3  9.601309478282928
2024-05-16 17:03:58,109 - mainlogger - INFO - ********************************************************************************
2024-05-16 17:04:02,984 - mainlogger - INFO - Epoch 4  9.491061478853226
2024-05-16 17:04:02,984 - mainlogger - INFO - ********************************************************************************
2024-05-16 17:04:07,710 - mainlogger - INFO - Epoch 5  9.177234947681427
2024-05-16 17:04:07,710 - mainlogger - INFO - ********************************************************************************
2024-05-16 17:04:12,734 - mainlogger - INFO - Epoch 6  9.113646566867828
2024-05-16 17:04:12,734 - mainlogger - INFO - ********************************************************************************
2024-05-16 17:04:17,291 - mainlogger - INFO - Epoch 7  8.925308257341385
2024-05-16 17:04:17,291 - mainlogger - INFO - ********************************************************************************
2024-05-16 17:04:21,106 - mainlogger - INFO - Epoch 8  8.777348637580872
2024-05-16 17:04:21,106 - mainlogger - INFO - ********************************************************************************
2024-05-16 17:04:24,702 - mainlogger - INFO - Epoch 9  8.770900249481201
2024-05-16 17:04:24,703 - mainlogger - INFO - ********************************************************************************
2024-05-16 17:04:28,506 - mainlogger - INFO - Epoch 10  8.538789361715317
2024-05-16 17:04:28,506 - mainlogger - INFO - ********************************************************************************
2024-05-16 17:04:32,264 - mainlogger - INFO - Epoch 11  8.40971052646637
2024-05-16 17:04:32,264 - mainlogger - INFO - train
2024-05-16 17:04:36,100 - mainlogger - INFO - Dice score: 0.2374
2024-05-16 17:04:36,100 - mainlogger - INFO - Accuracy: 0.3706
2024-05-16 17:04:36,100 - mainlogger - INFO - test
2024-05-16 17:04:42,484 - mainlogger - INFO - Dice score: 0.2017
2024-05-16 17:04:42,484 - mainlogger - INFO - Accuracy: 0.3756
2024-05-16 17:04:42,484 - mainlogger - INFO - ********************************************************************************
2024-05-16 17:04:46,057 - mainlogger - INFO - Epoch 12  8.484270304441452
2024-05-16 17:04:46,057 - mainlogger - INFO - ********************************************************************************
2024-05-16 17:04:49,777 - mainlogger - INFO - Epoch 13  8.289786010980606
2024-05-16 17:04:49,778 - mainlogger - INFO - ********************************************************************************
2024-05-16 17:04:53,476 - mainlogger - INFO - Epoch 14  8.2439224421978
2024-05-16 17:04:53,477 - mainlogger - INFO - ********************************************************************************
2024-05-16 17:04:57,098 - mainlogger - INFO - Epoch 15  8.241199672222137
2024-05-16 17:04:57,098 - mainlogger - INFO - ********************************************************************************
2024-05-16 17:05:00,954 - mainlogger - INFO - Epoch 16  8.20490050315857
2024-05-16 17:05:00,954 - mainlogger - INFO - ********************************************************************************
2024-05-16 17:05:04,607 - mainlogger - INFO - Epoch 17  7.90717676281929
2024-05-16 17:05:04,608 - mainlogger - INFO - ********************************************************************************
2024-05-16 17:05:08,299 - mainlogger - INFO - Epoch 18  8.08714672923088
2024-05-16 17:05:08,299 - mainlogger - INFO - ********************************************************************************
2024-05-16 17:05:11,885 - mainlogger - INFO - Epoch 19  8.059620767831802
2024-05-16 17:05:11,886 - mainlogger - INFO - ********************************************************************************
2024-05-16 17:05:15,496 - mainlogger - INFO - Epoch 20  7.852532595396042
2024-05-16 17:05:15,496 - mainlogger - INFO - ********************************************************************************
2024-05-16 17:05:19,117 - mainlogger - INFO - Epoch 21  7.806858599185944
2024-05-16 17:05:19,118 - mainlogger - INFO - train
2024-05-16 17:05:22,950 - mainlogger - INFO - Dice score: 0.2775
2024-05-16 17:05:22,950 - mainlogger - INFO - Accuracy: 0.5553
2024-05-16 17:05:22,950 - mainlogger - INFO - test
2024-05-16 17:05:29,443 - mainlogger - INFO - Dice score: 0.2338
2024-05-16 17:05:29,443 - mainlogger - INFO - Accuracy: 0.5438
2024-05-16 17:05:29,443 - mainlogger - INFO - ********************************************************************************
2024-05-16 17:05:33,167 - mainlogger - INFO - Epoch 22  7.891864091157913
2024-05-16 17:05:33,168 - mainlogger - INFO - ********************************************************************************
2024-05-16 17:05:36,783 - mainlogger - INFO - Epoch 23  7.926101177930832
2024-05-16 17:05:36,784 - mainlogger - INFO - ********************************************************************************
2024-05-16 17:05:41,096 - mainlogger - INFO - Epoch 24  7.796517997980118
2024-05-16 17:05:41,096 - mainlogger - INFO - ********************************************************************************
2024-05-16 17:05:46,078 - mainlogger - INFO - Epoch 25  7.846139430999756
2024-05-16 17:05:46,078 - mainlogger - INFO - ********************************************************************************
2024-05-16 17:05:50,823 - mainlogger - INFO - Epoch 26  7.7654838263988495
2024-05-16 17:05:50,823 - mainlogger - INFO - ********************************************************************************
2024-05-16 17:05:55,697 - mainlogger - INFO - Epoch 27  7.595308631658554
2024-05-16 17:05:55,697 - mainlogger - INFO - ********************************************************************************
2024-05-16 17:06:00,390 - mainlogger - INFO - Epoch 28  7.697877407073975
2024-05-16 17:06:00,390 - mainlogger - INFO - ********************************************************************************
2024-05-16 17:06:05,226 - mainlogger - INFO - Epoch 29  7.622554332017899
2024-05-16 17:06:05,227 - mainlogger - INFO - ********************************************************************************
2024-05-16 17:06:09,997 - mainlogger - INFO - Epoch 30  7.555545926094055
2024-05-16 17:06:09,998 - mainlogger - INFO - ********************************************************************************
2024-05-16 17:06:14,885 - mainlogger - INFO - Epoch 31  7.4866518676280975
2024-05-16 17:06:14,885 - mainlogger - INFO - train
2024-05-16 17:06:19,668 - mainlogger - INFO - Dice score: 0.3026
2024-05-16 17:06:19,668 - mainlogger - INFO - Accuracy: 0.6941
2024-05-16 17:06:19,668 - mainlogger - INFO - test
2024-05-16 17:06:27,874 - mainlogger - INFO - Dice score: 0.2812
2024-05-16 17:06:27,874 - mainlogger - INFO - Accuracy: 0.6902
2024-05-16 17:06:27,874 - mainlogger - INFO - ********************************************************************************
2024-05-16 17:06:32,891 - mainlogger - INFO - Epoch 32  7.565912991762161
2024-05-16 17:06:32,892 - mainlogger - INFO - ********************************************************************************
2024-05-16 17:06:37,711 - mainlogger - INFO - Epoch 33  7.35044139623642
2024-05-16 17:06:37,711 - mainlogger - INFO - ********************************************************************************
2024-05-16 17:06:42,731 - mainlogger - INFO - Epoch 34  7.385181725025177
2024-05-16 17:06:42,731 - mainlogger - INFO - ********************************************************************************
2024-05-16 17:06:47,600 - mainlogger - INFO - Epoch 35  7.555391311645508
2024-05-16 17:06:47,601 - mainlogger - INFO - ********************************************************************************
2024-05-16 17:06:52,601 - mainlogger - INFO - Epoch 36  7.4293012619018555
2024-05-16 17:06:52,601 - mainlogger - INFO - ********************************************************************************
2024-05-16 17:06:57,406 - mainlogger - INFO - Epoch 37  7.624621093273163
2024-05-16 17:06:57,406 - mainlogger - INFO - ********************************************************************************
2024-05-16 17:07:02,410 - mainlogger - INFO - Epoch 38  7.398787796497345
2024-05-16 17:07:02,412 - mainlogger - INFO - ********************************************************************************
2024-05-16 17:07:07,135 - mainlogger - INFO - Epoch 39  7.435218065977097
2024-05-16 17:07:07,136 - mainlogger - INFO - ********************************************************************************
2024-05-16 17:07:12,187 - mainlogger - INFO - valid
2024-05-16 17:07:20,451 - mainlogger - INFO - Dice score: 0.2747
2024-05-16 17:07:20,451 - mainlogger - INFO - Accuracy: 0.6214
2024-05-16 17:07:20,451 - mainlogger - INFO - Epoch 40  7.3580567836761475
2024-05-16 17:07:20,451 - mainlogger - INFO - ********************************************************************************
2024-05-16 17:07:25,389 - mainlogger - INFO - valid
2024-05-16 17:07:33,567 - mainlogger - INFO - Dice score: 0.2721
2024-05-16 17:07:33,567 - mainlogger - INFO - Accuracy: 0.6271
2024-05-16 17:07:33,568 - mainlogger - INFO - Epoch 41  7.323008030653
2024-05-16 17:07:33,568 - mainlogger - INFO - train
2024-05-16 17:07:38,257 - mainlogger - INFO - Dice score: 0.3425
2024-05-16 17:07:38,258 - mainlogger - INFO - Accuracy: 0.6715
2024-05-16 17:07:38,258 - mainlogger - INFO - test
2024-05-16 17:07:46,487 - mainlogger - INFO - Dice score: 0.2893
2024-05-16 17:07:46,488 - mainlogger - INFO - Accuracy: 0.6434
2024-05-16 17:07:46,488 - mainlogger - INFO - ********************************************************************************
2024-05-16 17:07:51,410 - mainlogger - INFO - valid
2024-05-16 17:07:59,354 - mainlogger - INFO - Dice score: 0.2749
2024-05-16 17:07:59,354 - mainlogger - INFO - Accuracy: 0.6221
2024-05-16 17:07:59,354 - mainlogger - INFO - Epoch 42  7.463833838701248
2024-05-16 17:07:59,354 - mainlogger - INFO - ********************************************************************************
2024-05-16 17:08:04,304 - mainlogger - INFO - valid
2024-05-16 17:08:12,470 - mainlogger - INFO - Dice score: 0.2773
2024-05-16 17:08:12,470 - mainlogger - INFO - Accuracy: 0.6852
2024-05-16 17:08:12,470 - mainlogger - INFO - Epoch 43  7.375000357627869
2024-05-16 17:08:12,470 - mainlogger - INFO - ********************************************************************************
2024-05-16 17:08:17,492 - mainlogger - INFO - valid
2024-05-16 17:08:25,554 - mainlogger - INFO - Dice score: 0.2381
2024-05-16 17:08:25,554 - mainlogger - INFO - Accuracy: 0.6763
2024-05-16 17:08:25,554 - mainlogger - INFO - Epoch 44  7.320946604013443
2024-05-16 17:08:25,554 - mainlogger - INFO - ********************************************************************************
2024-05-16 17:08:30,500 - mainlogger - INFO - valid
2024-05-16 17:08:38,570 - mainlogger - INFO - Dice score: 0.3001
2024-05-16 17:08:38,571 - mainlogger - INFO - Accuracy: 0.7129
2024-05-16 17:08:38,571 - mainlogger - INFO - Epoch 45  7.319002419710159
2024-05-16 17:08:38,571 - mainlogger - INFO - ********************************************************************************
2024-05-16 17:08:43,301 - mainlogger - INFO - valid
2024-05-16 17:08:51,469 - mainlogger - INFO - Dice score: 0.2828
2024-05-16 17:08:51,470 - mainlogger - INFO - Accuracy: 0.7043
2024-05-16 17:08:51,470 - mainlogger - INFO - Epoch 46  7.288753390312195
2024-05-16 17:08:51,470 - mainlogger - INFO - ********************************************************************************
2024-05-16 17:08:56,325 - mainlogger - INFO - valid
2024-05-16 17:09:04,468 - mainlogger - INFO - Dice score: 0.2967
2024-05-16 17:09:04,468 - mainlogger - INFO - Accuracy: 0.72
2024-05-16 17:09:04,468 - mainlogger - INFO - Epoch 47  7.387484669685364
2024-05-16 17:09:04,468 - mainlogger - INFO - ********************************************************************************
2024-05-16 17:09:09,538 - mainlogger - INFO - valid
2024-05-16 17:09:17,754 - mainlogger - INFO - Dice score: 0.2754
2024-05-16 17:09:17,754 - mainlogger - INFO - Accuracy: 0.6804
2024-05-16 17:09:17,754 - mainlogger - INFO - Epoch 48  7.147085100412369
2024-05-16 17:09:17,754 - mainlogger - INFO - ********************************************************************************
2024-05-16 17:09:22,687 - mainlogger - INFO - valid
2024-05-16 17:09:30,665 - mainlogger - INFO - Dice score: 0.2694
2024-05-16 17:09:30,665 - mainlogger - INFO - Accuracy: 0.6432
2024-05-16 17:09:30,665 - mainlogger - INFO - 1e-05->8.5e-06
2024-05-16 17:09:30,665 - mainlogger - INFO - Epoch 49  7.345940321683884
2024-05-16 17:09:30,665 - mainlogger - INFO - ********************************************************************************
2024-05-16 17:09:35,417 - mainlogger - INFO - valid
2024-05-16 17:09:43,368 - mainlogger - INFO - Dice score: 0.2797
2024-05-16 17:09:43,368 - mainlogger - INFO - Accuracy: 0.6361
2024-05-16 17:09:43,368 - mainlogger - INFO - Epoch 50  7.155235171318054
2024-05-16 17:09:43,368 - mainlogger - INFO - ********************************************************************************
2024-05-16 17:09:48,296 - mainlogger - INFO - valid
2024-05-16 17:09:56,354 - mainlogger - INFO - Dice score: 0.2926
2024-05-16 17:09:56,354 - mainlogger - INFO - Accuracy: 0.6991
2024-05-16 17:09:56,354 - mainlogger - INFO - Epoch 51  7.292379081249237
2024-05-16 17:09:56,354 - mainlogger - INFO - train
2024-05-16 17:10:01,259 - mainlogger - INFO - Dice score: 0.326
2024-05-16 17:10:01,259 - mainlogger - INFO - Accuracy: 0.7109
2024-05-16 17:10:01,259 - mainlogger - INFO - test
2024-05-16 17:10:09,487 - mainlogger - INFO - Dice score: 0.2927
2024-05-16 17:10:09,487 - mainlogger - INFO - Accuracy: 0.7092
2024-05-16 17:10:09,487 - mainlogger - INFO - ********************************************************************************
2024-05-16 17:10:14,256 - mainlogger - INFO - valid
2024-05-16 17:10:22,255 - mainlogger - INFO - Dice score: 0.2892
2024-05-16 17:10:22,255 - mainlogger - INFO - Accuracy: 0.6933
2024-05-16 17:10:22,255 - mainlogger - INFO - Epoch 52  7.281625926494598
2024-05-16 17:10:22,255 - mainlogger - INFO - ********************************************************************************
2024-05-16 17:10:26,970 - mainlogger - INFO - valid
2024-05-16 17:10:35,054 - mainlogger - INFO - Dice score: 0.273
2024-05-16 17:10:35,054 - mainlogger - INFO - Accuracy: 0.6347
2024-05-16 17:10:35,054 - mainlogger - INFO - 8.5e-06->7.2249999999999994e-06
2024-05-16 17:10:35,054 - mainlogger - INFO - Epoch 53  7.289910316467285
2024-05-16 17:10:35,054 - mainlogger - INFO - ********************************************************************************
2024-05-16 17:10:40,074 - mainlogger - INFO - valid
2024-05-16 17:10:48,205 - mainlogger - INFO - Dice score: 0.2927
2024-05-16 17:10:48,205 - mainlogger - INFO - Accuracy: 0.7282
2024-05-16 17:10:48,206 - mainlogger - INFO - Epoch 54  7.109510898590088
2024-05-16 17:10:48,206 - mainlogger - INFO - ********************************************************************************
2024-05-16 17:10:53,298 - mainlogger - INFO - valid
2024-05-16 17:11:01,367 - mainlogger - INFO - Dice score: 0.2758
2024-05-16 17:11:01,367 - mainlogger - INFO - Accuracy: 0.7456
2024-05-16 17:11:01,367 - mainlogger - INFO - Epoch 55  7.223150998353958
2024-05-16 17:11:01,367 - mainlogger - INFO - ********************************************************************************
2024-05-16 17:11:06,205 - mainlogger - INFO - valid
2024-05-16 17:11:13,217 - mainlogger - INFO - Dice score: 0.2744
2024-05-16 17:11:13,217 - mainlogger - INFO - Accuracy: 0.6938
2024-05-16 17:11:13,217 - mainlogger - INFO - Epoch 56  7.264947593212128
2024-05-16 17:11:13,217 - mainlogger - INFO - ********************************************************************************
2024-05-16 17:11:16,883 - mainlogger - INFO - valid
2024-05-16 17:11:23,313 - mainlogger - INFO - Dice score: 0.2608
2024-05-16 17:11:23,313 - mainlogger - INFO - Accuracy: 0.6259
2024-05-16 17:11:23,313 - mainlogger - INFO - 7.2249999999999994e-06->6.141249999999999e-06
2024-05-16 17:11:23,313 - mainlogger - INFO - Epoch 57  7.354395121335983
2024-05-16 17:11:23,313 - mainlogger - INFO - ********************************************************************************
2024-05-16 17:11:26,988 - mainlogger - INFO - valid
2024-05-16 17:11:33,306 - mainlogger - INFO - Dice score: 0.2623
2024-05-16 17:11:33,306 - mainlogger - INFO - Accuracy: 0.6252
2024-05-16 17:11:33,306 - mainlogger - INFO - Epoch 58  7.181731581687927
2024-05-16 17:11:33,306 - mainlogger - INFO - ********************************************************************************
2024-05-16 17:11:36,898 - mainlogger - INFO - valid
2024-05-16 17:11:43,317 - mainlogger - INFO - Dice score: 0.2755
2024-05-16 17:11:43,317 - mainlogger - INFO - Accuracy: 0.6878
2024-05-16 17:11:43,317 - mainlogger - INFO - Epoch 59  7.116458237171173
2024-05-16 17:11:43,317 - mainlogger - INFO - ********************************************************************************
2024-05-16 17:11:47,001 - mainlogger - INFO - valid
2024-05-16 17:11:53,302 - mainlogger - INFO - Dice score: 0.2913
2024-05-16 17:11:53,302 - mainlogger - INFO - Accuracy: 0.7599
2024-05-16 17:11:53,302 - mainlogger - INFO - Epoch 60  7.175794780254364
2024-05-16 17:11:53,302 - mainlogger - INFO - ********************************************************************************
2024-05-16 17:11:56,969 - mainlogger - INFO - valid
2024-05-16 17:12:03,312 - mainlogger - INFO - Dice score: 0.3281
2024-05-16 17:12:03,312 - mainlogger - INFO - Accuracy: 0.7641
2024-05-16 17:12:03,313 - mainlogger - INFO - Epoch 61  7.168564707040787
2024-05-16 17:12:03,313 - mainlogger - INFO - train
2024-05-16 17:12:07,116 - mainlogger - INFO - Dice score: 0.4011
2024-05-16 17:12:07,116 - mainlogger - INFO - Accuracy: 0.7908
2024-05-16 17:12:07,116 - mainlogger - INFO - test
2024-05-16 17:12:13,638 - mainlogger - INFO - Dice score: 0.3598
2024-05-16 17:12:13,638 - mainlogger - INFO - Accuracy: 0.7855
2024-05-16 17:12:13,638 - mainlogger - INFO - ********************************************************************************
2024-05-16 17:12:17,384 - mainlogger - INFO - valid
2024-05-16 17:12:23,856 - mainlogger - INFO - Dice score: 0.2897
2024-05-16 17:12:23,856 - mainlogger - INFO - Accuracy: 0.7004
2024-05-16 17:12:23,857 - mainlogger - INFO - Epoch 62  7.195475399494171
2024-05-16 17:12:23,857 - mainlogger - INFO - ********************************************************************************
2024-05-16 17:12:27,665 - mainlogger - INFO - valid
2024-05-16 17:12:35,288 - mainlogger - INFO - Dice score: 0.2823
2024-05-16 17:12:35,288 - mainlogger - INFO - Accuracy: 0.7334
2024-05-16 17:12:35,288 - mainlogger - INFO - Epoch 63  7.231473445892334
2024-05-16 17:12:35,288 - mainlogger - INFO - ********************************************************************************
2024-05-16 17:12:40,109 - mainlogger - INFO - valid
2024-05-16 17:12:48,214 - mainlogger - INFO - Dice score: 0.2846
2024-05-16 17:12:48,214 - mainlogger - INFO - Accuracy: 0.727
2024-05-16 17:12:48,214 - mainlogger - INFO - Epoch 64  7.20284640789032
2024-05-16 17:12:48,214 - mainlogger - INFO - ********************************************************************************
2024-05-16 17:12:52,988 - mainlogger - INFO - valid
2024-05-16 17:13:01,311 - mainlogger - INFO - Dice score: 0.29
2024-05-16 17:13:01,312 - mainlogger - INFO - Accuracy: 0.7496
2024-05-16 17:13:01,312 - mainlogger - INFO - 6.141249999999999e-06->5.220062499999999e-06
2024-05-16 17:13:01,312 - mainlogger - INFO - Epoch 65  7.097693026065826
2024-05-16 17:13:01,312 - mainlogger - INFO - ********************************************************************************
2024-05-16 17:13:06,210 - mainlogger - INFO - valid
2024-05-16 17:13:14,108 - mainlogger - INFO - Dice score: 0.2737
2024-05-16 17:13:14,108 - mainlogger - INFO - Accuracy: 0.7447
2024-05-16 17:13:14,108 - mainlogger - INFO - Epoch 66  7.154366284608841
2024-05-16 17:13:14,108 - mainlogger - INFO - ********************************************************************************
2024-05-16 17:13:19,008 - mainlogger - INFO - valid
2024-05-16 17:13:27,250 - mainlogger - INFO - Dice score: 0.3199
2024-05-16 17:13:27,250 - mainlogger - INFO - Accuracy: 0.7615
2024-05-16 17:13:27,250 - mainlogger - INFO - Epoch 67  7.245808154344559
2024-05-16 17:13:27,250 - mainlogger - INFO - ********************************************************************************
2024-05-16 17:13:31,881 - mainlogger - INFO - valid
2024-05-16 17:13:40,082 - mainlogger - INFO - Dice score: 0.2771
2024-05-16 17:13:40,082 - mainlogger - INFO - Accuracy: 0.7726
2024-05-16 17:13:40,082 - mainlogger - INFO - Epoch 68  7.096710592508316
2024-05-16 17:13:40,082 - mainlogger - INFO - ********************************************************************************
2024-05-16 17:13:44,899 - mainlogger - INFO - valid
2024-05-16 17:13:52,963 - mainlogger - INFO - Dice score: 0.3199
2024-05-16 17:13:52,963 - mainlogger - INFO - Accuracy: 0.7596
2024-05-16 17:13:52,963 - mainlogger - INFO - 5.220062499999999e-06->4.4370531249999995e-06
2024-05-16 17:13:52,963 - mainlogger - INFO - Epoch 69  7.222744286060333
2024-05-16 17:13:52,963 - mainlogger - INFO - ********************************************************************************
2024-05-16 17:13:57,911 - mainlogger - INFO - valid
2024-05-16 17:14:06,012 - mainlogger - INFO - Dice score: 0.3164
2024-05-16 17:14:06,012 - mainlogger - INFO - Accuracy: 0.7416
2024-05-16 17:14:06,012 - mainlogger - INFO - Epoch 70  6.981321483850479
2024-05-16 17:14:06,012 - mainlogger - INFO - ********************************************************************************
2024-05-16 17:14:10,895 - mainlogger - INFO - valid
2024-05-16 17:14:19,037 - mainlogger - INFO - Dice score: 0.3344
2024-05-16 17:14:19,037 - mainlogger - INFO - Accuracy: 0.7756
2024-05-16 17:14:19,037 - mainlogger - INFO - Epoch 71  7.055605083703995
2024-05-16 17:14:19,037 - mainlogger - INFO - train
2024-05-16 17:14:23,854 - mainlogger - INFO - Dice score: 0.3736
2024-05-16 17:14:23,854 - mainlogger - INFO - Accuracy: 0.7853
2024-05-16 17:14:23,854 - mainlogger - INFO - test
2024-05-16 17:14:31,959 - mainlogger - INFO - Dice score: 0.3428
2024-05-16 17:14:31,959 - mainlogger - INFO - Accuracy: 0.7859
2024-05-16 17:14:31,959 - mainlogger - INFO - ********************************************************************************
2024-05-16 17:14:36,756 - mainlogger - INFO - valid
2024-05-16 17:14:44,842 - mainlogger - INFO - Dice score: 0.3695
2024-05-16 17:14:44,842 - mainlogger - INFO - Accuracy: 0.7681
2024-05-16 17:14:44,842 - mainlogger - INFO - Epoch 72  7.1225583255290985
2024-05-16 17:14:44,842 - mainlogger - INFO - ********************************************************************************
2024-05-16 17:14:49,722 - mainlogger - INFO - valid
2024-05-16 17:14:57,860 - mainlogger - INFO - Dice score: 0.3461
2024-05-16 17:14:57,860 - mainlogger - INFO - Accuracy: 0.7995
2024-05-16 17:14:57,860 - mainlogger - INFO - Epoch 73  7.028328210115433
2024-05-16 17:14:57,860 - mainlogger - INFO - ********************************************************************************
2024-05-16 17:15:02,501 - mainlogger - INFO - valid
2024-05-16 17:15:10,555 - mainlogger - INFO - Dice score: 0.3406
2024-05-16 17:15:10,555 - mainlogger - INFO - Accuracy: 0.7938
2024-05-16 17:15:10,555 - mainlogger - INFO - Epoch 74  7.04330649971962
2024-05-16 17:15:10,555 - mainlogger - INFO - ********************************************************************************
2024-05-16 17:15:15,326 - mainlogger - INFO - valid
2024-05-16 17:15:23,665 - mainlogger - INFO - Dice score: 0.3303
2024-05-16 17:15:23,666 - mainlogger - INFO - Accuracy: 0.7793
2024-05-16 17:15:23,666 - mainlogger - INFO - Epoch 75  6.995848834514618
2024-05-16 17:15:23,666 - mainlogger - INFO - ********************************************************************************
2024-05-16 17:15:28,488 - mainlogger - INFO - valid
2024-05-16 17:15:36,669 - mainlogger - INFO - Dice score: 0.2914
2024-05-16 17:15:36,669 - mainlogger - INFO - Accuracy: 0.7394
2024-05-16 17:15:36,669 - mainlogger - INFO - 4.4370531249999995e-06->3.7714951562499997e-06
2024-05-16 17:15:36,669 - mainlogger - INFO - Epoch 76  7.165871977806091
2024-05-16 17:15:36,669 - mainlogger - INFO - ********************************************************************************
2024-05-16 17:15:41,783 - mainlogger - INFO - valid
2024-05-16 17:15:49,865 - mainlogger - INFO - Dice score: 0.2986
2024-05-16 17:15:49,865 - mainlogger - INFO - Accuracy: 0.7067
2024-05-16 17:15:49,865 - mainlogger - INFO - Epoch 77  7.016094416379929
2024-05-16 17:15:49,865 - mainlogger - INFO - ********************************************************************************
2024-05-16 17:15:54,693 - mainlogger - INFO - valid
2024-05-16 17:16:02,941 - mainlogger - INFO - Dice score: 0.3207
2024-05-16 17:16:02,942 - mainlogger - INFO - Accuracy: 0.7453
2024-05-16 17:16:02,942 - mainlogger - INFO - Epoch 78  7.17325022816658
2024-05-16 17:16:02,942 - mainlogger - INFO - ********************************************************************************
2024-05-16 17:16:07,811 - mainlogger - INFO - valid
2024-05-16 17:16:16,085 - mainlogger - INFO - Dice score: 0.2937
2024-05-16 17:16:16,085 - mainlogger - INFO - Accuracy: 0.7587
2024-05-16 17:16:16,085 - mainlogger - INFO - Epoch 79  7.126010596752167
2024-05-16 17:16:16,085 - mainlogger - INFO - ********************************************************************************
2024-05-16 17:16:21,188 - mainlogger - INFO - valid
2024-05-16 17:16:29,314 - mainlogger - INFO - Dice score: 0.32
2024-05-16 17:16:29,314 - mainlogger - INFO - Accuracy: 0.7349
2024-05-16 17:16:29,314 - mainlogger - INFO - 3.7714951562499997e-06->3.2057708828124997e-06
2024-05-16 17:16:29,314 - mainlogger - INFO - Epoch 80  7.0314163863658905
2024-05-16 17:16:29,314 - mainlogger - INFO - ********************************************************************************
2024-05-16 17:16:34,184 - mainlogger - INFO - valid
2024-05-16 17:16:42,385 - mainlogger - INFO - Dice score: 0.316
2024-05-16 17:16:42,385 - mainlogger - INFO - Accuracy: 0.7562
2024-05-16 17:16:42,385 - mainlogger - INFO - Epoch 81  7.044581055641174
2024-05-16 17:16:42,385 - mainlogger - INFO - train
2024-05-16 17:16:47,208 - mainlogger - INFO - Dice score: 0.3564
2024-05-16 17:16:47,208 - mainlogger - INFO - Accuracy: 0.7737
2024-05-16 17:16:47,208 - mainlogger - INFO - test
2024-05-16 17:16:55,272 - mainlogger - INFO - Dice score: 0.3269
2024-05-16 17:16:55,273 - mainlogger - INFO - Accuracy: 0.7708
2024-05-16 17:16:55,273 - mainlogger - INFO - ********************************************************************************
2024-05-16 17:17:00,220 - mainlogger - INFO - valid
2024-05-16 17:17:08,278 - mainlogger - INFO - Dice score: 0.3632
2024-05-16 17:17:08,278 - mainlogger - INFO - Accuracy: 0.7971
2024-05-16 17:17:08,278 - mainlogger - INFO - Epoch 82  7.111078709363937
2024-05-16 17:17:08,278 - mainlogger - INFO - ********************************************************************************
2024-05-16 17:17:13,209 - mainlogger - INFO - valid
2024-05-16 17:17:21,352 - mainlogger - INFO - Dice score: 0.3323
2024-05-16 17:17:21,352 - mainlogger - INFO - Accuracy: 0.8072
2024-05-16 17:17:21,352 - mainlogger - INFO - Epoch 83  6.985091149806976
2024-05-16 17:17:21,353 - mainlogger - INFO - ********************************************************************************
2024-05-16 17:17:26,208 - mainlogger - INFO - valid
2024-05-16 17:17:34,303 - mainlogger - INFO - Dice score: 0.3372
2024-05-16 17:17:34,303 - mainlogger - INFO - Accuracy: 0.7639
2024-05-16 17:17:34,303 - mainlogger - INFO - 3.2057708828124997e-06->2.7249052503906246e-06
2024-05-16 17:17:34,303 - mainlogger - INFO - Epoch 84  7.239338159561157
2024-05-16 17:17:34,303 - mainlogger - INFO - ********************************************************************************
2024-05-16 17:17:39,225 - mainlogger - INFO - valid
2024-05-16 17:17:47,364 - mainlogger - INFO - Dice score: 0.3207
2024-05-16 17:17:47,365 - mainlogger - INFO - Accuracy: 0.7671
2024-05-16 17:17:47,365 - mainlogger - INFO - Epoch 85  7.067810595035553
2024-05-16 17:17:47,365 - mainlogger - INFO - ********************************************************************************
2024-05-16 17:17:52,286 - mainlogger - INFO - valid
2024-05-16 17:18:00,271 - mainlogger - INFO - Dice score: 0.3218
2024-05-16 17:18:00,271 - mainlogger - INFO - Accuracy: 0.7992
2024-05-16 17:18:00,271 - mainlogger - INFO - Epoch 86  7.110085099935532
2024-05-16 17:18:00,271 - mainlogger - INFO - ********************************************************************************
2024-05-16 17:18:04,214 - mainlogger - INFO - valid
2024-05-16 17:18:10,713 - mainlogger - INFO - Dice score: 0.305
2024-05-16 17:18:10,713 - mainlogger - INFO - Accuracy: 0.7483
2024-05-16 17:18:10,713 - mainlogger - INFO - Epoch 87  7.128197103738785
2024-05-16 17:18:10,713 - mainlogger - INFO - ********************************************************************************
2024-05-16 17:18:14,465 - mainlogger - INFO - valid
2024-05-16 17:18:20,878 - mainlogger - INFO - Dice score: 0.3348
2024-05-16 17:18:20,878 - mainlogger - INFO - Accuracy: 0.7884
2024-05-16 17:18:20,878 - mainlogger - INFO - 2.7249052503906246e-06->2.316169462832031e-06
2024-05-16 17:18:20,878 - mainlogger - INFO - Epoch 88  7.009017467498779
2024-05-16 17:18:20,878 - mainlogger - INFO - ********************************************************************************
2024-05-16 17:18:24,609 - mainlogger - INFO - valid
2024-05-16 17:18:31,098 - mainlogger - INFO - Dice score: 0.3387
2024-05-16 17:18:31,098 - mainlogger - INFO - Accuracy: 0.7297
2024-05-16 17:18:31,098 - mainlogger - INFO - Epoch 89  7.149361848831177
2024-05-16 17:18:31,098 - mainlogger - INFO - ********************************************************************************
2024-05-16 17:18:34,798 - mainlogger - INFO - valid
2024-05-16 17:18:41,166 - mainlogger - INFO - Dice score: 0.3537
2024-05-16 17:18:41,166 - mainlogger - INFO - Accuracy: 0.8446
2024-05-16 17:18:41,166 - mainlogger - INFO - Epoch 90  6.9646419286727905
2024-05-16 17:18:41,166 - mainlogger - INFO - ********************************************************************************
2024-05-16 17:18:44,917 - mainlogger - INFO - valid
2024-05-16 17:18:51,394 - mainlogger - INFO - Dice score: 0.3013
2024-05-16 17:18:51,394 - mainlogger - INFO - Accuracy: 0.7161
2024-05-16 17:18:51,394 - mainlogger - INFO - Epoch 91  7.2237003445625305
2024-05-16 17:18:51,394 - mainlogger - INFO - train
2024-05-16 17:18:55,180 - mainlogger - INFO - Dice score: 0.3622
2024-05-16 17:18:55,181 - mainlogger - INFO - Accuracy: 0.7359
2024-05-16 17:18:55,181 - mainlogger - INFO - test
2024-05-16 17:19:01,576 - mainlogger - INFO - Dice score: 0.3175
2024-05-16 17:19:01,576 - mainlogger - INFO - Accuracy: 0.7303
2024-05-16 17:19:01,576 - mainlogger - INFO - ********************************************************************************
2024-05-16 17:19:05,301 - mainlogger - INFO - valid
2024-05-16 17:19:11,711 - mainlogger - INFO - Dice score: 0.3187
2024-05-16 17:19:11,711 - mainlogger - INFO - Accuracy: 0.7821
2024-05-16 17:19:11,711 - mainlogger - INFO - 2.316169462832031e-06->1.9687440434072264e-06
2024-05-16 17:19:11,711 - mainlogger - INFO - Epoch 92  7.18231725692749
2024-05-16 17:19:11,711 - mainlogger - INFO - ********************************************************************************
2024-05-16 17:19:15,471 - mainlogger - INFO - valid
2024-05-16 17:19:21,900 - mainlogger - INFO - Dice score: 0.2987
2024-05-16 17:19:21,901 - mainlogger - INFO - Accuracy: 0.788
2024-05-16 17:19:21,901 - mainlogger - INFO - Epoch 93  7.160813480615616
2024-05-16 17:19:21,901 - mainlogger - INFO - ********************************************************************************
2024-05-16 17:19:26,496 - mainlogger - INFO - valid
2024-05-16 17:19:34,575 - mainlogger - INFO - Dice score: 0.332
2024-05-16 17:19:34,575 - mainlogger - INFO - Accuracy: 0.7561
2024-05-16 17:19:34,575 - mainlogger - INFO - Epoch 94  7.230943918228149
2024-05-16 17:19:34,575 - mainlogger - INFO - ********************************************************************************
2024-05-16 17:19:39,373 - mainlogger - INFO - valid
2024-05-16 17:19:47,712 - mainlogger - INFO - Dice score: 0.3321
2024-05-16 17:19:47,712 - mainlogger - INFO - Accuracy: 0.7496
2024-05-16 17:19:47,712 - mainlogger - INFO - Epoch 95  7.070067524909973
2024-05-16 17:19:47,712 - mainlogger - INFO - ********************************************************************************
2024-05-16 17:19:52,781 - mainlogger - INFO - valid
2024-05-16 17:20:00,708 - mainlogger - INFO - Dice score: 0.3184
2024-05-16 17:20:00,708 - mainlogger - INFO - Accuracy: 0.7137
2024-05-16 17:20:00,708 - mainlogger - INFO - 1.9687440434072264e-06->1.6734324368961425e-06
2024-05-16 17:20:00,708 - mainlogger - INFO - Epoch 96  7.093985497951508
2024-05-16 17:20:00,708 - mainlogger - INFO - ********************************************************************************
2024-05-16 17:20:05,297 - mainlogger - INFO - valid
2024-05-16 17:20:13,394 - mainlogger - INFO - Dice score: 0.3218
2024-05-16 17:20:13,394 - mainlogger - INFO - Accuracy: 0.7564
2024-05-16 17:20:13,394 - mainlogger - INFO - Epoch 97  7.0346499979496
2024-05-16 17:20:13,394 - mainlogger - INFO - ********************************************************************************
2024-05-16 17:20:18,203 - mainlogger - INFO - valid
2024-05-16 17:20:26,467 - mainlogger - INFO - Dice score: 0.3203
2024-05-16 17:20:26,467 - mainlogger - INFO - Accuracy: 0.7598
2024-05-16 17:20:26,467 - mainlogger - INFO - Epoch 98  7.186516314744949
2024-05-16 17:20:26,467 - mainlogger - INFO - ********************************************************************************
2024-05-16 17:20:31,505 - mainlogger - INFO - valid
2024-05-16 17:20:39,854 - mainlogger - INFO - Dice score: 0.3241
2024-05-16 17:20:39,854 - mainlogger - INFO - Accuracy: 0.7558
2024-05-16 17:20:39,854 - mainlogger - INFO - Epoch 99  7.173973053693771
2024-05-16 17:20:39,855 - mainlogger - INFO - train
2024-05-16 17:20:44,853 - mainlogger - INFO - Dice score: 0.3452
2024-05-16 17:20:44,853 - mainlogger - INFO - Accuracy: 0.7566
2024-05-16 17:20:44,853 - mainlogger - INFO - test
2024-05-16 17:20:53,076 - mainlogger - INFO - Dice score: 0.3482
2024-05-16 17:20:53,076 - mainlogger - INFO - Accuracy: 0.77
2024-05-16 17:20:53,077 - mainlogger - INFO - ********************************************************************************
2024-05-16 17:20:53,077 - mainlogger - INFO - (71, 75)
2024-05-16 17:20:53,077 - mainlogger - INFO - 0.344187619530838
