2024-05-16 19:59:04,489 - mainlogger - INFO - 6168
2024-05-16 19:59:04,489 - mainlogger - INFO - <class '__main__.UniversegPipeline'>
2024-05-16 19:59:04,489 - mainlogger - INFO - universeg_config/init_relu2.yaml
2024-05-16 19:59:04,489 - mainlogger - INFO - {'desc': 'batch_size=8', 'batch_size': 8, 'epochs': 100, 'k': 2, 'root_dir': '/Dataset_BUSI', 'model': {'name': 'universeg_batchnorm.universeg.UniverSeg', 'args': {'channels': [64, 128, 256, 256, 512], 'in_channels': [1, 2], 'init': True, 'act': 'ReLU'}}, 'trainset': {'name': 'datasetBUSI.mask_busi_single.MaskBUSISingle', 'args': {'root_dir': '/Dataset_BUSI', 'image_names_path': 'labeled20.txt', 'mode': 'train'}}, 'testset': {'name': 'datasetBUSI.mask_busi_single.MaskBUSISingle', 'args': {'root_dir': '/Dataset_BUSI', 'image_names_path': 'test.txt', 'mode': 'test'}}, 'validset': {'name': 'datasetBUSI.mask_busi_single.MaskBUSISingle', 'args': {'root_dir': '/Dataset_BUSI', 'image_names_path': 'val.txt', 'mode': 'test'}}, 'criterion': {'name': 'spgutils.focalloss.BinaryFocalLoss', 'args': {'gamma': 1}}, 'optimizer': {'name': 'torch.optim.Adam', 'args': {'lr': 0.0001}}, 'scheduler': {'name': 'torch.optim.lr_scheduler.ReduceLROnPlateau', 'args': {'mode': 'max', 'factor': 0.85, 'patience': 3}}}
2024-05-16 19:59:04,489 - mainlogger - INFO - 20.491838455200195
2024-05-16 19:59:15,281 - mainlogger - INFO - Epoch 0  3.674691677093506
2024-05-16 19:59:15,281 - mainlogger - INFO - ********************************************************************************
2024-05-16 19:59:23,127 - mainlogger - INFO - Epoch 1  3.280342847108841
2024-05-16 19:59:23,127 - mainlogger - INFO - train
2024-05-16 19:59:31,206 - mainlogger - INFO - Dice score: 0.423
2024-05-16 19:59:31,206 - mainlogger - INFO - Accuracy: 0.7911
2024-05-16 19:59:31,206 - mainlogger - INFO - test
2024-05-16 19:59:44,909 - mainlogger - INFO - Dice score: 0.3819
2024-05-16 19:59:44,909 - mainlogger - INFO - Accuracy: 0.8002
2024-05-16 19:59:44,909 - mainlogger - INFO - ********************************************************************************
2024-05-16 19:59:53,011 - mainlogger - INFO - Epoch 2  3.206027001142502
2024-05-16 19:59:53,011 - mainlogger - INFO - ********************************************************************************
2024-05-16 20:00:00,937 - mainlogger - INFO - Epoch 3  2.9762126207351685
2024-05-16 20:00:00,937 - mainlogger - INFO - ********************************************************************************
2024-05-16 20:00:08,727 - mainlogger - INFO - Epoch 4  3.06398206949234
2024-05-16 20:00:08,727 - mainlogger - INFO - ********************************************************************************
2024-05-16 20:00:16,526 - mainlogger - INFO - Epoch 5  2.912410855293274
2024-05-16 20:00:16,526 - mainlogger - INFO - ********************************************************************************
2024-05-16 20:00:24,515 - mainlogger - INFO - Epoch 6  3.0364245772361755
2024-05-16 20:00:24,516 - mainlogger - INFO - ********************************************************************************
2024-05-16 20:00:32,628 - mainlogger - INFO - Epoch 7  2.901161104440689
2024-05-16 20:00:32,628 - mainlogger - INFO - ********************************************************************************
2024-05-16 20:00:40,421 - mainlogger - INFO - Epoch 8  2.8781269788742065
2024-05-16 20:00:40,422 - mainlogger - INFO - ********************************************************************************
2024-05-16 20:00:49,029 - mainlogger - INFO - Epoch 9  2.8446431905031204
2024-05-16 20:00:49,029 - mainlogger - INFO - ********************************************************************************
2024-05-16 20:00:57,127 - mainlogger - INFO - Epoch 10  2.7602709233760834
2024-05-16 20:00:57,127 - mainlogger - INFO - ********************************************************************************
2024-05-16 20:01:04,824 - mainlogger - INFO - Epoch 11  2.8317830860614777
2024-05-16 20:01:04,824 - mainlogger - INFO - train
2024-05-16 20:01:12,545 - mainlogger - INFO - Dice score: 0.5298
2024-05-16 20:01:12,545 - mainlogger - INFO - Accuracy: 0.8623
2024-05-16 20:01:12,545 - mainlogger - INFO - test
2024-05-16 20:01:25,858 - mainlogger - INFO - Dice score: 0.5
2024-05-16 20:01:25,858 - mainlogger - INFO - Accuracy: 0.875
2024-05-16 20:01:25,858 - mainlogger - INFO - ********************************************************************************
2024-05-16 20:01:33,641 - mainlogger - INFO - Epoch 12  2.694411724805832
2024-05-16 20:01:33,641 - mainlogger - INFO - ********************************************************************************
2024-05-16 20:01:41,942 - mainlogger - INFO - Epoch 13  2.76408052444458
2024-05-16 20:01:41,942 - mainlogger - INFO - ********************************************************************************
2024-05-16 20:01:49,938 - mainlogger - INFO - Epoch 14  2.830358773469925
2024-05-16 20:01:49,938 - mainlogger - INFO - ********************************************************************************
2024-05-16 20:01:57,847 - mainlogger - INFO - Epoch 15  2.81463186442852
2024-05-16 20:01:57,847 - mainlogger - INFO - ********************************************************************************
2024-05-16 20:02:05,912 - mainlogger - INFO - Epoch 16  2.777509704232216
2024-05-16 20:02:05,913 - mainlogger - INFO - ********************************************************************************
2024-05-16 20:02:13,916 - mainlogger - INFO - Epoch 17  2.708417668938637
2024-05-16 20:02:13,916 - mainlogger - INFO - ********************************************************************************
2024-05-16 20:02:22,085 - mainlogger - INFO - Epoch 18  2.6420330703258514
2024-05-16 20:02:22,086 - mainlogger - INFO - ********************************************************************************
2024-05-16 20:02:29,813 - mainlogger - INFO - Epoch 19  2.6307988464832306
2024-05-16 20:02:29,813 - mainlogger - INFO - ********************************************************************************
2024-05-16 20:02:37,938 - mainlogger - INFO - Epoch 20  2.636358067393303
2024-05-16 20:02:37,938 - mainlogger - INFO - ********************************************************************************
2024-05-16 20:02:45,712 - mainlogger - INFO - Epoch 21  2.600260630249977
2024-05-16 20:02:45,712 - mainlogger - INFO - train
2024-05-16 20:02:53,550 - mainlogger - INFO - Dice score: 0.6546
2024-05-16 20:02:53,550 - mainlogger - INFO - Accuracy: 0.9114
2024-05-16 20:02:53,550 - mainlogger - INFO - test
2024-05-16 20:03:06,453 - mainlogger - INFO - Dice score: 0.5637
2024-05-16 20:03:06,453 - mainlogger - INFO - Accuracy: 0.9032
2024-05-16 20:03:06,453 - mainlogger - INFO - ********************************************************************************
2024-05-16 20:03:14,217 - mainlogger - INFO - Epoch 22  2.753703996539116
2024-05-16 20:03:14,217 - mainlogger - INFO - ********************************************************************************
2024-05-16 20:03:22,124 - mainlogger - INFO - Epoch 23  2.575366720557213
2024-05-16 20:03:22,124 - mainlogger - INFO - ********************************************************************************
2024-05-16 20:03:29,944 - mainlogger - INFO - Epoch 24  2.660431742668152
2024-05-16 20:03:29,944 - mainlogger - INFO - ********************************************************************************
2024-05-16 20:03:37,911 - mainlogger - INFO - Epoch 25  2.700919821858406
2024-05-16 20:03:37,911 - mainlogger - INFO - ********************************************************************************
2024-05-16 20:03:45,835 - mainlogger - INFO - Epoch 26  2.5592116117477417
2024-05-16 20:03:45,835 - mainlogger - INFO - ********************************************************************************
2024-05-16 20:03:53,831 - mainlogger - INFO - Epoch 27  2.5412402004003525
2024-05-16 20:03:53,831 - mainlogger - INFO - ********************************************************************************
2024-05-16 20:04:01,914 - mainlogger - INFO - Epoch 28  2.517307162284851
2024-05-16 20:04:01,914 - mainlogger - INFO - ********************************************************************************
2024-05-16 20:04:10,316 - mainlogger - INFO - Epoch 29  2.57186459004879
2024-05-16 20:04:10,316 - mainlogger - INFO - ********************************************************************************
2024-05-16 20:04:18,627 - mainlogger - INFO - Epoch 30  2.5017994046211243
2024-05-16 20:04:18,628 - mainlogger - INFO - ********************************************************************************
2024-05-16 20:04:26,916 - mainlogger - INFO - Epoch 31  2.420983850955963
2024-05-16 20:04:26,916 - mainlogger - INFO - train
2024-05-16 20:04:34,782 - mainlogger - INFO - Dice score: 0.6949
2024-05-16 20:04:34,782 - mainlogger - INFO - Accuracy: 0.913
2024-05-16 20:04:34,782 - mainlogger - INFO - test
2024-05-16 20:04:47,988 - mainlogger - INFO - Dice score: 0.5243
2024-05-16 20:04:47,988 - mainlogger - INFO - Accuracy: 0.8862
2024-05-16 20:04:47,988 - mainlogger - INFO - ********************************************************************************
2024-05-16 20:04:55,935 - mainlogger - INFO - Epoch 32  2.518773138523102
2024-05-16 20:04:55,935 - mainlogger - INFO - ********************************************************************************
2024-05-16 20:05:03,640 - mainlogger - INFO - Epoch 33  2.420274004340172
2024-05-16 20:05:03,640 - mainlogger - INFO - ********************************************************************************
2024-05-16 20:05:11,430 - mainlogger - INFO - Epoch 34  2.4499323964118958
2024-05-16 20:05:11,430 - mainlogger - INFO - ********************************************************************************
2024-05-16 20:05:19,298 - mainlogger - INFO - Epoch 35  2.5301079601049423
2024-05-16 20:05:19,299 - mainlogger - INFO - ********************************************************************************
2024-05-16 20:05:26,948 - mainlogger - INFO - Epoch 36  2.45184126496315
2024-05-16 20:05:26,948 - mainlogger - INFO - ********************************************************************************
2024-05-16 20:05:35,040 - mainlogger - INFO - Epoch 37  2.4721077531576157
2024-05-16 20:05:35,040 - mainlogger - INFO - ********************************************************************************
2024-05-16 20:05:42,649 - mainlogger - INFO - Epoch 38  2.3851830661296844
2024-05-16 20:05:42,650 - mainlogger - INFO - ********************************************************************************
2024-05-16 20:05:50,523 - mainlogger - INFO - Epoch 39  2.3722738921642303
2024-05-16 20:05:50,523 - mainlogger - INFO - ********************************************************************************
2024-05-16 20:05:58,412 - mainlogger - INFO - valid
2024-05-16 20:06:11,967 - mainlogger - INFO - Dice score: 0.5671
2024-05-16 20:06:11,967 - mainlogger - INFO - Accuracy: 0.8912
2024-05-16 20:06:11,967 - mainlogger - INFO - Epoch 40  2.334576055407524
2024-05-16 20:06:11,967 - mainlogger - INFO - ********************************************************************************
2024-05-16 20:06:19,834 - mainlogger - INFO - valid
2024-05-16 20:06:32,380 - mainlogger - INFO - Dice score: 0.5507
2024-05-16 20:06:32,380 - mainlogger - INFO - Accuracy: 0.8758
2024-05-16 20:06:32,380 - mainlogger - INFO - Epoch 41  2.3952959030866623
2024-05-16 20:06:32,380 - mainlogger - INFO - train
2024-05-16 20:06:40,284 - mainlogger - INFO - Dice score: 0.7249
2024-05-16 20:06:40,284 - mainlogger - INFO - Accuracy: 0.9223
2024-05-16 20:06:40,284 - mainlogger - INFO - test
2024-05-16 20:06:52,569 - mainlogger - INFO - Dice score: 0.5602
2024-05-16 20:06:52,569 - mainlogger - INFO - Accuracy: 0.8895
2024-05-16 20:06:52,569 - mainlogger - INFO - ********************************************************************************
2024-05-16 20:07:00,038 - mainlogger - INFO - valid
2024-05-16 20:07:12,557 - mainlogger - INFO - Dice score: 0.5675
2024-05-16 20:07:12,557 - mainlogger - INFO - Accuracy: 0.892
2024-05-16 20:07:12,557 - mainlogger - INFO - Epoch 42  2.3313881158828735
2024-05-16 20:07:12,557 - mainlogger - INFO - ********************************************************************************
2024-05-16 20:07:20,238 - mainlogger - INFO - valid
2024-05-16 20:07:33,162 - mainlogger - INFO - Dice score: 0.5799
2024-05-16 20:07:33,162 - mainlogger - INFO - Accuracy: 0.8883
2024-05-16 20:07:33,162 - mainlogger - INFO - Epoch 43  2.3048342913389206
2024-05-16 20:07:33,162 - mainlogger - INFO - ********************************************************************************
2024-05-16 20:07:40,733 - mainlogger - INFO - valid
2024-05-16 20:07:53,151 - mainlogger - INFO - Dice score: 0.5407
2024-05-16 20:07:53,151 - mainlogger - INFO - Accuracy: 0.871
2024-05-16 20:07:53,151 - mainlogger - INFO - Epoch 44  2.3797864764928818
2024-05-16 20:07:53,151 - mainlogger - INFO - ********************************************************************************
2024-05-16 20:08:01,113 - mainlogger - INFO - valid
2024-05-16 20:08:13,140 - mainlogger - INFO - Dice score: 0.5262
2024-05-16 20:08:13,140 - mainlogger - INFO - Accuracy: 0.8614
2024-05-16 20:08:13,140 - mainlogger - INFO - Epoch 45  2.4957803040742874
2024-05-16 20:08:13,140 - mainlogger - INFO - ********************************************************************************
2024-05-16 20:08:20,943 - mainlogger - INFO - valid
2024-05-16 20:08:33,550 - mainlogger - INFO - Dice score: 0.5831
2024-05-16 20:08:33,550 - mainlogger - INFO - Accuracy: 0.9084
2024-05-16 20:08:33,550 - mainlogger - INFO - Epoch 46  2.52127867937088
2024-05-16 20:08:33,550 - mainlogger - INFO - ********************************************************************************
2024-05-16 20:08:40,817 - mainlogger - INFO - valid
2024-05-16 20:08:53,652 - mainlogger - INFO - Dice score: 0.5433
2024-05-16 20:08:53,652 - mainlogger - INFO - Accuracy: 0.8693
2024-05-16 20:08:53,652 - mainlogger - INFO - Epoch 47  2.3817140758037567
2024-05-16 20:08:53,652 - mainlogger - INFO - ********************************************************************************
2024-05-16 20:09:01,436 - mainlogger - INFO - valid
2024-05-16 20:09:13,853 - mainlogger - INFO - Dice score: 0.5361
2024-05-16 20:09:13,853 - mainlogger - INFO - Accuracy: 0.8626
2024-05-16 20:09:13,853 - mainlogger - INFO - Epoch 48  2.290646567940712
2024-05-16 20:09:13,853 - mainlogger - INFO - ********************************************************************************
2024-05-16 20:09:21,747 - mainlogger - INFO - valid
2024-05-16 20:09:33,879 - mainlogger - INFO - Dice score: 0.5835
2024-05-16 20:09:33,879 - mainlogger - INFO - Accuracy: 0.8957
2024-05-16 20:09:33,879 - mainlogger - INFO - Epoch 49  2.359592095017433
2024-05-16 20:09:33,879 - mainlogger - INFO - ********************************************************************************
2024-05-16 20:09:41,798 - mainlogger - INFO - valid
2024-05-16 20:09:54,166 - mainlogger - INFO - Dice score: 0.5752
2024-05-16 20:09:54,166 - mainlogger - INFO - Accuracy: 0.8968
2024-05-16 20:09:54,166 - mainlogger - INFO - Epoch 50  2.253711059689522
2024-05-16 20:09:54,166 - mainlogger - INFO - ********************************************************************************
2024-05-16 20:10:01,735 - mainlogger - INFO - valid
2024-05-16 20:10:14,191 - mainlogger - INFO - Dice score: 0.5212
2024-05-16 20:10:14,191 - mainlogger - INFO - Accuracy: 0.8679
2024-05-16 20:10:14,191 - mainlogger - INFO - Epoch 51  2.258469581604004
2024-05-16 20:10:14,191 - mainlogger - INFO - train
2024-05-16 20:10:21,853 - mainlogger - INFO - Dice score: 0.7303
2024-05-16 20:10:21,853 - mainlogger - INFO - Accuracy: 0.9209
2024-05-16 20:10:21,853 - mainlogger - INFO - test
2024-05-16 20:10:33,770 - mainlogger - INFO - Dice score: 0.5472
2024-05-16 20:10:33,770 - mainlogger - INFO - Accuracy: 0.8839
2024-05-16 20:10:33,770 - mainlogger - INFO - ********************************************************************************
2024-05-16 20:10:40,937 - mainlogger - INFO - valid
2024-05-16 20:10:52,446 - mainlogger - INFO - Dice score: 0.5812
2024-05-16 20:10:52,446 - mainlogger - INFO - Accuracy: 0.8907
2024-05-16 20:10:52,446 - mainlogger - INFO - Epoch 52  2.252490356564522
2024-05-16 20:10:52,446 - mainlogger - INFO - ********************************************************************************
2024-05-16 20:10:59,717 - mainlogger - INFO - valid
2024-05-16 20:11:10,975 - mainlogger - INFO - Dice score: 0.5885
2024-05-16 20:11:10,975 - mainlogger - INFO - Accuracy: 0.8987
2024-05-16 20:11:10,975 - mainlogger - INFO - Epoch 53  2.228934347629547
2024-05-16 20:11:10,975 - mainlogger - INFO - ********************************************************************************
2024-05-16 20:11:18,213 - mainlogger - INFO - valid
2024-05-16 20:11:30,047 - mainlogger - INFO - Dice score: 0.5688
2024-05-16 20:11:30,047 - mainlogger - INFO - Accuracy: 0.8847
2024-05-16 20:11:30,047 - mainlogger - INFO - Epoch 54  2.1930792033672333
2024-05-16 20:11:30,047 - mainlogger - INFO - ********************************************************************************
2024-05-16 20:11:37,235 - mainlogger - INFO - valid
2024-05-16 20:11:48,858 - mainlogger - INFO - Dice score: 0.5857
2024-05-16 20:11:48,858 - mainlogger - INFO - Accuracy: 0.9014
2024-05-16 20:11:48,858 - mainlogger - INFO - Epoch 55  2.1413057893514633
2024-05-16 20:11:48,858 - mainlogger - INFO - ********************************************************************************
2024-05-16 20:11:56,223 - mainlogger - INFO - valid
2024-05-16 20:12:07,937 - mainlogger - INFO - Dice score: 0.5536
2024-05-16 20:12:07,937 - mainlogger - INFO - Accuracy: 0.8757
2024-05-16 20:12:07,937 - mainlogger - INFO - Epoch 56  2.2041288167238235
2024-05-16 20:12:07,937 - mainlogger - INFO - ********************************************************************************
2024-05-16 20:12:15,021 - mainlogger - INFO - valid
2024-05-16 20:12:26,676 - mainlogger - INFO - Dice score: 0.5766
2024-05-16 20:12:26,676 - mainlogger - INFO - Accuracy: 0.8893
2024-05-16 20:12:26,676 - mainlogger - INFO - 0.0001->8.5e-05
2024-05-16 20:12:26,676 - mainlogger - INFO - Epoch 57  2.227102741599083
2024-05-16 20:12:26,676 - mainlogger - INFO - ********************************************************************************
2024-05-16 20:12:34,013 - mainlogger - INFO - valid
2024-05-16 20:12:45,794 - mainlogger - INFO - Dice score: 0.603
2024-05-16 20:12:45,794 - mainlogger - INFO - Accuracy: 0.9095
2024-05-16 20:12:45,794 - mainlogger - INFO - Epoch 58  2.3033738881349564
2024-05-16 20:12:45,794 - mainlogger - INFO - ********************************************************************************
2024-05-16 20:12:53,225 - mainlogger - INFO - valid
2024-05-16 20:13:04,942 - mainlogger - INFO - Dice score: 0.6017
2024-05-16 20:13:04,942 - mainlogger - INFO - Accuracy: 0.9013
2024-05-16 20:13:04,942 - mainlogger - INFO - Epoch 59  2.185490444302559
2024-05-16 20:13:04,942 - mainlogger - INFO - ********************************************************************************
2024-05-16 20:13:12,314 - mainlogger - INFO - valid
2024-05-16 20:13:23,950 - mainlogger - INFO - Dice score: 0.6332
2024-05-16 20:13:23,950 - mainlogger - INFO - Accuracy: 0.9171
2024-05-16 20:13:23,950 - mainlogger - INFO - Epoch 60  2.175910621881485
2024-05-16 20:13:23,950 - mainlogger - INFO - ********************************************************************************
2024-05-16 20:13:31,521 - mainlogger - INFO - valid
2024-05-16 20:13:43,370 - mainlogger - INFO - Dice score: 0.5737
2024-05-16 20:13:43,370 - mainlogger - INFO - Accuracy: 0.8898
2024-05-16 20:13:43,370 - mainlogger - INFO - Epoch 61  2.1751850992441177
2024-05-16 20:13:43,370 - mainlogger - INFO - train
2024-05-16 20:13:50,493 - mainlogger - INFO - Dice score: 0.8036
2024-05-16 20:13:50,494 - mainlogger - INFO - Accuracy: 0.9473
2024-05-16 20:13:50,494 - mainlogger - INFO - test
2024-05-16 20:14:02,184 - mainlogger - INFO - Dice score: 0.5758
2024-05-16 20:14:02,184 - mainlogger - INFO - Accuracy: 0.8956
2024-05-16 20:14:02,184 - mainlogger - INFO - ********************************************************************************
2024-05-16 20:14:09,522 - mainlogger - INFO - valid
2024-05-16 20:14:21,368 - mainlogger - INFO - Dice score: 0.5915
2024-05-16 20:14:21,369 - mainlogger - INFO - Accuracy: 0.9003
2024-05-16 20:14:21,369 - mainlogger - INFO - Epoch 62  2.1042943745851517
2024-05-16 20:14:21,369 - mainlogger - INFO - ********************************************************************************
2024-05-16 20:14:28,610 - mainlogger - INFO - valid
2024-05-16 20:14:40,169 - mainlogger - INFO - Dice score: 0.6026
2024-05-16 20:14:40,169 - mainlogger - INFO - Accuracy: 0.9096
2024-05-16 20:14:40,169 - mainlogger - INFO - Epoch 63  2.1023336946964264
2024-05-16 20:14:40,169 - mainlogger - INFO - ********************************************************************************
2024-05-16 20:14:47,613 - mainlogger - INFO - valid
2024-05-16 20:14:58,762 - mainlogger - INFO - Dice score: 0.5644
2024-05-16 20:14:58,762 - mainlogger - INFO - Accuracy: 0.8846
2024-05-16 20:14:58,762 - mainlogger - INFO - 8.5e-05->7.225000000000001e-05
2024-05-16 20:14:58,762 - mainlogger - INFO - Epoch 64  2.163717031478882
2024-05-16 20:14:58,762 - mainlogger - INFO - ********************************************************************************
2024-05-16 20:15:06,113 - mainlogger - INFO - valid
2024-05-16 20:15:17,874 - mainlogger - INFO - Dice score: 0.6067
2024-05-16 20:15:17,874 - mainlogger - INFO - Accuracy: 0.913
2024-05-16 20:15:17,874 - mainlogger - INFO - Epoch 65  2.016121417284012
2024-05-16 20:15:17,874 - mainlogger - INFO - ********************************************************************************
2024-05-16 20:15:25,337 - mainlogger - INFO - valid
2024-05-16 20:15:37,393 - mainlogger - INFO - Dice score: 0.5961
2024-05-16 20:15:37,393 - mainlogger - INFO - Accuracy: 0.8988
2024-05-16 20:15:37,393 - mainlogger - INFO - Epoch 66  2.1003763377666473
2024-05-16 20:15:37,393 - mainlogger - INFO - ********************************************************************************
2024-05-16 20:15:44,828 - mainlogger - INFO - valid
2024-05-16 20:15:56,775 - mainlogger - INFO - Dice score: 0.6082
2024-05-16 20:15:56,776 - mainlogger - INFO - Accuracy: 0.9091
2024-05-16 20:15:56,776 - mainlogger - INFO - Epoch 67  2.077680915594101
2024-05-16 20:15:56,776 - mainlogger - INFO - ********************************************************************************
2024-05-16 20:16:04,421 - mainlogger - INFO - valid
2024-05-16 20:16:16,374 - mainlogger - INFO - Dice score: 0.5599
2024-05-16 20:16:16,374 - mainlogger - INFO - Accuracy: 0.8845
2024-05-16 20:16:16,374 - mainlogger - INFO - 7.225000000000001e-05->6.141250000000001e-05
2024-05-16 20:16:16,374 - mainlogger - INFO - Epoch 68  2.198554113507271
2024-05-16 20:16:16,374 - mainlogger - INFO - ********************************************************************************
2024-05-16 20:16:23,827 - mainlogger - INFO - valid
2024-05-16 20:16:35,850 - mainlogger - INFO - Dice score: 0.6153
2024-05-16 20:16:35,850 - mainlogger - INFO - Accuracy: 0.9126
2024-05-16 20:16:35,850 - mainlogger - INFO - Epoch 69  2.0843517780303955
2024-05-16 20:16:35,850 - mainlogger - INFO - ********************************************************************************
2024-05-16 20:16:43,423 - mainlogger - INFO - valid
2024-05-16 20:16:55,560 - mainlogger - INFO - Dice score: 0.5669
2024-05-16 20:16:55,561 - mainlogger - INFO - Accuracy: 0.8852
2024-05-16 20:16:55,561 - mainlogger - INFO - Epoch 70  2.0750252455472946
2024-05-16 20:16:55,561 - mainlogger - INFO - ********************************************************************************
2024-05-16 20:17:03,128 - mainlogger - INFO - valid
2024-05-16 20:17:15,349 - mainlogger - INFO - Dice score: 0.6173
2024-05-16 20:17:15,349 - mainlogger - INFO - Accuracy: 0.9089
2024-05-16 20:17:15,350 - mainlogger - INFO - Epoch 71  2.013740837574005
2024-05-16 20:17:15,350 - mainlogger - INFO - train
2024-05-16 20:17:22,451 - mainlogger - INFO - Dice score: 0.8383
2024-05-16 20:17:22,451 - mainlogger - INFO - Accuracy: 0.9547
2024-05-16 20:17:22,451 - mainlogger - INFO - test
2024-05-16 20:17:34,541 - mainlogger - INFO - Dice score: 0.5916
2024-05-16 20:17:34,541 - mainlogger - INFO - Accuracy: 0.9074
2024-05-16 20:17:34,541 - mainlogger - INFO - ********************************************************************************
2024-05-16 20:17:41,826 - mainlogger - INFO - valid
2024-05-16 20:17:53,950 - mainlogger - INFO - Dice score: 0.6216
2024-05-16 20:17:53,950 - mainlogger - INFO - Accuracy: 0.9107
2024-05-16 20:17:53,950 - mainlogger - INFO - 6.141250000000001e-05->5.2200625000000005e-05
2024-05-16 20:17:53,950 - mainlogger - INFO - Epoch 72  2.076517805457115
2024-05-16 20:17:53,950 - mainlogger - INFO - ********************************************************************************
2024-05-16 20:18:01,539 - mainlogger - INFO - valid
2024-05-16 20:18:13,674 - mainlogger - INFO - Dice score: 0.6142
2024-05-16 20:18:13,674 - mainlogger - INFO - Accuracy: 0.9069
2024-05-16 20:18:13,674 - mainlogger - INFO - Epoch 73  2.025138705968857
2024-05-16 20:18:13,674 - mainlogger - INFO - ********************************************************************************
2024-05-16 20:18:21,231 - mainlogger - INFO - valid
2024-05-16 20:18:33,186 - mainlogger - INFO - Dice score: 0.6115
2024-05-16 20:18:33,186 - mainlogger - INFO - Accuracy: 0.909
2024-05-16 20:18:33,187 - mainlogger - INFO - Epoch 74  2.0114361494779587
2024-05-16 20:18:33,187 - mainlogger - INFO - ********************************************************************************
2024-05-16 20:18:40,623 - mainlogger - INFO - valid
2024-05-16 20:18:52,572 - mainlogger - INFO - Dice score: 0.6232
2024-05-16 20:18:52,572 - mainlogger - INFO - Accuracy: 0.9127
2024-05-16 20:18:52,572 - mainlogger - INFO - Epoch 75  2.0231977701187134
2024-05-16 20:18:52,572 - mainlogger - INFO - ********************************************************************************
2024-05-16 20:19:00,025 - mainlogger - INFO - valid
2024-05-16 20:19:11,678 - mainlogger - INFO - Dice score: 0.6313
2024-05-16 20:19:11,678 - mainlogger - INFO - Accuracy: 0.9144
2024-05-16 20:19:11,678 - mainlogger - INFO - 5.2200625000000005e-05->4.437053125e-05
2024-05-16 20:19:11,678 - mainlogger - INFO - Epoch 76  1.9912481904029846
2024-05-16 20:19:11,678 - mainlogger - INFO - ********************************************************************************
2024-05-16 20:19:19,113 - mainlogger - INFO - valid
2024-05-16 20:19:31,250 - mainlogger - INFO - Dice score: 0.6378
2024-05-16 20:19:31,251 - mainlogger - INFO - Accuracy: 0.9188
2024-05-16 20:19:31,251 - mainlogger - INFO - Epoch 77  1.9439053982496262
2024-05-16 20:19:31,251 - mainlogger - INFO - ********************************************************************************
2024-05-16 20:19:38,821 - mainlogger - INFO - valid
2024-05-16 20:19:50,474 - mainlogger - INFO - Dice score: 0.6045
2024-05-16 20:19:50,474 - mainlogger - INFO - Accuracy: 0.9073
2024-05-16 20:19:50,474 - mainlogger - INFO - Epoch 78  1.952667772769928
2024-05-16 20:19:50,474 - mainlogger - INFO - ********************************************************************************
2024-05-16 20:19:57,727 - mainlogger - INFO - valid
2024-05-16 20:20:09,782 - mainlogger - INFO - Dice score: 0.6239
2024-05-16 20:20:09,782 - mainlogger - INFO - Accuracy: 0.91
2024-05-16 20:20:09,782 - mainlogger - INFO - Epoch 79  1.9361363500356674
2024-05-16 20:20:09,783 - mainlogger - INFO - ********************************************************************************
2024-05-16 20:20:17,421 - mainlogger - INFO - valid
2024-05-16 20:20:29,540 - mainlogger - INFO - Dice score: 0.638
2024-05-16 20:20:29,540 - mainlogger - INFO - Accuracy: 0.9161
2024-05-16 20:20:29,540 - mainlogger - INFO - Epoch 80  1.989696592092514
2024-05-16 20:20:29,540 - mainlogger - INFO - ********************************************************************************
2024-05-16 20:20:36,944 - mainlogger - INFO - valid
2024-05-16 20:20:48,950 - mainlogger - INFO - Dice score: 0.5676
2024-05-16 20:20:48,950 - mainlogger - INFO - Accuracy: 0.8887
2024-05-16 20:20:48,950 - mainlogger - INFO - Epoch 81  1.9052114486694336
2024-05-16 20:20:48,950 - mainlogger - INFO - train
2024-05-16 20:20:56,185 - mainlogger - INFO - Dice score: 0.847
2024-05-16 20:20:56,185 - mainlogger - INFO - Accuracy: 0.9574
2024-05-16 20:20:56,185 - mainlogger - INFO - test
2024-05-16 20:21:08,661 - mainlogger - INFO - Dice score: 0.575
2024-05-16 20:21:08,661 - mainlogger - INFO - Accuracy: 0.8928
2024-05-16 20:21:08,661 - mainlogger - INFO - ********************************************************************************
2024-05-16 20:21:16,147 - mainlogger - INFO - valid
2024-05-16 20:21:27,777 - mainlogger - INFO - Dice score: 0.6405
2024-05-16 20:21:27,777 - mainlogger - INFO - Accuracy: 0.9214
2024-05-16 20:21:27,777 - mainlogger - INFO - Epoch 82  1.9156326353549957
2024-05-16 20:21:27,777 - mainlogger - INFO - ********************************************************************************
2024-05-16 20:21:35,027 - mainlogger - INFO - valid
2024-05-16 20:21:46,895 - mainlogger - INFO - Dice score: 0.6207
2024-05-16 20:21:46,895 - mainlogger - INFO - Accuracy: 0.91
2024-05-16 20:21:46,895 - mainlogger - INFO - Epoch 83  1.9559868276119232
2024-05-16 20:21:46,895 - mainlogger - INFO - ********************************************************************************
2024-05-16 20:21:54,233 - mainlogger - INFO - valid
2024-05-16 20:22:06,161 - mainlogger - INFO - Dice score: 0.6481
2024-05-16 20:22:06,161 - mainlogger - INFO - Accuracy: 0.9254
2024-05-16 20:22:06,161 - mainlogger - INFO - Epoch 84  1.9774400740861893
2024-05-16 20:22:06,161 - mainlogger - INFO - ********************************************************************************
2024-05-16 20:22:13,425 - mainlogger - INFO - valid
2024-05-16 20:22:25,580 - mainlogger - INFO - Dice score: 0.6277
2024-05-16 20:22:25,580 - mainlogger - INFO - Accuracy: 0.922
2024-05-16 20:22:25,580 - mainlogger - INFO - Epoch 85  1.923902079463005
2024-05-16 20:22:25,580 - mainlogger - INFO - ********************************************************************************
2024-05-16 20:22:33,027 - mainlogger - INFO - valid
2024-05-16 20:22:45,165 - mainlogger - INFO - Dice score: 0.6004
2024-05-16 20:22:45,165 - mainlogger - INFO - Accuracy: 0.9136
2024-05-16 20:22:45,165 - mainlogger - INFO - Epoch 86  1.9874354302883148
2024-05-16 20:22:45,165 - mainlogger - INFO - ********************************************************************************
2024-05-16 20:22:52,725 - mainlogger - INFO - valid
2024-05-16 20:23:04,769 - mainlogger - INFO - Dice score: 0.6155
2024-05-16 20:23:04,770 - mainlogger - INFO - Accuracy: 0.9174
2024-05-16 20:23:04,770 - mainlogger - INFO - Epoch 87  1.9806634783744812
2024-05-16 20:23:04,770 - mainlogger - INFO - ********************************************************************************
2024-05-16 20:23:12,326 - mainlogger - INFO - valid
2024-05-16 20:23:24,550 - mainlogger - INFO - Dice score: 0.6112
2024-05-16 20:23:24,551 - mainlogger - INFO - Accuracy: 0.9084
2024-05-16 20:23:24,551 - mainlogger - INFO - 4.437053125e-05->3.77149515625e-05
2024-05-16 20:23:24,551 - mainlogger - INFO - Epoch 88  1.968953788280487
2024-05-16 20:23:24,551 - mainlogger - INFO - ********************************************************************************
2024-05-16 20:23:31,818 - mainlogger - INFO - valid
2024-05-16 20:23:43,677 - mainlogger - INFO - Dice score: 0.6096
2024-05-16 20:23:43,677 - mainlogger - INFO - Accuracy: 0.9097
2024-05-16 20:23:43,677 - mainlogger - INFO - Epoch 89  1.9443938881158829
2024-05-16 20:23:43,677 - mainlogger - INFO - ********************************************************************************
2024-05-16 20:23:51,129 - mainlogger - INFO - valid
2024-05-16 20:24:03,153 - mainlogger - INFO - Dice score: 0.6031
2024-05-16 20:24:03,154 - mainlogger - INFO - Accuracy: 0.899
2024-05-16 20:24:03,154 - mainlogger - INFO - Epoch 90  1.9224883615970612
2024-05-16 20:24:03,154 - mainlogger - INFO - ********************************************************************************
2024-05-16 20:24:10,523 - mainlogger - INFO - valid
2024-05-16 20:24:22,378 - mainlogger - INFO - Dice score: 0.6225
2024-05-16 20:24:22,378 - mainlogger - INFO - Accuracy: 0.9084
2024-05-16 20:24:22,378 - mainlogger - INFO - Epoch 91  1.9462928771972656
2024-05-16 20:24:22,378 - mainlogger - INFO - train
2024-05-16 20:24:29,557 - mainlogger - INFO - Dice score: 0.8811
2024-05-16 20:24:29,557 - mainlogger - INFO - Accuracy: 0.9688
2024-05-16 20:24:29,557 - mainlogger - INFO - test
2024-05-16 20:24:41,267 - mainlogger - INFO - Dice score: 0.6105
2024-05-16 20:24:41,267 - mainlogger - INFO - Accuracy: 0.9117
2024-05-16 20:24:41,267 - mainlogger - INFO - ********************************************************************************
2024-05-16 20:24:48,838 - mainlogger - INFO - valid
2024-05-16 20:25:00,861 - mainlogger - INFO - Dice score: 0.6344
2024-05-16 20:25:00,861 - mainlogger - INFO - Accuracy: 0.9173
2024-05-16 20:25:00,861 - mainlogger - INFO - 3.77149515625e-05->3.2057708828124995e-05
2024-05-16 20:25:00,861 - mainlogger - INFO - Epoch 92  1.9457553029060364
2024-05-16 20:25:00,861 - mainlogger - INFO - ********************************************************************************
2024-05-16 20:25:08,319 - mainlogger - INFO - valid
2024-05-16 20:25:20,175 - mainlogger - INFO - Dice score: 0.6237
2024-05-16 20:25:20,175 - mainlogger - INFO - Accuracy: 0.914
2024-05-16 20:25:20,175 - mainlogger - INFO - Epoch 93  1.8958133161067963
2024-05-16 20:25:20,175 - mainlogger - INFO - ********************************************************************************
2024-05-16 20:25:27,527 - mainlogger - INFO - valid
2024-05-16 20:25:39,673 - mainlogger - INFO - Dice score: 0.6256
2024-05-16 20:25:39,673 - mainlogger - INFO - Accuracy: 0.9182
2024-05-16 20:25:39,673 - mainlogger - INFO - Epoch 94  1.923647165298462
2024-05-16 20:25:39,673 - mainlogger - INFO - ********************************************************************************
