2024-05-16 20:33:25,926 - mainlogger - INFO - 10961
2024-05-16 20:33:25,926 - mainlogger - INFO - <class '__main__.UniversegPipeline'>
2024-05-16 20:33:25,926 - mainlogger - INFO - universeg_config/test.yaml
2024-05-16 20:33:25,926 - mainlogger - INFO - {'desc': '尝试在两个通道直接拼接前，先进行一次投影', 'batch_size': 8, 'epochs': 100, 'k': 2, 'root_dir': '/Dataset_BUSI', 'model': {'name': 'universeg_test.universeg.UniverSeg', 'args': {'channels': [64, 128, 256, 256, 512], 'in_channels': [1, 2], 'init': True, 'act': 'ReLU'}}, 'trainset': {'name': 'datasetBUSI.mask_busi_single.MaskBUSISingle', 'args': {'root_dir': '/Dataset_BUSI', 'image_names_path': 'labeled20.txt', 'mode': 'train'}}, 'testset': {'name': 'datasetBUSI.mask_busi_single.MaskBUSISingle', 'args': {'root_dir': '/Dataset_BUSI', 'image_names_path': 'test.txt', 'mode': 'test'}}, 'validset': {'name': 'datasetBUSI.mask_busi_single.MaskBUSISingle', 'args': {'root_dir': '/Dataset_BUSI', 'image_names_path': 'val.txt', 'mode': 'test'}}, 'criterion': {'name': 'spgutils.focalloss.BinaryFocalLoss', 'args': {'gamma': 1}}, 'optimizer': {'name': 'torch.optim.Adam', 'args': {'lr': 0.0001}}, 'scheduler': {'name': 'torch.optim.lr_scheduler.ReduceLROnPlateau', 'args': {'mode': 'max', 'factor': 0.85, 'patience': 3}}}
2024-05-16 20:33:25,926 - mainlogger - INFO - 22.767788887023926
2024-05-16 20:33:36,573 - mainlogger - INFO - Epoch 0  3.964162439107895
2024-05-16 20:33:36,574 - mainlogger - INFO - ********************************************************************************
2024-05-16 20:33:44,459 - mainlogger - INFO - Epoch 1  3.564942717552185
2024-05-16 20:33:44,459 - mainlogger - INFO - train
2024-05-16 20:33:51,818 - mainlogger - INFO - Dice score: 0.3191
2024-05-16 20:33:51,818 - mainlogger - INFO - Accuracy: 0.7303
2024-05-16 20:33:51,818 - mainlogger - INFO - test
2024-05-16 20:34:04,497 - mainlogger - INFO - Dice score: 0.2636
2024-05-16 20:34:04,497 - mainlogger - INFO - Accuracy: 0.728
2024-05-16 20:34:04,497 - mainlogger - INFO - ********************************************************************************
2024-05-16 20:34:12,352 - mainlogger - INFO - Epoch 2  3.5649236142635345
2024-05-16 20:34:12,352 - mainlogger - INFO - ********************************************************************************
2024-05-16 20:34:20,371 - mainlogger - INFO - Epoch 3  3.4569580256938934
2024-05-16 20:34:20,371 - mainlogger - INFO - ********************************************************************************
2024-05-16 20:34:27,977 - mainlogger - INFO - Epoch 4  3.35579115152359
2024-05-16 20:34:27,978 - mainlogger - INFO - ********************************************************************************
2024-05-16 20:34:35,957 - mainlogger - INFO - Epoch 5  3.2941243946552277
2024-05-16 20:34:35,957 - mainlogger - INFO - ********************************************************************************
2024-05-16 20:34:43,859 - mainlogger - INFO - Epoch 6  3.3516564667224884
2024-05-16 20:34:43,859 - mainlogger - INFO - ********************************************************************************
2024-05-16 20:34:51,845 - mainlogger - INFO - Epoch 7  3.196138322353363
2024-05-16 20:34:51,846 - mainlogger - INFO - ********************************************************************************
2024-05-16 20:34:59,755 - mainlogger - INFO - Epoch 8  3.4093080163002014
2024-05-16 20:34:59,755 - mainlogger - INFO - ********************************************************************************
2024-05-16 20:35:07,645 - mainlogger - INFO - Epoch 9  3.2204310297966003
2024-05-16 20:35:07,645 - mainlogger - INFO - ********************************************************************************
2024-05-16 20:35:15,559 - mainlogger - INFO - Epoch 10  3.0479739010334015
2024-05-16 20:35:15,560 - mainlogger - INFO - ********************************************************************************
2024-05-16 20:35:23,383 - mainlogger - INFO - Epoch 11  3.1983999013900757
2024-05-16 20:35:23,384 - mainlogger - INFO - train
2024-05-16 20:35:30,813 - mainlogger - INFO - Dice score: 0.3611
2024-05-16 20:35:30,813 - mainlogger - INFO - Accuracy: 0.6924
2024-05-16 20:35:30,813 - mainlogger - INFO - test
2024-05-16 20:35:42,943 - mainlogger - INFO - Dice score: 0.3148
2024-05-16 20:35:42,943 - mainlogger - INFO - Accuracy: 0.6789
2024-05-16 20:35:42,943 - mainlogger - INFO - ********************************************************************************
2024-05-16 20:35:50,954 - mainlogger - INFO - Epoch 12  3.0387479960918427
2024-05-16 20:35:50,954 - mainlogger - INFO - ********************************************************************************
2024-05-16 20:35:59,145 - mainlogger - INFO - Epoch 13  3.2448534965515137
2024-05-16 20:35:59,145 - mainlogger - INFO - ********************************************************************************
2024-05-16 20:36:07,065 - mainlogger - INFO - Epoch 14  2.959758996963501
2024-05-16 20:36:07,065 - mainlogger - INFO - ********************************************************************************
2024-05-16 20:36:14,969 - mainlogger - INFO - Epoch 15  2.9370992481708527
2024-05-16 20:36:14,969 - mainlogger - INFO - ********************************************************************************
2024-05-16 20:36:22,778 - mainlogger - INFO - Epoch 16  2.9239100962877274
2024-05-16 20:36:22,779 - mainlogger - INFO - ********************************************************************************
2024-05-16 20:36:30,546 - mainlogger - INFO - Epoch 17  2.887207105755806
2024-05-16 20:36:30,546 - mainlogger - INFO - ********************************************************************************
2024-05-16 20:36:38,445 - mainlogger - INFO - Epoch 18  2.950573831796646
2024-05-16 20:36:38,445 - mainlogger - INFO - ********************************************************************************
2024-05-16 20:36:46,157 - mainlogger - INFO - Epoch 19  2.8163124918937683
2024-05-16 20:36:46,157 - mainlogger - INFO - ********************************************************************************
2024-05-16 20:36:53,942 - mainlogger - INFO - Epoch 20  2.9002124071121216
2024-05-16 20:36:53,942 - mainlogger - INFO - ********************************************************************************
2024-05-16 20:37:01,863 - mainlogger - INFO - Epoch 21  2.809049069881439
2024-05-16 20:37:01,863 - mainlogger - INFO - train
2024-05-16 20:37:08,816 - mainlogger - INFO - Dice score: 0.5779
2024-05-16 20:37:08,816 - mainlogger - INFO - Accuracy: 0.8891
2024-05-16 20:37:08,816 - mainlogger - INFO - test
2024-05-16 20:37:20,787 - mainlogger - INFO - Dice score: 0.5035
2024-05-16 20:37:20,787 - mainlogger - INFO - Accuracy: 0.8836
2024-05-16 20:37:20,787 - mainlogger - INFO - ********************************************************************************
2024-05-16 20:37:28,556 - mainlogger - INFO - Epoch 22  2.952383130788803
2024-05-16 20:37:28,556 - mainlogger - INFO - ********************************************************************************
2024-05-16 20:37:36,445 - mainlogger - INFO - Epoch 23  2.813888430595398
2024-05-16 20:37:36,445 - mainlogger - INFO - ********************************************************************************
2024-05-16 20:37:44,456 - mainlogger - INFO - Epoch 24  2.8820504546165466
2024-05-16 20:37:44,456 - mainlogger - INFO - ********************************************************************************
2024-05-16 20:37:52,473 - mainlogger - INFO - Epoch 25  2.9961033165454865
2024-05-16 20:37:52,473 - mainlogger - INFO - ********************************************************************************
2024-05-16 20:38:00,165 - mainlogger - INFO - Epoch 26  2.756391152739525
2024-05-16 20:38:00,165 - mainlogger - INFO - ********************************************************************************
2024-05-16 20:38:07,956 - mainlogger - INFO - Epoch 27  2.738873854279518
2024-05-16 20:38:07,957 - mainlogger - INFO - ********************************************************************************
2024-05-16 20:38:15,967 - mainlogger - INFO - Epoch 28  2.7376704961061478
2024-05-16 20:38:15,967 - mainlogger - INFO - ********************************************************************************
2024-05-16 20:38:23,960 - mainlogger - INFO - Epoch 29  2.7487463504076004
2024-05-16 20:38:23,960 - mainlogger - INFO - ********************************************************************************
2024-05-16 20:38:31,856 - mainlogger - INFO - Epoch 30  2.666501834988594
2024-05-16 20:38:31,857 - mainlogger - INFO - ********************************************************************************
2024-05-16 20:38:39,671 - mainlogger - INFO - Epoch 31  2.629302963614464
2024-05-16 20:38:39,671 - mainlogger - INFO - train
2024-05-16 20:38:46,790 - mainlogger - INFO - Dice score: 0.6398
2024-05-16 20:38:46,790 - mainlogger - INFO - Accuracy: 0.9139
2024-05-16 20:38:46,790 - mainlogger - INFO - test
2024-05-16 20:38:58,583 - mainlogger - INFO - Dice score: 0.5614
2024-05-16 20:38:58,583 - mainlogger - INFO - Accuracy: 0.9093
2024-05-16 20:38:58,583 - mainlogger - INFO - ********************************************************************************
2024-05-16 20:39:06,461 - mainlogger - INFO - Epoch 32  2.6975277811288834
2024-05-16 20:39:06,461 - mainlogger - INFO - ********************************************************************************
2024-05-16 20:39:14,271 - mainlogger - INFO - Epoch 33  2.6588329523801804
2024-05-16 20:39:14,271 - mainlogger - INFO - ********************************************************************************
2024-05-16 20:39:22,067 - mainlogger - INFO - Epoch 34  2.611864998936653
2024-05-16 20:39:22,067 - mainlogger - INFO - ********************************************************************************
2024-05-16 20:39:29,883 - mainlogger - INFO - Epoch 35  2.6540639847517014
2024-05-16 20:39:29,883 - mainlogger - INFO - ********************************************************************************
2024-05-16 20:39:37,875 - mainlogger - INFO - Epoch 36  2.5913421362638474
2024-05-16 20:39:37,876 - mainlogger - INFO - ********************************************************************************
2024-05-16 20:39:45,844 - mainlogger - INFO - Epoch 37  2.6211840957403183
2024-05-16 20:39:45,844 - mainlogger - INFO - ********************************************************************************
2024-05-16 20:39:53,745 - mainlogger - INFO - Epoch 38  2.600794643163681
2024-05-16 20:39:53,745 - mainlogger - INFO - ********************************************************************************
2024-05-16 20:40:01,759 - mainlogger - INFO - Epoch 39  2.5819722414016724
2024-05-16 20:40:01,759 - mainlogger - INFO - ********************************************************************************
2024-05-16 20:40:09,759 - mainlogger - INFO - valid
2024-05-16 20:40:22,184 - mainlogger - INFO - Dice score: 0.4736
2024-05-16 20:40:22,184 - mainlogger - INFO - Accuracy: 0.8334
2024-05-16 20:40:22,184 - mainlogger - INFO - Epoch 40  2.5529946982860565
2024-05-16 20:40:22,184 - mainlogger - INFO - ********************************************************************************
2024-05-16 20:40:30,146 - mainlogger - INFO - valid
2024-05-16 20:40:42,104 - mainlogger - INFO - Dice score: 0.4778
2024-05-16 20:40:42,104 - mainlogger - INFO - Accuracy: 0.8252
2024-05-16 20:40:42,104 - mainlogger - INFO - Epoch 41  2.5543504804372787
2024-05-16 20:40:42,105 - mainlogger - INFO - train
2024-05-16 20:40:49,118 - mainlogger - INFO - Dice score: 0.5893
2024-05-16 20:40:49,118 - mainlogger - INFO - Accuracy: 0.8649
2024-05-16 20:40:49,118 - mainlogger - INFO - test
2024-05-16 20:41:01,083 - mainlogger - INFO - Dice score: 0.5082
2024-05-16 20:41:01,083 - mainlogger - INFO - Accuracy: 0.8555
2024-05-16 20:41:01,083 - mainlogger - INFO - ********************************************************************************
2024-05-16 20:41:09,344 - mainlogger - INFO - valid
2024-05-16 20:41:21,477 - mainlogger - INFO - Dice score: 0.4876
2024-05-16 20:41:21,477 - mainlogger - INFO - Accuracy: 0.8568
2024-05-16 20:41:21,477 - mainlogger - INFO - Epoch 42  2.4841082394123077
2024-05-16 20:41:21,477 - mainlogger - INFO - ********************************************************************************
2024-05-16 20:41:29,543 - mainlogger - INFO - valid
2024-05-16 20:41:41,476 - mainlogger - INFO - Dice score: 0.4934
2024-05-16 20:41:41,476 - mainlogger - INFO - Accuracy: 0.8551
2024-05-16 20:41:41,476 - mainlogger - INFO - Epoch 43  2.4928360283374786
2024-05-16 20:41:41,476 - mainlogger - INFO - ********************************************************************************
2024-05-16 20:41:49,255 - mainlogger - INFO - valid
2024-05-16 20:42:01,155 - mainlogger - INFO - Dice score: 0.488
2024-05-16 20:42:01,155 - mainlogger - INFO - Accuracy: 0.8487
2024-05-16 20:42:01,155 - mainlogger - INFO - Epoch 44  2.5144143253564835
2024-05-16 20:42:01,155 - mainlogger - INFO - ********************************************************************************
2024-05-16 20:42:08,960 - mainlogger - INFO - valid
2024-05-16 20:42:20,881 - mainlogger - INFO - Dice score: 0.4844
2024-05-16 20:42:20,881 - mainlogger - INFO - Accuracy: 0.84
2024-05-16 20:42:20,881 - mainlogger - INFO - Epoch 45  2.549679681658745
2024-05-16 20:42:20,881 - mainlogger - INFO - ********************************************************************************
2024-05-16 20:42:28,957 - mainlogger - INFO - valid
2024-05-16 20:42:40,800 - mainlogger - INFO - Dice score: 0.5226
2024-05-16 20:42:40,800 - mainlogger - INFO - Accuracy: 0.901
2024-05-16 20:42:40,800 - mainlogger - INFO - Epoch 46  2.6171365678310394
2024-05-16 20:42:40,800 - mainlogger - INFO - ********************************************************************************
2024-05-16 20:42:48,574 - mainlogger - INFO - valid
2024-05-16 20:43:00,690 - mainlogger - INFO - Dice score: 0.4525
2024-05-16 20:43:00,690 - mainlogger - INFO - Accuracy: 0.8226
2024-05-16 20:43:00,690 - mainlogger - INFO - Epoch 47  2.5593911558389664
2024-05-16 20:43:00,690 - mainlogger - INFO - ********************************************************************************
2024-05-16 20:43:08,848 - mainlogger - INFO - valid
2024-05-16 20:43:21,653 - mainlogger - INFO - Dice score: 0.4663
2024-05-16 20:43:21,654 - mainlogger - INFO - Accuracy: 0.8339
2024-05-16 20:43:21,654 - mainlogger - INFO - Epoch 48  2.504065155982971
2024-05-16 20:43:21,654 - mainlogger - INFO - ********************************************************************************
2024-05-16 20:43:30,461 - mainlogger - INFO - valid
2024-05-16 20:43:43,337 - mainlogger - INFO - Dice score: 0.4711
2024-05-16 20:43:43,337 - mainlogger - INFO - Accuracy: 0.8301
2024-05-16 20:43:43,337 - mainlogger - INFO - Epoch 49  2.6041630655527115
2024-05-16 20:43:43,338 - mainlogger - INFO - ********************************************************************************
2024-05-16 20:43:51,357 - mainlogger - INFO - valid
2024-05-16 20:44:03,874 - mainlogger - INFO - Dice score: 0.5016
2024-05-16 20:44:03,874 - mainlogger - INFO - Accuracy: 0.8668
2024-05-16 20:44:03,874 - mainlogger - INFO - 0.0001->8.5e-05
2024-05-16 20:44:03,874 - mainlogger - INFO - Epoch 50  2.5288445502519608
2024-05-16 20:44:03,874 - mainlogger - INFO - ********************************************************************************
2024-05-16 20:44:12,560 - mainlogger - INFO - valid
2024-05-16 20:44:25,895 - mainlogger - INFO - Dice score: 0.5039
2024-05-16 20:44:25,895 - mainlogger - INFO - Accuracy: 0.8572
2024-05-16 20:44:25,895 - mainlogger - INFO - Epoch 51  2.4189165234565735
2024-05-16 20:44:25,895 - mainlogger - INFO - train
2024-05-16 20:44:33,901 - mainlogger - INFO - Dice score: 0.6632
2024-05-16 20:44:33,901 - mainlogger - INFO - Accuracy: 0.8992
2024-05-16 20:44:33,901 - mainlogger - INFO - test
2024-05-16 20:44:46,595 - mainlogger - INFO - Dice score: 0.5335
2024-05-16 20:44:46,595 - mainlogger - INFO - Accuracy: 0.8784
2024-05-16 20:44:46,595 - mainlogger - INFO - ********************************************************************************
2024-05-16 20:44:55,443 - mainlogger - INFO - valid
2024-05-16 20:45:08,556 - mainlogger - INFO - Dice score: 0.5159
2024-05-16 20:45:08,557 - mainlogger - INFO - Accuracy: 0.8727
2024-05-16 20:45:08,557 - mainlogger - INFO - Epoch 52  2.3820765763521194
2024-05-16 20:45:08,557 - mainlogger - INFO - ********************************************************************************
2024-05-16 20:45:17,044 - mainlogger - INFO - valid
2024-05-16 20:45:29,794 - mainlogger - INFO - Dice score: 0.5311
2024-05-16 20:45:29,794 - mainlogger - INFO - Accuracy: 0.8926
2024-05-16 20:45:29,794 - mainlogger - INFO - Epoch 53  2.4630739241838455
2024-05-16 20:45:29,794 - mainlogger - INFO - ********************************************************************************
2024-05-16 20:45:38,745 - mainlogger - INFO - valid
2024-05-16 20:45:52,091 - mainlogger - INFO - Dice score: 0.4627
2024-05-16 20:45:52,091 - mainlogger - INFO - Accuracy: 0.8213
2024-05-16 20:45:52,091 - mainlogger - INFO - Epoch 54  2.4578720927238464
2024-05-16 20:45:52,091 - mainlogger - INFO - ********************************************************************************
2024-05-16 20:46:00,646 - mainlogger - INFO - valid
2024-05-16 20:46:13,063 - mainlogger - INFO - Dice score: 0.4864
2024-05-16 20:46:13,063 - mainlogger - INFO - Accuracy: 0.8448
2024-05-16 20:46:13,063 - mainlogger - INFO - Epoch 55  2.345957413315773
2024-05-16 20:46:13,063 - mainlogger - INFO - ********************************************************************************
2024-05-16 20:46:21,359 - mainlogger - INFO - valid
2024-05-16 20:46:34,467 - mainlogger - INFO - Dice score: 0.5194
2024-05-16 20:46:34,467 - mainlogger - INFO - Accuracy: 0.8684
2024-05-16 20:46:34,467 - mainlogger - INFO - Epoch 56  2.421657159924507
2024-05-16 20:46:34,467 - mainlogger - INFO - ********************************************************************************
2024-05-16 20:46:43,445 - mainlogger - INFO - valid
2024-05-16 20:46:55,844 - mainlogger - INFO - Dice score: 0.5029
2024-05-16 20:46:55,845 - mainlogger - INFO - Accuracy: 0.8534
2024-05-16 20:46:55,845 - mainlogger - INFO - 8.5e-05->7.225000000000001e-05
2024-05-16 20:46:55,845 - mainlogger - INFO - Epoch 57  2.3633033633232117
2024-05-16 20:46:55,845 - mainlogger - INFO - ********************************************************************************
2024-05-16 20:47:04,164 - mainlogger - INFO - valid
2024-05-16 20:47:16,751 - mainlogger - INFO - Dice score: 0.512
2024-05-16 20:47:16,751 - mainlogger - INFO - Accuracy: 0.8721
2024-05-16 20:47:16,751 - mainlogger - INFO - Epoch 58  2.461753189563751
2024-05-16 20:47:16,752 - mainlogger - INFO - ********************************************************************************
2024-05-16 20:47:25,144 - mainlogger - INFO - valid
2024-05-16 20:47:37,709 - mainlogger - INFO - Dice score: 0.528
2024-05-16 20:47:37,709 - mainlogger - INFO - Accuracy: 0.8758
2024-05-16 20:47:37,709 - mainlogger - INFO - Epoch 59  2.411001741886139
2024-05-16 20:47:37,709 - mainlogger - INFO - ********************************************************************************
2024-05-16 20:47:46,346 - mainlogger - INFO - valid
2024-05-16 20:47:59,154 - mainlogger - INFO - Dice score: 0.5256
2024-05-16 20:47:59,154 - mainlogger - INFO - Accuracy: 0.872
2024-05-16 20:47:59,154 - mainlogger - INFO - Epoch 60  2.3795158863067627
2024-05-16 20:47:59,154 - mainlogger - INFO - ********************************************************************************
2024-05-16 20:48:07,668 - mainlogger - INFO - valid
2024-05-16 20:48:21,073 - mainlogger - INFO - Dice score: 0.4983
2024-05-16 20:48:21,074 - mainlogger - INFO - Accuracy: 0.8593
2024-05-16 20:48:21,074 - mainlogger - INFO - 7.225000000000001e-05->6.141250000000001e-05
2024-05-16 20:48:21,074 - mainlogger - INFO - Epoch 61  2.3837515711784363
2024-05-16 20:48:21,074 - mainlogger - INFO - train
2024-05-16 20:48:28,794 - mainlogger - INFO - Dice score: 0.7121
2024-05-16 20:48:28,794 - mainlogger - INFO - Accuracy: 0.9192
2024-05-16 20:48:28,794 - mainlogger - INFO - test
2024-05-16 20:48:42,186 - mainlogger - INFO - Dice score: 0.5347
2024-05-16 20:48:42,186 - mainlogger - INFO - Accuracy: 0.8785
2024-05-16 20:48:42,186 - mainlogger - INFO - ********************************************************************************
2024-05-16 20:48:50,854 - mainlogger - INFO - valid
2024-05-16 20:49:03,855 - mainlogger - INFO - Dice score: 0.5039
2024-05-16 20:49:03,856 - mainlogger - INFO - Accuracy: 0.8602
2024-05-16 20:49:03,856 - mainlogger - INFO - Epoch 62  2.334166705608368
2024-05-16 20:49:03,856 - mainlogger - INFO - ********************************************************************************
2024-05-16 20:49:12,087 - mainlogger - INFO - valid
2024-05-16 20:49:24,764 - mainlogger - INFO - Dice score: 0.5092
2024-05-16 20:49:24,764 - mainlogger - INFO - Accuracy: 0.8757
2024-05-16 20:49:24,764 - mainlogger - INFO - Epoch 63  2.332713022828102
2024-05-16 20:49:24,764 - mainlogger - INFO - ********************************************************************************
2024-05-16 20:49:33,177 - mainlogger - INFO - valid
2024-05-16 20:49:46,495 - mainlogger - INFO - Dice score: 0.4862
2024-05-16 20:49:46,495 - mainlogger - INFO - Accuracy: 0.8394
2024-05-16 20:49:46,495 - mainlogger - INFO - Epoch 64  2.303783431649208
2024-05-16 20:49:46,495 - mainlogger - INFO - ********************************************************************************
2024-05-16 20:49:54,873 - mainlogger - INFO - valid
2024-05-16 20:50:07,946 - mainlogger - INFO - Dice score: 0.5291
2024-05-16 20:50:07,946 - mainlogger - INFO - Accuracy: 0.8774
2024-05-16 20:50:07,946 - mainlogger - INFO - 6.141250000000001e-05->5.2200625000000005e-05
2024-05-16 20:50:07,946 - mainlogger - INFO - Epoch 65  2.217027172446251
2024-05-16 20:50:07,946 - mainlogger - INFO - ********************************************************************************
2024-05-16 20:50:16,368 - mainlogger - INFO - valid
2024-05-16 20:50:29,390 - mainlogger - INFO - Dice score: 0.5053
2024-05-16 20:50:29,390 - mainlogger - INFO - Accuracy: 0.8593
2024-05-16 20:50:29,390 - mainlogger - INFO - Epoch 66  2.300338789820671
2024-05-16 20:50:29,390 - mainlogger - INFO - ********************************************************************************
2024-05-16 20:50:37,857 - mainlogger - INFO - valid
2024-05-16 20:50:50,650 - mainlogger - INFO - Dice score: 0.5258
2024-05-16 20:50:50,650 - mainlogger - INFO - Accuracy: 0.8918
2024-05-16 20:50:50,650 - mainlogger - INFO - Epoch 67  2.248263344168663
2024-05-16 20:50:50,650 - mainlogger - INFO - ********************************************************************************
2024-05-16 20:50:59,067 - mainlogger - INFO - valid
2024-05-16 20:51:12,298 - mainlogger - INFO - Dice score: 0.4916
2024-05-16 20:51:12,298 - mainlogger - INFO - Accuracy: 0.8432
2024-05-16 20:51:12,298 - mainlogger - INFO - Epoch 68  2.3566681295633316
2024-05-16 20:51:12,298 - mainlogger - INFO - ********************************************************************************
2024-05-16 20:51:20,861 - mainlogger - INFO - valid
2024-05-16 20:51:34,055 - mainlogger - INFO - Dice score: 0.4912
2024-05-16 20:51:34,055 - mainlogger - INFO - Accuracy: 0.8425
2024-05-16 20:51:34,056 - mainlogger - INFO - 5.2200625000000005e-05->4.437053125e-05
2024-05-16 20:51:34,056 - mainlogger - INFO - Epoch 69  2.2706857174634933
2024-05-16 20:51:34,056 - mainlogger - INFO - ********************************************************************************
2024-05-16 20:51:42,446 - mainlogger - INFO - valid
2024-05-16 20:51:55,341 - mainlogger - INFO - Dice score: 0.5286
2024-05-16 20:51:55,341 - mainlogger - INFO - Accuracy: 0.8712
2024-05-16 20:51:55,341 - mainlogger - INFO - Epoch 70  2.264375776052475
2024-05-16 20:51:55,341 - mainlogger - INFO - ********************************************************************************
2024-05-16 20:52:03,760 - mainlogger - INFO - valid
2024-05-16 20:52:16,645 - mainlogger - INFO - Dice score: 0.5225
2024-05-16 20:52:16,645 - mainlogger - INFO - Accuracy: 0.8754
2024-05-16 20:52:16,645 - mainlogger - INFO - Epoch 71  2.2175105214118958
2024-05-16 20:52:16,645 - mainlogger - INFO - train
2024-05-16 20:52:24,397 - mainlogger - INFO - Dice score: 0.7426
2024-05-16 20:52:24,397 - mainlogger - INFO - Accuracy: 0.9265
2024-05-16 20:52:24,397 - mainlogger - INFO - test
2024-05-16 20:52:37,174 - mainlogger - INFO - Dice score: 0.5289
2024-05-16 20:52:37,174 - mainlogger - INFO - Accuracy: 0.8805
2024-05-16 20:52:37,174 - mainlogger - INFO - ********************************************************************************
2024-05-16 20:52:45,468 - mainlogger - INFO - valid
2024-05-16 20:52:58,391 - mainlogger - INFO - Dice score: 0.4817
2024-05-16 20:52:58,391 - mainlogger - INFO - Accuracy: 0.8431
2024-05-16 20:52:58,391 - mainlogger - INFO - Epoch 72  2.2652257531881332
2024-05-16 20:52:58,391 - mainlogger - INFO - ********************************************************************************
2024-05-16 20:53:06,563 - mainlogger - INFO - valid
2024-05-16 20:53:19,452 - mainlogger - INFO - Dice score: 0.5168
2024-05-16 20:53:19,452 - mainlogger - INFO - Accuracy: 0.8737
2024-05-16 20:53:19,452 - mainlogger - INFO - 4.437053125e-05->3.77149515625e-05
2024-05-16 20:53:19,452 - mainlogger - INFO - Epoch 73  2.240396738052368
2024-05-16 20:53:19,453 - mainlogger - INFO - ********************************************************************************
2024-05-16 20:53:27,745 - mainlogger - INFO - valid
2024-05-16 20:53:40,852 - mainlogger - INFO - Dice score: 0.515
2024-05-16 20:53:40,852 - mainlogger - INFO - Accuracy: 0.8691
2024-05-16 20:53:40,852 - mainlogger - INFO - Epoch 74  2.2351625114679337
2024-05-16 20:53:40,852 - mainlogger - INFO - ********************************************************************************
2024-05-16 20:53:48,775 - mainlogger - INFO - valid
2024-05-16 20:54:00,372 - mainlogger - INFO - Dice score: 0.5309
2024-05-16 20:54:00,372 - mainlogger - INFO - Accuracy: 0.8902
2024-05-16 20:54:00,372 - mainlogger - INFO - Epoch 75  2.2248298972845078
2024-05-16 20:54:00,372 - mainlogger - INFO - ********************************************************************************
2024-05-16 20:54:08,146 - mainlogger - INFO - valid
2024-05-16 20:54:19,965 - mainlogger - INFO - Dice score: 0.5283
2024-05-16 20:54:19,965 - mainlogger - INFO - Accuracy: 0.8795
2024-05-16 20:54:19,965 - mainlogger - INFO - Epoch 76  2.1609286963939667
2024-05-16 20:54:19,965 - mainlogger - INFO - ********************************************************************************
2024-05-16 20:54:27,645 - mainlogger - INFO - valid
2024-05-16 20:54:39,368 - mainlogger - INFO - Dice score: 0.5126
2024-05-16 20:54:39,369 - mainlogger - INFO - Accuracy: 0.8672
2024-05-16 20:54:39,369 - mainlogger - INFO - 3.77149515625e-05->3.2057708828124995e-05
2024-05-16 20:54:39,369 - mainlogger - INFO - Epoch 77  2.1885201930999756
2024-05-16 20:54:39,369 - mainlogger - INFO - ********************************************************************************
2024-05-16 20:54:47,245 - mainlogger - INFO - valid
2024-05-16 20:54:59,205 - mainlogger - INFO - Dice score: 0.471
2024-05-16 20:54:59,205 - mainlogger - INFO - Accuracy: 0.8649
2024-05-16 20:54:59,205 - mainlogger - INFO - Epoch 78  2.2291689664125443
2024-05-16 20:54:59,205 - mainlogger - INFO - ********************************************************************************
2024-05-16 20:55:06,959 - mainlogger - INFO - valid
2024-05-16 20:55:18,880 - mainlogger - INFO - Dice score: 0.5269
2024-05-16 20:55:18,880 - mainlogger - INFO - Accuracy: 0.8867
2024-05-16 20:55:18,880 - mainlogger - INFO - Epoch 79  2.1827104836702347
2024-05-16 20:55:18,880 - mainlogger - INFO - ********************************************************************************
2024-05-16 20:55:26,759 - mainlogger - INFO - valid
2024-05-16 20:55:38,692 - mainlogger - INFO - Dice score: 0.5273
2024-05-16 20:55:38,692 - mainlogger - INFO - Accuracy: 0.8651
2024-05-16 20:55:38,692 - mainlogger - INFO - Epoch 80  2.202034503221512
2024-05-16 20:55:38,692 - mainlogger - INFO - ********************************************************************************
2024-05-16 20:55:46,676 - mainlogger - INFO - valid
2024-05-16 20:55:58,874 - mainlogger - INFO - Dice score: 0.5112
2024-05-16 20:55:58,874 - mainlogger - INFO - Accuracy: 0.8602
2024-05-16 20:55:58,874 - mainlogger - INFO - 3.2057708828124995e-05->2.7249052503906245e-05
2024-05-16 20:55:58,874 - mainlogger - INFO - Epoch 81  2.1026679277420044
2024-05-16 20:55:58,874 - mainlogger - INFO - train
2024-05-16 20:56:06,051 - mainlogger - INFO - Dice score: 0.7509
2024-05-16 20:56:06,051 - mainlogger - INFO - Accuracy: 0.925
2024-05-16 20:56:06,051 - mainlogger - INFO - test
2024-05-16 20:56:18,087 - mainlogger - INFO - Dice score: 0.5292
2024-05-16 20:56:18,087 - mainlogger - INFO - Accuracy: 0.8737
2024-05-16 20:56:18,087 - mainlogger - INFO - ********************************************************************************
2024-05-16 20:56:25,954 - mainlogger - INFO - valid
2024-05-16 20:56:38,093 - mainlogger - INFO - Dice score: 0.5533
2024-05-16 20:56:38,094 - mainlogger - INFO - Accuracy: 0.8936
2024-05-16 20:56:38,094 - mainlogger - INFO - Epoch 82  2.127966597676277
2024-05-16 20:56:38,094 - mainlogger - INFO - ********************************************************************************
2024-05-16 20:56:46,244 - mainlogger - INFO - valid
2024-05-16 20:56:57,868 - mainlogger - INFO - Dice score: 0.5491
2024-05-16 20:56:57,868 - mainlogger - INFO - Accuracy: 0.896
2024-05-16 20:56:57,868 - mainlogger - INFO - Epoch 83  2.113594204187393
2024-05-16 20:56:57,868 - mainlogger - INFO - ********************************************************************************
2024-05-16 20:57:05,665 - mainlogger - INFO - valid
2024-05-16 20:57:17,674 - mainlogger - INFO - Dice score: 0.5259
2024-05-16 20:57:17,674 - mainlogger - INFO - Accuracy: 0.8824
2024-05-16 20:57:17,674 - mainlogger - INFO - Epoch 84  2.1307127326726913
2024-05-16 20:57:17,674 - mainlogger - INFO - ********************************************************************************
2024-05-16 20:57:25,845 - mainlogger - INFO - valid
2024-05-16 20:57:37,714 - mainlogger - INFO - Dice score: 0.5386
2024-05-16 20:57:37,714 - mainlogger - INFO - Accuracy: 0.8884
2024-05-16 20:57:37,714 - mainlogger - INFO - Epoch 85  2.0917135775089264
2024-05-16 20:57:37,714 - mainlogger - INFO - ********************************************************************************
2024-05-16 20:57:45,557 - mainlogger - INFO - valid
2024-05-16 20:57:57,181 - mainlogger - INFO - Dice score: 0.5278
2024-05-16 20:57:57,181 - mainlogger - INFO - Accuracy: 0.8879
2024-05-16 20:57:57,181 - mainlogger - INFO - 2.7249052503906245e-05->2.3161694628320308e-05
2024-05-16 20:57:57,181 - mainlogger - INFO - Epoch 86  2.1591252088546753
2024-05-16 20:57:57,181 - mainlogger - INFO - ********************************************************************************
2024-05-16 20:58:04,977 - mainlogger - INFO - valid
2024-05-16 20:58:17,042 - mainlogger - INFO - Dice score: 0.5201
2024-05-16 20:58:17,042 - mainlogger - INFO - Accuracy: 0.881
2024-05-16 20:58:17,042 - mainlogger - INFO - Epoch 87  2.1524968296289444
2024-05-16 20:58:17,042 - mainlogger - INFO - ********************************************************************************
2024-05-16 20:58:24,845 - mainlogger - INFO - valid
2024-05-16 20:58:36,898 - mainlogger - INFO - Dice score: 0.5086
2024-05-16 20:58:36,899 - mainlogger - INFO - Accuracy: 0.8687
2024-05-16 20:58:36,899 - mainlogger - INFO - Epoch 88  2.1750549376010895
2024-05-16 20:58:36,899 - mainlogger - INFO - ********************************************************************************
2024-05-16 20:58:44,945 - mainlogger - INFO - valid
2024-05-16 20:58:56,879 - mainlogger - INFO - Dice score: 0.502
2024-05-16 20:58:56,879 - mainlogger - INFO - Accuracy: 0.8657
2024-05-16 20:58:56,879 - mainlogger - INFO - Epoch 89  2.125735431909561
2024-05-16 20:58:56,879 - mainlogger - INFO - ********************************************************************************
2024-05-16 20:59:04,708 - mainlogger - INFO - valid
2024-05-16 20:59:16,895 - mainlogger - INFO - Dice score: 0.5052
2024-05-16 20:59:16,895 - mainlogger - INFO - Accuracy: 0.8677
2024-05-16 20:59:16,895 - mainlogger - INFO - 2.3161694628320308e-05->1.9687440434072263e-05
2024-05-16 20:59:16,895 - mainlogger - INFO - Epoch 90  2.105615884065628
2024-05-16 20:59:16,895 - mainlogger - INFO - ********************************************************************************
2024-05-16 20:59:24,956 - mainlogger - INFO - valid
2024-05-16 20:59:36,991 - mainlogger - INFO - Dice score: 0.5374
2024-05-16 20:59:36,992 - mainlogger - INFO - Accuracy: 0.8798
2024-05-16 20:59:36,992 - mainlogger - INFO - Epoch 91  2.1055880784988403
2024-05-16 20:59:36,992 - mainlogger - INFO - train
2024-05-16 20:59:44,105 - mainlogger - INFO - Dice score: 0.8339
2024-05-16 20:59:44,105 - mainlogger - INFO - Accuracy: 0.9566
2024-05-16 20:59:44,105 - mainlogger - INFO - test
2024-05-16 20:59:56,182 - mainlogger - INFO - Dice score: 0.5676
2024-05-16 20:59:56,182 - mainlogger - INFO - Accuracy: 0.8986
2024-05-16 20:59:56,182 - mainlogger - INFO - ********************************************************************************
2024-05-16 21:00:04,056 - mainlogger - INFO - valid
2024-05-16 21:00:15,952 - mainlogger - INFO - Dice score: 0.529
2024-05-16 21:00:15,952 - mainlogger - INFO - Accuracy: 0.8858
2024-05-16 21:00:15,952 - mainlogger - INFO - Epoch 92  2.143205866217613
2024-05-16 21:00:15,952 - mainlogger - INFO - ********************************************************************************
2024-05-16 21:00:23,566 - mainlogger - INFO - valid
2024-05-16 21:00:35,589 - mainlogger - INFO - Dice score: 0.5527
2024-05-16 21:00:35,590 - mainlogger - INFO - Accuracy: 0.8934
2024-05-16 21:00:35,590 - mainlogger - INFO - Epoch 93  2.076519012451172
2024-05-16 21:00:35,590 - mainlogger - INFO - ********************************************************************************
2024-05-16 21:00:43,545 - mainlogger - INFO - valid
2024-05-16 21:00:55,474 - mainlogger - INFO - Dice score: 0.535
2024-05-16 21:00:55,474 - mainlogger - INFO - Accuracy: 0.8863
2024-05-16 21:00:55,474 - mainlogger - INFO - 1.9687440434072263e-05->1.673432436896142e-05
2024-05-16 21:00:55,475 - mainlogger - INFO - Epoch 94  2.1308953166007996
2024-05-16 21:00:55,475 - mainlogger - INFO - ********************************************************************************
2024-05-16 21:01:03,280 - mainlogger - INFO - valid
2024-05-16 21:01:15,273 - mainlogger - INFO - Dice score: 0.5277
2024-05-16 21:01:15,273 - mainlogger - INFO - Accuracy: 0.883
2024-05-16 21:01:15,273 - mainlogger - INFO - Epoch 95  2.0473442375659943
2024-05-16 21:01:15,273 - mainlogger - INFO - ********************************************************************************
2024-05-16 21:01:23,155 - mainlogger - INFO - valid
2024-05-16 21:01:35,101 - mainlogger - INFO - Dice score: 0.5095
2024-05-16 21:01:35,102 - mainlogger - INFO - Accuracy: 0.8743
2024-05-16 21:01:35,102 - mainlogger - INFO - Epoch 96  2.0789317786693573
2024-05-16 21:01:35,102 - mainlogger - INFO - ********************************************************************************
2024-05-16 21:01:42,851 - mainlogger - INFO - valid
2024-05-16 21:01:54,575 - mainlogger - INFO - Dice score: 0.536
2024-05-16 21:01:54,575 - mainlogger - INFO - Accuracy: 0.8855
2024-05-16 21:01:54,575 - mainlogger - INFO - Epoch 97  2.0846829563379288
2024-05-16 21:01:54,575 - mainlogger - INFO - ********************************************************************************
2024-05-16 21:02:02,445 - mainlogger - INFO - valid
2024-05-16 21:02:14,181 - mainlogger - INFO - Dice score: 0.5396
2024-05-16 21:02:14,182 - mainlogger - INFO - Accuracy: 0.8908
2024-05-16 21:02:14,182 - mainlogger - INFO - 1.673432436896142e-05->1.4224175713617208e-05
2024-05-16 21:02:14,182 - mainlogger - INFO - Epoch 98  2.134222447872162
2024-05-16 21:02:14,182 - mainlogger - INFO - ********************************************************************************
2024-05-16 21:02:22,178 - mainlogger - INFO - valid
2024-05-16 21:02:34,281 - mainlogger - INFO - Dice score: 0.5231
2024-05-16 21:02:34,281 - mainlogger - INFO - Accuracy: 0.8822
2024-05-16 21:02:34,281 - mainlogger - INFO - Epoch 99  2.089180290699005
2024-05-16 21:02:34,281 - mainlogger - INFO - train
2024-05-16 21:02:41,446 - mainlogger - INFO - Dice score: 0.8143
2024-05-16 21:02:41,447 - mainlogger - INFO - Accuracy: 0.9494
2024-05-16 21:02:41,447 - mainlogger - INFO - test
2024-05-16 21:02:53,758 - mainlogger - INFO - Dice score: 0.5672
2024-05-16 21:02:53,758 - mainlogger - INFO - Accuracy: 0.8979
2024-05-16 21:02:53,758 - mainlogger - INFO - ********************************************************************************
2024-05-16 21:02:53,758 - mainlogger - INFO - (82, 86)
2024-05-16 21:02:53,758 - mainlogger - INFO - 0.5389433160113549
