2024-05-17 11:28:30,415 - mainlogger - INFO - 1956
2024-05-17 11:28:30,415 - mainlogger - INFO - <class '__main__.UniversegPipeline'>
2024-05-17 11:28:30,415 - mainlogger - INFO - universeg_config/base.yaml
2024-05-17 11:28:30,415 - mainlogger - INFO - {'desc': '代码重构，效果应该一样', 'batch_size': 8, 'epochs': 100, 'k': 2, 'root_dir': '/Dataset_BUSI', 'model': {'name': 'universeg_test.universeg.UniverSeg', 'args': {'channels': [64, 128, 256, 256, 512], 'in_channels': [1, 2], 'init': True, 'act': 'ReLU'}}, 'trainset': {'name': 'datasetBUSI.mask_busi_single.MaskBUSISingle', 'args': {'root_dir': '/Dataset_BUSI', 'image_names_path': 'labeled20.txt', 'mode': 'train'}}, 'testset': {'name': 'datasetBUSI.mask_busi_single.MaskBUSISingle', 'args': {'root_dir': '/Dataset_BUSI', 'image_names_path': 'test.txt', 'mode': 'test'}}, 'validset': {'name': 'datasetBUSI.mask_busi_single.MaskBUSISingle', 'args': {'root_dir': '/Dataset_BUSI', 'image_names_path': 'val.txt', 'mode': 'test'}}, 'criterion': {'name': 'spgutils.focalloss.BinaryFocalLoss', 'args': {'gamma': 1}}, 'optimizer': {'name': 'torch.optim.Adam', 'args': {'lr': 0.0001}}, 'scheduler': {'name': 'torch.optim.lr_scheduler.ReduceLROnPlateau', 'args': {'mode': 'max', 'factor': 0.85, 'patience': 3}}}
2024-05-17 11:28:30,416 - mainlogger - INFO - 20.496294021606445
2024-05-17 11:28:43,133 - mainlogger - INFO - Epoch 0  4.12807884812355
2024-05-17 11:28:43,134 - mainlogger - INFO - ********************************************************************************
2024-05-17 11:28:52,993 - mainlogger - INFO - Epoch 1  3.530029445886612
2024-05-17 11:28:52,993 - mainlogger - INFO - train
2024-05-17 11:29:02,798 - mainlogger - INFO - Dice score: 0.3536
2024-05-17 11:29:02,799 - mainlogger - INFO - Accuracy: 0.6921
2024-05-17 11:29:02,799 - mainlogger - INFO - test
2024-05-17 11:29:20,180 - mainlogger - INFO - Dice score: 0.3123
2024-05-17 11:29:20,180 - mainlogger - INFO - Accuracy: 0.6939
2024-05-17 11:29:20,181 - mainlogger - INFO - ********************************************************************************
2024-05-17 11:29:29,995 - mainlogger - INFO - Epoch 2  3.173106402158737
2024-05-17 11:29:29,996 - mainlogger - INFO - ********************************************************************************
2024-05-17 11:29:39,626 - mainlogger - INFO - Epoch 3  2.9738160371780396
2024-05-17 11:29:39,627 - mainlogger - INFO - ********************************************************************************
2024-05-17 11:29:49,778 - mainlogger - INFO - Epoch 4  3.0487698018550873
2024-05-17 11:29:49,779 - mainlogger - INFO - ********************************************************************************
2024-05-17 11:29:59,489 - mainlogger - INFO - Epoch 5  2.944019317626953
2024-05-17 11:29:59,489 - mainlogger - INFO - ********************************************************************************
2024-05-17 11:30:09,209 - mainlogger - INFO - Epoch 6  2.9254841804504395
2024-05-17 11:30:09,209 - mainlogger - INFO - ********************************************************************************
2024-05-17 11:30:18,977 - mainlogger - INFO - Epoch 7  2.9813172221183777
2024-05-17 11:30:18,978 - mainlogger - INFO - ********************************************************************************
2024-05-17 11:30:28,579 - mainlogger - INFO - Epoch 8  2.8724632561206818
2024-05-17 11:30:28,579 - mainlogger - INFO - ********************************************************************************
2024-05-17 11:30:38,296 - mainlogger - INFO - Epoch 9  2.851994425058365
2024-05-17 11:30:38,296 - mainlogger - INFO - ********************************************************************************
2024-05-17 11:30:48,012 - mainlogger - INFO - Epoch 10  2.8127026855945587
2024-05-17 11:30:48,012 - mainlogger - INFO - ********************************************************************************
2024-05-17 11:30:57,664 - mainlogger - INFO - Epoch 11  2.8143595457077026
2024-05-17 11:30:57,664 - mainlogger - INFO - train
2024-05-17 11:31:07,477 - mainlogger - INFO - Dice score: 0.4906
2024-05-17 11:31:07,478 - mainlogger - INFO - Accuracy: 0.8361
2024-05-17 11:31:07,478 - mainlogger - INFO - test
2024-05-17 11:31:23,924 - mainlogger - INFO - Dice score: 0.4246
2024-05-17 11:31:23,924 - mainlogger - INFO - Accuracy: 0.8309
2024-05-17 11:31:23,924 - mainlogger - INFO - ********************************************************************************
2024-05-17 11:31:33,493 - mainlogger - INFO - Epoch 12  2.7194827646017075
2024-05-17 11:31:33,493 - mainlogger - INFO - ********************************************************************************
2024-05-17 11:31:43,596 - mainlogger - INFO - Epoch 13  2.7646452486515045
2024-05-17 11:31:43,596 - mainlogger - INFO - ********************************************************************************
2024-05-17 11:31:53,771 - mainlogger - INFO - Epoch 14  2.855456829071045
2024-05-17 11:31:53,772 - mainlogger - INFO - ********************************************************************************
2024-05-17 11:32:03,616 - mainlogger - INFO - Epoch 15  2.8089878857135773
2024-05-17 11:32:03,616 - mainlogger - INFO - ********************************************************************************
2024-05-17 11:32:13,576 - mainlogger - INFO - Epoch 16  2.723546862602234
2024-05-17 11:32:13,577 - mainlogger - INFO - ********************************************************************************
2024-05-17 11:32:23,576 - mainlogger - INFO - Epoch 17  2.734370931982994
2024-05-17 11:32:23,576 - mainlogger - INFO - ********************************************************************************
2024-05-17 11:32:33,684 - mainlogger - INFO - Epoch 18  2.629295900464058
2024-05-17 11:32:33,685 - mainlogger - INFO - ********************************************************************************
2024-05-17 11:32:43,727 - mainlogger - INFO - Epoch 19  2.6234286576509476
2024-05-17 11:32:43,728 - mainlogger - INFO - ********************************************************************************
2024-05-17 11:32:54,264 - mainlogger - INFO - Epoch 20  2.6358931362628937
2024-05-17 11:32:54,265 - mainlogger - INFO - ********************************************************************************
2024-05-17 11:33:04,548 - mainlogger - INFO - Epoch 21  2.640433892607689
2024-05-17 11:33:04,548 - mainlogger - INFO - train
2024-05-17 11:33:14,564 - mainlogger - INFO - Dice score: 0.6477
2024-05-17 11:33:14,565 - mainlogger - INFO - Accuracy: 0.8966
2024-05-17 11:33:14,565 - mainlogger - INFO - test
2024-05-17 11:33:31,635 - mainlogger - INFO - Dice score: 0.5314
2024-05-17 11:33:31,635 - mainlogger - INFO - Accuracy: 0.8785
2024-05-17 11:33:31,635 - mainlogger - INFO - ********************************************************************************
2024-05-17 11:33:41,808 - mainlogger - INFO - Epoch 22  2.685594215989113
2024-05-17 11:33:41,808 - mainlogger - INFO - ********************************************************************************
2024-05-17 11:33:51,971 - mainlogger - INFO - Epoch 23  2.5532684922218323
2024-05-17 11:33:51,972 - mainlogger - INFO - ********************************************************************************
2024-05-17 11:34:02,153 - mainlogger - INFO - Epoch 24  2.6371461153030396
2024-05-17 11:34:02,153 - mainlogger - INFO - ********************************************************************************
2024-05-17 11:34:12,441 - mainlogger - INFO - Epoch 25  2.6160756051540375
2024-05-17 11:34:12,442 - mainlogger - INFO - ********************************************************************************
2024-05-17 11:34:22,754 - mainlogger - INFO - Epoch 26  2.569896936416626
2024-05-17 11:34:22,755 - mainlogger - INFO - ********************************************************************************
2024-05-17 11:34:32,695 - mainlogger - INFO - Epoch 27  2.5438754111528397
2024-05-17 11:34:32,696 - mainlogger - INFO - ********************************************************************************
2024-05-17 11:34:42,754 - mainlogger - INFO - Epoch 28  2.520352318882942
2024-05-17 11:34:42,754 - mainlogger - INFO - ********************************************************************************
2024-05-17 11:34:52,771 - mainlogger - INFO - Epoch 29  2.5583111494779587
2024-05-17 11:34:52,772 - mainlogger - INFO - ********************************************************************************
2024-05-17 11:35:02,791 - mainlogger - INFO - Epoch 30  2.5591091960668564
2024-05-17 11:35:02,791 - mainlogger - INFO - ********************************************************************************
2024-05-17 11:35:13,002 - mainlogger - INFO - Epoch 31  2.448308616876602
2024-05-17 11:35:13,003 - mainlogger - INFO - train
2024-05-17 11:35:23,004 - mainlogger - INFO - Dice score: 0.6939
2024-05-17 11:35:23,004 - mainlogger - INFO - Accuracy: 0.9088
2024-05-17 11:35:23,004 - mainlogger - INFO - test
2024-05-17 11:35:39,698 - mainlogger - INFO - Dice score: 0.5292
2024-05-17 11:35:39,698 - mainlogger - INFO - Accuracy: 0.8802
2024-05-17 11:35:39,698 - mainlogger - INFO - ********************************************************************************
2024-05-17 11:35:49,775 - mainlogger - INFO - Epoch 32  2.55540868639946
2024-05-17 11:35:49,776 - mainlogger - INFO - ********************************************************************************
2024-05-17 11:35:59,806 - mainlogger - INFO - Epoch 33  2.422307327389717
2024-05-17 11:35:59,807 - mainlogger - INFO - ********************************************************************************
2024-05-17 11:36:09,957 - mainlogger - INFO - Epoch 34  2.4588180780410767
2024-05-17 11:36:09,959 - mainlogger - INFO - ********************************************************************************
2024-05-17 11:36:20,209 - mainlogger - INFO - Epoch 35  2.5192901343107224
2024-05-17 11:36:20,210 - mainlogger - INFO - ********************************************************************************
2024-05-17 11:36:30,579 - mainlogger - INFO - Epoch 36  2.4679465144872665
2024-05-17 11:36:30,580 - mainlogger - INFO - ********************************************************************************
2024-05-17 11:36:40,586 - mainlogger - INFO - Epoch 37  2.4472237527370453
2024-05-17 11:36:40,587 - mainlogger - INFO - ********************************************************************************
2024-05-17 11:36:50,707 - mainlogger - INFO - Epoch 38  2.376056969165802
2024-05-17 11:36:50,707 - mainlogger - INFO - ********************************************************************************
2024-05-17 11:37:00,295 - mainlogger - INFO - Epoch 39  2.4206674844026566
2024-05-17 11:37:00,295 - mainlogger - INFO - ********************************************************************************
2024-05-17 11:37:10,075 - mainlogger - INFO - valid
2024-05-17 11:37:26,415 - mainlogger - INFO - Dice score: 0.5248
2024-05-17 11:37:26,415 - mainlogger - INFO - Accuracy: 0.8641
2024-05-17 11:37:26,416 - mainlogger - INFO - Epoch 40  2.406549572944641
2024-05-17 11:37:26,416 - mainlogger - INFO - ********************************************************************************
2024-05-17 11:37:35,890 - mainlogger - INFO - valid
2024-05-17 11:37:51,821 - mainlogger - INFO - Dice score: 0.5355
2024-05-17 11:37:51,821 - mainlogger - INFO - Accuracy: 0.8718
2024-05-17 11:37:51,821 - mainlogger - INFO - Epoch 41  2.4421214759349823
2024-05-17 11:37:51,821 - mainlogger - INFO - train
2024-05-17 11:38:01,643 - mainlogger - INFO - Dice score: 0.6981
2024-05-17 11:38:01,644 - mainlogger - INFO - Accuracy: 0.916
2024-05-17 11:38:01,644 - mainlogger - INFO - test
2024-05-17 11:38:18,916 - mainlogger - INFO - Dice score: 0.547
2024-05-17 11:38:18,917 - mainlogger - INFO - Accuracy: 0.8857
2024-05-17 11:38:18,917 - mainlogger - INFO - ********************************************************************************
2024-05-17 11:38:29,194 - mainlogger - INFO - valid
2024-05-17 11:38:46,095 - mainlogger - INFO - Dice score: 0.5806
2024-05-17 11:38:46,096 - mainlogger - INFO - Accuracy: 0.899
2024-05-17 11:38:46,096 - mainlogger - INFO - Epoch 42  2.3396437615156174
2024-05-17 11:38:46,096 - mainlogger - INFO - ********************************************************************************
2024-05-17 11:38:56,307 - mainlogger - INFO - valid
2024-05-17 11:39:13,209 - mainlogger - INFO - Dice score: 0.5359
2024-05-17 11:39:13,209 - mainlogger - INFO - Accuracy: 0.862
2024-05-17 11:39:13,209 - mainlogger - INFO - Epoch 43  2.3634539246559143
2024-05-17 11:39:13,209 - mainlogger - INFO - ********************************************************************************
2024-05-17 11:39:23,279 - mainlogger - INFO - valid
2024-05-17 11:39:40,126 - mainlogger - INFO - Dice score: 0.5706
2024-05-17 11:39:40,127 - mainlogger - INFO - Accuracy: 0.8892
2024-05-17 11:39:40,127 - mainlogger - INFO - Epoch 44  2.375745639204979
2024-05-17 11:39:40,127 - mainlogger - INFO - ********************************************************************************
2024-05-17 11:39:50,333 - mainlogger - INFO - valid
2024-05-17 11:40:06,920 - mainlogger - INFO - Dice score: 0.5745
2024-05-17 11:40:06,920 - mainlogger - INFO - Accuracy: 0.8913
2024-05-17 11:40:06,920 - mainlogger - INFO - Epoch 45  2.5014383792877197
2024-05-17 11:40:06,920 - mainlogger - INFO - ********************************************************************************
2024-05-17 11:40:16,771 - mainlogger - INFO - valid
2024-05-17 11:40:33,466 - mainlogger - INFO - Dice score: 0.5819
2024-05-17 11:40:33,467 - mainlogger - INFO - Accuracy: 0.8987
2024-05-17 11:40:33,467 - mainlogger - INFO - Epoch 46  2.489443317055702
2024-05-17 11:40:33,467 - mainlogger - INFO - ********************************************************************************
2024-05-17 11:40:43,757 - mainlogger - INFO - valid
2024-05-17 11:41:00,360 - mainlogger - INFO - Dice score: 0.5479
2024-05-17 11:41:00,361 - mainlogger - INFO - Accuracy: 0.8815
2024-05-17 11:41:00,361 - mainlogger - INFO - Epoch 47  2.3159694224596024
2024-05-17 11:41:00,361 - mainlogger - INFO - ********************************************************************************
2024-05-17 11:41:10,296 - mainlogger - INFO - valid
2024-05-17 11:41:26,722 - mainlogger - INFO - Dice score: 0.4369
2024-05-17 11:41:26,722 - mainlogger - INFO - Accuracy: 0.7794
2024-05-17 11:41:26,722 - mainlogger - INFO - Epoch 48  2.3041299134492874
2024-05-17 11:41:26,722 - mainlogger - INFO - ********************************************************************************
2024-05-17 11:41:36,817 - mainlogger - INFO - valid
2024-05-17 11:41:54,007 - mainlogger - INFO - Dice score: 0.6034
2024-05-17 11:41:54,008 - mainlogger - INFO - Accuracy: 0.9082
2024-05-17 11:41:54,008 - mainlogger - INFO - Epoch 49  2.3980520516633987
2024-05-17 11:41:54,008 - mainlogger - INFO - ********************************************************************************
2024-05-17 11:42:03,705 - mainlogger - INFO - valid
2024-05-17 11:42:19,514 - mainlogger - INFO - Dice score: 0.5833
2024-05-17 11:42:19,514 - mainlogger - INFO - Accuracy: 0.8981
2024-05-17 11:42:19,514 - mainlogger - INFO - Epoch 50  2.3626135140657425
2024-05-17 11:42:19,514 - mainlogger - INFO - ********************************************************************************
2024-05-17 11:42:28,996 - mainlogger - INFO - valid
2024-05-17 11:42:44,738 - mainlogger - INFO - Dice score: 0.5242
2024-05-17 11:42:44,738 - mainlogger - INFO - Accuracy: 0.8577
2024-05-17 11:42:44,738 - mainlogger - INFO - Epoch 51  2.3229129761457443
2024-05-17 11:42:44,738 - mainlogger - INFO - train
2024-05-17 11:42:54,068 - mainlogger - INFO - Dice score: 0.7143
2024-05-17 11:42:54,068 - mainlogger - INFO - Accuracy: 0.9146
2024-05-17 11:42:54,068 - mainlogger - INFO - test
2024-05-17 11:43:10,134 - mainlogger - INFO - Dice score: 0.5589
2024-05-17 11:43:10,134 - mainlogger - INFO - Accuracy: 0.882
2024-05-17 11:43:10,134 - mainlogger - INFO - ********************************************************************************
2024-05-17 11:43:19,769 - mainlogger - INFO - valid
2024-05-17 11:43:35,418 - mainlogger - INFO - Dice score: 0.5843
2024-05-17 11:43:35,418 - mainlogger - INFO - Accuracy: 0.8947
2024-05-17 11:43:35,418 - mainlogger - INFO - Epoch 52  2.2492611706256866
2024-05-17 11:43:35,418 - mainlogger - INFO - ********************************************************************************
2024-05-17 11:43:45,098 - mainlogger - INFO - valid
2024-05-17 11:44:01,006 - mainlogger - INFO - Dice score: 0.5326
2024-05-17 11:44:01,006 - mainlogger - INFO - Accuracy: 0.8673
2024-05-17 11:44:01,006 - mainlogger - INFO - 0.0001->8.5e-05
2024-05-17 11:44:01,006 - mainlogger - INFO - Epoch 53  2.2555619180202484
2024-05-17 11:44:01,006 - mainlogger - INFO - ********************************************************************************
2024-05-17 11:44:10,989 - mainlogger - INFO - valid
2024-05-17 11:44:26,810 - mainlogger - INFO - Dice score: 0.5658
2024-05-17 11:44:26,810 - mainlogger - INFO - Accuracy: 0.8875
2024-05-17 11:44:26,810 - mainlogger - INFO - Epoch 54  2.252921402454376
2024-05-17 11:44:26,810 - mainlogger - INFO - ********************************************************************************
2024-05-17 11:44:36,425 - mainlogger - INFO - valid
2024-05-17 11:44:52,500 - mainlogger - INFO - Dice score: 0.5849
2024-05-17 11:44:52,501 - mainlogger - INFO - Accuracy: 0.9051
2024-05-17 11:44:52,501 - mainlogger - INFO - Epoch 55  2.1870246082544327
2024-05-17 11:44:52,501 - mainlogger - INFO - ********************************************************************************
2024-05-17 11:45:02,245 - mainlogger - INFO - valid
2024-05-17 11:45:18,104 - mainlogger - INFO - Dice score: 0.5528
2024-05-17 11:45:18,105 - mainlogger - INFO - Accuracy: 0.8774
2024-05-17 11:45:18,105 - mainlogger - INFO - Epoch 56  2.1960367560386658
2024-05-17 11:45:18,105 - mainlogger - INFO - ********************************************************************************
2024-05-17 11:45:27,511 - mainlogger - INFO - valid
2024-05-17 11:45:43,498 - mainlogger - INFO - Dice score: 0.5806
2024-05-17 11:45:43,498 - mainlogger - INFO - Accuracy: 0.8857
2024-05-17 11:45:43,498 - mainlogger - INFO - 8.5e-05->7.225000000000001e-05
2024-05-17 11:45:43,498 - mainlogger - INFO - Epoch 57  2.237542986869812
2024-05-17 11:45:43,498 - mainlogger - INFO - ********************************************************************************
2024-05-17 11:45:53,015 - mainlogger - INFO - valid
2024-05-17 11:46:08,905 - mainlogger - INFO - Dice score: 0.6275
2024-05-17 11:46:08,906 - mainlogger - INFO - Accuracy: 0.923
2024-05-17 11:46:08,906 - mainlogger - INFO - Epoch 58  2.302977219223976
2024-05-17 11:46:08,906 - mainlogger - INFO - ********************************************************************************
2024-05-17 11:46:18,474 - mainlogger - INFO - valid
2024-05-17 11:46:34,111 - mainlogger - INFO - Dice score: 0.5638
2024-05-17 11:46:34,112 - mainlogger - INFO - Accuracy: 0.88
2024-05-17 11:46:34,112 - mainlogger - INFO - Epoch 59  2.2475783079862595
2024-05-17 11:46:34,112 - mainlogger - INFO - ********************************************************************************
2024-05-17 11:46:42,970 - mainlogger - INFO - valid
2024-05-17 11:46:57,826 - mainlogger - INFO - Dice score: 0.5947
2024-05-17 11:46:57,826 - mainlogger - INFO - Accuracy: 0.8991
2024-05-17 11:46:57,826 - mainlogger - INFO - Epoch 60  2.22063447535038
2024-05-17 11:46:57,826 - mainlogger - INFO - ********************************************************************************
2024-05-17 11:47:06,792 - mainlogger - INFO - valid
2024-05-17 11:47:21,812 - mainlogger - INFO - Dice score: 0.5827
2024-05-17 11:47:21,812 - mainlogger - INFO - Accuracy: 0.8934
2024-05-17 11:47:21,812 - mainlogger - INFO - Epoch 61  2.226008728146553
2024-05-17 11:47:21,812 - mainlogger - INFO - train
2024-05-17 11:47:31,066 - mainlogger - INFO - Dice score: 0.7937
2024-05-17 11:47:31,066 - mainlogger - INFO - Accuracy: 0.9451
2024-05-17 11:47:31,066 - mainlogger - INFO - test
2024-05-17 11:47:46,126 - mainlogger - INFO - Dice score: 0.5807
2024-05-17 11:47:46,126 - mainlogger - INFO - Accuracy: 0.8971
2024-05-17 11:47:46,126 - mainlogger - INFO - ********************************************************************************
2024-05-17 11:47:55,193 - mainlogger - INFO - valid
2024-05-17 11:48:10,457 - mainlogger - INFO - Dice score: 0.5808
2024-05-17 11:48:10,458 - mainlogger - INFO - Accuracy: 0.8935
2024-05-17 11:48:10,458 - mainlogger - INFO - 7.225000000000001e-05->6.141250000000001e-05
2024-05-17 11:48:10,458 - mainlogger - INFO - Epoch 62  2.160399854183197
2024-05-17 11:48:10,458 - mainlogger - INFO - ********************************************************************************
2024-05-17 11:48:19,970 - mainlogger - INFO - valid
2024-05-17 11:48:36,317 - mainlogger - INFO - Dice score: 0.5593
2024-05-17 11:48:36,318 - mainlogger - INFO - Accuracy: 0.8895
2024-05-17 11:48:36,318 - mainlogger - INFO - Epoch 63  2.1568395495414734
2024-05-17 11:48:36,318 - mainlogger - INFO - ********************************************************************************
2024-05-17 11:48:46,404 - mainlogger - INFO - valid
2024-05-17 11:49:02,675 - mainlogger - INFO - Dice score: 0.5766
2024-05-17 11:49:02,675 - mainlogger - INFO - Accuracy: 0.8887
2024-05-17 11:49:02,675 - mainlogger - INFO - Epoch 64  2.1587346643209457
2024-05-17 11:49:02,675 - mainlogger - INFO - ********************************************************************************
2024-05-17 11:49:12,398 - mainlogger - INFO - valid
2024-05-17 11:49:28,079 - mainlogger - INFO - Dice score: 0.5813
2024-05-17 11:49:28,080 - mainlogger - INFO - Accuracy: 0.8931
2024-05-17 11:49:28,080 - mainlogger - INFO - Epoch 65  2.0403312742710114
2024-05-17 11:49:28,080 - mainlogger - INFO - ********************************************************************************
2024-05-17 11:49:38,061 - mainlogger - INFO - valid
2024-05-17 11:49:53,779 - mainlogger - INFO - Dice score: 0.5573
2024-05-17 11:49:53,779 - mainlogger - INFO - Accuracy: 0.8818
2024-05-17 11:49:53,780 - mainlogger - INFO - 6.141250000000001e-05->5.2200625000000005e-05
2024-05-17 11:49:53,780 - mainlogger - INFO - Epoch 66  2.162564918398857
2024-05-17 11:49:53,780 - mainlogger - INFO - ********************************************************************************
2024-05-17 11:50:03,305 - mainlogger - INFO - valid
2024-05-17 11:50:19,199 - mainlogger - INFO - Dice score: 0.5926
2024-05-17 11:50:19,199 - mainlogger - INFO - Accuracy: 0.9005
2024-05-17 11:50:19,199 - mainlogger - INFO - Epoch 67  2.1006179600954056
2024-05-17 11:50:19,199 - mainlogger - INFO - ********************************************************************************
2024-05-17 11:50:29,377 - mainlogger - INFO - valid
2024-05-17 11:50:45,594 - mainlogger - INFO - Dice score: 0.572
2024-05-17 11:50:45,594 - mainlogger - INFO - Accuracy: 0.8867
2024-05-17 11:50:45,594 - mainlogger - INFO - Epoch 68  2.1840097308158875
2024-05-17 11:50:45,594 - mainlogger - INFO - ********************************************************************************
2024-05-17 11:50:56,083 - mainlogger - INFO - valid
2024-05-17 11:51:12,794 - mainlogger - INFO - Dice score: 0.6076
2024-05-17 11:51:12,794 - mainlogger - INFO - Accuracy: 0.9052
2024-05-17 11:51:12,794 - mainlogger - INFO - Epoch 69  2.0976564437150955
2024-05-17 11:51:12,794 - mainlogger - INFO - ********************************************************************************
2024-05-17 11:51:23,091 - mainlogger - INFO - valid
2024-05-17 11:51:39,505 - mainlogger - INFO - Dice score: 0.6137
2024-05-17 11:51:39,505 - mainlogger - INFO - Accuracy: 0.9086
2024-05-17 11:51:39,505 - mainlogger - INFO - 5.2200625000000005e-05->4.437053125e-05
2024-05-17 11:51:39,505 - mainlogger - INFO - Epoch 70  2.099564775824547
2024-05-17 11:51:39,505 - mainlogger - INFO - ********************************************************************************
2024-05-17 11:51:49,502 - mainlogger - INFO - valid
2024-05-17 11:52:05,807 - mainlogger - INFO - Dice score: 0.6165
2024-05-17 11:52:05,807 - mainlogger - INFO - Accuracy: 0.913
2024-05-17 11:52:05,807 - mainlogger - INFO - Epoch 71  2.0478981137275696
2024-05-17 11:52:05,807 - mainlogger - INFO - train
2024-05-17 11:52:15,843 - mainlogger - INFO - Dice score: 0.843
2024-05-17 11:52:15,843 - mainlogger - INFO - Accuracy: 0.9576
2024-05-17 11:52:15,843 - mainlogger - INFO - test
2024-05-17 11:52:32,990 - mainlogger - INFO - Dice score: 0.5783
2024-05-17 11:52:32,990 - mainlogger - INFO - Accuracy: 0.91
2024-05-17 11:52:32,991 - mainlogger - INFO - ********************************************************************************
2024-05-17 11:52:43,030 - mainlogger - INFO - valid
2024-05-17 11:52:59,399 - mainlogger - INFO - Dice score: 0.5982
2024-05-17 11:52:59,399 - mainlogger - INFO - Accuracy: 0.9032
2024-05-17 11:52:59,400 - mainlogger - INFO - Epoch 72  2.130123719573021
2024-05-17 11:52:59,400 - mainlogger - INFO - ********************************************************************************
2024-05-17 11:53:09,557 - mainlogger - INFO - valid
2024-05-17 11:53:26,191 - mainlogger - INFO - Dice score: 0.6089
2024-05-17 11:53:26,191 - mainlogger - INFO - Accuracy: 0.9078
2024-05-17 11:53:26,191 - mainlogger - INFO - Epoch 73  2.0704993158578873
2024-05-17 11:53:26,191 - mainlogger - INFO - ********************************************************************************
2024-05-17 11:53:36,253 - mainlogger - INFO - valid
2024-05-17 11:53:52,812 - mainlogger - INFO - Dice score: 0.5621
2024-05-17 11:53:52,812 - mainlogger - INFO - Accuracy: 0.8849
2024-05-17 11:53:52,813 - mainlogger - INFO - 4.437053125e-05->3.77149515625e-05
2024-05-17 11:53:52,813 - mainlogger - INFO - Epoch 74  2.0528522580862045
2024-05-17 11:53:52,813 - mainlogger - INFO - ********************************************************************************
2024-05-17 11:54:03,003 - mainlogger - INFO - valid
2024-05-17 11:54:19,811 - mainlogger - INFO - Dice score: 0.594
2024-05-17 11:54:19,811 - mainlogger - INFO - Accuracy: 0.9018
2024-05-17 11:54:19,812 - mainlogger - INFO - Epoch 75  2.0497869700193405
2024-05-17 11:54:19,812 - mainlogger - INFO - ********************************************************************************
2024-05-17 11:54:29,912 - mainlogger - INFO - valid
2024-05-17 11:54:46,233 - mainlogger - INFO - Dice score: 0.6023
2024-05-17 11:54:46,234 - mainlogger - INFO - Accuracy: 0.9059
2024-05-17 11:54:46,234 - mainlogger - INFO - Epoch 76  2.0215204805135727
2024-05-17 11:54:46,234 - mainlogger - INFO - ********************************************************************************
2024-05-17 11:54:56,209 - mainlogger - INFO - valid
2024-05-17 11:55:12,699 - mainlogger - INFO - Dice score: 0.5966
2024-05-17 11:55:12,699 - mainlogger - INFO - Accuracy: 0.9035
2024-05-17 11:55:12,699 - mainlogger - INFO - Epoch 77  1.9871217757463455
2024-05-17 11:55:12,699 - mainlogger - INFO - ********************************************************************************
2024-05-17 11:55:22,768 - mainlogger - INFO - valid
2024-05-17 11:55:39,397 - mainlogger - INFO - Dice score: 0.5769
2024-05-17 11:55:39,397 - mainlogger - INFO - Accuracy: 0.8979
2024-05-17 11:55:39,397 - mainlogger - INFO - 3.77149515625e-05->3.2057708828124995e-05
2024-05-17 11:55:39,397 - mainlogger - INFO - Epoch 78  2.0316506028175354
2024-05-17 11:55:39,397 - mainlogger - INFO - ********************************************************************************
2024-05-17 11:55:49,558 - mainlogger - INFO - valid
2024-05-17 11:56:06,202 - mainlogger - INFO - Dice score: 0.5881
2024-05-17 11:56:06,202 - mainlogger - INFO - Accuracy: 0.9039
2024-05-17 11:56:06,202 - mainlogger - INFO - Epoch 79  2.0139991641044617
2024-05-17 11:56:06,202 - mainlogger - INFO - ********************************************************************************
2024-05-17 11:56:16,404 - mainlogger - INFO - valid
2024-05-17 11:56:33,302 - mainlogger - INFO - Dice score: 0.5784
2024-05-17 11:56:33,303 - mainlogger - INFO - Accuracy: 0.8965
2024-05-17 11:56:33,303 - mainlogger - INFO - Epoch 80  2.0496520549058914
2024-05-17 11:56:33,303 - mainlogger - INFO - ********************************************************************************
2024-05-17 11:56:43,771 - mainlogger - INFO - valid
2024-05-17 11:57:00,611 - mainlogger - INFO - Dice score: 0.5638
2024-05-17 11:57:00,612 - mainlogger - INFO - Accuracy: 0.8881
2024-05-17 11:57:00,612 - mainlogger - INFO - Epoch 81  1.9558093845844269
2024-05-17 11:57:00,612 - mainlogger - INFO - train
2024-05-17 11:57:10,654 - mainlogger - INFO - Dice score: 0.8278
2024-05-17 11:57:10,654 - mainlogger - INFO - Accuracy: 0.9511
2024-05-17 11:57:10,654 - mainlogger - INFO - test
2024-05-17 11:57:27,548 - mainlogger - INFO - Dice score: 0.5599
2024-05-17 11:57:27,548 - mainlogger - INFO - Accuracy: 0.8889
2024-05-17 11:57:27,548 - mainlogger - INFO - ********************************************************************************
2024-05-17 11:57:37,831 - mainlogger - INFO - valid
2024-05-17 11:57:54,515 - mainlogger - INFO - Dice score: 0.6025
2024-05-17 11:57:54,515 - mainlogger - INFO - Accuracy: 0.9098
2024-05-17 11:57:54,516 - mainlogger - INFO - 3.2057708828124995e-05->2.7249052503906245e-05
2024-05-17 11:57:54,516 - mainlogger - INFO - Epoch 82  1.9590741097927094
2024-05-17 11:57:54,516 - mainlogger - INFO - ********************************************************************************
2024-05-17 11:58:04,874 - mainlogger - INFO - valid
2024-05-17 11:58:21,974 - mainlogger - INFO - Dice score: 0.6122
2024-05-17 11:58:21,975 - mainlogger - INFO - Accuracy: 0.9145
2024-05-17 11:58:21,975 - mainlogger - INFO - Epoch 83  1.9797263741493225
2024-05-17 11:58:21,975 - mainlogger - INFO - ********************************************************************************
2024-05-17 11:58:32,267 - mainlogger - INFO - valid
2024-05-17 11:58:48,958 - mainlogger - INFO - Dice score: 0.6228
2024-05-17 11:58:48,958 - mainlogger - INFO - Accuracy: 0.918
2024-05-17 11:58:48,958 - mainlogger - INFO - Epoch 84  1.9973888546228409
2024-05-17 11:58:48,958 - mainlogger - INFO - ********************************************************************************
2024-05-17 11:58:59,168 - mainlogger - INFO - valid
2024-05-17 11:59:16,132 - mainlogger - INFO - Dice score: 0.6264
2024-05-17 11:59:16,133 - mainlogger - INFO - Accuracy: 0.9172
2024-05-17 11:59:16,133 - mainlogger - INFO - Epoch 85  1.9577065855264664
2024-05-17 11:59:16,133 - mainlogger - INFO - ********************************************************************************
2024-05-17 11:59:26,099 - mainlogger - INFO - valid
2024-05-17 11:59:43,131 - mainlogger - INFO - Dice score: 0.6107
2024-05-17 11:59:43,131 - mainlogger - INFO - Accuracy: 0.9151
2024-05-17 11:59:43,131 - mainlogger - INFO - 2.7249052503906245e-05->2.3161694628320308e-05
2024-05-17 11:59:43,131 - mainlogger - INFO - Epoch 86  1.995194897055626
2024-05-17 11:59:43,131 - mainlogger - INFO - ********************************************************************************
2024-05-17 11:59:53,254 - mainlogger - INFO - valid
2024-05-17 12:00:09,163 - mainlogger - INFO - Dice score: 0.5975
2024-05-17 12:00:09,163 - mainlogger - INFO - Accuracy: 0.9092
2024-05-17 12:00:09,163 - mainlogger - INFO - Epoch 87  1.9888310581445694
2024-05-17 12:00:09,163 - mainlogger - INFO - ********************************************************************************
2024-05-17 12:00:18,703 - mainlogger - INFO - valid
2024-05-17 12:00:34,543 - mainlogger - INFO - Dice score: 0.5901
2024-05-17 12:00:34,543 - mainlogger - INFO - Accuracy: 0.899
2024-05-17 12:00:34,543 - mainlogger - INFO - Epoch 88  1.9935337454080582
2024-05-17 12:00:34,543 - mainlogger - INFO - ********************************************************************************
2024-05-17 12:00:44,087 - mainlogger - INFO - valid
2024-05-17 12:00:59,906 - mainlogger - INFO - Dice score: 0.5865
2024-05-17 12:00:59,906 - mainlogger - INFO - Accuracy: 0.8988
2024-05-17 12:00:59,906 - mainlogger - INFO - Epoch 89  1.9741620570421219
2024-05-17 12:00:59,906 - mainlogger - INFO - ********************************************************************************
2024-05-17 12:01:09,474 - mainlogger - INFO - valid
2024-05-17 12:01:24,805 - mainlogger - INFO - Dice score: 0.5913
2024-05-17 12:01:24,805 - mainlogger - INFO - Accuracy: 0.8974
2024-05-17 12:01:24,805 - mainlogger - INFO - 2.3161694628320308e-05->1.9687440434072263e-05
2024-05-17 12:01:24,805 - mainlogger - INFO - Epoch 90  1.9615207314491272
2024-05-17 12:01:24,805 - mainlogger - INFO - ********************************************************************************
2024-05-17 12:01:34,467 - mainlogger - INFO - valid
2024-05-17 12:01:50,201 - mainlogger - INFO - Dice score: 0.5927
2024-05-17 12:01:50,202 - mainlogger - INFO - Accuracy: 0.9006
2024-05-17 12:01:50,202 - mainlogger - INFO - Epoch 91  1.9761957079172134
2024-05-17 12:01:50,202 - mainlogger - INFO - train
2024-05-17 12:01:59,504 - mainlogger - INFO - Dice score: 0.8748
2024-05-17 12:01:59,504 - mainlogger - INFO - Accuracy: 0.967
2024-05-17 12:01:59,504 - mainlogger - INFO - test
2024-05-17 12:02:14,705 - mainlogger - INFO - Dice score: 0.5792
2024-05-17 12:02:14,705 - mainlogger - INFO - Accuracy: 0.9024
2024-05-17 12:02:14,705 - mainlogger - INFO - ********************************************************************************
2024-05-17 12:02:23,673 - mainlogger - INFO - valid
2024-05-17 12:02:38,325 - mainlogger - INFO - Dice score: 0.61
2024-05-17 12:02:38,325 - mainlogger - INFO - Accuracy: 0.9149
2024-05-17 12:02:38,326 - mainlogger - INFO - Epoch 92  1.9915484189987183
2024-05-17 12:02:38,326 - mainlogger - INFO - ********************************************************************************
2024-05-17 12:02:47,404 - mainlogger - INFO - valid
2024-05-17 12:03:02,255 - mainlogger - INFO - Dice score: 0.6125
2024-05-17 12:03:02,255 - mainlogger - INFO - Accuracy: 0.9122
2024-05-17 12:03:02,255 - mainlogger - INFO - Epoch 93  1.9559195637702942
2024-05-17 12:03:02,255 - mainlogger - INFO - ********************************************************************************
2024-05-17 12:03:11,700 - mainlogger - INFO - valid
2024-05-17 12:03:26,844 - mainlogger - INFO - Dice score: 0.601
2024-05-17 12:03:26,844 - mainlogger - INFO - Accuracy: 0.9076
2024-05-17 12:03:26,845 - mainlogger - INFO - 1.9687440434072263e-05->1.673432436896142e-05
2024-05-17 12:03:26,845 - mainlogger - INFO - Epoch 94  1.9843312948942184
2024-05-17 12:03:26,845 - mainlogger - INFO - ********************************************************************************
2024-05-17 12:03:35,906 - mainlogger - INFO - valid
2024-05-17 12:03:50,331 - mainlogger - INFO - Dice score: 0.6158
2024-05-17 12:03:50,331 - mainlogger - INFO - Accuracy: 0.9154
2024-05-17 12:03:50,331 - mainlogger - INFO - Epoch 95  1.9064066410064697
2024-05-17 12:03:50,331 - mainlogger - INFO - ********************************************************************************
2024-05-17 12:03:59,197 - mainlogger - INFO - valid
2024-05-17 12:04:13,043 - mainlogger - INFO - Dice score: 0.6093
2024-05-17 12:04:13,044 - mainlogger - INFO - Accuracy: 0.9121
2024-05-17 12:04:13,044 - mainlogger - INFO - Epoch 96  1.920959621667862
2024-05-17 12:04:13,044 - mainlogger - INFO - ********************************************************************************
2024-05-17 12:04:21,190 - mainlogger - INFO - valid
2024-05-17 12:04:34,746 - mainlogger - INFO - Dice score: 0.6145
2024-05-17 12:04:34,747 - mainlogger - INFO - Accuracy: 0.911
2024-05-17 12:04:34,747 - mainlogger - INFO - Epoch 97  1.914371281862259
2024-05-17 12:04:34,747 - mainlogger - INFO - ********************************************************************************
2024-05-17 12:04:42,955 - mainlogger - INFO - valid
2024-05-17 12:04:56,626 - mainlogger - INFO - Dice score: 0.6141
2024-05-17 12:04:56,626 - mainlogger - INFO - Accuracy: 0.9104
2024-05-17 12:04:56,627 - mainlogger - INFO - 1.673432436896142e-05->1.4224175713617208e-05
2024-05-17 12:04:56,627 - mainlogger - INFO - Epoch 98  1.9710418581962585
2024-05-17 12:04:56,627 - mainlogger - INFO - ********************************************************************************
2024-05-17 12:05:04,898 - mainlogger - INFO - valid
2024-05-17 12:05:18,214 - mainlogger - INFO - Dice score: 0.6146
2024-05-17 12:05:18,214 - mainlogger - INFO - Accuracy: 0.9143
2024-05-17 12:05:18,214 - mainlogger - INFO - Epoch 99  1.9447899609804153
2024-05-17 12:05:18,214 - mainlogger - INFO - train
2024-05-17 12:05:26,162 - mainlogger - INFO - Dice score: 0.8836
2024-05-17 12:05:26,162 - mainlogger - INFO - Accuracy: 0.9699
2024-05-17 12:05:26,162 - mainlogger - INFO - test
2024-05-17 12:05:40,244 - mainlogger - INFO - Dice score: 0.5896
2024-05-17 12:05:40,244 - mainlogger - INFO - Accuracy: 0.9114
2024-05-17 12:05:40,244 - mainlogger - INFO - ********************************************************************************
2024-05-17 12:05:40,245 - mainlogger - INFO - (82, 86)
2024-05-17 12:05:40,245 - mainlogger - INFO - 0.6149020769259026
