2024-05-17 12:11:37,006 - mainlogger - INFO - 5305
2024-05-17 12:11:37,006 - mainlogger - INFO - <class '__main__.UniversegPipeline'>
2024-05-17 12:11:37,006 - mainlogger - INFO - universeg_config/res.yaml
2024-05-17 12:11:37,006 - mainlogger - INFO - {'desc': '引入残差连接', 'batch_size': 8, 'epochs': 100, 'k': 2, 'root_dir': '/Dataset_BUSI', 'model': {'name': 'universeg_res.universeg.UniverSeg', 'args': {'channels': [64, 128, 256, 256, 512], 'in_channels': [1, 2], 'init': True, 'act': 'ReLU'}}, 'trainset': {'name': 'datasetBUSI.mask_busi_single.MaskBUSISingle', 'args': {'root_dir': '/Dataset_BUSI', 'image_names_path': 'labeled20.txt', 'mode': 'train'}}, 'testset': {'name': 'datasetBUSI.mask_busi_single.MaskBUSISingle', 'args': {'root_dir': '/Dataset_BUSI', 'image_names_path': 'test.txt', 'mode': 'test'}}, 'validset': {'name': 'datasetBUSI.mask_busi_single.MaskBUSISingle', 'args': {'root_dir': '/Dataset_BUSI', 'image_names_path': 'val.txt', 'mode': 'test'}}, 'criterion': {'name': 'spgutils.focalloss.BinaryFocalLoss', 'args': {'gamma': 1}}, 'optimizer': {'name': 'torch.optim.Adam', 'args': {'lr': 0.0001}}, 'scheduler': {'name': 'torch.optim.lr_scheduler.ReduceLROnPlateau', 'args': {'mode': 'max', 'factor': 0.85, 'patience': 3}}}
2024-05-17 12:11:37,007 - mainlogger - INFO - 21.367464065551758
2024-05-17 12:11:51,499 - mainlogger - INFO - Epoch 0  3.857754111289978
2024-05-17 12:11:51,500 - mainlogger - INFO - ********************************************************************************
2024-05-17 12:12:01,031 - mainlogger - INFO - Epoch 1  3.3015503883361816
2024-05-17 12:12:01,032 - mainlogger - INFO - train
2024-05-17 12:12:09,656 - mainlogger - INFO - Dice score: 0.3437
2024-05-17 12:12:09,656 - mainlogger - INFO - Accuracy: 0.7025
2024-05-17 12:12:09,656 - mainlogger - INFO - test
2024-05-17 12:12:25,228 - mainlogger - INFO - Dice score: 0.3211
2024-05-17 12:12:25,228 - mainlogger - INFO - Accuracy: 0.7093
2024-05-17 12:12:25,228 - mainlogger - INFO - ********************************************************************************
2024-05-17 12:12:33,932 - mainlogger - INFO - Epoch 2  3.2575161159038544
2024-05-17 12:12:33,932 - mainlogger - INFO - ********************************************************************************
2024-05-17 12:12:42,647 - mainlogger - INFO - Epoch 3  3.038818806409836
2024-05-17 12:12:42,647 - mainlogger - INFO - ********************************************************************************
2024-05-17 12:12:51,574 - mainlogger - INFO - Epoch 4  3.096578747034073
2024-05-17 12:12:51,575 - mainlogger - INFO - ********************************************************************************
2024-05-17 12:13:00,828 - mainlogger - INFO - Epoch 5  2.912775605916977
2024-05-17 12:13:00,829 - mainlogger - INFO - ********************************************************************************
2024-05-17 12:13:09,789 - mainlogger - INFO - Epoch 6  2.9564135372638702
2024-05-17 12:13:09,790 - mainlogger - INFO - ********************************************************************************
2024-05-17 12:13:19,497 - mainlogger - INFO - Epoch 7  2.8839375376701355
2024-05-17 12:13:19,498 - mainlogger - INFO - ********************************************************************************
2024-05-17 12:13:29,405 - mainlogger - INFO - Epoch 8  2.9497537910938263
2024-05-17 12:13:29,406 - mainlogger - INFO - ********************************************************************************
2024-05-17 12:13:39,671 - mainlogger - INFO - Epoch 9  2.8342261761426926
2024-05-17 12:13:39,671 - mainlogger - INFO - ********************************************************************************
2024-05-17 12:13:49,715 - mainlogger - INFO - Epoch 10  2.791266232728958
2024-05-17 12:13:49,715 - mainlogger - INFO - ********************************************************************************
2024-05-17 12:13:59,921 - mainlogger - INFO - Epoch 11  2.836875408887863
2024-05-17 12:13:59,922 - mainlogger - INFO - train
2024-05-17 12:14:09,703 - mainlogger - INFO - Dice score: 0.521
2024-05-17 12:14:09,703 - mainlogger - INFO - Accuracy: 0.848
2024-05-17 12:14:09,703 - mainlogger - INFO - test
2024-05-17 12:14:26,231 - mainlogger - INFO - Dice score: 0.4896
2024-05-17 12:14:26,231 - mainlogger - INFO - Accuracy: 0.8617
2024-05-17 12:14:26,231 - mainlogger - INFO - ********************************************************************************
2024-05-17 12:14:36,412 - mainlogger - INFO - Epoch 12  2.7261171489953995
2024-05-17 12:14:36,412 - mainlogger - INFO - ********************************************************************************
2024-05-17 12:14:46,359 - mainlogger - INFO - Epoch 13  2.7403274476528168
2024-05-17 12:14:46,359 - mainlogger - INFO - ********************************************************************************
2024-05-17 12:14:56,180 - mainlogger - INFO - Epoch 14  2.777928590774536
2024-05-17 12:14:56,181 - mainlogger - INFO - ********************************************************************************
2024-05-17 12:15:06,399 - mainlogger - INFO - Epoch 15  2.786843568086624
2024-05-17 12:15:06,400 - mainlogger - INFO - ********************************************************************************
2024-05-17 12:15:16,411 - mainlogger - INFO - Epoch 16  2.7678902745246887
2024-05-17 12:15:16,411 - mainlogger - INFO - ********************************************************************************
2024-05-17 12:15:26,293 - mainlogger - INFO - Epoch 17  2.6460490822792053
2024-05-17 12:15:26,294 - mainlogger - INFO - ********************************************************************************
2024-05-17 12:15:36,286 - mainlogger - INFO - Epoch 18  2.6158280968666077
2024-05-17 12:15:36,287 - mainlogger - INFO - ********************************************************************************
2024-05-17 12:15:46,272 - mainlogger - INFO - Epoch 19  2.6121604591608047
2024-05-17 12:15:46,273 - mainlogger - INFO - ********************************************************************************
2024-05-17 12:15:56,209 - mainlogger - INFO - Epoch 20  2.623957857489586
2024-05-17 12:15:56,210 - mainlogger - INFO - ********************************************************************************
2024-05-17 12:16:06,092 - mainlogger - INFO - Epoch 21  2.6017512530088425
2024-05-17 12:16:06,092 - mainlogger - INFO - train
2024-05-17 12:16:15,653 - mainlogger - INFO - Dice score: 0.5489
2024-05-17 12:16:15,653 - mainlogger - INFO - Accuracy: 0.8332
2024-05-17 12:16:15,653 - mainlogger - INFO - test
2024-05-17 12:16:31,838 - mainlogger - INFO - Dice score: 0.4528
2024-05-17 12:16:31,838 - mainlogger - INFO - Accuracy: 0.8037
2024-05-17 12:16:31,838 - mainlogger - INFO - ********************************************************************************
2024-05-17 12:16:41,898 - mainlogger - INFO - Epoch 22  2.691213682293892
2024-05-17 12:16:41,898 - mainlogger - INFO - ********************************************************************************
2024-05-17 12:16:52,087 - mainlogger - INFO - Epoch 23  2.5724953562021255
2024-05-17 12:16:52,087 - mainlogger - INFO - ********************************************************************************
2024-05-17 12:17:02,309 - mainlogger - INFO - Epoch 24  2.6175894141197205
2024-05-17 12:17:02,310 - mainlogger - INFO - ********************************************************************************
2024-05-17 12:17:12,542 - mainlogger - INFO - Epoch 25  2.6217487454414368
2024-05-17 12:17:12,542 - mainlogger - INFO - ********************************************************************************
2024-05-17 12:17:22,321 - mainlogger - INFO - Epoch 26  2.5236223340034485
2024-05-17 12:17:22,322 - mainlogger - INFO - ********************************************************************************
2024-05-17 12:17:32,277 - mainlogger - INFO - Epoch 27  2.6357246935367584
2024-05-17 12:17:32,277 - mainlogger - INFO - ********************************************************************************
2024-05-17 12:17:42,596 - mainlogger - INFO - Epoch 28  2.517780378460884
2024-05-17 12:17:42,596 - mainlogger - INFO - ********************************************************************************
2024-05-17 12:17:52,534 - mainlogger - INFO - Epoch 29  2.538098931312561
2024-05-17 12:17:52,534 - mainlogger - INFO - ********************************************************************************
2024-05-17 12:18:02,807 - mainlogger - INFO - Epoch 30  2.473178058862686
2024-05-17 12:18:02,808 - mainlogger - INFO - ********************************************************************************
2024-05-17 12:18:13,078 - mainlogger - INFO - Epoch 31  2.410565733909607
2024-05-17 12:18:13,078 - mainlogger - INFO - train
2024-05-17 12:18:22,693 - mainlogger - INFO - Dice score: 0.7441
2024-05-17 12:18:22,694 - mainlogger - INFO - Accuracy: 0.9293
2024-05-17 12:18:22,694 - mainlogger - INFO - test
2024-05-17 12:18:39,111 - mainlogger - INFO - Dice score: 0.5549
2024-05-17 12:18:39,111 - mainlogger - INFO - Accuracy: 0.889
2024-05-17 12:18:39,111 - mainlogger - INFO - ********************************************************************************
2024-05-17 12:18:49,016 - mainlogger - INFO - Epoch 32  2.4951715022325516
2024-05-17 12:18:49,016 - mainlogger - INFO - ********************************************************************************
2024-05-17 12:18:59,071 - mainlogger - INFO - Epoch 33  2.400012254714966
2024-05-17 12:18:59,071 - mainlogger - INFO - ********************************************************************************
2024-05-17 12:19:08,511 - mainlogger - INFO - Epoch 34  2.4145056903362274
2024-05-17 12:19:08,511 - mainlogger - INFO - ********************************************************************************
2024-05-17 12:19:17,676 - mainlogger - INFO - Epoch 35  2.573809877038002
2024-05-17 12:19:17,677 - mainlogger - INFO - ********************************************************************************
2024-05-17 12:19:27,488 - mainlogger - INFO - Epoch 36  2.498843491077423
2024-05-17 12:19:27,489 - mainlogger - INFO - ********************************************************************************
2024-05-17 12:19:37,112 - mainlogger - INFO - Epoch 37  2.488771840929985
2024-05-17 12:19:37,112 - mainlogger - INFO - ********************************************************************************
2024-05-17 12:19:46,686 - mainlogger - INFO - Epoch 38  2.3822986632585526
2024-05-17 12:19:46,686 - mainlogger - INFO - ********************************************************************************
2024-05-17 12:19:56,589 - mainlogger - INFO - Epoch 39  2.380754217505455
2024-05-17 12:19:56,590 - mainlogger - INFO - ********************************************************************************
2024-05-17 12:20:06,713 - mainlogger - INFO - valid
2024-05-17 12:20:23,311 - mainlogger - INFO - Dice score: 0.5575
2024-05-17 12:20:23,312 - mainlogger - INFO - Accuracy: 0.8785
2024-05-17 12:20:23,312 - mainlogger - INFO - Epoch 40  2.3548233062028885
2024-05-17 12:20:23,312 - mainlogger - INFO - ********************************************************************************
2024-05-17 12:20:33,512 - mainlogger - INFO - valid
2024-05-17 12:20:49,905 - mainlogger - INFO - Dice score: 0.521
2024-05-17 12:20:49,905 - mainlogger - INFO - Accuracy: 0.8478
2024-05-17 12:20:49,905 - mainlogger - INFO - Epoch 41  2.4204647094011307
2024-05-17 12:20:49,905 - mainlogger - INFO - train
2024-05-17 12:20:59,603 - mainlogger - INFO - Dice score: 0.6658
2024-05-17 12:20:59,603 - mainlogger - INFO - Accuracy: 0.8942
2024-05-17 12:20:59,603 - mainlogger - INFO - test
2024-05-17 12:21:16,449 - mainlogger - INFO - Dice score: 0.5315
2024-05-17 12:21:16,449 - mainlogger - INFO - Accuracy: 0.8635
2024-05-17 12:21:16,449 - mainlogger - INFO - ********************************************************************************
2024-05-17 12:21:26,421 - mainlogger - INFO - valid
2024-05-17 12:21:42,512 - mainlogger - INFO - Dice score: 0.5878
2024-05-17 12:21:42,513 - mainlogger - INFO - Accuracy: 0.9008
2024-05-17 12:21:42,513 - mainlogger - INFO - Epoch 42  2.369950219988823
2024-05-17 12:21:42,513 - mainlogger - INFO - ********************************************************************************
2024-05-17 12:21:52,786 - mainlogger - INFO - valid
2024-05-17 12:22:09,038 - mainlogger - INFO - Dice score: 0.5832
2024-05-17 12:22:09,038 - mainlogger - INFO - Accuracy: 0.8936
2024-05-17 12:22:09,038 - mainlogger - INFO - Epoch 43  2.322881579399109
2024-05-17 12:22:09,038 - mainlogger - INFO - ********************************************************************************
2024-05-17 12:22:19,141 - mainlogger - INFO - valid
2024-05-17 12:22:35,241 - mainlogger - INFO - Dice score: 0.567
2024-05-17 12:22:35,241 - mainlogger - INFO - Accuracy: 0.8816
2024-05-17 12:22:35,241 - mainlogger - INFO - Epoch 44  2.3377649784088135
2024-05-17 12:22:35,241 - mainlogger - INFO - ********************************************************************************
2024-05-17 12:22:45,109 - mainlogger - INFO - valid
2024-05-17 12:23:00,915 - mainlogger - INFO - Dice score: 0.6018
2024-05-17 12:23:00,915 - mainlogger - INFO - Accuracy: 0.9027
2024-05-17 12:23:00,915 - mainlogger - INFO - Epoch 45  2.440235361456871
2024-05-17 12:23:00,915 - mainlogger - INFO - ********************************************************************************
2024-05-17 12:23:10,829 - mainlogger - INFO - valid
2024-05-17 12:23:26,515 - mainlogger - INFO - Dice score: 0.5775
2024-05-17 12:23:26,515 - mainlogger - INFO - Accuracy: 0.9122
2024-05-17 12:23:26,515 - mainlogger - INFO - Epoch 46  2.4420704543590546
2024-05-17 12:23:26,515 - mainlogger - INFO - ********************************************************************************
2024-05-17 12:23:36,291 - mainlogger - INFO - valid
2024-05-17 12:23:52,053 - mainlogger - INFO - Dice score: 0.5147
2024-05-17 12:23:52,054 - mainlogger - INFO - Accuracy: 0.8583
2024-05-17 12:23:52,054 - mainlogger - INFO - Epoch 47  2.394432947039604
2024-05-17 12:23:52,054 - mainlogger - INFO - ********************************************************************************
2024-05-17 12:24:01,930 - mainlogger - INFO - valid
2024-05-17 12:24:17,240 - mainlogger - INFO - Dice score: 0.4372
2024-05-17 12:24:17,240 - mainlogger - INFO - Accuracy: 0.7811
2024-05-17 12:24:17,240 - mainlogger - INFO - Epoch 48  2.296678051352501
2024-05-17 12:24:17,240 - mainlogger - INFO - ********************************************************************************
2024-05-17 12:24:26,966 - mainlogger - INFO - valid
2024-05-17 12:24:42,216 - mainlogger - INFO - Dice score: 0.613
2024-05-17 12:24:42,216 - mainlogger - INFO - Accuracy: 0.9061
2024-05-17 12:24:42,216 - mainlogger - INFO - Epoch 49  2.4082917869091034
2024-05-17 12:24:42,216 - mainlogger - INFO - ********************************************************************************
2024-05-17 12:24:52,031 - mainlogger - INFO - valid
2024-05-17 12:25:06,906 - mainlogger - INFO - Dice score: 0.6445
2024-05-17 12:25:06,906 - mainlogger - INFO - Accuracy: 0.9235
2024-05-17 12:25:06,906 - mainlogger - INFO - Epoch 50  2.2640165239572525
2024-05-17 12:25:06,906 - mainlogger - INFO - ********************************************************************************
2024-05-17 12:25:15,767 - mainlogger - INFO - valid
2024-05-17 12:25:30,817 - mainlogger - INFO - Dice score: 0.5256
2024-05-17 12:25:30,817 - mainlogger - INFO - Accuracy: 0.8598
2024-05-17 12:25:30,817 - mainlogger - INFO - Epoch 51  2.276989594101906
2024-05-17 12:25:30,817 - mainlogger - INFO - train
2024-05-17 12:25:39,544 - mainlogger - INFO - Dice score: 0.7092
2024-05-17 12:25:39,544 - mainlogger - INFO - Accuracy: 0.9142
2024-05-17 12:25:39,544 - mainlogger - INFO - test
2024-05-17 12:25:56,314 - mainlogger - INFO - Dice score: 0.5401
2024-05-17 12:25:56,314 - mainlogger - INFO - Accuracy: 0.8788
2024-05-17 12:25:56,314 - mainlogger - INFO - ********************************************************************************
2024-05-17 12:26:06,917 - mainlogger - INFO - valid
2024-05-17 12:26:23,128 - mainlogger - INFO - Dice score: 0.5929
2024-05-17 12:26:23,129 - mainlogger - INFO - Accuracy: 0.8966
2024-05-17 12:26:23,129 - mainlogger - INFO - Epoch 52  2.319775864481926
2024-05-17 12:26:23,129 - mainlogger - INFO - ********************************************************************************
2024-05-17 12:26:33,708 - mainlogger - INFO - valid
2024-05-17 12:26:50,120 - mainlogger - INFO - Dice score: 0.5879
2024-05-17 12:26:50,120 - mainlogger - INFO - Accuracy: 0.8914
2024-05-17 12:26:50,120 - mainlogger - INFO - Epoch 53  2.2651470005512238
2024-05-17 12:26:50,120 - mainlogger - INFO - ********************************************************************************
2024-05-17 12:27:00,387 - mainlogger - INFO - valid
2024-05-17 12:27:16,721 - mainlogger - INFO - Dice score: 0.5806
2024-05-17 12:27:16,721 - mainlogger - INFO - Accuracy: 0.8854
2024-05-17 12:27:16,721 - mainlogger - INFO - 0.0001->8.5e-05
2024-05-17 12:27:16,721 - mainlogger - INFO - Epoch 54  2.247156783938408
2024-05-17 12:27:16,721 - mainlogger - INFO - ********************************************************************************
2024-05-17 12:27:27,116 - mainlogger - INFO - valid
2024-05-17 12:27:43,593 - mainlogger - INFO - Dice score: 0.6072
2024-05-17 12:27:43,594 - mainlogger - INFO - Accuracy: 0.907
2024-05-17 12:27:43,594 - mainlogger - INFO - Epoch 55  2.169085457921028
2024-05-17 12:27:43,594 - mainlogger - INFO - ********************************************************************************
2024-05-17 12:27:53,606 - mainlogger - INFO - valid
2024-05-17 12:28:09,732 - mainlogger - INFO - Dice score: 0.5662
2024-05-17 12:28:09,733 - mainlogger - INFO - Accuracy: 0.8796
2024-05-17 12:28:09,734 - mainlogger - INFO - Epoch 56  2.204190716147423
2024-05-17 12:28:09,734 - mainlogger - INFO - ********************************************************************************
2024-05-17 12:28:19,909 - mainlogger - INFO - valid
2024-05-17 12:28:36,328 - mainlogger - INFO - Dice score: 0.5796
2024-05-17 12:28:36,328 - mainlogger - INFO - Accuracy: 0.8832
2024-05-17 12:28:36,328 - mainlogger - INFO - Epoch 57  2.2052503675222397
2024-05-17 12:28:36,328 - mainlogger - INFO - ********************************************************************************
2024-05-17 12:28:46,503 - mainlogger - INFO - valid
2024-05-17 12:29:02,722 - mainlogger - INFO - Dice score: 0.599
2024-05-17 12:29:02,722 - mainlogger - INFO - Accuracy: 0.9098
2024-05-17 12:29:02,722 - mainlogger - INFO - 8.5e-05->7.225000000000001e-05
2024-05-17 12:29:02,722 - mainlogger - INFO - Epoch 58  2.27611280977726
2024-05-17 12:29:02,722 - mainlogger - INFO - ********************************************************************************
2024-05-17 12:29:12,892 - mainlogger - INFO - valid
2024-05-17 12:29:29,505 - mainlogger - INFO - Dice score: 0.6242
2024-05-17 12:29:29,506 - mainlogger - INFO - Accuracy: 0.9139
2024-05-17 12:29:29,506 - mainlogger - INFO - Epoch 59  2.1763898134231567
2024-05-17 12:29:29,506 - mainlogger - INFO - ********************************************************************************
2024-05-17 12:29:39,523 - mainlogger - INFO - valid
2024-05-17 12:29:54,834 - mainlogger - INFO - Dice score: 0.6098
2024-05-17 12:29:54,834 - mainlogger - INFO - Accuracy: 0.9042
2024-05-17 12:29:54,834 - mainlogger - INFO - Epoch 60  2.1825328916311264
2024-05-17 12:29:54,834 - mainlogger - INFO - ********************************************************************************
2024-05-17 12:30:03,872 - mainlogger - INFO - valid
2024-05-17 12:30:18,532 - mainlogger - INFO - Dice score: 0.5464
2024-05-17 12:30:18,532 - mainlogger - INFO - Accuracy: 0.8827
2024-05-17 12:30:18,532 - mainlogger - INFO - Epoch 61  2.195477247238159
2024-05-17 12:30:18,532 - mainlogger - INFO - train
2024-05-17 12:30:26,865 - mainlogger - INFO - Dice score: 0.7756
2024-05-17 12:30:26,865 - mainlogger - INFO - Accuracy: 0.9398
2024-05-17 12:30:26,865 - mainlogger - INFO - test
2024-05-17 12:30:41,593 - mainlogger - INFO - Dice score: 0.5187
2024-05-17 12:30:41,594 - mainlogger - INFO - Accuracy: 0.8768
2024-05-17 12:30:41,594 - mainlogger - INFO - ********************************************************************************
2024-05-17 12:30:51,012 - mainlogger - INFO - valid
2024-05-17 12:31:05,439 - mainlogger - INFO - Dice score: 0.5756
2024-05-17 12:31:05,440 - mainlogger - INFO - Accuracy: 0.8957
2024-05-17 12:31:05,440 - mainlogger - INFO - 7.225000000000001e-05->6.141250000000001e-05
2024-05-17 12:31:05,440 - mainlogger - INFO - Epoch 62  2.1393782794475555
2024-05-17 12:31:05,441 - mainlogger - INFO - ********************************************************************************
2024-05-17 12:31:14,586 - mainlogger - INFO - valid
2024-05-17 12:31:28,707 - mainlogger - INFO - Dice score: 0.5987
2024-05-17 12:31:28,707 - mainlogger - INFO - Accuracy: 0.9058
2024-05-17 12:31:28,708 - mainlogger - INFO - Epoch 63  2.1325325071811676
2024-05-17 12:31:28,708 - mainlogger - INFO - ********************************************************************************
2024-05-17 12:31:38,056 - mainlogger - INFO - valid
2024-05-17 12:31:52,142 - mainlogger - INFO - Dice score: 0.5344
2024-05-17 12:31:52,142 - mainlogger - INFO - Accuracy: 0.8593
2024-05-17 12:31:52,143 - mainlogger - INFO - Epoch 64  2.1824527978897095
2024-05-17 12:31:52,143 - mainlogger - INFO - ********************************************************************************
2024-05-17 12:32:01,017 - mainlogger - INFO - valid
2024-05-17 12:32:14,520 - mainlogger - INFO - Dice score: 0.5765
2024-05-17 12:32:14,521 - mainlogger - INFO - Accuracy: 0.8878
2024-05-17 12:32:14,521 - mainlogger - INFO - Epoch 65  2.0212234258651733
2024-05-17 12:32:14,521 - mainlogger - INFO - ********************************************************************************
2024-05-17 12:32:23,021 - mainlogger - INFO - valid
2024-05-17 12:32:37,023 - mainlogger - INFO - Dice score: 0.6078
2024-05-17 12:32:37,024 - mainlogger - INFO - Accuracy: 0.9058
2024-05-17 12:32:37,024 - mainlogger - INFO - 6.141250000000001e-05->5.2200625000000005e-05
2024-05-17 12:32:37,024 - mainlogger - INFO - Epoch 66  2.102240338921547
2024-05-17 12:32:37,024 - mainlogger - INFO - ********************************************************************************
2024-05-17 12:32:46,281 - mainlogger - INFO - valid
2024-05-17 12:33:00,544 - mainlogger - INFO - Dice score: 0.6194
2024-05-17 12:33:00,545 - mainlogger - INFO - Accuracy: 0.9199
2024-05-17 12:33:00,545 - mainlogger - INFO - Epoch 67  2.0475624054670334
2024-05-17 12:33:00,545 - mainlogger - INFO - ********************************************************************************
2024-05-17 12:33:09,809 - mainlogger - INFO - valid
2024-05-17 12:33:24,145 - mainlogger - INFO - Dice score: 0.5655
2024-05-17 12:33:24,145 - mainlogger - INFO - Accuracy: 0.8842
2024-05-17 12:33:24,145 - mainlogger - INFO - Epoch 68  2.15443554520607
2024-05-17 12:33:24,146 - mainlogger - INFO - ********************************************************************************
2024-05-17 12:33:33,533 - mainlogger - INFO - valid
2024-05-17 12:33:47,778 - mainlogger - INFO - Dice score: 0.6161
2024-05-17 12:33:47,779 - mainlogger - INFO - Accuracy: 0.908
2024-05-17 12:33:47,779 - mainlogger - INFO - Epoch 69  2.0810670256614685
2024-05-17 12:33:47,779 - mainlogger - INFO - ********************************************************************************
2024-05-17 12:33:56,713 - mainlogger - INFO - valid
2024-05-17 12:34:11,510 - mainlogger - INFO - Dice score: 0.5955
2024-05-17 12:34:11,510 - mainlogger - INFO - Accuracy: 0.8956
2024-05-17 12:34:11,510 - mainlogger - INFO - 5.2200625000000005e-05->4.437053125e-05
2024-05-17 12:34:11,510 - mainlogger - INFO - Epoch 70  2.078314572572708
2024-05-17 12:34:11,510 - mainlogger - INFO - ********************************************************************************
2024-05-17 12:34:20,987 - mainlogger - INFO - valid
2024-05-17 12:34:35,718 - mainlogger - INFO - Dice score: 0.6146
2024-05-17 12:34:35,719 - mainlogger - INFO - Accuracy: 0.9054
2024-05-17 12:34:35,719 - mainlogger - INFO - Epoch 71  2.0196544975042343
2024-05-17 12:34:35,719 - mainlogger - INFO - train
2024-05-17 12:34:44,366 - mainlogger - INFO - Dice score: 0.8302
2024-05-17 12:34:44,367 - mainlogger - INFO - Accuracy: 0.9525
2024-05-17 12:34:44,367 - mainlogger - INFO - test
2024-05-17 12:34:59,826 - mainlogger - INFO - Dice score: 0.5956
2024-05-17 12:34:59,826 - mainlogger - INFO - Accuracy: 0.9046
2024-05-17 12:34:59,826 - mainlogger - INFO - ********************************************************************************
2024-05-17 12:35:09,026 - mainlogger - INFO - valid
2024-05-17 12:35:24,118 - mainlogger - INFO - Dice score: 0.6237
2024-05-17 12:35:24,118 - mainlogger - INFO - Accuracy: 0.9106
2024-05-17 12:35:24,118 - mainlogger - INFO - Epoch 72  2.097081273794174
2024-05-17 12:35:24,118 - mainlogger - INFO - ********************************************************************************
2024-05-17 12:35:33,210 - mainlogger - INFO - valid
2024-05-17 12:35:48,241 - mainlogger - INFO - Dice score: 0.6025
2024-05-17 12:35:48,241 - mainlogger - INFO - Accuracy: 0.8983
2024-05-17 12:35:48,241 - mainlogger - INFO - Epoch 73  2.054529309272766
2024-05-17 12:35:48,242 - mainlogger - INFO - ********************************************************************************
2024-05-17 12:35:57,666 - mainlogger - INFO - valid
2024-05-17 12:36:12,719 - mainlogger - INFO - Dice score: 0.5887
2024-05-17 12:36:12,719 - mainlogger - INFO - Accuracy: 0.8931
2024-05-17 12:36:12,720 - mainlogger - INFO - 4.437053125e-05->3.77149515625e-05
2024-05-17 12:36:12,720 - mainlogger - INFO - Epoch 74  2.0277048498392105
2024-05-17 12:36:12,720 - mainlogger - INFO - ********************************************************************************
2024-05-17 12:36:21,793 - mainlogger - INFO - valid
2024-05-17 12:36:36,425 - mainlogger - INFO - Dice score: 0.6312
2024-05-17 12:36:36,425 - mainlogger - INFO - Accuracy: 0.9136
2024-05-17 12:36:36,426 - mainlogger - INFO - Epoch 75  2.045142024755478
2024-05-17 12:36:36,426 - mainlogger - INFO - ********************************************************************************
2024-05-17 12:36:46,004 - mainlogger - INFO - valid
2024-05-17 12:37:01,004 - mainlogger - INFO - Dice score: 0.6396
2024-05-17 12:37:01,004 - mainlogger - INFO - Accuracy: 0.9184
2024-05-17 12:37:01,004 - mainlogger - INFO - Epoch 76  2.0194648057222366
2024-05-17 12:37:01,004 - mainlogger - INFO - ********************************************************************************
2024-05-17 12:37:10,128 - mainlogger - INFO - valid
2024-05-17 12:37:25,234 - mainlogger - INFO - Dice score: 0.6358
2024-05-17 12:37:25,234 - mainlogger - INFO - Accuracy: 0.9205
2024-05-17 12:37:25,234 - mainlogger - INFO - Epoch 77  1.9800994992256165
2024-05-17 12:37:25,234 - mainlogger - INFO - ********************************************************************************
2024-05-17 12:37:34,682 - mainlogger - INFO - valid
2024-05-17 12:37:49,215 - mainlogger - INFO - Dice score: 0.6124
2024-05-17 12:37:49,215 - mainlogger - INFO - Accuracy: 0.9079
2024-05-17 12:37:49,215 - mainlogger - INFO - 3.77149515625e-05->3.2057708828124995e-05
2024-05-17 12:37:49,215 - mainlogger - INFO - Epoch 78  1.9769605547189713
2024-05-17 12:37:49,215 - mainlogger - INFO - ********************************************************************************
2024-05-17 12:37:58,396 - mainlogger - INFO - valid
2024-05-17 12:38:13,218 - mainlogger - INFO - Dice score: 0.6246
2024-05-17 12:38:13,218 - mainlogger - INFO - Accuracy: 0.9097
2024-05-17 12:38:13,218 - mainlogger - INFO - Epoch 79  1.9673881232738495
2024-05-17 12:38:13,218 - mainlogger - INFO - ********************************************************************************
2024-05-17 12:38:22,679 - mainlogger - INFO - valid
2024-05-17 12:38:37,418 - mainlogger - INFO - Dice score: 0.6249
2024-05-17 12:38:37,419 - mainlogger - INFO - Accuracy: 0.9104
2024-05-17 12:38:37,419 - mainlogger - INFO - Epoch 80  2.033474236726761
2024-05-17 12:38:37,419 - mainlogger - INFO - ********************************************************************************
2024-05-17 12:38:46,568 - mainlogger - INFO - valid
2024-05-17 12:39:01,620 - mainlogger - INFO - Dice score: 0.5966
2024-05-17 12:39:01,620 - mainlogger - INFO - Accuracy: 0.899
2024-05-17 12:39:01,620 - mainlogger - INFO - Epoch 81  1.930627316236496
2024-05-17 12:39:01,620 - mainlogger - INFO - train
2024-05-17 12:39:10,286 - mainlogger - INFO - Dice score: 0.849
2024-05-17 12:39:10,286 - mainlogger - INFO - Accuracy: 0.9583
2024-05-17 12:39:10,286 - mainlogger - INFO - test
2024-05-17 12:39:25,229 - mainlogger - INFO - Dice score: 0.5861
2024-05-17 12:39:25,229 - mainlogger - INFO - Accuracy: 0.8981
2024-05-17 12:39:25,229 - mainlogger - INFO - ********************************************************************************
2024-05-17 12:39:34,517 - mainlogger - INFO - valid
2024-05-17 12:39:49,432 - mainlogger - INFO - Dice score: 0.6304
2024-05-17 12:39:49,432 - mainlogger - INFO - Accuracy: 0.9146
2024-05-17 12:39:49,432 - mainlogger - INFO - 3.2057708828124995e-05->2.7249052503906245e-05
2024-05-17 12:39:49,432 - mainlogger - INFO - Epoch 82  1.919505700469017
2024-05-17 12:39:49,432 - mainlogger - INFO - ********************************************************************************
2024-05-17 12:39:59,019 - mainlogger - INFO - valid
2024-05-17 12:40:13,969 - mainlogger - INFO - Dice score: 0.6251
2024-05-17 12:40:13,969 - mainlogger - INFO - Accuracy: 0.913
2024-05-17 12:40:13,969 - mainlogger - INFO - Epoch 83  1.9704715609550476
2024-05-17 12:40:13,969 - mainlogger - INFO - ********************************************************************************
2024-05-17 12:40:22,854 - mainlogger - INFO - valid
2024-05-17 12:40:35,754 - mainlogger - INFO - Dice score: 0.6332
2024-05-17 12:40:35,755 - mainlogger - INFO - Accuracy: 0.9179
2024-05-17 12:40:35,755 - mainlogger - INFO - Epoch 84  2.0185185074806213
2024-05-17 12:40:35,755 - mainlogger - INFO - ********************************************************************************
2024-05-17 12:40:44,781 - mainlogger - INFO - valid
2024-05-17 12:40:58,570 - mainlogger - INFO - Dice score: 0.6352
2024-05-17 12:40:58,571 - mainlogger - INFO - Accuracy: 0.9197
2024-05-17 12:40:58,571 - mainlogger - INFO - Epoch 85  1.9267860800027847
2024-05-17 12:40:58,571 - mainlogger - INFO - ********************************************************************************
2024-05-17 12:41:07,046 - mainlogger - INFO - valid
2024-05-17 12:41:21,732 - mainlogger - INFO - Dice score: 0.6276
2024-05-17 12:41:21,733 - mainlogger - INFO - Accuracy: 0.9144
2024-05-17 12:41:21,733 - mainlogger - INFO - 2.7249052503906245e-05->2.3161694628320308e-05
2024-05-17 12:41:21,733 - mainlogger - INFO - Epoch 86  1.9869504868984222
2024-05-17 12:41:21,733 - mainlogger - INFO - ********************************************************************************
2024-05-17 12:41:31,206 - mainlogger - INFO - valid
2024-05-17 12:41:45,830 - mainlogger - INFO - Dice score: 0.6124
2024-05-17 12:41:45,831 - mainlogger - INFO - Accuracy: 0.9117
2024-05-17 12:41:45,831 - mainlogger - INFO - Epoch 87  1.989715352654457
2024-05-17 12:41:45,831 - mainlogger - INFO - ********************************************************************************
2024-05-17 12:41:54,922 - mainlogger - INFO - valid
2024-05-17 12:42:08,314 - mainlogger - INFO - Dice score: 0.6236
2024-05-17 12:42:08,315 - mainlogger - INFO - Accuracy: 0.912
2024-05-17 12:42:08,315 - mainlogger - INFO - Epoch 88  1.9838491082191467
2024-05-17 12:42:08,315 - mainlogger - INFO - ********************************************************************************
2024-05-17 12:42:17,067 - mainlogger - INFO - valid
2024-05-17 12:42:31,347 - mainlogger - INFO - Dice score: 0.6193
2024-05-17 12:42:31,347 - mainlogger - INFO - Accuracy: 0.9108
2024-05-17 12:42:31,347 - mainlogger - INFO - Epoch 89  1.9568780660629272
2024-05-17 12:42:31,347 - mainlogger - INFO - ********************************************************************************
2024-05-17 12:42:40,666 - mainlogger - INFO - valid
2024-05-17 12:42:55,223 - mainlogger - INFO - Dice score: 0.6201
2024-05-17 12:42:55,223 - mainlogger - INFO - Accuracy: 0.9095
2024-05-17 12:42:55,223 - mainlogger - INFO - 2.3161694628320308e-05->1.9687440434072263e-05
2024-05-17 12:42:55,224 - mainlogger - INFO - Epoch 90  1.9264576435089111
2024-05-17 12:42:55,224 - mainlogger - INFO - ********************************************************************************
2024-05-17 12:43:04,522 - mainlogger - INFO - valid
2024-05-17 12:43:19,165 - mainlogger - INFO - Dice score: 0.6127
2024-05-17 12:43:19,165 - mainlogger - INFO - Accuracy: 0.9055
2024-05-17 12:43:19,165 - mainlogger - INFO - Epoch 91  1.9654824435710907
2024-05-17 12:43:19,165 - mainlogger - INFO - train
2024-05-17 12:43:27,673 - mainlogger - INFO - Dice score: 0.8763
2024-05-17 12:43:27,673 - mainlogger - INFO - Accuracy: 0.9676
2024-05-17 12:43:27,673 - mainlogger - INFO - test
2024-05-17 12:43:41,238 - mainlogger - INFO - Dice score: 0.6075
2024-05-17 12:43:41,239 - mainlogger - INFO - Accuracy: 0.9086
2024-05-17 12:43:41,239 - mainlogger - INFO - ********************************************************************************
2024-05-17 12:43:49,821 - mainlogger - INFO - valid
2024-05-17 12:44:03,647 - mainlogger - INFO - Dice score: 0.6367
2024-05-17 12:44:03,647 - mainlogger - INFO - Accuracy: 0.9189
2024-05-17 12:44:03,647 - mainlogger - INFO - Epoch 92  1.9613380432128906
2024-05-17 12:44:03,647 - mainlogger - INFO - ********************************************************************************
2024-05-17 12:44:13,109 - mainlogger - INFO - valid
2024-05-17 12:44:27,601 - mainlogger - INFO - Dice score: 0.6276
2024-05-17 12:44:27,602 - mainlogger - INFO - Accuracy: 0.9161
2024-05-17 12:44:27,602 - mainlogger - INFO - Epoch 93  1.9415488243103027
2024-05-17 12:44:27,602 - mainlogger - INFO - ********************************************************************************
2024-05-17 12:44:36,897 - mainlogger - INFO - valid
2024-05-17 12:44:51,812 - mainlogger - INFO - Dice score: 0.6283
2024-05-17 12:44:51,813 - mainlogger - INFO - Accuracy: 0.9164
2024-05-17 12:44:51,813 - mainlogger - INFO - 1.9687440434072263e-05->1.673432436896142e-05
2024-05-17 12:44:51,813 - mainlogger - INFO - Epoch 94  1.9664045423269272
2024-05-17 12:44:51,813 - mainlogger - INFO - ********************************************************************************
2024-05-17 12:45:01,168 - mainlogger - INFO - valid
2024-05-17 12:45:16,129 - mainlogger - INFO - Dice score: 0.6264
2024-05-17 12:45:16,129 - mainlogger - INFO - Accuracy: 0.9151
2024-05-17 12:45:16,130 - mainlogger - INFO - Epoch 95  1.9019299745559692
2024-05-17 12:45:16,130 - mainlogger - INFO - ********************************************************************************
2024-05-17 12:45:25,012 - mainlogger - INFO - valid
2024-05-17 12:45:38,739 - mainlogger - INFO - Dice score: 0.6179
2024-05-17 12:45:38,739 - mainlogger - INFO - Accuracy: 0.9114
2024-05-17 12:45:38,739 - mainlogger - INFO - Epoch 96  1.9203140139579773
2024-05-17 12:45:38,739 - mainlogger - INFO - ********************************************************************************
2024-05-17 12:45:47,239 - mainlogger - INFO - valid
2024-05-17 12:46:00,608 - mainlogger - INFO - Dice score: 0.63
2024-05-17 12:46:00,609 - mainlogger - INFO - Accuracy: 0.9157
2024-05-17 12:46:00,609 - mainlogger - INFO - Epoch 97  1.9096291363239288
2024-05-17 12:46:00,609 - mainlogger - INFO - ********************************************************************************
2024-05-17 12:46:09,333 - mainlogger - INFO - valid
2024-05-17 12:46:23,145 - mainlogger - INFO - Dice score: 0.6355
2024-05-17 12:46:23,145 - mainlogger - INFO - Accuracy: 0.9161
2024-05-17 12:46:23,145 - mainlogger - INFO - 1.673432436896142e-05->1.4224175713617208e-05
2024-05-17 12:46:23,145 - mainlogger - INFO - Epoch 98  1.9517974257469177
2024-05-17 12:46:23,145 - mainlogger - INFO - ********************************************************************************
2024-05-17 12:46:31,782 - mainlogger - INFO - valid
2024-05-17 12:46:45,597 - mainlogger - INFO - Dice score: 0.6323
2024-05-17 12:46:45,597 - mainlogger - INFO - Accuracy: 0.9142
2024-05-17 12:46:45,598 - mainlogger - INFO - Epoch 99  1.9284310787916183
2024-05-17 12:46:45,598 - mainlogger - INFO - train
2024-05-17 12:46:53,964 - mainlogger - INFO - Dice score: 0.8867
2024-05-17 12:46:53,964 - mainlogger - INFO - Accuracy: 0.9707
2024-05-17 12:46:53,964 - mainlogger - INFO - test
2024-05-17 12:47:07,193 - mainlogger - INFO - Dice score: 0.615
2024-05-17 12:47:07,194 - mainlogger - INFO - Accuracy: 0.9144
2024-05-17 12:47:07,194 - mainlogger - INFO - ********************************************************************************
2024-05-17 12:47:07,195 - mainlogger - INFO - (82, 86)
2024-05-17 12:47:07,195 - mainlogger - INFO - 0.6302938889470135
