2024-05-17 13:25:37,568 - mainlogger - INFO - 8682
2024-05-17 13:25:37,568 - mainlogger - INFO - <class '__main__.UniversegPipeline'>
2024-05-17 13:25:37,568 - mainlogger - INFO - universeg_config/res_stack.yaml
2024-05-17 13:25:37,568 - mainlogger - INFO - {'desc': '堆叠2个3x3', 'batch_size': 8, 'epochs': 100, 'k': 2, 'root_dir': '/Dataset_BUSI', 'model': {'name': 'universeg_res.universeg.UniverSeg', 'args': {'channels': [64, 128, 256, 256, 512], 'num_layers': [2, 2, 2, 2, 2], 'in_channels': [1, 2], 'init': True, 'act': 'ReLU'}}, 'trainset': {'name': 'datasetBUSI.mask_busi_single.MaskBUSISingle', 'args': {'root_dir': '/Dataset_BUSI', 'image_names_path': 'labeled20.txt', 'mode': 'train'}}, 'testset': {'name': 'datasetBUSI.mask_busi_single.MaskBUSISingle', 'args': {'root_dir': '/Dataset_BUSI', 'image_names_path': 'test.txt', 'mode': 'test'}}, 'validset': {'name': 'datasetBUSI.mask_busi_single.MaskBUSISingle', 'args': {'root_dir': '/Dataset_BUSI', 'image_names_path': 'val.txt', 'mode': 'test'}}, 'criterion': {'name': 'spgutils.focalloss.BinaryFocalLoss', 'args': {'gamma': 1}}, 'optimizer': {'name': 'torch.optim.Adam', 'args': {'lr': 0.0001}}, 'scheduler': {'name': 'torch.optim.lr_scheduler.ReduceLROnPlateau', 'args': {'mode': 'max', 'factor': 0.85, 'patience': 3}}}
2024-05-17 13:25:37,569 - mainlogger - INFO - 24.920564651489258
2024-05-17 13:25:52,125 - mainlogger - INFO - Epoch 0  3.8500677347183228
2024-05-17 13:25:52,125 - mainlogger - INFO - ********************************************************************************
2024-05-17 13:26:02,495 - mainlogger - INFO - Epoch 1  3.2923628389835358
2024-05-17 13:26:02,495 - mainlogger - INFO - train
2024-05-17 13:26:13,063 - mainlogger - INFO - Dice score: 0.335
2024-05-17 13:26:13,063 - mainlogger - INFO - Accuracy: 0.6414
2024-05-17 13:26:13,063 - mainlogger - INFO - test
2024-05-17 13:26:31,246 - mainlogger - INFO - Dice score: 0.2794
2024-05-17 13:26:31,246 - mainlogger - INFO - Accuracy: 0.6321
2024-05-17 13:26:31,246 - mainlogger - INFO - ********************************************************************************
2024-05-17 13:26:41,736 - mainlogger - INFO - Epoch 2  3.27664914727211
2024-05-17 13:26:41,737 - mainlogger - INFO - ********************************************************************************
2024-05-17 13:26:52,264 - mainlogger - INFO - Epoch 3  3.113895058631897
2024-05-17 13:26:52,264 - mainlogger - INFO - ********************************************************************************
2024-05-17 13:27:02,896 - mainlogger - INFO - Epoch 4  3.13405978679657
2024-05-17 13:27:02,897 - mainlogger - INFO - ********************************************************************************
2024-05-17 13:27:13,686 - mainlogger - INFO - Epoch 5  3.02927428483963
2024-05-17 13:27:13,686 - mainlogger - INFO - ********************************************************************************
2024-05-17 13:27:24,167 - mainlogger - INFO - Epoch 6  3.0754096508026123
2024-05-17 13:27:24,167 - mainlogger - INFO - ********************************************************************************
2024-05-17 13:27:34,883 - mainlogger - INFO - Epoch 7  2.938214063644409
2024-05-17 13:27:34,883 - mainlogger - INFO - ********************************************************************************
2024-05-17 13:27:45,522 - mainlogger - INFO - Epoch 8  2.945258617401123
2024-05-17 13:27:45,523 - mainlogger - INFO - ********************************************************************************
2024-05-17 13:27:55,896 - mainlogger - INFO - Epoch 9  2.8349348604679108
2024-05-17 13:27:55,896 - mainlogger - INFO - ********************************************************************************
2024-05-17 13:28:05,616 - mainlogger - INFO - Epoch 10  2.8270477652549744
2024-05-17 13:28:05,617 - mainlogger - INFO - ********************************************************************************
2024-05-17 13:28:15,327 - mainlogger - INFO - Epoch 11  2.8480588644742966
2024-05-17 13:28:15,328 - mainlogger - INFO - train
2024-05-17 13:28:24,931 - mainlogger - INFO - Dice score: 0.514
2024-05-17 13:28:24,932 - mainlogger - INFO - Accuracy: 0.8594
2024-05-17 13:28:24,932 - mainlogger - INFO - test
2024-05-17 13:28:41,218 - mainlogger - INFO - Dice score: 0.4741
2024-05-17 13:28:41,218 - mainlogger - INFO - Accuracy: 0.8676
2024-05-17 13:28:41,218 - mainlogger - INFO - ********************************************************************************
2024-05-17 13:28:51,393 - mainlogger - INFO - Epoch 12  2.73383666574955
2024-05-17 13:28:51,394 - mainlogger - INFO - ********************************************************************************
2024-05-17 13:29:01,433 - mainlogger - INFO - Epoch 13  2.7813398391008377
2024-05-17 13:29:01,433 - mainlogger - INFO - ********************************************************************************
2024-05-17 13:29:11,495 - mainlogger - INFO - Epoch 14  2.8691532909870148
2024-05-17 13:29:11,495 - mainlogger - INFO - ********************************************************************************
2024-05-17 13:29:21,495 - mainlogger - INFO - Epoch 15  2.7712434232234955
2024-05-17 13:29:21,496 - mainlogger - INFO - ********************************************************************************
2024-05-17 13:29:32,020 - mainlogger - INFO - Epoch 16  2.7484389394521713
2024-05-17 13:29:32,020 - mainlogger - INFO - ********************************************************************************
2024-05-17 13:29:42,309 - mainlogger - INFO - Epoch 17  2.727180555462837
2024-05-17 13:29:42,309 - mainlogger - INFO - ********************************************************************************
2024-05-17 13:29:52,995 - mainlogger - INFO - Epoch 18  2.62649929523468
2024-05-17 13:29:52,996 - mainlogger - INFO - ********************************************************************************
2024-05-17 13:30:03,696 - mainlogger - INFO - Epoch 19  2.631144642829895
2024-05-17 13:30:03,697 - mainlogger - INFO - ********************************************************************************
2024-05-17 13:30:14,143 - mainlogger - INFO - Epoch 20  2.684569016098976
2024-05-17 13:30:14,144 - mainlogger - INFO - ********************************************************************************
2024-05-17 13:30:24,722 - mainlogger - INFO - Epoch 21  2.62638521194458
2024-05-17 13:30:24,723 - mainlogger - INFO - train
2024-05-17 13:30:34,611 - mainlogger - INFO - Dice score: 0.5562
2024-05-17 13:30:34,611 - mainlogger - INFO - Accuracy: 0.837
2024-05-17 13:30:34,612 - mainlogger - INFO - test
2024-05-17 13:30:51,741 - mainlogger - INFO - Dice score: 0.4797
2024-05-17 13:30:51,741 - mainlogger - INFO - Accuracy: 0.8317
2024-05-17 13:30:51,741 - mainlogger - INFO - ********************************************************************************
2024-05-17 13:31:01,991 - mainlogger - INFO - Epoch 22  2.7243521958589554
2024-05-17 13:31:01,992 - mainlogger - INFO - ********************************************************************************
2024-05-17 13:31:11,923 - mainlogger - INFO - Epoch 23  2.5916363894939423
2024-05-17 13:31:11,924 - mainlogger - INFO - ********************************************************************************
2024-05-17 13:31:21,696 - mainlogger - INFO - Epoch 24  2.683807894587517
2024-05-17 13:31:21,696 - mainlogger - INFO - ********************************************************************************
2024-05-17 13:31:31,597 - mainlogger - INFO - Epoch 25  2.6520379334688187
2024-05-17 13:31:31,598 - mainlogger - INFO - ********************************************************************************
2024-05-17 13:31:41,922 - mainlogger - INFO - Epoch 26  2.6135140657424927
2024-05-17 13:31:41,923 - mainlogger - INFO - ********************************************************************************
2024-05-17 13:31:52,101 - mainlogger - INFO - Epoch 27  2.5646521747112274
2024-05-17 13:31:52,101 - mainlogger - INFO - ********************************************************************************
2024-05-17 13:32:02,191 - mainlogger - INFO - Epoch 28  2.5443642288446426
2024-05-17 13:32:02,192 - mainlogger - INFO - ********************************************************************************
2024-05-17 13:32:12,117 - mainlogger - INFO - Epoch 29  2.568596825003624
2024-05-17 13:32:12,117 - mainlogger - INFO - ********************************************************************************
2024-05-17 13:32:22,632 - mainlogger - INFO - Epoch 30  2.536038100719452
2024-05-17 13:32:22,632 - mainlogger - INFO - ********************************************************************************
2024-05-17 13:32:32,729 - mainlogger - INFO - Epoch 31  2.4500275254249573
2024-05-17 13:32:32,729 - mainlogger - INFO - train
2024-05-17 13:32:42,545 - mainlogger - INFO - Dice score: 0.7134
2024-05-17 13:32:42,545 - mainlogger - INFO - Accuracy: 0.9197
2024-05-17 13:32:42,545 - mainlogger - INFO - test
2024-05-17 13:32:58,840 - mainlogger - INFO - Dice score: 0.5224
2024-05-17 13:32:58,840 - mainlogger - INFO - Accuracy: 0.885
2024-05-17 13:32:58,841 - mainlogger - INFO - ********************************************************************************
2024-05-17 13:33:09,415 - mainlogger - INFO - Epoch 32  2.5361067056655884
2024-05-17 13:33:09,416 - mainlogger - INFO - ********************************************************************************
2024-05-17 13:33:20,019 - mainlogger - INFO - Epoch 33  2.43907630443573
2024-05-17 13:33:20,019 - mainlogger - INFO - ********************************************************************************
2024-05-17 13:33:30,536 - mainlogger - INFO - Epoch 34  2.480090782046318
2024-05-17 13:33:30,537 - mainlogger - INFO - ********************************************************************************
2024-05-17 13:33:40,923 - mainlogger - INFO - Epoch 35  2.5589024275541306
2024-05-17 13:33:40,923 - mainlogger - INFO - ********************************************************************************
2024-05-17 13:33:51,348 - mainlogger - INFO - Epoch 36  2.4747051298618317
2024-05-17 13:33:51,349 - mainlogger - INFO - ********************************************************************************
2024-05-17 13:34:01,908 - mainlogger - INFO - Epoch 37  2.5144660025835037
2024-05-17 13:34:01,909 - mainlogger - INFO - ********************************************************************************
2024-05-17 13:34:12,331 - mainlogger - INFO - Epoch 38  2.3992936313152313
2024-05-17 13:34:12,331 - mainlogger - INFO - ********************************************************************************
2024-05-17 13:34:23,091 - mainlogger - INFO - Epoch 39  2.4066070914268494
2024-05-17 13:34:23,092 - mainlogger - INFO - ********************************************************************************
2024-05-17 13:34:33,513 - mainlogger - INFO - valid
2024-05-17 13:34:50,769 - mainlogger - INFO - Dice score: 0.568
2024-05-17 13:34:50,769 - mainlogger - INFO - Accuracy: 0.8884
2024-05-17 13:34:50,769 - mainlogger - INFO - Epoch 40  2.3972504436969757
2024-05-17 13:34:50,769 - mainlogger - INFO - ********************************************************************************
2024-05-17 13:35:01,313 - mainlogger - INFO - valid
2024-05-17 13:35:18,186 - mainlogger - INFO - Dice score: 0.5385
2024-05-17 13:35:18,187 - mainlogger - INFO - Accuracy: 0.8668
2024-05-17 13:35:18,187 - mainlogger - INFO - Epoch 41  2.4352196753025055
2024-05-17 13:35:18,187 - mainlogger - INFO - train
2024-05-17 13:35:27,604 - mainlogger - INFO - Dice score: 0.6981
2024-05-17 13:35:27,605 - mainlogger - INFO - Accuracy: 0.9132
2024-05-17 13:35:27,605 - mainlogger - INFO - test
2024-05-17 13:35:44,150 - mainlogger - INFO - Dice score: 0.5599
2024-05-17 13:35:44,151 - mainlogger - INFO - Accuracy: 0.8891
2024-05-17 13:35:44,151 - mainlogger - INFO - ********************************************************************************
2024-05-17 13:35:54,895 - mainlogger - INFO - valid
2024-05-17 13:36:11,993 - mainlogger - INFO - Dice score: 0.5718
2024-05-17 13:36:11,994 - mainlogger - INFO - Accuracy: 0.9016
2024-05-17 13:36:11,994 - mainlogger - INFO - Epoch 42  2.3626189529895782
2024-05-17 13:36:11,994 - mainlogger - INFO - ********************************************************************************
2024-05-17 13:36:22,613 - mainlogger - INFO - valid
2024-05-17 13:36:38,812 - mainlogger - INFO - Dice score: 0.5131
2024-05-17 13:36:38,812 - mainlogger - INFO - Accuracy: 0.846
2024-05-17 13:36:38,812 - mainlogger - INFO - Epoch 43  2.3593782633543015
2024-05-17 13:36:38,812 - mainlogger - INFO - ********************************************************************************
2024-05-17 13:36:49,392 - mainlogger - INFO - valid
2024-05-17 13:37:05,950 - mainlogger - INFO - Dice score: 0.5416
2024-05-17 13:37:05,950 - mainlogger - INFO - Accuracy: 0.8644
2024-05-17 13:37:05,950 - mainlogger - INFO - Epoch 44  2.459083631634712
2024-05-17 13:37:05,950 - mainlogger - INFO - ********************************************************************************
2024-05-17 13:37:16,289 - mainlogger - INFO - valid
2024-05-17 13:37:33,218 - mainlogger - INFO - Dice score: 0.5404
2024-05-17 13:37:33,218 - mainlogger - INFO - Accuracy: 0.8678
2024-05-17 13:37:33,219 - mainlogger - INFO - Epoch 45  2.490229308605194
2024-05-17 13:37:33,219 - mainlogger - INFO - ********************************************************************************
2024-05-17 13:37:43,724 - mainlogger - INFO - valid
2024-05-17 13:37:59,426 - mainlogger - INFO - Dice score: 0.6015
2024-05-17 13:37:59,426 - mainlogger - INFO - Accuracy: 0.9115
2024-05-17 13:37:59,426 - mainlogger - INFO - Epoch 46  2.4930256605148315
2024-05-17 13:37:59,426 - mainlogger - INFO - ********************************************************************************
2024-05-17 13:38:09,223 - mainlogger - INFO - valid
2024-05-17 13:38:25,052 - mainlogger - INFO - Dice score: 0.4953
2024-05-17 13:38:25,053 - mainlogger - INFO - Accuracy: 0.8483
2024-05-17 13:38:25,053 - mainlogger - INFO - Epoch 47  2.3677098751068115
2024-05-17 13:38:25,053 - mainlogger - INFO - ********************************************************************************
2024-05-17 13:38:35,522 - mainlogger - INFO - valid
2024-05-17 13:38:51,640 - mainlogger - INFO - Dice score: 0.4426
2024-05-17 13:38:51,641 - mainlogger - INFO - Accuracy: 0.7883
2024-05-17 13:38:51,641 - mainlogger - INFO - Epoch 48  2.322098195552826
2024-05-17 13:38:51,641 - mainlogger - INFO - ********************************************************************************
2024-05-17 13:39:01,832 - mainlogger - INFO - valid
2024-05-17 13:39:18,027 - mainlogger - INFO - Dice score: 0.5737
2024-05-17 13:39:18,027 - mainlogger - INFO - Accuracy: 0.8887
2024-05-17 13:39:18,027 - mainlogger - INFO - Epoch 49  2.3813566714525223
2024-05-17 13:39:18,028 - mainlogger - INFO - ********************************************************************************
2024-05-17 13:39:28,500 - mainlogger - INFO - valid
2024-05-17 13:39:44,421 - mainlogger - INFO - Dice score: 0.6039
2024-05-17 13:39:44,422 - mainlogger - INFO - Accuracy: 0.9138
2024-05-17 13:39:44,422 - mainlogger - INFO - Epoch 50  2.294990211725235
2024-05-17 13:39:44,422 - mainlogger - INFO - ********************************************************************************
2024-05-17 13:39:54,714 - mainlogger - INFO - valid
2024-05-17 13:40:11,108 - mainlogger - INFO - Dice score: 0.5446
2024-05-17 13:40:11,109 - mainlogger - INFO - Accuracy: 0.8843
2024-05-17 13:40:11,109 - mainlogger - INFO - Epoch 51  2.2539594918489456
2024-05-17 13:40:11,109 - mainlogger - INFO - train
2024-05-17 13:40:20,765 - mainlogger - INFO - Dice score: 0.7489
2024-05-17 13:40:20,765 - mainlogger - INFO - Accuracy: 0.933
2024-05-17 13:40:20,765 - mainlogger - INFO - test
2024-05-17 13:40:37,016 - mainlogger - INFO - Dice score: 0.5576
2024-05-17 13:40:37,016 - mainlogger - INFO - Accuracy: 0.8984
2024-05-17 13:40:37,016 - mainlogger - INFO - ********************************************************************************
2024-05-17 13:40:47,031 - mainlogger - INFO - valid
2024-05-17 13:41:03,413 - mainlogger - INFO - Dice score: 0.6072
2024-05-17 13:41:03,414 - mainlogger - INFO - Accuracy: 0.9039
2024-05-17 13:41:03,414 - mainlogger - INFO - Epoch 52  2.275034114718437
2024-05-17 13:41:03,414 - mainlogger - INFO - ********************************************************************************
2024-05-17 13:41:13,528 - mainlogger - INFO - valid
2024-05-17 13:41:29,421 - mainlogger - INFO - Dice score: 0.5809
2024-05-17 13:41:29,421 - mainlogger - INFO - Accuracy: 0.8944
2024-05-17 13:41:29,421 - mainlogger - INFO - Epoch 53  2.2483866810798645
2024-05-17 13:41:29,421 - mainlogger - INFO - ********************************************************************************
2024-05-17 13:41:39,527 - mainlogger - INFO - valid
2024-05-17 13:41:55,274 - mainlogger - INFO - Dice score: 0.5734
2024-05-17 13:41:55,275 - mainlogger - INFO - Accuracy: 0.8876
2024-05-17 13:41:55,275 - mainlogger - INFO - Epoch 54  2.230934962630272
2024-05-17 13:41:55,275 - mainlogger - INFO - ********************************************************************************
2024-05-17 13:42:05,542 - mainlogger - INFO - valid
2024-05-17 13:42:21,425 - mainlogger - INFO - Dice score: 0.5963
2024-05-17 13:42:21,426 - mainlogger - INFO - Accuracy: 0.9109
2024-05-17 13:42:21,426 - mainlogger - INFO - Epoch 55  2.1626160740852356
2024-05-17 13:42:21,426 - mainlogger - INFO - ********************************************************************************
2024-05-17 13:42:31,428 - mainlogger - INFO - valid
2024-05-17 13:42:47,631 - mainlogger - INFO - Dice score: 0.5176
2024-05-17 13:42:47,631 - mainlogger - INFO - Accuracy: 0.8501
2024-05-17 13:42:47,631 - mainlogger - INFO - 0.0001->8.5e-05
2024-05-17 13:42:47,631 - mainlogger - INFO - Epoch 56  2.2418115437030792
2024-05-17 13:42:47,632 - mainlogger - INFO - ********************************************************************************
2024-05-17 13:42:57,625 - mainlogger - INFO - valid
2024-05-17 13:43:13,421 - mainlogger - INFO - Dice score: 0.5539
2024-05-17 13:43:13,421 - mainlogger - INFO - Accuracy: 0.8714
2024-05-17 13:43:13,421 - mainlogger - INFO - Epoch 57  2.2353938966989517
2024-05-17 13:43:13,421 - mainlogger - INFO - ********************************************************************************
2024-05-17 13:43:23,710 - mainlogger - INFO - valid
2024-05-17 13:43:39,525 - mainlogger - INFO - Dice score: 0.6149
2024-05-17 13:43:39,525 - mainlogger - INFO - Accuracy: 0.9185
2024-05-17 13:43:39,525 - mainlogger - INFO - Epoch 58  2.3066761791706085
2024-05-17 13:43:39,525 - mainlogger - INFO - ********************************************************************************
2024-05-17 13:43:49,198 - mainlogger - INFO - valid
2024-05-17 13:44:04,141 - mainlogger - INFO - Dice score: 0.5898
2024-05-17 13:44:04,141 - mainlogger - INFO - Accuracy: 0.9002
2024-05-17 13:44:04,141 - mainlogger - INFO - Epoch 59  2.315580114722252
2024-05-17 13:44:04,141 - mainlogger - INFO - ********************************************************************************
2024-05-17 13:44:13,387 - mainlogger - INFO - valid
2024-05-17 13:44:28,005 - mainlogger - INFO - Dice score: 0.5662
2024-05-17 13:44:28,005 - mainlogger - INFO - Accuracy: 0.8904
2024-05-17 13:44:28,006 - mainlogger - INFO - Epoch 60  2.248630940914154
2024-05-17 13:44:28,006 - mainlogger - INFO - ********************************************************************************
2024-05-17 13:44:37,037 - mainlogger - INFO - valid
2024-05-17 13:44:51,803 - mainlogger - INFO - Dice score: 0.5564
2024-05-17 13:44:51,803 - mainlogger - INFO - Accuracy: 0.8855
2024-05-17 13:44:51,803 - mainlogger - INFO - Epoch 61  2.27049620449543
2024-05-17 13:44:51,803 - mainlogger - INFO - train
2024-05-17 13:45:00,989 - mainlogger - INFO - Dice score: 0.7662
2024-05-17 13:45:00,990 - mainlogger - INFO - Accuracy: 0.9372
2024-05-17 13:45:00,990 - mainlogger - INFO - test
2024-05-17 13:45:16,929 - mainlogger - INFO - Dice score: 0.5589
2024-05-17 13:45:16,930 - mainlogger - INFO - Accuracy: 0.8884
2024-05-17 13:45:16,930 - mainlogger - INFO - ********************************************************************************
2024-05-17 13:45:27,104 - mainlogger - INFO - valid
2024-05-17 13:45:42,723 - mainlogger - INFO - Dice score: 0.5356
2024-05-17 13:45:42,723 - mainlogger - INFO - Accuracy: 0.8719
2024-05-17 13:45:42,724 - mainlogger - INFO - 8.5e-05->7.225000000000001e-05
2024-05-17 13:45:42,724 - mainlogger - INFO - Epoch 62  2.156312108039856
2024-05-17 13:45:42,724 - mainlogger - INFO - ********************************************************************************
2024-05-17 13:45:52,518 - mainlogger - INFO - valid
2024-05-17 13:46:08,217 - mainlogger - INFO - Dice score: 0.533
2024-05-17 13:46:08,218 - mainlogger - INFO - Accuracy: 0.8755
2024-05-17 13:46:08,218 - mainlogger - INFO - Epoch 63  2.2239761501550674
2024-05-17 13:46:08,218 - mainlogger - INFO - ********************************************************************************
2024-05-17 13:46:18,334 - mainlogger - INFO - valid
2024-05-17 13:46:34,096 - mainlogger - INFO - Dice score: 0.5297
2024-05-17 13:46:34,096 - mainlogger - INFO - Accuracy: 0.8616
2024-05-17 13:46:34,097 - mainlogger - INFO - Epoch 64  2.2148358523845673
2024-05-17 13:46:34,097 - mainlogger - INFO - ********************************************************************************
2024-05-17 13:46:44,378 - mainlogger - INFO - valid
2024-05-17 13:46:59,828 - mainlogger - INFO - Dice score: 0.5763
2024-05-17 13:46:59,828 - mainlogger - INFO - Accuracy: 0.8987
2024-05-17 13:46:59,828 - mainlogger - INFO - Epoch 65  2.071932703256607
2024-05-17 13:46:59,828 - mainlogger - INFO - ********************************************************************************
2024-05-17 13:47:09,699 - mainlogger - INFO - valid
2024-05-17 13:47:25,210 - mainlogger - INFO - Dice score: 0.5526
2024-05-17 13:47:25,211 - mainlogger - INFO - Accuracy: 0.8786
2024-05-17 13:47:25,211 - mainlogger - INFO - 7.225000000000001e-05->6.141250000000001e-05
2024-05-17 13:47:25,211 - mainlogger - INFO - Epoch 66  2.232509598135948
2024-05-17 13:47:25,211 - mainlogger - INFO - ********************************************************************************
2024-05-17 13:47:35,225 - mainlogger - INFO - valid
2024-05-17 13:47:51,232 - mainlogger - INFO - Dice score: 0.5558
2024-05-17 13:47:51,232 - mainlogger - INFO - Accuracy: 0.8826
2024-05-17 13:47:51,232 - mainlogger - INFO - Epoch 67  2.105618894100189
2024-05-17 13:47:51,232 - mainlogger - INFO - ********************************************************************************
2024-05-17 13:48:01,013 - mainlogger - INFO - valid
2024-05-17 13:48:16,516 - mainlogger - INFO - Dice score: 0.5751
2024-05-17 13:48:16,516 - mainlogger - INFO - Accuracy: 0.8919
2024-05-17 13:48:16,517 - mainlogger - INFO - Epoch 68  2.232992187142372
2024-05-17 13:48:16,517 - mainlogger - INFO - ********************************************************************************
2024-05-17 13:48:26,113 - mainlogger - INFO - valid
2024-05-17 13:48:40,927 - mainlogger - INFO - Dice score: 0.6102
2024-05-17 13:48:40,928 - mainlogger - INFO - Accuracy: 0.9084
2024-05-17 13:48:40,928 - mainlogger - INFO - Epoch 69  2.0840335190296173
2024-05-17 13:48:40,928 - mainlogger - INFO - ********************************************************************************
2024-05-17 13:48:50,723 - mainlogger - INFO - valid
2024-05-17 13:49:06,301 - mainlogger - INFO - Dice score: 0.6072
2024-05-17 13:49:06,302 - mainlogger - INFO - Accuracy: 0.9062
2024-05-17 13:49:06,302 - mainlogger - INFO - 6.141250000000001e-05->5.2200625000000005e-05
2024-05-17 13:49:06,302 - mainlogger - INFO - Epoch 70  2.1116631478071213
2024-05-17 13:49:06,302 - mainlogger - INFO - ********************************************************************************
2024-05-17 13:49:16,432 - mainlogger - INFO - valid
2024-05-17 13:49:32,107 - mainlogger - INFO - Dice score: 0.6062
2024-05-17 13:49:32,108 - mainlogger - INFO - Accuracy: 0.9118
2024-05-17 13:49:32,108 - mainlogger - INFO - Epoch 71  2.0511600226163864
2024-05-17 13:49:32,108 - mainlogger - INFO - train
2024-05-17 13:49:41,693 - mainlogger - INFO - Dice score: 0.846
2024-05-17 13:49:41,694 - mainlogger - INFO - Accuracy: 0.9582
2024-05-17 13:49:41,694 - mainlogger - INFO - test
2024-05-17 13:49:57,131 - mainlogger - INFO - Dice score: 0.5697
2024-05-17 13:49:57,131 - mainlogger - INFO - Accuracy: 0.9071
2024-05-17 13:49:57,131 - mainlogger - INFO - ********************************************************************************
2024-05-17 13:50:07,309 - mainlogger - INFO - valid
2024-05-17 13:50:23,030 - mainlogger - INFO - Dice score: 0.6009
2024-05-17 13:50:23,031 - mainlogger - INFO - Accuracy: 0.9049
2024-05-17 13:50:23,031 - mainlogger - INFO - Epoch 72  2.1401142925024033
2024-05-17 13:50:23,031 - mainlogger - INFO - ********************************************************************************
2024-05-17 13:50:33,093 - mainlogger - INFO - valid
2024-05-17 13:50:48,761 - mainlogger - INFO - Dice score: 0.6015
2024-05-17 13:50:48,761 - mainlogger - INFO - Accuracy: 0.903
2024-05-17 13:50:48,761 - mainlogger - INFO - Epoch 73  2.079072058200836
2024-05-17 13:50:48,761 - mainlogger - INFO - ********************************************************************************
2024-05-17 13:50:58,773 - mainlogger - INFO - valid
2024-05-17 13:51:14,391 - mainlogger - INFO - Dice score: 0.5658
2024-05-17 13:51:14,391 - mainlogger - INFO - Accuracy: 0.8886
2024-05-17 13:51:14,391 - mainlogger - INFO - 5.2200625000000005e-05->4.437053125e-05
2024-05-17 13:51:14,391 - mainlogger - INFO - Epoch 74  2.0817732959985733
2024-05-17 13:51:14,391 - mainlogger - INFO - ********************************************************************************
2024-05-17 13:51:25,102 - mainlogger - INFO - valid
2024-05-17 13:51:41,314 - mainlogger - INFO - Dice score: 0.5873
2024-05-17 13:51:41,314 - mainlogger - INFO - Accuracy: 0.8987
2024-05-17 13:51:41,314 - mainlogger - INFO - Epoch 75  2.0740289390087128
2024-05-17 13:51:41,315 - mainlogger - INFO - ********************************************************************************
2024-05-17 13:51:51,812 - mainlogger - INFO - valid
2024-05-17 13:52:08,805 - mainlogger - INFO - Dice score: 0.5749
2024-05-17 13:52:08,805 - mainlogger - INFO - Accuracy: 0.8895
2024-05-17 13:52:08,806 - mainlogger - INFO - Epoch 76  2.0560233294963837
2024-05-17 13:52:08,806 - mainlogger - INFO - ********************************************************************************
2024-05-17 13:52:19,539 - mainlogger - INFO - valid
2024-05-17 13:52:36,117 - mainlogger - INFO - Dice score: 0.5886
2024-05-17 13:52:36,117 - mainlogger - INFO - Accuracy: 0.9019
2024-05-17 13:52:36,118 - mainlogger - INFO - Epoch 77  1.9924742728471756
2024-05-17 13:52:36,118 - mainlogger - INFO - ********************************************************************************
2024-05-17 13:52:46,928 - mainlogger - INFO - valid
2024-05-17 13:53:04,014 - mainlogger - INFO - Dice score: 0.5907
2024-05-17 13:53:04,014 - mainlogger - INFO - Accuracy: 0.9039
2024-05-17 13:53:04,014 - mainlogger - INFO - 4.437053125e-05->3.77149515625e-05
2024-05-17 13:53:04,015 - mainlogger - INFO - Epoch 78  2.00388740003109
2024-05-17 13:53:04,015 - mainlogger - INFO - ********************************************************************************
2024-05-17 13:53:15,077 - mainlogger - INFO - valid
2024-05-17 13:53:31,952 - mainlogger - INFO - Dice score: 0.6032
2024-05-17 13:53:31,952 - mainlogger - INFO - Accuracy: 0.9037
2024-05-17 13:53:31,952 - mainlogger - INFO - Epoch 79  1.9767343699932098
2024-05-17 13:53:31,952 - mainlogger - INFO - ********************************************************************************
2024-05-17 13:53:42,796 - mainlogger - INFO - valid
2024-05-17 13:53:59,382 - mainlogger - INFO - Dice score: 0.6001
2024-05-17 13:53:59,382 - mainlogger - INFO - Accuracy: 0.9038
2024-05-17 13:53:59,382 - mainlogger - INFO - Epoch 80  2.051095426082611
2024-05-17 13:53:59,382 - mainlogger - INFO - ********************************************************************************
2024-05-17 13:54:09,619 - mainlogger - INFO - valid
2024-05-17 13:54:26,027 - mainlogger - INFO - Dice score: 0.57
2024-05-17 13:54:26,027 - mainlogger - INFO - Accuracy: 0.8869
2024-05-17 13:54:26,027 - mainlogger - INFO - Epoch 81  1.9472484588623047
2024-05-17 13:54:26,027 - mainlogger - INFO - train
2024-05-17 13:54:35,937 - mainlogger - INFO - Dice score: 0.8419
2024-05-17 13:54:35,938 - mainlogger - INFO - Accuracy: 0.956
2024-05-17 13:54:35,938 - mainlogger - INFO - test
2024-05-17 13:54:52,848 - mainlogger - INFO - Dice score: 0.5695
2024-05-17 13:54:52,848 - mainlogger - INFO - Accuracy: 0.8907
2024-05-17 13:54:52,848 - mainlogger - INFO - ********************************************************************************
2024-05-17 13:55:03,938 - mainlogger - INFO - valid
2024-05-17 13:55:20,608 - mainlogger - INFO - Dice score: 0.6056
2024-05-17 13:55:20,609 - mainlogger - INFO - Accuracy: 0.9073
2024-05-17 13:55:20,609 - mainlogger - INFO - 3.77149515625e-05->3.2057708828124995e-05
2024-05-17 13:55:20,609 - mainlogger - INFO - Epoch 82  1.915132313966751
2024-05-17 13:55:20,609 - mainlogger - INFO - ********************************************************************************
2024-05-17 13:55:31,318 - mainlogger - INFO - valid
2024-05-17 13:55:48,835 - mainlogger - INFO - Dice score: 0.6022
2024-05-17 13:55:48,836 - mainlogger - INFO - Accuracy: 0.9046
2024-05-17 13:55:48,836 - mainlogger - INFO - Epoch 83  1.9621839821338654
2024-05-17 13:55:48,836 - mainlogger - INFO - ********************************************************************************
2024-05-17 13:55:59,909 - mainlogger - INFO - valid
2024-05-17 13:56:16,746 - mainlogger - INFO - Dice score: 0.6203
2024-05-17 13:56:16,746 - mainlogger - INFO - Accuracy: 0.9126
2024-05-17 13:56:16,746 - mainlogger - INFO - Epoch 84  2.008064851164818
2024-05-17 13:56:16,746 - mainlogger - INFO - ********************************************************************************
2024-05-17 13:56:27,406 - mainlogger - INFO - valid
2024-05-17 13:56:44,318 - mainlogger - INFO - Dice score: 0.6214
2024-05-17 13:56:44,318 - mainlogger - INFO - Accuracy: 0.9137
2024-05-17 13:56:44,318 - mainlogger - INFO - Epoch 85  1.9553024172782898
2024-05-17 13:56:44,318 - mainlogger - INFO - ********************************************************************************
2024-05-17 13:56:54,498 - mainlogger - INFO - valid
2024-05-17 13:57:10,939 - mainlogger - INFO - Dice score: 0.5938
2024-05-17 13:57:10,939 - mainlogger - INFO - Accuracy: 0.9076
2024-05-17 13:57:10,939 - mainlogger - INFO - Epoch 86  1.9808436036109924
2024-05-17 13:57:10,939 - mainlogger - INFO - ********************************************************************************
2024-05-17 13:57:21,393 - mainlogger - INFO - valid
2024-05-17 13:57:38,117 - mainlogger - INFO - Dice score: 0.6021
2024-05-17 13:57:38,117 - mainlogger - INFO - Accuracy: 0.908
2024-05-17 13:57:38,117 - mainlogger - INFO - Epoch 87  1.9958931058645248
2024-05-17 13:57:38,118 - mainlogger - INFO - ********************************************************************************
2024-05-17 13:57:48,397 - mainlogger - INFO - valid
2024-05-17 13:58:04,428 - mainlogger - INFO - Dice score: 0.5728
2024-05-17 13:58:04,428 - mainlogger - INFO - Accuracy: 0.8893
2024-05-17 13:58:04,428 - mainlogger - INFO - Epoch 88  2.0033726543188095
2024-05-17 13:58:04,428 - mainlogger - INFO - ********************************************************************************
2024-05-17 13:58:15,135 - mainlogger - INFO - valid
2024-05-17 13:58:31,217 - mainlogger - INFO - Dice score: 0.5693
2024-05-17 13:58:31,217 - mainlogger - INFO - Accuracy: 0.8904
2024-05-17 13:58:31,217 - mainlogger - INFO - 3.2057708828124995e-05->2.7249052503906245e-05
2024-05-17 13:58:31,217 - mainlogger - INFO - Epoch 89  1.95990788936615
2024-05-17 13:58:31,217 - mainlogger - INFO - ********************************************************************************
2024-05-17 13:58:41,806 - mainlogger - INFO - valid
2024-05-17 13:58:57,923 - mainlogger - INFO - Dice score: 0.579
2024-05-17 13:58:57,924 - mainlogger - INFO - Accuracy: 0.8924
2024-05-17 13:58:57,924 - mainlogger - INFO - Epoch 90  1.953410655260086
2024-05-17 13:58:57,924 - mainlogger - INFO - ********************************************************************************
2024-05-17 13:59:08,421 - mainlogger - INFO - valid
2024-05-17 13:59:24,703 - mainlogger - INFO - Dice score: 0.5844
2024-05-17 13:59:24,703 - mainlogger - INFO - Accuracy: 0.8934
2024-05-17 13:59:24,704 - mainlogger - INFO - Epoch 91  1.9674633145332336
2024-05-17 13:59:24,704 - mainlogger - INFO - train
2024-05-17 13:59:34,699 - mainlogger - INFO - Dice score: 0.8647
2024-05-17 13:59:34,699 - mainlogger - INFO - Accuracy: 0.9641
2024-05-17 13:59:34,699 - mainlogger - INFO - test
2024-05-17 13:59:51,339 - mainlogger - INFO - Dice score: 0.5967
2024-05-17 13:59:51,340 - mainlogger - INFO - Accuracy: 0.9037
2024-05-17 13:59:51,340 - mainlogger - INFO - ********************************************************************************
2024-05-17 14:00:01,394 - mainlogger - INFO - valid
2024-05-17 14:00:17,922 - mainlogger - INFO - Dice score: 0.6061
2024-05-17 14:00:17,922 - mainlogger - INFO - Accuracy: 0.9089
2024-05-17 14:00:17,922 - mainlogger - INFO - Epoch 92  2.0014476776123047
2024-05-17 14:00:17,922 - mainlogger - INFO - ********************************************************************************
2024-05-17 14:00:28,125 - mainlogger - INFO - valid
2024-05-17 14:00:44,234 - mainlogger - INFO - Dice score: 0.6024
2024-05-17 14:00:44,234 - mainlogger - INFO - Accuracy: 0.9058
2024-05-17 14:00:44,234 - mainlogger - INFO - 2.7249052503906245e-05->2.3161694628320308e-05
2024-05-17 14:00:44,235 - mainlogger - INFO - Epoch 93  1.9411131888628006
2024-05-17 14:00:44,235 - mainlogger - INFO - ********************************************************************************
2024-05-17 14:00:54,617 - mainlogger - INFO - valid
2024-05-17 14:01:10,783 - mainlogger - INFO - Dice score: 0.6034
2024-05-17 14:01:10,784 - mainlogger - INFO - Accuracy: 0.9053
2024-05-17 14:01:10,784 - mainlogger - INFO - Epoch 94  1.9694067537784576
2024-05-17 14:01:10,784 - mainlogger - INFO - ********************************************************************************
2024-05-17 14:01:21,197 - mainlogger - INFO - valid
2024-05-17 14:01:37,714 - mainlogger - INFO - Dice score: 0.6159
2024-05-17 14:01:37,714 - mainlogger - INFO - Accuracy: 0.9109
2024-05-17 14:01:37,714 - mainlogger - INFO - Epoch 95  1.8904099613428116
2024-05-17 14:01:37,715 - mainlogger - INFO - ********************************************************************************
2024-05-17 14:01:48,092 - mainlogger - INFO - valid
2024-05-17 14:02:04,219 - mainlogger - INFO - Dice score: 0.6109
2024-05-17 14:02:04,219 - mainlogger - INFO - Accuracy: 0.9096
2024-05-17 14:02:04,219 - mainlogger - INFO - Epoch 96  1.9066255688667297
2024-05-17 14:02:04,220 - mainlogger - INFO - ********************************************************************************
2024-05-17 14:02:14,621 - mainlogger - INFO - valid
2024-05-17 14:02:30,904 - mainlogger - INFO - Dice score: 0.6082
2024-05-17 14:02:30,904 - mainlogger - INFO - Accuracy: 0.9077
2024-05-17 14:02:30,904 - mainlogger - INFO - 2.3161694628320308e-05->1.9687440434072263e-05
2024-05-17 14:02:30,904 - mainlogger - INFO - Epoch 97  1.894487425684929
2024-05-17 14:02:30,904 - mainlogger - INFO - ********************************************************************************
2024-05-17 14:02:41,025 - mainlogger - INFO - valid
2024-05-17 14:02:57,125 - mainlogger - INFO - Dice score: 0.6091
2024-05-17 14:02:57,125 - mainlogger - INFO - Accuracy: 0.9073
2024-05-17 14:02:57,125 - mainlogger - INFO - Epoch 98  1.948760449886322
2024-05-17 14:02:57,126 - mainlogger - INFO - ********************************************************************************
2024-05-17 14:03:07,473 - mainlogger - INFO - valid
2024-05-17 14:03:23,702 - mainlogger - INFO - Dice score: 0.6199
2024-05-17 14:03:23,702 - mainlogger - INFO - Accuracy: 0.9111
2024-05-17 14:03:23,702 - mainlogger - INFO - Epoch 99  1.9183618426322937
2024-05-17 14:03:23,702 - mainlogger - INFO - train
2024-05-17 14:03:33,196 - mainlogger - INFO - Dice score: 0.8904
2024-05-17 14:03:33,196 - mainlogger - INFO - Accuracy: 0.9719
2024-05-17 14:03:33,196 - mainlogger - INFO - test
2024-05-17 14:03:48,927 - mainlogger - INFO - Dice score: 0.5962
2024-05-17 14:03:48,928 - mainlogger - INFO - Accuracy: 0.91
2024-05-17 14:03:48,928 - mainlogger - INFO - ********************************************************************************
2024-05-17 14:03:48,928 - mainlogger - INFO - (95, 99)
2024-05-17 14:03:48,928 - mainlogger - INFO - 0.6127916379512801
