2024-05-17 14:05:06,980 - mainlogger - INFO - 12274
2024-05-17 14:05:06,980 - mainlogger - INFO - <class '__main__.UniversegPipeline'>
2024-05-17 14:05:06,980 - mainlogger - INFO - universeg_config/res_stack_topk.yaml
2024-05-17 14:05:06,980 - mainlogger - INFO - {'desc': '测试集上，test_k大一点', 'batch_size': 8, 'epochs': 100, 'k': 2, 'test_k': 4, 'root_dir': '/Dataset_BUSI', 'model': {'name': 'universeg_res.universeg.UniverSeg', 'args': {'channels': [64, 128, 256, 256, 512], 'num_layers': [2, 2, 2, 2, 2], 'in_channels': [1, 2], 'init': True, 'act': 'ReLU'}}, 'trainset': {'name': 'datasetBUSI.mask_busi_single.MaskBUSISingle', 'args': {'root_dir': '/Dataset_BUSI', 'image_names_path': 'labeled20.txt', 'mode': 'train'}}, 'testset': {'name': 'datasetBUSI.mask_busi_single.MaskBUSISingle', 'args': {'root_dir': '/Dataset_BUSI', 'image_names_path': 'test.txt', 'mode': 'test'}}, 'validset': {'name': 'datasetBUSI.mask_busi_single.MaskBUSISingle', 'args': {'root_dir': '/Dataset_BUSI', 'image_names_path': 'val.txt', 'mode': 'test'}}, 'criterion': {'name': 'spgutils.focalloss.BinaryFocalLoss', 'args': {'gamma': 1}}, 'optimizer': {'name': 'torch.optim.Adam', 'args': {'lr': 0.0001}}, 'scheduler': {'name': 'torch.optim.lr_scheduler.ReduceLROnPlateau', 'args': {'mode': 'max', 'factor': 0.85, 'patience': 3}}}
2024-05-17 14:05:06,982 - mainlogger - INFO - 24.920564651489258
2024-05-17 14:05:19,982 - mainlogger - INFO - Epoch 0  3.973632037639618
2024-05-17 14:05:19,984 - mainlogger - INFO - ********************************************************************************
2024-05-17 14:05:29,101 - mainlogger - INFO - Epoch 1  3.4351701736450195
2024-05-17 14:05:29,101 - mainlogger - INFO - train
2024-05-17 14:05:37,865 - mainlogger - INFO - Dice score: 0.3623
2024-05-17 14:05:37,865 - mainlogger - INFO - Accuracy: 0.761
2024-05-17 14:05:37,865 - mainlogger - INFO - test
2024-05-17 14:06:03,821 - mainlogger - INFO - Dice score: 0.2904
2024-05-17 14:06:03,821 - mainlogger - INFO - Accuracy: 0.8011
2024-05-17 14:06:03,821 - mainlogger - INFO - ********************************************************************************
2024-05-17 14:06:12,822 - mainlogger - INFO - Epoch 2  3.4896304607391357
2024-05-17 14:06:12,822 - mainlogger - INFO - ********************************************************************************
2024-05-17 14:06:21,750 - mainlogger - INFO - Epoch 3  3.2225797176361084
2024-05-17 14:06:21,751 - mainlogger - INFO - ********************************************************************************
2024-05-17 14:06:30,821 - mainlogger - INFO - Epoch 4  3.1839360296726227
2024-05-17 14:06:30,821 - mainlogger - INFO - ********************************************************************************
2024-05-17 14:06:39,751 - mainlogger - INFO - Epoch 5  3.0355702936649323
2024-05-17 14:06:39,752 - mainlogger - INFO - ********************************************************************************
2024-05-17 14:06:48,703 - mainlogger - INFO - Epoch 6  3.0772458016872406
2024-05-17 14:06:48,704 - mainlogger - INFO - ********************************************************************************
2024-05-17 14:06:57,588 - mainlogger - INFO - Epoch 7  2.894741415977478
2024-05-17 14:06:57,589 - mainlogger - INFO - ********************************************************************************
2024-05-17 14:07:06,609 - mainlogger - INFO - Epoch 8  2.946077048778534
2024-05-17 14:07:06,610 - mainlogger - INFO - ********************************************************************************
2024-05-17 14:07:15,150 - mainlogger - INFO - Epoch 9  2.895262211561203
2024-05-17 14:07:15,151 - mainlogger - INFO - ********************************************************************************
2024-05-17 14:07:23,822 - mainlogger - INFO - Epoch 10  2.7911207377910614
2024-05-17 14:07:23,823 - mainlogger - INFO - ********************************************************************************
2024-05-17 14:07:32,879 - mainlogger - INFO - Epoch 11  2.8187111616134644
2024-05-17 14:07:32,880 - mainlogger - INFO - train
2024-05-17 14:07:41,278 - mainlogger - INFO - Dice score: 0.5106
2024-05-17 14:07:41,278 - mainlogger - INFO - Accuracy: 0.828
2024-05-17 14:07:41,278 - mainlogger - INFO - test
2024-05-17 14:08:05,244 - mainlogger - INFO - Dice score: 0.4739
2024-05-17 14:08:05,244 - mainlogger - INFO - Accuracy: 0.8415
2024-05-17 14:08:05,244 - mainlogger - INFO - ********************************************************************************
2024-05-17 14:08:14,598 - mainlogger - INFO - Epoch 12  2.871664896607399
2024-05-17 14:08:14,599 - mainlogger - INFO - ********************************************************************************
2024-05-17 14:08:23,514 - mainlogger - INFO - Epoch 13  2.7892703115940094
2024-05-17 14:08:23,515 - mainlogger - INFO - ********************************************************************************
2024-05-17 14:08:32,747 - mainlogger - INFO - Epoch 14  2.6405274868011475
2024-05-17 14:08:32,747 - mainlogger - INFO - ********************************************************************************
2024-05-17 14:08:41,947 - mainlogger - INFO - Epoch 15  2.8451400995254517
2024-05-17 14:08:41,947 - mainlogger - INFO - ********************************************************************************
2024-05-17 14:08:50,751 - mainlogger - INFO - Epoch 16  2.7060872465372086
2024-05-17 14:08:50,751 - mainlogger - INFO - ********************************************************************************
2024-05-17 14:08:59,847 - mainlogger - INFO - Epoch 17  2.7150716930627823
2024-05-17 14:08:59,848 - mainlogger - INFO - ********************************************************************************
2024-05-17 14:09:09,626 - mainlogger - INFO - Epoch 18  2.695050984621048
2024-05-17 14:09:09,626 - mainlogger - INFO - ********************************************************************************
2024-05-17 14:09:19,592 - mainlogger - INFO - Epoch 19  2.6141397058963776
2024-05-17 14:09:19,592 - mainlogger - INFO - ********************************************************************************
2024-05-17 14:09:29,496 - mainlogger - INFO - Epoch 20  2.6584044694900513
2024-05-17 14:09:29,496 - mainlogger - INFO - ********************************************************************************
2024-05-17 14:09:39,072 - mainlogger - INFO - Epoch 21  2.6250715255737305
2024-05-17 14:09:39,073 - mainlogger - INFO - train
2024-05-17 14:09:48,531 - mainlogger - INFO - Dice score: 0.6309
2024-05-17 14:09:48,531 - mainlogger - INFO - Accuracy: 0.908
2024-05-17 14:09:48,531 - mainlogger - INFO - test
2024-05-17 14:10:14,045 - mainlogger - INFO - Dice score: 0.5579
2024-05-17 14:10:14,045 - mainlogger - INFO - Accuracy: 0.8923
2024-05-17 14:10:14,045 - mainlogger - INFO - ********************************************************************************
2024-05-17 14:10:23,930 - mainlogger - INFO - Epoch 22  2.637710854411125
2024-05-17 14:10:23,931 - mainlogger - INFO - ********************************************************************************
2024-05-17 14:10:33,829 - mainlogger - INFO - Epoch 23  2.5910362601280212
2024-05-17 14:10:33,829 - mainlogger - INFO - ********************************************************************************
2024-05-17 14:10:43,731 - mainlogger - INFO - Epoch 24  2.635582745075226
2024-05-17 14:10:43,731 - mainlogger - INFO - ********************************************************************************
2024-05-17 14:10:53,865 - mainlogger - INFO - Epoch 25  2.5335314720869064
2024-05-17 14:10:53,865 - mainlogger - INFO - ********************************************************************************
2024-05-17 14:11:03,513 - mainlogger - INFO - Epoch 26  2.5316662788391113
2024-05-17 14:11:03,514 - mainlogger - INFO - ********************************************************************************
2024-05-17 14:11:12,926 - mainlogger - INFO - Epoch 27  2.438580870628357
2024-05-17 14:11:12,927 - mainlogger - INFO - ********************************************************************************
2024-05-17 14:11:22,596 - mainlogger - INFO - Epoch 28  2.5740825682878494
2024-05-17 14:11:22,596 - mainlogger - INFO - ********************************************************************************
2024-05-17 14:11:31,441 - mainlogger - INFO - Epoch 29  2.4231586009263992
2024-05-17 14:11:31,441 - mainlogger - INFO - ********************************************************************************
2024-05-17 14:11:40,857 - mainlogger - INFO - Epoch 30  2.411207303404808
2024-05-17 14:11:40,857 - mainlogger - INFO - ********************************************************************************
2024-05-17 14:11:50,487 - mainlogger - INFO - Epoch 31  2.399011045694351
2024-05-17 14:11:50,487 - mainlogger - INFO - train
2024-05-17 14:11:59,660 - mainlogger - INFO - Dice score: 0.7151
2024-05-17 14:11:59,660 - mainlogger - INFO - Accuracy: 0.9181
2024-05-17 14:11:59,660 - mainlogger - INFO - test
2024-05-17 14:12:25,713 - mainlogger - INFO - Dice score: 0.5437
2024-05-17 14:12:25,713 - mainlogger - INFO - Accuracy: 0.8804
2024-05-17 14:12:25,713 - mainlogger - INFO - ********************************************************************************
2024-05-17 14:12:35,822 - mainlogger - INFO - Epoch 32  2.411909908056259
2024-05-17 14:12:35,822 - mainlogger - INFO - ********************************************************************************
2024-05-17 14:12:46,426 - mainlogger - INFO - Epoch 33  2.377454921603203
2024-05-17 14:12:46,427 - mainlogger - INFO - ********************************************************************************
2024-05-17 14:12:56,508 - mainlogger - INFO - Epoch 34  2.5067741870880127
2024-05-17 14:12:56,508 - mainlogger - INFO - ********************************************************************************
2024-05-17 14:13:06,534 - mainlogger - INFO - Epoch 35  2.568721041083336
2024-05-17 14:13:06,534 - mainlogger - INFO - ********************************************************************************
2024-05-17 14:13:16,879 - mainlogger - INFO - Epoch 36  2.4527356326580048
2024-05-17 14:13:16,879 - mainlogger - INFO - ********************************************************************************
2024-05-17 14:13:27,338 - mainlogger - INFO - Epoch 37  2.3407232016324997
2024-05-17 14:13:27,339 - mainlogger - INFO - ********************************************************************************
2024-05-17 14:13:37,588 - mainlogger - INFO - Epoch 38  2.31954288482666
2024-05-17 14:13:37,588 - mainlogger - INFO - ********************************************************************************
2024-05-17 14:13:47,790 - mainlogger - INFO - Epoch 39  2.3795843571424484
2024-05-17 14:13:47,790 - mainlogger - INFO - ********************************************************************************
2024-05-17 14:13:58,079 - mainlogger - INFO - valid
2024-05-17 14:14:25,967 - mainlogger - INFO - Dice score: 0.5583
2024-05-17 14:14:25,967 - mainlogger - INFO - Accuracy: 0.8772
2024-05-17 14:14:25,968 - mainlogger - INFO - Epoch 40  2.308245748281479
2024-05-17 14:14:25,968 - mainlogger - INFO - ********************************************************************************
2024-05-17 14:14:36,467 - mainlogger - INFO - valid
2024-05-17 14:15:03,842 - mainlogger - INFO - Dice score: 0.5328
2024-05-17 14:15:03,843 - mainlogger - INFO - Accuracy: 0.8653
2024-05-17 14:15:03,843 - mainlogger - INFO - Epoch 41  2.384040653705597
2024-05-17 14:15:03,843 - mainlogger - INFO - train
2024-05-17 14:15:13,551 - mainlogger - INFO - Dice score: 0.7073
2024-05-17 14:15:13,552 - mainlogger - INFO - Accuracy: 0.9133
2024-05-17 14:15:13,552 - mainlogger - INFO - test
2024-05-17 14:15:41,184 - mainlogger - INFO - Dice score: 0.5564
2024-05-17 14:15:41,185 - mainlogger - INFO - Accuracy: 0.8843
2024-05-17 14:15:41,185 - mainlogger - INFO - ********************************************************************************
2024-05-17 14:15:51,693 - mainlogger - INFO - valid
2024-05-17 14:16:18,631 - mainlogger - INFO - Dice score: 0.5738
2024-05-17 14:16:18,631 - mainlogger - INFO - Accuracy: 0.9005
2024-05-17 14:16:18,631 - mainlogger - INFO - Epoch 42  2.340330198407173
2024-05-17 14:16:18,631 - mainlogger - INFO - ********************************************************************************
2024-05-17 14:16:29,298 - mainlogger - INFO - valid
2024-05-17 14:16:56,626 - mainlogger - INFO - Dice score: 0.5771
2024-05-17 14:16:56,627 - mainlogger - INFO - Accuracy: 0.8958
2024-05-17 14:16:56,627 - mainlogger - INFO - Epoch 43  2.4346902817487717
2024-05-17 14:16:56,627 - mainlogger - INFO - ********************************************************************************
2024-05-17 14:17:06,913 - mainlogger - INFO - valid
2024-05-17 14:17:34,284 - mainlogger - INFO - Dice score: 0.5201
2024-05-17 14:17:34,285 - mainlogger - INFO - Accuracy: 0.8464
2024-05-17 14:17:34,285 - mainlogger - INFO - Epoch 44  2.4357006400823593
2024-05-17 14:17:34,285 - mainlogger - INFO - ********************************************************************************
2024-05-17 14:17:44,043 - mainlogger - INFO - valid
2024-05-17 14:18:10,157 - mainlogger - INFO - Dice score: 0.593
2024-05-17 14:18:10,157 - mainlogger - INFO - Accuracy: 0.8981
2024-05-17 14:18:10,157 - mainlogger - INFO - Epoch 45  2.4871590733528137
2024-05-17 14:18:10,157 - mainlogger - INFO - ********************************************************************************
2024-05-17 14:18:20,171 - mainlogger - INFO - valid
2024-05-17 14:18:46,539 - mainlogger - INFO - Dice score: 0.6139
2024-05-17 14:18:46,539 - mainlogger - INFO - Accuracy: 0.9112
2024-05-17 14:18:46,539 - mainlogger - INFO - Epoch 46  2.420842081308365
2024-05-17 14:18:46,539 - mainlogger - INFO - ********************************************************************************
2024-05-17 14:18:56,331 - mainlogger - INFO - valid
2024-05-17 14:19:23,039 - mainlogger - INFO - Dice score: 0.5471
2024-05-17 14:19:23,039 - mainlogger - INFO - Accuracy: 0.8799
2024-05-17 14:19:23,039 - mainlogger - INFO - Epoch 47  2.27321195602417
2024-05-17 14:19:23,039 - mainlogger - INFO - ********************************************************************************
2024-05-17 14:19:33,309 - mainlogger - INFO - valid
2024-05-17 14:20:00,448 - mainlogger - INFO - Dice score: 0.4836
2024-05-17 14:20:00,449 - mainlogger - INFO - Accuracy: 0.8382
2024-05-17 14:20:00,449 - mainlogger - INFO - Epoch 48  2.3115182518959045
2024-05-17 14:20:00,449 - mainlogger - INFO - ********************************************************************************
2024-05-17 14:20:10,015 - mainlogger - INFO - valid
2024-05-17 14:20:35,838 - mainlogger - INFO - Dice score: 0.5688
2024-05-17 14:20:35,838 - mainlogger - INFO - Accuracy: 0.888
2024-05-17 14:20:35,839 - mainlogger - INFO - Epoch 49  2.321269601583481
2024-05-17 14:20:35,839 - mainlogger - INFO - ********************************************************************************
2024-05-17 14:20:45,642 - mainlogger - INFO - valid
2024-05-17 14:21:11,461 - mainlogger - INFO - Dice score: 0.6253
2024-05-17 14:21:11,461 - mainlogger - INFO - Accuracy: 0.9243
2024-05-17 14:21:11,461 - mainlogger - INFO - Epoch 50  2.274117723107338
2024-05-17 14:21:11,461 - mainlogger - INFO - ********************************************************************************
2024-05-17 14:21:21,287 - mainlogger - INFO - valid
2024-05-17 14:21:46,854 - mainlogger - INFO - Dice score: 0.5828
2024-05-17 14:21:46,854 - mainlogger - INFO - Accuracy: 0.898
2024-05-17 14:21:46,854 - mainlogger - INFO - Epoch 51  2.236273691058159
2024-05-17 14:21:46,854 - mainlogger - INFO - train
2024-05-17 14:21:56,383 - mainlogger - INFO - Dice score: 0.7622
2024-05-17 14:21:56,384 - mainlogger - INFO - Accuracy: 0.9349
2024-05-17 14:21:56,384 - mainlogger - INFO - test
2024-05-17 14:22:21,975 - mainlogger - INFO - Dice score: 0.5653
2024-05-17 14:22:21,975 - mainlogger - INFO - Accuracy: 0.8971
2024-05-17 14:22:21,975 - mainlogger - INFO - ********************************************************************************
2024-05-17 14:22:32,478 - mainlogger - INFO - valid
2024-05-17 14:23:00,056 - mainlogger - INFO - Dice score: 0.5584
2024-05-17 14:23:00,056 - mainlogger - INFO - Accuracy: 0.8912
2024-05-17 14:23:00,057 - mainlogger - INFO - Epoch 52  2.2319485247135162
2024-05-17 14:23:00,057 - mainlogger - INFO - ********************************************************************************
2024-05-17 14:23:10,607 - mainlogger - INFO - valid
2024-05-17 14:23:37,706 - mainlogger - INFO - Dice score: 0.5838
2024-05-17 14:23:37,707 - mainlogger - INFO - Accuracy: 0.8911
2024-05-17 14:23:37,707 - mainlogger - INFO - Epoch 53  2.270173519849777
2024-05-17 14:23:37,707 - mainlogger - INFO - ********************************************************************************
2024-05-17 14:23:47,518 - mainlogger - INFO - valid
2024-05-17 14:24:13,206 - mainlogger - INFO - Dice score: 0.5891
2024-05-17 14:24:13,207 - mainlogger - INFO - Accuracy: 0.8954
2024-05-17 14:24:13,207 - mainlogger - INFO - 0.0001->8.5e-05
2024-05-17 14:24:13,207 - mainlogger - INFO - Epoch 54  2.253701701760292
2024-05-17 14:24:13,207 - mainlogger - INFO - ********************************************************************************
2024-05-17 14:24:23,101 - mainlogger - INFO - valid
2024-05-17 14:24:49,337 - mainlogger - INFO - Dice score: 0.5524
2024-05-17 14:24:49,337 - mainlogger - INFO - Accuracy: 0.8686
2024-05-17 14:24:49,338 - mainlogger - INFO - Epoch 55  2.180939555168152
2024-05-17 14:24:49,338 - mainlogger - INFO - ********************************************************************************
2024-05-17 14:24:59,194 - mainlogger - INFO - valid
2024-05-17 14:25:24,940 - mainlogger - INFO - Dice score: 0.5044
2024-05-17 14:25:24,940 - mainlogger - INFO - Accuracy: 0.8488
2024-05-17 14:25:24,940 - mainlogger - INFO - Epoch 56  2.1787634193897247
2024-05-17 14:25:24,940 - mainlogger - INFO - ********************************************************************************
2024-05-17 14:25:34,979 - mainlogger - INFO - valid
2024-05-17 14:26:00,834 - mainlogger - INFO - Dice score: 0.5683
2024-05-17 14:26:00,834 - mainlogger - INFO - Accuracy: 0.882
2024-05-17 14:26:00,835 - mainlogger - INFO - Epoch 57  2.1817156225442886
2024-05-17 14:26:00,835 - mainlogger - INFO - ********************************************************************************
2024-05-17 14:26:11,211 - mainlogger - INFO - valid
2024-05-17 14:26:36,797 - mainlogger - INFO - Dice score: 0.5768
2024-05-17 14:26:36,798 - mainlogger - INFO - Accuracy: 0.8882
2024-05-17 14:26:36,798 - mainlogger - INFO - 8.5e-05->7.225000000000001e-05
2024-05-17 14:26:36,798 - mainlogger - INFO - Epoch 58  2.2220908403396606
2024-05-17 14:26:36,799 - mainlogger - INFO - ********************************************************************************
2024-05-17 14:26:46,528 - mainlogger - INFO - valid
2024-05-17 14:27:12,242 - mainlogger - INFO - Dice score: 0.5825
2024-05-17 14:27:12,242 - mainlogger - INFO - Accuracy: 0.8935
2024-05-17 14:27:12,242 - mainlogger - INFO - Epoch 59  2.2009149342775345
2024-05-17 14:27:12,242 - mainlogger - INFO - ********************************************************************************
2024-05-17 14:27:22,488 - mainlogger - INFO - valid
2024-05-17 14:27:48,055 - mainlogger - INFO - Dice score: 0.6016
2024-05-17 14:27:48,056 - mainlogger - INFO - Accuracy: 0.9042
2024-05-17 14:27:48,056 - mainlogger - INFO - Epoch 60  2.1875605285167694
2024-05-17 14:27:48,056 - mainlogger - INFO - ********************************************************************************
2024-05-17 14:27:57,628 - mainlogger - INFO - valid
2024-05-17 14:28:23,731 - mainlogger - INFO - Dice score: 0.5669
2024-05-17 14:28:23,731 - mainlogger - INFO - Accuracy: 0.8921
2024-05-17 14:28:23,732 - mainlogger - INFO - Epoch 61  2.159271866083145
2024-05-17 14:28:23,732 - mainlogger - INFO - train
2024-05-17 14:28:32,873 - mainlogger - INFO - Dice score: 0.8224
2024-05-17 14:28:32,873 - mainlogger - INFO - Accuracy: 0.9514
2024-05-17 14:28:32,873 - mainlogger - INFO - test
2024-05-17 14:29:00,127 - mainlogger - INFO - Dice score: 0.5785
2024-05-17 14:29:00,127 - mainlogger - INFO - Accuracy: 0.8962
2024-05-17 14:29:00,127 - mainlogger - INFO - ********************************************************************************
2024-05-17 14:29:10,387 - mainlogger - INFO - valid
2024-05-17 14:29:38,211 - mainlogger - INFO - Dice score: 0.5697
2024-05-17 14:29:38,212 - mainlogger - INFO - Accuracy: 0.892
2024-05-17 14:29:38,212 - mainlogger - INFO - 7.225000000000001e-05->6.141250000000001e-05
2024-05-17 14:29:38,212 - mainlogger - INFO - Epoch 62  2.1387918889522552
2024-05-17 14:29:38,212 - mainlogger - INFO - ********************************************************************************
2024-05-17 14:29:48,707 - mainlogger - INFO - valid
2024-05-17 14:30:16,511 - mainlogger - INFO - Dice score: 0.5885
2024-05-17 14:30:16,512 - mainlogger - INFO - Accuracy: 0.8996
2024-05-17 14:30:16,512 - mainlogger - INFO - Epoch 63  2.1394390165805817
2024-05-17 14:30:16,512 - mainlogger - INFO - ********************************************************************************
2024-05-17 14:30:26,780 - mainlogger - INFO - valid
2024-05-17 14:30:54,306 - mainlogger - INFO - Dice score: 0.5843
2024-05-17 14:30:54,307 - mainlogger - INFO - Accuracy: 0.8918
2024-05-17 14:30:54,307 - mainlogger - INFO - Epoch 64  2.173853799700737
2024-05-17 14:30:54,307 - mainlogger - INFO - ********************************************************************************
2024-05-17 14:31:04,717 - mainlogger - INFO - valid
2024-05-17 14:31:32,123 - mainlogger - INFO - Dice score: 0.6059
2024-05-17 14:31:32,124 - mainlogger - INFO - Accuracy: 0.9015
2024-05-17 14:31:32,124 - mainlogger - INFO - Epoch 65  2.127810299396515
2024-05-17 14:31:32,124 - mainlogger - INFO - ********************************************************************************
2024-05-17 14:31:42,408 - mainlogger - INFO - valid
2024-05-17 14:32:09,914 - mainlogger - INFO - Dice score: 0.5673
2024-05-17 14:32:09,914 - mainlogger - INFO - Accuracy: 0.8848
2024-05-17 14:32:09,915 - mainlogger - INFO - 6.141250000000001e-05->5.2200625000000005e-05
2024-05-17 14:32:09,915 - mainlogger - INFO - Epoch 66  2.166705384850502
2024-05-17 14:32:09,915 - mainlogger - INFO - ********************************************************************************
2024-05-17 14:32:20,316 - mainlogger - INFO - valid
2024-05-17 14:32:47,737 - mainlogger - INFO - Dice score: 0.5993
2024-05-17 14:32:47,737 - mainlogger - INFO - Accuracy: 0.899
2024-05-17 14:32:47,738 - mainlogger - INFO - Epoch 67  2.180058404803276
2024-05-17 14:32:47,738 - mainlogger - INFO - ********************************************************************************
2024-05-17 14:32:58,316 - mainlogger - INFO - valid
2024-05-17 14:33:25,201 - mainlogger - INFO - Dice score: 0.5979
2024-05-17 14:33:25,202 - mainlogger - INFO - Accuracy: 0.8998
2024-05-17 14:33:25,202 - mainlogger - INFO - Epoch 68  2.089924067258835
2024-05-17 14:33:25,202 - mainlogger - INFO - ********************************************************************************
2024-05-17 14:33:35,535 - mainlogger - INFO - valid
2024-05-17 14:34:03,208 - mainlogger - INFO - Dice score: 0.6053
2024-05-17 14:34:03,209 - mainlogger - INFO - Accuracy: 0.9131
2024-05-17 14:34:03,209 - mainlogger - INFO - Epoch 69  2.145503431558609
2024-05-17 14:34:03,209 - mainlogger - INFO - ********************************************************************************
2024-05-17 14:34:13,631 - mainlogger - INFO - valid
2024-05-17 14:34:40,919 - mainlogger - INFO - Dice score: 0.5905
2024-05-17 14:34:40,920 - mainlogger - INFO - Accuracy: 0.9065
2024-05-17 14:34:40,921 - mainlogger - INFO - 5.2200625000000005e-05->4.437053125e-05
2024-05-17 14:34:40,921 - mainlogger - INFO - Epoch 70  2.0757682621479034
2024-05-17 14:34:40,921 - mainlogger - INFO - ********************************************************************************
2024-05-17 14:34:51,301 - mainlogger - INFO - valid
2024-05-17 14:35:18,826 - mainlogger - INFO - Dice score: 0.5991
2024-05-17 14:35:18,826 - mainlogger - INFO - Accuracy: 0.9019
2024-05-17 14:35:18,827 - mainlogger - INFO - Epoch 71  2.1071987599134445
2024-05-17 14:35:18,827 - mainlogger - INFO - train
2024-05-17 14:35:28,481 - mainlogger - INFO - Dice score: 0.8293
2024-05-17 14:35:28,481 - mainlogger - INFO - Accuracy: 0.9528
2024-05-17 14:35:28,481 - mainlogger - INFO - test
2024-05-17 14:35:55,640 - mainlogger - INFO - Dice score: 0.5635
2024-05-17 14:35:55,640 - mainlogger - INFO - Accuracy: 0.897
2024-05-17 14:35:55,640 - mainlogger - INFO - ********************************************************************************
2024-05-17 14:36:06,204 - mainlogger - INFO - valid
2024-05-17 14:36:34,139 - mainlogger - INFO - Dice score: 0.5877
2024-05-17 14:36:34,140 - mainlogger - INFO - Accuracy: 0.8948
2024-05-17 14:36:34,140 - mainlogger - INFO - Epoch 72  2.126067951321602
2024-05-17 14:36:34,140 - mainlogger - INFO - ********************************************************************************
2024-05-17 14:36:44,695 - mainlogger - INFO - valid
2024-05-17 14:37:12,043 - mainlogger - INFO - Dice score: 0.5781
2024-05-17 14:37:12,043 - mainlogger - INFO - Accuracy: 0.9006
2024-05-17 14:37:12,043 - mainlogger - INFO - Epoch 73  2.020474001765251
2024-05-17 14:37:12,043 - mainlogger - INFO - ********************************************************************************
2024-05-17 14:37:22,511 - mainlogger - INFO - valid
2024-05-17 14:37:50,135 - mainlogger - INFO - Dice score: 0.6088
2024-05-17 14:37:50,135 - mainlogger - INFO - Accuracy: 0.9127
2024-05-17 14:37:50,135 - mainlogger - INFO - 4.437053125e-05->3.77149515625e-05
2024-05-17 14:37:50,136 - mainlogger - INFO - Epoch 74  1.9764606207609177
2024-05-17 14:37:50,136 - mainlogger - INFO - ********************************************************************************
2024-05-17 14:38:00,334 - mainlogger - INFO - valid
2024-05-17 14:38:27,946 - mainlogger - INFO - Dice score: 0.6122
2024-05-17 14:38:27,946 - mainlogger - INFO - Accuracy: 0.9054
2024-05-17 14:38:27,946 - mainlogger - INFO - Epoch 75  2.055740863084793
2024-05-17 14:38:27,946 - mainlogger - INFO - ********************************************************************************
2024-05-17 14:38:38,432 - mainlogger - INFO - valid
2024-05-17 14:39:06,010 - mainlogger - INFO - Dice score: 0.5934
2024-05-17 14:39:06,011 - mainlogger - INFO - Accuracy: 0.8953
2024-05-17 14:39:06,011 - mainlogger - INFO - Epoch 76  2.072487249970436
2024-05-17 14:39:06,011 - mainlogger - INFO - ********************************************************************************
2024-05-17 14:39:16,610 - mainlogger - INFO - valid
2024-05-17 14:39:44,221 - mainlogger - INFO - Dice score: 0.6326
2024-05-17 14:39:44,222 - mainlogger - INFO - Accuracy: 0.9195
2024-05-17 14:39:44,222 - mainlogger - INFO - Epoch 77  2.085214927792549
2024-05-17 14:39:44,222 - mainlogger - INFO - ********************************************************************************
2024-05-17 14:39:54,926 - mainlogger - INFO - valid
2024-05-17 14:40:21,577 - mainlogger - INFO - Dice score: 0.6166
2024-05-17 14:40:21,577 - mainlogger - INFO - Accuracy: 0.9128
2024-05-17 14:40:21,577 - mainlogger - INFO - Epoch 78  1.9603698402643204
2024-05-17 14:40:21,577 - mainlogger - INFO - ********************************************************************************
2024-05-17 14:40:31,326 - mainlogger - INFO - valid
2024-05-17 14:40:57,435 - mainlogger - INFO - Dice score: 0.6067
2024-05-17 14:40:57,436 - mainlogger - INFO - Accuracy: 0.9047
2024-05-17 14:40:57,436 - mainlogger - INFO - Epoch 79  1.9508008807897568
2024-05-17 14:40:57,436 - mainlogger - INFO - ********************************************************************************
2024-05-17 14:41:07,236 - mainlogger - INFO - valid
2024-05-17 14:41:33,547 - mainlogger - INFO - Dice score: 0.595
2024-05-17 14:41:33,548 - mainlogger - INFO - Accuracy: 0.8979
2024-05-17 14:41:33,549 - mainlogger - INFO - Epoch 80  1.98330657184124
2024-05-17 14:41:33,549 - mainlogger - INFO - ********************************************************************************
2024-05-17 14:41:43,601 - mainlogger - INFO - valid
2024-05-17 14:42:10,175 - mainlogger - INFO - Dice score: 0.5961
2024-05-17 14:42:10,176 - mainlogger - INFO - Accuracy: 0.9011
2024-05-17 14:42:10,176 - mainlogger - INFO - 3.77149515625e-05->3.2057708828124995e-05
2024-05-17 14:42:10,176 - mainlogger - INFO - Epoch 81  1.9951321333646774
2024-05-17 14:42:10,176 - mainlogger - INFO - train
2024-05-17 14:42:19,522 - mainlogger - INFO - Dice score: 0.8826
2024-05-17 14:42:19,523 - mainlogger - INFO - Accuracy: 0.9679
2024-05-17 14:42:19,523 - mainlogger - INFO - test
2024-05-17 14:42:45,984 - mainlogger - INFO - Dice score: 0.5886
2024-05-17 14:42:45,984 - mainlogger - INFO - Accuracy: 0.9032
2024-05-17 14:42:45,984 - mainlogger - INFO - ********************************************************************************
2024-05-17 14:42:56,286 - mainlogger - INFO - valid
2024-05-17 14:43:24,444 - mainlogger - INFO - Dice score: 0.6042
2024-05-17 14:43:24,444 - mainlogger - INFO - Accuracy: 0.9054
2024-05-17 14:43:24,444 - mainlogger - INFO - Epoch 82  2.022868499159813
2024-05-17 14:43:24,444 - mainlogger - INFO - ********************************************************************************
2024-05-17 14:43:34,835 - mainlogger - INFO - valid
2024-05-17 14:44:03,028 - mainlogger - INFO - Dice score: 0.6135
2024-05-17 14:44:03,028 - mainlogger - INFO - Accuracy: 0.9105
2024-05-17 14:44:03,028 - mainlogger - INFO - Epoch 83  1.925375610589981
2024-05-17 14:44:03,028 - mainlogger - INFO - ********************************************************************************
2024-05-17 14:44:13,822 - mainlogger - INFO - valid
2024-05-17 14:44:41,826 - mainlogger - INFO - Dice score: 0.6102
2024-05-17 14:44:41,826 - mainlogger - INFO - Accuracy: 0.9065
2024-05-17 14:44:41,826 - mainlogger - INFO - Epoch 84  1.9183442145586014
2024-05-17 14:44:41,826 - mainlogger - INFO - ********************************************************************************
2024-05-17 14:44:52,628 - mainlogger - INFO - valid
2024-05-17 14:45:20,517 - mainlogger - INFO - Dice score: 0.6239
2024-05-17 14:45:20,518 - mainlogger - INFO - Accuracy: 0.913
2024-05-17 14:45:20,518 - mainlogger - INFO - 3.2057708828124995e-05->2.7249052503906245e-05
2024-05-17 14:45:20,518 - mainlogger - INFO - Epoch 85  1.9234307706356049
2024-05-17 14:45:20,518 - mainlogger - INFO - ********************************************************************************
2024-05-17 14:45:30,814 - mainlogger - INFO - valid
2024-05-17 14:45:57,511 - mainlogger - INFO - Dice score: 0.6272
2024-05-17 14:45:57,511 - mainlogger - INFO - Accuracy: 0.9145
2024-05-17 14:45:57,511 - mainlogger - INFO - Epoch 86  1.9205880612134933
2024-05-17 14:45:57,512 - mainlogger - INFO - ********************************************************************************
2024-05-17 14:46:07,933 - mainlogger - INFO - valid
2024-05-17 14:46:34,474 - mainlogger - INFO - Dice score: 0.6034
2024-05-17 14:46:34,474 - mainlogger - INFO - Accuracy: 0.9068
2024-05-17 14:46:34,474 - mainlogger - INFO - Epoch 87  1.9268216788768768
2024-05-17 14:46:34,474 - mainlogger - INFO - ********************************************************************************
2024-05-17 14:46:44,569 - mainlogger - INFO - valid
2024-05-17 14:47:12,539 - mainlogger - INFO - Dice score: 0.6313
2024-05-17 14:47:12,539 - mainlogger - INFO - Accuracy: 0.9179
2024-05-17 14:47:12,540 - mainlogger - INFO - Epoch 88  1.8997474759817123
2024-05-17 14:47:12,540 - mainlogger - INFO - ********************************************************************************
2024-05-17 14:47:23,322 - mainlogger - INFO - valid
2024-05-17 14:47:51,099 - mainlogger - INFO - Dice score: 0.6132
2024-05-17 14:47:51,099 - mainlogger - INFO - Accuracy: 0.9097
2024-05-17 14:47:51,100 - mainlogger - INFO - 2.7249052503906245e-05->2.3161694628320308e-05
2024-05-17 14:47:51,100 - mainlogger - INFO - Epoch 89  1.9398730993270874
2024-05-17 14:47:51,100 - mainlogger - INFO - ********************************************************************************
2024-05-17 14:48:01,317 - mainlogger - INFO - valid
2024-05-17 14:48:28,335 - mainlogger - INFO - Dice score: 0.6179
2024-05-17 14:48:28,335 - mainlogger - INFO - Accuracy: 0.9104
2024-05-17 14:48:28,336 - mainlogger - INFO - Epoch 90  1.9603981971740723
2024-05-17 14:48:28,336 - mainlogger - INFO - ********************************************************************************
2024-05-17 14:48:38,511 - mainlogger - INFO - valid
2024-05-17 14:49:05,780 - mainlogger - INFO - Dice score: 0.6189
2024-05-17 14:49:05,781 - mainlogger - INFO - Accuracy: 0.9123
2024-05-17 14:49:05,781 - mainlogger - INFO - Epoch 91  1.9363872557878494
2024-05-17 14:49:05,781 - mainlogger - INFO - train
2024-05-17 14:49:15,508 - mainlogger - INFO - Dice score: 0.9107
2024-05-17 14:49:15,509 - mainlogger - INFO - Accuracy: 0.9771
2024-05-17 14:49:15,509 - mainlogger - INFO - test
2024-05-17 14:49:42,919 - mainlogger - INFO - Dice score: 0.6003
2024-05-17 14:49:42,919 - mainlogger - INFO - Accuracy: 0.9122
2024-05-17 14:49:42,919 - mainlogger - INFO - ********************************************************************************
2024-05-17 14:49:53,404 - mainlogger - INFO - valid
2024-05-17 14:50:19,792 - mainlogger - INFO - Dice score: 0.5836
2024-05-17 14:50:19,792 - mainlogger - INFO - Accuracy: 0.8938
2024-05-17 14:50:19,793 - mainlogger - INFO - Epoch 92  2.0188415497541428
2024-05-17 14:50:19,793 - mainlogger - INFO - ********************************************************************************
2024-05-17 14:50:29,599 - mainlogger - INFO - valid
2024-05-17 14:50:55,581 - mainlogger - INFO - Dice score: 0.6065
2024-05-17 14:50:55,582 - mainlogger - INFO - Accuracy: 0.9083
2024-05-17 14:50:55,582 - mainlogger - INFO - 2.3161694628320308e-05->1.9687440434072263e-05
2024-05-17 14:50:55,582 - mainlogger - INFO - Epoch 93  1.9086603671312332
2024-05-17 14:50:55,582 - mainlogger - INFO - ********************************************************************************
2024-05-17 14:51:06,111 - mainlogger - INFO - valid
2024-05-17 14:51:34,133 - mainlogger - INFO - Dice score: 0.631
2024-05-17 14:51:34,134 - mainlogger - INFO - Accuracy: 0.9188
2024-05-17 14:51:34,134 - mainlogger - INFO - Epoch 94  1.8886721283197403
2024-05-17 14:51:34,134 - mainlogger - INFO - ********************************************************************************
2024-05-17 14:51:45,131 - mainlogger - INFO - valid
2024-05-17 14:52:12,342 - mainlogger - INFO - Dice score: 0.6231
2024-05-17 14:52:12,342 - mainlogger - INFO - Accuracy: 0.9141
2024-05-17 14:52:12,343 - mainlogger - INFO - Epoch 95  1.9148979634046555
2024-05-17 14:52:12,343 - mainlogger - INFO - ********************************************************************************
2024-05-17 14:52:23,017 - mainlogger - INFO - valid
2024-05-17 14:52:49,323 - mainlogger - INFO - Dice score: 0.6142
2024-05-17 14:52:49,323 - mainlogger - INFO - Accuracy: 0.91
2024-05-17 14:52:49,323 - mainlogger - INFO - Epoch 96  1.895710527896881
2024-05-17 14:52:49,323 - mainlogger - INFO - ********************************************************************************
2024-05-17 14:52:59,314 - mainlogger - INFO - valid
2024-05-17 14:53:24,834 - mainlogger - INFO - Dice score: 0.6049
2024-05-17 14:53:24,835 - mainlogger - INFO - Accuracy: 0.9034
2024-05-17 14:53:24,835 - mainlogger - INFO - 1.9687440434072263e-05->1.673432436896142e-05
2024-05-17 14:53:24,835 - mainlogger - INFO - Epoch 97  1.925797924399376
2024-05-17 14:53:24,835 - mainlogger - INFO - ********************************************************************************
2024-05-17 14:53:35,312 - mainlogger - INFO - valid
2024-05-17 14:54:03,042 - mainlogger - INFO - Dice score: 0.6231
2024-05-17 14:54:03,042 - mainlogger - INFO - Accuracy: 0.9116
2024-05-17 14:54:03,042 - mainlogger - INFO - Epoch 98  1.894046738743782
2024-05-17 14:54:03,043 - mainlogger - INFO - ********************************************************************************
2024-05-17 14:54:13,724 - mainlogger - INFO - valid
2024-05-17 14:54:41,237 - mainlogger - INFO - Dice score: 0.6262
2024-05-17 14:54:41,237 - mainlogger - INFO - Accuracy: 0.9134
2024-05-17 14:54:41,238 - mainlogger - INFO - Epoch 99  1.8792197555303574
2024-05-17 14:54:41,238 - mainlogger - INFO - train
2024-05-17 14:54:51,086 - mainlogger - INFO - Dice score: 0.9047
2024-05-17 14:54:51,086 - mainlogger - INFO - Accuracy: 0.9753
2024-05-17 14:54:51,086 - mainlogger - INFO - test
2024-05-17 14:55:19,133 - mainlogger - INFO - Dice score: 0.6083
2024-05-17 14:55:19,133 - mainlogger - INFO - Accuracy: 0.9135
2024-05-17 14:55:19,133 - mainlogger - INFO - ********************************************************************************
2024-05-17 14:55:19,134 - mainlogger - INFO - (85, 89)
2024-05-17 14:55:19,134 - mainlogger - INFO - 0.6197897809004225
