2024-05-16 19:34:52,468 - mainlogger - INFO - 2885
2024-05-16 19:34:52,468 - mainlogger - INFO - <class '__main__.UniversegPipeline'>
2024-05-16 19:34:52,468 - mainlogger - INFO - universeg_config/init_relu2.yaml
2024-05-16 19:34:52,468 - mainlogger - INFO - {'desc': 'batch_size=8', 'batch_size': 8, 'epochs': 100, 'k': 2, 'root_dir': '/Dataset_BUSI', 'model': {'name': 'universeg_batchnorm.universeg.UniverSeg', 'args': {'channels': [64, 128, 256, 256, 512], 'in_channels': [1, 2], 'init': True, 'act': 'ReLU'}}, 'trainset': {'name': 'datasetBUSI.mask_busi_single.MaskBUSISingle', 'args': {'root_dir': '/Dataset_BUSI', 'image_names_path': 'labeled20.txt', 'mode': 'train'}}, 'testset': {'name': 'datasetBUSI.mask_busi_single.MaskBUSISingle', 'args': {'root_dir': '/Dataset_BUSI', 'image_names_path': 'test.txt', 'mode': 'test'}}, 'criterion': {'name': 'spgutils.focalloss.BinaryFocalLoss', 'args': {'gamma': 1}}, 'optimizer': {'name': 'torch.optim.Adam', 'args': {'lr': 0.0001}}, 'scheduler': {'name': 'torch.optim.lr_scheduler.StepLR', 'args': {'step_size': 1, 'gamma': 0.99}}}
2024-05-16 19:34:52,468 - mainlogger - INFO - 20.491838455200195
2024-05-16 19:35:02,998 - mainlogger - INFO - Epoch 0  3.7599799633026123
2024-05-16 19:35:02,999 - mainlogger - INFO - ********************************************************************************
2024-05-16 19:35:10,913 - mainlogger - INFO - Epoch 1  3.2421440482139587
2024-05-16 19:35:10,913 - mainlogger - INFO - train
2024-05-16 19:35:18,810 - mainlogger - INFO - Dice score: 0.3498
2024-05-16 19:35:18,810 - mainlogger - INFO - Accuracy: 0.6791
2024-05-16 19:35:18,810 - mainlogger - INFO - test
2024-05-16 19:35:32,710 - mainlogger - INFO - Dice score: 0.2908
2024-05-16 19:35:32,710 - mainlogger - INFO - Accuracy: 0.6784
2024-05-16 19:35:32,710 - mainlogger - INFO - ********************************************************************************
2024-05-16 19:35:40,719 - mainlogger - INFO - Epoch 2  3.1533178091049194
2024-05-16 19:35:40,719 - mainlogger - INFO - ********************************************************************************
2024-05-16 19:35:48,530 - mainlogger - INFO - Epoch 3  3.003157079219818
2024-05-16 19:35:48,530 - mainlogger - INFO - ********************************************************************************
2024-05-16 19:35:56,613 - mainlogger - INFO - Epoch 4  3.1348601579666138
2024-05-16 19:35:56,613 - mainlogger - INFO - ********************************************************************************
2024-05-16 19:36:04,335 - mainlogger - INFO - Epoch 5  2.93609681725502
2024-05-16 19:36:04,335 - mainlogger - INFO - ********************************************************************************
2024-05-16 19:36:12,335 - mainlogger - INFO - Epoch 6  3.025036245584488
2024-05-16 19:36:12,335 - mainlogger - INFO - ********************************************************************************
2024-05-16 19:36:20,042 - mainlogger - INFO - Epoch 7  2.912441700696945
2024-05-16 19:36:20,042 - mainlogger - INFO - ********************************************************************************
2024-05-16 19:36:28,022 - mainlogger - INFO - Epoch 8  2.9696352779865265
2024-05-16 19:36:28,022 - mainlogger - INFO - ********************************************************************************
2024-05-16 19:36:36,124 - mainlogger - INFO - Epoch 9  2.82761587202549
2024-05-16 19:36:36,124 - mainlogger - INFO - ********************************************************************************
2024-05-16 19:36:44,118 - mainlogger - INFO - Epoch 10  2.7693182229995728
2024-05-16 19:36:44,119 - mainlogger - INFO - ********************************************************************************
2024-05-16 19:36:51,821 - mainlogger - INFO - Epoch 11  2.8536607921123505
2024-05-16 19:36:51,821 - mainlogger - INFO - train
2024-05-16 19:36:59,585 - mainlogger - INFO - Dice score: 0.5177
2024-05-16 19:36:59,585 - mainlogger - INFO - Accuracy: 0.8525
2024-05-16 19:36:59,585 - mainlogger - INFO - test
2024-05-16 19:37:12,559 - mainlogger - INFO - Dice score: 0.4788
2024-05-16 19:37:12,559 - mainlogger - INFO - Accuracy: 0.8618
2024-05-16 19:37:12,559 - mainlogger - INFO - ********************************************************************************
2024-05-16 19:37:20,334 - mainlogger - INFO - Epoch 12  2.7276659160852432
2024-05-16 19:37:20,335 - mainlogger - INFO - ********************************************************************************
2024-05-16 19:37:28,515 - mainlogger - INFO - Epoch 13  2.7761434465646744
2024-05-16 19:37:28,515 - mainlogger - INFO - ********************************************************************************
2024-05-16 19:37:36,512 - mainlogger - INFO - Epoch 14  2.846683144569397
2024-05-16 19:37:36,512 - mainlogger - INFO - ********************************************************************************
2024-05-16 19:37:44,224 - mainlogger - INFO - Epoch 15  2.7575355768203735
2024-05-16 19:37:44,224 - mainlogger - INFO - ********************************************************************************
2024-05-16 19:37:51,722 - mainlogger - INFO - Epoch 16  2.7600598335266113
2024-05-16 19:37:51,722 - mainlogger - INFO - ********************************************************************************
2024-05-16 19:37:59,343 - mainlogger - INFO - Epoch 17  2.716989278793335
2024-05-16 19:37:59,343 - mainlogger - INFO - ********************************************************************************
2024-05-16 19:38:07,023 - mainlogger - INFO - Epoch 18  2.632085859775543
2024-05-16 19:38:07,023 - mainlogger - INFO - ********************************************************************************
2024-05-16 19:38:14,743 - mainlogger - INFO - Epoch 19  2.627716526389122
2024-05-16 19:38:14,744 - mainlogger - INFO - ********************************************************************************
2024-05-16 19:38:22,725 - mainlogger - INFO - Epoch 20  2.6462047547101974
2024-05-16 19:38:22,725 - mainlogger - INFO - ********************************************************************************
2024-05-16 19:38:30,869 - mainlogger - INFO - Epoch 21  2.612391844391823
2024-05-16 19:38:30,869 - mainlogger - INFO - train
2024-05-16 19:38:38,208 - mainlogger - INFO - Dice score: 0.6291
2024-05-16 19:38:38,208 - mainlogger - INFO - Accuracy: 0.8811
2024-05-16 19:38:38,208 - mainlogger - INFO - test
2024-05-16 19:38:50,572 - mainlogger - INFO - Dice score: 0.5426
2024-05-16 19:38:50,572 - mainlogger - INFO - Accuracy: 0.874
2024-05-16 19:38:50,572 - mainlogger - INFO - ********************************************************************************
2024-05-16 19:38:58,114 - mainlogger - INFO - Epoch 22  2.7101247310638428
2024-05-16 19:38:58,115 - mainlogger - INFO - ********************************************************************************
2024-05-16 19:39:06,017 - mainlogger - INFO - Epoch 23  2.5359488129615784
2024-05-16 19:39:06,017 - mainlogger - INFO - ********************************************************************************
2024-05-16 19:39:13,647 - mainlogger - INFO - Epoch 24  2.629507452249527
2024-05-16 19:39:13,648 - mainlogger - INFO - ********************************************************************************
2024-05-16 19:39:21,386 - mainlogger - INFO - Epoch 25  2.5888909995555878
2024-05-16 19:39:21,386 - mainlogger - INFO - ********************************************************************************
2024-05-16 19:39:29,236 - mainlogger - INFO - Epoch 26  2.543002963066101
2024-05-16 19:39:29,236 - mainlogger - INFO - ********************************************************************************
2024-05-16 19:39:37,033 - mainlogger - INFO - Epoch 27  2.585785448551178
2024-05-16 19:39:37,034 - mainlogger - INFO - ********************************************************************************
2024-05-16 19:39:43,925 - mainlogger - INFO - Epoch 28  2.507570296525955
2024-05-16 19:39:43,926 - mainlogger - INFO - ********************************************************************************
2024-05-16 19:39:51,125 - mainlogger - INFO - Epoch 29  2.5404854267835617
2024-05-16 19:39:51,126 - mainlogger - INFO - ********************************************************************************
2024-05-16 19:39:58,287 - mainlogger - INFO - Epoch 30  2.485719919204712
2024-05-16 19:39:58,287 - mainlogger - INFO - ********************************************************************************
2024-05-16 19:40:05,509 - mainlogger - INFO - Epoch 31  2.428381085395813
2024-05-16 19:40:05,509 - mainlogger - INFO - train
2024-05-16 19:40:12,268 - mainlogger - INFO - Dice score: 0.737
2024-05-16 19:40:12,268 - mainlogger - INFO - Accuracy: 0.9293
2024-05-16 19:40:12,268 - mainlogger - INFO - test
2024-05-16 19:40:23,641 - mainlogger - INFO - Dice score: 0.5559
2024-05-16 19:40:23,641 - mainlogger - INFO - Accuracy: 0.899
2024-05-16 19:40:23,641 - mainlogger - INFO - ********************************************************************************
2024-05-16 19:40:30,705 - mainlogger - INFO - Epoch 32  2.5695834308862686
2024-05-16 19:40:30,705 - mainlogger - INFO - ********************************************************************************
2024-05-16 19:40:37,925 - mainlogger - INFO - Epoch 33  2.4563559889793396
2024-05-16 19:40:37,925 - mainlogger - INFO - ********************************************************************************
2024-05-16 19:40:44,923 - mainlogger - INFO - Epoch 34  2.493712827563286
2024-05-16 19:40:44,923 - mainlogger - INFO - ********************************************************************************
2024-05-16 19:40:51,709 - mainlogger - INFO - Epoch 35  2.558875650167465
2024-05-16 19:40:51,710 - mainlogger - INFO - ********************************************************************************
2024-05-16 19:40:58,745 - mainlogger - INFO - Epoch 36  2.458513006567955
2024-05-16 19:40:58,745 - mainlogger - INFO - ********************************************************************************
2024-05-16 19:41:05,685 - mainlogger - INFO - Epoch 37  2.4852767884731293
2024-05-16 19:41:05,685 - mainlogger - INFO - ********************************************************************************
2024-05-16 19:41:12,813 - mainlogger - INFO - Epoch 38  2.3924503177404404
2024-05-16 19:41:12,813 - mainlogger - INFO - ********************************************************************************
2024-05-16 19:41:19,626 - mainlogger - INFO - Epoch 39  2.3507766276597977
2024-05-16 19:41:19,626 - mainlogger - INFO - ********************************************************************************
2024-05-16 19:41:26,516 - mainlogger - INFO - Epoch 40  2.344711884856224
2024-05-16 19:41:26,516 - mainlogger - INFO - ********************************************************************************
2024-05-16 19:41:33,384 - mainlogger - INFO - Epoch 41  2.4865584075450897
2024-05-16 19:41:33,385 - mainlogger - INFO - train
2024-05-16 19:41:39,992 - mainlogger - INFO - Dice score: 0.689
2024-05-16 19:41:39,992 - mainlogger - INFO - Accuracy: 0.9185
2024-05-16 19:41:39,992 - mainlogger - INFO - test
2024-05-16 19:41:51,546 - mainlogger - INFO - Dice score: 0.5474
2024-05-16 19:41:51,546 - mainlogger - INFO - Accuracy: 0.8935
2024-05-16 19:41:51,546 - mainlogger - INFO - ********************************************************************************
2024-05-16 19:41:58,640 - mainlogger - INFO - Epoch 42  2.4075344055891037
2024-05-16 19:41:58,640 - mainlogger - INFO - ********************************************************************************
2024-05-16 19:42:05,686 - mainlogger - INFO - Epoch 43  2.388635575771332
2024-05-16 19:42:05,687 - mainlogger - INFO - ********************************************************************************
2024-05-16 19:42:12,812 - mainlogger - INFO - Epoch 44  2.3497198969125748
2024-05-16 19:42:12,812 - mainlogger - INFO - ********************************************************************************
2024-05-16 19:42:20,122 - mainlogger - INFO - Epoch 45  2.389318138360977
2024-05-16 19:42:20,123 - mainlogger - INFO - ********************************************************************************
2024-05-16 19:42:27,222 - mainlogger - INFO - Epoch 46  2.321963131427765
2024-05-16 19:42:27,223 - mainlogger - INFO - ********************************************************************************
2024-05-16 19:42:34,316 - mainlogger - INFO - Epoch 47  2.452308267354965
2024-05-16 19:42:34,316 - mainlogger - INFO - ********************************************************************************
2024-05-16 19:42:41,625 - mainlogger - INFO - Epoch 48  2.3906996101140976
2024-05-16 19:42:41,625 - mainlogger - INFO - ********************************************************************************
2024-05-16 19:42:48,614 - mainlogger - INFO - Epoch 49  2.37789623439312
2024-05-16 19:42:48,615 - mainlogger - INFO - ********************************************************************************
2024-05-16 19:42:55,713 - mainlogger - INFO - Epoch 50  2.3431002646684647
2024-05-16 19:42:55,713 - mainlogger - INFO - ********************************************************************************
2024-05-16 19:43:02,438 - mainlogger - INFO - Epoch 51  2.347942128777504
2024-05-16 19:43:02,438 - mainlogger - INFO - train
2024-05-16 19:43:09,084 - mainlogger - INFO - Dice score: 0.7218
2024-05-16 19:43:09,085 - mainlogger - INFO - Accuracy: 0.9207
2024-05-16 19:43:09,085 - mainlogger - INFO - test
2024-05-16 19:43:21,180 - mainlogger - INFO - Dice score: 0.576
2024-05-16 19:43:21,181 - mainlogger - INFO - Accuracy: 0.896
2024-05-16 19:43:21,181 - mainlogger - INFO - ********************************************************************************
2024-05-16 19:43:28,922 - mainlogger - INFO - Epoch 52  2.3568354099988937
2024-05-16 19:43:28,922 - mainlogger - INFO - ********************************************************************************
2024-05-16 19:43:36,442 - mainlogger - INFO - Epoch 53  2.270868331193924
2024-05-16 19:43:36,442 - mainlogger - INFO - ********************************************************************************
2024-05-16 19:43:43,900 - mainlogger - INFO - Epoch 54  2.232664942741394
2024-05-16 19:43:43,900 - mainlogger - INFO - ********************************************************************************
2024-05-16 19:43:51,703 - mainlogger - INFO - Epoch 55  2.224801018834114
2024-05-16 19:43:51,704 - mainlogger - INFO - ********************************************************************************
2024-05-16 19:43:59,429 - mainlogger - INFO - Epoch 56  2.249205455183983
2024-05-16 19:43:59,429 - mainlogger - INFO - ********************************************************************************
2024-05-16 19:44:07,214 - mainlogger - INFO - Epoch 57  2.2680885046720505
2024-05-16 19:44:07,214 - mainlogger - INFO - ********************************************************************************
2024-05-16 19:44:15,516 - mainlogger - INFO - Epoch 58  2.2167572379112244
2024-05-16 19:44:15,516 - mainlogger - INFO - ********************************************************************************
2024-05-16 19:44:23,712 - mainlogger - INFO - Epoch 59  2.1986397057771683
2024-05-16 19:44:23,713 - mainlogger - INFO - ********************************************************************************
2024-05-16 19:44:31,418 - mainlogger - INFO - Epoch 60  2.2742217630147934
2024-05-16 19:44:31,418 - mainlogger - INFO - ********************************************************************************
2024-05-16 19:44:39,226 - mainlogger - INFO - Epoch 61  2.1974568963050842
2024-05-16 19:44:39,226 - mainlogger - INFO - train
2024-05-16 19:44:46,585 - mainlogger - INFO - Dice score: 0.7586
2024-05-16 19:44:46,585 - mainlogger - INFO - Accuracy: 0.9322
2024-05-16 19:44:46,585 - mainlogger - INFO - test
2024-05-16 19:44:59,585 - mainlogger - INFO - Dice score: 0.5633
2024-05-16 19:44:59,586 - mainlogger - INFO - Accuracy: 0.8958
2024-05-16 19:44:59,586 - mainlogger - INFO - ********************************************************************************
2024-05-16 19:45:07,316 - mainlogger - INFO - Epoch 62  2.2399573624134064
2024-05-16 19:45:07,316 - mainlogger - INFO - ********************************************************************************
2024-05-16 19:45:15,743 - mainlogger - INFO - Epoch 63  2.156847909092903
2024-05-16 19:45:15,743 - mainlogger - INFO - ********************************************************************************
2024-05-16 19:45:23,926 - mainlogger - INFO - Epoch 64  2.1376769989728928
2024-05-16 19:45:23,926 - mainlogger - INFO - ********************************************************************************
2024-05-16 19:45:31,813 - mainlogger - INFO - Epoch 65  2.138241767883301
2024-05-16 19:45:31,813 - mainlogger - INFO - ********************************************************************************
2024-05-16 19:45:39,725 - mainlogger - INFO - Epoch 66  2.1209812611341476
2024-05-16 19:45:39,725 - mainlogger - INFO - ********************************************************************************
2024-05-16 19:45:48,126 - mainlogger - INFO - Epoch 67  2.0840296149253845
2024-05-16 19:45:48,126 - mainlogger - INFO - ********************************************************************************
2024-05-16 19:45:55,941 - mainlogger - INFO - Epoch 68  2.095941051840782
2024-05-16 19:45:55,941 - mainlogger - INFO - ********************************************************************************
2024-05-16 19:46:03,524 - mainlogger - INFO - Epoch 69  2.275909870862961
2024-05-16 19:46:03,524 - mainlogger - INFO - ********************************************************************************
2024-05-16 19:46:10,834 - mainlogger - INFO - Epoch 70  2.195320963859558
2024-05-16 19:46:10,834 - mainlogger - INFO - ********************************************************************************
2024-05-16 19:46:18,305 - mainlogger - INFO - Epoch 71  2.1321061849594116
2024-05-16 19:46:18,305 - mainlogger - INFO - train
2024-05-16 19:46:25,480 - mainlogger - INFO - Dice score: 0.7962
2024-05-16 19:46:25,480 - mainlogger - INFO - Accuracy: 0.9405
2024-05-16 19:46:25,480 - mainlogger - INFO - test
2024-05-16 19:46:37,353 - mainlogger - INFO - Dice score: 0.5835
2024-05-16 19:46:37,353 - mainlogger - INFO - Accuracy: 0.8985
2024-05-16 19:46:37,353 - mainlogger - INFO - ********************************************************************************
2024-05-16 19:46:44,524 - mainlogger - INFO - Epoch 72  2.051533743739128
2024-05-16 19:46:44,525 - mainlogger - INFO - ********************************************************************************
2024-05-16 19:46:51,625 - mainlogger - INFO - Epoch 73  2.104691430926323
2024-05-16 19:46:51,625 - mainlogger - INFO - ********************************************************************************
2024-05-16 19:46:58,928 - mainlogger - INFO - Epoch 74  2.0751756876707077
2024-05-16 19:46:58,928 - mainlogger - INFO - ********************************************************************************
2024-05-16 19:47:06,523 - mainlogger - INFO - Epoch 75  2.097377896308899
2024-05-16 19:47:06,523 - mainlogger - INFO - ********************************************************************************
2024-05-16 19:47:14,118 - mainlogger - INFO - Epoch 76  2.024416923522949
2024-05-16 19:47:14,118 - mainlogger - INFO - ********************************************************************************
2024-05-16 19:47:21,526 - mainlogger - INFO - Epoch 77  2.1312619149684906
2024-05-16 19:47:21,527 - mainlogger - INFO - ********************************************************************************
2024-05-16 19:47:29,012 - mainlogger - INFO - Epoch 78  2.1169159561395645
2024-05-16 19:47:29,012 - mainlogger - INFO - ********************************************************************************
2024-05-16 19:47:36,314 - mainlogger - INFO - Epoch 79  2.0052148699760437
2024-05-16 19:47:36,314 - mainlogger - INFO - ********************************************************************************
2024-05-16 19:47:43,624 - mainlogger - INFO - Epoch 80  2.016948699951172
2024-05-16 19:47:43,624 - mainlogger - INFO - ********************************************************************************
2024-05-16 19:47:51,122 - mainlogger - INFO - Epoch 81  2.0895563066005707
2024-05-16 19:47:51,122 - mainlogger - INFO - train
2024-05-16 19:47:58,195 - mainlogger - INFO - Dice score: 0.8525
2024-05-16 19:47:58,195 - mainlogger - INFO - Accuracy: 0.9613
2024-05-16 19:47:58,195 - mainlogger - INFO - test
2024-05-16 19:48:10,173 - mainlogger - INFO - Dice score: 0.5832
2024-05-16 19:48:10,173 - mainlogger - INFO - Accuracy: 0.9025
2024-05-16 19:48:10,173 - mainlogger - INFO - ********************************************************************************
2024-05-16 19:48:17,525 - mainlogger - INFO - Epoch 82  2.071022316813469
2024-05-16 19:48:17,525 - mainlogger - INFO - ********************************************************************************
2024-05-16 19:48:25,119 - mainlogger - INFO - Epoch 83  2.0727230310440063
2024-05-16 19:48:25,120 - mainlogger - INFO - ********************************************************************************
2024-05-16 19:48:32,726 - mainlogger - INFO - Epoch 84  2.10353484749794
2024-05-16 19:48:32,726 - mainlogger - INFO - ********************************************************************************
2024-05-16 19:48:40,114 - mainlogger - INFO - Epoch 85  1.9941232055425644
2024-05-16 19:48:40,114 - mainlogger - INFO - ********************************************************************************
2024-05-16 19:48:47,824 - mainlogger - INFO - Epoch 86  2.0318952053785324
2024-05-16 19:48:47,825 - mainlogger - INFO - ********************************************************************************
2024-05-16 19:48:55,023 - mainlogger - INFO - Epoch 87  2.0548491328954697
2024-05-16 19:48:55,023 - mainlogger - INFO - ********************************************************************************
2024-05-16 19:49:02,025 - mainlogger - INFO - Epoch 88  2.0189013481140137
2024-05-16 19:49:02,025 - mainlogger - INFO - ********************************************************************************
2024-05-16 19:49:08,435 - mainlogger - INFO - Epoch 89  1.950179100036621
2024-05-16 19:49:08,435 - mainlogger - INFO - ********************************************************************************
2024-05-16 19:49:15,627 - mainlogger - INFO - Epoch 90  2.022324562072754
2024-05-16 19:49:15,628 - mainlogger - INFO - ********************************************************************************
2024-05-16 19:49:23,118 - mainlogger - INFO - Epoch 91  1.9408509880304337
2024-05-16 19:49:23,119 - mainlogger - INFO - train
2024-05-16 19:49:30,113 - mainlogger - INFO - Dice score: 0.8865
2024-05-16 19:49:30,113 - mainlogger - INFO - Accuracy: 0.9715
2024-05-16 19:49:30,113 - mainlogger - INFO - test
2024-05-16 19:49:42,088 - mainlogger - INFO - Dice score: 0.5941
2024-05-16 19:49:42,088 - mainlogger - INFO - Accuracy: 0.906
2024-05-16 19:49:42,088 - mainlogger - INFO - ********************************************************************************
2024-05-16 19:49:49,722 - mainlogger - INFO - Epoch 92  1.971317932009697
2024-05-16 19:49:49,722 - mainlogger - INFO - ********************************************************************************
2024-05-16 19:49:57,035 - mainlogger - INFO - Epoch 93  2.0291853696107864
2024-05-16 19:49:57,035 - mainlogger - INFO - ********************************************************************************
2024-05-16 19:50:04,113 - mainlogger - INFO - Epoch 94  1.9739128798246384
2024-05-16 19:50:04,113 - mainlogger - INFO - ********************************************************************************
2024-05-16 19:50:11,734 - mainlogger - INFO - Epoch 95  2.0363898277282715
2024-05-16 19:50:11,734 - mainlogger - INFO - ********************************************************************************
2024-05-16 19:50:19,126 - mainlogger - INFO - Epoch 96  1.9363481849431992
2024-05-16 19:50:19,126 - mainlogger - INFO - ********************************************************************************
2024-05-16 19:50:26,427 - mainlogger - INFO - Epoch 97  2.0600928217172623
2024-05-16 19:50:26,428 - mainlogger - INFO - ********************************************************************************
2024-05-16 19:50:34,025 - mainlogger - INFO - Epoch 98  1.9760788083076477
2024-05-16 19:50:34,025 - mainlogger - INFO - ********************************************************************************
2024-05-16 19:50:41,526 - mainlogger - INFO - Epoch 99  1.948004424571991
2024-05-16 19:50:41,526 - mainlogger - INFO - train
2024-05-16 19:50:48,783 - mainlogger - INFO - Dice score: 0.8972
2024-05-16 19:50:48,783 - mainlogger - INFO - Accuracy: 0.9741
2024-05-16 19:50:48,783 - mainlogger - INFO - test
2024-05-16 19:51:01,358 - mainlogger - INFO - Dice score: 0.6073
2024-05-16 19:51:01,358 - mainlogger - INFO - Accuracy: 0.9195
2024-05-16 19:51:01,358 - mainlogger - INFO - ********************************************************************************
