2024-05-17 14:56:45,092 - mainlogger - INFO - 17853
2024-05-17 14:56:45,093 - mainlogger - INFO - <class '__main__.UniversegPipeline'>
2024-05-17 14:56:45,093 - mainlogger - INFO - universeg_config/res_stack_se.yaml
2024-05-17 14:56:45,093 - mainlogger - INFO - {'desc': '加入se', 'batch_size': 8, 'epochs': 100, 'k': 2, 'test_k': 2, 'root_dir': '/Dataset_BUSI', 'model': {'name': 'universeg_res.universeg.UniverSeg', 'args': {'channels': [64, 128, 256, 256, 512], 'num_layers': [2, 2, 2, 2, 2], 'in_channels': [1, 2], 'init': True, 'act': 'ReLU'}}, 'trainset': {'name': 'datasetBUSI.mask_busi_single.MaskBUSISingle', 'args': {'root_dir': '/Dataset_BUSI', 'image_names_path': 'labeled20.txt', 'mode': 'train'}}, 'testset': {'name': 'datasetBUSI.mask_busi_single.MaskBUSISingle', 'args': {'root_dir': '/Dataset_BUSI', 'image_names_path': 'test.txt', 'mode': 'test'}}, 'validset': {'name': 'datasetBUSI.mask_busi_single.MaskBUSISingle', 'args': {'root_dir': '/Dataset_BUSI', 'image_names_path': 'val.txt', 'mode': 'test'}}, 'criterion': {'name': 'spgutils.focalloss.BinaryFocalLoss', 'args': {'gamma': 1}}, 'optimizer': {'name': 'torch.optim.Adam', 'args': {'lr': 0.0001}}, 'scheduler': {'name': 'torch.optim.lr_scheduler.ReduceLROnPlateau', 'args': {'mode': 'max', 'factor': 0.85, 'patience': 3}}}
2024-05-17 14:56:45,094 - mainlogger - INFO - 25.19114112854004
2024-05-17 14:56:58,927 - mainlogger - INFO - Epoch 0  3.8714328706264496
2024-05-17 14:56:58,927 - mainlogger - INFO - ********************************************************************************
2024-05-17 14:57:09,628 - mainlogger - INFO - Epoch 1  3.4670470654964447
2024-05-17 14:57:09,629 - mainlogger - INFO - train
2024-05-17 14:57:19,868 - mainlogger - INFO - Dice score: 0.3634
2024-05-17 14:57:19,869 - mainlogger - INFO - Accuracy: 0.7456
2024-05-17 14:57:19,869 - mainlogger - INFO - test
2024-05-17 14:57:38,375 - mainlogger - INFO - Dice score: 0.2787
2024-05-17 14:57:38,375 - mainlogger - INFO - Accuracy: 0.7437
2024-05-17 14:57:38,375 - mainlogger - INFO - ********************************************************************************
2024-05-17 14:57:48,741 - mainlogger - INFO - Epoch 2  3.453963816165924
2024-05-17 14:57:48,742 - mainlogger - INFO - ********************************************************************************
2024-05-17 14:57:59,288 - mainlogger - INFO - Epoch 3  3.252552092075348
2024-05-17 14:57:59,289 - mainlogger - INFO - ********************************************************************************
2024-05-17 14:58:10,147 - mainlogger - INFO - Epoch 4  3.2280551493167877
2024-05-17 14:58:10,148 - mainlogger - INFO - ********************************************************************************
2024-05-17 14:58:20,829 - mainlogger - INFO - Epoch 5  3.0145941376686096
2024-05-17 14:58:20,829 - mainlogger - INFO - ********************************************************************************
2024-05-17 14:58:31,169 - mainlogger - INFO - Epoch 6  3.043253391981125
2024-05-17 14:58:31,170 - mainlogger - INFO - ********************************************************************************
2024-05-17 14:58:41,932 - mainlogger - INFO - Epoch 7  2.9610221087932587
2024-05-17 14:58:41,932 - mainlogger - INFO - ********************************************************************************
2024-05-17 14:58:52,384 - mainlogger - INFO - Epoch 8  2.914009213447571
2024-05-17 14:58:52,384 - mainlogger - INFO - ********************************************************************************
2024-05-17 14:59:03,307 - mainlogger - INFO - Epoch 9  2.9920438826084137
2024-05-17 14:59:03,307 - mainlogger - INFO - ********************************************************************************
2024-05-17 14:59:13,912 - mainlogger - INFO - Epoch 10  2.8854226768016815
2024-05-17 14:59:13,913 - mainlogger - INFO - ********************************************************************************
2024-05-17 14:59:24,437 - mainlogger - INFO - Epoch 11  2.8981912434101105
2024-05-17 14:59:24,438 - mainlogger - INFO - train
2024-05-17 14:59:34,394 - mainlogger - INFO - Dice score: 0.5005
2024-05-17 14:59:34,395 - mainlogger - INFO - Accuracy: 0.856
2024-05-17 14:59:34,395 - mainlogger - INFO - test
2024-05-17 14:59:51,429 - mainlogger - INFO - Dice score: 0.4464
2024-05-17 14:59:51,429 - mainlogger - INFO - Accuracy: 0.8596
2024-05-17 14:59:51,429 - mainlogger - INFO - ********************************************************************************
2024-05-17 15:00:02,042 - mainlogger - INFO - Epoch 12  2.8162304908037186
2024-05-17 15:00:02,043 - mainlogger - INFO - ********************************************************************************
2024-05-17 15:00:12,487 - mainlogger - INFO - Epoch 13  2.860846161842346
2024-05-17 15:00:12,488 - mainlogger - INFO - ********************************************************************************
2024-05-17 15:00:23,394 - mainlogger - INFO - Epoch 14  2.8775205612182617
2024-05-17 15:00:23,394 - mainlogger - INFO - ********************************************************************************
2024-05-17 15:00:34,198 - mainlogger - INFO - Epoch 15  2.8307709246873856
2024-05-17 15:00:34,199 - mainlogger - INFO - ********************************************************************************
2024-05-17 15:00:44,893 - mainlogger - INFO - Epoch 16  2.783160760998726
2024-05-17 15:00:44,894 - mainlogger - INFO - ********************************************************************************
2024-05-17 15:00:55,327 - mainlogger - INFO - Epoch 17  2.8522140979766846
2024-05-17 15:00:55,327 - mainlogger - INFO - ********************************************************************************
2024-05-17 15:01:05,810 - mainlogger - INFO - Epoch 18  2.715354472398758
2024-05-17 15:01:05,811 - mainlogger - INFO - ********************************************************************************
2024-05-17 15:01:15,818 - mainlogger - INFO - Epoch 19  2.69278384745121
2024-05-17 15:01:15,819 - mainlogger - INFO - ********************************************************************************
2024-05-17 15:01:25,842 - mainlogger - INFO - Epoch 20  2.718947172164917
2024-05-17 15:01:25,843 - mainlogger - INFO - ********************************************************************************
2024-05-17 15:01:36,036 - mainlogger - INFO - Epoch 21  2.663348078727722
2024-05-17 15:01:36,036 - mainlogger - INFO - train
2024-05-17 15:01:45,840 - mainlogger - INFO - Dice score: 0.5861
2024-05-17 15:01:45,840 - mainlogger - INFO - Accuracy: 0.8753
2024-05-17 15:01:45,840 - mainlogger - INFO - test
2024-05-17 15:02:01,342 - mainlogger - INFO - Dice score: 0.5394
2024-05-17 15:02:01,342 - mainlogger - INFO - Accuracy: 0.8759
2024-05-17 15:02:01,342 - mainlogger - INFO - ********************************************************************************
2024-05-17 15:02:11,618 - mainlogger - INFO - Epoch 22  2.760214775800705
2024-05-17 15:02:11,619 - mainlogger - INFO - ********************************************************************************
2024-05-17 15:02:21,817 - mainlogger - INFO - Epoch 23  2.5839987993240356
2024-05-17 15:02:21,817 - mainlogger - INFO - ********************************************************************************
2024-05-17 15:02:32,026 - mainlogger - INFO - Epoch 24  2.688231512904167
2024-05-17 15:02:32,026 - mainlogger - INFO - ********************************************************************************
2024-05-17 15:02:42,407 - mainlogger - INFO - Epoch 25  2.652092397212982
2024-05-17 15:02:42,408 - mainlogger - INFO - ********************************************************************************
2024-05-17 15:02:52,211 - mainlogger - INFO - Epoch 26  2.553033411502838
2024-05-17 15:02:52,212 - mainlogger - INFO - ********************************************************************************
2024-05-17 15:03:02,321 - mainlogger - INFO - Epoch 27  2.6020184606313705
2024-05-17 15:03:02,322 - mainlogger - INFO - ********************************************************************************
2024-05-17 15:03:12,508 - mainlogger - INFO - Epoch 28  2.534809485077858
2024-05-17 15:03:12,509 - mainlogger - INFO - ********************************************************************************
2024-05-17 15:03:22,320 - mainlogger - INFO - Epoch 29  2.572386220097542
2024-05-17 15:03:22,321 - mainlogger - INFO - ********************************************************************************
2024-05-17 15:03:32,441 - mainlogger - INFO - Epoch 30  2.5164708346128464
2024-05-17 15:03:32,442 - mainlogger - INFO - ********************************************************************************
2024-05-17 15:03:42,632 - mainlogger - INFO - Epoch 31  2.4264678210020065
2024-05-17 15:03:42,632 - mainlogger - INFO - train
2024-05-17 15:03:52,256 - mainlogger - INFO - Dice score: 0.7388
2024-05-17 15:03:52,256 - mainlogger - INFO - Accuracy: 0.9301
2024-05-17 15:03:52,256 - mainlogger - INFO - test
2024-05-17 15:04:07,941 - mainlogger - INFO - Dice score: 0.5822
2024-05-17 15:04:07,941 - mainlogger - INFO - Accuracy: 0.9066
2024-05-17 15:04:07,941 - mainlogger - INFO - ********************************************************************************
2024-05-17 15:04:17,901 - mainlogger - INFO - Epoch 32  2.5417346209287643
2024-05-17 15:04:17,901 - mainlogger - INFO - ********************************************************************************
2024-05-17 15:04:28,033 - mainlogger - INFO - Epoch 33  2.4642122238874435
2024-05-17 15:04:28,034 - mainlogger - INFO - ********************************************************************************
2024-05-17 15:04:37,509 - mainlogger - INFO - Epoch 34  2.444984570145607
2024-05-17 15:04:37,510 - mainlogger - INFO - ********************************************************************************
2024-05-17 15:04:46,894 - mainlogger - INFO - Epoch 35  2.553616777062416
2024-05-17 15:04:46,895 - mainlogger - INFO - ********************************************************************************
2024-05-17 15:04:56,104 - mainlogger - INFO - Epoch 36  2.4869518727064133
2024-05-17 15:04:56,105 - mainlogger - INFO - ********************************************************************************
2024-05-17 15:05:05,928 - mainlogger - INFO - Epoch 37  2.515910029411316
2024-05-17 15:05:05,930 - mainlogger - INFO - ********************************************************************************
2024-05-17 15:05:15,143 - mainlogger - INFO - Epoch 38  2.3611802011728287
2024-05-17 15:05:15,143 - mainlogger - INFO - ********************************************************************************
2024-05-17 15:05:24,454 - mainlogger - INFO - Epoch 39  2.4238273054361343
2024-05-17 15:05:24,455 - mainlogger - INFO - ********************************************************************************
2024-05-17 15:05:33,840 - mainlogger - INFO - valid
2024-05-17 15:05:51,502 - mainlogger - INFO - Dice score: 0.6396
2024-05-17 15:05:51,502 - mainlogger - INFO - Accuracy: 0.92
2024-05-17 15:05:51,502 - mainlogger - INFO - Epoch 40  2.3646419942379
2024-05-17 15:05:51,502 - mainlogger - INFO - ********************************************************************************
2024-05-17 15:06:02,128 - mainlogger - INFO - valid
2024-05-17 15:06:19,030 - mainlogger - INFO - Dice score: 0.5821
2024-05-17 15:06:19,031 - mainlogger - INFO - Accuracy: 0.8936
2024-05-17 15:06:19,031 - mainlogger - INFO - Epoch 41  2.3793016225099564
2024-05-17 15:06:19,031 - mainlogger - INFO - train
2024-05-17 15:06:28,992 - mainlogger - INFO - Dice score: 0.7426
2024-05-17 15:06:28,992 - mainlogger - INFO - Accuracy: 0.934
2024-05-17 15:06:28,992 - mainlogger - INFO - test
2024-05-17 15:06:46,041 - mainlogger - INFO - Dice score: 0.5782
2024-05-17 15:06:46,041 - mainlogger - INFO - Accuracy: 0.904
2024-05-17 15:06:46,041 - mainlogger - INFO - ********************************************************************************
2024-05-17 15:06:56,496 - mainlogger - INFO - valid
2024-05-17 15:07:13,329 - mainlogger - INFO - Dice score: 0.5937
2024-05-17 15:07:13,329 - mainlogger - INFO - Accuracy: 0.9039
2024-05-17 15:07:13,329 - mainlogger - INFO - Epoch 42  2.3405955135822296
2024-05-17 15:07:13,329 - mainlogger - INFO - ********************************************************************************
2024-05-17 15:07:23,923 - mainlogger - INFO - valid
2024-05-17 15:07:40,859 - mainlogger - INFO - Dice score: 0.5173
2024-05-17 15:07:40,859 - mainlogger - INFO - Accuracy: 0.8509
2024-05-17 15:07:40,860 - mainlogger - INFO - Epoch 43  2.341627836227417
2024-05-17 15:07:40,860 - mainlogger - INFO - ********************************************************************************
2024-05-17 15:07:51,705 - mainlogger - INFO - valid
2024-05-17 15:08:08,219 - mainlogger - INFO - Dice score: 0.5311
2024-05-17 15:08:08,219 - mainlogger - INFO - Accuracy: 0.8636
2024-05-17 15:08:08,219 - mainlogger - INFO - 0.0001->8.5e-05
2024-05-17 15:08:08,219 - mainlogger - INFO - Epoch 44  2.380805268883705
2024-05-17 15:08:08,219 - mainlogger - INFO - ********************************************************************************
2024-05-17 15:08:18,707 - mainlogger - INFO - valid
2024-05-17 15:08:35,318 - mainlogger - INFO - Dice score: 0.6067
2024-05-17 15:08:35,318 - mainlogger - INFO - Accuracy: 0.9076
2024-05-17 15:08:35,319 - mainlogger - INFO - Epoch 45  2.4897581189870834
2024-05-17 15:08:35,319 - mainlogger - INFO - ********************************************************************************
2024-05-17 15:08:45,521 - mainlogger - INFO - valid
2024-05-17 15:09:01,233 - mainlogger - INFO - Dice score: 0.598
2024-05-17 15:09:01,234 - mainlogger - INFO - Accuracy: 0.9079
2024-05-17 15:09:01,234 - mainlogger - INFO - Epoch 46  2.4371045231819153
2024-05-17 15:09:01,234 - mainlogger - INFO - ********************************************************************************
2024-05-17 15:09:12,007 - mainlogger - INFO - valid
2024-05-17 15:09:28,441 - mainlogger - INFO - Dice score: 0.5014
2024-05-17 15:09:28,441 - mainlogger - INFO - Accuracy: 0.8363
2024-05-17 15:09:28,442 - mainlogger - INFO - Epoch 47  2.289217993617058
2024-05-17 15:09:28,442 - mainlogger - INFO - ********************************************************************************
2024-05-17 15:09:38,799 - mainlogger - INFO - valid
2024-05-17 15:09:55,144 - mainlogger - INFO - Dice score: 0.482
2024-05-17 15:09:55,144 - mainlogger - INFO - Accuracy: 0.8157
2024-05-17 15:09:55,145 - mainlogger - INFO - 8.5e-05->7.225000000000001e-05
2024-05-17 15:09:55,145 - mainlogger - INFO - Epoch 48  2.3140810132026672
2024-05-17 15:09:55,145 - mainlogger - INFO - ********************************************************************************
2024-05-17 15:10:05,935 - mainlogger - INFO - valid
2024-05-17 15:10:22,513 - mainlogger - INFO - Dice score: 0.5713
2024-05-17 15:10:22,513 - mainlogger - INFO - Accuracy: 0.8813
2024-05-17 15:10:22,513 - mainlogger - INFO - Epoch 49  2.3441365510225296
2024-05-17 15:10:22,513 - mainlogger - INFO - ********************************************************************************
2024-05-17 15:10:32,937 - mainlogger - INFO - valid
2024-05-17 15:10:49,711 - mainlogger - INFO - Dice score: 0.5971
2024-05-17 15:10:49,711 - mainlogger - INFO - Accuracy: 0.9
2024-05-17 15:10:49,711 - mainlogger - INFO - Epoch 50  2.293114125728607
2024-05-17 15:10:49,711 - mainlogger - INFO - ********************************************************************************
2024-05-17 15:10:59,822 - mainlogger - INFO - valid
2024-05-17 15:11:16,242 - mainlogger - INFO - Dice score: 0.5406
2024-05-17 15:11:16,243 - mainlogger - INFO - Accuracy: 0.8672
2024-05-17 15:11:16,243 - mainlogger - INFO - Epoch 51  2.213195964694023
2024-05-17 15:11:16,243 - mainlogger - INFO - train
2024-05-17 15:11:26,078 - mainlogger - INFO - Dice score: 0.7455
2024-05-17 15:11:26,079 - mainlogger - INFO - Accuracy: 0.9252
2024-05-17 15:11:26,079 - mainlogger - INFO - test
2024-05-17 15:11:43,214 - mainlogger - INFO - Dice score: 0.5571
2024-05-17 15:11:43,214 - mainlogger - INFO - Accuracy: 0.8839
2024-05-17 15:11:43,214 - mainlogger - INFO - ********************************************************************************
2024-05-17 15:11:53,832 - mainlogger - INFO - valid
2024-05-17 15:12:10,136 - mainlogger - INFO - Dice score: 0.5722
2024-05-17 15:12:10,136 - mainlogger - INFO - Accuracy: 0.8975
2024-05-17 15:12:10,137 - mainlogger - INFO - 7.225000000000001e-05->6.141250000000001e-05
2024-05-17 15:12:10,137 - mainlogger - INFO - Epoch 52  2.242094859480858
2024-05-17 15:12:10,137 - mainlogger - INFO - ********************************************************************************
2024-05-17 15:12:20,708 - mainlogger - INFO - valid
2024-05-17 15:12:36,905 - mainlogger - INFO - Dice score: 0.5837
2024-05-17 15:12:36,906 - mainlogger - INFO - Accuracy: 0.8943
2024-05-17 15:12:36,906 - mainlogger - INFO - Epoch 53  2.2843333035707474
2024-05-17 15:12:36,906 - mainlogger - INFO - ********************************************************************************
2024-05-17 15:12:47,404 - mainlogger - INFO - valid
2024-05-17 15:13:03,911 - mainlogger - INFO - Dice score: 0.5395
2024-05-17 15:13:03,912 - mainlogger - INFO - Accuracy: 0.8615
2024-05-17 15:13:03,912 - mainlogger - INFO - Epoch 54  2.2501282542943954
2024-05-17 15:13:03,912 - mainlogger - INFO - ********************************************************************************
2024-05-17 15:13:14,605 - mainlogger - INFO - valid
2024-05-17 15:13:31,418 - mainlogger - INFO - Dice score: 0.5886
2024-05-17 15:13:31,418 - mainlogger - INFO - Accuracy: 0.8969
2024-05-17 15:13:31,418 - mainlogger - INFO - Epoch 55  2.161438435316086
2024-05-17 15:13:31,419 - mainlogger - INFO - ********************************************************************************
2024-05-17 15:13:41,222 - mainlogger - INFO - valid
2024-05-17 15:13:57,055 - mainlogger - INFO - Dice score: 0.6136
2024-05-17 15:13:57,055 - mainlogger - INFO - Accuracy: 0.9074
2024-05-17 15:13:57,055 - mainlogger - INFO - 6.141250000000001e-05->5.2200625000000005e-05
2024-05-17 15:13:57,055 - mainlogger - INFO - Epoch 56  2.194725751876831
2024-05-17 15:13:57,055 - mainlogger - INFO - ********************************************************************************
2024-05-17 15:14:07,581 - mainlogger - INFO - valid
2024-05-17 15:14:24,209 - mainlogger - INFO - Dice score: 0.5855
2024-05-17 15:14:24,210 - mainlogger - INFO - Accuracy: 0.8888
2024-05-17 15:14:24,210 - mainlogger - INFO - Epoch 57  2.2012970596551895
2024-05-17 15:14:24,210 - mainlogger - INFO - ********************************************************************************
2024-05-17 15:14:34,504 - mainlogger - INFO - valid
2024-05-17 15:14:51,358 - mainlogger - INFO - Dice score: 0.5638
2024-05-17 15:14:51,358 - mainlogger - INFO - Accuracy: 0.8759
2024-05-17 15:14:51,358 - mainlogger - INFO - Epoch 58  2.2781327962875366
2024-05-17 15:14:51,358 - mainlogger - INFO - ********************************************************************************
2024-05-17 15:15:01,571 - mainlogger - INFO - valid
2024-05-17 15:15:18,410 - mainlogger - INFO - Dice score: 0.5734
2024-05-17 15:15:18,410 - mainlogger - INFO - Accuracy: 0.8848
2024-05-17 15:15:18,410 - mainlogger - INFO - Epoch 59  2.1719593703746796
2024-05-17 15:15:18,410 - mainlogger - INFO - ********************************************************************************
2024-05-17 15:15:29,217 - mainlogger - INFO - valid
2024-05-17 15:15:46,254 - mainlogger - INFO - Dice score: 0.5695
2024-05-17 15:15:46,255 - mainlogger - INFO - Accuracy: 0.883
2024-05-17 15:15:46,255 - mainlogger - INFO - 5.2200625000000005e-05->4.437053125e-05
2024-05-17 15:15:46,255 - mainlogger - INFO - Epoch 60  2.2005989402532578
2024-05-17 15:15:46,255 - mainlogger - INFO - ********************************************************************************
2024-05-17 15:15:57,336 - mainlogger - INFO - valid
2024-05-17 15:16:14,418 - mainlogger - INFO - Dice score: 0.5894
2024-05-17 15:16:14,418 - mainlogger - INFO - Accuracy: 0.8882
2024-05-17 15:16:14,419 - mainlogger - INFO - Epoch 61  2.187997490167618
2024-05-17 15:16:14,419 - mainlogger - INFO - train
2024-05-17 15:16:24,533 - mainlogger - INFO - Dice score: 0.8031
2024-05-17 15:16:24,533 - mainlogger - INFO - Accuracy: 0.9473
2024-05-17 15:16:24,533 - mainlogger - INFO - test
2024-05-17 15:16:41,733 - mainlogger - INFO - Dice score: 0.5815
2024-05-17 15:16:41,733 - mainlogger - INFO - Accuracy: 0.8918
2024-05-17 15:16:41,733 - mainlogger - INFO - ********************************************************************************
2024-05-17 15:16:52,507 - mainlogger - INFO - valid
2024-05-17 15:17:09,300 - mainlogger - INFO - Dice score: 0.5519
2024-05-17 15:17:09,300 - mainlogger - INFO - Accuracy: 0.8709
2024-05-17 15:17:09,300 - mainlogger - INFO - Epoch 62  2.1520297527313232
2024-05-17 15:17:09,301 - mainlogger - INFO - ********************************************************************************
2024-05-17 15:17:20,215 - mainlogger - INFO - valid
2024-05-17 15:17:37,241 - mainlogger - INFO - Dice score: 0.5536
2024-05-17 15:17:37,241 - mainlogger - INFO - Accuracy: 0.8782
2024-05-17 15:17:37,242 - mainlogger - INFO - Epoch 63  2.156281039118767
2024-05-17 15:17:37,242 - mainlogger - INFO - ********************************************************************************
2024-05-17 15:17:48,004 - mainlogger - INFO - valid
2024-05-17 15:18:04,957 - mainlogger - INFO - Dice score: 0.5809
2024-05-17 15:18:04,957 - mainlogger - INFO - Accuracy: 0.8905
2024-05-17 15:18:04,957 - mainlogger - INFO - 4.437053125e-05->3.77149515625e-05
2024-05-17 15:18:04,957 - mainlogger - INFO - Epoch 64  2.235990509390831
2024-05-17 15:18:04,957 - mainlogger - INFO - ********************************************************************************
2024-05-17 15:18:15,906 - mainlogger - INFO - valid
2024-05-17 15:18:33,013 - mainlogger - INFO - Dice score: 0.6093
2024-05-17 15:18:33,014 - mainlogger - INFO - Accuracy: 0.907
2024-05-17 15:18:33,014 - mainlogger - INFO - Epoch 65  2.070905014872551
2024-05-17 15:18:33,014 - mainlogger - INFO - ********************************************************************************
2024-05-17 15:18:43,793 - mainlogger - INFO - valid
2024-05-17 15:19:00,739 - mainlogger - INFO - Dice score: 0.5798
2024-05-17 15:19:00,739 - mainlogger - INFO - Accuracy: 0.8883
2024-05-17 15:19:00,740 - mainlogger - INFO - Epoch 66  2.1426073759794235
2024-05-17 15:19:00,740 - mainlogger - INFO - ********************************************************************************
2024-05-17 15:19:11,535 - mainlogger - INFO - valid
2024-05-17 15:19:28,527 - mainlogger - INFO - Dice score: 0.5741
2024-05-17 15:19:28,528 - mainlogger - INFO - Accuracy: 0.8864
2024-05-17 15:19:28,528 - mainlogger - INFO - Epoch 67  2.0354424864053726
2024-05-17 15:19:28,528 - mainlogger - INFO - ********************************************************************************
2024-05-17 15:19:39,517 - mainlogger - INFO - valid
2024-05-17 15:19:56,507 - mainlogger - INFO - Dice score: 0.5851
2024-05-17 15:19:56,508 - mainlogger - INFO - Accuracy: 0.893
2024-05-17 15:19:56,508 - mainlogger - INFO - 3.77149515625e-05->3.2057708828124995e-05
2024-05-17 15:19:56,508 - mainlogger - INFO - Epoch 68  2.1991658061742783
2024-05-17 15:19:56,508 - mainlogger - INFO - ********************************************************************************
2024-05-17 15:20:07,400 - mainlogger - INFO - valid
2024-05-17 15:20:24,707 - mainlogger - INFO - Dice score: 0.6147
2024-05-17 15:20:24,708 - mainlogger - INFO - Accuracy: 0.9124
2024-05-17 15:20:24,708 - mainlogger - INFO - Epoch 69  2.10905185341835
2024-05-17 15:20:24,708 - mainlogger - INFO - ********************************************************************************
2024-05-17 15:20:35,827 - mainlogger - INFO - valid
2024-05-17 15:20:52,924 - mainlogger - INFO - Dice score: 0.5866
2024-05-17 15:20:52,924 - mainlogger - INFO - Accuracy: 0.8955
2024-05-17 15:20:52,924 - mainlogger - INFO - Epoch 70  2.104956492781639
2024-05-17 15:20:52,924 - mainlogger - INFO - ********************************************************************************
2024-05-17 15:21:03,849 - mainlogger - INFO - valid
2024-05-17 15:21:20,917 - mainlogger - INFO - Dice score: 0.5992
2024-05-17 15:21:20,918 - mainlogger - INFO - Accuracy: 0.8986
2024-05-17 15:21:20,918 - mainlogger - INFO - Epoch 71  2.079095333814621
2024-05-17 15:21:20,918 - mainlogger - INFO - train
2024-05-17 15:21:30,893 - mainlogger - INFO - Dice score: 0.8247
2024-05-17 15:21:30,893 - mainlogger - INFO - Accuracy: 0.9493
2024-05-17 15:21:30,893 - mainlogger - INFO - test
2024-05-17 15:21:48,147 - mainlogger - INFO - Dice score: 0.5845
2024-05-17 15:21:48,147 - mainlogger - INFO - Accuracy: 0.8972
2024-05-17 15:21:48,147 - mainlogger - INFO - ********************************************************************************
2024-05-17 15:21:59,247 - mainlogger - INFO - valid
2024-05-17 15:22:16,231 - mainlogger - INFO - Dice score: 0.5846
2024-05-17 15:22:16,231 - mainlogger - INFO - Accuracy: 0.8917
2024-05-17 15:22:16,231 - mainlogger - INFO - 3.2057708828124995e-05->2.7249052503906245e-05
2024-05-17 15:22:16,231 - mainlogger - INFO - Epoch 72  2.1472327411174774
2024-05-17 15:22:16,231 - mainlogger - INFO - ********************************************************************************
2024-05-17 15:22:27,222 - mainlogger - INFO - valid
2024-05-17 15:22:44,208 - mainlogger - INFO - Dice score: 0.5878
2024-05-17 15:22:44,208 - mainlogger - INFO - Accuracy: 0.8899
2024-05-17 15:22:44,208 - mainlogger - INFO - Epoch 73  2.1108726412057877
2024-05-17 15:22:44,208 - mainlogger - INFO - ********************************************************************************
2024-05-17 15:22:55,105 - mainlogger - INFO - valid
2024-05-17 15:23:12,135 - mainlogger - INFO - Dice score: 0.58
2024-05-17 15:23:12,136 - mainlogger - INFO - Accuracy: 0.8879
2024-05-17 15:23:12,136 - mainlogger - INFO - Epoch 74  2.07671195268631
2024-05-17 15:23:12,136 - mainlogger - INFO - ********************************************************************************
2024-05-17 15:23:23,141 - mainlogger - INFO - valid
2024-05-17 15:23:40,235 - mainlogger - INFO - Dice score: 0.6071
2024-05-17 15:23:40,236 - mainlogger - INFO - Accuracy: 0.9021
2024-05-17 15:23:40,236 - mainlogger - INFO - Epoch 75  2.1128475815057755
2024-05-17 15:23:40,236 - mainlogger - INFO - ********************************************************************************
2024-05-17 15:23:51,243 - mainlogger - INFO - valid
2024-05-17 15:24:08,326 - mainlogger - INFO - Dice score: 0.6054
2024-05-17 15:24:08,327 - mainlogger - INFO - Accuracy: 0.9025
2024-05-17 15:24:08,327 - mainlogger - INFO - 2.7249052503906245e-05->2.3161694628320308e-05
2024-05-17 15:24:08,327 - mainlogger - INFO - Epoch 76  2.0567458271980286
2024-05-17 15:24:08,327 - mainlogger - INFO - ********************************************************************************
2024-05-17 15:24:19,423 - mainlogger - INFO - valid
2024-05-17 15:24:36,614 - mainlogger - INFO - Dice score: 0.6173
2024-05-17 15:24:36,614 - mainlogger - INFO - Accuracy: 0.908
2024-05-17 15:24:36,614 - mainlogger - INFO - Epoch 77  2.022121235728264
2024-05-17 15:24:36,614 - mainlogger - INFO - ********************************************************************************
2024-05-17 15:24:47,695 - mainlogger - INFO - valid
2024-05-17 15:25:04,752 - mainlogger - INFO - Dice score: 0.6185
2024-05-17 15:25:04,752 - mainlogger - INFO - Accuracy: 0.9109
2024-05-17 15:25:04,753 - mainlogger - INFO - Epoch 78  2.007198750972748
2024-05-17 15:25:04,753 - mainlogger - INFO - ********************************************************************************
2024-05-17 15:25:15,124 - mainlogger - INFO - valid
2024-05-17 15:25:31,144 - mainlogger - INFO - Dice score: 0.5965
2024-05-17 15:25:31,145 - mainlogger - INFO - Accuracy: 0.8972
2024-05-17 15:25:31,145 - mainlogger - INFO - Epoch 79  1.9921937137842178
2024-05-17 15:25:31,145 - mainlogger - INFO - ********************************************************************************
2024-05-17 15:25:41,289 - mainlogger - INFO - valid
2024-05-17 15:25:57,353 - mainlogger - INFO - Dice score: 0.593
2024-05-17 15:25:57,353 - mainlogger - INFO - Accuracy: 0.8936
2024-05-17 15:25:57,353 - mainlogger - INFO - 2.3161694628320308e-05->1.9687440434072263e-05
2024-05-17 15:25:57,353 - mainlogger - INFO - Epoch 80  2.0940955877304077
2024-05-17 15:25:57,353 - mainlogger - INFO - ********************************************************************************
2024-05-17 15:26:07,382 - mainlogger - INFO - valid
2024-05-17 15:26:23,632 - mainlogger - INFO - Dice score: 0.5851
2024-05-17 15:26:23,633 - mainlogger - INFO - Accuracy: 0.8923
2024-05-17 15:26:23,633 - mainlogger - INFO - Epoch 81  1.9813388139009476
2024-05-17 15:26:23,633 - mainlogger - INFO - train
2024-05-17 15:26:33,259 - mainlogger - INFO - Dice score: 0.8571
2024-05-17 15:26:33,260 - mainlogger - INFO - Accuracy: 0.961
2024-05-17 15:26:33,260 - mainlogger - INFO - test
2024-05-17 15:26:49,631 - mainlogger - INFO - Dice score: 0.5882
2024-05-17 15:26:49,631 - mainlogger - INFO - Accuracy: 0.8971
2024-05-17 15:26:49,632 - mainlogger - INFO - ********************************************************************************
2024-05-17 15:27:00,343 - mainlogger - INFO - valid
2024-05-17 15:27:16,348 - mainlogger - INFO - Dice score: 0.6072
2024-05-17 15:27:16,348 - mainlogger - INFO - Accuracy: 0.9036
2024-05-17 15:27:16,348 - mainlogger - INFO - Epoch 82  2.006520166993141
2024-05-17 15:27:16,348 - mainlogger - INFO - ********************************************************************************
2024-05-17 15:27:26,335 - mainlogger - INFO - valid
2024-05-17 15:27:42,319 - mainlogger - INFO - Dice score: 0.6159
2024-05-17 15:27:42,320 - mainlogger - INFO - Accuracy: 0.9071
2024-05-17 15:27:42,320 - mainlogger - INFO - Epoch 83  1.9978139400482178
2024-05-17 15:27:42,320 - mainlogger - INFO - ********************************************************************************
2024-05-17 15:27:52,423 - mainlogger - INFO - valid
2024-05-17 15:28:08,048 - mainlogger - INFO - Dice score: 0.6305
2024-05-17 15:28:08,048 - mainlogger - INFO - Accuracy: 0.9144
2024-05-17 15:28:08,048 - mainlogger - INFO - 1.9687440434072263e-05->1.673432436896142e-05
2024-05-17 15:28:08,048 - mainlogger - INFO - Epoch 84  2.030570298433304
2024-05-17 15:28:08,048 - mainlogger - INFO - ********************************************************************************
2024-05-17 15:28:18,313 - mainlogger - INFO - valid
2024-05-17 15:28:34,423 - mainlogger - INFO - Dice score: 0.6204
2024-05-17 15:28:34,423 - mainlogger - INFO - Accuracy: 0.9099
2024-05-17 15:28:34,423 - mainlogger - INFO - Epoch 85  1.9568020552396774
2024-05-17 15:28:34,423 - mainlogger - INFO - ********************************************************************************
2024-05-17 15:28:44,488 - mainlogger - INFO - valid
2024-05-17 15:28:59,931 - mainlogger - INFO - Dice score: 0.6244
2024-05-17 15:28:59,931 - mainlogger - INFO - Accuracy: 0.9122
2024-05-17 15:28:59,932 - mainlogger - INFO - Epoch 86  2.0482421219348907
2024-05-17 15:28:59,932 - mainlogger - INFO - ********************************************************************************
2024-05-17 15:29:10,746 - mainlogger - INFO - valid
2024-05-17 15:29:27,822 - mainlogger - INFO - Dice score: 0.6136
2024-05-17 15:29:27,823 - mainlogger - INFO - Accuracy: 0.9079
2024-05-17 15:29:27,823 - mainlogger - INFO - Epoch 87  2.053218752145767
2024-05-17 15:29:27,823 - mainlogger - INFO - ********************************************************************************
2024-05-17 15:29:38,984 - mainlogger - INFO - valid
2024-05-17 15:29:55,513 - mainlogger - INFO - Dice score: 0.6065
2024-05-17 15:29:55,514 - mainlogger - INFO - Accuracy: 0.9026
2024-05-17 15:29:55,514 - mainlogger - INFO - 1.673432436896142e-05->1.4224175713617208e-05
2024-05-17 15:29:55,514 - mainlogger - INFO - Epoch 88  2.0349254459142685
2024-05-17 15:29:55,514 - mainlogger - INFO - ********************************************************************************
2024-05-17 15:30:06,006 - mainlogger - INFO - valid
2024-05-17 15:30:23,429 - mainlogger - INFO - Dice score: 0.6013
2024-05-17 15:30:23,429 - mainlogger - INFO - Accuracy: 0.9018
2024-05-17 15:30:23,429 - mainlogger - INFO - Epoch 89  2.0091536939144135
2024-05-17 15:30:23,429 - mainlogger - INFO - ********************************************************************************
2024-05-17 15:30:34,079 - mainlogger - INFO - valid
2024-05-17 15:30:51,330 - mainlogger - INFO - Dice score: 0.5946
2024-05-17 15:30:51,331 - mainlogger - INFO - Accuracy: 0.8964
2024-05-17 15:30:51,331 - mainlogger - INFO - Epoch 90  1.9991639107465744
2024-05-17 15:30:51,331 - mainlogger - INFO - ********************************************************************************
2024-05-17 15:31:02,227 - mainlogger - INFO - valid
2024-05-17 15:31:19,026 - mainlogger - INFO - Dice score: 0.6045
2024-05-17 15:31:19,026 - mainlogger - INFO - Accuracy: 0.8999
2024-05-17 15:31:19,027 - mainlogger - INFO - Epoch 91  1.9978831857442856
2024-05-17 15:31:19,027 - mainlogger - INFO - train
2024-05-17 15:31:29,470 - mainlogger - INFO - Dice score: 0.8732
2024-05-17 15:31:29,470 - mainlogger - INFO - Accuracy: 0.9662
2024-05-17 15:31:29,470 - mainlogger - INFO - test
2024-05-17 15:31:46,429 - mainlogger - INFO - Dice score: 0.5898
2024-05-17 15:31:46,429 - mainlogger - INFO - Accuracy: 0.9005
2024-05-17 15:31:46,429 - mainlogger - INFO - ********************************************************************************
2024-05-17 15:31:57,698 - mainlogger - INFO - valid
2024-05-17 15:32:15,027 - mainlogger - INFO - Dice score: 0.6128
2024-05-17 15:32:15,027 - mainlogger - INFO - Accuracy: 0.9084
2024-05-17 15:32:15,028 - mainlogger - INFO - 1.4224175713617208e-05->1.2090549356574626e-05
2024-05-17 15:32:15,028 - mainlogger - INFO - Epoch 92  2.044161006808281
2024-05-17 15:32:15,028 - mainlogger - INFO - ********************************************************************************
2024-05-17 15:32:25,824 - mainlogger - INFO - valid
2024-05-17 15:32:43,159 - mainlogger - INFO - Dice score: 0.6059
2024-05-17 15:32:43,159 - mainlogger - INFO - Accuracy: 0.9045
2024-05-17 15:32:43,159 - mainlogger - INFO - Epoch 93  1.9943009614944458
2024-05-17 15:32:43,159 - mainlogger - INFO - ********************************************************************************
2024-05-17 15:32:54,307 - mainlogger - INFO - valid
2024-05-17 15:33:11,320 - mainlogger - INFO - Dice score: 0.5959
2024-05-17 15:33:11,320 - mainlogger - INFO - Accuracy: 0.8997
2024-05-17 15:33:11,320 - mainlogger - INFO - Epoch 94  2.035643622279167
2024-05-17 15:33:11,320 - mainlogger - INFO - ********************************************************************************
2024-05-17 15:33:22,621 - mainlogger - INFO - valid
2024-05-17 15:33:39,612 - mainlogger - INFO - Dice score: 0.6019
2024-05-17 15:33:39,613 - mainlogger - INFO - Accuracy: 0.9005
2024-05-17 15:33:39,613 - mainlogger - INFO - Epoch 95  1.9386029839515686
2024-05-17 15:33:39,613 - mainlogger - INFO - ********************************************************************************
2024-05-17 15:33:50,635 - mainlogger - INFO - valid
2024-05-17 15:34:07,225 - mainlogger - INFO - Dice score: 0.6027
2024-05-17 15:34:07,226 - mainlogger - INFO - Accuracy: 0.9031
2024-05-17 15:34:07,226 - mainlogger - INFO - 1.2090549356574626e-05->1.0276966953088432e-05
2024-05-17 15:34:07,226 - mainlogger - INFO - Epoch 96  1.973266288638115
2024-05-17 15:34:07,226 - mainlogger - INFO - ********************************************************************************
2024-05-17 15:34:17,831 - mainlogger - INFO - valid
2024-05-17 15:34:34,905 - mainlogger - INFO - Dice score: 0.6102
2024-05-17 15:34:34,906 - mainlogger - INFO - Accuracy: 0.9066
2024-05-17 15:34:34,906 - mainlogger - INFO - Epoch 97  1.9580194503068924
2024-05-17 15:34:34,906 - mainlogger - INFO - ********************************************************************************
2024-05-17 15:34:45,781 - mainlogger - INFO - valid
2024-05-17 15:35:03,119 - mainlogger - INFO - Dice score: 0.6041
2024-05-17 15:35:03,120 - mainlogger - INFO - Accuracy: 0.9036
2024-05-17 15:35:03,120 - mainlogger - INFO - Epoch 98  1.9902092069387436
2024-05-17 15:35:03,120 - mainlogger - INFO - ********************************************************************************
2024-05-17 15:35:14,237 - mainlogger - INFO - valid
2024-05-17 15:35:31,125 - mainlogger - INFO - Dice score: 0.5994
2024-05-17 15:35:31,126 - mainlogger - INFO - Accuracy: 0.8994
2024-05-17 15:35:31,126 - mainlogger - INFO - Epoch 99  1.999898374080658
2024-05-17 15:35:31,126 - mainlogger - INFO - train
2024-05-17 15:35:41,372 - mainlogger - INFO - Dice score: 0.8688
2024-05-17 15:35:41,372 - mainlogger - INFO - Accuracy: 0.9649
2024-05-17 15:35:41,372 - mainlogger - INFO - test
2024-05-17 15:35:58,557 - mainlogger - INFO - Dice score: 0.6038
2024-05-17 15:35:58,557 - mainlogger - INFO - Accuracy: 0.9057
2024-05-17 15:35:58,557 - mainlogger - INFO - ********************************************************************************
2024-05-17 15:35:58,558 - mainlogger - INFO - (83, 87)
2024-05-17 15:35:58,558 - mainlogger - INFO - 0.6209516227577607
