2024-05-15 16:52:49,837 - mainlogger - INFO - 1683
2024-05-15 16:52:49,837 - mainlogger - INFO - <class '__main__.Supervised'>
2024-05-15 16:52:49,837 - mainlogger - INFO - unet_config/attnunet.yaml
2024-05-15 16:52:49,837 - mainlogger - INFO - {'desc': 'attention-unet', 'batch_size': 8, 'epochs': 100, 'root_dir': '/Dataset_BUSI', 'model': {'name': 'attention_unet.attention_unet.AttentionUNet', 'args': {'channels': [32, 64, 128, 256, 512, 512]}}, 'trainset': {'name': 'datasetBUSI.mask_busi_single.MaskBUSISingle', 'args': {'root_dir': '/Dataset_BUSI', 'image_names_path': 'labeled20.txt', 'mode': 'train'}}, 'testset': {'name': 'datasetBUSI.mask_busi_single.MaskBUSISingle', 'args': {'root_dir': '/Dataset_BUSI', 'image_names_path': 'test.txt', 'mode': 'test'}}, 'validset': {'name': 'datasetBUSI.mask_busi_single.MaskBUSISingle', 'args': {'root_dir': '/Dataset_BUSI', 'image_names_path': 'val.txt', 'mode': 'test'}}, 'criterion': {'name': 'spgutils.focalloss.BinaryFocalLoss', 'args': {'gamma': 1}}, 'optimizer': {'name': 'torch.optim.Adam', 'args': {'lr': 0.0001}}, 'scheduler': {'name': 'torch.optim.lr_scheduler.ReduceLROnPlateau', 'args': {'mode': 'max', 'factor': 0.85, 'patience': 3}}}
2024-05-15 16:52:49,837 - mainlogger - INFO - 18.911561012268066
2024-05-15 16:52:54,896 - mainlogger - INFO - Epoch 0  2.9877818524837494
2024-05-15 16:52:54,896 - mainlogger - INFO - ********************************************************************************
2024-05-15 16:52:57,812 - mainlogger - INFO - Epoch 1  2.362633600831032
2024-05-15 16:52:57,812 - mainlogger - INFO - train
2024-05-15 16:53:00,899 - mainlogger - INFO - Dice score: 0.2228
2024-05-15 16:53:00,899 - mainlogger - INFO - Accuracy: 0.1367
2024-05-15 16:53:00,899 - mainlogger - INFO - test
2024-05-15 16:53:06,258 - mainlogger - INFO - Dice score: 0.184
2024-05-15 16:53:06,259 - mainlogger - INFO - Accuracy: 0.1135
2024-05-15 16:53:06,259 - mainlogger - INFO - ********************************************************************************
2024-05-15 16:53:09,108 - mainlogger - INFO - Epoch 2  2.0969416946172714
2024-05-15 16:53:09,108 - mainlogger - INFO - ********************************************************************************
2024-05-15 16:53:12,033 - mainlogger - INFO - Epoch 3  1.9014219343662262
2024-05-15 16:53:12,034 - mainlogger - INFO - ********************************************************************************
2024-05-15 16:53:14,936 - mainlogger - INFO - Epoch 4  1.8522392809391022
2024-05-15 16:53:14,936 - mainlogger - INFO - ********************************************************************************
2024-05-15 16:53:17,719 - mainlogger - INFO - Epoch 5  1.7736234068870544
2024-05-15 16:53:17,719 - mainlogger - INFO - ********************************************************************************
2024-05-15 16:53:20,525 - mainlogger - INFO - Epoch 6  1.7200189530849457
2024-05-15 16:53:20,525 - mainlogger - INFO - ********************************************************************************
2024-05-15 16:53:23,427 - mainlogger - INFO - Epoch 7  1.7450388669967651
2024-05-15 16:53:23,427 - mainlogger - INFO - ********************************************************************************
2024-05-15 16:53:26,327 - mainlogger - INFO - Epoch 8  1.60863097012043
2024-05-15 16:53:26,327 - mainlogger - INFO - ********************************************************************************
2024-05-15 16:53:29,139 - mainlogger - INFO - Epoch 9  1.544848419725895
2024-05-15 16:53:29,140 - mainlogger - INFO - ********************************************************************************
2024-05-15 16:53:32,033 - mainlogger - INFO - Epoch 10  1.4800176098942757
2024-05-15 16:53:32,033 - mainlogger - INFO - ********************************************************************************
2024-05-15 16:53:34,899 - mainlogger - INFO - Epoch 11  1.4737787395715714
2024-05-15 16:53:34,899 - mainlogger - INFO - train
2024-05-15 16:53:37,456 - mainlogger - INFO - Dice score: 0.6558
2024-05-15 16:53:37,456 - mainlogger - INFO - Accuracy: 0.9316
2024-05-15 16:53:37,456 - mainlogger - INFO - test
2024-05-15 16:53:41,937 - mainlogger - INFO - Dice score: 0.5856
2024-05-15 16:53:41,938 - mainlogger - INFO - Accuracy: 0.9294
2024-05-15 16:53:41,938 - mainlogger - INFO - ********************************************************************************
2024-05-15 16:53:44,802 - mainlogger - INFO - Epoch 12  1.4636186435818672
2024-05-15 16:53:44,803 - mainlogger - INFO - ********************************************************************************
2024-05-15 16:53:47,807 - mainlogger - INFO - Epoch 13  1.463824026286602
2024-05-15 16:53:47,808 - mainlogger - INFO - ********************************************************************************
2024-05-15 16:53:50,919 - mainlogger - INFO - Epoch 14  1.332467183470726
2024-05-15 16:53:50,920 - mainlogger - INFO - ********************************************************************************
2024-05-15 16:53:53,846 - mainlogger - INFO - Epoch 15  1.278404787182808
2024-05-15 16:53:53,846 - mainlogger - INFO - ********************************************************************************
2024-05-15 16:53:56,818 - mainlogger - INFO - Epoch 16  1.3563178330659866
2024-05-15 16:53:56,818 - mainlogger - INFO - ********************************************************************************
2024-05-15 16:53:59,714 - mainlogger - INFO - Epoch 17  1.3486443012952805
2024-05-15 16:53:59,715 - mainlogger - INFO - ********************************************************************************
2024-05-15 16:54:02,613 - mainlogger - INFO - Epoch 18  1.275789350271225
2024-05-15 16:54:02,613 - mainlogger - INFO - ********************************************************************************
2024-05-15 16:54:05,508 - mainlogger - INFO - Epoch 19  1.2120924293994904
2024-05-15 16:54:05,508 - mainlogger - INFO - ********************************************************************************
2024-05-15 16:54:08,420 - mainlogger - INFO - Epoch 20  1.2187866047024727
2024-05-15 16:54:08,420 - mainlogger - INFO - ********************************************************************************
2024-05-15 16:54:11,396 - mainlogger - INFO - Epoch 21  1.2850345373153687
2024-05-15 16:54:11,396 - mainlogger - INFO - train
2024-05-15 16:54:13,981 - mainlogger - INFO - Dice score: 0.6482
2024-05-15 16:54:13,981 - mainlogger - INFO - Accuracy: 0.9229
2024-05-15 16:54:13,981 - mainlogger - INFO - test
2024-05-15 16:54:18,541 - mainlogger - INFO - Dice score: 0.5102
2024-05-15 16:54:18,541 - mainlogger - INFO - Accuracy: 0.9022
2024-05-15 16:54:18,541 - mainlogger - INFO - ********************************************************************************
2024-05-15 16:54:21,426 - mainlogger - INFO - Epoch 22  1.2327826917171478
2024-05-15 16:54:21,426 - mainlogger - INFO - ********************************************************************************
2024-05-15 16:54:24,306 - mainlogger - INFO - Epoch 23  1.1026150286197662
2024-05-15 16:54:24,307 - mainlogger - INFO - ********************************************************************************
2024-05-15 16:54:27,212 - mainlogger - INFO - Epoch 24  1.1244955882430077
2024-05-15 16:54:27,212 - mainlogger - INFO - ********************************************************************************
2024-05-15 16:54:30,015 - mainlogger - INFO - Epoch 25  1.194189377129078
2024-05-15 16:54:30,015 - mainlogger - INFO - ********************************************************************************
2024-05-15 16:54:32,930 - mainlogger - INFO - Epoch 26  1.096820391714573
2024-05-15 16:54:32,930 - mainlogger - INFO - ********************************************************************************
2024-05-15 16:54:35,831 - mainlogger - INFO - Epoch 27  1.102380245923996
2024-05-15 16:54:35,831 - mainlogger - INFO - ********************************************************************************
2024-05-15 16:54:38,613 - mainlogger - INFO - Epoch 28  1.1890118718147278
2024-05-15 16:54:38,614 - mainlogger - INFO - ********************************************************************************
2024-05-15 16:54:41,312 - mainlogger - INFO - Epoch 29  1.1288438588380814
2024-05-15 16:54:41,312 - mainlogger - INFO - ********************************************************************************
2024-05-15 16:54:44,137 - mainlogger - INFO - Epoch 30  1.1896751746535301
2024-05-15 16:54:44,137 - mainlogger - INFO - ********************************************************************************
2024-05-15 16:54:47,007 - mainlogger - INFO - Epoch 31  1.1204567477107048
2024-05-15 16:54:47,008 - mainlogger - INFO - train
2024-05-15 16:54:49,899 - mainlogger - INFO - Dice score: 0.7266
2024-05-15 16:54:49,899 - mainlogger - INFO - Accuracy: 0.9437
2024-05-15 16:54:49,899 - mainlogger - INFO - test
2024-05-15 16:54:54,951 - mainlogger - INFO - Dice score: 0.5831
2024-05-15 16:54:54,951 - mainlogger - INFO - Accuracy: 0.9304
2024-05-15 16:54:54,951 - mainlogger - INFO - ********************************************************************************
2024-05-15 16:54:57,907 - mainlogger - INFO - Epoch 32  1.0220887809991837
2024-05-15 16:54:57,907 - mainlogger - INFO - ********************************************************************************
2024-05-15 16:55:00,804 - mainlogger - INFO - Epoch 33  1.0672533363103867
2024-05-15 16:55:00,804 - mainlogger - INFO - ********************************************************************************
2024-05-15 16:55:03,708 - mainlogger - INFO - Epoch 34  0.9474458619952202
2024-05-15 16:55:03,708 - mainlogger - INFO - ********************************************************************************
2024-05-15 16:55:06,600 - mainlogger - INFO - Epoch 35  0.9754726886749268
2024-05-15 16:55:06,601 - mainlogger - INFO - ********************************************************************************
2024-05-15 16:55:09,513 - mainlogger - INFO - Epoch 36  0.9171145856380463
2024-05-15 16:55:09,513 - mainlogger - INFO - ********************************************************************************
2024-05-15 16:55:12,402 - mainlogger - INFO - Epoch 37  0.9597430154681206
2024-05-15 16:55:12,402 - mainlogger - INFO - ********************************************************************************
2024-05-15 16:55:15,097 - mainlogger - INFO - Epoch 38  0.8534029722213745
2024-05-15 16:55:15,097 - mainlogger - INFO - ********************************************************************************
2024-05-15 16:55:17,825 - mainlogger - INFO - Epoch 39  0.8818522468209267
2024-05-15 16:55:17,826 - mainlogger - INFO - ********************************************************************************
2024-05-15 16:55:20,517 - mainlogger - INFO - valid
2024-05-15 16:55:25,069 - mainlogger - INFO - Dice score: 0.6019
2024-05-15 16:55:25,070 - mainlogger - INFO - Accuracy: 0.9149
2024-05-15 16:55:25,070 - mainlogger - INFO - Epoch 40  0.9536565616726875
2024-05-15 16:55:25,070 - mainlogger - INFO - ********************************************************************************
2024-05-15 16:55:27,912 - mainlogger - INFO - valid
2024-05-15 16:55:32,253 - mainlogger - INFO - Dice score: 0.6414
2024-05-15 16:55:32,253 - mainlogger - INFO - Accuracy: 0.9249
2024-05-15 16:55:32,254 - mainlogger - INFO - Epoch 41  0.9707884415984154
2024-05-15 16:55:32,254 - mainlogger - INFO - train
2024-05-15 16:55:34,845 - mainlogger - INFO - Dice score: 0.8303
2024-05-15 16:55:34,845 - mainlogger - INFO - Accuracy: 0.9591
2024-05-15 16:55:34,845 - mainlogger - INFO - test
2024-05-15 16:55:39,378 - mainlogger - INFO - Dice score: 0.6491
2024-05-15 16:55:39,378 - mainlogger - INFO - Accuracy: 0.9276
2024-05-15 16:55:39,378 - mainlogger - INFO - ********************************************************************************
2024-05-15 16:55:42,308 - mainlogger - INFO - valid
2024-05-15 16:55:46,824 - mainlogger - INFO - Dice score: 0.596
2024-05-15 16:55:46,824 - mainlogger - INFO - Accuracy: 0.9233
2024-05-15 16:55:46,824 - mainlogger - INFO - Epoch 42  0.8884875476360321
2024-05-15 16:55:46,824 - mainlogger - INFO - ********************************************************************************
2024-05-15 16:55:49,702 - mainlogger - INFO - valid
2024-05-15 16:55:54,774 - mainlogger - INFO - Dice score: 0.6292
2024-05-15 16:55:54,774 - mainlogger - INFO - Accuracy: 0.9187
2024-05-15 16:55:54,774 - mainlogger - INFO - Epoch 43  0.859186202287674
2024-05-15 16:55:54,774 - mainlogger - INFO - ********************************************************************************
2024-05-15 16:55:57,710 - mainlogger - INFO - valid
2024-05-15 16:56:02,625 - mainlogger - INFO - Dice score: 0.6241
2024-05-15 16:56:02,625 - mainlogger - INFO - Accuracy: 0.9247
2024-05-15 16:56:02,625 - mainlogger - INFO - Epoch 44  0.8956291973590851
2024-05-15 16:56:02,626 - mainlogger - INFO - ********************************************************************************
2024-05-15 16:56:05,518 - mainlogger - INFO - valid
2024-05-15 16:56:10,812 - mainlogger - INFO - Dice score: 0.5943
2024-05-15 16:56:10,812 - mainlogger - INFO - Accuracy: 0.9171
2024-05-15 16:56:10,812 - mainlogger - INFO - 0.0001->8.5e-05
2024-05-15 16:56:10,812 - mainlogger - INFO - Epoch 45  0.9099628031253815
2024-05-15 16:56:10,812 - mainlogger - INFO - ********************************************************************************
2024-05-15 16:56:13,732 - mainlogger - INFO - valid
2024-05-15 16:56:18,570 - mainlogger - INFO - Dice score: 0.6439
2024-05-15 16:56:18,571 - mainlogger - INFO - Accuracy: 0.9308
2024-05-15 16:56:18,571 - mainlogger - INFO - Epoch 46  0.8649503439664841
2024-05-15 16:56:18,571 - mainlogger - INFO - ********************************************************************************
2024-05-15 16:56:21,375 - mainlogger - INFO - valid
2024-05-15 16:56:25,657 - mainlogger - INFO - Dice score: 0.637
2024-05-15 16:56:25,657 - mainlogger - INFO - Accuracy: 0.9299
2024-05-15 16:56:25,658 - mainlogger - INFO - Epoch 47  0.8194633685052395
2024-05-15 16:56:25,658 - mainlogger - INFO - ********************************************************************************
2024-05-15 16:56:28,512 - mainlogger - INFO - valid
2024-05-15 16:56:32,916 - mainlogger - INFO - Dice score: 0.6487
2024-05-15 16:56:32,916 - mainlogger - INFO - Accuracy: 0.9286
2024-05-15 16:56:32,917 - mainlogger - INFO - Epoch 48  0.8560893312096596
2024-05-15 16:56:32,917 - mainlogger - INFO - ********************************************************************************
2024-05-15 16:56:35,631 - mainlogger - INFO - valid
2024-05-15 16:56:40,117 - mainlogger - INFO - Dice score: 0.5844
2024-05-15 16:56:40,118 - mainlogger - INFO - Accuracy: 0.9238
2024-05-15 16:56:40,118 - mainlogger - INFO - Epoch 49  0.8668167293071747
2024-05-15 16:56:40,118 - mainlogger - INFO - ********************************************************************************
2024-05-15 16:56:43,018 - mainlogger - INFO - valid
2024-05-15 16:56:47,620 - mainlogger - INFO - Dice score: 0.6399
2024-05-15 16:56:47,620 - mainlogger - INFO - Accuracy: 0.9306
2024-05-15 16:56:47,620 - mainlogger - INFO - Epoch 50  0.7393355667591095
2024-05-15 16:56:47,620 - mainlogger - INFO - ********************************************************************************
2024-05-15 16:56:50,508 - mainlogger - INFO - valid
2024-05-15 16:56:55,071 - mainlogger - INFO - Dice score: 0.6444
2024-05-15 16:56:55,072 - mainlogger - INFO - Accuracy: 0.9291
2024-05-15 16:56:55,072 - mainlogger - INFO - Epoch 51  0.7540147230029106
2024-05-15 16:56:55,072 - mainlogger - INFO - train
2024-05-15 16:56:58,094 - mainlogger - INFO - Dice score: 0.8316
2024-05-15 16:56:58,094 - mainlogger - INFO - Accuracy: 0.9582
2024-05-15 16:56:58,094 - mainlogger - INFO - test
2024-05-15 16:57:03,445 - mainlogger - INFO - Dice score: 0.6318
2024-05-15 16:57:03,446 - mainlogger - INFO - Accuracy: 0.9252
2024-05-15 16:57:03,446 - mainlogger - INFO - ********************************************************************************
2024-05-15 16:57:06,764 - mainlogger - INFO - valid
2024-05-15 16:57:12,133 - mainlogger - INFO - Dice score: 0.6324
2024-05-15 16:57:12,133 - mainlogger - INFO - Accuracy: 0.934
2024-05-15 16:57:12,134 - mainlogger - INFO - 8.5e-05->7.225000000000001e-05
2024-05-15 16:57:12,134 - mainlogger - INFO - Epoch 52  0.8009208776056767
2024-05-15 16:57:12,134 - mainlogger - INFO - ********************************************************************************
2024-05-15 16:57:15,319 - mainlogger - INFO - valid
2024-05-15 16:57:20,231 - mainlogger - INFO - Dice score: 0.6344
2024-05-15 16:57:20,231 - mainlogger - INFO - Accuracy: 0.9341
2024-05-15 16:57:20,231 - mainlogger - INFO - Epoch 53  0.7915887758135796
2024-05-15 16:57:20,231 - mainlogger - INFO - ********************************************************************************
2024-05-15 16:57:23,118 - mainlogger - INFO - valid
2024-05-15 16:57:27,683 - mainlogger - INFO - Dice score: 0.6235
2024-05-15 16:57:27,683 - mainlogger - INFO - Accuracy: 0.9278
2024-05-15 16:57:27,683 - mainlogger - INFO - Epoch 54  0.7288309521973133
2024-05-15 16:57:27,683 - mainlogger - INFO - ********************************************************************************
2024-05-15 16:57:30,630 - mainlogger - INFO - valid
2024-05-15 16:57:35,047 - mainlogger - INFO - Dice score: 0.6273
2024-05-15 16:57:35,047 - mainlogger - INFO - Accuracy: 0.9221
2024-05-15 16:57:35,047 - mainlogger - INFO - Epoch 55  0.7455173879861832
2024-05-15 16:57:35,047 - mainlogger - INFO - ********************************************************************************
2024-05-15 16:57:37,905 - mainlogger - INFO - valid
2024-05-15 16:57:42,171 - mainlogger - INFO - Dice score: 0.6355
2024-05-15 16:57:42,171 - mainlogger - INFO - Accuracy: 0.9297
2024-05-15 16:57:42,171 - mainlogger - INFO - 7.225000000000001e-05->6.141250000000001e-05
2024-05-15 16:57:42,171 - mainlogger - INFO - Epoch 56  0.7143204808235168
2024-05-15 16:57:42,171 - mainlogger - INFO - ********************************************************************************
2024-05-15 16:57:44,998 - mainlogger - INFO - valid
2024-05-15 16:57:49,361 - mainlogger - INFO - Dice score: 0.6352
2024-05-15 16:57:49,362 - mainlogger - INFO - Accuracy: 0.9317
2024-05-15 16:57:49,362 - mainlogger - INFO - Epoch 57  0.6589025296270847
2024-05-15 16:57:49,362 - mainlogger - INFO - ********************************************************************************
2024-05-15 16:57:52,205 - mainlogger - INFO - valid
2024-05-15 16:57:56,841 - mainlogger - INFO - Dice score: 0.6344
2024-05-15 16:57:56,841 - mainlogger - INFO - Accuracy: 0.9304
2024-05-15 16:57:56,841 - mainlogger - INFO - Epoch 58  0.6743455789983273
2024-05-15 16:57:56,842 - mainlogger - INFO - ********************************************************************************
2024-05-15 16:57:59,826 - mainlogger - INFO - valid
2024-05-15 16:58:04,944 - mainlogger - INFO - Dice score: 0.6434
2024-05-15 16:58:04,944 - mainlogger - INFO - Accuracy: 0.93
2024-05-15 16:58:04,944 - mainlogger - INFO - Epoch 59  0.6338346935808659
2024-05-15 16:58:04,944 - mainlogger - INFO - ********************************************************************************
2024-05-15 16:58:07,936 - mainlogger - INFO - valid
2024-05-15 16:58:13,369 - mainlogger - INFO - Dice score: 0.6472
2024-05-15 16:58:13,369 - mainlogger - INFO - Accuracy: 0.933
2024-05-15 16:58:13,369 - mainlogger - INFO - 6.141250000000001e-05->5.2200625000000005e-05
2024-05-15 16:58:13,369 - mainlogger - INFO - Epoch 60  0.6570775434374809
2024-05-15 16:58:13,369 - mainlogger - INFO - ********************************************************************************
2024-05-15 16:58:16,328 - mainlogger - INFO - valid
2024-05-15 16:58:21,140 - mainlogger - INFO - Dice score: 0.6225
2024-05-15 16:58:21,140 - mainlogger - INFO - Accuracy: 0.9375
2024-05-15 16:58:21,140 - mainlogger - INFO - Epoch 61  0.6334777288138866
2024-05-15 16:58:21,140 - mainlogger - INFO - train
2024-05-15 16:58:23,745 - mainlogger - INFO - Dice score: 0.8858
2024-05-15 16:58:23,746 - mainlogger - INFO - Accuracy: 0.9725
2024-05-15 16:58:23,746 - mainlogger - INFO - test
2024-05-15 16:58:28,056 - mainlogger - INFO - Dice score: 0.5777
2024-05-15 16:58:28,057 - mainlogger - INFO - Accuracy: 0.9311
2024-05-15 16:58:28,057 - mainlogger - INFO - ********************************************************************************
2024-05-15 16:58:30,695 - mainlogger - INFO - valid
2024-05-15 16:58:35,033 - mainlogger - INFO - Dice score: 0.6461
2024-05-15 16:58:35,034 - mainlogger - INFO - Accuracy: 0.9362
2024-05-15 16:58:35,034 - mainlogger - INFO - Epoch 62  0.6202482730150223
2024-05-15 16:58:35,034 - mainlogger - INFO - ********************************************************************************
2024-05-15 16:58:37,903 - mainlogger - INFO - valid
2024-05-15 16:58:42,342 - mainlogger - INFO - Dice score: 0.648
2024-05-15 16:58:42,342 - mainlogger - INFO - Accuracy: 0.9306
2024-05-15 16:58:42,343 - mainlogger - INFO - Epoch 63  0.6585416048765182
2024-05-15 16:58:42,343 - mainlogger - INFO - ********************************************************************************
2024-05-15 16:58:45,200 - mainlogger - INFO - valid
2024-05-15 16:58:49,610 - mainlogger - INFO - Dice score: 0.6302
2024-05-15 16:58:49,610 - mainlogger - INFO - Accuracy: 0.933
2024-05-15 16:58:49,610 - mainlogger - INFO - 5.2200625000000005e-05->4.437053125e-05
2024-05-15 16:58:49,610 - mainlogger - INFO - Epoch 64  0.6603358015418053
2024-05-15 16:58:49,610 - mainlogger - INFO - ********************************************************************************
2024-05-15 16:58:52,430 - mainlogger - INFO - valid
2024-05-15 16:58:57,061 - mainlogger - INFO - Dice score: 0.6298
2024-05-15 16:58:57,061 - mainlogger - INFO - Accuracy: 0.9324
2024-05-15 16:58:57,061 - mainlogger - INFO - Epoch 65  0.6519607454538345
2024-05-15 16:58:57,061 - mainlogger - INFO - ********************************************************************************
2024-05-15 16:59:00,131 - mainlogger - INFO - valid
2024-05-15 16:59:05,344 - mainlogger - INFO - Dice score: 0.6213
2024-05-15 16:59:05,344 - mainlogger - INFO - Accuracy: 0.9318
2024-05-15 16:59:05,344 - mainlogger - INFO - Epoch 66  0.7050271742045879
2024-05-15 16:59:05,344 - mainlogger - INFO - ********************************************************************************
2024-05-15 16:59:08,323 - mainlogger - INFO - valid
2024-05-15 16:59:13,520 - mainlogger - INFO - Dice score: 0.6374
2024-05-15 16:59:13,520 - mainlogger - INFO - Accuracy: 0.9322
2024-05-15 16:59:13,520 - mainlogger - INFO - Epoch 67  0.590865783393383
2024-05-15 16:59:13,520 - mainlogger - INFO - ********************************************************************************
2024-05-15 16:59:16,412 - mainlogger - INFO - valid
2024-05-15 16:59:21,673 - mainlogger - INFO - Dice score: 0.6428
2024-05-15 16:59:21,673 - mainlogger - INFO - Accuracy: 0.9352
2024-05-15 16:59:21,673 - mainlogger - INFO - 4.437053125e-05->3.77149515625e-05
2024-05-15 16:59:21,673 - mainlogger - INFO - Epoch 68  0.6118290983140469
2024-05-15 16:59:21,673 - mainlogger - INFO - ********************************************************************************
2024-05-15 16:59:24,610 - mainlogger - INFO - valid
2024-05-15 16:59:29,129 - mainlogger - INFO - Dice score: 0.6269
2024-05-15 16:59:29,130 - mainlogger - INFO - Accuracy: 0.9294
2024-05-15 16:59:29,130 - mainlogger - INFO - Epoch 69  0.5920228771865368
2024-05-15 16:59:29,130 - mainlogger - INFO - ********************************************************************************
2024-05-15 16:59:32,009 - mainlogger - INFO - valid
2024-05-15 16:59:36,280 - mainlogger - INFO - Dice score: 0.6516
2024-05-15 16:59:36,280 - mainlogger - INFO - Accuracy: 0.9352
2024-05-15 16:59:36,280 - mainlogger - INFO - Epoch 70  0.547933142632246
2024-05-15 16:59:36,280 - mainlogger - INFO - ********************************************************************************
2024-05-15 16:59:39,113 - mainlogger - INFO - valid
2024-05-15 16:59:43,503 - mainlogger - INFO - Dice score: 0.6417
2024-05-15 16:59:43,503 - mainlogger - INFO - Accuracy: 0.9381
2024-05-15 16:59:43,503 - mainlogger - INFO - Epoch 71  0.5579181797802448
2024-05-15 16:59:43,503 - mainlogger - INFO - train
2024-05-15 16:59:46,172 - mainlogger - INFO - Dice score: 0.9232
2024-05-15 16:59:46,172 - mainlogger - INFO - Accuracy: 0.9812
2024-05-15 16:59:46,172 - mainlogger - INFO - test
2024-05-15 16:59:50,610 - mainlogger - INFO - Dice score: 0.6068
2024-05-15 16:59:50,610 - mainlogger - INFO - Accuracy: 0.9336
2024-05-15 16:59:50,610 - mainlogger - INFO - ********************************************************************************
2024-05-15 16:59:53,502 - mainlogger - INFO - valid
2024-05-15 16:59:57,679 - mainlogger - INFO - Dice score: 0.628
2024-05-15 16:59:57,680 - mainlogger - INFO - Accuracy: 0.9365
2024-05-15 16:59:57,680 - mainlogger - INFO - Epoch 72  0.5271908454596996
2024-05-15 16:59:57,680 - mainlogger - INFO - ********************************************************************************
2024-05-15 17:00:00,632 - mainlogger - INFO - valid
2024-05-15 17:00:05,883 - mainlogger - INFO - Dice score: 0.6485
2024-05-15 17:00:05,883 - mainlogger - INFO - Accuracy: 0.9336
2024-05-15 17:00:05,883 - mainlogger - INFO - Epoch 73  0.563413243740797
2024-05-15 17:00:05,883 - mainlogger - INFO - ********************************************************************************
2024-05-15 17:00:08,909 - mainlogger - INFO - valid
2024-05-15 17:00:14,078 - mainlogger - INFO - Dice score: 0.6498
2024-05-15 17:00:14,079 - mainlogger - INFO - Accuracy: 0.9372
2024-05-15 17:00:14,079 - mainlogger - INFO - 3.77149515625e-05->3.2057708828124995e-05
2024-05-15 17:00:14,079 - mainlogger - INFO - Epoch 74  0.6386003643274307
2024-05-15 17:00:14,079 - mainlogger - INFO - ********************************************************************************
2024-05-15 17:00:17,110 - mainlogger - INFO - valid
2024-05-15 17:00:22,160 - mainlogger - INFO - Dice score: 0.6314
2024-05-15 17:00:22,161 - mainlogger - INFO - Accuracy: 0.9265
2024-05-15 17:00:22,161 - mainlogger - INFO - Epoch 75  0.5588172748684883
2024-05-15 17:00:22,161 - mainlogger - INFO - ********************************************************************************
2024-05-15 17:00:25,218 - mainlogger - INFO - valid
2024-05-15 17:00:29,709 - mainlogger - INFO - Dice score: 0.6377
2024-05-15 17:00:29,709 - mainlogger - INFO - Accuracy: 0.9341
2024-05-15 17:00:29,709 - mainlogger - INFO - Epoch 76  0.5342579111456871
2024-05-15 17:00:29,709 - mainlogger - INFO - ********************************************************************************
2024-05-15 17:00:32,403 - mainlogger - INFO - valid
2024-05-15 17:00:36,863 - mainlogger - INFO - Dice score: 0.6414
2024-05-15 17:00:36,863 - mainlogger - INFO - Accuracy: 0.9341
2024-05-15 17:00:36,863 - mainlogger - INFO - Epoch 77  0.591796237975359
2024-05-15 17:00:36,863 - mainlogger - INFO - ********************************************************************************
2024-05-15 17:00:39,703 - mainlogger - INFO - valid
2024-05-15 17:00:44,250 - mainlogger - INFO - Dice score: 0.6434
2024-05-15 17:00:44,251 - mainlogger - INFO - Accuracy: 0.929
2024-05-15 17:00:44,251 - mainlogger - INFO - 3.2057708828124995e-05->2.7249052503906245e-05
2024-05-15 17:00:44,251 - mainlogger - INFO - Epoch 78  0.507128406316042
2024-05-15 17:00:44,251 - mainlogger - INFO - ********************************************************************************
2024-05-15 17:00:47,009 - mainlogger - INFO - valid
2024-05-15 17:00:51,277 - mainlogger - INFO - Dice score: 0.6418
2024-05-15 17:00:51,277 - mainlogger - INFO - Accuracy: 0.933
2024-05-15 17:00:51,277 - mainlogger - INFO - Epoch 79  0.49620386958122253
2024-05-15 17:00:51,277 - mainlogger - INFO - ********************************************************************************
2024-05-15 17:00:54,120 - mainlogger - INFO - valid
2024-05-15 17:00:58,488 - mainlogger - INFO - Dice score: 0.6348
2024-05-15 17:00:58,489 - mainlogger - INFO - Accuracy: 0.9369
2024-05-15 17:00:58,489 - mainlogger - INFO - Epoch 80  0.5159292705357075
2024-05-15 17:00:58,489 - mainlogger - INFO - ********************************************************************************
2024-05-15 17:01:01,434 - mainlogger - INFO - valid
2024-05-15 17:01:06,324 - mainlogger - INFO - Dice score: 0.6289
2024-05-15 17:01:06,324 - mainlogger - INFO - Accuracy: 0.9289
2024-05-15 17:01:06,324 - mainlogger - INFO - Epoch 81  0.547052513808012
2024-05-15 17:01:06,324 - mainlogger - INFO - train
2024-05-15 17:01:09,382 - mainlogger - INFO - Dice score: 0.9172
2024-05-15 17:01:09,382 - mainlogger - INFO - Accuracy: 0.9793
2024-05-15 17:01:09,382 - mainlogger - INFO - test
2024-05-15 17:01:14,570 - mainlogger - INFO - Dice score: 0.6113
2024-05-15 17:01:14,571 - mainlogger - INFO - Accuracy: 0.9285
2024-05-15 17:01:14,571 - mainlogger - INFO - ********************************************************************************
2024-05-15 17:01:17,612 - mainlogger - INFO - valid
2024-05-15 17:01:22,870 - mainlogger - INFO - Dice score: 0.6408
2024-05-15 17:01:22,870 - mainlogger - INFO - Accuracy: 0.9314
2024-05-15 17:01:22,871 - mainlogger - INFO - 2.7249052503906245e-05->2.3161694628320308e-05
2024-05-15 17:01:22,871 - mainlogger - INFO - Epoch 82  0.4687797427177429
2024-05-15 17:01:22,871 - mainlogger - INFO - ********************************************************************************
2024-05-15 17:01:25,802 - mainlogger - INFO - valid
2024-05-15 17:01:30,315 - mainlogger - INFO - Dice score: 0.6443
2024-05-15 17:01:30,316 - mainlogger - INFO - Accuracy: 0.9327
2024-05-15 17:01:30,316 - mainlogger - INFO - Epoch 83  0.5303787291049957
2024-05-15 17:01:30,316 - mainlogger - INFO - ********************************************************************************
2024-05-15 17:01:33,204 - mainlogger - INFO - valid
2024-05-15 17:01:37,522 - mainlogger - INFO - Dice score: 0.6242
2024-05-15 17:01:37,522 - mainlogger - INFO - Accuracy: 0.9328
2024-05-15 17:01:37,523 - mainlogger - INFO - Epoch 84  0.5253315567970276
2024-05-15 17:01:37,523 - mainlogger - INFO - ********************************************************************************
2024-05-15 17:01:40,406 - mainlogger - INFO - valid
2024-05-15 17:01:44,734 - mainlogger - INFO - Dice score: 0.6339
2024-05-15 17:01:44,734 - mainlogger - INFO - Accuracy: 0.9361
2024-05-15 17:01:44,735 - mainlogger - INFO - Epoch 85  0.47164541110396385
2024-05-15 17:01:44,735 - mainlogger - INFO - ********************************************************************************
2024-05-15 17:01:47,627 - mainlogger - INFO - valid
2024-05-15 17:01:51,992 - mainlogger - INFO - Dice score: 0.6434
2024-05-15 17:01:51,992 - mainlogger - INFO - Accuracy: 0.9358
2024-05-15 17:01:51,992 - mainlogger - INFO - 2.3161694628320308e-05->1.9687440434072263e-05
2024-05-15 17:01:51,992 - mainlogger - INFO - Epoch 86  0.494397796690464
2024-05-15 17:01:51,992 - mainlogger - INFO - ********************************************************************************
2024-05-15 17:01:54,690 - mainlogger - INFO - valid
2024-05-15 17:01:59,044 - mainlogger - INFO - Dice score: 0.6393
2024-05-15 17:01:59,044 - mainlogger - INFO - Accuracy: 0.9359
2024-05-15 17:01:59,044 - mainlogger - INFO - Epoch 87  0.5041319504380226
2024-05-15 17:01:59,044 - mainlogger - INFO - ********************************************************************************
2024-05-15 17:02:01,813 - mainlogger - INFO - valid
2024-05-15 17:02:06,545 - mainlogger - INFO - Dice score: 0.6408
2024-05-15 17:02:06,545 - mainlogger - INFO - Accuracy: 0.9355
2024-05-15 17:02:06,545 - mainlogger - INFO - Epoch 88  0.4707546979188919
2024-05-15 17:02:06,545 - mainlogger - INFO - ********************************************************************************
2024-05-15 17:02:09,918 - mainlogger - INFO - valid
2024-05-15 17:02:15,216 - mainlogger - INFO - Dice score: 0.6312
2024-05-15 17:02:15,216 - mainlogger - INFO - Accuracy: 0.9379
2024-05-15 17:02:15,217 - mainlogger - INFO - Epoch 89  0.5219319947063923
2024-05-15 17:02:15,217 - mainlogger - INFO - ********************************************************************************
2024-05-15 17:02:18,125 - mainlogger - INFO - valid
2024-05-15 17:02:23,344 - mainlogger - INFO - Dice score: 0.6393
2024-05-15 17:02:23,345 - mainlogger - INFO - Accuracy: 0.9317
2024-05-15 17:02:23,345 - mainlogger - INFO - 1.9687440434072263e-05->1.673432436896142e-05
2024-05-15 17:02:23,345 - mainlogger - INFO - Epoch 90  0.4968862645328045
2024-05-15 17:02:23,345 - mainlogger - INFO - ********************************************************************************
2024-05-15 17:02:26,226 - mainlogger - INFO - valid
2024-05-15 17:02:30,962 - mainlogger - INFO - Dice score: 0.6437
2024-05-15 17:02:30,963 - mainlogger - INFO - Accuracy: 0.9356
2024-05-15 17:02:30,963 - mainlogger - INFO - Epoch 91  0.5180691070854664
2024-05-15 17:02:30,963 - mainlogger - INFO - train
2024-05-15 17:02:33,679 - mainlogger - INFO - Dice score: 0.9244
2024-05-15 17:02:33,679 - mainlogger - INFO - Accuracy: 0.9813
2024-05-15 17:02:33,679 - mainlogger - INFO - test
2024-05-15 17:02:38,066 - mainlogger - INFO - Dice score: 0.6231
2024-05-15 17:02:38,066 - mainlogger - INFO - Accuracy: 0.9333
2024-05-15 17:02:38,066 - mainlogger - INFO - ********************************************************************************
2024-05-15 17:02:40,901 - mainlogger - INFO - valid
2024-05-15 17:02:45,415 - mainlogger - INFO - Dice score: 0.6352
2024-05-15 17:02:45,415 - mainlogger - INFO - Accuracy: 0.9356
2024-05-15 17:02:45,415 - mainlogger - INFO - Epoch 92  0.4558161199092865
2024-05-15 17:02:45,415 - mainlogger - INFO - ********************************************************************************
2024-05-15 17:02:48,323 - mainlogger - INFO - valid
2024-05-15 17:02:52,672 - mainlogger - INFO - Dice score: 0.6407
2024-05-15 17:02:52,672 - mainlogger - INFO - Accuracy: 0.9364
2024-05-15 17:02:52,672 - mainlogger - INFO - Epoch 93  0.45909952744841576
2024-05-15 17:02:52,672 - mainlogger - INFO - ********************************************************************************
2024-05-15 17:02:55,543 - mainlogger - INFO - valid
2024-05-15 17:02:59,933 - mainlogger - INFO - Dice score: 0.6335
2024-05-15 17:02:59,933 - mainlogger - INFO - Accuracy: 0.9357
2024-05-15 17:02:59,933 - mainlogger - INFO - 1.673432436896142e-05->1.4224175713617208e-05
2024-05-15 17:02:59,933 - mainlogger - INFO - Epoch 94  0.5130136832594872
2024-05-15 17:02:59,933 - mainlogger - INFO - ********************************************************************************
2024-05-15 17:03:02,814 - mainlogger - INFO - valid
2024-05-15 17:03:07,651 - mainlogger - INFO - Dice score: 0.6432
2024-05-15 17:03:07,651 - mainlogger - INFO - Accuracy: 0.9371
2024-05-15 17:03:07,651 - mainlogger - INFO - Epoch 95  0.4974850304424763
2024-05-15 17:03:07,651 - mainlogger - INFO - ********************************************************************************
2024-05-15 17:03:10,602 - mainlogger - INFO - valid
2024-05-15 17:03:15,845 - mainlogger - INFO - Dice score: 0.6568
2024-05-15 17:03:15,845 - mainlogger - INFO - Accuracy: 0.936
2024-05-15 17:03:15,845 - mainlogger - INFO - Epoch 96  0.44729191437363625
2024-05-15 17:03:15,845 - mainlogger - INFO - ********************************************************************************
2024-05-15 17:03:18,911 - mainlogger - INFO - valid
2024-05-15 17:03:24,168 - mainlogger - INFO - Dice score: 0.6542
2024-05-15 17:03:24,168 - mainlogger - INFO - Accuracy: 0.9374
2024-05-15 17:03:24,168 - mainlogger - INFO - Epoch 97  0.43508922681212425
2024-05-15 17:03:24,169 - mainlogger - INFO - ********************************************************************************
2024-05-15 17:03:27,315 - mainlogger - INFO - valid
2024-05-15 17:03:32,267 - mainlogger - INFO - Dice score: 0.6427
2024-05-15 17:03:32,267 - mainlogger - INFO - Accuracy: 0.9377
2024-05-15 17:03:32,267 - mainlogger - INFO - Epoch 98  0.47298869863152504
2024-05-15 17:03:32,267 - mainlogger - INFO - ********************************************************************************
2024-05-15 17:03:35,099 - mainlogger - INFO - valid
2024-05-15 17:03:39,295 - mainlogger - INFO - Dice score: 0.643
2024-05-15 17:03:39,295 - mainlogger - INFO - Accuracy: 0.9364
2024-05-15 17:03:39,295 - mainlogger - INFO - Epoch 99  0.4469076469540596
2024-05-15 17:03:39,295 - mainlogger - INFO - train
2024-05-15 17:03:41,942 - mainlogger - INFO - Dice score: 0.9336
2024-05-15 17:03:41,942 - mainlogger - INFO - Accuracy: 0.984
2024-05-15 17:03:41,942 - mainlogger - INFO - test
2024-05-15 17:03:46,246 - mainlogger - INFO - Dice score: 0.625
2024-05-15 17:03:46,246 - mainlogger - INFO - Accuracy: 0.9352
2024-05-15 17:03:46,246 - mainlogger - INFO - ********************************************************************************
2024-05-15 17:03:46,247 - mainlogger - INFO - (95, 99)
2024-05-15 17:03:46,247 - mainlogger - INFO - 0.6479880577586073
