2024-05-15 21:27:54,733 - mainlogger - INFO - 2082
2024-05-15 21:27:54,733 - mainlogger - INFO - <class '__main__.Supervised'>
2024-05-15 21:27:54,733 - mainlogger - INFO - unet_config/skunet.yaml
2024-05-15 21:27:54,733 - mainlogger - INFO - {'desc': 'attention-unet', 'batch_size': 8, 'epochs': 100, 'root_dir': '/Dataset_BUSI', 'model': {'name': 'unet.skunet.SKUNet', 'args': {'channels': [32, 64, 128, 256, 256, 512]}}, 'trainset': {'name': 'datasetBUSI.mask_busi_single.MaskBUSISingle', 'args': {'root_dir': '/Dataset_BUSI', 'image_names_path': 'labeled20.txt', 'mode': 'train'}}, 'testset': {'name': 'datasetBUSI.mask_busi_single.MaskBUSISingle', 'args': {'root_dir': '/Dataset_BUSI', 'image_names_path': 'test.txt', 'mode': 'test'}}, 'validset': {'name': 'datasetBUSI.mask_busi_single.MaskBUSISingle', 'args': {'root_dir': '/Dataset_BUSI', 'image_names_path': 'val.txt', 'mode': 'test'}}, 'criterion': {'name': 'spgutils.focalloss.BinaryFocalLoss', 'args': {'gamma': 1}}, 'optimizer': {'name': 'torch.optim.Adam', 'args': {'lr': 0.0001}}, 'scheduler': {'name': 'torch.optim.lr_scheduler.ReduceLROnPlateau', 'args': {'mode': 'max', 'factor': 0.85, 'patience': 3}}}
2024-05-15 21:27:54,734 - mainlogger - INFO - 19.58206272125244
2024-05-15 21:28:00,401 - mainlogger - INFO - Epoch 0  2.478591665625572
2024-05-15 21:28:00,401 - mainlogger - INFO - ********************************************************************************
2024-05-15 21:28:04,390 - mainlogger - INFO - Epoch 1  2.232412874698639
2024-05-15 21:28:04,391 - mainlogger - INFO - train
2024-05-15 21:28:07,215 - mainlogger - INFO - Dice score: 3.554e-05
2024-05-15 21:28:07,215 - mainlogger - INFO - Accuracy: 0.8761
2024-05-15 21:28:07,215 - mainlogger - INFO - test
2024-05-15 21:28:12,445 - mainlogger - INFO - Dice score: 4.681e-05
2024-05-15 21:28:12,445 - mainlogger - INFO - Accuracy: 0.8997
2024-05-15 21:28:12,445 - mainlogger - INFO - ********************************************************************************
2024-05-15 21:28:16,508 - mainlogger - INFO - Epoch 2  2.0173581540584564
2024-05-15 21:28:16,509 - mainlogger - INFO - ********************************************************************************
2024-05-15 21:28:20,712 - mainlogger - INFO - Epoch 3  1.8670166432857513
2024-05-15 21:28:20,712 - mainlogger - INFO - ********************************************************************************
2024-05-15 21:28:24,992 - mainlogger - INFO - Epoch 4  1.7920079082250595
2024-05-15 21:28:24,992 - mainlogger - INFO - ********************************************************************************
2024-05-15 21:28:29,328 - mainlogger - INFO - Epoch 5  1.6763887256383896
2024-05-15 21:28:29,329 - mainlogger - INFO - ********************************************************************************
2024-05-15 21:28:33,719 - mainlogger - INFO - Epoch 6  1.6759356707334518
2024-05-15 21:28:33,719 - mainlogger - INFO - ********************************************************************************
2024-05-15 21:28:37,806 - mainlogger - INFO - Epoch 7  1.6253354847431183
2024-05-15 21:28:37,806 - mainlogger - INFO - ********************************************************************************
2024-05-15 21:28:42,215 - mainlogger - INFO - Epoch 8  1.5879031121730804
2024-05-15 21:28:42,215 - mainlogger - INFO - ********************************************************************************
2024-05-15 21:28:46,293 - mainlogger - INFO - Epoch 9  1.4716591984033585
2024-05-15 21:28:46,293 - mainlogger - INFO - ********************************************************************************
2024-05-15 21:28:50,098 - mainlogger - INFO - Epoch 10  1.3777049705386162
2024-05-15 21:28:50,099 - mainlogger - INFO - ********************************************************************************
2024-05-15 21:28:54,099 - mainlogger - INFO - Epoch 11  1.3645676299929619
2024-05-15 21:28:54,099 - mainlogger - INFO - train
2024-05-15 21:28:56,906 - mainlogger - INFO - Dice score: 0.6784
2024-05-15 21:28:56,906 - mainlogger - INFO - Accuracy: 0.9144
2024-05-15 21:28:56,906 - mainlogger - INFO - test
2024-05-15 21:29:01,720 - mainlogger - INFO - Dice score: 0.5695
2024-05-15 21:29:01,720 - mainlogger - INFO - Accuracy: 0.894
2024-05-15 21:29:01,720 - mainlogger - INFO - ********************************************************************************
2024-05-15 21:29:05,697 - mainlogger - INFO - Epoch 12  1.315983958542347
2024-05-15 21:29:05,698 - mainlogger - INFO - ********************************************************************************
2024-05-15 21:29:09,580 - mainlogger - INFO - Epoch 13  1.2571343332529068
2024-05-15 21:29:09,581 - mainlogger - INFO - ********************************************************************************
2024-05-15 21:29:13,419 - mainlogger - INFO - Epoch 14  1.1995879858732224
2024-05-15 21:29:13,420 - mainlogger - INFO - ********************************************************************************
2024-05-15 21:29:17,303 - mainlogger - INFO - Epoch 15  1.1934189796447754
2024-05-15 21:29:17,304 - mainlogger - INFO - ********************************************************************************
2024-05-15 21:29:21,113 - mainlogger - INFO - Epoch 16  1.2917389944195747
2024-05-15 21:29:21,114 - mainlogger - INFO - ********************************************************************************
2024-05-15 21:29:25,414 - mainlogger - INFO - Epoch 17  1.2728414684534073
2024-05-15 21:29:25,414 - mainlogger - INFO - ********************************************************************************
2024-05-15 21:29:29,607 - mainlogger - INFO - Epoch 18  1.1404215916991234
2024-05-15 21:29:29,607 - mainlogger - INFO - ********************************************************************************
2024-05-15 21:29:33,992 - mainlogger - INFO - Epoch 19  1.0822876319289207
2024-05-15 21:29:33,993 - mainlogger - INFO - ********************************************************************************
2024-05-15 21:29:38,206 - mainlogger - INFO - Epoch 20  1.1351015195250511
2024-05-15 21:29:38,206 - mainlogger - INFO - ********************************************************************************
2024-05-15 21:29:42,507 - mainlogger - INFO - Epoch 21  1.158311866223812
2024-05-15 21:29:42,508 - mainlogger - INFO - train
2024-05-15 21:29:45,737 - mainlogger - INFO - Dice score: 0.5664
2024-05-15 21:29:45,737 - mainlogger - INFO - Accuracy: 0.8908
2024-05-15 21:29:45,737 - mainlogger - INFO - test
2024-05-15 21:29:50,599 - mainlogger - INFO - Dice score: 0.4754
2024-05-15 21:29:50,600 - mainlogger - INFO - Accuracy: 0.8869
2024-05-15 21:29:50,600 - mainlogger - INFO - ********************************************************************************
2024-05-15 21:29:54,583 - mainlogger - INFO - Epoch 22  1.1946889460086823
2024-05-15 21:29:54,583 - mainlogger - INFO - ********************************************************************************
2024-05-15 21:29:58,324 - mainlogger - INFO - Epoch 23  1.0829169675707817
2024-05-15 21:29:58,325 - mainlogger - INFO - ********************************************************************************
2024-05-15 21:30:02,206 - mainlogger - INFO - Epoch 24  1.0696127265691757
2024-05-15 21:30:02,207 - mainlogger - INFO - ********************************************************************************
2024-05-15 21:30:06,102 - mainlogger - INFO - Epoch 25  1.1249295696616173
2024-05-15 21:30:06,102 - mainlogger - INFO - ********************************************************************************
2024-05-15 21:30:10,095 - mainlogger - INFO - Epoch 26  1.0100202411413193
2024-05-15 21:30:10,095 - mainlogger - INFO - ********************************************************************************
2024-05-15 21:30:14,096 - mainlogger - INFO - Epoch 27  0.987228587269783
2024-05-15 21:30:14,096 - mainlogger - INFO - ********************************************************************************
2024-05-15 21:30:18,005 - mainlogger - INFO - Epoch 28  0.984693706035614
2024-05-15 21:30:18,006 - mainlogger - INFO - ********************************************************************************
2024-05-15 21:30:21,789 - mainlogger - INFO - Epoch 29  0.9357312023639679
2024-05-15 21:30:21,789 - mainlogger - INFO - ********************************************************************************
2024-05-15 21:30:25,684 - mainlogger - INFO - Epoch 30  0.9913724288344383
2024-05-15 21:30:25,685 - mainlogger - INFO - ********************************************************************************
2024-05-15 21:30:29,897 - mainlogger - INFO - Epoch 31  0.9650825262069702
2024-05-15 21:30:29,898 - mainlogger - INFO - train
2024-05-15 21:30:33,121 - mainlogger - INFO - Dice score: 0.8199
2024-05-15 21:30:33,121 - mainlogger - INFO - Accuracy: 0.9606
2024-05-15 21:30:33,121 - mainlogger - INFO - test
2024-05-15 21:30:38,559 - mainlogger - INFO - Dice score: 0.6174
2024-05-15 21:30:38,559 - mainlogger - INFO - Accuracy: 0.9282
2024-05-15 21:30:38,559 - mainlogger - INFO - ********************************************************************************
2024-05-15 21:30:42,794 - mainlogger - INFO - Epoch 32  0.8630428910255432
2024-05-15 21:30:42,794 - mainlogger - INFO - ********************************************************************************
2024-05-15 21:30:47,106 - mainlogger - INFO - Epoch 33  0.9230965152382851
2024-05-15 21:30:47,106 - mainlogger - INFO - ********************************************************************************
2024-05-15 21:30:51,217 - mainlogger - INFO - Epoch 34  0.8321724161505699
2024-05-15 21:30:51,217 - mainlogger - INFO - ********************************************************************************
2024-05-15 21:30:55,301 - mainlogger - INFO - Epoch 35  0.8174117654561996
2024-05-15 21:30:55,301 - mainlogger - INFO - ********************************************************************************
2024-05-15 21:30:59,195 - mainlogger - INFO - Epoch 36  0.806048683822155
2024-05-15 21:30:59,196 - mainlogger - INFO - ********************************************************************************
2024-05-15 21:31:03,098 - mainlogger - INFO - Epoch 37  0.8176592960953712
2024-05-15 21:31:03,098 - mainlogger - INFO - ********************************************************************************
2024-05-15 21:31:07,115 - mainlogger - INFO - Epoch 38  0.7602177374064922
2024-05-15 21:31:07,116 - mainlogger - INFO - ********************************************************************************
2024-05-15 21:31:10,907 - mainlogger - INFO - Epoch 39  0.7771341577172279
2024-05-15 21:31:10,907 - mainlogger - INFO - ********************************************************************************
2024-05-15 21:31:14,809 - mainlogger - INFO - valid
2024-05-15 21:31:19,906 - mainlogger - INFO - Dice score: 0.6049
2024-05-15 21:31:19,906 - mainlogger - INFO - Accuracy: 0.9149
2024-05-15 21:31:19,906 - mainlogger - INFO - Epoch 40  0.853591687977314
2024-05-15 21:31:19,906 - mainlogger - INFO - ********************************************************************************
2024-05-15 21:31:23,895 - mainlogger - INFO - valid
2024-05-15 21:31:29,098 - mainlogger - INFO - Dice score: 0.6161
2024-05-15 21:31:29,099 - mainlogger - INFO - Accuracy: 0.9239
2024-05-15 21:31:29,099 - mainlogger - INFO - Epoch 41  0.7997327819466591
2024-05-15 21:31:29,099 - mainlogger - INFO - train
2024-05-15 21:31:32,229 - mainlogger - INFO - Dice score: 0.8255
2024-05-15 21:31:32,229 - mainlogger - INFO - Accuracy: 0.9613
2024-05-15 21:31:32,229 - mainlogger - INFO - test
2024-05-15 21:31:37,733 - mainlogger - INFO - Dice score: 0.602
2024-05-15 21:31:37,733 - mainlogger - INFO - Accuracy: 0.9256
2024-05-15 21:31:37,733 - mainlogger - INFO - ********************************************************************************
2024-05-15 21:31:42,109 - mainlogger - INFO - valid
2024-05-15 21:31:47,462 - mainlogger - INFO - Dice score: 0.5931
2024-05-15 21:31:47,463 - mainlogger - INFO - Accuracy: 0.9333
2024-05-15 21:31:47,463 - mainlogger - INFO - Epoch 42  0.7413704805076122
2024-05-15 21:31:47,463 - mainlogger - INFO - ********************************************************************************
2024-05-15 21:31:51,504 - mainlogger - INFO - valid
2024-05-15 21:31:56,547 - mainlogger - INFO - Dice score: 0.5859
2024-05-15 21:31:56,548 - mainlogger - INFO - Accuracy: 0.9066
2024-05-15 21:31:56,548 - mainlogger - INFO - Epoch 43  0.7223503291606903
2024-05-15 21:31:56,548 - mainlogger - INFO - ********************************************************************************
2024-05-15 21:32:00,501 - mainlogger - INFO - valid
2024-05-15 21:32:05,308 - mainlogger - INFO - Dice score: 0.5079
2024-05-15 21:32:05,308 - mainlogger - INFO - Accuracy: 0.8538
2024-05-15 21:32:05,308 - mainlogger - INFO - Epoch 44  0.8176108039915562
2024-05-15 21:32:05,308 - mainlogger - INFO - ********************************************************************************
2024-05-15 21:32:09,298 - mainlogger - INFO - valid
2024-05-15 21:32:14,108 - mainlogger - INFO - Dice score: 0.5939
2024-05-15 21:32:14,109 - mainlogger - INFO - Accuracy: 0.9258
2024-05-15 21:32:14,109 - mainlogger - INFO - 0.0001->8.5e-05
2024-05-15 21:32:14,109 - mainlogger - INFO - Epoch 45  0.8508472070097923
2024-05-15 21:32:14,109 - mainlogger - INFO - ********************************************************************************
2024-05-15 21:32:18,112 - mainlogger - INFO - valid
2024-05-15 21:32:23,114 - mainlogger - INFO - Dice score: 0.6089
2024-05-15 21:32:23,114 - mainlogger - INFO - Accuracy: 0.9184
2024-05-15 21:32:23,114 - mainlogger - INFO - Epoch 46  0.8346455544233322
2024-05-15 21:32:23,114 - mainlogger - INFO - ********************************************************************************
2024-05-15 21:32:27,283 - mainlogger - INFO - valid
2024-05-15 21:32:32,532 - mainlogger - INFO - Dice score: 0.6396
2024-05-15 21:32:32,532 - mainlogger - INFO - Accuracy: 0.9213
2024-05-15 21:32:32,532 - mainlogger - INFO - Epoch 47  0.7307615764439106
2024-05-15 21:32:32,532 - mainlogger - INFO - ********************************************************************************
2024-05-15 21:32:36,916 - mainlogger - INFO - valid
2024-05-15 21:32:42,576 - mainlogger - INFO - Dice score: 0.6553
2024-05-15 21:32:42,577 - mainlogger - INFO - Accuracy: 0.9269
2024-05-15 21:32:42,577 - mainlogger - INFO - Epoch 48  0.7183694206178188
2024-05-15 21:32:42,577 - mainlogger - INFO - ********************************************************************************
2024-05-15 21:32:47,026 - mainlogger - INFO - valid
2024-05-15 21:32:52,447 - mainlogger - INFO - Dice score: 0.6203
2024-05-15 21:32:52,448 - mainlogger - INFO - Accuracy: 0.9174
2024-05-15 21:32:52,448 - mainlogger - INFO - Epoch 49  0.759434174746275
2024-05-15 21:32:52,448 - mainlogger - INFO - ********************************************************************************
2024-05-15 21:32:56,599 - mainlogger - INFO - valid
2024-05-15 21:33:01,404 - mainlogger - INFO - Dice score: 0.6035
2024-05-15 21:33:01,404 - mainlogger - INFO - Accuracy: 0.9016
2024-05-15 21:33:01,405 - mainlogger - INFO - Epoch 50  0.6930249743163586
2024-05-15 21:33:01,405 - mainlogger - INFO - ********************************************************************************
2024-05-15 21:33:05,395 - mainlogger - INFO - valid
2024-05-15 21:33:10,198 - mainlogger - INFO - Dice score: 0.6261
2024-05-15 21:33:10,198 - mainlogger - INFO - Accuracy: 0.9236
2024-05-15 21:33:10,198 - mainlogger - INFO - Epoch 51  0.665294237434864
2024-05-15 21:33:10,198 - mainlogger - INFO - train
2024-05-15 21:33:13,119 - mainlogger - INFO - Dice score: 0.8602
2024-05-15 21:33:13,120 - mainlogger - INFO - Accuracy: 0.9672
2024-05-15 21:33:13,120 - mainlogger - INFO - test
2024-05-15 21:33:18,135 - mainlogger - INFO - Dice score: 0.632
2024-05-15 21:33:18,136 - mainlogger - INFO - Accuracy: 0.9301
2024-05-15 21:33:18,136 - mainlogger - INFO - ********************************************************************************
2024-05-15 21:33:22,193 - mainlogger - INFO - valid
2024-05-15 21:33:27,130 - mainlogger - INFO - Dice score: 0.5989
2024-05-15 21:33:27,130 - mainlogger - INFO - Accuracy: 0.9254
2024-05-15 21:33:27,131 - mainlogger - INFO - 8.5e-05->7.225000000000001e-05
2024-05-15 21:33:27,131 - mainlogger - INFO - Epoch 52  0.7262382358312607
2024-05-15 21:33:27,131 - mainlogger - INFO - ********************************************************************************
2024-05-15 21:33:31,313 - mainlogger - INFO - valid
2024-05-15 21:33:36,915 - mainlogger - INFO - Dice score: 0.6196
2024-05-15 21:33:36,915 - mainlogger - INFO - Accuracy: 0.9204
2024-05-15 21:33:36,915 - mainlogger - INFO - Epoch 53  0.6724849492311478
2024-05-15 21:33:36,915 - mainlogger - INFO - ********************************************************************************
2024-05-15 21:33:41,102 - mainlogger - INFO - valid
2024-05-15 21:33:46,636 - mainlogger - INFO - Dice score: 0.6282
2024-05-15 21:33:46,636 - mainlogger - INFO - Accuracy: 0.9285
2024-05-15 21:33:46,636 - mainlogger - INFO - Epoch 54  0.647483441978693
2024-05-15 21:33:46,636 - mainlogger - INFO - ********************************************************************************
2024-05-15 21:33:50,939 - mainlogger - INFO - valid
2024-05-15 21:33:56,379 - mainlogger - INFO - Dice score: 0.6403
2024-05-15 21:33:56,380 - mainlogger - INFO - Accuracy: 0.924
2024-05-15 21:33:56,380 - mainlogger - INFO - Epoch 55  0.6763923689723015
2024-05-15 21:33:56,380 - mainlogger - INFO - ********************************************************************************
2024-05-15 21:34:00,380 - mainlogger - INFO - valid
2024-05-15 21:34:05,325 - mainlogger - INFO - Dice score: 0.6408
2024-05-15 21:34:05,325 - mainlogger - INFO - Accuracy: 0.9258
2024-05-15 21:34:05,325 - mainlogger - INFO - 7.225000000000001e-05->6.141250000000001e-05
2024-05-15 21:34:05,325 - mainlogger - INFO - Epoch 56  0.6369364522397518
2024-05-15 21:34:05,325 - mainlogger - INFO - ********************************************************************************
2024-05-15 21:34:09,382 - mainlogger - INFO - valid
2024-05-15 21:34:14,371 - mainlogger - INFO - Dice score: 0.6063
2024-05-15 21:34:14,371 - mainlogger - INFO - Accuracy: 0.9275
2024-05-15 21:34:14,371 - mainlogger - INFO - Epoch 57  0.5791785642504692
2024-05-15 21:34:14,371 - mainlogger - INFO - ********************************************************************************
2024-05-15 21:34:18,507 - mainlogger - INFO - valid
2024-05-15 21:34:23,309 - mainlogger - INFO - Dice score: 0.5751
2024-05-15 21:34:23,309 - mainlogger - INFO - Accuracy: 0.9317
2024-05-15 21:34:23,309 - mainlogger - INFO - Epoch 58  0.5930208191275597
2024-05-15 21:34:23,309 - mainlogger - INFO - ********************************************************************************
2024-05-15 21:34:27,313 - mainlogger - INFO - valid
2024-05-15 21:34:32,469 - mainlogger - INFO - Dice score: 0.6208
2024-05-15 21:34:32,469 - mainlogger - INFO - Accuracy: 0.9252
2024-05-15 21:34:32,469 - mainlogger - INFO - Epoch 59  0.5960830040276051
2024-05-15 21:34:32,469 - mainlogger - INFO - ********************************************************************************
2024-05-15 21:34:36,825 - mainlogger - INFO - valid
2024-05-15 21:34:42,372 - mainlogger - INFO - Dice score: 0.6221
2024-05-15 21:34:42,372 - mainlogger - INFO - Accuracy: 0.9215
2024-05-15 21:34:42,372 - mainlogger - INFO - 6.141250000000001e-05->5.2200625000000005e-05
2024-05-15 21:34:42,372 - mainlogger - INFO - Epoch 60  0.5942943021655083
2024-05-15 21:34:42,372 - mainlogger - INFO - ********************************************************************************
2024-05-15 21:34:46,704 - mainlogger - INFO - valid
2024-05-15 21:34:52,207 - mainlogger - INFO - Dice score: 0.6519
2024-05-15 21:34:52,208 - mainlogger - INFO - Accuracy: 0.9334
2024-05-15 21:34:52,208 - mainlogger - INFO - Epoch 61  0.5551438443362713
2024-05-15 21:34:52,208 - mainlogger - INFO - train
2024-05-15 21:34:55,311 - mainlogger - INFO - Dice score: 0.8892
2024-05-15 21:34:55,311 - mainlogger - INFO - Accuracy: 0.9728
2024-05-15 21:34:55,311 - mainlogger - INFO - test
2024-05-15 21:34:59,893 - mainlogger - INFO - Dice score: 0.6254
2024-05-15 21:34:59,893 - mainlogger - INFO - Accuracy: 0.9307
2024-05-15 21:34:59,893 - mainlogger - INFO - ********************************************************************************
2024-05-15 21:35:03,795 - mainlogger - INFO - valid
2024-05-15 21:35:08,373 - mainlogger - INFO - Dice score: 0.6388
2024-05-15 21:35:08,373 - mainlogger - INFO - Accuracy: 0.9283
2024-05-15 21:35:08,373 - mainlogger - INFO - Epoch 62  0.5400475598871708
2024-05-15 21:35:08,373 - mainlogger - INFO - ********************************************************************************
2024-05-15 21:35:12,177 - mainlogger - INFO - valid
2024-05-15 21:35:17,000 - mainlogger - INFO - Dice score: 0.6157
2024-05-15 21:35:17,000 - mainlogger - INFO - Accuracy: 0.925
2024-05-15 21:35:17,000 - mainlogger - INFO - Epoch 63  0.5609046220779419
2024-05-15 21:35:17,000 - mainlogger - INFO - ********************************************************************************
2024-05-15 21:35:21,019 - mainlogger - INFO - valid
2024-05-15 21:35:25,605 - mainlogger - INFO - Dice score: 0.596
2024-05-15 21:35:25,605 - mainlogger - INFO - Accuracy: 0.9219
2024-05-15 21:35:25,605 - mainlogger - INFO - 5.2200625000000005e-05->4.437053125e-05
2024-05-15 21:35:25,605 - mainlogger - INFO - Epoch 64  0.5616823546588421
2024-05-15 21:35:25,605 - mainlogger - INFO - ********************************************************************************
2024-05-15 21:35:29,504 - mainlogger - INFO - valid
2024-05-15 21:35:34,113 - mainlogger - INFO - Dice score: 0.6044
2024-05-15 21:35:34,113 - mainlogger - INFO - Accuracy: 0.9217
2024-05-15 21:35:34,113 - mainlogger - INFO - Epoch 65  0.5565672889351845
2024-05-15 21:35:34,113 - mainlogger - INFO - ********************************************************************************
2024-05-15 21:35:38,545 - mainlogger - INFO - valid
2024-05-15 21:35:44,226 - mainlogger - INFO - Dice score: 0.6072
2024-05-15 21:35:44,227 - mainlogger - INFO - Accuracy: 0.9228
2024-05-15 21:35:44,227 - mainlogger - INFO - Epoch 66  0.6216082945466042
2024-05-15 21:35:44,227 - mainlogger - INFO - ********************************************************************************
2024-05-15 21:35:48,502 - mainlogger - INFO - valid
2024-05-15 21:35:54,178 - mainlogger - INFO - Dice score: 0.6263
2024-05-15 21:35:54,178 - mainlogger - INFO - Accuracy: 0.9298
2024-05-15 21:35:54,178 - mainlogger - INFO - Epoch 67  0.5273772440850735
2024-05-15 21:35:54,178 - mainlogger - INFO - ********************************************************************************
2024-05-15 21:35:58,586 - mainlogger - INFO - valid
2024-05-15 21:36:03,372 - mainlogger - INFO - Dice score: 0.6452
2024-05-15 21:36:03,372 - mainlogger - INFO - Accuracy: 0.9279
2024-05-15 21:36:03,373 - mainlogger - INFO - 4.437053125e-05->3.77149515625e-05
2024-05-15 21:36:03,373 - mainlogger - INFO - Epoch 68  0.5657863430678844
2024-05-15 21:36:03,373 - mainlogger - INFO - ********************************************************************************
2024-05-15 21:36:07,419 - mainlogger - INFO - valid
2024-05-15 21:36:12,341 - mainlogger - INFO - Dice score: 0.6545
2024-05-15 21:36:12,341 - mainlogger - INFO - Accuracy: 0.9303
2024-05-15 21:36:12,341 - mainlogger - INFO - Epoch 69  0.5633739903569221
2024-05-15 21:36:12,341 - mainlogger - INFO - ********************************************************************************
2024-05-15 21:36:16,394 - mainlogger - INFO - valid
2024-05-15 21:36:21,208 - mainlogger - INFO - Dice score: 0.6446
2024-05-15 21:36:21,208 - mainlogger - INFO - Accuracy: 0.9288
2024-05-15 21:36:21,208 - mainlogger - INFO - Epoch 70  0.4992470405995846
2024-05-15 21:36:21,208 - mainlogger - INFO - ********************************************************************************
2024-05-15 21:36:25,126 - mainlogger - INFO - valid
2024-05-15 21:36:30,034 - mainlogger - INFO - Dice score: 0.6421
2024-05-15 21:36:30,035 - mainlogger - INFO - Accuracy: 0.9319
2024-05-15 21:36:30,035 - mainlogger - INFO - Epoch 71  0.5128575898706913
2024-05-15 21:36:30,035 - mainlogger - INFO - train
2024-05-15 21:36:32,925 - mainlogger - INFO - Dice score: 0.9078
2024-05-15 21:36:32,925 - mainlogger - INFO - Accuracy: 0.9775
2024-05-15 21:36:32,925 - mainlogger - INFO - test
2024-05-15 21:36:37,960 - mainlogger - INFO - Dice score: 0.6303
2024-05-15 21:36:37,960 - mainlogger - INFO - Accuracy: 0.934
2024-05-15 21:36:37,960 - mainlogger - INFO - ********************************************************************************
2024-05-15 21:36:42,201 - mainlogger - INFO - valid
2024-05-15 21:36:47,492 - mainlogger - INFO - Dice score: 0.6332
2024-05-15 21:36:47,492 - mainlogger - INFO - Accuracy: 0.9317
2024-05-15 21:36:47,492 - mainlogger - INFO - 3.77149515625e-05->3.2057708828124995e-05
2024-05-15 21:36:47,492 - mainlogger - INFO - Epoch 72  0.4664735235273838
2024-05-15 21:36:47,492 - mainlogger - INFO - ********************************************************************************
2024-05-15 21:36:51,784 - mainlogger - INFO - valid
2024-05-15 21:36:57,270 - mainlogger - INFO - Dice score: 0.6418
2024-05-15 21:36:57,271 - mainlogger - INFO - Accuracy: 0.9321
2024-05-15 21:36:57,271 - mainlogger - INFO - Epoch 73  0.5204770229756832
2024-05-15 21:36:57,271 - mainlogger - INFO - ********************************************************************************
2024-05-15 21:37:01,618 - mainlogger - INFO - valid
2024-05-15 21:37:06,708 - mainlogger - INFO - Dice score: 0.6395
2024-05-15 21:37:06,708 - mainlogger - INFO - Accuracy: 0.932
2024-05-15 21:37:06,709 - mainlogger - INFO - Epoch 74  0.572604339569807
2024-05-15 21:37:06,709 - mainlogger - INFO - ********************************************************************************
2024-05-15 21:37:10,721 - mainlogger - INFO - valid
2024-05-15 21:37:15,622 - mainlogger - INFO - Dice score: 0.6385
2024-05-15 21:37:15,622 - mainlogger - INFO - Accuracy: 0.9317
2024-05-15 21:37:15,622 - mainlogger - INFO - Epoch 75  0.4804120324552059
2024-05-15 21:37:15,623 - mainlogger - INFO - ********************************************************************************
2024-05-15 21:37:19,606 - mainlogger - INFO - valid
2024-05-15 21:37:24,421 - mainlogger - INFO - Dice score: 0.6461
2024-05-15 21:37:24,422 - mainlogger - INFO - Accuracy: 0.9314
2024-05-15 21:37:24,422 - mainlogger - INFO - 3.2057708828124995e-05->2.7249052503906245e-05
2024-05-15 21:37:24,422 - mainlogger - INFO - Epoch 76  0.4614613726735115
2024-05-15 21:37:24,422 - mainlogger - INFO - ********************************************************************************
2024-05-15 21:37:28,483 - mainlogger - INFO - valid
2024-05-15 21:37:33,286 - mainlogger - INFO - Dice score: 0.6363
2024-05-15 21:37:33,286 - mainlogger - INFO - Accuracy: 0.9335
2024-05-15 21:37:33,286 - mainlogger - INFO - Epoch 77  0.5261043906211853
2024-05-15 21:37:33,286 - mainlogger - INFO - ********************************************************************************
2024-05-15 21:37:37,391 - mainlogger - INFO - valid
2024-05-15 21:37:42,567 - mainlogger - INFO - Dice score: 0.6357
2024-05-15 21:37:42,567 - mainlogger - INFO - Accuracy: 0.931
2024-05-15 21:37:42,567 - mainlogger - INFO - Epoch 78  0.46790411695837975
2024-05-15 21:37:42,567 - mainlogger - INFO - ********************************************************************************
2024-05-15 21:37:46,801 - mainlogger - INFO - valid
2024-05-15 21:37:52,366 - mainlogger - INFO - Dice score: 0.6297
2024-05-15 21:37:52,366 - mainlogger - INFO - Accuracy: 0.9276
2024-05-15 21:37:52,366 - mainlogger - INFO - Epoch 79  0.45016712322831154
2024-05-15 21:37:52,366 - mainlogger - INFO - ********************************************************************************
2024-05-15 21:37:56,803 - mainlogger - INFO - valid
2024-05-15 21:38:02,304 - mainlogger - INFO - Dice score: 0.6269
2024-05-15 21:38:02,304 - mainlogger - INFO - Accuracy: 0.9296
2024-05-15 21:38:02,304 - mainlogger - INFO - 2.7249052503906245e-05->2.3161694628320308e-05
2024-05-15 21:38:02,305 - mainlogger - INFO - Epoch 80  0.49187128245830536
2024-05-15 21:38:02,305 - mainlogger - INFO - ********************************************************************************
2024-05-15 21:38:06,380 - mainlogger - INFO - valid
2024-05-15 21:38:11,004 - mainlogger - INFO - Dice score: 0.6185
2024-05-15 21:38:11,004 - mainlogger - INFO - Accuracy: 0.9234
2024-05-15 21:38:11,005 - mainlogger - INFO - Epoch 81  0.5272394753992558
2024-05-15 21:38:11,005 - mainlogger - INFO - train
2024-05-15 21:38:13,720 - mainlogger - INFO - Dice score: 0.9108
2024-05-15 21:38:13,720 - mainlogger - INFO - Accuracy: 0.9776
2024-05-15 21:38:13,720 - mainlogger - INFO - test
2024-05-15 21:38:18,526 - mainlogger - INFO - Dice score: 0.6318
2024-05-15 21:38:18,526 - mainlogger - INFO - Accuracy: 0.9284
2024-05-15 21:38:18,526 - mainlogger - INFO - ********************************************************************************
2024-05-15 21:38:22,405 - mainlogger - INFO - valid
2024-05-15 21:38:27,219 - mainlogger - INFO - Dice score: 0.6185
2024-05-15 21:38:27,220 - mainlogger - INFO - Accuracy: 0.925
2024-05-15 21:38:27,220 - mainlogger - INFO - Epoch 82  0.44638189673423767
2024-05-15 21:38:27,220 - mainlogger - INFO - ********************************************************************************
2024-05-15 21:38:31,088 - mainlogger - INFO - valid
2024-05-15 21:38:35,704 - mainlogger - INFO - Dice score: 0.6247
2024-05-15 21:38:35,704 - mainlogger - INFO - Accuracy: 0.9249
2024-05-15 21:38:35,704 - mainlogger - INFO - Epoch 83  0.4997316151857376
2024-05-15 21:38:35,705 - mainlogger - INFO - ********************************************************************************
2024-05-15 21:38:39,591 - mainlogger - INFO - valid
2024-05-15 21:38:44,612 - mainlogger - INFO - Dice score: 0.6149
2024-05-15 21:38:44,612 - mainlogger - INFO - Accuracy: 0.9307
2024-05-15 21:38:44,613 - mainlogger - INFO - 2.3161694628320308e-05->1.9687440434072263e-05
2024-05-15 21:38:44,613 - mainlogger - INFO - Epoch 84  0.4823741354048252
2024-05-15 21:38:44,613 - mainlogger - INFO - ********************************************************************************
2024-05-15 21:38:49,015 - mainlogger - INFO - valid
2024-05-15 21:38:54,598 - mainlogger - INFO - Dice score: 0.6202
2024-05-15 21:38:54,598 - mainlogger - INFO - Accuracy: 0.9305
2024-05-15 21:38:54,598 - mainlogger - INFO - Epoch 85  0.4343075305223465
2024-05-15 21:38:54,598 - mainlogger - INFO - ********************************************************************************
2024-05-15 21:38:58,909 - mainlogger - INFO - valid
2024-05-15 21:39:04,471 - mainlogger - INFO - Dice score: 0.6191
2024-05-15 21:39:04,471 - mainlogger - INFO - Accuracy: 0.9271
2024-05-15 21:39:04,471 - mainlogger - INFO - Epoch 86  0.4755411893129349
2024-05-15 21:39:04,471 - mainlogger - INFO - ********************************************************************************
2024-05-15 21:39:08,700 - mainlogger - INFO - valid
2024-05-15 21:39:13,297 - mainlogger - INFO - Dice score: 0.6274
2024-05-15 21:39:13,297 - mainlogger - INFO - Accuracy: 0.9308
2024-05-15 21:39:13,297 - mainlogger - INFO - Epoch 87  0.47614094242453575
2024-05-15 21:39:13,297 - mainlogger - INFO - ********************************************************************************
2024-05-15 21:39:17,291 - mainlogger - INFO - valid
2024-05-15 21:39:22,164 - mainlogger - INFO - Dice score: 0.627
2024-05-15 21:39:22,164 - mainlogger - INFO - Accuracy: 0.9288
2024-05-15 21:39:22,164 - mainlogger - INFO - 1.9687440434072263e-05->1.673432436896142e-05
2024-05-15 21:39:22,164 - mainlogger - INFO - Epoch 88  0.4195476770401001
2024-05-15 21:39:22,164 - mainlogger - INFO - ********************************************************************************
2024-05-15 21:39:26,215 - mainlogger - INFO - valid
2024-05-15 21:39:31,124 - mainlogger - INFO - Dice score: 0.6267
2024-05-15 21:39:31,124 - mainlogger - INFO - Accuracy: 0.9311
2024-05-15 21:39:31,124 - mainlogger - INFO - Epoch 89  0.45033836364746094
2024-05-15 21:39:31,124 - mainlogger - INFO - ********************************************************************************
2024-05-15 21:39:35,204 - mainlogger - INFO - valid
2024-05-15 21:39:40,221 - mainlogger - INFO - Dice score: 0.6246
2024-05-15 21:39:40,222 - mainlogger - INFO - Accuracy: 0.9277
2024-05-15 21:39:40,222 - mainlogger - INFO - Epoch 90  0.4373475983738899
2024-05-15 21:39:40,222 - mainlogger - INFO - ********************************************************************************
2024-05-15 21:39:44,194 - mainlogger - INFO - valid
2024-05-15 21:39:49,391 - mainlogger - INFO - Dice score: 0.6177
2024-05-15 21:39:49,391 - mainlogger - INFO - Accuracy: 0.9308
2024-05-15 21:39:49,392 - mainlogger - INFO - Epoch 91  0.4707450419664383
2024-05-15 21:39:49,392 - mainlogger - INFO - train
2024-05-15 21:39:52,454 - mainlogger - INFO - Dice score: 0.9226
2024-05-15 21:39:52,454 - mainlogger - INFO - Accuracy: 0.9811
2024-05-15 21:39:52,454 - mainlogger - INFO - test
2024-05-15 21:39:57,645 - mainlogger - INFO - Dice score: 0.6179
2024-05-15 21:39:57,645 - mainlogger - INFO - Accuracy: 0.9309
2024-05-15 21:39:57,646 - mainlogger - INFO - ********************************************************************************
2024-05-15 21:40:01,802 - mainlogger - INFO - valid
2024-05-15 21:40:07,364 - mainlogger - INFO - Dice score: 0.6252
2024-05-15 21:40:07,364 - mainlogger - INFO - Accuracy: 0.9321
2024-05-15 21:40:07,364 - mainlogger - INFO - 1.673432436896142e-05->1.4224175713617208e-05
2024-05-15 21:40:07,365 - mainlogger - INFO - Epoch 92  0.41967182233929634
2024-05-15 21:40:07,365 - mainlogger - INFO - ********************************************************************************
2024-05-15 21:40:11,481 - mainlogger - INFO - valid
2024-05-15 21:40:16,385 - mainlogger - INFO - Dice score: 0.629
2024-05-15 21:40:16,385 - mainlogger - INFO - Accuracy: 0.9324
2024-05-15 21:40:16,385 - mainlogger - INFO - Epoch 93  0.4262893572449684
2024-05-15 21:40:16,385 - mainlogger - INFO - ********************************************************************************
2024-05-15 21:40:20,518 - mainlogger - INFO - valid
2024-05-15 21:40:25,594 - mainlogger - INFO - Dice score: 0.6276
2024-05-15 21:40:25,594 - mainlogger - INFO - Accuracy: 0.932
2024-05-15 21:40:25,594 - mainlogger - INFO - Epoch 94  0.4518224522471428
2024-05-15 21:40:25,594 - mainlogger - INFO - ********************************************************************************
2024-05-15 21:40:29,693 - mainlogger - INFO - valid
2024-05-15 21:40:34,499 - mainlogger - INFO - Dice score: 0.6289
2024-05-15 21:40:34,500 - mainlogger - INFO - Accuracy: 0.9313
2024-05-15 21:40:34,500 - mainlogger - INFO - Epoch 95  0.4547303430736065
2024-05-15 21:40:34,500 - mainlogger - INFO - ********************************************************************************
2024-05-15 21:40:38,382 - mainlogger - INFO - valid
2024-05-15 21:40:43,220 - mainlogger - INFO - Dice score: 0.6353
2024-05-15 21:40:43,220 - mainlogger - INFO - Accuracy: 0.9277
2024-05-15 21:40:43,220 - mainlogger - INFO - 1.4224175713617208e-05->1.2090549356574626e-05
2024-05-15 21:40:43,220 - mainlogger - INFO - Epoch 96  0.42694883048534393
2024-05-15 21:40:43,220 - mainlogger - INFO - ********************************************************************************
2024-05-15 21:40:47,322 - mainlogger - INFO - valid
2024-05-15 21:40:52,767 - mainlogger - INFO - Dice score: 0.6436
2024-05-15 21:40:52,767 - mainlogger - INFO - Accuracy: 0.9301
2024-05-15 21:40:52,767 - mainlogger - INFO - Epoch 97  0.4090639613568783
2024-05-15 21:40:52,767 - mainlogger - INFO - ********************************************************************************
2024-05-15 21:40:57,402 - mainlogger - INFO - valid
2024-05-15 21:41:03,092 - mainlogger - INFO - Dice score: 0.6295
2024-05-15 21:41:03,093 - mainlogger - INFO - Accuracy: 0.9338
2024-05-15 21:41:03,093 - mainlogger - INFO - Epoch 98  0.45725955441594124
2024-05-15 21:41:03,093 - mainlogger - INFO - ********************************************************************************
2024-05-15 21:41:07,781 - mainlogger - INFO - valid
2024-05-15 21:41:12,899 - mainlogger - INFO - Dice score: 0.621
2024-05-15 21:41:12,899 - mainlogger - INFO - Accuracy: 0.9311
2024-05-15 21:41:12,899 - mainlogger - INFO - Epoch 99  0.4118692986667156
2024-05-15 21:41:12,899 - mainlogger - INFO - train
2024-05-15 21:41:15,737 - mainlogger - INFO - Dice score: 0.9257
2024-05-15 21:41:15,737 - mainlogger - INFO - Accuracy: 0.9823
2024-05-15 21:41:15,737 - mainlogger - INFO - test
2024-05-15 21:41:20,607 - mainlogger - INFO - Dice score: 0.6129
2024-05-15 21:41:20,607 - mainlogger - INFO - Accuracy: 0.9307
2024-05-15 21:41:20,608 - mainlogger - INFO - ********************************************************************************
2024-05-15 21:41:20,608 - mainlogger - INFO - (68, 72)
2024-05-15 21:41:20,608 - mainlogger - INFO - 0.6439188794771
