2024-05-16 14:00:28,082 - mainlogger - INFO - 2213
2024-05-16 14:00:28,082 - mainlogger - INFO - <class '__main__.Supervised'>
2024-05-16 14:00:28,082 - mainlogger - INFO - unet_config/transunet.yaml
2024-05-16 14:00:28,082 - mainlogger - INFO - {'desc': 'transunet', 'batch_size': 8, 'epochs': 100, 'root_dir': '/Dataset_BUSI', 'model': {'name': 'unet.trans_unet.TransUNet', 'args': {'channels': [32, 64, 128, 256, 512, 512], 'num_layers': 3, 'nhead': 8, 'dim_feedforward': 2048}}, 'trainset': {'name': 'datasetBUSI.mask_busi_single.MaskBUSISingle', 'args': {'root_dir': '/Dataset_BUSI', 'image_names_path': 'labeled20.txt', 'mode': 'train'}}, 'testset': {'name': 'datasetBUSI.mask_busi_single.MaskBUSISingle', 'args': {'root_dir': '/Dataset_BUSI', 'image_names_path': 'test.txt', 'mode': 'test'}}, 'validset': {'name': 'datasetBUSI.mask_busi_single.MaskBUSISingle', 'args': {'root_dir': '/Dataset_BUSI', 'image_names_path': 'val.txt', 'mode': 'test'}}, 'criterion': {'name': 'spgutils.focalloss.BinaryFocalLoss', 'args': {'gamma': 1}}, 'optimizer': {'name': 'torch.optim.Adam', 'args': {'lr': 0.0001}}, 'scheduler': {'name': 'torch.optim.lr_scheduler.ReduceLROnPlateau', 'args': {'mode': 'max', 'factor': 0.85, 'patience': 3}}}
2024-05-16 14:00:28,082 - mainlogger - INFO - 27.427308082580566
2024-05-16 14:00:33,202 - mainlogger - INFO - Epoch 0  4.12374609708786
2024-05-16 14:00:33,202 - mainlogger - INFO - ********************************************************************************
2024-05-16 14:00:36,103 - mainlogger - INFO - Epoch 1  3.4277105927467346
2024-05-16 14:00:36,103 - mainlogger - INFO - train
2024-05-16 14:00:39,283 - mainlogger - INFO - Dice score: 0.09867
2024-05-16 14:00:39,283 - mainlogger - INFO - Accuracy: 0.836
2024-05-16 14:00:39,283 - mainlogger - INFO - test
2024-05-16 14:00:45,079 - mainlogger - INFO - Dice score: 0.1025
2024-05-16 14:00:45,080 - mainlogger - INFO - Accuracy: 0.8529
2024-05-16 14:00:45,080 - mainlogger - INFO - ********************************************************************************
2024-05-16 14:00:48,014 - mainlogger - INFO - Epoch 2  2.922200322151184
2024-05-16 14:00:48,015 - mainlogger - INFO - ********************************************************************************
2024-05-16 14:00:51,116 - mainlogger - INFO - Epoch 3  2.65311698615551
2024-05-16 14:00:51,116 - mainlogger - INFO - ********************************************************************************
2024-05-16 14:00:54,322 - mainlogger - INFO - Epoch 4  2.442511171102524
2024-05-16 14:00:54,323 - mainlogger - INFO - ********************************************************************************
2024-05-16 14:00:57,520 - mainlogger - INFO - Epoch 5  2.309383049607277
2024-05-16 14:00:57,521 - mainlogger - INFO - ********************************************************************************
2024-05-16 14:01:00,611 - mainlogger - INFO - Epoch 6  2.338237687945366
2024-05-16 14:01:00,611 - mainlogger - INFO - ********************************************************************************
2024-05-16 14:01:03,730 - mainlogger - INFO - Epoch 7  2.3397928923368454
2024-05-16 14:01:03,731 - mainlogger - INFO - ********************************************************************************
2024-05-16 14:01:06,717 - mainlogger - INFO - Epoch 8  2.2505842447280884
2024-05-16 14:01:06,717 - mainlogger - INFO - ********************************************************************************
2024-05-16 14:01:09,800 - mainlogger - INFO - Epoch 9  2.1234768480062485
2024-05-16 14:01:09,801 - mainlogger - INFO - ********************************************************************************
2024-05-16 14:01:12,808 - mainlogger - INFO - Epoch 10  2.064263090491295
2024-05-16 14:01:12,808 - mainlogger - INFO - ********************************************************************************
2024-05-16 14:01:15,806 - mainlogger - INFO - Epoch 11  2.04985848069191
2024-05-16 14:01:15,807 - mainlogger - INFO - train
2024-05-16 14:01:19,056 - mainlogger - INFO - Dice score: 0.58
2024-05-16 14:01:19,056 - mainlogger - INFO - Accuracy: 0.9229
2024-05-16 14:01:19,056 - mainlogger - INFO - test
2024-05-16 14:01:24,256 - mainlogger - INFO - Dice score: 0.5147
2024-05-16 14:01:24,256 - mainlogger - INFO - Accuracy: 0.9263
2024-05-16 14:01:24,256 - mainlogger - INFO - ********************************************************************************
2024-05-16 14:01:27,368 - mainlogger - INFO - Epoch 12  2.019760847091675
2024-05-16 14:01:27,368 - mainlogger - INFO - ********************************************************************************
2024-05-16 14:01:30,307 - mainlogger - INFO - Epoch 13  2.0267646461725235
2024-05-16 14:01:30,307 - mainlogger - INFO - ********************************************************************************
2024-05-16 14:01:33,240 - mainlogger - INFO - Epoch 14  1.9919801205396652
2024-05-16 14:01:33,241 - mainlogger - INFO - ********************************************************************************
2024-05-16 14:01:36,402 - mainlogger - INFO - Epoch 15  1.8568688929080963
2024-05-16 14:01:36,402 - mainlogger - INFO - ********************************************************************************
2024-05-16 14:01:39,402 - mainlogger - INFO - Epoch 16  1.9307631254196167
2024-05-16 14:01:39,402 - mainlogger - INFO - ********************************************************************************
2024-05-16 14:01:42,404 - mainlogger - INFO - Epoch 17  1.898459479212761
2024-05-16 14:01:42,404 - mainlogger - INFO - ********************************************************************************
2024-05-16 14:01:45,422 - mainlogger - INFO - Epoch 18  1.8296281546354294
2024-05-16 14:01:45,422 - mainlogger - INFO - ********************************************************************************
2024-05-16 14:01:48,406 - mainlogger - INFO - Epoch 19  1.7401947379112244
2024-05-16 14:01:48,407 - mainlogger - INFO - ********************************************************************************
2024-05-16 14:01:51,402 - mainlogger - INFO - Epoch 20  1.758693590760231
2024-05-16 14:01:51,402 - mainlogger - INFO - ********************************************************************************
2024-05-16 14:01:54,213 - mainlogger - INFO - Epoch 21  1.765950545668602
2024-05-16 14:01:54,213 - mainlogger - INFO - train
2024-05-16 14:01:57,362 - mainlogger - INFO - Dice score: 0.7003
2024-05-16 14:01:57,362 - mainlogger - INFO - Accuracy: 0.9327
2024-05-16 14:01:57,362 - mainlogger - INFO - test
2024-05-16 14:02:02,348 - mainlogger - INFO - Dice score: 0.6096
2024-05-16 14:02:02,348 - mainlogger - INFO - Accuracy: 0.9234
2024-05-16 14:02:02,348 - mainlogger - INFO - ********************************************************************************
2024-05-16 14:02:05,214 - mainlogger - INFO - Epoch 22  1.7077308148145676
2024-05-16 14:02:05,215 - mainlogger - INFO - ********************************************************************************
2024-05-16 14:02:08,212 - mainlogger - INFO - Epoch 23  1.6735171973705292
2024-05-16 14:02:08,212 - mainlogger - INFO - ********************************************************************************
2024-05-16 14:02:11,308 - mainlogger - INFO - Epoch 24  1.6957975924015045
2024-05-16 14:02:11,308 - mainlogger - INFO - ********************************************************************************
2024-05-16 14:02:14,213 - mainlogger - INFO - Epoch 25  1.65354023873806
2024-05-16 14:02:14,214 - mainlogger - INFO - ********************************************************************************
2024-05-16 14:02:17,115 - mainlogger - INFO - Epoch 26  1.604718178510666
2024-05-16 14:02:17,115 - mainlogger - INFO - ********************************************************************************
2024-05-16 14:02:20,126 - mainlogger - INFO - Epoch 27  1.610013410449028
2024-05-16 14:02:20,126 - mainlogger - INFO - ********************************************************************************
2024-05-16 14:02:23,005 - mainlogger - INFO - Epoch 28  1.6164060831069946
2024-05-16 14:02:23,006 - mainlogger - INFO - ********************************************************************************
2024-05-16 14:02:26,007 - mainlogger - INFO - Epoch 29  1.59706212580204
2024-05-16 14:02:26,008 - mainlogger - INFO - ********************************************************************************
2024-05-16 14:02:28,908 - mainlogger - INFO - Epoch 30  1.6049587279558182
2024-05-16 14:02:28,908 - mainlogger - INFO - ********************************************************************************
2024-05-16 14:02:31,915 - mainlogger - INFO - Epoch 31  1.6037028580904007
2024-05-16 14:02:31,915 - mainlogger - INFO - train
2024-05-16 14:02:35,102 - mainlogger - INFO - Dice score: 0.7284
2024-05-16 14:02:35,102 - mainlogger - INFO - Accuracy: 0.9356
2024-05-16 14:02:35,102 - mainlogger - INFO - test
2024-05-16 14:02:40,283 - mainlogger - INFO - Dice score: 0.6315
2024-05-16 14:02:40,283 - mainlogger - INFO - Accuracy: 0.9308
2024-05-16 14:02:40,283 - mainlogger - INFO - ********************************************************************************
2024-05-16 14:02:43,206 - mainlogger - INFO - Epoch 32  1.5401346683502197
2024-05-16 14:02:43,207 - mainlogger - INFO - ********************************************************************************
2024-05-16 14:02:46,127 - mainlogger - INFO - Epoch 33  1.5837510526180267
2024-05-16 14:02:46,128 - mainlogger - INFO - ********************************************************************************
2024-05-16 14:02:49,110 - mainlogger - INFO - Epoch 34  1.45844966173172
2024-05-16 14:02:49,110 - mainlogger - INFO - ********************************************************************************
2024-05-16 14:02:52,117 - mainlogger - INFO - Epoch 35  1.4938297420740128
2024-05-16 14:02:52,117 - mainlogger - INFO - ********************************************************************************
2024-05-16 14:02:55,116 - mainlogger - INFO - Epoch 36  1.4208384454250336
2024-05-16 14:02:55,116 - mainlogger - INFO - ********************************************************************************
2024-05-16 14:02:58,205 - mainlogger - INFO - Epoch 37  1.4042476415634155
2024-05-16 14:02:58,206 - mainlogger - INFO - ********************************************************************************
2024-05-16 14:03:01,120 - mainlogger - INFO - Epoch 38  1.3919224962592125
2024-05-16 14:03:01,121 - mainlogger - INFO - ********************************************************************************
2024-05-16 14:03:04,099 - mainlogger - INFO - Epoch 39  1.3476462587714195
2024-05-16 14:03:04,099 - mainlogger - INFO - ********************************************************************************
2024-05-16 14:03:07,004 - mainlogger - INFO - valid
2024-05-16 14:03:12,608 - mainlogger - INFO - Dice score: 0.6603
2024-05-16 14:03:12,608 - mainlogger - INFO - Accuracy: 0.9402
2024-05-16 14:03:12,608 - mainlogger - INFO - Epoch 40  1.4517732560634613
2024-05-16 14:03:12,608 - mainlogger - INFO - ********************************************************************************
2024-05-16 14:03:15,707 - mainlogger - INFO - valid
2024-05-16 14:03:20,983 - mainlogger - INFO - Dice score: 0.6238
2024-05-16 14:03:20,983 - mainlogger - INFO - Accuracy: 0.9129
2024-05-16 14:03:20,983 - mainlogger - INFO - Epoch 41  1.404174730181694
2024-05-16 14:03:20,983 - mainlogger - INFO - train
2024-05-16 14:03:24,179 - mainlogger - INFO - Dice score: 0.7149
2024-05-16 14:03:24,180 - mainlogger - INFO - Accuracy: 0.9255
2024-05-16 14:03:24,180 - mainlogger - INFO - test
2024-05-16 14:03:29,435 - mainlogger - INFO - Dice score: 0.6286
2024-05-16 14:03:29,435 - mainlogger - INFO - Accuracy: 0.9204
2024-05-16 14:03:29,435 - mainlogger - INFO - ********************************************************************************
2024-05-16 14:03:32,530 - mainlogger - INFO - valid
2024-05-16 14:03:37,740 - mainlogger - INFO - Dice score: 0.6286
2024-05-16 14:03:37,740 - mainlogger - INFO - Accuracy: 0.9285
2024-05-16 14:03:37,740 - mainlogger - INFO - Epoch 42  1.357191875576973
2024-05-16 14:03:37,740 - mainlogger - INFO - ********************************************************************************
2024-05-16 14:03:40,814 - mainlogger - INFO - valid
2024-05-16 14:03:46,202 - mainlogger - INFO - Dice score: 0.6105
2024-05-16 14:03:46,202 - mainlogger - INFO - Accuracy: 0.9081
2024-05-16 14:03:46,202 - mainlogger - INFO - Epoch 43  1.3098791018128395
2024-05-16 14:03:46,202 - mainlogger - INFO - ********************************************************************************
2024-05-16 14:03:49,117 - mainlogger - INFO - valid
2024-05-16 14:03:54,439 - mainlogger - INFO - Dice score: 0.6773
2024-05-16 14:03:54,439 - mainlogger - INFO - Accuracy: 0.9365
2024-05-16 14:03:54,439 - mainlogger - INFO - Epoch 44  1.3217985183000565
2024-05-16 14:03:54,439 - mainlogger - INFO - ********************************************************************************
2024-05-16 14:03:57,318 - mainlogger - INFO - valid
2024-05-16 14:04:02,446 - mainlogger - INFO - Dice score: 0.6851
2024-05-16 14:04:02,446 - mainlogger - INFO - Accuracy: 0.9371
2024-05-16 14:04:02,446 - mainlogger - INFO - Epoch 45  1.2854347452521324
2024-05-16 14:04:02,446 - mainlogger - INFO - ********************************************************************************
2024-05-16 14:04:05,413 - mainlogger - INFO - valid
2024-05-16 14:04:10,427 - mainlogger - INFO - Dice score: 0.6153
2024-05-16 14:04:10,427 - mainlogger - INFO - Accuracy: 0.9042
2024-05-16 14:04:10,428 - mainlogger - INFO - Epoch 46  1.2743905559182167
2024-05-16 14:04:10,428 - mainlogger - INFO - ********************************************************************************
2024-05-16 14:04:13,413 - mainlogger - INFO - valid
2024-05-16 14:04:18,667 - mainlogger - INFO - Dice score: 0.6547
2024-05-16 14:04:18,667 - mainlogger - INFO - Accuracy: 0.9281
2024-05-16 14:04:18,667 - mainlogger - INFO - Epoch 47  1.2117407247424126
2024-05-16 14:04:18,667 - mainlogger - INFO - ********************************************************************************
2024-05-16 14:04:21,706 - mainlogger - INFO - valid
2024-05-16 14:04:27,021 - mainlogger - INFO - Dice score: 0.6494
2024-05-16 14:04:27,022 - mainlogger - INFO - Accuracy: 0.9352
2024-05-16 14:04:27,022 - mainlogger - INFO - Epoch 48  1.248941995203495
2024-05-16 14:04:27,022 - mainlogger - INFO - ********************************************************************************
2024-05-16 14:04:30,005 - mainlogger - INFO - valid
2024-05-16 14:04:35,129 - mainlogger - INFO - Dice score: 0.6289
2024-05-16 14:04:35,129 - mainlogger - INFO - Accuracy: 0.9307
2024-05-16 14:04:35,130 - mainlogger - INFO - 0.0001->8.5e-05
2024-05-16 14:04:35,130 - mainlogger - INFO - Epoch 49  1.3704978004097939
2024-05-16 14:04:35,130 - mainlogger - INFO - ********************************************************************************
2024-05-16 14:04:37,998 - mainlogger - INFO - valid
2024-05-16 14:04:43,270 - mainlogger - INFO - Dice score: 0.5678
2024-05-16 14:04:43,270 - mainlogger - INFO - Accuracy: 0.9318
2024-05-16 14:04:43,271 - mainlogger - INFO - Epoch 50  1.3089260533452034
2024-05-16 14:04:43,271 - mainlogger - INFO - ********************************************************************************
2024-05-16 14:04:46,280 - mainlogger - INFO - valid
2024-05-16 14:04:51,540 - mainlogger - INFO - Dice score: 0.6291
2024-05-16 14:04:51,540 - mainlogger - INFO - Accuracy: 0.9345
2024-05-16 14:04:51,540 - mainlogger - INFO - Epoch 51  1.2879405543208122
2024-05-16 14:04:51,540 - mainlogger - INFO - train
2024-05-16 14:04:54,661 - mainlogger - INFO - Dice score: 0.7729
2024-05-16 14:04:54,661 - mainlogger - INFO - Accuracy: 0.9504
2024-05-16 14:04:54,661 - mainlogger - INFO - test
2024-05-16 14:04:59,899 - mainlogger - INFO - Dice score: 0.6436
2024-05-16 14:04:59,899 - mainlogger - INFO - Accuracy: 0.9345
2024-05-16 14:04:59,899 - mainlogger - INFO - ********************************************************************************
2024-05-16 14:05:03,020 - mainlogger - INFO - valid
2024-05-16 14:05:08,175 - mainlogger - INFO - Dice score: 0.5143
2024-05-16 14:05:08,175 - mainlogger - INFO - Accuracy: 0.9293
2024-05-16 14:05:08,175 - mainlogger - INFO - Epoch 52  1.2779736146330833
2024-05-16 14:05:08,175 - mainlogger - INFO - ********************************************************************************
2024-05-16 14:05:11,121 - mainlogger - INFO - valid
2024-05-16 14:05:16,063 - mainlogger - INFO - Dice score: 0.6088
2024-05-16 14:05:16,063 - mainlogger - INFO - Accuracy: 0.9333
2024-05-16 14:05:16,063 - mainlogger - INFO - 8.5e-05->7.225000000000001e-05
2024-05-16 14:05:16,063 - mainlogger - INFO - Epoch 53  1.2396130040287971
2024-05-16 14:05:16,063 - mainlogger - INFO - ********************************************************************************
2024-05-16 14:05:19,006 - mainlogger - INFO - valid
2024-05-16 14:05:24,075 - mainlogger - INFO - Dice score: 0.6411
2024-05-16 14:05:24,075 - mainlogger - INFO - Accuracy: 0.929
2024-05-16 14:05:24,075 - mainlogger - INFO - Epoch 54  1.1918756440281868
2024-05-16 14:05:24,075 - mainlogger - INFO - ********************************************************************************
2024-05-16 14:05:27,006 - mainlogger - INFO - valid
2024-05-16 14:05:32,245 - mainlogger - INFO - Dice score: 0.6117
2024-05-16 14:05:32,245 - mainlogger - INFO - Accuracy: 0.9065
2024-05-16 14:05:32,245 - mainlogger - INFO - Epoch 55  1.194797359406948
2024-05-16 14:05:32,245 - mainlogger - INFO - ********************************************************************************
2024-05-16 14:05:35,112 - mainlogger - INFO - valid
2024-05-16 14:05:40,322 - mainlogger - INFO - Dice score: 0.6495
2024-05-16 14:05:40,323 - mainlogger - INFO - Accuracy: 0.9326
2024-05-16 14:05:40,323 - mainlogger - INFO - Epoch 56  1.1758841574192047
2024-05-16 14:05:40,323 - mainlogger - INFO - ********************************************************************************
2024-05-16 14:05:43,309 - mainlogger - INFO - valid
2024-05-16 14:05:48,545 - mainlogger - INFO - Dice score: 0.6063
2024-05-16 14:05:48,545 - mainlogger - INFO - Accuracy: 0.9339
2024-05-16 14:05:48,545 - mainlogger - INFO - 7.225000000000001e-05->6.141250000000001e-05
2024-05-16 14:05:48,545 - mainlogger - INFO - Epoch 57  1.1512068510055542
2024-05-16 14:05:48,545 - mainlogger - INFO - ********************************************************************************
2024-05-16 14:05:51,521 - mainlogger - INFO - valid
2024-05-16 14:05:56,622 - mainlogger - INFO - Dice score: 0.6382
2024-05-16 14:05:56,623 - mainlogger - INFO - Accuracy: 0.9316
2024-05-16 14:05:56,623 - mainlogger - INFO - Epoch 58  1.1366798505187035
2024-05-16 14:05:56,623 - mainlogger - INFO - ********************************************************************************
2024-05-16 14:05:59,510 - mainlogger - INFO - valid
2024-05-16 14:06:04,743 - mainlogger - INFO - Dice score: 0.6411
2024-05-16 14:06:04,744 - mainlogger - INFO - Accuracy: 0.9198
2024-05-16 14:06:04,744 - mainlogger - INFO - Epoch 59  1.1243024617433548
2024-05-16 14:06:04,744 - mainlogger - INFO - ********************************************************************************
2024-05-16 14:06:07,634 - mainlogger - INFO - valid
2024-05-16 14:06:12,937 - mainlogger - INFO - Dice score: 0.6421
2024-05-16 14:06:12,937 - mainlogger - INFO - Accuracy: 0.9276
2024-05-16 14:06:12,937 - mainlogger - INFO - Epoch 60  1.1318581402301788
2024-05-16 14:06:12,937 - mainlogger - INFO - ********************************************************************************
2024-05-16 14:06:16,025 - mainlogger - INFO - valid
2024-05-16 14:06:21,248 - mainlogger - INFO - Dice score: 0.6486
2024-05-16 14:06:21,248 - mainlogger - INFO - Accuracy: 0.9298
2024-05-16 14:06:21,248 - mainlogger - INFO - 6.141250000000001e-05->5.2200625000000005e-05
2024-05-16 14:06:21,248 - mainlogger - INFO - Epoch 61  1.0722523108124733
2024-05-16 14:06:21,248 - mainlogger - INFO - train
2024-05-16 14:06:24,366 - mainlogger - INFO - Dice score: 0.8391
2024-05-16 14:06:24,367 - mainlogger - INFO - Accuracy: 0.9611
2024-05-16 14:06:24,367 - mainlogger - INFO - test
2024-05-16 14:06:29,571 - mainlogger - INFO - Dice score: 0.633
2024-05-16 14:06:29,571 - mainlogger - INFO - Accuracy: 0.928
2024-05-16 14:06:29,571 - mainlogger - INFO - ********************************************************************************
2024-05-16 14:06:32,519 - mainlogger - INFO - valid
2024-05-16 14:06:37,721 - mainlogger - INFO - Dice score: 0.674
2024-05-16 14:06:37,721 - mainlogger - INFO - Accuracy: 0.9367
2024-05-16 14:06:37,721 - mainlogger - INFO - Epoch 62  1.0986647680401802
2024-05-16 14:06:37,721 - mainlogger - INFO - ********************************************************************************
2024-05-16 14:06:40,618 - mainlogger - INFO - valid
2024-05-16 14:06:45,946 - mainlogger - INFO - Dice score: 0.6621
2024-05-16 14:06:45,946 - mainlogger - INFO - Accuracy: 0.9315
2024-05-16 14:06:45,946 - mainlogger - INFO - Epoch 63  1.10332852602005
2024-05-16 14:06:45,946 - mainlogger - INFO - ********************************************************************************
2024-05-16 14:06:48,917 - mainlogger - INFO - valid
2024-05-16 14:06:54,145 - mainlogger - INFO - Dice score: 0.6275
2024-05-16 14:06:54,145 - mainlogger - INFO - Accuracy: 0.9283
2024-05-16 14:06:54,145 - mainlogger - INFO - Epoch 64  1.0858161970973015
2024-05-16 14:06:54,145 - mainlogger - INFO - ********************************************************************************
2024-05-16 14:06:57,116 - mainlogger - INFO - valid
2024-05-16 14:07:02,379 - mainlogger - INFO - Dice score: 0.6496
2024-05-16 14:07:02,379 - mainlogger - INFO - Accuracy: 0.9326
2024-05-16 14:07:02,379 - mainlogger - INFO - 5.2200625000000005e-05->4.437053125e-05
2024-05-16 14:07:02,380 - mainlogger - INFO - Epoch 65  1.0698468759655952
2024-05-16 14:07:02,380 - mainlogger - INFO - ********************************************************************************
2024-05-16 14:07:05,398 - mainlogger - INFO - valid
2024-05-16 14:07:10,664 - mainlogger - INFO - Dice score: 0.6325
2024-05-16 14:07:10,664 - mainlogger - INFO - Accuracy: 0.9348
2024-05-16 14:07:10,664 - mainlogger - INFO - Epoch 66  1.0669339671730995
2024-05-16 14:07:10,665 - mainlogger - INFO - ********************************************************************************
2024-05-16 14:07:13,797 - mainlogger - INFO - valid
2024-05-16 14:07:19,033 - mainlogger - INFO - Dice score: 0.6394
2024-05-16 14:07:19,033 - mainlogger - INFO - Accuracy: 0.9335
2024-05-16 14:07:19,033 - mainlogger - INFO - Epoch 67  0.9750578999519348
2024-05-16 14:07:19,033 - mainlogger - INFO - ********************************************************************************
2024-05-16 14:07:22,107 - mainlogger - INFO - valid
2024-05-16 14:07:27,474 - mainlogger - INFO - Dice score: 0.6549
2024-05-16 14:07:27,474 - mainlogger - INFO - Accuracy: 0.9352
2024-05-16 14:07:27,474 - mainlogger - INFO - Epoch 68  1.006835699081421
2024-05-16 14:07:27,474 - mainlogger - INFO - ********************************************************************************
2024-05-16 14:07:30,703 - mainlogger - INFO - valid
2024-05-16 14:07:35,931 - mainlogger - INFO - Dice score: 0.6537
2024-05-16 14:07:35,931 - mainlogger - INFO - Accuracy: 0.9361
2024-05-16 14:07:35,931 - mainlogger - INFO - 4.437053125e-05->3.77149515625e-05
2024-05-16 14:07:35,931 - mainlogger - INFO - Epoch 69  1.0188094899058342
2024-05-16 14:07:35,931 - mainlogger - INFO - ********************************************************************************
2024-05-16 14:07:38,806 - mainlogger - INFO - valid
2024-05-16 14:07:43,930 - mainlogger - INFO - Dice score: 0.6353
2024-05-16 14:07:43,930 - mainlogger - INFO - Accuracy: 0.9328
2024-05-16 14:07:43,930 - mainlogger - INFO - Epoch 70  0.9541908800601959
2024-05-16 14:07:43,930 - mainlogger - INFO - ********************************************************************************
2024-05-16 14:07:46,808 - mainlogger - INFO - valid
2024-05-16 14:07:51,981 - mainlogger - INFO - Dice score: 0.6565
2024-05-16 14:07:51,981 - mainlogger - INFO - Accuracy: 0.9332
2024-05-16 14:07:51,981 - mainlogger - INFO - Epoch 71  0.9811632484197617
2024-05-16 14:07:51,981 - mainlogger - INFO - train
2024-05-16 14:07:55,018 - mainlogger - INFO - Dice score: 0.8762
2024-05-16 14:07:55,018 - mainlogger - INFO - Accuracy: 0.9697
2024-05-16 14:07:55,018 - mainlogger - INFO - test
2024-05-16 14:08:00,278 - mainlogger - INFO - Dice score: 0.6635
2024-05-16 14:08:00,279 - mainlogger - INFO - Accuracy: 0.9345
2024-05-16 14:08:00,279 - mainlogger - INFO - ********************************************************************************
2024-05-16 14:08:03,310 - mainlogger - INFO - valid
2024-05-16 14:08:08,632 - mainlogger - INFO - Dice score: 0.6384
2024-05-16 14:08:08,633 - mainlogger - INFO - Accuracy: 0.9291
2024-05-16 14:08:08,633 - mainlogger - INFO - Epoch 72  0.934282697737217
2024-05-16 14:08:08,633 - mainlogger - INFO - ********************************************************************************
2024-05-16 14:08:11,824 - mainlogger - INFO - valid
2024-05-16 14:08:17,169 - mainlogger - INFO - Dice score: 0.6436
2024-05-16 14:08:17,169 - mainlogger - INFO - Accuracy: 0.937
2024-05-16 14:08:17,169 - mainlogger - INFO - 3.77149515625e-05->3.2057708828124995e-05
2024-05-16 14:08:17,169 - mainlogger - INFO - Epoch 73  0.9964762628078461
2024-05-16 14:08:17,169 - mainlogger - INFO - ********************************************************************************
2024-05-16 14:08:20,103 - mainlogger - INFO - valid
2024-05-16 14:08:25,368 - mainlogger - INFO - Dice score: 0.6557
2024-05-16 14:08:25,368 - mainlogger - INFO - Accuracy: 0.9386
2024-05-16 14:08:25,368 - mainlogger - INFO - Epoch 74  1.0398616641759872
2024-05-16 14:08:25,368 - mainlogger - INFO - ********************************************************************************
2024-05-16 14:08:28,331 - mainlogger - INFO - valid
2024-05-16 14:08:33,747 - mainlogger - INFO - Dice score: 0.6543
2024-05-16 14:08:33,747 - mainlogger - INFO - Accuracy: 0.9348
2024-05-16 14:08:33,747 - mainlogger - INFO - Epoch 75  0.9682696461677551
2024-05-16 14:08:33,747 - mainlogger - INFO - ********************************************************************************
2024-05-16 14:08:36,804 - mainlogger - INFO - valid
2024-05-16 14:08:42,086 - mainlogger - INFO - Dice score: 0.6634
2024-05-16 14:08:42,087 - mainlogger - INFO - Accuracy: 0.9336
2024-05-16 14:08:42,087 - mainlogger - INFO - Epoch 76  0.9418489933013916
2024-05-16 14:08:42,087 - mainlogger - INFO - ********************************************************************************
2024-05-16 14:08:45,342 - mainlogger - INFO - valid
2024-05-16 14:08:50,616 - mainlogger - INFO - Dice score: 0.6643
2024-05-16 14:08:50,616 - mainlogger - INFO - Accuracy: 0.9334
2024-05-16 14:08:50,617 - mainlogger - INFO - 3.2057708828124995e-05->2.7249052503906245e-05
2024-05-16 14:08:50,617 - mainlogger - INFO - Epoch 77  0.9599743559956551
2024-05-16 14:08:50,617 - mainlogger - INFO - ********************************************************************************
2024-05-16 14:08:53,522 - mainlogger - INFO - valid
2024-05-16 14:08:58,869 - mainlogger - INFO - Dice score: 0.6565
2024-05-16 14:08:58,869 - mainlogger - INFO - Accuracy: 0.9366
2024-05-16 14:08:58,869 - mainlogger - INFO - Epoch 78  0.9263402298092842
2024-05-16 14:08:58,869 - mainlogger - INFO - ********************************************************************************
2024-05-16 14:09:01,808 - mainlogger - INFO - valid
2024-05-16 14:09:07,145 - mainlogger - INFO - Dice score: 0.6541
2024-05-16 14:09:07,145 - mainlogger - INFO - Accuracy: 0.9366
2024-05-16 14:09:07,145 - mainlogger - INFO - Epoch 79  0.9269195571541786
2024-05-16 14:09:07,145 - mainlogger - INFO - ********************************************************************************
2024-05-16 14:09:10,203 - mainlogger - INFO - valid
2024-05-16 14:09:15,469 - mainlogger - INFO - Dice score: 0.6842
2024-05-16 14:09:15,469 - mainlogger - INFO - Accuracy: 0.9433
2024-05-16 14:09:15,469 - mainlogger - INFO - Epoch 80  0.9727997183799744
2024-05-16 14:09:15,469 - mainlogger - INFO - ********************************************************************************
2024-05-16 14:09:18,615 - mainlogger - INFO - valid
2024-05-16 14:09:24,051 - mainlogger - INFO - Dice score: 0.6575
2024-05-16 14:09:24,051 - mainlogger - INFO - Accuracy: 0.9294
2024-05-16 14:09:24,051 - mainlogger - INFO - 2.7249052503906245e-05->2.3161694628320308e-05
2024-05-16 14:09:24,051 - mainlogger - INFO - Epoch 81  1.0459886342287064
2024-05-16 14:09:24,051 - mainlogger - INFO - train
2024-05-16 14:09:27,186 - mainlogger - INFO - Dice score: 0.8771
2024-05-16 14:09:27,186 - mainlogger - INFO - Accuracy: 0.9687
2024-05-16 14:09:27,186 - mainlogger - INFO - test
2024-05-16 14:09:32,591 - mainlogger - INFO - Dice score: 0.6564
2024-05-16 14:09:32,591 - mainlogger - INFO - Accuracy: 0.9295
2024-05-16 14:09:32,591 - mainlogger - INFO - ********************************************************************************
2024-05-16 14:09:35,534 - mainlogger - INFO - valid
2024-05-16 14:09:40,796 - mainlogger - INFO - Dice score: 0.667
2024-05-16 14:09:40,797 - mainlogger - INFO - Accuracy: 0.9365
2024-05-16 14:09:40,797 - mainlogger - INFO - Epoch 82  0.9049414098262787
2024-05-16 14:09:40,797 - mainlogger - INFO - ********************************************************************************
2024-05-16 14:09:43,723 - mainlogger - INFO - valid
2024-05-16 14:09:49,224 - mainlogger - INFO - Dice score: 0.6734
2024-05-16 14:09:49,224 - mainlogger - INFO - Accuracy: 0.9378
2024-05-16 14:09:49,224 - mainlogger - INFO - Epoch 83  1.030270166695118
2024-05-16 14:09:49,224 - mainlogger - INFO - ********************************************************************************
2024-05-16 14:09:52,408 - mainlogger - INFO - valid
2024-05-16 14:09:57,799 - mainlogger - INFO - Dice score: 0.6708
2024-05-16 14:09:57,799 - mainlogger - INFO - Accuracy: 0.9432
2024-05-16 14:09:57,799 - mainlogger - INFO - Epoch 84  0.9610326290130615
2024-05-16 14:09:57,799 - mainlogger - INFO - ********************************************************************************
2024-05-16 14:10:00,924 - mainlogger - INFO - valid
2024-05-16 14:10:06,362 - mainlogger - INFO - Dice score: 0.6822
2024-05-16 14:10:06,362 - mainlogger - INFO - Accuracy: 0.943
2024-05-16 14:10:06,362 - mainlogger - INFO - 2.3161694628320308e-05->1.9687440434072263e-05
2024-05-16 14:10:06,362 - mainlogger - INFO - Epoch 85  0.9068176820874214
2024-05-16 14:10:06,362 - mainlogger - INFO - ********************************************************************************
2024-05-16 14:10:09,622 - mainlogger - INFO - valid
2024-05-16 14:10:15,100 - mainlogger - INFO - Dice score: 0.6734
2024-05-16 14:10:15,100 - mainlogger - INFO - Accuracy: 0.9335
2024-05-16 14:10:15,100 - mainlogger - INFO - Epoch 86  0.926180824637413
2024-05-16 14:10:15,101 - mainlogger - INFO - ********************************************************************************
2024-05-16 14:10:18,008 - mainlogger - INFO - valid
2024-05-16 14:10:23,246 - mainlogger - INFO - Dice score: 0.6775
2024-05-16 14:10:23,246 - mainlogger - INFO - Accuracy: 0.9363
2024-05-16 14:10:23,246 - mainlogger - INFO - Epoch 87  0.9242225661873817
2024-05-16 14:10:23,246 - mainlogger - INFO - ********************************************************************************
2024-05-16 14:10:26,201 - mainlogger - INFO - valid
2024-05-16 14:10:31,371 - mainlogger - INFO - Dice score: 0.6776
2024-05-16 14:10:31,371 - mainlogger - INFO - Accuracy: 0.9368
2024-05-16 14:10:31,371 - mainlogger - INFO - Epoch 88  0.8898268789052963
2024-05-16 14:10:31,371 - mainlogger - INFO - ********************************************************************************
2024-05-16 14:10:34,426 - mainlogger - INFO - valid
2024-05-16 14:10:39,445 - mainlogger - INFO - Dice score: 0.6755
2024-05-16 14:10:39,445 - mainlogger - INFO - Accuracy: 0.9418
2024-05-16 14:10:39,446 - mainlogger - INFO - 1.9687440434072263e-05->1.673432436896142e-05
2024-05-16 14:10:39,446 - mainlogger - INFO - Epoch 89  0.9265722259879112
2024-05-16 14:10:39,446 - mainlogger - INFO - ********************************************************************************
2024-05-16 14:10:42,405 - mainlogger - INFO - valid
2024-05-16 14:10:47,561 - mainlogger - INFO - Dice score: 0.6785
2024-05-16 14:10:47,562 - mainlogger - INFO - Accuracy: 0.9364
2024-05-16 14:10:47,562 - mainlogger - INFO - Epoch 90  0.9057847112417221
2024-05-16 14:10:47,562 - mainlogger - INFO - ********************************************************************************
2024-05-16 14:10:50,513 - mainlogger - INFO - valid
2024-05-16 14:10:55,830 - mainlogger - INFO - Dice score: 0.6741
2024-05-16 14:10:55,830 - mainlogger - INFO - Accuracy: 0.9384
2024-05-16 14:10:55,830 - mainlogger - INFO - Epoch 91  0.9190546795725822
2024-05-16 14:10:55,830 - mainlogger - INFO - train
2024-05-16 14:10:58,780 - mainlogger - INFO - Dice score: 0.8785
2024-05-16 14:10:58,781 - mainlogger - INFO - Accuracy: 0.9701
2024-05-16 14:10:58,781 - mainlogger - INFO - test
2024-05-16 14:11:03,964 - mainlogger - INFO - Dice score: 0.6588
2024-05-16 14:11:03,964 - mainlogger - INFO - Accuracy: 0.936
2024-05-16 14:11:03,964 - mainlogger - INFO - ********************************************************************************
2024-05-16 14:11:07,018 - mainlogger - INFO - valid
2024-05-16 14:11:12,082 - mainlogger - INFO - Dice score: 0.6817
2024-05-16 14:11:12,082 - mainlogger - INFO - Accuracy: 0.9395
2024-05-16 14:11:12,082 - mainlogger - INFO - Epoch 92  0.8640952557325363
2024-05-16 14:11:12,082 - mainlogger - INFO - ********************************************************************************
2024-05-16 14:11:15,016 - mainlogger - INFO - valid
2024-05-16 14:11:20,249 - mainlogger - INFO - Dice score: 0.6806
2024-05-16 14:11:20,249 - mainlogger - INFO - Accuracy: 0.9367
2024-05-16 14:11:20,249 - mainlogger - INFO - 1.673432436896142e-05->1.4224175713617208e-05
2024-05-16 14:11:20,249 - mainlogger - INFO - Epoch 93  0.8641519322991371
2024-05-16 14:11:20,249 - mainlogger - INFO - ********************************************************************************
2024-05-16 14:11:23,191 - mainlogger - INFO - valid
2024-05-16 14:11:28,443 - mainlogger - INFO - Dice score: 0.6844
2024-05-16 14:11:28,443 - mainlogger - INFO - Accuracy: 0.9422
2024-05-16 14:11:28,443 - mainlogger - INFO - Epoch 94  0.9317372292280197
2024-05-16 14:11:28,443 - mainlogger - INFO - ********************************************************************************
2024-05-16 14:11:31,416 - mainlogger - INFO - valid
2024-05-16 14:11:36,530 - mainlogger - INFO - Dice score: 0.6792
2024-05-16 14:11:36,530 - mainlogger - INFO - Accuracy: 0.9431
2024-05-16 14:11:36,530 - mainlogger - INFO - Epoch 95  0.9171561822295189
2024-05-16 14:11:36,530 - mainlogger - INFO - ********************************************************************************
2024-05-16 14:11:39,422 - mainlogger - INFO - valid
2024-05-16 14:11:44,670 - mainlogger - INFO - Dice score: 0.6784
2024-05-16 14:11:44,670 - mainlogger - INFO - Accuracy: 0.9401
2024-05-16 14:11:44,670 - mainlogger - INFO - Epoch 96  0.8554275557398796
2024-05-16 14:11:44,670 - mainlogger - INFO - ********************************************************************************
2024-05-16 14:11:47,638 - mainlogger - INFO - valid
2024-05-16 14:11:52,886 - mainlogger - INFO - Dice score: 0.683
2024-05-16 14:11:52,886 - mainlogger - INFO - Accuracy: 0.9395
2024-05-16 14:11:52,886 - mainlogger - INFO - 1.4224175713617208e-05->1.2090549356574626e-05
2024-05-16 14:11:52,886 - mainlogger - INFO - Epoch 97  0.8337320387363434
2024-05-16 14:11:52,886 - mainlogger - INFO - ********************************************************************************
2024-05-16 14:11:55,901 - mainlogger - INFO - valid
2024-05-16 14:12:01,035 - mainlogger - INFO - Dice score: 0.6816
2024-05-16 14:12:01,035 - mainlogger - INFO - Accuracy: 0.9397
2024-05-16 14:12:01,035 - mainlogger - INFO - Epoch 98  0.8853636309504509
2024-05-16 14:12:01,035 - mainlogger - INFO - ********************************************************************************
2024-05-16 14:12:04,015 - mainlogger - INFO - valid
2024-05-16 14:12:09,142 - mainlogger - INFO - Dice score: 0.673
2024-05-16 14:12:09,143 - mainlogger - INFO - Accuracy: 0.9366
2024-05-16 14:12:09,143 - mainlogger - INFO - Epoch 99  0.8482625335454941
2024-05-16 14:12:09,143 - mainlogger - INFO - train
2024-05-16 14:12:12,159 - mainlogger - INFO - Dice score: 0.905
2024-05-16 14:12:12,159 - mainlogger - INFO - Accuracy: 0.977
2024-05-16 14:12:12,159 - mainlogger - INFO - test
2024-05-16 14:12:17,247 - mainlogger - INFO - Dice score: 0.6642
2024-05-16 14:12:17,247 - mainlogger - INFO - Accuracy: 0.936
2024-05-16 14:12:17,247 - mainlogger - INFO - ********************************************************************************
2024-05-16 14:12:17,247 - mainlogger - INFO - (94, 98)
2024-05-16 14:12:17,247 - mainlogger - INFO - 0.6813097763264725
