2024-05-15 16:36:27,750 - mainlogger - INFO - 2488
2024-05-15 16:36:27,750 - mainlogger - INFO - <class '__main__.Supervised'>
2024-05-15 16:36:27,751 - mainlogger - INFO - unet_config/18m.yaml
2024-05-15 16:36:27,751 - mainlogger - INFO - {'desc': 'first', 'log_dir': 'universeg_config/big/log', 'batch_size': 8, 'epochs': 100, 'root_dir': '/Dataset_BUSI', 'model': {'name': 'unet.unet.Unet', 'args': {'channels': [32, 64, 128, 256, 512, 512]}}, 'trainset': {'name': 'datasetBUSI.mask_busi_single.MaskBUSISingle', 'args': {'root_dir': '/Dataset_BUSI', 'image_names_path': 'labeled20.txt', 'mode': 'train'}}, 'testset': {'name': 'datasetBUSI.mask_busi_single.MaskBUSISingle', 'args': {'root_dir': '/Dataset_BUSI', 'image_names_path': 'test.txt', 'mode': 'test'}}, 'validset': {'name': 'datasetBUSI.mask_busi_single.MaskBUSISingle', 'args': {'root_dir': '/Dataset_BUSI', 'image_names_path': 'val.txt', 'mode': 'test'}}, 'criterion': {'name': 'spgutils.focalloss.BinaryFocalLoss', 'args': {'gamma': 1}}, 'optimizer': {'name': 'torch.optim.Adam', 'args': {'lr': 0.0001}}, 'scheduler': {'name': 'torch.optim.lr_scheduler.ReduceLROnPlateau', 'args': {'mode': 'max', 'factor': 0.85, 'patience': 3}}}
2024-05-15 16:36:27,751 - mainlogger - INFO - 18.408265113830566
2024-05-15 16:36:32,390 - mainlogger - INFO - Epoch 0  3.8014548420906067
2024-05-15 16:36:32,390 - mainlogger - INFO - ********************************************************************************
2024-05-15 16:36:34,916 - mainlogger - INFO - Epoch 1  3.1606249511241913
2024-05-15 16:36:34,916 - mainlogger - INFO - train
2024-05-15 16:36:37,656 - mainlogger - INFO - Dice score: 0.1263
2024-05-15 16:36:37,656 - mainlogger - INFO - Accuracy: 0.566
2024-05-15 16:36:37,656 - mainlogger - INFO - test
2024-05-15 16:36:42,590 - mainlogger - INFO - Dice score: 0.1379
2024-05-15 16:36:42,591 - mainlogger - INFO - Accuracy: 0.5929
2024-05-15 16:36:42,591 - mainlogger - INFO - ********************************************************************************
2024-05-15 16:36:45,082 - mainlogger - INFO - Epoch 2  2.762328803539276
2024-05-15 16:36:45,083 - mainlogger - INFO - ********************************************************************************
2024-05-15 16:36:47,608 - mainlogger - INFO - Epoch 3  2.470129057765007
2024-05-15 16:36:47,609 - mainlogger - INFO - ********************************************************************************
2024-05-15 16:36:50,301 - mainlogger - INFO - Epoch 4  2.345863237977028
2024-05-15 16:36:50,302 - mainlogger - INFO - ********************************************************************************
2024-05-15 16:36:53,015 - mainlogger - INFO - Epoch 5  2.2733425199985504
2024-05-15 16:36:53,015 - mainlogger - INFO - ********************************************************************************
2024-05-15 16:36:55,618 - mainlogger - INFO - Epoch 6  2.217009887099266
2024-05-15 16:36:55,619 - mainlogger - INFO - ********************************************************************************
2024-05-15 16:36:58,298 - mainlogger - INFO - Epoch 7  2.203817307949066
2024-05-15 16:36:58,298 - mainlogger - INFO - ********************************************************************************
2024-05-15 16:37:00,968 - mainlogger - INFO - Epoch 8  2.1539100855588913
2024-05-15 16:37:00,969 - mainlogger - INFO - ********************************************************************************
2024-05-15 16:37:03,613 - mainlogger - INFO - Epoch 9  2.029939219355583
2024-05-15 16:37:03,613 - mainlogger - INFO - ********************************************************************************
2024-05-15 16:37:06,090 - mainlogger - INFO - Epoch 10  2.0079807490110397
2024-05-15 16:37:06,090 - mainlogger - INFO - ********************************************************************************
2024-05-15 16:37:08,705 - mainlogger - INFO - Epoch 11  1.9872353225946426
2024-05-15 16:37:08,705 - mainlogger - INFO - train
2024-05-15 16:37:11,788 - mainlogger - INFO - Dice score: 0.6475
2024-05-15 16:37:11,788 - mainlogger - INFO - Accuracy: 0.925
2024-05-15 16:37:11,788 - mainlogger - INFO - test
2024-05-15 16:37:16,983 - mainlogger - INFO - Dice score: 0.6053
2024-05-15 16:37:16,983 - mainlogger - INFO - Accuracy: 0.9235
2024-05-15 16:37:16,983 - mainlogger - INFO - ********************************************************************************
2024-05-15 16:37:19,897 - mainlogger - INFO - Epoch 12  1.952075943350792
2024-05-15 16:37:19,897 - mainlogger - INFO - ********************************************************************************
2024-05-15 16:37:22,815 - mainlogger - INFO - Epoch 13  1.9000731408596039
2024-05-15 16:37:22,815 - mainlogger - INFO - ********************************************************************************
2024-05-15 16:37:25,714 - mainlogger - INFO - Epoch 14  1.8568861335515976
2024-05-15 16:37:25,714 - mainlogger - INFO - ********************************************************************************
2024-05-15 16:37:28,710 - mainlogger - INFO - Epoch 15  1.7959567457437515
2024-05-15 16:37:28,710 - mainlogger - INFO - ********************************************************************************
2024-05-15 16:37:31,595 - mainlogger - INFO - Epoch 16  1.8430975675582886
2024-05-15 16:37:31,596 - mainlogger - INFO - ********************************************************************************
2024-05-15 16:37:34,294 - mainlogger - INFO - Epoch 17  1.8303542882204056
2024-05-15 16:37:34,294 - mainlogger - INFO - ********************************************************************************
2024-05-15 16:37:36,889 - mainlogger - INFO - Epoch 18  1.760118156671524
2024-05-15 16:37:36,890 - mainlogger - INFO - ********************************************************************************
2024-05-15 16:37:39,298 - mainlogger - INFO - Epoch 19  1.6765498965978622
2024-05-15 16:37:39,298 - mainlogger - INFO - ********************************************************************************
2024-05-15 16:37:41,714 - mainlogger - INFO - Epoch 20  1.6689727753400803
2024-05-15 16:37:41,715 - mainlogger - INFO - ********************************************************************************
2024-05-15 16:37:44,368 - mainlogger - INFO - Epoch 21  1.717121809720993
2024-05-15 16:37:44,368 - mainlogger - INFO - train
2024-05-15 16:37:46,960 - mainlogger - INFO - Dice score: 0.6733
2024-05-15 16:37:46,961 - mainlogger - INFO - Accuracy: 0.9191
2024-05-15 16:37:46,961 - mainlogger - INFO - test
2024-05-15 16:37:51,451 - mainlogger - INFO - Dice score: 0.5784
2024-05-15 16:37:51,451 - mainlogger - INFO - Accuracy: 0.9027
2024-05-15 16:37:51,451 - mainlogger - INFO - ********************************************************************************
2024-05-15 16:37:53,990 - mainlogger - INFO - Epoch 22  1.6459918171167374
2024-05-15 16:37:53,991 - mainlogger - INFO - ********************************************************************************
2024-05-15 16:37:56,615 - mainlogger - INFO - Epoch 23  1.607904076576233
2024-05-15 16:37:56,615 - mainlogger - INFO - ********************************************************************************
2024-05-15 16:37:59,102 - mainlogger - INFO - Epoch 24  1.5879619717597961
2024-05-15 16:37:59,102 - mainlogger - INFO - ********************************************************************************
2024-05-15 16:38:01,790 - mainlogger - INFO - Epoch 25  1.6139392107725143
2024-05-15 16:38:01,791 - mainlogger - INFO - ********************************************************************************
2024-05-15 16:38:04,189 - mainlogger - INFO - Epoch 26  1.5636024177074432
2024-05-15 16:38:04,189 - mainlogger - INFO - ********************************************************************************
2024-05-15 16:38:06,802 - mainlogger - INFO - Epoch 27  1.5122067630290985
2024-05-15 16:38:06,802 - mainlogger - INFO - ********************************************************************************
2024-05-15 16:38:09,486 - mainlogger - INFO - Epoch 28  1.5404140651226044
2024-05-15 16:38:09,486 - mainlogger - INFO - ********************************************************************************
2024-05-15 16:38:12,299 - mainlogger - INFO - Epoch 29  1.5240621715784073
2024-05-15 16:38:12,299 - mainlogger - INFO - ********************************************************************************
2024-05-15 16:38:15,377 - mainlogger - INFO - Epoch 30  1.5039842277765274
2024-05-15 16:38:15,377 - mainlogger - INFO - ********************************************************************************
2024-05-15 16:38:18,494 - mainlogger - INFO - Epoch 31  1.4849437475204468
2024-05-15 16:38:18,494 - mainlogger - INFO - train
2024-05-15 16:38:21,559 - mainlogger - INFO - Dice score: 0.7551
2024-05-15 16:38:21,559 - mainlogger - INFO - Accuracy: 0.943
2024-05-15 16:38:21,559 - mainlogger - INFO - test
2024-05-15 16:38:26,897 - mainlogger - INFO - Dice score: 0.6622
2024-05-15 16:38:26,897 - mainlogger - INFO - Accuracy: 0.9354
2024-05-15 16:38:26,897 - mainlogger - INFO - ********************************************************************************
2024-05-15 16:38:29,795 - mainlogger - INFO - Epoch 32  1.4286733269691467
2024-05-15 16:38:29,795 - mainlogger - INFO - ********************************************************************************
2024-05-15 16:38:32,715 - mainlogger - INFO - Epoch 33  1.4725316315889359
2024-05-15 16:38:32,715 - mainlogger - INFO - ********************************************************************************
2024-05-15 16:38:35,494 - mainlogger - INFO - Epoch 34  1.3563827648758888
2024-05-15 16:38:35,494 - mainlogger - INFO - ********************************************************************************
2024-05-15 16:38:37,822 - mainlogger - INFO - Epoch 35  1.380294144153595
2024-05-15 16:38:37,823 - mainlogger - INFO - ********************************************************************************
2024-05-15 16:38:40,308 - mainlogger - INFO - Epoch 36  1.3896721377968788
2024-05-15 16:38:40,308 - mainlogger - INFO - ********************************************************************************
2024-05-15 16:38:42,790 - mainlogger - INFO - Epoch 37  1.362294614315033
2024-05-15 16:38:42,790 - mainlogger - INFO - ********************************************************************************
2024-05-15 16:38:45,373 - mainlogger - INFO - Epoch 38  1.2894462868571281
2024-05-15 16:38:45,374 - mainlogger - INFO - ********************************************************************************
2024-05-15 16:38:47,917 - mainlogger - INFO - Epoch 39  1.290735237300396
2024-05-15 16:38:47,917 - mainlogger - INFO - ********************************************************************************
2024-05-15 16:38:50,478 - mainlogger - INFO - valid
2024-05-15 16:38:55,366 - mainlogger - INFO - Dice score: 0.6488
2024-05-15 16:38:55,367 - mainlogger - INFO - Accuracy: 0.9294
2024-05-15 16:38:55,367 - mainlogger - INFO - Epoch 40  1.2943256720900536
2024-05-15 16:38:55,367 - mainlogger - INFO - ********************************************************************************
2024-05-15 16:38:57,908 - mainlogger - INFO - valid
2024-05-15 16:39:02,193 - mainlogger - INFO - Dice score: 0.6617
2024-05-15 16:39:02,194 - mainlogger - INFO - Accuracy: 0.927
2024-05-15 16:39:02,194 - mainlogger - INFO - Epoch 41  1.2545901387929916
2024-05-15 16:39:02,194 - mainlogger - INFO - train
2024-05-15 16:39:04,673 - mainlogger - INFO - Dice score: 0.8166
2024-05-15 16:39:04,673 - mainlogger - INFO - Accuracy: 0.9575
2024-05-15 16:39:04,673 - mainlogger - INFO - test
2024-05-15 16:39:08,947 - mainlogger - INFO - Dice score: 0.6731
2024-05-15 16:39:08,947 - mainlogger - INFO - Accuracy: 0.9347
2024-05-15 16:39:08,947 - mainlogger - INFO - ********************************************************************************
2024-05-15 16:39:11,499 - mainlogger - INFO - valid
2024-05-15 16:39:16,525 - mainlogger - INFO - Dice score: 0.5834
2024-05-15 16:39:16,525 - mainlogger - INFO - Accuracy: 0.9167
2024-05-15 16:39:16,525 - mainlogger - INFO - Epoch 42  1.2513685002923012
2024-05-15 16:39:16,525 - mainlogger - INFO - ********************************************************************************
2024-05-15 16:39:19,409 - mainlogger - INFO - valid
2024-05-15 16:39:24,639 - mainlogger - INFO - Dice score: 0.6349
2024-05-15 16:39:24,639 - mainlogger - INFO - Accuracy: 0.9347
2024-05-15 16:39:24,639 - mainlogger - INFO - Epoch 43  1.2070941179990768
2024-05-15 16:39:24,639 - mainlogger - INFO - ********************************************************************************
2024-05-15 16:39:27,614 - mainlogger - INFO - valid
2024-05-15 16:39:32,880 - mainlogger - INFO - Dice score: 0.5896
2024-05-15 16:39:32,880 - mainlogger - INFO - Accuracy: 0.8917
2024-05-15 16:39:32,881 - mainlogger - INFO - Epoch 44  1.240684062242508
2024-05-15 16:39:32,881 - mainlogger - INFO - ********************************************************************************
2024-05-15 16:39:35,807 - mainlogger - INFO - valid
2024-05-15 16:39:40,316 - mainlogger - INFO - Dice score: 0.5847
2024-05-15 16:39:40,316 - mainlogger - INFO - Accuracy: 0.9317
2024-05-15 16:39:40,316 - mainlogger - INFO - 0.0001->8.5e-05
2024-05-15 16:39:40,316 - mainlogger - INFO - Epoch 45  1.2674728333950043
2024-05-15 16:39:40,316 - mainlogger - INFO - ********************************************************************************
2024-05-15 16:39:42,779 - mainlogger - INFO - valid
2024-05-15 16:39:46,962 - mainlogger - INFO - Dice score: 0.6715
2024-05-15 16:39:46,962 - mainlogger - INFO - Accuracy: 0.9375
2024-05-15 16:39:46,962 - mainlogger - INFO - Epoch 46  1.2484049201011658
2024-05-15 16:39:46,962 - mainlogger - INFO - ********************************************************************************
2024-05-15 16:39:49,576 - mainlogger - INFO - valid
2024-05-15 16:39:53,851 - mainlogger - INFO - Dice score: 0.5892
2024-05-15 16:39:53,851 - mainlogger - INFO - Accuracy: 0.9366
2024-05-15 16:39:53,851 - mainlogger - INFO - Epoch 47  1.2097994685173035
2024-05-15 16:39:53,851 - mainlogger - INFO - ********************************************************************************
2024-05-15 16:39:56,309 - mainlogger - INFO - valid
2024-05-15 16:40:00,617 - mainlogger - INFO - Dice score: 0.576
2024-05-15 16:40:00,617 - mainlogger - INFO - Accuracy: 0.8815
2024-05-15 16:40:00,617 - mainlogger - INFO - Epoch 48  1.246493823826313
2024-05-15 16:40:00,617 - mainlogger - INFO - ********************************************************************************
2024-05-15 16:40:03,107 - mainlogger - INFO - valid
2024-05-15 16:40:07,448 - mainlogger - INFO - Dice score: 0.6099
2024-05-15 16:40:07,448 - mainlogger - INFO - Accuracy: 0.9124
2024-05-15 16:40:07,448 - mainlogger - INFO - Epoch 49  1.239432469010353
2024-05-15 16:40:07,448 - mainlogger - INFO - ********************************************************************************
2024-05-15 16:40:10,090 - mainlogger - INFO - valid
2024-05-15 16:40:14,434 - mainlogger - INFO - Dice score: 0.6182
2024-05-15 16:40:14,434 - mainlogger - INFO - Accuracy: 0.9359
2024-05-15 16:40:14,434 - mainlogger - INFO - 8.5e-05->7.225000000000001e-05
2024-05-15 16:40:14,434 - mainlogger - INFO - Epoch 50  1.1129031777381897
2024-05-15 16:40:14,434 - mainlogger - INFO - ********************************************************************************
2024-05-15 16:40:17,103 - mainlogger - INFO - valid
2024-05-15 16:40:22,331 - mainlogger - INFO - Dice score: 0.6353
2024-05-15 16:40:22,331 - mainlogger - INFO - Accuracy: 0.9382
2024-05-15 16:40:22,331 - mainlogger - INFO - Epoch 51  1.125689573585987
2024-05-15 16:40:22,331 - mainlogger - INFO - train
2024-05-15 16:40:25,447 - mainlogger - INFO - Dice score: 0.7951
2024-05-15 16:40:25,448 - mainlogger - INFO - Accuracy: 0.9551
2024-05-15 16:40:25,448 - mainlogger - INFO - test
2024-05-15 16:40:30,666 - mainlogger - INFO - Dice score: 0.6225
2024-05-15 16:40:30,666 - mainlogger - INFO - Accuracy: 0.9358
2024-05-15 16:40:30,666 - mainlogger - INFO - ********************************************************************************
2024-05-15 16:40:33,605 - mainlogger - INFO - valid
2024-05-15 16:40:38,650 - mainlogger - INFO - Dice score: 0.6569
2024-05-15 16:40:38,651 - mainlogger - INFO - Accuracy: 0.9321
2024-05-15 16:40:38,651 - mainlogger - INFO - Epoch 52  1.1269252374768257
2024-05-15 16:40:38,651 - mainlogger - INFO - ********************************************************************************
2024-05-15 16:40:41,325 - mainlogger - INFO - valid
2024-05-15 16:40:45,561 - mainlogger - INFO - Dice score: 0.6414
2024-05-15 16:40:45,562 - mainlogger - INFO - Accuracy: 0.9301
2024-05-15 16:40:45,562 - mainlogger - INFO - Epoch 53  1.1490738317370415
2024-05-15 16:40:45,562 - mainlogger - INFO - ********************************************************************************
2024-05-15 16:40:48,190 - mainlogger - INFO - valid
2024-05-15 16:40:52,441 - mainlogger - INFO - Dice score: 0.5844
2024-05-15 16:40:52,441 - mainlogger - INFO - Accuracy: 0.9331
2024-05-15 16:40:52,442 - mainlogger - INFO - 7.225000000000001e-05->6.141250000000001e-05
2024-05-15 16:40:52,442 - mainlogger - INFO - Epoch 54  1.1023879870772362
2024-05-15 16:40:52,442 - mainlogger - INFO - ********************************************************************************
2024-05-15 16:40:54,882 - mainlogger - INFO - valid
2024-05-15 16:40:58,853 - mainlogger - INFO - Dice score: 0.6433
2024-05-15 16:40:58,853 - mainlogger - INFO - Accuracy: 0.9219
2024-05-15 16:40:58,853 - mainlogger - INFO - Epoch 55  1.0804200991988182
2024-05-15 16:40:58,853 - mainlogger - INFO - ********************************************************************************
2024-05-15 16:41:01,191 - mainlogger - INFO - valid
2024-05-15 16:41:05,267 - mainlogger - INFO - Dice score: 0.6716
2024-05-15 16:41:05,268 - mainlogger - INFO - Accuracy: 0.9338
2024-05-15 16:41:05,268 - mainlogger - INFO - Epoch 56  1.057066909968853
2024-05-15 16:41:05,268 - mainlogger - INFO - ********************************************************************************
2024-05-15 16:41:07,697 - mainlogger - INFO - valid
2024-05-15 16:41:11,962 - mainlogger - INFO - Dice score: 0.6471
2024-05-15 16:41:11,962 - mainlogger - INFO - Accuracy: 0.9313
2024-05-15 16:41:11,962 - mainlogger - INFO - Epoch 57  1.0340193882584572
2024-05-15 16:41:11,962 - mainlogger - INFO - ********************************************************************************
2024-05-15 16:41:14,613 - mainlogger - INFO - valid
2024-05-15 16:41:19,413 - mainlogger - INFO - Dice score: 0.6493
2024-05-15 16:41:19,413 - mainlogger - INFO - Accuracy: 0.9339
2024-05-15 16:41:19,413 - mainlogger - INFO - Epoch 58  1.0532520189881325
2024-05-15 16:41:19,413 - mainlogger - INFO - ********************************************************************************
2024-05-15 16:41:22,314 - mainlogger - INFO - valid
2024-05-15 16:41:27,356 - mainlogger - INFO - Dice score: 0.6552
2024-05-15 16:41:27,356 - mainlogger - INFO - Accuracy: 0.9312
2024-05-15 16:41:27,356 - mainlogger - INFO - Epoch 59  0.9998389184474945
2024-05-15 16:41:27,356 - mainlogger - INFO - ********************************************************************************
2024-05-15 16:41:30,176 - mainlogger - INFO - valid
2024-05-15 16:41:35,212 - mainlogger - INFO - Dice score: 0.6612
2024-05-15 16:41:35,212 - mainlogger - INFO - Accuracy: 0.9379
2024-05-15 16:41:35,212 - mainlogger - INFO - 6.141250000000001e-05->5.2200625000000005e-05
2024-05-15 16:41:35,212 - mainlogger - INFO - Epoch 60  1.0166178867220879
2024-05-15 16:41:35,212 - mainlogger - INFO - ********************************************************************************
2024-05-15 16:41:38,100 - mainlogger - INFO - valid
2024-05-15 16:41:42,618 - mainlogger - INFO - Dice score: 0.6479
2024-05-15 16:41:42,618 - mainlogger - INFO - Accuracy: 0.9333
2024-05-15 16:41:42,618 - mainlogger - INFO - Epoch 61  1.0294588506221771
2024-05-15 16:41:42,618 - mainlogger - INFO - train
2024-05-15 16:41:44,906 - mainlogger - INFO - Dice score: 0.8508
2024-05-15 16:41:44,906 - mainlogger - INFO - Accuracy: 0.9636
2024-05-15 16:41:44,906 - mainlogger - INFO - test
2024-05-15 16:41:49,138 - mainlogger - INFO - Dice score: 0.6444
2024-05-15 16:41:49,139 - mainlogger - INFO - Accuracy: 0.9339
2024-05-15 16:41:49,139 - mainlogger - INFO - ********************************************************************************
2024-05-15 16:41:51,677 - mainlogger - INFO - valid
2024-05-15 16:41:55,784 - mainlogger - INFO - Dice score: 0.6607
2024-05-15 16:41:55,784 - mainlogger - INFO - Accuracy: 0.9388
2024-05-15 16:41:55,784 - mainlogger - INFO - Epoch 62  1.017391063272953
2024-05-15 16:41:55,785 - mainlogger - INFO - ********************************************************************************
2024-05-15 16:41:58,391 - mainlogger - INFO - valid
2024-05-15 16:42:02,358 - mainlogger - INFO - Dice score: 0.6482
2024-05-15 16:42:02,358 - mainlogger - INFO - Accuracy: 0.9385
2024-05-15 16:42:02,358 - mainlogger - INFO - Epoch 63  1.0001252964138985
2024-05-15 16:42:02,358 - mainlogger - INFO - ********************************************************************************
2024-05-15 16:42:04,905 - mainlogger - INFO - valid
2024-05-15 16:42:09,518 - mainlogger - INFO - Dice score: 0.6686
2024-05-15 16:42:09,518 - mainlogger - INFO - Accuracy: 0.9361
2024-05-15 16:42:09,518 - mainlogger - INFO - 5.2200625000000005e-05->4.437053125e-05
2024-05-15 16:42:09,518 - mainlogger - INFO - Epoch 64  0.9901822358369827
2024-05-15 16:42:09,518 - mainlogger - INFO - ********************************************************************************
2024-05-15 16:42:12,007 - mainlogger - INFO - valid
2024-05-15 16:42:16,234 - mainlogger - INFO - Dice score: 0.6786
2024-05-15 16:42:16,234 - mainlogger - INFO - Accuracy: 0.9392
2024-05-15 16:42:16,234 - mainlogger - INFO - Epoch 65  0.9906143099069595
2024-05-15 16:42:16,234 - mainlogger - INFO - ********************************************************************************
2024-05-15 16:42:18,905 - mainlogger - INFO - valid
2024-05-15 16:42:23,995 - mainlogger - INFO - Dice score: 0.6513
2024-05-15 16:42:23,995 - mainlogger - INFO - Accuracy: 0.9334
2024-05-15 16:42:23,995 - mainlogger - INFO - Epoch 66  1.0422686338424683
2024-05-15 16:42:23,995 - mainlogger - INFO - ********************************************************************************
2024-05-15 16:42:26,908 - mainlogger - INFO - valid
2024-05-15 16:42:31,992 - mainlogger - INFO - Dice score: 0.6415
2024-05-15 16:42:31,992 - mainlogger - INFO - Accuracy: 0.9361
2024-05-15 16:42:31,992 - mainlogger - INFO - Epoch 67  0.9394646063446999
2024-05-15 16:42:31,992 - mainlogger - INFO - ********************************************************************************
2024-05-15 16:42:34,789 - mainlogger - INFO - valid
2024-05-15 16:42:39,803 - mainlogger - INFO - Dice score: 0.6419
2024-05-15 16:42:39,803 - mainlogger - INFO - Accuracy: 0.938
2024-05-15 16:42:39,803 - mainlogger - INFO - Epoch 68  0.9599398374557495
2024-05-15 16:42:39,803 - mainlogger - INFO - ********************************************************************************
2024-05-15 16:42:42,595 - mainlogger - INFO - valid
2024-05-15 16:42:46,825 - mainlogger - INFO - Dice score: 0.6428
2024-05-15 16:42:46,825 - mainlogger - INFO - Accuracy: 0.9316
2024-05-15 16:42:46,825 - mainlogger - INFO - 4.437053125e-05->3.77149515625e-05
2024-05-15 16:42:46,825 - mainlogger - INFO - Epoch 69  0.9578808397054672
2024-05-15 16:42:46,825 - mainlogger - INFO - ********************************************************************************
2024-05-15 16:42:49,262 - mainlogger - INFO - valid
2024-05-15 16:42:53,441 - mainlogger - INFO - Dice score: 0.6488
2024-05-15 16:42:53,441 - mainlogger - INFO - Accuracy: 0.9371
2024-05-15 16:42:53,441 - mainlogger - INFO - Epoch 70  0.8853855207562447
2024-05-15 16:42:53,441 - mainlogger - INFO - ********************************************************************************
2024-05-15 16:42:55,910 - mainlogger - INFO - valid
2024-05-15 16:43:00,038 - mainlogger - INFO - Dice score: 0.6625
2024-05-15 16:43:00,038 - mainlogger - INFO - Accuracy: 0.9368
2024-05-15 16:43:00,038 - mainlogger - INFO - Epoch 71  0.9244473055005074
2024-05-15 16:43:00,038 - mainlogger - INFO - train
2024-05-15 16:43:02,576 - mainlogger - INFO - Dice score: 0.9034
2024-05-15 16:43:02,576 - mainlogger - INFO - Accuracy: 0.9765
2024-05-15 16:43:02,576 - mainlogger - INFO - test
2024-05-15 16:43:06,751 - mainlogger - INFO - Dice score: 0.6472
2024-05-15 16:43:06,751 - mainlogger - INFO - Accuracy: 0.936
2024-05-15 16:43:06,751 - mainlogger - INFO - ********************************************************************************
2024-05-15 16:43:09,204 - mainlogger - INFO - valid
2024-05-15 16:43:13,446 - mainlogger - INFO - Dice score: 0.6536
2024-05-15 16:43:13,446 - mainlogger - INFO - Accuracy: 0.9327
2024-05-15 16:43:13,446 - mainlogger - INFO - Epoch 72  0.870107114315033
2024-05-15 16:43:13,446 - mainlogger - INFO - ********************************************************************************
2024-05-15 16:43:15,879 - mainlogger - INFO - valid
2024-05-15 16:43:20,221 - mainlogger - INFO - Dice score: 0.6641
2024-05-15 16:43:20,221 - mainlogger - INFO - Accuracy: 0.9314
2024-05-15 16:43:20,221 - mainlogger - INFO - 3.77149515625e-05->3.2057708828124995e-05
2024-05-15 16:43:20,221 - mainlogger - INFO - Epoch 73  0.9121940433979034
2024-05-15 16:43:20,221 - mainlogger - INFO - ********************************************************************************
2024-05-15 16:43:23,009 - mainlogger - INFO - valid
2024-05-15 16:43:28,123 - mainlogger - INFO - Dice score: 0.6622
2024-05-15 16:43:28,123 - mainlogger - INFO - Accuracy: 0.9352
2024-05-15 16:43:28,124 - mainlogger - INFO - Epoch 74  0.9529305696487427
2024-05-15 16:43:28,124 - mainlogger - INFO - ********************************************************************************
2024-05-15 16:43:31,076 - mainlogger - INFO - valid
2024-05-15 16:43:36,040 - mainlogger - INFO - Dice score: 0.6466
2024-05-15 16:43:36,041 - mainlogger - INFO - Accuracy: 0.9343
2024-05-15 16:43:36,041 - mainlogger - INFO - Epoch 75  0.9091483950614929
2024-05-15 16:43:36,041 - mainlogger - INFO - ********************************************************************************
2024-05-15 16:43:38,908 - mainlogger - INFO - valid
2024-05-15 16:43:43,916 - mainlogger - INFO - Dice score: 0.6393
2024-05-15 16:43:43,916 - mainlogger - INFO - Accuracy: 0.9369
2024-05-15 16:43:43,916 - mainlogger - INFO - Epoch 76  0.8528035283088684
2024-05-15 16:43:43,916 - mainlogger - INFO - ********************************************************************************
2024-05-15 16:43:46,786 - mainlogger - INFO - valid
2024-05-15 16:43:50,867 - mainlogger - INFO - Dice score: 0.6694
2024-05-15 16:43:50,867 - mainlogger - INFO - Accuracy: 0.9376
2024-05-15 16:43:50,867 - mainlogger - INFO - 3.2057708828124995e-05->2.7249052503906245e-05
2024-05-15 16:43:50,867 - mainlogger - INFO - Epoch 77  0.9002466797828674
2024-05-15 16:43:50,867 - mainlogger - INFO - ********************************************************************************
2024-05-15 16:43:53,306 - mainlogger - INFO - valid
2024-05-15 16:43:57,427 - mainlogger - INFO - Dice score: 0.6778
2024-05-15 16:43:57,427 - mainlogger - INFO - Accuracy: 0.9369
2024-05-15 16:43:57,427 - mainlogger - INFO - Epoch 78  0.8413042947649956
2024-05-15 16:43:57,427 - mainlogger - INFO - ********************************************************************************
2024-05-15 16:43:59,910 - mainlogger - INFO - valid
2024-05-15 16:44:03,843 - mainlogger - INFO - Dice score: 0.6727
2024-05-15 16:44:03,843 - mainlogger - INFO - Accuracy: 0.9356
2024-05-15 16:44:03,843 - mainlogger - INFO - Epoch 79  0.8579782620072365
2024-05-15 16:44:03,843 - mainlogger - INFO - ********************************************************************************
2024-05-15 16:44:06,213 - mainlogger - INFO - valid
2024-05-15 16:44:10,412 - mainlogger - INFO - Dice score: 0.688
2024-05-15 16:44:10,412 - mainlogger - INFO - Accuracy: 0.9409
2024-05-15 16:44:10,412 - mainlogger - INFO - Epoch 80  0.8861190304160118
2024-05-15 16:44:10,412 - mainlogger - INFO - ********************************************************************************
2024-05-15 16:44:13,006 - mainlogger - INFO - valid
2024-05-15 16:44:17,119 - mainlogger - INFO - Dice score: 0.6658
2024-05-15 16:44:17,119 - mainlogger - INFO - Accuracy: 0.9323
2024-05-15 16:44:17,119 - mainlogger - INFO - Epoch 81  0.9342990219593048
2024-05-15 16:44:17,119 - mainlogger - INFO - train
2024-05-15 16:44:19,514 - mainlogger - INFO - Dice score: 0.9034
2024-05-15 16:44:19,514 - mainlogger - INFO - Accuracy: 0.9763
2024-05-15 16:44:19,514 - mainlogger - INFO - test
2024-05-15 16:44:23,677 - mainlogger - INFO - Dice score: 0.6629
2024-05-15 16:44:23,677 - mainlogger - INFO - Accuracy: 0.9345
2024-05-15 16:44:23,677 - mainlogger - INFO - ********************************************************************************
2024-05-15 16:44:26,503 - mainlogger - INFO - valid
2024-05-15 16:44:31,550 - mainlogger - INFO - Dice score: 0.6705
2024-05-15 16:44:31,550 - mainlogger - INFO - Accuracy: 0.9381
2024-05-15 16:44:31,550 - mainlogger - INFO - Epoch 82  0.8158130049705505
2024-05-15 16:44:31,551 - mainlogger - INFO - ********************************************************************************
2024-05-15 16:44:34,404 - mainlogger - INFO - valid
2024-05-15 16:44:39,302 - mainlogger - INFO - Dice score: 0.6775
2024-05-15 16:44:39,302 - mainlogger - INFO - Accuracy: 0.9364
2024-05-15 16:44:39,303 - mainlogger - INFO - Epoch 83  0.8958424553275108
2024-05-15 16:44:39,303 - mainlogger - INFO - ********************************************************************************
2024-05-15 16:44:42,113 - mainlogger - INFO - valid
2024-05-15 16:44:46,815 - mainlogger - INFO - Dice score: 0.6158
2024-05-15 16:44:46,815 - mainlogger - INFO - Accuracy: 0.9375
2024-05-15 16:44:46,816 - mainlogger - INFO - 2.7249052503906245e-05->2.3161694628320308e-05
2024-05-15 16:44:46,816 - mainlogger - INFO - Epoch 84  0.8817539513111115
2024-05-15 16:44:46,816 - mainlogger - INFO - ********************************************************************************
2024-05-15 16:44:49,504 - mainlogger - INFO - valid
2024-05-15 16:44:53,696 - mainlogger - INFO - Dice score: 0.6164
2024-05-15 16:44:53,696 - mainlogger - INFO - Accuracy: 0.9368
2024-05-15 16:44:53,696 - mainlogger - INFO - Epoch 85  0.8092089891433716
2024-05-15 16:44:53,696 - mainlogger - INFO - ********************************************************************************
2024-05-15 16:44:56,195 - mainlogger - INFO - valid
2024-05-15 16:45:00,253 - mainlogger - INFO - Dice score: 0.6476
2024-05-15 16:45:00,253 - mainlogger - INFO - Accuracy: 0.9343
2024-05-15 16:45:00,253 - mainlogger - INFO - Epoch 86  0.8237011507153511
2024-05-15 16:45:00,253 - mainlogger - INFO - ********************************************************************************
2024-05-15 16:45:02,776 - mainlogger - INFO - valid
2024-05-15 16:45:07,026 - mainlogger - INFO - Dice score: 0.6513
2024-05-15 16:45:07,026 - mainlogger - INFO - Accuracy: 0.9378
2024-05-15 16:45:07,026 - mainlogger - INFO - Epoch 87  0.8451634272933006
2024-05-15 16:45:07,026 - mainlogger - INFO - ********************************************************************************
2024-05-15 16:45:09,712 - mainlogger - INFO - valid
2024-05-15 16:45:13,822 - mainlogger - INFO - Dice score: 0.6524
2024-05-15 16:45:13,823 - mainlogger - INFO - Accuracy: 0.9349
2024-05-15 16:45:13,823 - mainlogger - INFO - 2.3161694628320308e-05->1.9687440434072263e-05
2024-05-15 16:45:13,823 - mainlogger - INFO - Epoch 88  0.7972404360771179
2024-05-15 16:45:13,823 - mainlogger - INFO - ********************************************************************************
2024-05-15 16:45:16,302 - mainlogger - INFO - valid
2024-05-15 16:45:20,517 - mainlogger - INFO - Dice score: 0.6634
2024-05-15 16:45:20,517 - mainlogger - INFO - Accuracy: 0.9336
2024-05-15 16:45:20,517 - mainlogger - INFO - Epoch 89  0.8687641695141792
2024-05-15 16:45:20,517 - mainlogger - INFO - ********************************************************************************
2024-05-15 16:45:23,013 - mainlogger - INFO - valid
2024-05-15 16:45:27,091 - mainlogger - INFO - Dice score: 0.6632
2024-05-15 16:45:27,091 - mainlogger - INFO - Accuracy: 0.9307
2024-05-15 16:45:27,091 - mainlogger - INFO - Epoch 90  0.8236227184534073
2024-05-15 16:45:27,091 - mainlogger - INFO - ********************************************************************************
2024-05-15 16:45:29,699 - mainlogger - INFO - valid
2024-05-15 16:45:34,865 - mainlogger - INFO - Dice score: 0.6669
2024-05-15 16:45:34,865 - mainlogger - INFO - Accuracy: 0.9395
2024-05-15 16:45:34,865 - mainlogger - INFO - Epoch 91  0.8530678004026413
2024-05-15 16:45:34,865 - mainlogger - INFO - train
2024-05-15 16:45:38,059 - mainlogger - INFO - Dice score: 0.9114
2024-05-15 16:45:38,060 - mainlogger - INFO - Accuracy: 0.979
2024-05-15 16:45:38,060 - mainlogger - INFO - test
2024-05-15 16:45:43,452 - mainlogger - INFO - Dice score: 0.6459
2024-05-15 16:45:43,452 - mainlogger - INFO - Accuracy: 0.9376
2024-05-15 16:45:43,452 - mainlogger - INFO - ********************************************************************************
2024-05-15 16:45:46,402 - mainlogger - INFO - valid
2024-05-15 16:45:51,562 - mainlogger - INFO - Dice score: 0.6599
2024-05-15 16:45:51,562 - mainlogger - INFO - Accuracy: 0.937
2024-05-15 16:45:51,562 - mainlogger - INFO - 1.9687440434072263e-05->1.673432436896142e-05
2024-05-15 16:45:51,562 - mainlogger - INFO - Epoch 92  0.7808173969388008
2024-05-15 16:45:51,562 - mainlogger - INFO - ********************************************************************************
2024-05-15 16:45:54,194 - mainlogger - INFO - valid
2024-05-15 16:45:58,376 - mainlogger - INFO - Dice score: 0.6672
2024-05-15 16:45:58,376 - mainlogger - INFO - Accuracy: 0.9386
2024-05-15 16:45:58,376 - mainlogger - INFO - Epoch 93  0.7850305810570717
2024-05-15 16:45:58,376 - mainlogger - INFO - ********************************************************************************
2024-05-15 16:46:00,977 - mainlogger - INFO - valid
2024-05-15 16:46:05,235 - mainlogger - INFO - Dice score: 0.6596
2024-05-15 16:46:05,235 - mainlogger - INFO - Accuracy: 0.9358
2024-05-15 16:46:05,235 - mainlogger - INFO - Epoch 94  0.8434430658817291
2024-05-15 16:46:05,236 - mainlogger - INFO - ********************************************************************************
2024-05-15 16:46:07,704 - mainlogger - INFO - valid
2024-05-15 16:46:11,839 - mainlogger - INFO - Dice score: 0.6419
2024-05-15 16:46:11,839 - mainlogger - INFO - Accuracy: 0.9355
2024-05-15 16:46:11,839 - mainlogger - INFO - Epoch 95  0.821147695183754
2024-05-15 16:46:11,839 - mainlogger - INFO - ********************************************************************************
2024-05-15 16:46:14,321 - mainlogger - INFO - valid
2024-05-15 16:46:18,541 - mainlogger - INFO - Dice score: 0.6724
2024-05-15 16:46:18,541 - mainlogger - INFO - Accuracy: 0.9331
2024-05-15 16:46:18,542 - mainlogger - INFO - 1.673432436896142e-05->1.4224175713617208e-05
2024-05-15 16:46:18,542 - mainlogger - INFO - Epoch 96  0.7849892750382423
2024-05-15 16:46:18,542 - mainlogger - INFO - ********************************************************************************
2024-05-15 16:46:20,923 - mainlogger - INFO - valid
2024-05-15 16:46:25,149 - mainlogger - INFO - Dice score: 0.6803
2024-05-15 16:46:25,149 - mainlogger - INFO - Accuracy: 0.9389
2024-05-15 16:46:25,149 - mainlogger - INFO - Epoch 97  0.7661301791667938
2024-05-15 16:46:25,149 - mainlogger - INFO - ********************************************************************************
2024-05-15 16:46:27,710 - mainlogger - INFO - valid
2024-05-15 16:46:32,453 - mainlogger - INFO - Dice score: 0.6649
2024-05-15 16:46:32,453 - mainlogger - INFO - Accuracy: 0.9409
2024-05-15 16:46:32,453 - mainlogger - INFO - Epoch 98  0.7895104065537453
2024-05-15 16:46:32,453 - mainlogger - INFO - ********************************************************************************
2024-05-15 16:46:35,362 - mainlogger - INFO - valid
2024-05-15 16:46:40,177 - mainlogger - INFO - Dice score: 0.6527
2024-05-15 16:46:40,177 - mainlogger - INFO - Accuracy: 0.9388
2024-05-15 16:46:40,177 - mainlogger - INFO - Epoch 99  0.7703336328268051
2024-05-15 16:46:40,177 - mainlogger - INFO - train
2024-05-15 16:46:43,198 - mainlogger - INFO - Dice score: 0.9213
2024-05-15 16:46:43,198 - mainlogger - INFO - Accuracy: 0.9816
2024-05-15 16:46:43,198 - mainlogger - INFO - test
2024-05-15 16:46:48,263 - mainlogger - INFO - Dice score: 0.6301
2024-05-15 16:46:48,264 - mainlogger - INFO - Accuracy: 0.9368
2024-05-15 16:46:48,264 - mainlogger - INFO - ********************************************************************************
2024-05-15 16:46:48,265 - mainlogger - INFO - (78, 82)
2024-05-15 16:46:48,265 - mainlogger - INFO - 0.6749619416431487
