2024-05-15 22:13:43,592 - mainlogger - INFO - 7539
2024-05-15 22:13:43,592 - mainlogger - INFO - <class '__main__.Supervised'>
2024-05-15 22:13:43,592 - mainlogger - INFO - unet_config/attnunet.yaml
2024-05-15 22:13:43,592 - mainlogger - INFO - {'desc': 'attention-unet', 'batch_size': 8, 'epochs': 100, 'root_dir': '/Dataset_BUSI', 'model': {'name': 'unet.attention_unet.AttentionUNet', 'args': {'channels': [32, 64, 128, 256, 256, 512, 512]}}, 'trainset': {'name': 'datasetBUSI.mask_busi_single.MaskBUSISingle', 'args': {'root_dir': '/Dataset_BUSI', 'image_names_path': 'labeled20.txt', 'mode': 'train'}}, 'testset': {'name': 'datasetBUSI.mask_busi_single.MaskBUSISingle', 'args': {'root_dir': '/Dataset_BUSI', 'image_names_path': 'test.txt', 'mode': 'test'}}, 'validset': {'name': 'datasetBUSI.mask_busi_single.MaskBUSISingle', 'args': {'root_dir': '/Dataset_BUSI', 'image_names_path': 'val.txt', 'mode': 'test'}}, 'criterion': {'name': 'spgutils.focalloss.BinaryFocalLoss', 'args': {'gamma': 1}}, 'optimizer': {'name': 'torch.optim.Adam', 'args': {'lr': 0.0001}}, 'scheduler': {'name': 'torch.optim.lr_scheduler.ReduceLROnPlateau', 'args': {'mode': 'max', 'factor': 0.85, 'patience': 3}}}
2024-05-15 22:13:43,593 - mainlogger - INFO - 21.883240699768066
2024-05-15 22:13:48,727 - mainlogger - INFO - Epoch 0  2.7496074438095093
2024-05-15 22:13:48,727 - mainlogger - INFO - ********************************************************************************
2024-05-15 22:13:51,886 - mainlogger - INFO - Epoch 1  2.3800221979618073
2024-05-15 22:13:51,887 - mainlogger - INFO - train
2024-05-15 22:13:54,886 - mainlogger - INFO - Dice score: 7.108e-16
2024-05-15 22:13:54,886 - mainlogger - INFO - Accuracy: 0.8761
2024-05-15 22:13:54,886 - mainlogger - INFO - test
2024-05-15 22:14:00,687 - mainlogger - INFO - Dice score: 3.121e-06
2024-05-15 22:14:00,687 - mainlogger - INFO - Accuracy: 0.8997
2024-05-15 22:14:00,687 - mainlogger - INFO - ********************************************************************************
2024-05-15 22:14:03,720 - mainlogger - INFO - Epoch 2  2.143246129155159
2024-05-15 22:14:03,720 - mainlogger - INFO - ********************************************************************************
2024-05-15 22:14:07,097 - mainlogger - INFO - Epoch 3  1.9455719739198685
2024-05-15 22:14:07,097 - mainlogger - INFO - ********************************************************************************
2024-05-15 22:14:09,934 - mainlogger - INFO - Epoch 4  1.8619484454393387
2024-05-15 22:14:09,934 - mainlogger - INFO - ********************************************************************************
2024-05-15 22:14:12,820 - mainlogger - INFO - Epoch 5  1.7496472001075745
2024-05-15 22:14:12,821 - mainlogger - INFO - ********************************************************************************
2024-05-15 22:14:15,716 - mainlogger - INFO - Epoch 6  1.6985690891742706
2024-05-15 22:14:15,716 - mainlogger - INFO - ********************************************************************************
2024-05-15 22:14:18,538 - mainlogger - INFO - Epoch 7  1.7121972143650055
2024-05-15 22:14:18,538 - mainlogger - INFO - ********************************************************************************
2024-05-15 22:14:21,401 - mainlogger - INFO - Epoch 8  1.6484600901603699
2024-05-15 22:14:21,402 - mainlogger - INFO - ********************************************************************************
2024-05-15 22:14:24,310 - mainlogger - INFO - Epoch 9  1.5685674995183945
2024-05-15 22:14:24,311 - mainlogger - INFO - ********************************************************************************
2024-05-15 22:14:27,235 - mainlogger - INFO - Epoch 10  1.5178944543004036
2024-05-15 22:14:27,235 - mainlogger - INFO - ********************************************************************************
2024-05-15 22:14:30,018 - mainlogger - INFO - Epoch 11  1.4272620305418968
2024-05-15 22:14:30,018 - mainlogger - INFO - train
2024-05-15 22:14:32,703 - mainlogger - INFO - Dice score: 0.6908
2024-05-15 22:14:32,703 - mainlogger - INFO - Accuracy: 0.9162
2024-05-15 22:14:32,703 - mainlogger - INFO - test
2024-05-15 22:14:37,377 - mainlogger - INFO - Dice score: 0.597
2024-05-15 22:14:37,378 - mainlogger - INFO - Accuracy: 0.9058
2024-05-15 22:14:37,378 - mainlogger - INFO - ********************************************************************************
2024-05-15 22:14:40,299 - mainlogger - INFO - Epoch 12  1.4329385608434677
2024-05-15 22:14:40,299 - mainlogger - INFO - ********************************************************************************
2024-05-15 22:14:43,109 - mainlogger - INFO - Epoch 13  1.3726480826735497
2024-05-15 22:14:43,109 - mainlogger - INFO - ********************************************************************************
2024-05-15 22:14:46,016 - mainlogger - INFO - Epoch 14  1.3283709809184074
2024-05-15 22:14:46,017 - mainlogger - INFO - ********************************************************************************
2024-05-15 22:14:49,032 - mainlogger - INFO - Epoch 15  1.2854469642043114
2024-05-15 22:14:49,033 - mainlogger - INFO - ********************************************************************************
2024-05-15 22:14:52,218 - mainlogger - INFO - Epoch 16  1.3514930829405785
2024-05-15 22:14:52,218 - mainlogger - INFO - ********************************************************************************
2024-05-15 22:14:55,227 - mainlogger - INFO - Epoch 17  1.3350045084953308
2024-05-15 22:14:55,227 - mainlogger - INFO - ********************************************************************************
2024-05-15 22:14:58,732 - mainlogger - INFO - Epoch 18  1.2834467068314552
2024-05-15 22:14:58,733 - mainlogger - INFO - ********************************************************************************
2024-05-15 22:15:01,622 - mainlogger - INFO - Epoch 19  1.2391443103551865
2024-05-15 22:15:01,622 - mainlogger - INFO - ********************************************************************************
2024-05-15 22:15:04,736 - mainlogger - INFO - Epoch 20  1.263921968638897
2024-05-15 22:15:04,736 - mainlogger - INFO - ********************************************************************************
2024-05-15 22:15:07,812 - mainlogger - INFO - Epoch 21  1.2158391550183296
2024-05-15 22:15:07,812 - mainlogger - INFO - train
2024-05-15 22:15:10,984 - mainlogger - INFO - Dice score: 0.7233
2024-05-15 22:15:10,984 - mainlogger - INFO - Accuracy: 0.9409
2024-05-15 22:15:10,984 - mainlogger - INFO - test
2024-05-15 22:15:15,659 - mainlogger - INFO - Dice score: 0.5789
2024-05-15 22:15:15,660 - mainlogger - INFO - Accuracy: 0.921
2024-05-15 22:15:15,660 - mainlogger - INFO - ********************************************************************************
2024-05-15 22:15:18,408 - mainlogger - INFO - Epoch 22  1.1971953958272934
2024-05-15 22:15:18,408 - mainlogger - INFO - ********************************************************************************
2024-05-15 22:15:21,314 - mainlogger - INFO - Epoch 23  1.1205370798707008
2024-05-15 22:15:21,314 - mainlogger - INFO - ********************************************************************************
2024-05-15 22:15:24,044 - mainlogger - INFO - Epoch 24  1.118378683924675
2024-05-15 22:15:24,045 - mainlogger - INFO - ********************************************************************************
2024-05-15 22:15:26,914 - mainlogger - INFO - Epoch 25  1.1873514205217361
2024-05-15 22:15:26,915 - mainlogger - INFO - ********************************************************************************
2024-05-15 22:15:29,707 - mainlogger - INFO - Epoch 26  1.1309660151600838
2024-05-15 22:15:29,708 - mainlogger - INFO - ********************************************************************************
2024-05-15 22:15:32,492 - mainlogger - INFO - Epoch 27  1.1168593391776085
2024-05-15 22:15:32,492 - mainlogger - INFO - ********************************************************************************
2024-05-15 22:15:35,315 - mainlogger - INFO - Epoch 28  1.1363548412919044
2024-05-15 22:15:35,315 - mainlogger - INFO - ********************************************************************************
2024-05-15 22:15:38,120 - mainlogger - INFO - Epoch 29  1.1148541644215584
2024-05-15 22:15:38,121 - mainlogger - INFO - ********************************************************************************
2024-05-15 22:15:40,995 - mainlogger - INFO - Epoch 30  1.0492184609174728
2024-05-15 22:15:40,996 - mainlogger - INFO - ********************************************************************************
2024-05-15 22:15:43,524 - mainlogger - INFO - Epoch 31  1.1346028447151184
2024-05-15 22:15:43,524 - mainlogger - INFO - train
2024-05-15 22:15:46,190 - mainlogger - INFO - Dice score: 0.7559
2024-05-15 22:15:46,190 - mainlogger - INFO - Accuracy: 0.9388
2024-05-15 22:15:46,190 - mainlogger - INFO - test
2024-05-15 22:15:50,867 - mainlogger - INFO - Dice score: 0.5991
2024-05-15 22:15:50,867 - mainlogger - INFO - Accuracy: 0.9068
2024-05-15 22:15:50,867 - mainlogger - INFO - ********************************************************************************
2024-05-15 22:15:53,900 - mainlogger - INFO - Epoch 32  1.0287412777543068
2024-05-15 22:15:53,900 - mainlogger - INFO - ********************************************************************************
2024-05-15 22:15:57,011 - mainlogger - INFO - Epoch 33  1.0815479382872581
2024-05-15 22:15:57,012 - mainlogger - INFO - ********************************************************************************
2024-05-15 22:16:00,117 - mainlogger - INFO - Epoch 34  0.9193821549415588
2024-05-15 22:16:00,118 - mainlogger - INFO - ********************************************************************************
2024-05-15 22:16:03,225 - mainlogger - INFO - Epoch 35  0.8924685269594193
2024-05-15 22:16:03,226 - mainlogger - INFO - ********************************************************************************
2024-05-15 22:16:06,430 - mainlogger - INFO - Epoch 36  0.9289485216140747
2024-05-15 22:16:06,430 - mainlogger - INFO - ********************************************************************************
2024-05-15 22:16:09,807 - mainlogger - INFO - Epoch 37  0.946846067905426
2024-05-15 22:16:09,807 - mainlogger - INFO - ********************************************************************************
2024-05-15 22:16:12,830 - mainlogger - INFO - Epoch 38  0.9216768965125084
2024-05-15 22:16:12,830 - mainlogger - INFO - ********************************************************************************
2024-05-15 22:16:15,914 - mainlogger - INFO - Epoch 39  0.8873750641942024
2024-05-15 22:16:15,914 - mainlogger - INFO - ********************************************************************************
2024-05-15 22:16:18,818 - mainlogger - INFO - valid
2024-05-15 22:16:23,745 - mainlogger - INFO - Dice score: 0.6364
2024-05-15 22:16:23,745 - mainlogger - INFO - Accuracy: 0.9159
2024-05-15 22:16:23,746 - mainlogger - INFO - Epoch 40  0.9155434742569923
2024-05-15 22:16:23,746 - mainlogger - INFO - ********************************************************************************
2024-05-15 22:16:26,522 - mainlogger - INFO - valid
2024-05-15 22:16:30,963 - mainlogger - INFO - Dice score: 0.6403
2024-05-15 22:16:30,964 - mainlogger - INFO - Accuracy: 0.9237
2024-05-15 22:16:30,964 - mainlogger - INFO - Epoch 41  0.8837608397006989
2024-05-15 22:16:30,964 - mainlogger - INFO - train
2024-05-15 22:16:33,705 - mainlogger - INFO - Dice score: 0.8477
2024-05-15 22:16:33,705 - mainlogger - INFO - Accuracy: 0.9642
2024-05-15 22:16:33,706 - mainlogger - INFO - test
2024-05-15 22:16:38,058 - mainlogger - INFO - Dice score: 0.6515
2024-05-15 22:16:38,058 - mainlogger - INFO - Accuracy: 0.9278
2024-05-15 22:16:38,058 - mainlogger - INFO - ********************************************************************************
2024-05-15 22:16:40,916 - mainlogger - INFO - valid
2024-05-15 22:16:45,584 - mainlogger - INFO - Dice score: 0.5854
2024-05-15 22:16:45,584 - mainlogger - INFO - Accuracy: 0.9168
2024-05-15 22:16:45,584 - mainlogger - INFO - Epoch 42  0.8693659827113152
2024-05-15 22:16:45,584 - mainlogger - INFO - ********************************************************************************
2024-05-15 22:16:48,525 - mainlogger - INFO - valid
2024-05-15 22:16:52,848 - mainlogger - INFO - Dice score: 0.6522
2024-05-15 22:16:52,848 - mainlogger - INFO - Accuracy: 0.9267
2024-05-15 22:16:52,848 - mainlogger - INFO - Epoch 43  0.8223057389259338
2024-05-15 22:16:52,848 - mainlogger - INFO - ********************************************************************************
2024-05-15 22:16:55,915 - mainlogger - INFO - valid
2024-05-15 22:17:01,062 - mainlogger - INFO - Dice score: 0.6311
2024-05-15 22:17:01,062 - mainlogger - INFO - Accuracy: 0.9155
2024-05-15 22:17:01,062 - mainlogger - INFO - Epoch 44  0.850033700466156
2024-05-15 22:17:01,062 - mainlogger - INFO - ********************************************************************************
2024-05-15 22:17:04,110 - mainlogger - INFO - valid
2024-05-15 22:17:09,450 - mainlogger - INFO - Dice score: 0.6416
2024-05-15 22:17:09,451 - mainlogger - INFO - Accuracy: 0.9332
2024-05-15 22:17:09,451 - mainlogger - INFO - Epoch 45  0.8447505980730057
2024-05-15 22:17:09,451 - mainlogger - INFO - ********************************************************************************
2024-05-15 22:17:12,523 - mainlogger - INFO - valid
2024-05-15 22:17:18,044 - mainlogger - INFO - Dice score: 0.5701
2024-05-15 22:17:18,044 - mainlogger - INFO - Accuracy: 0.8985
2024-05-15 22:17:18,044 - mainlogger - INFO - Epoch 46  0.8745668977499008
2024-05-15 22:17:18,044 - mainlogger - INFO - ********************************************************************************
2024-05-15 22:17:21,014 - mainlogger - INFO - valid
2024-05-15 22:17:25,528 - mainlogger - INFO - Dice score: 0.6121
2024-05-15 22:17:25,528 - mainlogger - INFO - Accuracy: 0.9331
2024-05-15 22:17:25,528 - mainlogger - INFO - 0.0001->8.5e-05
2024-05-15 22:17:25,528 - mainlogger - INFO - Epoch 47  0.8427165225148201
2024-05-15 22:17:25,528 - mainlogger - INFO - ********************************************************************************
2024-05-15 22:17:28,296 - mainlogger - INFO - valid
2024-05-15 22:17:32,740 - mainlogger - INFO - Dice score: 0.6335
2024-05-15 22:17:32,740 - mainlogger - INFO - Accuracy: 0.9198
2024-05-15 22:17:32,740 - mainlogger - INFO - Epoch 48  0.9198687598109245
2024-05-15 22:17:32,740 - mainlogger - INFO - ********************************************************************************
2024-05-15 22:17:35,488 - mainlogger - INFO - valid
2024-05-15 22:17:39,774 - mainlogger - INFO - Dice score: 0.6446
2024-05-15 22:17:39,774 - mainlogger - INFO - Accuracy: 0.9304
2024-05-15 22:17:39,774 - mainlogger - INFO - Epoch 49  0.8620683699846268
2024-05-15 22:17:39,774 - mainlogger - INFO - ********************************************************************************
2024-05-15 22:17:42,716 - mainlogger - INFO - valid
2024-05-15 22:17:47,047 - mainlogger - INFO - Dice score: 0.6616
2024-05-15 22:17:47,047 - mainlogger - INFO - Accuracy: 0.9354
2024-05-15 22:17:47,048 - mainlogger - INFO - Epoch 50  0.7663711346685886
2024-05-15 22:17:47,048 - mainlogger - INFO - ********************************************************************************
2024-05-15 22:17:49,919 - mainlogger - INFO - valid
2024-05-15 22:17:54,454 - mainlogger - INFO - Dice score: 0.6575
2024-05-15 22:17:54,454 - mainlogger - INFO - Accuracy: 0.9304
2024-05-15 22:17:54,454 - mainlogger - INFO - Epoch 51  0.7590431906282902
2024-05-15 22:17:54,454 - mainlogger - INFO - train
2024-05-15 22:17:57,013 - mainlogger - INFO - Dice score: 0.8405
2024-05-15 22:17:57,013 - mainlogger - INFO - Accuracy: 0.9617
2024-05-15 22:17:57,013 - mainlogger - INFO - test
2024-05-15 22:18:02,077 - mainlogger - INFO - Dice score: 0.6697
2024-05-15 22:18:02,077 - mainlogger - INFO - Accuracy: 0.937
2024-05-15 22:18:02,077 - mainlogger - INFO - ********************************************************************************
2024-05-15 22:18:05,427 - mainlogger - INFO - valid
2024-05-15 22:18:10,941 - mainlogger - INFO - Dice score: 0.6439
2024-05-15 22:18:10,942 - mainlogger - INFO - Accuracy: 0.9319
2024-05-15 22:18:10,942 - mainlogger - INFO - Epoch 52  0.7644472680985928
2024-05-15 22:18:10,942 - mainlogger - INFO - ********************************************************************************
2024-05-15 22:18:14,212 - mainlogger - INFO - valid
2024-05-15 22:18:19,602 - mainlogger - INFO - Dice score: 0.6529
2024-05-15 22:18:19,603 - mainlogger - INFO - Accuracy: 0.9283
2024-05-15 22:18:19,603 - mainlogger - INFO - Epoch 53  0.8099839389324188
2024-05-15 22:18:19,603 - mainlogger - INFO - ********************************************************************************
2024-05-15 22:18:22,628 - mainlogger - INFO - valid
2024-05-15 22:18:26,998 - mainlogger - INFO - Dice score: 0.6212
2024-05-15 22:18:26,998 - mainlogger - INFO - Accuracy: 0.9186
2024-05-15 22:18:26,998 - mainlogger - INFO - 8.5e-05->7.225000000000001e-05
2024-05-15 22:18:26,998 - mainlogger - INFO - Epoch 54  0.7588242329657078
2024-05-15 22:18:26,998 - mainlogger - INFO - ********************************************************************************
2024-05-15 22:18:29,699 - mainlogger - INFO - valid
2024-05-15 22:18:33,989 - mainlogger - INFO - Dice score: 0.646
2024-05-15 22:18:33,989 - mainlogger - INFO - Accuracy: 0.9273
2024-05-15 22:18:33,989 - mainlogger - INFO - Epoch 55  0.7172782048583031
2024-05-15 22:18:33,989 - mainlogger - INFO - ********************************************************************************
2024-05-15 22:18:37,028 - mainlogger - INFO - valid
2024-05-15 22:18:41,570 - mainlogger - INFO - Dice score: 0.61
2024-05-15 22:18:41,571 - mainlogger - INFO - Accuracy: 0.9109
2024-05-15 22:18:41,571 - mainlogger - INFO - Epoch 56  0.7364925481379032
2024-05-15 22:18:41,571 - mainlogger - INFO - ********************************************************************************
2024-05-15 22:18:44,401 - mainlogger - INFO - valid
2024-05-15 22:18:48,658 - mainlogger - INFO - Dice score: 0.6204
2024-05-15 22:18:48,658 - mainlogger - INFO - Accuracy: 0.9282
2024-05-15 22:18:48,658 - mainlogger - INFO - Epoch 57  0.6908777505159378
2024-05-15 22:18:48,658 - mainlogger - INFO - ********************************************************************************
2024-05-15 22:18:51,508 - mainlogger - INFO - valid
2024-05-15 22:18:56,153 - mainlogger - INFO - Dice score: 0.6337
2024-05-15 22:18:56,153 - mainlogger - INFO - Accuracy: 0.931
2024-05-15 22:18:56,153 - mainlogger - INFO - 7.225000000000001e-05->6.141250000000001e-05
2024-05-15 22:18:56,153 - mainlogger - INFO - Epoch 58  0.726562075316906
2024-05-15 22:18:56,153 - mainlogger - INFO - ********************************************************************************
2024-05-15 22:18:59,024 - mainlogger - INFO - valid
2024-05-15 22:19:03,931 - mainlogger - INFO - Dice score: 0.6503
2024-05-15 22:19:03,931 - mainlogger - INFO - Accuracy: 0.9287
2024-05-15 22:19:03,931 - mainlogger - INFO - Epoch 59  0.6860928200185299
2024-05-15 22:19:03,931 - mainlogger - INFO - ********************************************************************************
2024-05-15 22:19:07,428 - mainlogger - INFO - valid
2024-05-15 22:19:12,657 - mainlogger - INFO - Dice score: 0.6519
2024-05-15 22:19:12,657 - mainlogger - INFO - Accuracy: 0.9385
2024-05-15 22:19:12,657 - mainlogger - INFO - Epoch 60  0.7262191660702229
2024-05-15 22:19:12,657 - mainlogger - INFO - ********************************************************************************
2024-05-15 22:19:15,709 - mainlogger - INFO - valid
2024-05-15 22:19:20,963 - mainlogger - INFO - Dice score: 0.6479
2024-05-15 22:19:20,964 - mainlogger - INFO - Accuracy: 0.9291
2024-05-15 22:19:20,964 - mainlogger - INFO - Epoch 61  0.6550080627202988
2024-05-15 22:19:20,964 - mainlogger - INFO - train
2024-05-15 22:19:24,180 - mainlogger - INFO - Dice score: 0.8793
2024-05-15 22:19:24,180 - mainlogger - INFO - Accuracy: 0.9696
2024-05-15 22:19:24,181 - mainlogger - INFO - test
2024-05-15 22:19:28,798 - mainlogger - INFO - Dice score: 0.6452
2024-05-15 22:19:28,798 - mainlogger - INFO - Accuracy: 0.9322
2024-05-15 22:19:28,798 - mainlogger - INFO - ********************************************************************************
2024-05-15 22:19:31,624 - mainlogger - INFO - valid
2024-05-15 22:19:36,185 - mainlogger - INFO - Dice score: 0.6724
2024-05-15 22:19:36,186 - mainlogger - INFO - Accuracy: 0.9299
2024-05-15 22:19:36,186 - mainlogger - INFO - Epoch 62  0.6672252789139748
2024-05-15 22:19:36,186 - mainlogger - INFO - ********************************************************************************
2024-05-15 22:19:39,025 - mainlogger - INFO - valid
2024-05-15 22:19:43,541 - mainlogger - INFO - Dice score: 0.6579
2024-05-15 22:19:43,541 - mainlogger - INFO - Accuracy: 0.9326
2024-05-15 22:19:43,541 - mainlogger - INFO - Epoch 63  0.6644068509340286
2024-05-15 22:19:43,541 - mainlogger - INFO - ********************************************************************************
2024-05-15 22:19:46,414 - mainlogger - INFO - valid
2024-05-15 22:19:50,675 - mainlogger - INFO - Dice score: 0.6451
2024-05-15 22:19:50,675 - mainlogger - INFO - Accuracy: 0.9233
2024-05-15 22:19:50,675 - mainlogger - INFO - Epoch 64  0.6445181295275688
2024-05-15 22:19:50,675 - mainlogger - INFO - ********************************************************************************
2024-05-15 22:19:53,412 - mainlogger - INFO - valid
2024-05-15 22:19:58,030 - mainlogger - INFO - Dice score: 0.6365
2024-05-15 22:19:58,030 - mainlogger - INFO - Accuracy: 0.9191
2024-05-15 22:19:58,030 - mainlogger - INFO - Epoch 65  0.6781264916062355
2024-05-15 22:19:58,030 - mainlogger - INFO - ********************************************************************************
2024-05-15 22:20:00,911 - mainlogger - INFO - valid
2024-05-15 22:20:05,496 - mainlogger - INFO - Dice score: 0.6466
2024-05-15 22:20:05,496 - mainlogger - INFO - Accuracy: 0.9337
2024-05-15 22:20:05,496 - mainlogger - INFO - 6.141250000000001e-05->5.2200625000000005e-05
2024-05-15 22:20:05,496 - mainlogger - INFO - Epoch 66  0.7591284066438675
2024-05-15 22:20:05,496 - mainlogger - INFO - ********************************************************************************
2024-05-15 22:20:08,206 - mainlogger - INFO - valid
2024-05-15 22:20:13,581 - mainlogger - INFO - Dice score: 0.6501
2024-05-15 22:20:13,581 - mainlogger - INFO - Accuracy: 0.9307
2024-05-15 22:20:13,581 - mainlogger - INFO - Epoch 67  0.610500693321228
2024-05-15 22:20:13,581 - mainlogger - INFO - ********************************************************************************
2024-05-15 22:20:16,535 - mainlogger - INFO - valid
2024-05-15 22:20:21,846 - mainlogger - INFO - Dice score: 0.6454
2024-05-15 22:20:21,846 - mainlogger - INFO - Accuracy: 0.94
2024-05-15 22:20:21,846 - mainlogger - INFO - Epoch 68  0.6431136354804039
2024-05-15 22:20:21,846 - mainlogger - INFO - ********************************************************************************
2024-05-15 22:20:25,169 - mainlogger - INFO - valid
2024-05-15 22:20:30,480 - mainlogger - INFO - Dice score: 0.649
2024-05-15 22:20:30,480 - mainlogger - INFO - Accuracy: 0.9307
2024-05-15 22:20:30,481 - mainlogger - INFO - Epoch 69  0.643618032336235
2024-05-15 22:20:30,481 - mainlogger - INFO - ********************************************************************************
2024-05-15 22:20:33,521 - mainlogger - INFO - valid
2024-05-15 22:20:37,962 - mainlogger - INFO - Dice score: 0.6497
2024-05-15 22:20:37,962 - mainlogger - INFO - Accuracy: 0.9289
2024-05-15 22:20:37,962 - mainlogger - INFO - 5.2200625000000005e-05->4.437053125e-05
2024-05-15 22:20:37,962 - mainlogger - INFO - Epoch 70  0.5699412040412426
2024-05-15 22:20:37,962 - mainlogger - INFO - ********************************************************************************
2024-05-15 22:20:40,907 - mainlogger - INFO - valid
2024-05-15 22:20:45,396 - mainlogger - INFO - Dice score: 0.6569
2024-05-15 22:20:45,396 - mainlogger - INFO - Accuracy: 0.9273
2024-05-15 22:20:45,396 - mainlogger - INFO - Epoch 71  0.6073660776019096
2024-05-15 22:20:45,397 - mainlogger - INFO - train
2024-05-15 22:20:48,091 - mainlogger - INFO - Dice score: 0.9045
2024-05-15 22:20:48,091 - mainlogger - INFO - Accuracy: 0.9762
2024-05-15 22:20:48,091 - mainlogger - INFO - test
2024-05-15 22:20:52,930 - mainlogger - INFO - Dice score: 0.645
2024-05-15 22:20:52,930 - mainlogger - INFO - Accuracy: 0.9289
2024-05-15 22:20:52,930 - mainlogger - INFO - ********************************************************************************
2024-05-15 22:20:55,796 - mainlogger - INFO - valid
2024-05-15 22:21:00,144 - mainlogger - INFO - Dice score: 0.6572
2024-05-15 22:21:00,144 - mainlogger - INFO - Accuracy: 0.9291
2024-05-15 22:21:00,144 - mainlogger - INFO - Epoch 72  0.5290079079568386
2024-05-15 22:21:00,144 - mainlogger - INFO - ********************************************************************************
2024-05-15 22:21:03,020 - mainlogger - INFO - valid
2024-05-15 22:21:07,492 - mainlogger - INFO - Dice score: 0.6591
2024-05-15 22:21:07,492 - mainlogger - INFO - Accuracy: 0.9304
2024-05-15 22:21:07,492 - mainlogger - INFO - Epoch 73  0.570120882242918
2024-05-15 22:21:07,492 - mainlogger - INFO - ********************************************************************************
2024-05-15 22:21:10,419 - mainlogger - INFO - valid
2024-05-15 22:21:15,891 - mainlogger - INFO - Dice score: 0.6489
2024-05-15 22:21:15,891 - mainlogger - INFO - Accuracy: 0.9276
2024-05-15 22:21:15,891 - mainlogger - INFO - 4.437053125e-05->3.77149515625e-05
2024-05-15 22:21:15,891 - mainlogger - INFO - Epoch 74  0.6756766401231289
2024-05-15 22:21:15,891 - mainlogger - INFO - ********************************************************************************
2024-05-15 22:21:19,015 - mainlogger - INFO - valid
2024-05-15 22:21:24,242 - mainlogger - INFO - Dice score: 0.6493
2024-05-15 22:21:24,242 - mainlogger - INFO - Accuracy: 0.9262
2024-05-15 22:21:24,242 - mainlogger - INFO - Epoch 75  0.629515029489994
2024-05-15 22:21:24,242 - mainlogger - INFO - ********************************************************************************
2024-05-15 22:21:27,526 - mainlogger - INFO - valid
2024-05-15 22:21:32,740 - mainlogger - INFO - Dice score: 0.6627
2024-05-15 22:21:32,741 - mainlogger - INFO - Accuracy: 0.9387
2024-05-15 22:21:32,741 - mainlogger - INFO - Epoch 76  0.5510622411966324
2024-05-15 22:21:32,741 - mainlogger - INFO - ********************************************************************************
2024-05-15 22:21:35,619 - mainlogger - INFO - valid
2024-05-15 22:21:39,963 - mainlogger - INFO - Dice score: 0.6472
2024-05-15 22:21:39,963 - mainlogger - INFO - Accuracy: 0.9358
2024-05-15 22:21:39,963 - mainlogger - INFO - Epoch 77  0.5678132809698582
2024-05-15 22:21:39,964 - mainlogger - INFO - ********************************************************************************
2024-05-15 22:21:42,412 - mainlogger - INFO - valid
2024-05-15 22:21:46,530 - mainlogger - INFO - Dice score: 0.6537
2024-05-15 22:21:46,530 - mainlogger - INFO - Accuracy: 0.9269
2024-05-15 22:21:46,530 - mainlogger - INFO - 3.77149515625e-05->3.2057708828124995e-05
2024-05-15 22:21:46,530 - mainlogger - INFO - Epoch 78  0.5428028330206871
2024-05-15 22:21:46,530 - mainlogger - INFO - ********************************************************************************
2024-05-15 22:21:49,017 - mainlogger - INFO - valid
2024-05-15 22:21:53,102 - mainlogger - INFO - Dice score: 0.678
2024-05-15 22:21:53,102 - mainlogger - INFO - Accuracy: 0.9366
2024-05-15 22:21:53,102 - mainlogger - INFO - Epoch 79  0.6157357431948185
2024-05-15 22:21:53,102 - mainlogger - INFO - ********************************************************************************
2024-05-15 22:21:55,791 - mainlogger - INFO - valid
2024-05-15 22:21:59,983 - mainlogger - INFO - Dice score: 0.6588
2024-05-15 22:21:59,983 - mainlogger - INFO - Accuracy: 0.9282
2024-05-15 22:21:59,983 - mainlogger - INFO - Epoch 80  0.5411831401288509
2024-05-15 22:21:59,983 - mainlogger - INFO - ********************************************************************************
2024-05-15 22:22:02,495 - mainlogger - INFO - valid
2024-05-15 22:22:06,589 - mainlogger - INFO - Dice score: 0.6247
2024-05-15 22:22:06,589 - mainlogger - INFO - Accuracy: 0.9157
2024-05-15 22:22:06,589 - mainlogger - INFO - Epoch 81  0.6235743351280689
2024-05-15 22:22:06,589 - mainlogger - INFO - train
2024-05-15 22:22:09,044 - mainlogger - INFO - Dice score: 0.9079
2024-05-15 22:22:09,044 - mainlogger - INFO - Accuracy: 0.9767
2024-05-15 22:22:09,044 - mainlogger - INFO - test
2024-05-15 22:22:13,537 - mainlogger - INFO - Dice score: 0.6416
2024-05-15 22:22:13,537 - mainlogger - INFO - Accuracy: 0.925
2024-05-15 22:22:13,537 - mainlogger - INFO - ********************************************************************************
2024-05-15 22:22:16,133 - mainlogger - INFO - valid
2024-05-15 22:22:21,275 - mainlogger - INFO - Dice score: 0.644
2024-05-15 22:22:21,275 - mainlogger - INFO - Accuracy: 0.9253
2024-05-15 22:22:21,276 - mainlogger - INFO - Epoch 82  0.5108525566756725
2024-05-15 22:22:21,276 - mainlogger - INFO - ********************************************************************************
2024-05-15 22:22:24,208 - mainlogger - INFO - valid
2024-05-15 22:22:29,330 - mainlogger - INFO - Dice score: 0.6674
2024-05-15 22:22:29,330 - mainlogger - INFO - Accuracy: 0.9352
2024-05-15 22:22:29,330 - mainlogger - INFO - 3.2057708828124995e-05->2.7249052503906245e-05
2024-05-15 22:22:29,330 - mainlogger - INFO - Epoch 83  0.5314092189073563
2024-05-15 22:22:29,330 - mainlogger - INFO - ********************************************************************************
2024-05-15 22:22:32,303 - mainlogger - INFO - valid
2024-05-15 22:22:37,509 - mainlogger - INFO - Dice score: 0.6604
2024-05-15 22:22:37,509 - mainlogger - INFO - Accuracy: 0.9375
2024-05-15 22:22:37,509 - mainlogger - INFO - Epoch 84  0.5297841802239418
2024-05-15 22:22:37,509 - mainlogger - INFO - ********************************************************************************
2024-05-15 22:22:40,389 - mainlogger - INFO - valid
2024-05-15 22:22:44,271 - mainlogger - INFO - Dice score: 0.651
2024-05-15 22:22:44,271 - mainlogger - INFO - Accuracy: 0.9363
2024-05-15 22:22:44,271 - mainlogger - INFO - Epoch 85  0.48265526816248894
2024-05-15 22:22:44,271 - mainlogger - INFO - ********************************************************************************
2024-05-15 22:22:47,010 - mainlogger - INFO - valid
2024-05-15 22:22:51,128 - mainlogger - INFO - Dice score: 0.6488
2024-05-15 22:22:51,128 - mainlogger - INFO - Accuracy: 0.9287
2024-05-15 22:22:51,128 - mainlogger - INFO - Epoch 86  0.5205797292292118
2024-05-15 22:22:51,128 - mainlogger - INFO - ********************************************************************************
2024-05-15 22:22:53,606 - mainlogger - INFO - valid
2024-05-15 22:22:57,756 - mainlogger - INFO - Dice score: 0.6692
2024-05-15 22:22:57,756 - mainlogger - INFO - Accuracy: 0.9338
2024-05-15 22:22:57,756 - mainlogger - INFO - 2.7249052503906245e-05->2.3161694628320308e-05
2024-05-15 22:22:57,756 - mainlogger - INFO - Epoch 87  0.5121195204555988
2024-05-15 22:22:57,756 - mainlogger - INFO - ********************************************************************************
2024-05-15 22:23:00,511 - mainlogger - INFO - valid
2024-05-15 22:23:04,702 - mainlogger - INFO - Dice score: 0.6732
2024-05-15 22:23:04,702 - mainlogger - INFO - Accuracy: 0.9346
2024-05-15 22:23:04,702 - mainlogger - INFO - Epoch 88  0.46451426297426224
2024-05-15 22:23:04,702 - mainlogger - INFO - ********************************************************************************
2024-05-15 22:23:07,502 - mainlogger - INFO - valid
2024-05-15 22:23:11,679 - mainlogger - INFO - Dice score: 0.6715
2024-05-15 22:23:11,679 - mainlogger - INFO - Accuracy: 0.9368
2024-05-15 22:23:11,679 - mainlogger - INFO - Epoch 89  0.4864885099232197
2024-05-15 22:23:11,679 - mainlogger - INFO - ********************************************************************************
2024-05-15 22:23:14,388 - mainlogger - INFO - valid
2024-05-15 22:23:18,875 - mainlogger - INFO - Dice score: 0.667
2024-05-15 22:23:18,875 - mainlogger - INFO - Accuracy: 0.9328
2024-05-15 22:23:18,875 - mainlogger - INFO - Epoch 90  0.4806346967816353
2024-05-15 22:23:18,875 - mainlogger - INFO - ********************************************************************************
2024-05-15 22:23:21,802 - mainlogger - INFO - valid
2024-05-15 22:23:26,944 - mainlogger - INFO - Dice score: 0.6658
2024-05-15 22:23:26,944 - mainlogger - INFO - Accuracy: 0.9326
2024-05-15 22:23:26,944 - mainlogger - INFO - 2.3161694628320308e-05->1.9687440434072263e-05
2024-05-15 22:23:26,944 - mainlogger - INFO - Epoch 91  0.5176791027188301
2024-05-15 22:23:26,944 - mainlogger - INFO - train
2024-05-15 22:23:30,083 - mainlogger - INFO - Dice score: 0.9186
2024-05-15 22:23:30,083 - mainlogger - INFO - Accuracy: 0.9802
2024-05-15 22:23:30,083 - mainlogger - INFO - test
2024-05-15 22:23:35,261 - mainlogger - INFO - Dice score: 0.6323
2024-05-15 22:23:35,261 - mainlogger - INFO - Accuracy: 0.9284
2024-05-15 22:23:35,261 - mainlogger - INFO - ********************************************************************************
2024-05-15 22:23:38,230 - mainlogger - INFO - valid
2024-05-15 22:23:43,001 - mainlogger - INFO - Dice score: 0.6614
2024-05-15 22:23:43,001 - mainlogger - INFO - Accuracy: 0.9334
2024-05-15 22:23:43,001 - mainlogger - INFO - Epoch 92  0.47881080210208893
2024-05-15 22:23:43,001 - mainlogger - INFO - ********************************************************************************
2024-05-15 22:23:45,692 - mainlogger - INFO - valid
2024-05-15 22:23:49,879 - mainlogger - INFO - Dice score: 0.6646
2024-05-15 22:23:49,879 - mainlogger - INFO - Accuracy: 0.9323
2024-05-15 22:23:49,879 - mainlogger - INFO - Epoch 93  0.46580205112695694
2024-05-15 22:23:49,879 - mainlogger - INFO - ********************************************************************************
2024-05-15 22:23:52,307 - mainlogger - INFO - valid
2024-05-15 22:23:56,540 - mainlogger - INFO - Dice score: 0.6623
2024-05-15 22:23:56,541 - mainlogger - INFO - Accuracy: 0.9341
2024-05-15 22:23:56,541 - mainlogger - INFO - Epoch 94  0.49940115585923195
2024-05-15 22:23:56,541 - mainlogger - INFO - ********************************************************************************
2024-05-15 22:23:59,313 - mainlogger - INFO - valid
2024-05-15 22:24:03,454 - mainlogger - INFO - Dice score: 0.6561
2024-05-15 22:24:03,454 - mainlogger - INFO - Accuracy: 0.9342
2024-05-15 22:24:03,454 - mainlogger - INFO - 1.9687440434072263e-05->1.673432436896142e-05
2024-05-15 22:24:03,454 - mainlogger - INFO - Epoch 95  0.5046025477349758
2024-05-15 22:24:03,454 - mainlogger - INFO - ********************************************************************************
2024-05-15 22:24:06,234 - mainlogger - INFO - valid
2024-05-15 22:24:10,443 - mainlogger - INFO - Dice score: 0.6661
2024-05-15 22:24:10,443 - mainlogger - INFO - Accuracy: 0.9353
2024-05-15 22:24:10,444 - mainlogger - INFO - Epoch 96  0.458663884550333
2024-05-15 22:24:10,444 - mainlogger - INFO - ********************************************************************************
2024-05-15 22:24:13,309 - mainlogger - INFO - valid
2024-05-15 22:24:17,517 - mainlogger - INFO - Dice score: 0.6748
2024-05-15 22:24:17,517 - mainlogger - INFO - Accuracy: 0.9395
2024-05-15 22:24:17,517 - mainlogger - INFO - Epoch 97  0.44008946046233177
2024-05-15 22:24:17,517 - mainlogger - INFO - ********************************************************************************
2024-05-15 22:24:20,355 - mainlogger - INFO - valid
2024-05-15 22:24:25,642 - mainlogger - INFO - Dice score: 0.6745
2024-05-15 22:24:25,642 - mainlogger - INFO - Accuracy: 0.9423
2024-05-15 22:24:25,642 - mainlogger - INFO - Epoch 98  0.4861384406685829
2024-05-15 22:24:25,642 - mainlogger - INFO - ********************************************************************************
2024-05-15 22:24:29,131 - mainlogger - INFO - valid
2024-05-15 22:24:34,331 - mainlogger - INFO - Dice score: 0.6721
2024-05-15 22:24:34,331 - mainlogger - INFO - Accuracy: 0.9402
2024-05-15 22:24:34,332 - mainlogger - INFO - 1.673432436896142e-05->1.4224175713617208e-05
2024-05-15 22:24:34,332 - mainlogger - INFO - Epoch 99  0.4499235153198242
2024-05-15 22:24:34,332 - mainlogger - INFO - train
2024-05-15 22:24:37,488 - mainlogger - INFO - Dice score: 0.9279
2024-05-15 22:24:37,488 - mainlogger - INFO - Accuracy: 0.9827
2024-05-15 22:24:37,488 - mainlogger - INFO - test
2024-05-15 22:24:42,564 - mainlogger - INFO - Dice score: 0.6459
2024-05-15 22:24:42,565 - mainlogger - INFO - Accuracy: 0.9333
2024-05-15 22:24:42,565 - mainlogger - INFO - ********************************************************************************
2024-05-15 22:24:42,565 - mainlogger - INFO - (87, 91)
2024-05-15 22:24:42,565 - mainlogger - INFO - 0.6693373980687427
