2024-05-15 21:49:33,374 - mainlogger - INFO - 5977
2024-05-15 21:49:33,374 - mainlogger - INFO - <class '__main__.Supervised'>
2024-05-15 21:49:33,374 - mainlogger - INFO - unet_config/skunet.yaml
2024-05-15 21:49:33,374 - mainlogger - INFO - {'desc': 'attention-unet', 'batch_size': 8, 'epochs': 100, 'root_dir': '/Dataset_BUSI', 'model': {'name': 'unet.skunet.SKUNet', 'args': {'channels': [32, 64, 128, 256, 512, 512]}}, 'trainset': {'name': 'datasetBUSI.mask_busi_single.MaskBUSISingle', 'args': {'root_dir': '/Dataset_BUSI', 'image_names_path': 'labeled20.txt', 'mode': 'train'}}, 'testset': {'name': 'datasetBUSI.mask_busi_single.MaskBUSISingle', 'args': {'root_dir': '/Dataset_BUSI', 'image_names_path': 'test.txt', 'mode': 'test'}}, 'validset': {'name': 'datasetBUSI.mask_busi_single.MaskBUSISingle', 'args': {'root_dir': '/Dataset_BUSI', 'image_names_path': 'val.txt', 'mode': 'test'}}, 'criterion': {'name': 'spgutils.focalloss.BinaryFocalLoss', 'args': {'gamma': 1}}, 'optimizer': {'name': 'torch.optim.Adam', 'args': {'lr': 0.0001}}, 'scheduler': {'name': 'torch.optim.lr_scheduler.ReduceLROnPlateau', 'args': {'mode': 'max', 'factor': 0.85, 'patience': 3}}}
2024-05-15 21:49:33,376 - mainlogger - INFO - 36.71194553375244
2024-05-15 21:49:39,251 - mainlogger - INFO - Epoch 0  4.625586926937103
2024-05-15 21:49:39,251 - mainlogger - INFO - ********************************************************************************
2024-05-15 21:49:43,091 - mainlogger - INFO - Epoch 1  3.7593401968479156
2024-05-15 21:49:43,091 - mainlogger - INFO - train
2024-05-15 21:49:46,042 - mainlogger - INFO - Dice score: 0.2248
2024-05-15 21:49:46,042 - mainlogger - INFO - Accuracy: 0.1487
2024-05-15 21:49:46,042 - mainlogger - INFO - test
2024-05-15 21:49:51,172 - mainlogger - INFO - Dice score: 0.186
2024-05-15 21:49:51,172 - mainlogger - INFO - Accuracy: 0.1274
2024-05-15 21:49:51,172 - mainlogger - INFO - ********************************************************************************
2024-05-15 21:49:55,367 - mainlogger - INFO - Epoch 2  3.2491354048252106
2024-05-15 21:49:55,368 - mainlogger - INFO - ********************************************************************************
2024-05-15 21:50:00,009 - mainlogger - INFO - Epoch 3  2.9059962034225464
2024-05-15 21:50:00,009 - mainlogger - INFO - ********************************************************************************
2024-05-15 21:50:04,591 - mainlogger - INFO - Epoch 4  2.7741019129753113
2024-05-15 21:50:04,592 - mainlogger - INFO - ********************************************************************************
2024-05-15 21:50:09,034 - mainlogger - INFO - Epoch 5  2.704916313290596
2024-05-15 21:50:09,034 - mainlogger - INFO - ********************************************************************************
2024-05-15 21:50:13,496 - mainlogger - INFO - Epoch 6  2.665169656276703
2024-05-15 21:50:13,497 - mainlogger - INFO - ********************************************************************************
2024-05-15 21:50:17,912 - mainlogger - INFO - Epoch 7  2.658812254667282
2024-05-15 21:50:17,913 - mainlogger - INFO - ********************************************************************************
2024-05-15 21:50:21,802 - mainlogger - INFO - Epoch 8  2.52637979388237
2024-05-15 21:50:21,802 - mainlogger - INFO - ********************************************************************************
2024-05-15 21:50:25,721 - mainlogger - INFO - Epoch 9  2.385501489043236
2024-05-15 21:50:25,722 - mainlogger - INFO - ********************************************************************************
2024-05-15 21:50:29,902 - mainlogger - INFO - Epoch 10  2.2814930379390717
2024-05-15 21:50:29,903 - mainlogger - INFO - ********************************************************************************
2024-05-15 21:50:33,898 - mainlogger - INFO - Epoch 11  2.2806419730186462
2024-05-15 21:50:33,898 - mainlogger - INFO - train
2024-05-15 21:50:36,744 - mainlogger - INFO - Dice score: 0.4614
2024-05-15 21:50:36,744 - mainlogger - INFO - Accuracy: 0.8871
2024-05-15 21:50:36,744 - mainlogger - INFO - test
2024-05-15 21:50:41,737 - mainlogger - INFO - Dice score: 0.3453
2024-05-15 21:50:41,737 - mainlogger - INFO - Accuracy: 0.8802
2024-05-15 21:50:41,737 - mainlogger - INFO - ********************************************************************************
2024-05-15 21:50:45,673 - mainlogger - INFO - Epoch 12  2.4604485780000687
2024-05-15 21:50:45,674 - mainlogger - INFO - ********************************************************************************
2024-05-15 21:50:49,713 - mainlogger - INFO - Epoch 13  2.2282156348228455
2024-05-15 21:50:49,714 - mainlogger - INFO - ********************************************************************************
2024-05-15 21:50:53,711 - mainlogger - INFO - Epoch 14  2.203493118286133
2024-05-15 21:50:53,711 - mainlogger - INFO - ********************************************************************************
2024-05-15 21:50:58,028 - mainlogger - INFO - Epoch 15  2.084945037961006
2024-05-15 21:50:58,028 - mainlogger - INFO - ********************************************************************************
2024-05-15 21:51:02,506 - mainlogger - INFO - Epoch 16  2.2151303589344025
2024-05-15 21:51:02,506 - mainlogger - INFO - ********************************************************************************
2024-05-15 21:51:07,026 - mainlogger - INFO - Epoch 17  2.1815744042396545
2024-05-15 21:51:07,026 - mainlogger - INFO - ********************************************************************************
2024-05-15 21:51:11,542 - mainlogger - INFO - Epoch 18  2.144624561071396
2024-05-15 21:51:11,542 - mainlogger - INFO - ********************************************************************************
2024-05-15 21:51:16,120 - mainlogger - INFO - Epoch 19  2.0453113317489624
2024-05-15 21:51:16,120 - mainlogger - INFO - ********************************************************************************
2024-05-15 21:51:20,600 - mainlogger - INFO - Epoch 20  1.9877644926309586
2024-05-15 21:51:20,600 - mainlogger - INFO - ********************************************************************************
2024-05-15 21:51:24,884 - mainlogger - INFO - Epoch 21  2.07482185959816
2024-05-15 21:51:24,884 - mainlogger - INFO - train
2024-05-15 21:51:27,737 - mainlogger - INFO - Dice score: 0.5969
2024-05-15 21:51:27,738 - mainlogger - INFO - Accuracy: 0.8983
2024-05-15 21:51:27,738 - mainlogger - INFO - test
2024-05-15 21:51:32,738 - mainlogger - INFO - Dice score: 0.5136
2024-05-15 21:51:32,738 - mainlogger - INFO - Accuracy: 0.8974
2024-05-15 21:51:32,738 - mainlogger - INFO - ********************************************************************************
2024-05-15 21:51:36,906 - mainlogger - INFO - Epoch 22  1.9337487667798996
2024-05-15 21:51:36,906 - mainlogger - INFO - ********************************************************************************
2024-05-15 21:51:40,890 - mainlogger - INFO - Epoch 23  1.89888134598732
2024-05-15 21:51:40,890 - mainlogger - INFO - ********************************************************************************
2024-05-15 21:51:45,025 - mainlogger - INFO - Epoch 24  1.884237989783287
2024-05-15 21:51:45,025 - mainlogger - INFO - ********************************************************************************
2024-05-15 21:51:49,099 - mainlogger - INFO - Epoch 25  1.8284686356782913
2024-05-15 21:51:49,100 - mainlogger - INFO - ********************************************************************************
2024-05-15 21:51:53,117 - mainlogger - INFO - Epoch 26  1.8585226833820343
2024-05-15 21:51:53,117 - mainlogger - INFO - ********************************************************************************
2024-05-15 21:51:57,141 - mainlogger - INFO - Epoch 27  1.8262937366962433
2024-05-15 21:51:57,141 - mainlogger - INFO - ********************************************************************************
2024-05-15 21:52:01,390 - mainlogger - INFO - Epoch 28  1.8608310520648956
2024-05-15 21:52:01,390 - mainlogger - INFO - ********************************************************************************
2024-05-15 21:52:05,829 - mainlogger - INFO - Epoch 29  1.9127360731363297
2024-05-15 21:52:05,829 - mainlogger - INFO - ********************************************************************************
2024-05-15 21:52:10,415 - mainlogger - INFO - Epoch 30  1.8263240307569504
2024-05-15 21:52:10,416 - mainlogger - INFO - ********************************************************************************
2024-05-15 21:52:14,892 - mainlogger - INFO - Epoch 31  1.7875089794397354
2024-05-15 21:52:14,892 - mainlogger - INFO - train
2024-05-15 21:52:18,224 - mainlogger - INFO - Dice score: 0.5701
2024-05-15 21:52:18,224 - mainlogger - INFO - Accuracy: 0.8672
2024-05-15 21:52:18,224 - mainlogger - INFO - test
2024-05-15 21:52:23,592 - mainlogger - INFO - Dice score: 0.4819
2024-05-15 21:52:23,592 - mainlogger - INFO - Accuracy: 0.8536
2024-05-15 21:52:23,592 - mainlogger - INFO - ********************************************************************************
2024-05-15 21:52:28,011 - mainlogger - INFO - Epoch 32  1.69107386469841
2024-05-15 21:52:28,012 - mainlogger - INFO - ********************************************************************************
2024-05-15 21:52:32,199 - mainlogger - INFO - Epoch 33  1.7889870703220367
2024-05-15 21:52:32,199 - mainlogger - INFO - ********************************************************************************
2024-05-15 21:52:36,270 - mainlogger - INFO - Epoch 34  1.7372996807098389
2024-05-15 21:52:36,270 - mainlogger - INFO - ********************************************************************************
2024-05-15 21:52:40,197 - mainlogger - INFO - Epoch 35  1.676350936293602
2024-05-15 21:52:40,197 - mainlogger - INFO - ********************************************************************************
2024-05-15 21:52:44,115 - mainlogger - INFO - Epoch 36  1.6353856027126312
2024-05-15 21:52:44,115 - mainlogger - INFO - ********************************************************************************
2024-05-15 21:52:47,999 - mainlogger - INFO - Epoch 37  1.6554890871047974
2024-05-15 21:52:47,999 - mainlogger - INFO - ********************************************************************************
2024-05-15 21:52:52,197 - mainlogger - INFO - Epoch 38  1.557032510638237
2024-05-15 21:52:52,197 - mainlogger - INFO - ********************************************************************************
2024-05-15 21:52:56,293 - mainlogger - INFO - Epoch 39  1.5857286602258682
2024-05-15 21:52:56,293 - mainlogger - INFO - ********************************************************************************
2024-05-15 21:53:00,302 - mainlogger - INFO - valid
2024-05-15 21:53:05,727 - mainlogger - INFO - Dice score: 0.5194
2024-05-15 21:53:05,727 - mainlogger - INFO - Accuracy: 0.9087
2024-05-15 21:53:05,727 - mainlogger - INFO - Epoch 40  1.5745314806699753
2024-05-15 21:53:05,727 - mainlogger - INFO - ********************************************************************************
2024-05-15 21:53:10,241 - mainlogger - INFO - valid
2024-05-15 21:53:15,970 - mainlogger - INFO - Dice score: 0.5891
2024-05-15 21:53:15,970 - mainlogger - INFO - Accuracy: 0.9261
2024-05-15 21:53:15,970 - mainlogger - INFO - Epoch 41  1.5711918026208878
2024-05-15 21:53:15,970 - mainlogger - INFO - train
2024-05-15 21:53:19,394 - mainlogger - INFO - Dice score: 0.6659
2024-05-15 21:53:19,394 - mainlogger - INFO - Accuracy: 0.9295
2024-05-15 21:53:19,394 - mainlogger - INFO - test
2024-05-15 21:53:25,088 - mainlogger - INFO - Dice score: 0.5643
2024-05-15 21:53:25,088 - mainlogger - INFO - Accuracy: 0.9248
2024-05-15 21:53:25,088 - mainlogger - INFO - ********************************************************************************
2024-05-15 21:53:29,386 - mainlogger - INFO - valid
2024-05-15 21:53:34,217 - mainlogger - INFO - Dice score: 0.5357
2024-05-15 21:53:34,217 - mainlogger - INFO - Accuracy: 0.9167
2024-05-15 21:53:34,218 - mainlogger - INFO - Epoch 42  1.53736911714077
2024-05-15 21:53:34,218 - mainlogger - INFO - ********************************************************************************
2024-05-15 21:53:38,138 - mainlogger - INFO - valid
2024-05-15 21:53:42,973 - mainlogger - INFO - Dice score: 0.4973
2024-05-15 21:53:42,974 - mainlogger - INFO - Accuracy: 0.908
2024-05-15 21:53:42,974 - mainlogger - INFO - Epoch 43  1.476733572781086
2024-05-15 21:53:42,974 - mainlogger - INFO - ********************************************************************************
2024-05-15 21:53:47,000 - mainlogger - INFO - valid
2024-05-15 21:53:51,936 - mainlogger - INFO - Dice score: 0.5644
2024-05-15 21:53:51,936 - mainlogger - INFO - Accuracy: 0.9168
2024-05-15 21:53:51,936 - mainlogger - INFO - Epoch 44  1.5035953521728516
2024-05-15 21:53:51,936 - mainlogger - INFO - ********************************************************************************
2024-05-15 21:53:56,099 - mainlogger - INFO - valid
2024-05-15 21:54:00,915 - mainlogger - INFO - Dice score: 0.5852
2024-05-15 21:54:00,916 - mainlogger - INFO - Accuracy: 0.9193
2024-05-15 21:54:00,916 - mainlogger - INFO - 0.0001->8.5e-05
2024-05-15 21:54:00,916 - mainlogger - INFO - Epoch 45  1.5778964310884476
2024-05-15 21:54:00,916 - mainlogger - INFO - ********************************************************************************
2024-05-15 21:54:05,311 - mainlogger - INFO - valid
2024-05-15 21:54:10,891 - mainlogger - INFO - Dice score: 0.5697
2024-05-15 21:54:10,891 - mainlogger - INFO - Accuracy: 0.9246
2024-05-15 21:54:10,892 - mainlogger - INFO - Epoch 46  1.5360145568847656
2024-05-15 21:54:10,892 - mainlogger - INFO - ********************************************************************************
2024-05-15 21:54:15,539 - mainlogger - INFO - valid
2024-05-15 21:54:21,118 - mainlogger - INFO - Dice score: 0.5758
2024-05-15 21:54:21,118 - mainlogger - INFO - Accuracy: 0.9177
2024-05-15 21:54:21,118 - mainlogger - INFO - Epoch 47  1.4639877080917358
2024-05-15 21:54:21,118 - mainlogger - INFO - ********************************************************************************
2024-05-15 21:54:25,524 - mainlogger - INFO - valid
2024-05-15 21:54:30,719 - mainlogger - INFO - Dice score: 0.5805
2024-05-15 21:54:30,719 - mainlogger - INFO - Accuracy: 0.8948
2024-05-15 21:54:30,719 - mainlogger - INFO - Epoch 48  1.4967919290065765
2024-05-15 21:54:30,719 - mainlogger - INFO - ********************************************************************************
2024-05-15 21:54:34,821 - mainlogger - INFO - valid
2024-05-15 21:54:39,771 - mainlogger - INFO - Dice score: 0.5669
2024-05-15 21:54:39,771 - mainlogger - INFO - Accuracy: 0.9198
2024-05-15 21:54:39,772 - mainlogger - INFO - 8.5e-05->7.225000000000001e-05
2024-05-15 21:54:39,772 - mainlogger - INFO - Epoch 49  1.496076375246048
2024-05-15 21:54:39,772 - mainlogger - INFO - ********************************************************************************
2024-05-15 21:54:43,796 - mainlogger - INFO - valid
2024-05-15 21:54:48,602 - mainlogger - INFO - Dice score: 0.5441
2024-05-15 21:54:48,602 - mainlogger - INFO - Accuracy: 0.9128
2024-05-15 21:54:48,602 - mainlogger - INFO - Epoch 50  1.375029407441616
2024-05-15 21:54:48,602 - mainlogger - INFO - ********************************************************************************
2024-05-15 21:54:52,598 - mainlogger - INFO - valid
2024-05-15 21:54:57,102 - mainlogger - INFO - Dice score: 0.5543
2024-05-15 21:54:57,102 - mainlogger - INFO - Accuracy: 0.9026
2024-05-15 21:54:57,102 - mainlogger - INFO - Epoch 51  1.374846301972866
2024-05-15 21:54:57,102 - mainlogger - INFO - train
2024-05-15 21:55:00,018 - mainlogger - INFO - Dice score: 0.7331
2024-05-15 21:55:00,018 - mainlogger - INFO - Accuracy: 0.9353
2024-05-15 21:55:00,018 - mainlogger - INFO - test
2024-05-15 21:55:04,953 - mainlogger - INFO - Dice score: 0.57
2024-05-15 21:55:04,954 - mainlogger - INFO - Accuracy: 0.9089
2024-05-15 21:55:04,954 - mainlogger - INFO - ********************************************************************************
2024-05-15 21:55:09,127 - mainlogger - INFO - valid
2024-05-15 21:55:14,573 - mainlogger - INFO - Dice score: 0.5192
2024-05-15 21:55:14,573 - mainlogger - INFO - Accuracy: 0.9073
2024-05-15 21:55:14,573 - mainlogger - INFO - Epoch 52  1.3962361067533493
2024-05-15 21:55:14,573 - mainlogger - INFO - ********************************************************************************
2024-05-15 21:55:19,218 - mainlogger - INFO - valid
2024-05-15 21:55:24,766 - mainlogger - INFO - Dice score: 0.5593
2024-05-15 21:55:24,766 - mainlogger - INFO - Accuracy: 0.9133
2024-05-15 21:55:24,766 - mainlogger - INFO - 7.225000000000001e-05->6.141250000000001e-05
2024-05-15 21:55:24,766 - mainlogger - INFO - Epoch 53  1.3750860765576363
2024-05-15 21:55:24,766 - mainlogger - INFO - ********************************************************************************
2024-05-15 21:55:29,308 - mainlogger - INFO - valid
2024-05-15 21:55:34,404 - mainlogger - INFO - Dice score: 0.5865
2024-05-15 21:55:34,404 - mainlogger - INFO - Accuracy: 0.9068
2024-05-15 21:55:34,404 - mainlogger - INFO - Epoch 54  1.29388377815485
2024-05-15 21:55:34,404 - mainlogger - INFO - ********************************************************************************
2024-05-15 21:55:38,396 - mainlogger - INFO - valid
2024-05-15 21:55:43,283 - mainlogger - INFO - Dice score: 0.5823
2024-05-15 21:55:43,283 - mainlogger - INFO - Accuracy: 0.9172
2024-05-15 21:55:43,283 - mainlogger - INFO - Epoch 55  1.314681001007557
2024-05-15 21:55:43,283 - mainlogger - INFO - ********************************************************************************
2024-05-15 21:55:47,490 - mainlogger - INFO - valid
2024-05-15 21:55:52,200 - mainlogger - INFO - Dice score: 0.588
2024-05-15 21:55:52,200 - mainlogger - INFO - Accuracy: 0.9153
2024-05-15 21:55:52,200 - mainlogger - INFO - Epoch 56  1.2790435031056404
2024-05-15 21:55:52,200 - mainlogger - INFO - ********************************************************************************
2024-05-15 21:55:56,295 - mainlogger - INFO - valid
2024-05-15 21:56:01,073 - mainlogger - INFO - Dice score: 0.5442
2024-05-15 21:56:01,073 - mainlogger - INFO - Accuracy: 0.9215
2024-05-15 21:56:01,073 - mainlogger - INFO - 6.141250000000001e-05->5.2200625000000005e-05
2024-05-15 21:56:01,073 - mainlogger - INFO - Epoch 57  1.3238292410969734
2024-05-15 21:56:01,073 - mainlogger - INFO - ********************************************************************************
2024-05-15 21:56:05,292 - mainlogger - INFO - valid
2024-05-15 21:56:10,371 - mainlogger - INFO - Dice score: 0.5449
2024-05-15 21:56:10,371 - mainlogger - INFO - Accuracy: 0.9227
2024-05-15 21:56:10,371 - mainlogger - INFO - Epoch 58  1.251794546842575
2024-05-15 21:56:10,371 - mainlogger - INFO - ********************************************************************************
2024-05-15 21:56:14,688 - mainlogger - INFO - valid
2024-05-15 21:56:20,212 - mainlogger - INFO - Dice score: 0.5755
2024-05-15 21:56:20,212 - mainlogger - INFO - Accuracy: 0.9166
2024-05-15 21:56:20,212 - mainlogger - INFO - Epoch 59  1.2291014045476913
2024-05-15 21:56:20,212 - mainlogger - INFO - ********************************************************************************
2024-05-15 21:56:24,828 - mainlogger - INFO - valid
2024-05-15 21:56:30,489 - mainlogger - INFO - Dice score: 0.5673
2024-05-15 21:56:30,489 - mainlogger - INFO - Accuracy: 0.9186
2024-05-15 21:56:30,489 - mainlogger - INFO - Epoch 60  1.258500337600708
2024-05-15 21:56:30,490 - mainlogger - INFO - ********************************************************************************
2024-05-15 21:56:34,798 - mainlogger - INFO - valid
2024-05-15 21:56:39,642 - mainlogger - INFO - Dice score: 0.5529
2024-05-15 21:56:39,642 - mainlogger - INFO - Accuracy: 0.916
2024-05-15 21:56:39,642 - mainlogger - INFO - 5.2200625000000005e-05->4.437053125e-05
2024-05-15 21:56:39,642 - mainlogger - INFO - Epoch 61  1.2422388195991516
2024-05-15 21:56:39,642 - mainlogger - INFO - train
2024-05-15 21:56:42,547 - mainlogger - INFO - Dice score: 0.7762
2024-05-15 21:56:42,547 - mainlogger - INFO - Accuracy: 0.9448
2024-05-15 21:56:42,547 - mainlogger - INFO - test
2024-05-15 21:56:47,405 - mainlogger - INFO - Dice score: 0.5779
2024-05-15 21:56:47,405 - mainlogger - INFO - Accuracy: 0.9223
2024-05-15 21:56:47,405 - mainlogger - INFO - ********************************************************************************
2024-05-15 21:56:51,606 - mainlogger - INFO - valid
2024-05-15 21:56:56,313 - mainlogger - INFO - Dice score: 0.5655
2024-05-15 21:56:56,314 - mainlogger - INFO - Accuracy: 0.9159
2024-05-15 21:56:56,314 - mainlogger - INFO - Epoch 62  1.185380458831787
2024-05-15 21:56:56,314 - mainlogger - INFO - ********************************************************************************
2024-05-15 21:57:00,293 - mainlogger - INFO - valid
2024-05-15 21:57:04,968 - mainlogger - INFO - Dice score: 0.5518
2024-05-15 21:57:04,969 - mainlogger - INFO - Accuracy: 0.9166
2024-05-15 21:57:04,969 - mainlogger - INFO - Epoch 63  1.2503104135394096
2024-05-15 21:57:04,969 - mainlogger - INFO - ********************************************************************************
2024-05-15 21:57:09,117 - mainlogger - INFO - valid
2024-05-15 21:57:14,130 - mainlogger - INFO - Dice score: 0.5441
2024-05-15 21:57:14,130 - mainlogger - INFO - Accuracy: 0.8869
2024-05-15 21:57:14,130 - mainlogger - INFO - Epoch 64  1.2308260723948479
2024-05-15 21:57:14,131 - mainlogger - INFO - ********************************************************************************
2024-05-15 21:57:18,723 - mainlogger - INFO - valid
2024-05-15 21:57:24,326 - mainlogger - INFO - Dice score: 0.5713
2024-05-15 21:57:24,326 - mainlogger - INFO - Accuracy: 0.9208
2024-05-15 21:57:24,326 - mainlogger - INFO - 4.437053125e-05->3.77149515625e-05
2024-05-15 21:57:24,326 - mainlogger - INFO - Epoch 65  1.2090922072529793
2024-05-15 21:57:24,326 - mainlogger - INFO - ********************************************************************************
2024-05-15 21:57:28,788 - mainlogger - INFO - valid
2024-05-15 21:57:34,403 - mainlogger - INFO - Dice score: 0.5582
2024-05-15 21:57:34,404 - mainlogger - INFO - Accuracy: 0.919
2024-05-15 21:57:34,404 - mainlogger - INFO - Epoch 66  1.2468430027365685
2024-05-15 21:57:34,404 - mainlogger - INFO - ********************************************************************************
2024-05-15 21:57:38,586 - mainlogger - INFO - valid
2024-05-15 21:57:43,401 - mainlogger - INFO - Dice score: 0.5903
2024-05-15 21:57:43,401 - mainlogger - INFO - Accuracy: 0.9172
2024-05-15 21:57:43,401 - mainlogger - INFO - Epoch 67  1.127440519630909
2024-05-15 21:57:43,401 - mainlogger - INFO - ********************************************************************************
2024-05-15 21:57:47,398 - mainlogger - INFO - valid
2024-05-15 21:57:52,198 - mainlogger - INFO - Dice score: 0.5659
2024-05-15 21:57:52,199 - mainlogger - INFO - Accuracy: 0.9282
2024-05-15 21:57:52,199 - mainlogger - INFO - Epoch 68  1.2420293912291527
2024-05-15 21:57:52,199 - mainlogger - INFO - ********************************************************************************
2024-05-15 21:57:56,195 - mainlogger - INFO - valid
2024-05-15 21:58:01,013 - mainlogger - INFO - Dice score: 0.5749
2024-05-15 21:58:01,013 - mainlogger - INFO - Accuracy: 0.9254
2024-05-15 21:58:01,013 - mainlogger - INFO - Epoch 69  1.1706103682518005
2024-05-15 21:58:01,013 - mainlogger - INFO - ********************************************************************************
2024-05-15 21:58:05,193 - mainlogger - INFO - valid
2024-05-15 21:58:09,987 - mainlogger - INFO - Dice score: 0.5486
2024-05-15 21:58:09,987 - mainlogger - INFO - Accuracy: 0.9236
2024-05-15 21:58:09,988 - mainlogger - INFO - Epoch 70  1.1043702363967896
2024-05-15 21:58:09,988 - mainlogger - INFO - ********************************************************************************
2024-05-15 21:58:13,937 - mainlogger - INFO - valid
2024-05-15 21:58:19,501 - mainlogger - INFO - Dice score: 0.5721
2024-05-15 21:58:19,501 - mainlogger - INFO - Accuracy: 0.9213
2024-05-15 21:58:19,501 - mainlogger - INFO - 3.77149515625e-05->3.2057708828124995e-05
2024-05-15 21:58:19,501 - mainlogger - INFO - Epoch 71  1.1083010137081146
2024-05-15 21:58:19,501 - mainlogger - INFO - train
2024-05-15 21:58:22,821 - mainlogger - INFO - Dice score: 0.7924
2024-05-15 21:58:22,821 - mainlogger - INFO - Accuracy: 0.9503
2024-05-15 21:58:22,821 - mainlogger - INFO - test
2024-05-15 21:58:28,383 - mainlogger - INFO - Dice score: 0.5792
2024-05-15 21:58:28,383 - mainlogger - INFO - Accuracy: 0.9258
2024-05-15 21:58:28,383 - mainlogger - INFO - ********************************************************************************
2024-05-15 21:58:33,021 - mainlogger - INFO - valid
2024-05-15 21:58:38,527 - mainlogger - INFO - Dice score: 0.5718
2024-05-15 21:58:38,527 - mainlogger - INFO - Accuracy: 0.9191
2024-05-15 21:58:38,527 - mainlogger - INFO - Epoch 72  1.0789692029356956
2024-05-15 21:58:38,527 - mainlogger - INFO - ********************************************************************************
2024-05-15 21:58:42,676 - mainlogger - INFO - valid
2024-05-15 21:58:47,281 - mainlogger - INFO - Dice score: 0.5439
2024-05-15 21:58:47,281 - mainlogger - INFO - Accuracy: 0.9246
2024-05-15 21:58:47,282 - mainlogger - INFO - Epoch 73  1.1544033661484718
2024-05-15 21:58:47,282 - mainlogger - INFO - ********************************************************************************
2024-05-15 21:58:51,299 - mainlogger - INFO - valid
2024-05-15 21:58:56,327 - mainlogger - INFO - Dice score: 0.5723
2024-05-15 21:58:56,327 - mainlogger - INFO - Accuracy: 0.9303
2024-05-15 21:58:56,327 - mainlogger - INFO - Epoch 74  1.1984297931194305
2024-05-15 21:58:56,327 - mainlogger - INFO - ********************************************************************************
2024-05-15 21:59:00,505 - mainlogger - INFO - valid
2024-05-15 21:59:05,440 - mainlogger - INFO - Dice score: 0.5451
2024-05-15 21:59:05,440 - mainlogger - INFO - Accuracy: 0.9311
2024-05-15 21:59:05,440 - mainlogger - INFO - 3.2057708828124995e-05->2.7249052503906245e-05
2024-05-15 21:59:05,440 - mainlogger - INFO - Epoch 75  1.100336767733097
2024-05-15 21:59:05,440 - mainlogger - INFO - ********************************************************************************
2024-05-15 21:59:09,620 - mainlogger - INFO - valid
2024-05-15 21:59:14,525 - mainlogger - INFO - Dice score: 0.6196
2024-05-15 21:59:14,525 - mainlogger - INFO - Accuracy: 0.925
2024-05-15 21:59:14,525 - mainlogger - INFO - Epoch 76  1.0608093962073326
2024-05-15 21:59:14,525 - mainlogger - INFO - ********************************************************************************
2024-05-15 21:59:18,795 - mainlogger - INFO - valid
2024-05-15 21:59:24,522 - mainlogger - INFO - Dice score: 0.5912
2024-05-15 21:59:24,522 - mainlogger - INFO - Accuracy: 0.9258
2024-05-15 21:59:24,522 - mainlogger - INFO - Epoch 77  1.0755419358611107
2024-05-15 21:59:24,522 - mainlogger - INFO - ********************************************************************************
2024-05-15 21:59:29,024 - mainlogger - INFO - valid
2024-05-15 21:59:34,590 - mainlogger - INFO - Dice score: 0.6272
2024-05-15 21:59:34,591 - mainlogger - INFO - Accuracy: 0.927
2024-05-15 21:59:34,591 - mainlogger - INFO - Epoch 78  1.0472487583756447
2024-05-15 21:59:34,591 - mainlogger - INFO - ********************************************************************************
2024-05-15 21:59:39,119 - mainlogger - INFO - valid
2024-05-15 21:59:44,217 - mainlogger - INFO - Dice score: 0.6231
2024-05-15 21:59:44,218 - mainlogger - INFO - Accuracy: 0.9273
2024-05-15 21:59:44,218 - mainlogger - INFO - Epoch 79  1.0373023301362991
2024-05-15 21:59:44,218 - mainlogger - INFO - ********************************************************************************
2024-05-15 21:59:48,300 - mainlogger - INFO - valid
2024-05-15 21:59:53,146 - mainlogger - INFO - Dice score: 0.6036
2024-05-15 21:59:53,146 - mainlogger - INFO - Accuracy: 0.9277
2024-05-15 21:59:53,146 - mainlogger - INFO - Epoch 80  1.0598756447434425
2024-05-15 21:59:53,146 - mainlogger - INFO - ********************************************************************************
2024-05-15 21:59:57,172 - mainlogger - INFO - valid
2024-05-15 22:00:02,036 - mainlogger - INFO - Dice score: 0.5984
2024-05-15 22:00:02,036 - mainlogger - INFO - Accuracy: 0.9159
2024-05-15 22:00:02,037 - mainlogger - INFO - Epoch 81  1.1005393117666245
2024-05-15 22:00:02,037 - mainlogger - INFO - train
2024-05-15 22:00:04,937 - mainlogger - INFO - Dice score: 0.8457
2024-05-15 22:00:04,937 - mainlogger - INFO - Accuracy: 0.9613
2024-05-15 22:00:04,937 - mainlogger - INFO - test
2024-05-15 22:00:09,782 - mainlogger - INFO - Dice score: 0.6044
2024-05-15 22:00:09,783 - mainlogger - INFO - Accuracy: 0.9223
2024-05-15 22:00:09,783 - mainlogger - INFO - ********************************************************************************
2024-05-15 22:00:13,802 - mainlogger - INFO - valid
2024-05-15 22:00:18,630 - mainlogger - INFO - Dice score: 0.5785
2024-05-15 22:00:18,630 - mainlogger - INFO - Accuracy: 0.9078
2024-05-15 22:00:18,630 - mainlogger - INFO - 2.7249052503906245e-05->2.3161694628320308e-05
2024-05-15 22:00:18,630 - mainlogger - INFO - Epoch 82  0.983786553144455
2024-05-15 22:00:18,630 - mainlogger - INFO - ********************************************************************************
2024-05-15 22:00:23,073 - mainlogger - INFO - valid
2024-05-15 22:00:28,573 - mainlogger - INFO - Dice score: 0.5901
2024-05-15 22:00:28,573 - mainlogger - INFO - Accuracy: 0.9217
2024-05-15 22:00:28,573 - mainlogger - INFO - Epoch 83  1.0730764418840408
2024-05-15 22:00:28,573 - mainlogger - INFO - ********************************************************************************
2024-05-15 22:00:32,992 - mainlogger - INFO - valid
2024-05-15 22:00:38,572 - mainlogger - INFO - Dice score: 0.5926
2024-05-15 22:00:38,572 - mainlogger - INFO - Accuracy: 0.9288
2024-05-15 22:00:38,572 - mainlogger - INFO - Epoch 84  1.029978059232235
2024-05-15 22:00:38,572 - mainlogger - INFO - ********************************************************************************
2024-05-15 22:00:43,008 - mainlogger - INFO - valid
2024-05-15 22:00:48,011 - mainlogger - INFO - Dice score: 0.6022
2024-05-15 22:00:48,011 - mainlogger - INFO - Accuracy: 0.9307
2024-05-15 22:00:48,011 - mainlogger - INFO - Epoch 85  1.007979691028595
2024-05-15 22:00:48,011 - mainlogger - INFO - ********************************************************************************
2024-05-15 22:00:52,194 - mainlogger - INFO - valid
2024-05-15 22:00:57,093 - mainlogger - INFO - Dice score: 0.522
2024-05-15 22:00:57,093 - mainlogger - INFO - Accuracy: 0.9174
2024-05-15 22:00:57,093 - mainlogger - INFO - 2.3161694628320308e-05->1.9687440434072263e-05
2024-05-15 22:00:57,093 - mainlogger - INFO - Epoch 86  1.0584564879536629
2024-05-15 22:00:57,093 - mainlogger - INFO - ********************************************************************************
2024-05-15 22:01:01,107 - mainlogger - INFO - valid
2024-05-15 22:01:06,114 - mainlogger - INFO - Dice score: 0.5625
2024-05-15 22:01:06,114 - mainlogger - INFO - Accuracy: 0.9178
2024-05-15 22:01:06,114 - mainlogger - INFO - Epoch 87  1.0422558560967445
2024-05-15 22:01:06,114 - mainlogger - INFO - ********************************************************************************
2024-05-15 22:01:10,217 - mainlogger - INFO - valid
2024-05-15 22:01:15,070 - mainlogger - INFO - Dice score: 0.5754
2024-05-15 22:01:15,071 - mainlogger - INFO - Accuracy: 0.9217
2024-05-15 22:01:15,071 - mainlogger - INFO - Epoch 88  1.0142394825816154
2024-05-15 22:01:15,071 - mainlogger - INFO - ********************************************************************************
2024-05-15 22:01:19,303 - mainlogger - INFO - valid
2024-05-15 22:01:24,233 - mainlogger - INFO - Dice score: 0.597
2024-05-15 22:01:24,233 - mainlogger - INFO - Accuracy: 0.9243
2024-05-15 22:01:24,233 - mainlogger - INFO - Epoch 89  1.073599599301815
2024-05-15 22:01:24,233 - mainlogger - INFO - ********************************************************************************
2024-05-15 22:01:28,791 - mainlogger - INFO - valid
2024-05-15 22:01:34,311 - mainlogger - INFO - Dice score: 0.5869
2024-05-15 22:01:34,311 - mainlogger - INFO - Accuracy: 0.9273
2024-05-15 22:01:34,311 - mainlogger - INFO - 1.9687440434072263e-05->1.673432436896142e-05
2024-05-15 22:01:34,311 - mainlogger - INFO - Epoch 90  1.0215039029717445
2024-05-15 22:01:34,311 - mainlogger - INFO - ********************************************************************************
2024-05-15 22:01:38,820 - mainlogger - INFO - valid
2024-05-15 22:01:44,574 - mainlogger - INFO - Dice score: 0.5966
2024-05-15 22:01:44,574 - mainlogger - INFO - Accuracy: 0.9305
2024-05-15 22:01:44,575 - mainlogger - INFO - Epoch 91  1.067437119781971
2024-05-15 22:01:44,575 - mainlogger - INFO - train
2024-05-15 22:01:47,935 - mainlogger - INFO - Dice score: 0.8578
2024-05-15 22:01:47,935 - mainlogger - INFO - Accuracy: 0.9657
2024-05-15 22:01:47,935 - mainlogger - INFO - test
2024-05-15 22:01:52,909 - mainlogger - INFO - Dice score: 0.5773
2024-05-15 22:01:52,909 - mainlogger - INFO - Accuracy: 0.9266
2024-05-15 22:01:52,909 - mainlogger - INFO - ********************************************************************************
2024-05-15 22:01:57,094 - mainlogger - INFO - valid
2024-05-15 22:02:01,813 - mainlogger - INFO - Dice score: 0.6082
2024-05-15 22:02:01,813 - mainlogger - INFO - Accuracy: 0.926
2024-05-15 22:02:01,813 - mainlogger - INFO - Epoch 92  1.0013007819652557
2024-05-15 22:02:01,814 - mainlogger - INFO - ********************************************************************************
2024-05-15 22:02:05,787 - mainlogger - INFO - valid
2024-05-15 22:02:10,605 - mainlogger - INFO - Dice score: 0.5989
2024-05-15 22:02:10,605 - mainlogger - INFO - Accuracy: 0.9251
2024-05-15 22:02:10,605 - mainlogger - INFO - Epoch 93  0.972048707306385
2024-05-15 22:02:10,605 - mainlogger - INFO - ********************************************************************************
2024-05-15 22:02:14,620 - mainlogger - INFO - valid
2024-05-15 22:02:19,588 - mainlogger - INFO - Dice score: 0.5877
2024-05-15 22:02:19,588 - mainlogger - INFO - Accuracy: 0.9269
2024-05-15 22:02:19,588 - mainlogger - INFO - 1.673432436896142e-05->1.4224175713617208e-05
2024-05-15 22:02:19,588 - mainlogger - INFO - Epoch 94  0.9748927652835846
2024-05-15 22:02:19,588 - mainlogger - INFO - ********************************************************************************
2024-05-15 22:02:23,789 - mainlogger - INFO - valid
2024-05-15 22:02:28,976 - mainlogger - INFO - Dice score: 0.582
2024-05-15 22:02:28,977 - mainlogger - INFO - Accuracy: 0.9291
2024-05-15 22:02:28,977 - mainlogger - INFO - Epoch 95  1.0279587432742119
2024-05-15 22:02:28,977 - mainlogger - INFO - ********************************************************************************
2024-05-15 22:02:33,618 - mainlogger - INFO - valid
2024-05-15 22:02:39,211 - mainlogger - INFO - Dice score: 0.6158
2024-05-15 22:02:39,211 - mainlogger - INFO - Accuracy: 0.9253
2024-05-15 22:02:39,211 - mainlogger - INFO - Epoch 96  0.9445270001888275
2024-05-15 22:02:39,211 - mainlogger - INFO - ********************************************************************************
2024-05-15 22:02:43,814 - mainlogger - INFO - valid
2024-05-15 22:02:49,468 - mainlogger - INFO - Dice score: 0.6163
2024-05-15 22:02:49,468 - mainlogger - INFO - Accuracy: 0.9227
2024-05-15 22:02:49,468 - mainlogger - INFO - Epoch 97  0.9592607319355011
2024-05-15 22:02:49,468 - mainlogger - INFO - ********************************************************************************
2024-05-15 22:02:53,810 - mainlogger - INFO - valid
2024-05-15 22:02:58,751 - mainlogger - INFO - Dice score: 0.5889
2024-05-15 22:02:58,751 - mainlogger - INFO - Accuracy: 0.9264
2024-05-15 22:02:58,752 - mainlogger - INFO - 1.4224175713617208e-05->1.2090549356574626e-05
2024-05-15 22:02:58,752 - mainlogger - INFO - Epoch 98  1.0172116830945015
2024-05-15 22:02:58,752 - mainlogger - INFO - ********************************************************************************
2024-05-15 22:03:02,740 - mainlogger - INFO - valid
2024-05-15 22:03:07,546 - mainlogger - INFO - Dice score: 0.6012
2024-05-15 22:03:07,546 - mainlogger - INFO - Accuracy: 0.9275
2024-05-15 22:03:07,546 - mainlogger - INFO - Epoch 99  0.992140494287014
2024-05-15 22:03:07,546 - mainlogger - INFO - train
2024-05-15 22:03:10,527 - mainlogger - INFO - Dice score: 0.8713
2024-05-15 22:03:10,527 - mainlogger - INFO - Accuracy: 0.9701
2024-05-15 22:03:10,527 - mainlogger - INFO - test
2024-05-15 22:03:15,327 - mainlogger - INFO - Dice score: 0.5894
2024-05-15 22:03:15,327 - mainlogger - INFO - Accuracy: 0.9282
2024-05-15 22:03:15,327 - mainlogger - INFO - ********************************************************************************
2024-05-15 22:03:15,327 - mainlogger - INFO - (76, 80)
2024-05-15 22:03:15,328 - mainlogger - INFO - 0.6129357390730001
