2024-05-29 21:07:30,031 - mainlogger - INFO - 1016
2024-05-29 21:07:30,031 - mainlogger - INFO - <class '__main__.Supervised'>
2024-05-29 21:07:30,031 - mainlogger - INFO - lxb/aaunet.yaml
2024-05-29 21:07:30,031 - mainlogger - INFO - {'desc': 'first', 'batch_size': 8, 'epochs': 100, 'init': True, 'debug': True, 'model': {'name': 'unet.aaunet.AAUNet', 'args': {'channels': [32, 64, 128, 256, 512], 'in_channels': 3}}, 'trainset': {'name': 'lxb.dataset.DataSets.BreastDataset', 'args': {'path': 'lxb/data/train', 'phase': 'train'}}, 'testset': {'name': 'lxb.dataset.DataSets.BreastDataset', 'args': {'path': 'lxb/data/val', 'phase': 'test'}}, 'criterion': {'name': 'spgutils.focalloss.BinaryFocalLoss', 'args': {'gamma': 0}}, 'optimizer': {'name': 'torch.optim.Adam', 'args': {'lr': 5e-05}}, 'scheduler': {'name': 'torch.optim.lr_scheduler.StepLR', 'args': {'step_size': 1, 'gamma': 0.97}}}
2024-05-29 21:07:30,032 - mainlogger - INFO - 15.922350883483887
2024-05-29 21:07:30,047 - mainlogger - INFO - init with relu
2024-05-29 21:08:12,680 - mainlogger - INFO - Epoch 0  89.79344752430916
2024-05-29 21:08:12,680 - mainlogger - INFO - ********************************************************************************
2024-05-29 21:08:51,955 - mainlogger - INFO - Epoch 1  41.196939788758755
2024-05-29 21:08:51,956 - mainlogger - INFO - ********************************************************************************
2024-05-29 21:09:31,392 - mainlogger - INFO - Epoch 2  34.916828133165836
2024-05-29 21:09:31,393 - mainlogger - INFO - ********************************************************************************
2024-05-29 21:10:11,034 - mainlogger - INFO - Epoch 3  32.12945764511824
2024-05-29 21:10:11,034 - mainlogger - INFO - ********************************************************************************
2024-05-29 21:10:50,594 - mainlogger - INFO - Epoch 4  32.05484364926815
2024-05-29 21:10:50,594 - mainlogger - INFO - ********************************************************************************
2024-05-29 21:11:30,152 - mainlogger - INFO - Epoch 5  29.151297610253096
2024-05-29 21:11:30,152 - mainlogger - INFO - ********************************************************************************
2024-05-29 21:12:15,689 - mainlogger - INFO - Epoch 6  27.01662014052272
2024-05-29 21:12:15,690 - mainlogger - INFO - ********************************************************************************
2024-05-29 21:12:55,468 - mainlogger - INFO - Epoch 7  25.87081539258361
2024-05-29 21:12:55,469 - mainlogger - INFO - ********************************************************************************
2024-05-29 21:13:35,151 - mainlogger - INFO - Epoch 8  24.63786905631423
2024-05-29 21:13:35,151 - mainlogger - INFO - ********************************************************************************
2024-05-29 21:14:20,294 - mainlogger - INFO - Epoch 9  23.750173170119524
2024-05-29 21:14:20,294 - mainlogger - INFO - ********************************************************************************
2024-05-29 21:14:59,955 - mainlogger - INFO - Epoch 10  22.9100221991539
2024-05-29 21:14:59,956 - mainlogger - INFO - ********************************************************************************
2024-05-29 21:15:39,885 - mainlogger - INFO - Epoch 11  21.991615757346153
2024-05-29 21:15:39,886 - mainlogger - INFO - ********************************************************************************
2024-05-29 21:16:19,778 - mainlogger - INFO - Epoch 12  21.183531552553177
2024-05-29 21:16:19,779 - mainlogger - INFO - ********************************************************************************
2024-05-29 21:17:05,503 - mainlogger - INFO - Epoch 13  20.0923502035439
2024-05-29 21:17:05,503 - mainlogger - INFO - ********************************************************************************
2024-05-29 21:17:45,338 - mainlogger - INFO - Epoch 14  19.357093442231417
2024-05-29 21:17:45,338 - mainlogger - INFO - ********************************************************************************
2024-05-29 21:18:25,027 - mainlogger - INFO - Epoch 15  19.010447453707457
2024-05-29 21:18:25,027 - mainlogger - INFO - ********************************************************************************
2024-05-29 21:19:04,603 - mainlogger - INFO - Epoch 16  18.702603355050087
2024-05-29 21:19:04,603 - mainlogger - INFO - ********************************************************************************
2024-05-29 21:19:44,602 - mainlogger - INFO - Epoch 17  17.95172304287553
2024-05-29 21:19:44,603 - mainlogger - INFO - ********************************************************************************
2024-05-29 21:20:26,441 - mainlogger - INFO - Epoch 18  17.559181690216064
2024-05-29 21:20:26,442 - mainlogger - INFO - ********************************************************************************
2024-05-29 21:21:11,980 - mainlogger - INFO - Epoch 19  16.7088991291821
2024-05-29 21:21:11,980 - mainlogger - INFO - ********************************************************************************
2024-05-29 21:21:51,793 - mainlogger - INFO - Epoch 20  16.188456708565354
2024-05-29 21:21:51,794 - mainlogger - INFO - ********************************************************************************
2024-05-29 21:22:31,874 - mainlogger - INFO - Epoch 21  15.88917320780456
2024-05-29 21:22:31,874 - mainlogger - INFO - ********************************************************************************
2024-05-29 21:23:11,720 - mainlogger - INFO - Epoch 22  15.645345330238342
2024-05-29 21:23:11,721 - mainlogger - INFO - ********************************************************************************
2024-05-29 21:23:51,608 - mainlogger - INFO - Epoch 23  15.077611630782485
2024-05-29 21:23:51,609 - mainlogger - INFO - ********************************************************************************
2024-05-29 21:24:31,404 - mainlogger - INFO - Epoch 24  14.92126956768334
2024-05-29 21:24:31,404 - mainlogger - INFO - ********************************************************************************
2024-05-29 21:25:10,742 - mainlogger - INFO - Epoch 25  14.53614342585206
2024-05-29 21:25:10,743 - mainlogger - INFO - ********************************************************************************
2024-05-29 21:25:50,452 - mainlogger - INFO - Epoch 26  14.153846787288785
2024-05-29 21:25:50,453 - mainlogger - INFO - ********************************************************************************
2024-05-29 21:26:30,544 - mainlogger - INFO - Epoch 27  14.16170446202159
2024-05-29 21:26:30,544 - mainlogger - INFO - ********************************************************************************
2024-05-29 21:27:10,408 - mainlogger - INFO - Epoch 28  13.600116157904267
2024-05-29 21:27:10,409 - mainlogger - INFO - ********************************************************************************
2024-05-29 21:27:49,939 - mainlogger - INFO - Epoch 29  13.317906556650996
2024-05-29 21:27:49,940 - mainlogger - INFO - ********************************************************************************
2024-05-29 21:28:29,810 - mainlogger - INFO - Epoch 30  12.837333515286446
2024-05-29 21:28:29,810 - mainlogger - DEBUG - test
2024-05-29 21:28:35,777 - mainlogger - INFO - Dice score: 0.8259
2024-05-29 21:28:35,777 - mainlogger - INFO - Accuracy: 0.9553
2024-05-29 21:28:35,777 - mainlogger - INFO - ********************************************************************************
2024-05-29 21:29:16,049 - mainlogger - INFO - Epoch 31  12.710240652784705
2024-05-29 21:29:16,049 - mainlogger - DEBUG - test
2024-05-29 21:29:28,130 - mainlogger - INFO - Dice score: 0.8258
2024-05-29 21:29:28,130 - mainlogger - INFO - Accuracy: 0.9544
2024-05-29 21:29:28,130 - mainlogger - INFO - ********************************************************************************
2024-05-29 21:30:07,436 - mainlogger - INFO - Epoch 32  12.795526154339314
2024-05-29 21:30:07,437 - mainlogger - DEBUG - test
2024-05-29 21:30:13,439 - mainlogger - INFO - Dice score: 0.8223
2024-05-29 21:30:13,439 - mainlogger - INFO - Accuracy: 0.9553
2024-05-29 21:30:13,439 - mainlogger - INFO - ********************************************************************************
2024-05-29 21:30:52,887 - mainlogger - INFO - Epoch 33  12.755849966779351
2024-05-29 21:30:52,887 - mainlogger - DEBUG - test
2024-05-29 21:30:58,936 - mainlogger - INFO - Dice score: 0.8249
2024-05-29 21:30:58,937 - mainlogger - INFO - Accuracy: 0.9555
2024-05-29 21:30:58,937 - mainlogger - INFO - ********************************************************************************
2024-05-29 21:31:38,469 - mainlogger - INFO - Epoch 34  12.583639731630683
2024-05-29 21:31:38,469 - mainlogger - DEBUG - test
2024-05-29 21:31:44,411 - mainlogger - INFO - Dice score: 0.8259
2024-05-29 21:31:44,411 - mainlogger - INFO - Accuracy: 0.955
2024-05-29 21:31:44,412 - mainlogger - INFO - ********************************************************************************
2024-05-29 21:32:23,955 - mainlogger - INFO - Epoch 35  12.049741989001632
2024-05-29 21:32:23,956 - mainlogger - DEBUG - test
2024-05-29 21:32:29,892 - mainlogger - INFO - Dice score: 0.8247
2024-05-29 21:32:29,892 - mainlogger - INFO - Accuracy: 0.9547
2024-05-29 21:32:29,892 - mainlogger - INFO - ********************************************************************************
2024-05-29 21:33:09,319 - mainlogger - INFO - Epoch 36  11.900045005604625
2024-05-29 21:33:09,320 - mainlogger - DEBUG - test
2024-05-29 21:33:15,244 - mainlogger - INFO - Dice score: 0.8244
2024-05-29 21:33:15,244 - mainlogger - INFO - Accuracy: 0.9548
2024-05-29 21:33:15,244 - mainlogger - INFO - ********************************************************************************
2024-05-29 21:33:54,659 - mainlogger - INFO - Epoch 37  11.8634044341743
2024-05-29 21:33:54,659 - mainlogger - DEBUG - test
2024-05-29 21:34:00,471 - mainlogger - INFO - Dice score: 0.8243
2024-05-29 21:34:00,471 - mainlogger - INFO - Accuracy: 0.955
2024-05-29 21:34:00,472 - mainlogger - INFO - ********************************************************************************
2024-05-29 21:34:40,024 - mainlogger - INFO - Epoch 38  11.696785664185882
2024-05-29 21:34:40,025 - mainlogger - DEBUG - test
2024-05-29 21:34:45,945 - mainlogger - INFO - Dice score: 0.8265
2024-05-29 21:34:45,945 - mainlogger - INFO - Accuracy: 0.9553
2024-05-29 21:34:45,945 - mainlogger - INFO - ********************************************************************************
2024-05-29 21:35:25,591 - mainlogger - INFO - Epoch 39  11.344244664534926
2024-05-29 21:35:25,592 - mainlogger - DEBUG - test
2024-05-29 21:35:31,493 - mainlogger - INFO - Dice score: 0.8266
2024-05-29 21:35:31,493 - mainlogger - INFO - Accuracy: 0.9555
2024-05-29 21:35:31,493 - mainlogger - INFO - ********************************************************************************
2024-05-29 21:36:11,244 - mainlogger - INFO - Epoch 40  11.149306999519467
2024-05-29 21:36:11,245 - mainlogger - DEBUG - test
2024-05-29 21:36:17,247 - mainlogger - INFO - Dice score: 0.8252
2024-05-29 21:36:17,247 - mainlogger - INFO - Accuracy: 0.955
2024-05-29 21:36:17,247 - mainlogger - INFO - ********************************************************************************
2024-05-29 21:36:56,608 - mainlogger - INFO - Epoch 41  11.142644396051764
2024-05-29 21:36:56,609 - mainlogger - DEBUG - test
2024-05-29 21:37:02,625 - mainlogger - INFO - Dice score: 0.8246
2024-05-29 21:37:02,626 - mainlogger - INFO - Accuracy: 0.9549
2024-05-29 21:37:02,626 - mainlogger - INFO - ********************************************************************************
2024-05-29 21:37:41,955 - mainlogger - INFO - Epoch 42  11.073382008820772
2024-05-29 21:37:41,956 - mainlogger - DEBUG - test
2024-05-29 21:37:47,841 - mainlogger - INFO - Dice score: 0.8246
2024-05-29 21:37:47,842 - mainlogger - INFO - Accuracy: 0.9551
2024-05-29 21:37:47,842 - mainlogger - INFO - ********************************************************************************
2024-05-29 21:38:27,774 - mainlogger - INFO - Epoch 43  10.74953231588006
2024-05-29 21:38:27,774 - mainlogger - DEBUG - test
2024-05-29 21:38:33,604 - mainlogger - INFO - Dice score: 0.8243
2024-05-29 21:38:33,604 - mainlogger - INFO - Accuracy: 0.9551
2024-05-29 21:38:33,604 - mainlogger - INFO - ********************************************************************************
2024-05-29 21:39:12,909 - mainlogger - INFO - Epoch 44  10.653332494199276
2024-05-29 21:39:12,910 - mainlogger - DEBUG - test
2024-05-29 21:39:18,844 - mainlogger - INFO - Dice score: 0.8247
2024-05-29 21:39:18,844 - mainlogger - INFO - Accuracy: 0.955
2024-05-29 21:39:18,844 - mainlogger - INFO - ********************************************************************************
2024-05-29 21:39:58,418 - mainlogger - INFO - Epoch 45  10.71209542453289
2024-05-29 21:39:58,419 - mainlogger - DEBUG - test
2024-05-29 21:40:04,603 - mainlogger - INFO - Dice score: 0.8226
2024-05-29 21:40:04,603 - mainlogger - INFO - Accuracy: 0.9543
2024-05-29 21:40:04,603 - mainlogger - INFO - ********************************************************************************
2024-05-29 21:40:44,135 - mainlogger - INFO - Epoch 46  10.57247501052916
2024-05-29 21:40:44,136 - mainlogger - DEBUG - test
2024-05-29 21:40:50,066 - mainlogger - INFO - Dice score: 0.824
2024-05-29 21:40:50,066 - mainlogger - INFO - Accuracy: 0.9548
2024-05-29 21:40:50,066 - mainlogger - INFO - ********************************************************************************
2024-05-29 21:41:29,732 - mainlogger - INFO - Epoch 47  10.230578860267997
2024-05-29 21:41:29,733 - mainlogger - DEBUG - test
2024-05-29 21:41:35,662 - mainlogger - INFO - Dice score: 0.8243
2024-05-29 21:41:35,662 - mainlogger - INFO - Accuracy: 0.9546
2024-05-29 21:41:35,663 - mainlogger - INFO - ********************************************************************************
2024-05-29 21:42:15,393 - mainlogger - INFO - Epoch 48  10.26557188667357
2024-05-29 21:42:15,394 - mainlogger - DEBUG - test
2024-05-29 21:42:21,266 - mainlogger - INFO - Dice score: 0.8222
2024-05-29 21:42:21,266 - mainlogger - INFO - Accuracy: 0.9545
2024-05-29 21:42:21,266 - mainlogger - INFO - ********************************************************************************
2024-05-29 21:43:00,603 - mainlogger - INFO - Epoch 49  10.154641708359122
2024-05-29 21:43:00,603 - mainlogger - DEBUG - test
2024-05-29 21:43:06,570 - mainlogger - INFO - Dice score: 0.8236
2024-05-29 21:43:06,570 - mainlogger - INFO - Accuracy: 0.9548
2024-05-29 21:43:06,570 - mainlogger - INFO - ********************************************************************************
2024-05-29 21:43:46,178 - mainlogger - INFO - Epoch 50  10.038673102855682
2024-05-29 21:43:46,179 - mainlogger - DEBUG - test
2024-05-29 21:43:52,068 - mainlogger - INFO - Dice score: 0.8242
2024-05-29 21:43:52,068 - mainlogger - INFO - Accuracy: 0.9547
2024-05-29 21:43:52,068 - mainlogger - INFO - ********************************************************************************
2024-05-29 21:44:31,792 - mainlogger - INFO - Epoch 51  9.890099821612239
2024-05-29 21:44:31,792 - mainlogger - DEBUG - test
2024-05-29 21:44:37,809 - mainlogger - INFO - Dice score: 0.8237
2024-05-29 21:44:37,810 - mainlogger - INFO - Accuracy: 0.9547
2024-05-29 21:44:37,810 - mainlogger - INFO - ********************************************************************************
2024-05-29 21:45:17,571 - mainlogger - INFO - Epoch 52  9.760244436562061
2024-05-29 21:45:17,571 - mainlogger - DEBUG - test
2024-05-29 21:45:23,601 - mainlogger - INFO - Dice score: 0.8224
2024-05-29 21:45:23,601 - mainlogger - INFO - Accuracy: 0.9541
2024-05-29 21:45:23,601 - mainlogger - INFO - ********************************************************************************
2024-05-29 21:46:03,102 - mainlogger - INFO - Epoch 53  9.717579139396548
2024-05-29 21:46:03,103 - mainlogger - DEBUG - test
2024-05-29 21:46:09,089 - mainlogger - INFO - Dice score: 0.8249
2024-05-29 21:46:09,089 - mainlogger - INFO - Accuracy: 0.9549
2024-05-29 21:46:09,089 - mainlogger - INFO - ********************************************************************************
2024-05-29 21:46:48,664 - mainlogger - INFO - Epoch 54  9.743765020743012
2024-05-29 21:46:48,665 - mainlogger - DEBUG - test
2024-05-29 21:46:54,524 - mainlogger - INFO - Dice score: 0.8246
2024-05-29 21:46:54,525 - mainlogger - INFO - Accuracy: 0.9548
2024-05-29 21:46:54,525 - mainlogger - INFO - ********************************************************************************
2024-05-29 21:47:34,316 - mainlogger - INFO - Epoch 55  9.767907558009028
2024-05-29 21:47:34,317 - mainlogger - DEBUG - test
2024-05-29 21:47:40,242 - mainlogger - INFO - Dice score: 0.8222
2024-05-29 21:47:40,242 - mainlogger - INFO - Accuracy: 0.9542
2024-05-29 21:47:40,242 - mainlogger - INFO - ********************************************************************************
2024-05-29 21:48:20,107 - mainlogger - INFO - Epoch 56  9.467393575236201
2024-05-29 21:48:20,108 - mainlogger - DEBUG - test
2024-05-29 21:48:25,979 - mainlogger - INFO - Dice score: 0.8243
2024-05-29 21:48:25,980 - mainlogger - INFO - Accuracy: 0.9548
2024-05-29 21:48:25,980 - mainlogger - INFO - ********************************************************************************
2024-05-29 21:49:05,478 - mainlogger - INFO - Epoch 57  9.376364905387163
2024-05-29 21:49:05,479 - mainlogger - DEBUG - test
2024-05-29 21:49:11,395 - mainlogger - INFO - Dice score: 0.8225
2024-05-29 21:49:11,396 - mainlogger - INFO - Accuracy: 0.9547
2024-05-29 21:49:11,396 - mainlogger - INFO - ********************************************************************************
2024-05-29 21:49:50,883 - mainlogger - INFO - Epoch 58  9.375217944383621
2024-05-29 21:49:50,884 - mainlogger - DEBUG - test
2024-05-29 21:49:56,752 - mainlogger - INFO - Dice score: 0.8242
2024-05-29 21:49:56,752 - mainlogger - INFO - Accuracy: 0.9549
2024-05-29 21:49:56,753 - mainlogger - INFO - ********************************************************************************
2024-05-29 21:50:36,228 - mainlogger - INFO - Epoch 59  9.184770714491606
2024-05-29 21:50:36,228 - mainlogger - DEBUG - test
2024-05-29 21:50:42,137 - mainlogger - INFO - Dice score: 0.8236
2024-05-29 21:50:42,137 - mainlogger - INFO - Accuracy: 0.9547
2024-05-29 21:50:42,137 - mainlogger - INFO - ********************************************************************************
2024-05-29 21:51:22,082 - mainlogger - INFO - Epoch 60  9.215089788660407
2024-05-29 21:51:22,083 - mainlogger - DEBUG - test
2024-05-29 21:51:27,973 - mainlogger - INFO - Dice score: 0.8245
2024-05-29 21:51:27,973 - mainlogger - INFO - Accuracy: 0.955
2024-05-29 21:51:27,973 - mainlogger - INFO - ********************************************************************************
2024-05-29 21:52:07,874 - mainlogger - INFO - Epoch 61  9.17100522480905
2024-05-29 21:52:07,874 - mainlogger - DEBUG - test
2024-05-29 21:52:13,886 - mainlogger - INFO - Dice score: 0.823
2024-05-29 21:52:13,886 - mainlogger - INFO - Accuracy: 0.9546
2024-05-29 21:52:13,886 - mainlogger - INFO - ********************************************************************************
2024-05-29 21:52:53,504 - mainlogger - INFO - Epoch 62  9.062139192596078
2024-05-29 21:52:53,505 - mainlogger - DEBUG - test
2024-05-29 21:52:59,441 - mainlogger - INFO - Dice score: 0.8234
2024-05-29 21:52:59,441 - mainlogger - INFO - Accuracy: 0.9547
2024-05-29 21:52:59,442 - mainlogger - INFO - ********************************************************************************
2024-05-29 21:53:39,292 - mainlogger - INFO - Epoch 63  9.054534405469894
2024-05-29 21:53:39,293 - mainlogger - DEBUG - test
2024-05-29 21:53:45,121 - mainlogger - INFO - Dice score: 0.8229
2024-05-29 21:53:45,121 - mainlogger - INFO - Accuracy: 0.9544
2024-05-29 21:53:45,121 - mainlogger - INFO - ********************************************************************************
2024-05-29 21:54:24,862 - mainlogger - INFO - Epoch 64  8.89220954477787
2024-05-29 21:54:24,863 - mainlogger - DEBUG - test
2024-05-29 21:54:30,734 - mainlogger - INFO - Dice score: 0.8236
2024-05-29 21:54:30,734 - mainlogger - INFO - Accuracy: 0.9544
2024-05-29 21:54:30,734 - mainlogger - INFO - ********************************************************************************
2024-05-29 21:55:10,246 - mainlogger - INFO - Epoch 65  8.864197419956326
2024-05-29 21:55:10,247 - mainlogger - DEBUG - test
2024-05-29 21:55:16,115 - mainlogger - INFO - Dice score: 0.8251
2024-05-29 21:55:16,115 - mainlogger - INFO - Accuracy: 0.9549
2024-05-29 21:55:16,115 - mainlogger - INFO - ********************************************************************************
2024-05-29 21:55:55,906 - mainlogger - INFO - Epoch 66  8.849364275112748
2024-05-29 21:55:55,907 - mainlogger - DEBUG - test
2024-05-29 21:56:01,865 - mainlogger - INFO - Dice score: 0.8238
2024-05-29 21:56:01,865 - mainlogger - INFO - Accuracy: 0.955
2024-05-29 21:56:01,865 - mainlogger - INFO - ********************************************************************************
2024-05-29 21:56:41,456 - mainlogger - INFO - Epoch 67  8.732843080535531
2024-05-29 21:56:41,456 - mainlogger - DEBUG - test
2024-05-29 21:56:47,372 - mainlogger - INFO - Dice score: 0.8229
2024-05-29 21:56:47,373 - mainlogger - INFO - Accuracy: 0.9545
2024-05-29 21:56:47,373 - mainlogger - INFO - ********************************************************************************
2024-05-29 21:57:27,001 - mainlogger - INFO - Epoch 68  8.72188244573772
2024-05-29 21:57:27,002 - mainlogger - DEBUG - test
2024-05-29 21:57:32,890 - mainlogger - INFO - Dice score: 0.8232
2024-05-29 21:57:32,891 - mainlogger - INFO - Accuracy: 0.9548
2024-05-29 21:57:32,891 - mainlogger - INFO - ********************************************************************************
2024-05-29 21:58:12,632 - mainlogger - INFO - Epoch 69  8.697229379788041
2024-05-29 21:58:12,633 - mainlogger - DEBUG - test
2024-05-29 21:58:18,592 - mainlogger - INFO - Dice score: 0.8228
2024-05-29 21:58:18,592 - mainlogger - INFO - Accuracy: 0.9547
2024-05-29 21:58:18,592 - mainlogger - INFO - ********************************************************************************
2024-05-29 21:58:58,130 - mainlogger - INFO - Epoch 70  8.677168771624565
2024-05-29 21:58:58,131 - mainlogger - DEBUG - test
2024-05-29 21:59:04,246 - mainlogger - INFO - Dice score: 0.8213
2024-05-29 21:59:04,246 - mainlogger - INFO - Accuracy: 0.9543
2024-05-29 21:59:04,246 - mainlogger - INFO - ********************************************************************************
2024-05-29 21:59:44,172 - mainlogger - INFO - Epoch 71  8.637653117068112
2024-05-29 21:59:44,173 - mainlogger - DEBUG - test
2024-05-29 21:59:50,241 - mainlogger - INFO - Dice score: 0.8234
2024-05-29 21:59:50,241 - mainlogger - INFO - Accuracy: 0.9545
2024-05-29 21:59:50,242 - mainlogger - INFO - ********************************************************************************
2024-05-29 22:00:30,103 - mainlogger - INFO - Epoch 72  8.503738405182958
2024-05-29 22:00:30,104 - mainlogger - DEBUG - test
2024-05-29 22:00:36,149 - mainlogger - INFO - Dice score: 0.824
2024-05-29 22:00:36,150 - mainlogger - INFO - Accuracy: 0.9546
2024-05-29 22:00:36,150 - mainlogger - INFO - ********************************************************************************
2024-05-29 22:01:15,828 - mainlogger - INFO - Epoch 73  8.57843432109803
2024-05-29 22:01:15,829 - mainlogger - DEBUG - test
2024-05-29 22:01:21,892 - mainlogger - INFO - Dice score: 0.8229
2024-05-29 22:01:21,892 - mainlogger - INFO - Accuracy: 0.9543
2024-05-29 22:01:21,892 - mainlogger - INFO - ********************************************************************************
2024-05-29 22:02:01,603 - mainlogger - INFO - Epoch 74  8.39594435878098
2024-05-29 22:02:01,604 - mainlogger - DEBUG - test
2024-05-29 22:02:07,577 - mainlogger - INFO - Dice score: 0.8225
2024-05-29 22:02:07,577 - mainlogger - INFO - Accuracy: 0.9545
2024-05-29 22:02:07,577 - mainlogger - INFO - ********************************************************************************
2024-05-29 22:02:47,321 - mainlogger - INFO - Epoch 75  8.521831806749105
2024-05-29 22:02:47,322 - mainlogger - DEBUG - test
2024-05-29 22:02:53,322 - mainlogger - INFO - Dice score: 0.8228
2024-05-29 22:02:53,322 - mainlogger - INFO - Accuracy: 0.9546
2024-05-29 22:02:53,322 - mainlogger - INFO - ********************************************************************************
2024-05-29 22:03:32,972 - mainlogger - INFO - Epoch 76  8.416184831410646
2024-05-29 22:03:32,972 - mainlogger - DEBUG - test
2024-05-29 22:03:39,022 - mainlogger - INFO - Dice score: 0.8212
2024-05-29 22:03:39,022 - mainlogger - INFO - Accuracy: 0.9541
2024-05-29 22:03:39,022 - mainlogger - INFO - ********************************************************************************
2024-05-29 22:04:18,698 - mainlogger - INFO - Epoch 77  8.260635269805789
2024-05-29 22:04:18,699 - mainlogger - DEBUG - test
2024-05-29 22:04:24,683 - mainlogger - INFO - Dice score: 0.8221
2024-05-29 22:04:24,683 - mainlogger - INFO - Accuracy: 0.9545
2024-05-29 22:04:24,683 - mainlogger - INFO - ********************************************************************************
2024-05-29 22:05:04,330 - mainlogger - INFO - Epoch 78  8.27997625619173
2024-05-29 22:05:04,330 - mainlogger - DEBUG - test
2024-05-29 22:05:10,465 - mainlogger - INFO - Dice score: 0.8218
2024-05-29 22:05:10,465 - mainlogger - INFO - Accuracy: 0.9543
2024-05-29 22:05:10,465 - mainlogger - INFO - ********************************************************************************
2024-05-29 22:05:49,962 - mainlogger - INFO - Epoch 79  8.246377620846033
2024-05-29 22:05:49,963 - mainlogger - DEBUG - test
2024-05-29 22:05:55,988 - mainlogger - INFO - Dice score: 0.8237
2024-05-29 22:05:55,988 - mainlogger - INFO - Accuracy: 0.9545
2024-05-29 22:05:55,988 - mainlogger - INFO - ********************************************************************************
2024-05-29 22:06:35,683 - mainlogger - INFO - Epoch 80  8.243463314138353
2024-05-29 22:06:35,683 - mainlogger - DEBUG - test
2024-05-29 22:06:41,834 - mainlogger - INFO - Dice score: 0.8225
2024-05-29 22:06:41,835 - mainlogger - INFO - Accuracy: 0.9542
2024-05-29 22:06:41,835 - mainlogger - INFO - ********************************************************************************
2024-05-29 22:07:21,208 - mainlogger - INFO - Epoch 81  8.234116634353995
2024-05-29 22:07:21,209 - mainlogger - DEBUG - test
2024-05-29 22:07:27,170 - mainlogger - INFO - Dice score: 0.8227
2024-05-29 22:07:27,170 - mainlogger - INFO - Accuracy: 0.9543
2024-05-29 22:07:27,171 - mainlogger - INFO - ********************************************************************************
2024-05-29 22:08:06,926 - mainlogger - INFO - Epoch 82  8.236129077151418
2024-05-29 22:08:06,927 - mainlogger - DEBUG - test
2024-05-29 22:08:12,981 - mainlogger - INFO - Dice score: 0.822
2024-05-29 22:08:12,981 - mainlogger - INFO - Accuracy: 0.9544
2024-05-29 22:08:12,981 - mainlogger - INFO - ********************************************************************************
2024-05-29 22:08:52,557 - mainlogger - INFO - Epoch 83  8.519035948440433
2024-05-29 22:08:52,558 - mainlogger - DEBUG - test
2024-05-29 22:08:58,467 - mainlogger - INFO - Dice score: 0.823
2024-05-29 22:08:58,467 - mainlogger - INFO - Accuracy: 0.9542
2024-05-29 22:08:58,468 - mainlogger - INFO - ********************************************************************************
2024-05-29 22:09:38,025 - mainlogger - INFO - Epoch 84  8.161102928221226
2024-05-29 22:09:38,025 - mainlogger - DEBUG - test
2024-05-29 22:09:44,048 - mainlogger - INFO - Dice score: 0.824
2024-05-29 22:09:44,048 - mainlogger - INFO - Accuracy: 0.9549
2024-05-29 22:09:44,048 - mainlogger - INFO - ********************************************************************************
2024-05-29 22:10:23,459 - mainlogger - INFO - Epoch 85  8.133237356320024
2024-05-29 22:10:23,459 - mainlogger - DEBUG - test
2024-05-29 22:10:29,486 - mainlogger - INFO - Dice score: 0.8229
2024-05-29 22:10:29,487 - mainlogger - INFO - Accuracy: 0.9546
2024-05-29 22:10:29,487 - mainlogger - INFO - ********************************************************************************
2024-05-29 22:11:09,091 - mainlogger - INFO - Epoch 86  8.052386273629963
2024-05-29 22:11:09,091 - mainlogger - DEBUG - test
2024-05-29 22:11:15,105 - mainlogger - INFO - Dice score: 0.823
2024-05-29 22:11:15,105 - mainlogger - INFO - Accuracy: 0.9547
2024-05-29 22:11:15,105 - mainlogger - INFO - ********************************************************************************
2024-05-29 22:11:54,756 - mainlogger - INFO - Epoch 87  8.026219077408314
2024-05-29 22:11:54,756 - mainlogger - DEBUG - test
2024-05-29 22:12:00,766 - mainlogger - INFO - Dice score: 0.8239
2024-05-29 22:12:00,767 - mainlogger - INFO - Accuracy: 0.9547
2024-05-29 22:12:00,767 - mainlogger - INFO - ********************************************************************************
2024-05-29 22:12:40,749 - mainlogger - INFO - Epoch 88  8.049646735191345
2024-05-29 22:12:40,750 - mainlogger - DEBUG - test
2024-05-29 22:12:46,802 - mainlogger - INFO - Dice score: 0.823
2024-05-29 22:12:46,802 - mainlogger - INFO - Accuracy: 0.9546
2024-05-29 22:12:46,802 - mainlogger - INFO - ********************************************************************************
2024-05-29 22:13:26,362 - mainlogger - INFO - Epoch 89  7.976510174572468
2024-05-29 22:13:26,362 - mainlogger - DEBUG - test
2024-05-29 22:13:32,490 - mainlogger - INFO - Dice score: 0.8225
2024-05-29 22:13:32,491 - mainlogger - INFO - Accuracy: 0.9546
2024-05-29 22:13:32,491 - mainlogger - INFO - ********************************************************************************
2024-05-29 22:14:12,006 - mainlogger - INFO - Epoch 90  7.995569954626262
2024-05-29 22:14:12,006 - mainlogger - DEBUG - test
2024-05-29 22:14:17,953 - mainlogger - INFO - Dice score: 0.8227
2024-05-29 22:14:17,953 - mainlogger - INFO - Accuracy: 0.9545
2024-05-29 22:14:17,953 - mainlogger - INFO - ********************************************************************************
2024-05-29 22:14:57,327 - mainlogger - INFO - Epoch 91  7.917198055423796
2024-05-29 22:14:57,328 - mainlogger - DEBUG - test
2024-05-29 22:15:03,368 - mainlogger - INFO - Dice score: 0.8238
2024-05-29 22:15:03,368 - mainlogger - INFO - Accuracy: 0.9546
2024-05-29 22:15:03,369 - mainlogger - INFO - ********************************************************************************
2024-05-29 22:15:43,157 - mainlogger - INFO - Epoch 92  8.002324733883142
2024-05-29 22:15:43,158 - mainlogger - DEBUG - test
2024-05-29 22:15:49,147 - mainlogger - INFO - Dice score: 0.8239
2024-05-29 22:15:49,147 - mainlogger - INFO - Accuracy: 0.9546
2024-05-29 22:15:49,147 - mainlogger - INFO - ********************************************************************************
2024-05-29 22:16:28,977 - mainlogger - INFO - Epoch 93  7.8230816423892975
2024-05-29 22:16:28,978 - mainlogger - DEBUG - test
2024-05-29 22:16:35,048 - mainlogger - INFO - Dice score: 0.8233
2024-05-29 22:16:35,048 - mainlogger - INFO - Accuracy: 0.9544
2024-05-29 22:16:35,049 - mainlogger - INFO - ********************************************************************************
2024-05-29 22:17:14,907 - mainlogger - INFO - Epoch 94  7.7903431337326765
2024-05-29 22:17:14,907 - mainlogger - DEBUG - test
2024-05-29 22:17:20,880 - mainlogger - INFO - Dice score: 0.8239
2024-05-29 22:17:20,880 - mainlogger - INFO - Accuracy: 0.9546
2024-05-29 22:17:20,880 - mainlogger - INFO - ********************************************************************************
2024-05-29 22:18:00,440 - mainlogger - INFO - Epoch 95  7.812773432582617
2024-05-29 22:18:00,440 - mainlogger - DEBUG - test
2024-05-29 22:18:06,444 - mainlogger - INFO - Dice score: 0.8228
2024-05-29 22:18:06,444 - mainlogger - INFO - Accuracy: 0.9545
2024-05-29 22:18:06,444 - mainlogger - INFO - ********************************************************************************
2024-05-29 22:18:45,893 - mainlogger - INFO - Epoch 96  7.88705850020051
2024-05-29 22:18:45,894 - mainlogger - DEBUG - test
2024-05-29 22:18:52,010 - mainlogger - INFO - Dice score: 0.8232
2024-05-29 22:18:52,010 - mainlogger - INFO - Accuracy: 0.9545
2024-05-29 22:18:52,010 - mainlogger - INFO - ********************************************************************************
2024-05-29 22:19:31,779 - mainlogger - INFO - Epoch 97  7.8297466821968555
2024-05-29 22:19:31,780 - mainlogger - DEBUG - test
2024-05-29 22:19:37,846 - mainlogger - INFO - Dice score: 0.8228
2024-05-29 22:19:37,846 - mainlogger - INFO - Accuracy: 0.9543
2024-05-29 22:19:37,846 - mainlogger - INFO - ********************************************************************************
2024-05-29 22:20:17,440 - mainlogger - INFO - Epoch 98  7.837599730119109
2024-05-29 22:20:17,440 - mainlogger - DEBUG - test
2024-05-29 22:20:23,527 - mainlogger - INFO - Dice score: 0.8227
2024-05-29 22:20:23,527 - mainlogger - INFO - Accuracy: 0.9544
2024-05-29 22:20:23,527 - mainlogger - INFO - ********************************************************************************
2024-05-29 22:21:03,208 - mainlogger - INFO - Epoch 99  7.756987008266151
2024-05-29 22:21:03,209 - mainlogger - DEBUG - test
2024-05-29 22:21:09,190 - mainlogger - INFO - Dice score: 0.8217
2024-05-29 22:21:09,191 - mainlogger - INFO - Accuracy: 0.9544
2024-05-29 22:21:09,191 - mainlogger - INFO - ********************************************************************************
2024-05-29 22:21:09,191 - mainlogger - DEBUG - []
2024-05-29 22:21:09,191 - mainlogger - DEBUG - [0.8259163742985984, 0.8258019079784675, 0.8223114770521752, 0.8248571659246552, 0.8259304395163513, 0.8247071547155184, 0.8244255216195967, 0.8242634572898381, 0.8265104654156468, 0.8265996892553832, 0.8251545302267089, 0.8245712083495579, 0.8245763865008507, 0.8242709972488783, 0.8246625571196855, 0.8226438509566463, 0.8240183413308814, 0.8242694365916489, 0.8221546872620711, 0.8235581291248701, 0.8242406473438817, 0.8237468250221304, 0.8223591050263269, 0.8248957215149986, 0.8246461549136854, 0.8222107393050759, 0.824322365453029, 0.8224900923546075, 0.8241921462440164, 0.8235716363839914, 0.8245302032157896, 0.8229889419465825, 0.8234151646388874, 0.8228533532238996, 0.8235633576893664, 0.825097684630236, 0.8237544412494398, 0.8228659778262692, 0.8232266746812454, 0.822807921432575, 0.8212855879881084, 0.8234335804355091, 0.8239928228224143, 0.8229283563194416, 0.8224736548259599, 0.8228279766076829, 0.8212367099593052, 0.8220976170732341, 0.8218257835769713, 0.823720700737146, 0.8225380687920073, 0.8227115005789314, 0.8220440016667038, 0.8230443975686655, 0.8240101718804763, 0.8228962032839165, 0.8230230205153451, 0.8239147017795405, 0.8230443000659553, 0.8224877332788219, 0.8226911053162065, 0.8238180241868923, 0.8239168866386116, 0.8233245346638273, 0.8239411391895543, 0.8228160690635421, 0.8231719324246283, 0.8228252202923115, 0.82265759533845, 0.8217080886332637]
2024-05-29 22:21:09,192 - mainlogger - INFO - final test
2024-05-29 22:21:15,321 - mainlogger - INFO - Dice score: 0.8217
2024-05-29 22:21:15,322 - mainlogger - INFO - Accuracy: 0.9544
