2024-05-30 21:54:01,601 - mainlogger - INFO - 4638
2024-05-30 21:54:01,601 - mainlogger - INFO - <class '__main__.Supervised'>
2024-05-30 21:54:01,601 - mainlogger - INFO - lxb/aaunet.yaml
2024-05-30 21:54:01,601 - mainlogger - INFO - {'desc': 'first', 'batch_size': 8, 'epochs': 100, 'init': True, 'debug': True, 'all_metric': True, 'model': {'name': 'unet.aaunet.AAUNet', 'args': {'channels': [32, 64, 128, 256, 512], 'in_channels': 3}}, 'trainset': {'name': 'lxb.dataset.DataSets.BreastDataset', 'args': {'path': 'lxb/data/train', 'phase': 'train'}}, 'testset': {'name': 'lxb.dataset.DataSets.BreastDataset', 'args': {'path': 'lxb/data/val', 'phase': 'test'}}, 'criterion': {'name': 'spgutils.focalloss.BinaryFocalLoss', 'args': {'gamma': 0}}, 'optimizer': {'name': 'torch.optim.Adam', 'args': {'lr': 5e-05}}, 'scheduler': {'name': 'torch.optim.lr_scheduler.StepLR', 'args': {'step_size': 1, 'gamma': 0.97}}}
2024-05-30 21:54:01,602 - mainlogger - INFO - 15.922350883483887
2024-05-30 21:54:01,617 - mainlogger - INFO - init with relu
2024-05-30 21:54:19,186 - mainlogger - INFO - hd95: 87.23±8.944
2024-05-30 21:54:19,187 - mainlogger - INFO - dice: 0.1997±0.07475
2024-05-30 21:54:19,187 - mainlogger - INFO - jaccard: 0.1128±0.04647
2024-05-30 21:54:19,187 - mainlogger - INFO - acc: 0.113±0.04644
2024-05-30 21:54:19,188 - mainlogger - INFO - pre: 0.1083±0.0466
2024-05-30 21:54:19,188 - mainlogger - INFO - rec: 0.1069±0.046
2024-05-30 21:54:19,188 - mainlogger - INFO - spe: 0.119±0.04691
2024-05-30 21:55:01,573 - mainlogger - INFO - Epoch 0  88.53290624916553
2024-05-30 21:55:01,573 - mainlogger - INFO - ********************************************************************************
2024-05-30 21:55:41,475 - mainlogger - INFO - Epoch 1  40.98544590175152
2024-05-30 21:55:41,475 - mainlogger - INFO - ********************************************************************************
2024-05-30 21:56:24,880 - mainlogger - INFO - Epoch 2  34.936763644218445
2024-05-30 21:56:24,880 - mainlogger - INFO - ********************************************************************************
2024-05-30 21:57:04,838 - mainlogger - INFO - Epoch 3  31.917920619249344
2024-05-30 21:57:04,838 - mainlogger - INFO - ********************************************************************************
2024-05-30 21:57:45,436 - mainlogger - INFO - Epoch 4  29.88156571611762
2024-05-30 21:57:45,437 - mainlogger - INFO - ********************************************************************************
2024-05-30 21:58:25,639 - mainlogger - INFO - Epoch 5  28.70350467041135
2024-05-30 21:58:25,639 - mainlogger - INFO - ********************************************************************************
2024-05-30 21:59:05,294 - mainlogger - INFO - Epoch 6  26.706518579274416
2024-05-30 21:59:05,294 - mainlogger - INFO - ********************************************************************************
2024-05-30 21:59:44,390 - mainlogger - INFO - Epoch 7  25.307265672832727
2024-05-30 21:59:44,390 - mainlogger - INFO - ********************************************************************************
2024-05-30 22:00:23,322 - mainlogger - INFO - Epoch 8  23.85028436407447
2024-05-30 22:00:23,322 - mainlogger - INFO - ********************************************************************************
2024-05-30 22:01:02,261 - mainlogger - INFO - Epoch 9  22.855226051062346
2024-05-30 22:01:02,261 - mainlogger - INFO - ********************************************************************************
2024-05-30 22:01:41,307 - mainlogger - INFO - Epoch 10  22.060847990214825
2024-05-30 22:01:41,308 - mainlogger - INFO - ********************************************************************************
2024-05-30 22:02:20,462 - mainlogger - INFO - Epoch 11  21.17040406167507
2024-05-30 22:02:20,462 - mainlogger - INFO - ********************************************************************************
2024-05-30 22:02:59,352 - mainlogger - INFO - Epoch 12  20.202559612691402
2024-05-30 22:02:59,352 - mainlogger - INFO - ********************************************************************************
2024-05-30 22:03:38,541 - mainlogger - INFO - Epoch 13  19.50591169297695
2024-05-30 22:03:38,542 - mainlogger - INFO - ********************************************************************************
2024-05-30 22:04:17,427 - mainlogger - INFO - Epoch 14  19.11547465622425
2024-05-30 22:04:17,427 - mainlogger - INFO - ********************************************************************************
2024-05-30 22:04:56,356 - mainlogger - INFO - Epoch 15  18.227765630930662
2024-05-30 22:04:56,357 - mainlogger - INFO - ********************************************************************************
2024-05-30 22:05:35,267 - mainlogger - INFO - Epoch 16  17.79491923749447
2024-05-30 22:05:35,268 - mainlogger - INFO - ********************************************************************************
2024-05-30 22:06:14,592 - mainlogger - INFO - Epoch 17  17.18649424239993
2024-05-30 22:06:14,593 - mainlogger - INFO - ********************************************************************************
2024-05-30 22:06:53,720 - mainlogger - INFO - Epoch 18  16.698625080287457
2024-05-30 22:06:53,720 - mainlogger - INFO - ********************************************************************************
2024-05-30 22:07:32,730 - mainlogger - INFO - Epoch 19  16.079342752695084
2024-05-30 22:07:32,731 - mainlogger - INFO - ********************************************************************************
2024-05-30 22:08:11,886 - mainlogger - INFO - Epoch 20  15.561013063415885
2024-05-30 22:08:11,887 - mainlogger - INFO - ********************************************************************************
2024-05-30 22:08:50,716 - mainlogger - INFO - Epoch 21  15.335814580321312
2024-05-30 22:08:50,717 - mainlogger - INFO - ********************************************************************************
2024-05-30 22:09:29,756 - mainlogger - INFO - Epoch 22  14.832562532275915
2024-05-30 22:09:29,756 - mainlogger - INFO - ********************************************************************************
2024-05-30 22:10:08,704 - mainlogger - INFO - Epoch 23  14.64907494559884
2024-05-30 22:10:08,704 - mainlogger - INFO - ********************************************************************************
2024-05-30 22:10:47,814 - mainlogger - INFO - Epoch 24  14.417094856500626
2024-05-30 22:10:47,814 - mainlogger - INFO - ********************************************************************************
2024-05-30 22:11:26,911 - mainlogger - INFO - Epoch 25  13.98699751868844
2024-05-30 22:11:26,911 - mainlogger - INFO - ********************************************************************************
2024-05-30 22:12:05,876 - mainlogger - INFO - Epoch 26  13.528161115944386
2024-05-30 22:12:05,877 - mainlogger - INFO - ********************************************************************************
2024-05-30 22:12:44,970 - mainlogger - INFO - Epoch 27  13.46720689535141
2024-05-30 22:12:44,971 - mainlogger - INFO - ********************************************************************************
2024-05-30 22:13:24,012 - mainlogger - INFO - Epoch 28  13.093443179503083
2024-05-30 22:13:24,012 - mainlogger - INFO - ********************************************************************************
2024-05-30 22:14:03,097 - mainlogger - INFO - Epoch 29  12.900551959872246
2024-05-30 22:14:03,098 - mainlogger - INFO - ********************************************************************************
2024-05-30 22:14:42,190 - mainlogger - INFO - Epoch 30  12.631419090554118
2024-05-30 22:14:42,191 - mainlogger - DEBUG - test
2024-05-30 22:14:56,370 - mainlogger - INFO - hd95: 8.898±7.054
2024-05-30 22:14:56,370 - mainlogger - INFO - dice: 0.8062±0.09805
2024-05-30 22:14:56,370 - mainlogger - INFO - jaccard: 0.6634±0.124
2024-05-30 22:14:56,370 - mainlogger - INFO - acc: 0.9605±0.02116
2024-05-30 22:14:56,371 - mainlogger - INFO - pre: 0.9594±0.02181
2024-05-30 22:14:56,371 - mainlogger - INFO - rec: 0.9619±0.02046
2024-05-30 22:14:56,371 - mainlogger - INFO - spe: 0.9592±0.02202
2024-05-30 22:14:56,372 - mainlogger - INFO - ********************************************************************************
2024-05-30 22:15:35,256 - mainlogger - INFO - Epoch 31  12.36551159247756
2024-05-30 22:15:35,256 - mainlogger - DEBUG - test
2024-05-30 22:15:49,678 - mainlogger - INFO - hd95: 8.953±7.168
2024-05-30 22:15:49,679 - mainlogger - INFO - dice: 0.807±0.09673
2024-05-30 22:15:49,679 - mainlogger - INFO - jaccard: 0.6649±0.1233
2024-05-30 22:15:49,679 - mainlogger - INFO - acc: 0.9607±0.02092
2024-05-30 22:15:49,679 - mainlogger - INFO - pre: 0.9597±0.02159
2024-05-30 22:15:49,679 - mainlogger - INFO - rec: 0.9619±0.0202
2024-05-30 22:15:49,680 - mainlogger - INFO - spe: 0.9595±0.0218
2024-05-30 22:15:49,681 - mainlogger - INFO - ********************************************************************************
2024-05-30 22:16:28,760 - mainlogger - INFO - Epoch 32  12.138750990852714
2024-05-30 22:16:28,760 - mainlogger - DEBUG - test
2024-05-30 22:16:43,028 - mainlogger - INFO - hd95: 9.087±6.952
2024-05-30 22:16:43,029 - mainlogger - INFO - dice: 0.8053±0.09297
2024-05-30 22:16:43,029 - mainlogger - INFO - jaccard: 0.6612±0.1202
2024-05-30 22:16:43,029 - mainlogger - INFO - acc: 0.9606±0.02021
2024-05-30 22:16:43,029 - mainlogger - INFO - pre: 0.9593±0.0209
2024-05-30 22:16:43,030 - mainlogger - INFO - rec: 0.962±0.01949
2024-05-30 22:16:43,030 - mainlogger - INFO - spe: 0.9591±0.0211
2024-05-30 22:16:43,031 - mainlogger - INFO - ********************************************************************************
2024-05-30 22:17:22,065 - mainlogger - INFO - Epoch 33  12.073384830728173
2024-05-30 22:17:22,065 - mainlogger - DEBUG - test
2024-05-30 22:17:36,244 - mainlogger - INFO - hd95: 8.803±6.99
2024-05-30 22:17:36,244 - mainlogger - INFO - dice: 0.8071±0.09362
2024-05-30 22:17:36,244 - mainlogger - INFO - jaccard: 0.6657±0.1221
2024-05-30 22:17:36,245 - mainlogger - INFO - acc: 0.9601±0.02147
2024-05-30 22:17:36,245 - mainlogger - INFO - pre: 0.9593±0.02221
2024-05-30 22:17:36,245 - mainlogger - INFO - rec: 0.9611±0.02069
2024-05-30 22:17:36,245 - mainlogger - INFO - spe: 0.9592±0.02243
2024-05-30 22:17:36,246 - mainlogger - INFO - ********************************************************************************
2024-05-30 22:18:15,285 - mainlogger - INFO - Epoch 34  11.880438776686788
2024-05-30 22:18:15,285 - mainlogger - DEBUG - test
2024-05-30 22:18:29,594 - mainlogger - INFO - hd95: 8.973±7.03
2024-05-30 22:18:29,594 - mainlogger - INFO - dice: 0.8057±0.09512
2024-05-30 22:18:29,595 - mainlogger - INFO - jaccard: 0.6623±0.1217
2024-05-30 22:18:29,595 - mainlogger - INFO - acc: 0.9603±0.02135
2024-05-30 22:18:29,595 - mainlogger - INFO - pre: 0.9591±0.02207
2024-05-30 22:18:29,595 - mainlogger - INFO - rec: 0.9616±0.02058
2024-05-30 22:18:29,595 - mainlogger - INFO - spe: 0.9589±0.02229
2024-05-30 22:18:29,596 - mainlogger - INFO - ********************************************************************************
2024-05-30 22:19:08,562 - mainlogger - INFO - Epoch 35  11.781774332746863
2024-05-30 22:19:08,562 - mainlogger - DEBUG - test
2024-05-30 22:19:22,777 - mainlogger - INFO - hd95: 8.9±7.107
2024-05-30 22:19:22,777 - mainlogger - INFO - dice: 0.808±0.09317
2024-05-30 22:19:22,778 - mainlogger - INFO - jaccard: 0.6663±0.1198
2024-05-30 22:19:22,778 - mainlogger - INFO - acc: 0.9604±0.02019
2024-05-30 22:19:22,778 - mainlogger - INFO - pre: 0.9595±0.02086
2024-05-30 22:19:22,778 - mainlogger - INFO - rec: 0.9615±0.01952
2024-05-30 22:19:22,778 - mainlogger - INFO - spe: 0.9594±0.02104
2024-05-30 22:19:22,779 - mainlogger - INFO - ********************************************************************************
2024-05-30 22:20:01,758 - mainlogger - INFO - Epoch 36  11.586758557707071
2024-05-30 22:20:01,759 - mainlogger - DEBUG - test
2024-05-30 22:20:15,906 - mainlogger - INFO - hd95: 8.847±6.905
2024-05-30 22:20:15,906 - mainlogger - INFO - dice: 0.8066±0.09431
2024-05-30 22:20:15,906 - mainlogger - INFO - jaccard: 0.6635±0.1208
2024-05-30 22:20:15,906 - mainlogger - INFO - acc: 0.9607±0.01988
2024-05-30 22:20:15,907 - mainlogger - INFO - pre: 0.9595±0.02059
2024-05-30 22:20:15,907 - mainlogger - INFO - rec: 0.962±0.01915
2024-05-30 22:20:15,907 - mainlogger - INFO - spe: 0.9594±0.02079
2024-05-30 22:20:15,908 - mainlogger - INFO - ********************************************************************************
2024-05-30 22:20:54,735 - mainlogger - INFO - Epoch 37  11.253484094515443
2024-05-30 22:20:54,735 - mainlogger - DEBUG - test
2024-05-30 22:21:09,086 - mainlogger - INFO - hd95: 8.799±7.066
2024-05-30 22:21:09,087 - mainlogger - INFO - dice: 0.8097±0.09045
2024-05-30 22:21:09,087 - mainlogger - INFO - jaccard: 0.6693±0.1174
2024-05-30 22:21:09,087 - mainlogger - INFO - acc: 0.96±0.02025
2024-05-30 22:21:09,087 - mainlogger - INFO - pre: 0.9594±0.02089
2024-05-30 22:21:09,087 - mainlogger - INFO - rec: 0.9608±0.01961
2024-05-30 22:21:09,087 - mainlogger - INFO - spe: 0.9593±0.02107
2024-05-30 22:21:09,088 - mainlogger - INFO - ********************************************************************************
2024-05-30 22:21:48,215 - mainlogger - INFO - Epoch 38  11.165078790858388
2024-05-30 22:21:48,216 - mainlogger - DEBUG - test
2024-05-30 22:22:02,327 - mainlogger - INFO - hd95: 8.8±7.129
2024-05-30 22:22:02,328 - mainlogger - INFO - dice: 0.8095±0.09161
2024-05-30 22:22:02,328 - mainlogger - INFO - jaccard: 0.6687±0.1186
2024-05-30 22:22:02,328 - mainlogger - INFO - acc: 0.9604±0.01952
2024-05-30 22:22:02,328 - mainlogger - INFO - pre: 0.9596±0.0201
2024-05-30 22:22:02,328 - mainlogger - INFO - rec: 0.9613±0.01899
2024-05-30 22:22:02,329 - mainlogger - INFO - spe: 0.9595±0.02025
2024-05-30 22:22:02,330 - mainlogger - INFO - ********************************************************************************
2024-05-30 22:22:41,610 - mainlogger - INFO - Epoch 39  10.928909741342068
2024-05-30 22:22:41,610 - mainlogger - DEBUG - test
2024-05-30 22:22:55,856 - mainlogger - INFO - hd95: 8.831±6.952
2024-05-30 22:22:55,857 - mainlogger - INFO - dice: 0.8075±0.09229
2024-05-30 22:22:55,857 - mainlogger - INFO - jaccard: 0.6642±0.119
2024-05-30 22:22:55,857 - mainlogger - INFO - acc: 0.9607±0.02045
2024-05-30 22:22:55,857 - mainlogger - INFO - pre: 0.9595±0.02115
2024-05-30 22:22:55,857 - mainlogger - INFO - rec: 0.962±0.01973
2024-05-30 22:22:55,857 - mainlogger - INFO - spe: 0.9593±0.02135
2024-05-30 22:22:55,859 - mainlogger - INFO - ********************************************************************************
2024-05-30 22:23:35,239 - mainlogger - INFO - Epoch 40  10.857786709442735
2024-05-30 22:23:35,240 - mainlogger - DEBUG - test
2024-05-30 22:23:49,380 - mainlogger - INFO - hd95: 8.749±6.92
2024-05-30 22:23:49,380 - mainlogger - INFO - dice: 0.8091±0.0919
2024-05-30 22:23:49,381 - mainlogger - INFO - jaccard: 0.6672±0.1186
2024-05-30 22:23:49,381 - mainlogger - INFO - acc: 0.9607±0.01979
2024-05-30 22:23:49,381 - mainlogger - INFO - pre: 0.9597±0.02044
2024-05-30 22:23:49,381 - mainlogger - INFO - rec: 0.9619±0.01913
2024-05-30 22:23:49,381 - mainlogger - INFO - spe: 0.9596±0.02063
2024-05-30 22:23:49,382 - mainlogger - INFO - ********************************************************************************
2024-05-30 22:24:28,153 - mainlogger - INFO - Epoch 41  10.633536348119378
2024-05-30 22:24:28,153 - mainlogger - DEBUG - test
2024-05-30 22:24:42,330 - mainlogger - INFO - hd95: 8.725±6.935
2024-05-30 22:24:42,331 - mainlogger - INFO - dice: 0.8109±0.09047
2024-05-30 22:24:42,331 - mainlogger - INFO - jaccard: 0.6704±0.1167
2024-05-30 22:24:42,331 - mainlogger - INFO - acc: 0.9605±0.01934
2024-05-30 22:24:42,331 - mainlogger - INFO - pre: 0.9598±0.01993
2024-05-30 22:24:42,332 - mainlogger - INFO - rec: 0.9614±0.0188
2024-05-30 22:24:42,332 - mainlogger - INFO - spe: 0.9597±0.02008
2024-05-30 22:24:42,333 - mainlogger - INFO - ********************************************************************************
2024-05-30 22:25:21,370 - mainlogger - INFO - Epoch 42  10.586828334257007
2024-05-30 22:25:21,371 - mainlogger - DEBUG - test
2024-05-30 22:25:35,591 - mainlogger - INFO - hd95: 9.024±7.097
2024-05-30 22:25:35,592 - mainlogger - INFO - dice: 0.8021±0.1002
2024-05-30 22:25:35,592 - mainlogger - INFO - jaccard: 0.6595±0.1262
2024-05-30 22:25:35,592 - mainlogger - INFO - acc: 0.959±0.02266
2024-05-30 22:25:35,592 - mainlogger - INFO - pre: 0.958±0.02339
2024-05-30 22:25:35,592 - mainlogger - INFO - rec: 0.96±0.02188
2024-05-30 22:25:35,592 - mainlogger - INFO - spe: 0.9579±0.02362
2024-05-30 22:25:35,593 - mainlogger - INFO - ********************************************************************************
2024-05-30 22:26:14,520 - mainlogger - INFO - Epoch 43  10.492317326366901
2024-05-30 22:26:14,520 - mainlogger - DEBUG - test
2024-05-30 22:26:28,643 - mainlogger - INFO - hd95: 8.837±7.002
2024-05-30 22:26:28,644 - mainlogger - INFO - dice: 0.8078±0.09384
2024-05-30 22:26:28,644 - mainlogger - INFO - jaccard: 0.6661±0.1198
2024-05-30 22:26:28,644 - mainlogger - INFO - acc: 0.9602±0.02062
2024-05-30 22:26:28,644 - mainlogger - INFO - pre: 0.9592±0.02129
2024-05-30 22:26:28,645 - mainlogger - INFO - rec: 0.9612±0.01993
2024-05-30 22:26:28,645 - mainlogger - INFO - spe: 0.9591±0.02148
2024-05-30 22:26:28,646 - mainlogger - INFO - ********************************************************************************
2024-05-30 22:27:07,718 - mainlogger - INFO - Epoch 44  10.524973277002573
2024-05-30 22:27:07,719 - mainlogger - DEBUG - test
2024-05-30 22:27:21,872 - mainlogger - INFO - hd95: 8.854±7.102
2024-05-30 22:27:21,872 - mainlogger - INFO - dice: 0.8093±0.09403
2024-05-30 22:27:21,872 - mainlogger - INFO - jaccard: 0.6686±0.1198
2024-05-30 22:27:21,872 - mainlogger - INFO - acc: 0.9605±0.01935
2024-05-30 22:27:21,872 - mainlogger - INFO - pre: 0.9597±0.01994
2024-05-30 22:27:21,872 - mainlogger - INFO - rec: 0.9614±0.01879
2024-05-30 22:27:21,872 - mainlogger - INFO - spe: 0.9596±0.02009
2024-05-30 22:27:21,873 - mainlogger - INFO - ********************************************************************************
2024-05-30 22:28:00,729 - mainlogger - INFO - Epoch 45  10.16299643367529
2024-05-30 22:28:00,730 - mainlogger - DEBUG - test
2024-05-30 22:28:14,880 - mainlogger - INFO - hd95: 8.717±6.881
2024-05-30 22:28:14,880 - mainlogger - INFO - dice: 0.8072±0.09527
2024-05-30 22:28:14,880 - mainlogger - INFO - jaccard: 0.6657±0.1209
2024-05-30 22:28:14,881 - mainlogger - INFO - acc: 0.9603±0.02053
2024-05-30 22:28:14,881 - mainlogger - INFO - pre: 0.9594±0.02122
2024-05-30 22:28:14,881 - mainlogger - INFO - rec: 0.9613±0.01981
2024-05-30 22:28:14,881 - mainlogger - INFO - spe: 0.9592±0.02142
2024-05-30 22:28:14,885 - mainlogger - INFO - ********************************************************************************
2024-05-30 22:28:53,717 - mainlogger - INFO - Epoch 46  9.96737358160317
2024-05-30 22:28:53,717 - mainlogger - DEBUG - test
2024-05-30 22:29:07,977 - mainlogger - INFO - hd95: 8.702±6.92
2024-05-30 22:29:07,977 - mainlogger - INFO - dice: 0.8087±0.09339
2024-05-30 22:29:07,978 - mainlogger - INFO - jaccard: 0.6672±0.1193
2024-05-30 22:29:07,978 - mainlogger - INFO - acc: 0.9606±0.01943
2024-05-30 22:29:07,978 - mainlogger - INFO - pre: 0.9597±0.02008
2024-05-30 22:29:07,978 - mainlogger - INFO - rec: 0.9617±0.0188
2024-05-30 22:29:07,978 - mainlogger - INFO - spe: 0.9596±0.02025
2024-05-30 22:29:07,979 - mainlogger - INFO - ********************************************************************************
2024-05-30 22:29:46,858 - mainlogger - INFO - Epoch 47  9.91889076679945
2024-05-30 22:29:46,859 - mainlogger - DEBUG - test
2024-05-30 22:30:00,983 - mainlogger - INFO - hd95: 8.943±7.136
2024-05-30 22:30:00,984 - mainlogger - INFO - dice: 0.8067±0.0961
2024-05-30 22:30:00,984 - mainlogger - INFO - jaccard: 0.6646±0.1216
2024-05-30 22:30:00,984 - mainlogger - INFO - acc: 0.9603±0.0204
2024-05-30 22:30:00,984 - mainlogger - INFO - pre: 0.9593±0.02107
2024-05-30 22:30:00,984 - mainlogger - INFO - rec: 0.9614±0.0197
2024-05-30 22:30:00,985 - mainlogger - INFO - spe: 0.9591±0.02126
2024-05-30 22:30:00,986 - mainlogger - INFO - ********************************************************************************
2024-05-30 22:30:39,817 - mainlogger - INFO - Epoch 48  9.844081213697791
2024-05-30 22:30:39,818 - mainlogger - DEBUG - test
2024-05-30 22:30:54,042 - mainlogger - INFO - hd95: 8.862±7.113
2024-05-30 22:30:54,042 - mainlogger - INFO - dice: 0.8081±0.09421
2024-05-30 22:30:54,042 - mainlogger - INFO - jaccard: 0.667±0.1206
2024-05-30 22:30:54,042 - mainlogger - INFO - acc: 0.9602±0.01992
2024-05-30 22:30:54,043 - mainlogger - INFO - pre: 0.9594±0.02053
2024-05-30 22:30:54,043 - mainlogger - INFO - rec: 0.9612±0.01931
2024-05-30 22:30:54,043 - mainlogger - INFO - spe: 0.9593±0.02071
2024-05-30 22:30:54,044 - mainlogger - INFO - ********************************************************************************
2024-05-30 22:31:33,024 - mainlogger - INFO - Epoch 49  9.81311360001564
2024-05-30 22:31:33,024 - mainlogger - DEBUG - test
2024-05-30 22:31:47,186 - mainlogger - INFO - hd95: 8.836±7.042
2024-05-30 22:31:47,186 - mainlogger - INFO - dice: 0.8083±0.09232
2024-05-30 22:31:47,187 - mainlogger - INFO - jaccard: 0.6664±0.1184
2024-05-30 22:31:47,187 - mainlogger - INFO - acc: 0.9604±0.01975
2024-05-30 22:31:47,187 - mainlogger - INFO - pre: 0.9595±0.02036
2024-05-30 22:31:47,187 - mainlogger - INFO - rec: 0.9615±0.01915
2024-05-30 22:31:47,187 - mainlogger - INFO - spe: 0.9593±0.02054
2024-05-30 22:31:47,188 - mainlogger - INFO - ********************************************************************************
2024-05-30 22:32:26,281 - mainlogger - INFO - Epoch 50  9.643250674009323
2024-05-30 22:32:26,281 - mainlogger - DEBUG - test
2024-05-30 22:32:40,553 - mainlogger - INFO - hd95: 8.894±6.905
2024-05-30 22:32:40,553 - mainlogger - INFO - dice: 0.8072±0.09254
2024-05-30 22:32:40,553 - mainlogger - INFO - jaccard: 0.665±0.1189
2024-05-30 22:32:40,554 - mainlogger - INFO - acc: 0.9602±0.01987
2024-05-30 22:32:40,554 - mainlogger - INFO - pre: 0.9593±0.02052
2024-05-30 22:32:40,554 - mainlogger - INFO - rec: 0.9613±0.01922
2024-05-30 22:32:40,554 - mainlogger - INFO - spe: 0.9592±0.0207
2024-05-30 22:32:40,555 - mainlogger - INFO - ********************************************************************************
2024-05-30 22:33:19,531 - mainlogger - INFO - Epoch 51  9.575127251446247
2024-05-30 22:33:19,532 - mainlogger - DEBUG - test
2024-05-30 22:33:33,751 - mainlogger - INFO - hd95: 8.732±6.938
2024-05-30 22:33:33,751 - mainlogger - INFO - dice: 0.8089±0.09405
2024-05-30 22:33:33,751 - mainlogger - INFO - jaccard: 0.6679±0.1201
2024-05-30 22:33:33,751 - mainlogger - INFO - acc: 0.9605±0.01984
2024-05-30 22:33:33,752 - mainlogger - INFO - pre: 0.9596±0.02046
2024-05-30 22:33:33,752 - mainlogger - INFO - rec: 0.9615±0.01923
2024-05-30 22:33:33,752 - mainlogger - INFO - spe: 0.9595±0.02063
2024-05-30 22:33:33,753 - mainlogger - INFO - ********************************************************************************
2024-05-30 22:34:12,878 - mainlogger - INFO - Epoch 52  9.442070841789246
2024-05-30 22:34:12,879 - mainlogger - DEBUG - test
2024-05-30 22:34:27,104 - mainlogger - INFO - hd95: 8.785±6.948
2024-05-30 22:34:27,105 - mainlogger - INFO - dice: 0.8083±0.09278
2024-05-30 22:34:27,105 - mainlogger - INFO - jaccard: 0.6668±0.1193
2024-05-30 22:34:27,105 - mainlogger - INFO - acc: 0.9603±0.01984
2024-05-30 22:34:27,105 - mainlogger - INFO - pre: 0.9594±0.02046
2024-05-30 22:34:27,106 - mainlogger - INFO - rec: 0.9613±0.01922
2024-05-30 22:34:27,106 - mainlogger - INFO - spe: 0.9593±0.02064
2024-05-30 22:34:27,107 - mainlogger - INFO - ********************************************************************************
2024-05-30 22:35:06,364 - mainlogger - INFO - Epoch 53  9.339091116562486
2024-05-30 22:35:06,365 - mainlogger - DEBUG - test
2024-05-30 22:35:20,653 - mainlogger - INFO - hd95: 8.755±6.964
2024-05-30 22:35:20,653 - mainlogger - INFO - dice: 0.8092±0.09231
2024-05-30 22:35:20,654 - mainlogger - INFO - jaccard: 0.6679±0.1184
2024-05-30 22:35:20,654 - mainlogger - INFO - acc: 0.9606±0.01893
2024-05-30 22:35:20,654 - mainlogger - INFO - pre: 0.9597±0.0195
2024-05-30 22:35:20,654 - mainlogger - INFO - rec: 0.9616±0.0184
2024-05-30 22:35:20,654 - mainlogger - INFO - spe: 0.9596±0.01966
2024-05-30 22:35:20,656 - mainlogger - INFO - ********************************************************************************
2024-05-30 22:35:59,491 - mainlogger - INFO - Epoch 54  9.415388444438577
2024-05-30 22:35:59,491 - mainlogger - DEBUG - test
2024-05-30 22:36:13,667 - mainlogger - INFO - hd95: 8.829±6.93
2024-05-30 22:36:13,667 - mainlogger - INFO - dice: 0.8077±0.09313
2024-05-30 22:36:13,668 - mainlogger - INFO - jaccard: 0.6664±0.1187
2024-05-30 22:36:13,668 - mainlogger - INFO - acc: 0.9599±0.02006
2024-05-30 22:36:13,668 - mainlogger - INFO - pre: 0.9591±0.02067
2024-05-30 22:36:13,668 - mainlogger - INFO - rec: 0.9608±0.01946
2024-05-30 22:36:13,668 - mainlogger - INFO - spe: 0.959±0.02084
2024-05-30 22:36:13,669 - mainlogger - INFO - ********************************************************************************
2024-05-30 22:36:52,466 - mainlogger - INFO - Epoch 55  9.26982831209898
2024-05-30 22:36:52,466 - mainlogger - DEBUG - test
2024-05-30 22:37:06,694 - mainlogger - INFO - hd95: 8.922±7.117
2024-05-30 22:37:06,695 - mainlogger - INFO - dice: 0.808±0.09396
2024-05-30 22:37:06,695 - mainlogger - INFO - jaccard: 0.667±0.1198
2024-05-30 22:37:06,695 - mainlogger - INFO - acc: 0.9601±0.01938
2024-05-30 22:37:06,695 - mainlogger - INFO - pre: 0.9593±0.01993
2024-05-30 22:37:06,696 - mainlogger - INFO - rec: 0.961±0.01887
2024-05-30 22:37:06,696 - mainlogger - INFO - spe: 0.9592±0.02009
2024-05-30 22:37:06,697 - mainlogger - INFO - ********************************************************************************
2024-05-30 22:37:45,683 - mainlogger - INFO - Epoch 56  9.132392996922135
2024-05-30 22:37:45,684 - mainlogger - DEBUG - test
2024-05-30 22:37:59,790 - mainlogger - INFO - hd95: 8.817±6.989
2024-05-30 22:37:59,791 - mainlogger - INFO - dice: 0.8079±0.09369
2024-05-30 22:37:59,791 - mainlogger - INFO - jaccard: 0.666±0.1197
2024-05-30 22:37:59,791 - mainlogger - INFO - acc: 0.9604±0.02029
2024-05-30 22:37:59,791 - mainlogger - INFO - pre: 0.9594±0.02091
2024-05-30 22:37:59,791 - mainlogger - INFO - rec: 0.9615±0.01965
2024-05-30 22:37:59,792 - mainlogger - INFO - spe: 0.9593±0.0211
2024-05-30 22:37:59,793 - mainlogger - INFO - ********************************************************************************
2024-05-30 22:38:38,690 - mainlogger - INFO - Epoch 57  9.089076964184642
2024-05-30 22:38:38,691 - mainlogger - DEBUG - test
2024-05-30 22:38:52,987 - mainlogger - INFO - hd95: 8.77±6.939
2024-05-30 22:38:52,987 - mainlogger - INFO - dice: 0.8072±0.09464
2024-05-30 22:38:52,987 - mainlogger - INFO - jaccard: 0.6656±0.1196
2024-05-30 22:38:52,988 - mainlogger - INFO - acc: 0.96±0.01982
2024-05-30 22:38:52,988 - mainlogger - INFO - pre: 0.9592±0.02042
2024-05-30 22:38:52,988 - mainlogger - INFO - rec: 0.961±0.01924
2024-05-30 22:38:52,988 - mainlogger - INFO - spe: 0.959±0.02059
2024-05-30 22:38:52,989 - mainlogger - INFO - ********************************************************************************
2024-05-30 22:39:31,992 - mainlogger - INFO - Epoch 58  9.03846912458539
2024-05-30 22:39:31,993 - mainlogger - DEBUG - test
2024-05-30 22:39:46,126 - mainlogger - INFO - hd95: 8.873±7.01
2024-05-30 22:39:46,126 - mainlogger - INFO - dice: 0.8069±0.09629
2024-05-30 22:39:46,126 - mainlogger - INFO - jaccard: 0.6647±0.1205
2024-05-30 22:39:46,127 - mainlogger - INFO - acc: 0.9605±0.01958
2024-05-30 22:39:46,127 - mainlogger - INFO - pre: 0.9594±0.02017
2024-05-30 22:39:46,127 - mainlogger - INFO - rec: 0.9616±0.01901
2024-05-30 22:39:46,127 - mainlogger - INFO - spe: 0.9593±0.02034
2024-05-30 22:39:46,128 - mainlogger - INFO - ********************************************************************************
2024-05-30 22:40:25,010 - mainlogger - INFO - Epoch 59  9.006794122979045
2024-05-30 22:40:25,011 - mainlogger - DEBUG - test
2024-05-30 22:40:39,440 - mainlogger - INFO - hd95: 8.886±6.976
2024-05-30 22:40:39,440 - mainlogger - INFO - dice: 0.8068±0.09457
2024-05-30 22:40:39,441 - mainlogger - INFO - jaccard: 0.6649±0.1202
2024-05-30 22:40:39,441 - mainlogger - INFO - acc: 0.9601±0.02007
2024-05-30 22:40:39,441 - mainlogger - INFO - pre: 0.9592±0.02068
2024-05-30 22:40:39,441 - mainlogger - INFO - rec: 0.9611±0.01946
2024-05-30 22:40:39,441 - mainlogger - INFO - spe: 0.9591±0.02086
2024-05-30 22:40:39,442 - mainlogger - INFO - ********************************************************************************
2024-05-30 22:41:18,396 - mainlogger - INFO - Epoch 60  8.878859961405396
2024-05-30 22:41:18,396 - mainlogger - DEBUG - test
2024-05-30 22:41:32,633 - mainlogger - INFO - hd95: 8.808±7.038
2024-05-30 22:41:32,633 - mainlogger - INFO - dice: 0.8082±0.09452
2024-05-30 22:41:32,633 - mainlogger - INFO - jaccard: 0.6671±0.1193
2024-05-30 22:41:32,634 - mainlogger - INFO - acc: 0.9603±0.01907
2024-05-30 22:41:32,634 - mainlogger - INFO - pre: 0.9595±0.01962
2024-05-30 22:41:32,634 - mainlogger - INFO - rec: 0.9613±0.01857
2024-05-30 22:41:32,634 - mainlogger - INFO - spe: 0.9594±0.01977
2024-05-30 22:41:32,635 - mainlogger - INFO - ********************************************************************************
2024-05-30 22:42:11,598 - mainlogger - INFO - Epoch 61  8.844260189682245
2024-05-30 22:42:11,598 - mainlogger - DEBUG - test
2024-05-30 22:42:25,782 - mainlogger - INFO - hd95: 8.934±7.103
2024-05-30 22:42:25,782 - mainlogger - INFO - dice: 0.8074±0.09225
2024-05-30 22:42:25,783 - mainlogger - INFO - jaccard: 0.6652±0.1173
2024-05-30 22:42:25,783 - mainlogger - INFO - acc: 0.9602±0.01948
2024-05-30 22:42:25,783 - mainlogger - INFO - pre: 0.9592±0.02008
2024-05-30 22:42:25,783 - mainlogger - INFO - rec: 0.9613±0.01889
2024-05-30 22:42:25,783 - mainlogger - INFO - spe: 0.9591±0.02025
2024-05-30 22:42:25,784 - mainlogger - INFO - ********************************************************************************
2024-05-30 22:43:04,631 - mainlogger - INFO - Epoch 62  8.838487120345235
2024-05-30 22:43:04,632 - mainlogger - DEBUG - test
2024-05-30 22:43:18,819 - mainlogger - INFO - hd95: 8.92±7.094
2024-05-30 22:43:18,820 - mainlogger - INFO - dice: 0.8059±0.09586
2024-05-30 22:43:18,820 - mainlogger - INFO - jaccard: 0.6631±0.121
2024-05-30 22:43:18,820 - mainlogger - INFO - acc: 0.9603±0.02003
2024-05-30 22:43:18,821 - mainlogger - INFO - pre: 0.9592±0.02065
2024-05-30 22:43:18,821 - mainlogger - INFO - rec: 0.9615±0.0194
2024-05-30 22:43:18,821 - mainlogger - INFO - spe: 0.959±0.02083
2024-05-30 22:43:18,822 - mainlogger - INFO - ********************************************************************************
2024-05-30 22:43:57,953 - mainlogger - INFO - Epoch 63  8.780646899715066
2024-05-30 22:43:57,953 - mainlogger - DEBUG - test
2024-05-30 22:44:12,169 - mainlogger - INFO - hd95: 8.986±7.222
2024-05-30 22:44:12,170 - mainlogger - INFO - dice: 0.8064±0.09659
2024-05-30 22:44:12,170 - mainlogger - INFO - jaccard: 0.6646±0.1216
2024-05-30 22:44:12,170 - mainlogger - INFO - acc: 0.96±0.0196
2024-05-30 22:44:12,171 - mainlogger - INFO - pre: 0.9591±0.02017
2024-05-30 22:44:12,171 - mainlogger - INFO - rec: 0.9611±0.01906
2024-05-30 22:44:12,171 - mainlogger - INFO - spe: 0.959±0.02034
2024-05-30 22:44:12,172 - mainlogger - INFO - ********************************************************************************
2024-05-30 22:44:51,412 - mainlogger - INFO - Epoch 64  8.745299639180303
2024-05-30 22:44:51,412 - mainlogger - DEBUG - test
2024-05-30 22:45:05,785 - mainlogger - INFO - hd95: 8.97±7.008
2024-05-30 22:45:05,785 - mainlogger - INFO - dice: 0.8056±0.09356
2024-05-30 22:45:05,785 - mainlogger - INFO - jaccard: 0.6637±0.1195
2024-05-30 22:45:05,786 - mainlogger - INFO - acc: 0.9596±0.0202
2024-05-30 22:45:05,786 - mainlogger - INFO - pre: 0.9588±0.0208
2024-05-30 22:45:05,786 - mainlogger - INFO - rec: 0.9605±0.0196
2024-05-30 22:45:05,786 - mainlogger - INFO - spe: 0.9587±0.02098
2024-05-30 22:45:05,787 - mainlogger - INFO - ********************************************************************************
2024-05-30 22:45:45,001 - mainlogger - INFO - Epoch 65  8.540775788016617
2024-05-30 22:45:45,002 - mainlogger - DEBUG - test
2024-05-30 22:45:59,193 - mainlogger - INFO - hd95: 8.992±7.162
2024-05-30 22:45:59,193 - mainlogger - INFO - dice: 0.8056±0.09723
2024-05-30 22:45:59,194 - mainlogger - INFO - jaccard: 0.6635±0.1223
2024-05-30 22:45:59,194 - mainlogger - INFO - acc: 0.96±0.0202
2024-05-30 22:45:59,194 - mainlogger - INFO - pre: 0.959±0.02079
2024-05-30 22:45:59,194 - mainlogger - INFO - rec: 0.961±0.01961
2024-05-30 22:45:59,194 - mainlogger - INFO - spe: 0.9589±0.02097
2024-05-30 22:45:59,195 - mainlogger - INFO - ********************************************************************************
2024-05-30 22:46:38,204 - mainlogger - INFO - Epoch 66  8.510394038632512
2024-05-30 22:46:38,205 - mainlogger - DEBUG - test
2024-05-30 22:46:52,410 - mainlogger - INFO - hd95: 8.836±7.062
2024-05-30 22:46:52,411 - mainlogger - INFO - dice: 0.8081±0.09339
2024-05-30 22:46:52,411 - mainlogger - INFO - jaccard: 0.6669±0.1188
2024-05-30 22:46:52,411 - mainlogger - INFO - acc: 0.96±0.01942
2024-05-30 22:46:52,411 - mainlogger - INFO - pre: 0.9592±0.01996
2024-05-30 22:46:52,412 - mainlogger - INFO - rec: 0.9609±0.01891
2024-05-30 22:46:52,412 - mainlogger - INFO - spe: 0.9591±0.02012
2024-05-30 22:46:52,413 - mainlogger - INFO - ********************************************************************************
2024-05-30 22:47:31,342 - mainlogger - INFO - Epoch 67  8.410845102742314
2024-05-30 22:47:31,342 - mainlogger - DEBUG - test
2024-05-30 22:47:45,475 - mainlogger - INFO - hd95: 9.033±7.187
2024-05-30 22:47:45,476 - mainlogger - INFO - dice: 0.805±0.09583
2024-05-30 22:47:45,476 - mainlogger - INFO - jaccard: 0.6625±0.1218
2024-05-30 22:47:45,476 - mainlogger - INFO - acc: 0.9597±0.0209
2024-05-30 22:47:45,476 - mainlogger - INFO - pre: 0.9587±0.02153
2024-05-30 22:47:45,476 - mainlogger - INFO - rec: 0.9608±0.02026
2024-05-30 22:47:45,477 - mainlogger - INFO - spe: 0.9586±0.02173
2024-05-30 22:47:45,478 - mainlogger - INFO - ********************************************************************************
2024-05-30 22:48:24,312 - mainlogger - INFO - Epoch 68  8.436786411330104
2024-05-30 22:48:24,312 - mainlogger - DEBUG - test
2024-05-30 22:48:38,487 - mainlogger - INFO - hd95: 8.866±7.043
2024-05-30 22:48:38,488 - mainlogger - INFO - dice: 0.806±0.09487
2024-05-30 22:48:38,488 - mainlogger - INFO - jaccard: 0.6639±0.1208
2024-05-30 22:48:38,488 - mainlogger - INFO - acc: 0.9599±0.02039
2024-05-30 22:48:38,488 - mainlogger - INFO - pre: 0.959±0.02103
2024-05-30 22:48:38,489 - mainlogger - INFO - rec: 0.9609±0.01974
2024-05-30 22:48:38,489 - mainlogger - INFO - spe: 0.9588±0.02122
2024-05-30 22:48:38,490 - mainlogger - INFO - ********************************************************************************
2024-05-30 22:49:17,512 - mainlogger - INFO - Epoch 69  8.338144229725003
2024-05-30 22:49:17,512 - mainlogger - DEBUG - test
2024-05-30 22:49:31,614 - mainlogger - INFO - hd95: 8.761±6.973
2024-05-30 22:49:31,614 - mainlogger - INFO - dice: 0.8074±0.09434
2024-05-30 22:49:31,614 - mainlogger - INFO - jaccard: 0.6658±0.1203
2024-05-30 22:49:31,614 - mainlogger - INFO - acc: 0.9602±0.02036
2024-05-30 22:49:31,615 - mainlogger - INFO - pre: 0.9593±0.02101
2024-05-30 22:49:31,615 - mainlogger - INFO - rec: 0.9612±0.0197
2024-05-30 22:49:31,615 - mainlogger - INFO - spe: 0.9592±0.0212
2024-05-30 22:49:31,616 - mainlogger - INFO - ********************************************************************************
2024-05-30 22:50:10,752 - mainlogger - INFO - Epoch 70  8.376991568133235
2024-05-30 22:50:10,753 - mainlogger - DEBUG - test
2024-05-30 22:50:25,167 - mainlogger - INFO - hd95: 8.694±6.893
2024-05-30 22:50:25,167 - mainlogger - INFO - dice: 0.8086±0.09384
2024-05-30 22:50:25,167 - mainlogger - INFO - jaccard: 0.6674±0.1192
2024-05-30 22:50:25,168 - mainlogger - INFO - acc: 0.9605±0.01933
2024-05-30 22:50:25,168 - mainlogger - INFO - pre: 0.9596±0.01992
2024-05-30 22:50:25,168 - mainlogger - INFO - rec: 0.9615±0.01877
2024-05-30 22:50:25,168 - mainlogger - INFO - spe: 0.9595±0.02009
2024-05-30 22:50:25,169 - mainlogger - INFO - ********************************************************************************
2024-05-30 22:51:03,989 - mainlogger - INFO - Epoch 71  8.349277384579182
2024-05-30 22:51:03,989 - mainlogger - DEBUG - test
2024-05-30 22:51:18,185 - mainlogger - INFO - hd95: 8.795±6.956
2024-05-30 22:51:18,185 - mainlogger - INFO - dice: 0.8081±0.09365
2024-05-30 22:51:18,185 - mainlogger - INFO - jaccard: 0.6668±0.1187
2024-05-30 22:51:18,185 - mainlogger - INFO - acc: 0.9602±0.01917
2024-05-30 22:51:18,186 - mainlogger - INFO - pre: 0.9594±0.0197
2024-05-30 22:51:18,186 - mainlogger - INFO - rec: 0.9611±0.01868
2024-05-30 22:51:18,186 - mainlogger - INFO - spe: 0.9593±0.01985
2024-05-30 22:51:18,187 - mainlogger - INFO - ********************************************************************************
2024-05-30 22:51:57,079 - mainlogger - INFO - Epoch 72  8.232329960912466
2024-05-30 22:51:57,079 - mainlogger - DEBUG - test
2024-05-30 22:52:11,266 - mainlogger - INFO - hd95: 8.755±6.974
2024-05-30 22:52:11,266 - mainlogger - INFO - dice: 0.8082±0.0945
2024-05-30 22:52:11,266 - mainlogger - INFO - jaccard: 0.6667±0.1203
2024-05-30 22:52:11,267 - mainlogger - INFO - acc: 0.9605±0.01953
2024-05-30 22:52:11,267 - mainlogger - INFO - pre: 0.9596±0.02013
2024-05-30 22:52:11,267 - mainlogger - INFO - rec: 0.9615±0.01894
2024-05-30 22:52:11,267 - mainlogger - INFO - spe: 0.9594±0.0203
2024-05-30 22:52:11,268 - mainlogger - INFO - ********************************************************************************
2024-05-30 22:52:50,212 - mainlogger - INFO - Epoch 73  8.231692735105753
2024-05-30 22:52:50,212 - mainlogger - DEBUG - test
2024-05-30 22:53:04,379 - mainlogger - INFO - hd95: 8.877±6.912
2024-05-30 22:53:04,380 - mainlogger - INFO - dice: 0.8059±0.09474
2024-05-30 22:53:04,380 - mainlogger - INFO - jaccard: 0.6639±0.1204
2024-05-30 22:53:04,380 - mainlogger - INFO - acc: 0.9598±0.01998
2024-05-30 22:53:04,380 - mainlogger - INFO - pre: 0.9589±0.02056
2024-05-30 22:53:04,380 - mainlogger - INFO - rec: 0.9608±0.01941
2024-05-30 22:53:04,381 - mainlogger - INFO - spe: 0.9588±0.02073
2024-05-30 22:53:04,382 - mainlogger - INFO - ********************************************************************************
2024-05-30 22:53:43,329 - mainlogger - INFO - Epoch 74  8.180333876982331
2024-05-30 22:53:43,330 - mainlogger - DEBUG - test
2024-05-30 22:53:57,495 - mainlogger - INFO - hd95: 8.869±7.158
2024-05-30 22:53:57,495 - mainlogger - INFO - dice: 0.8072±0.09477
2024-05-30 22:53:57,495 - mainlogger - INFO - jaccard: 0.6662±0.1202
2024-05-30 22:53:57,496 - mainlogger - INFO - acc: 0.9598±0.01958
2024-05-30 22:53:57,496 - mainlogger - INFO - pre: 0.9591±0.02014
2024-05-30 22:53:57,496 - mainlogger - INFO - rec: 0.9607±0.01906
2024-05-30 22:53:57,496 - mainlogger - INFO - spe: 0.959±0.02029
2024-05-30 22:53:57,497 - mainlogger - INFO - ********************************************************************************
2024-05-30 22:54:36,625 - mainlogger - INFO - Epoch 75  8.192238854244351
2024-05-30 22:54:36,626 - mainlogger - DEBUG - test
2024-05-30 22:54:50,751 - mainlogger - INFO - hd95: 8.829±7.028
2024-05-30 22:54:50,751 - mainlogger - INFO - dice: 0.808±0.09343
2024-05-30 22:54:50,752 - mainlogger - INFO - jaccard: 0.6667±0.1195
2024-05-30 22:54:50,752 - mainlogger - INFO - acc: 0.9604±0.01917
2024-05-30 22:54:50,752 - mainlogger - INFO - pre: 0.9596±0.01978
2024-05-30 22:54:50,752 - mainlogger - INFO - rec: 0.9614±0.01859
2024-05-30 22:54:50,752 - mainlogger - INFO - spe: 0.9595±0.01995
2024-05-30 22:54:50,753 - mainlogger - INFO - ********************************************************************************
2024-05-30 22:55:29,590 - mainlogger - INFO - Epoch 76  8.093619616702199
2024-05-30 22:55:29,590 - mainlogger - DEBUG - test
2024-05-30 22:55:43,790 - mainlogger - INFO - hd95: 8.839±7.044
2024-05-30 22:55:43,790 - mainlogger - INFO - dice: 0.8075±0.09503
2024-05-30 22:55:43,790 - mainlogger - INFO - jaccard: 0.6659±0.1206
2024-05-30 22:55:43,790 - mainlogger - INFO - acc: 0.9602±0.01954
2024-05-30 22:55:43,790 - mainlogger - INFO - pre: 0.9593±0.0201
2024-05-30 22:55:43,791 - mainlogger - INFO - rec: 0.9613±0.01901
2024-05-30 22:55:43,791 - mainlogger - INFO - spe: 0.9592±0.02026
2024-05-30 22:55:43,792 - mainlogger - INFO - ********************************************************************************
2024-05-30 22:56:22,849 - mainlogger - INFO - Epoch 77  8.054838730022311
2024-05-30 22:56:22,850 - mainlogger - DEBUG - test
2024-05-30 22:56:37,161 - mainlogger - INFO - hd95: 8.796±6.962
2024-05-30 22:56:37,161 - mainlogger - INFO - dice: 0.8078±0.09465
2024-05-30 22:56:37,161 - mainlogger - INFO - jaccard: 0.6658±0.12
2024-05-30 22:56:37,162 - mainlogger - INFO - acc: 0.9606±0.01931
2024-05-30 22:56:37,162 - mainlogger - INFO - pre: 0.9596±0.01992
2024-05-30 22:56:37,162 - mainlogger - INFO - rec: 0.9617±0.01873
2024-05-30 22:56:37,162 - mainlogger - INFO - spe: 0.9595±0.02008
2024-05-30 22:56:37,163 - mainlogger - INFO - ********************************************************************************
2024-05-30 22:57:16,344 - mainlogger - INFO - Epoch 78  8.168720722198486
2024-05-30 22:57:16,344 - mainlogger - DEBUG - test
2024-05-30 22:57:30,549 - mainlogger - INFO - hd95: 8.723±6.883
2024-05-30 22:57:30,549 - mainlogger - INFO - dice: 0.8083±0.09506
2024-05-30 22:57:30,549 - mainlogger - INFO - jaccard: 0.6672±0.1201
2024-05-30 22:57:30,550 - mainlogger - INFO - acc: 0.9604±0.01929
2024-05-30 22:57:30,550 - mainlogger - INFO - pre: 0.9596±0.01986
2024-05-30 22:57:30,550 - mainlogger - INFO - rec: 0.9614±0.01875
2024-05-30 22:57:30,550 - mainlogger - INFO - spe: 0.9595±0.02001
2024-05-30 22:57:30,551 - mainlogger - INFO - ********************************************************************************
2024-05-30 22:58:09,486 - mainlogger - INFO - Epoch 79  8.050248686224222
2024-05-30 22:58:09,487 - mainlogger - DEBUG - test
2024-05-30 22:58:23,616 - mainlogger - INFO - hd95: 8.931±7.067
2024-05-30 22:58:23,616 - mainlogger - INFO - dice: 0.8057±0.09506
2024-05-30 22:58:23,617 - mainlogger - INFO - jaccard: 0.6641±0.1218
2024-05-30 22:58:23,617 - mainlogger - INFO - acc: 0.9596±0.02065
2024-05-30 22:58:23,617 - mainlogger - INFO - pre: 0.9588±0.0213
2024-05-30 22:58:23,617 - mainlogger - INFO - rec: 0.9606±0.02
2024-05-30 22:58:23,617 - mainlogger - INFO - spe: 0.9587±0.02149
2024-05-30 22:58:23,618 - mainlogger - INFO - ********************************************************************************
2024-05-30 22:59:02,478 - mainlogger - INFO - Epoch 80  7.940320519730449
2024-05-30 22:59:02,478 - mainlogger - DEBUG - test
2024-05-30 22:59:12,927 - mainlogger - INFO - hd95: 8.85±7.037
2024-05-30 22:59:12,927 - mainlogger - INFO - dice: 0.8073±0.09596
2024-05-30 22:59:12,928 - mainlogger - INFO - jaccard: 0.666±0.1211
2024-05-30 22:59:12,928 - mainlogger - INFO - acc: 0.9602±0.01964
2024-05-30 22:59:12,928 - mainlogger - INFO - pre: 0.9593±0.02022
2024-05-30 22:59:12,928 - mainlogger - INFO - rec: 0.9611±0.01909
2024-05-30 22:59:12,928 - mainlogger - INFO - spe: 0.9592±0.02038
2024-05-30 22:59:12,929 - mainlogger - INFO - ********************************************************************************
2024-05-30 22:59:50,280 - mainlogger - INFO - Epoch 81  7.962281880900264
2024-05-30 22:59:50,280 - mainlogger - DEBUG - test
2024-05-30 23:00:04,568 - mainlogger - INFO - hd95: 8.884±6.987
2024-05-30 23:00:04,568 - mainlogger - INFO - dice: 0.8066±0.09469
2024-05-30 23:00:04,568 - mainlogger - INFO - jaccard: 0.6643±0.1201
2024-05-30 23:00:04,569 - mainlogger - INFO - acc: 0.9601±0.01985
2024-05-30 23:00:04,569 - mainlogger - INFO - pre: 0.9591±0.02042
2024-05-30 23:00:04,569 - mainlogger - INFO - rec: 0.9612±0.01929
2024-05-30 23:00:04,569 - mainlogger - INFO - spe: 0.959±0.02059
2024-05-30 23:00:04,570 - mainlogger - INFO - ********************************************************************************
2024-05-30 23:00:43,435 - mainlogger - INFO - Epoch 82  7.921641030348837
2024-05-30 23:00:43,435 - mainlogger - DEBUG - test
2024-05-30 23:00:57,635 - mainlogger - INFO - hd95: 8.752±6.952
2024-05-30 23:00:57,636 - mainlogger - INFO - dice: 0.8081±0.09363
2024-05-30 23:00:57,636 - mainlogger - INFO - jaccard: 0.6672±0.1191
2024-05-30 23:00:57,636 - mainlogger - INFO - acc: 0.9601±0.01931
2024-05-30 23:00:57,636 - mainlogger - INFO - pre: 0.9594±0.01987
2024-05-30 23:00:57,637 - mainlogger - INFO - rec: 0.9609±0.01878
2024-05-30 23:00:57,637 - mainlogger - INFO - spe: 0.9593±0.02002
2024-05-30 23:00:57,638 - mainlogger - INFO - ********************************************************************************
2024-05-30 23:01:36,680 - mainlogger - INFO - Epoch 83  7.84701924957335
2024-05-30 23:01:36,681 - mainlogger - DEBUG - test
2024-05-30 23:01:50,890 - mainlogger - INFO - hd95: 8.889±7.036
2024-05-30 23:01:50,891 - mainlogger - INFO - dice: 0.8068±0.09484
2024-05-30 23:01:50,891 - mainlogger - INFO - jaccard: 0.6656±0.1205
2024-05-30 23:01:50,891 - mainlogger - INFO - acc: 0.9598±0.01977
2024-05-30 23:01:50,891 - mainlogger - INFO - pre: 0.959±0.02031
2024-05-30 23:01:50,891 - mainlogger - INFO - rec: 0.9607±0.01926
2024-05-30 23:01:50,891 - mainlogger - INFO - spe: 0.9589±0.02047
2024-05-30 23:01:50,893 - mainlogger - INFO - ********************************************************************************
2024-05-30 23:02:29,797 - mainlogger - INFO - Epoch 84  7.825520311482251
2024-05-30 23:02:29,798 - mainlogger - DEBUG - test
2024-05-30 23:02:43,984 - mainlogger - INFO - hd95: 8.825±6.982
2024-05-30 23:02:43,984 - mainlogger - INFO - dice: 0.8073±0.09454
2024-05-30 23:02:43,985 - mainlogger - INFO - jaccard: 0.6653±0.1199
2024-05-30 23:02:43,985 - mainlogger - INFO - acc: 0.9603±0.01951
2024-05-30 23:02:43,985 - mainlogger - INFO - pre: 0.9594±0.02006
2024-05-30 23:02:43,985 - mainlogger - INFO - rec: 0.9614±0.01898
2024-05-30 23:02:43,985 - mainlogger - INFO - spe: 0.9592±0.02022
2024-05-30 23:02:43,986 - mainlogger - INFO - ********************************************************************************
2024-05-30 23:03:23,019 - mainlogger - INFO - Epoch 85  7.8837033752352
2024-05-30 23:03:23,020 - mainlogger - DEBUG - test
2024-05-30 23:03:37,159 - mainlogger - INFO - hd95: 8.756±6.888
2024-05-30 23:03:37,159 - mainlogger - INFO - dice: 0.8068±0.09558
2024-05-30 23:03:37,160 - mainlogger - INFO - jaccard: 0.6649±0.1208
2024-05-30 23:03:37,160 - mainlogger - INFO - acc: 0.9603±0.01984
2024-05-30 23:03:37,160 - mainlogger - INFO - pre: 0.9593±0.02045
2024-05-30 23:03:37,160 - mainlogger - INFO - rec: 0.9614±0.01924
2024-05-30 23:03:37,160 - mainlogger - INFO - spe: 0.9592±0.02063
2024-05-30 23:03:37,161 - mainlogger - INFO - ********************************************************************************
2024-05-30 23:04:15,999 - mainlogger - INFO - Epoch 86  7.900704763829708
2024-05-30 23:04:16,000 - mainlogger - DEBUG - test
2024-05-30 23:04:30,209 - mainlogger - INFO - hd95: 8.845±6.932
2024-05-30 23:04:30,209 - mainlogger - INFO - dice: 0.8069±0.09294
2024-05-30 23:04:30,210 - mainlogger - INFO - jaccard: 0.6655±0.1186
2024-05-30 23:04:30,210 - mainlogger - INFO - acc: 0.9599±0.01911
2024-05-30 23:04:30,210 - mainlogger - INFO - pre: 0.9592±0.01964
2024-05-30 23:04:30,210 - mainlogger - INFO - rec: 0.9608±0.01863
2024-05-30 23:04:30,210 - mainlogger - INFO - spe: 0.9591±0.01979
2024-05-30 23:04:30,211 - mainlogger - INFO - ********************************************************************************
2024-05-30 23:05:09,276 - mainlogger - INFO - Epoch 87  7.818827884271741
2024-05-30 23:05:09,276 - mainlogger - DEBUG - test
2024-05-30 23:05:23,479 - mainlogger - INFO - hd95: 8.826±7.074
2024-05-30 23:05:23,479 - mainlogger - INFO - dice: 0.8079±0.0938
2024-05-30 23:05:23,479 - mainlogger - INFO - jaccard: 0.6669±0.1192
2024-05-30 23:05:23,479 - mainlogger - INFO - acc: 0.96±0.01955
2024-05-30 23:05:23,480 - mainlogger - INFO - pre: 0.9592±0.02009
2024-05-30 23:05:23,480 - mainlogger - INFO - rec: 0.9609±0.01905
2024-05-30 23:05:23,480 - mainlogger - INFO - spe: 0.9591±0.02025
2024-05-30 23:05:23,481 - mainlogger - INFO - ********************************************************************************
2024-05-30 23:06:02,343 - mainlogger - INFO - Epoch 88  7.7284804079681635
2024-05-30 23:06:02,343 - mainlogger - DEBUG - test
2024-05-30 23:06:16,583 - mainlogger - INFO - hd95: 8.745±6.915
2024-05-30 23:06:16,584 - mainlogger - INFO - dice: 0.8078±0.09383
2024-05-30 23:06:16,584 - mainlogger - INFO - jaccard: 0.6665±0.1194
2024-05-30 23:06:16,584 - mainlogger - INFO - acc: 0.9602±0.01943
2024-05-30 23:06:16,584 - mainlogger - INFO - pre: 0.9593±0.01999
2024-05-30 23:06:16,585 - mainlogger - INFO - rec: 0.9611±0.01891
2024-05-30 23:06:16,585 - mainlogger - INFO - spe: 0.9592±0.02015
2024-05-30 23:06:16,586 - mainlogger - INFO - ********************************************************************************
2024-05-30 23:06:55,661 - mainlogger - INFO - Epoch 89  7.77823425270617
2024-05-30 23:06:55,662 - mainlogger - DEBUG - test
2024-05-30 23:07:09,856 - mainlogger - INFO - hd95: 8.761±6.979
2024-05-30 23:07:09,857 - mainlogger - INFO - dice: 0.8073±0.09425
2024-05-30 23:07:09,857 - mainlogger - INFO - jaccard: 0.6658±0.1198
2024-05-30 23:07:09,857 - mainlogger - INFO - acc: 0.96±0.01997
2024-05-30 23:07:09,857 - mainlogger - INFO - pre: 0.9592±0.02055
2024-05-30 23:07:09,857 - mainlogger - INFO - rec: 0.961±0.01942
2024-05-30 23:07:09,858 - mainlogger - INFO - spe: 0.9591±0.02072
2024-05-30 23:07:09,859 - mainlogger - INFO - ********************************************************************************
2024-05-30 23:07:48,834 - mainlogger - INFO - Epoch 90  7.796285907737911
2024-05-30 23:07:48,834 - mainlogger - DEBUG - test
2024-05-30 23:08:03,048 - mainlogger - INFO - hd95: 8.721±6.845
2024-05-30 23:08:03,048 - mainlogger - INFO - dice: 0.8081±0.09129
2024-05-30 23:08:03,048 - mainlogger - INFO - jaccard: 0.6665±0.1175
2024-05-30 23:08:03,048 - mainlogger - INFO - acc: 0.9602±0.0194
2024-05-30 23:08:03,049 - mainlogger - INFO - pre: 0.9594±0.02002
2024-05-30 23:08:03,049 - mainlogger - INFO - rec: 0.9612±0.01881
2024-05-30 23:08:03,049 - mainlogger - INFO - spe: 0.9593±0.02019
2024-05-30 23:08:03,050 - mainlogger - INFO - ********************************************************************************
2024-05-30 23:08:41,947 - mainlogger - INFO - Epoch 91  7.799858236685395
2024-05-30 23:08:41,948 - mainlogger - DEBUG - test
2024-05-30 23:08:56,149 - mainlogger - INFO - hd95: 8.86±7.134
2024-05-30 23:08:56,150 - mainlogger - INFO - dice: 0.8073±0.09447
2024-05-30 23:08:56,150 - mainlogger - INFO - jaccard: 0.6661±0.1199
2024-05-30 23:08:56,150 - mainlogger - INFO - acc: 0.9599±0.01951
2024-05-30 23:08:56,150 - mainlogger - INFO - pre: 0.9591±0.02003
2024-05-30 23:08:56,150 - mainlogger - INFO - rec: 0.9608±0.01903
2024-05-30 23:08:56,151 - mainlogger - INFO - spe: 0.959±0.02018
2024-05-30 23:08:56,152 - mainlogger - INFO - ********************************************************************************
2024-05-30 23:09:35,167 - mainlogger - INFO - Epoch 92  7.672988987527788
2024-05-30 23:09:35,168 - mainlogger - DEBUG - test
2024-05-30 23:09:49,448 - mainlogger - INFO - hd95: 8.729±6.908
2024-05-30 23:09:49,448 - mainlogger - INFO - dice: 0.8076±0.0937
2024-05-30 23:09:49,449 - mainlogger - INFO - jaccard: 0.6659±0.1192
2024-05-30 23:09:49,449 - mainlogger - INFO - acc: 0.9602±0.01969
2024-05-30 23:09:49,449 - mainlogger - INFO - pre: 0.9593±0.0203
2024-05-30 23:09:49,449 - mainlogger - INFO - rec: 0.9612±0.01911
2024-05-30 23:09:49,449 - mainlogger - INFO - spe: 0.9592±0.02047
2024-05-30 23:09:49,450 - mainlogger - INFO - ********************************************************************************
2024-05-30 23:10:28,486 - mainlogger - INFO - Epoch 93  7.696616587229073
2024-05-30 23:10:28,486 - mainlogger - DEBUG - test
2024-05-30 23:10:42,654 - mainlogger - INFO - hd95: 8.793±6.964
2024-05-30 23:10:42,654 - mainlogger - INFO - dice: 0.8073±0.09486
2024-05-30 23:10:42,654 - mainlogger - INFO - jaccard: 0.6654±0.1202
2024-05-30 23:10:42,655 - mainlogger - INFO - acc: 0.9603±0.0196
2024-05-30 23:10:42,655 - mainlogger - INFO - pre: 0.9593±0.02019
2024-05-30 23:10:42,655 - mainlogger - INFO - rec: 0.9614±0.01903
2024-05-30 23:10:42,655 - mainlogger - INFO - spe: 0.9592±0.02036
2024-05-30 23:10:42,656 - mainlogger - INFO - ********************************************************************************
2024-05-30 23:11:21,617 - mainlogger - INFO - Epoch 94  7.579789770767093
2024-05-30 23:11:21,617 - mainlogger - DEBUG - test
2024-05-30 23:11:35,901 - mainlogger - INFO - hd95: 8.837±6.995
2024-05-30 23:11:35,901 - mainlogger - INFO - dice: 0.8073±0.09306
2024-05-30 23:11:35,901 - mainlogger - INFO - jaccard: 0.6657±0.1191
2024-05-30 23:11:35,901 - mainlogger - INFO - acc: 0.9601±0.01973
2024-05-30 23:11:35,901 - mainlogger - INFO - pre: 0.9592±0.02034
2024-05-30 23:11:35,902 - mainlogger - INFO - rec: 0.961±0.01913
2024-05-30 23:11:35,902 - mainlogger - INFO - spe: 0.9591±0.02051
2024-05-30 23:11:35,903 - mainlogger - INFO - ********************************************************************************
2024-05-30 23:12:14,997 - mainlogger - INFO - Epoch 95  7.54536602832377
2024-05-30 23:12:14,997 - mainlogger - DEBUG - test
2024-05-30 23:12:29,161 - mainlogger - INFO - hd95: 8.809±6.962
2024-05-30 23:12:29,162 - mainlogger - INFO - dice: 0.8076±0.09252
2024-05-30 23:12:29,162 - mainlogger - INFO - jaccard: 0.6663±0.118
2024-05-30 23:12:29,162 - mainlogger - INFO - acc: 0.96±0.01918
2024-05-30 23:12:29,162 - mainlogger - INFO - pre: 0.9592±0.01975
2024-05-30 23:12:29,162 - mainlogger - INFO - rec: 0.9608±0.01865
2024-05-30 23:12:29,163 - mainlogger - INFO - spe: 0.9591±0.0199
2024-05-30 23:12:29,164 - mainlogger - INFO - ********************************************************************************
2024-05-30 23:13:08,159 - mainlogger - INFO - Epoch 96  7.527333089150488
2024-05-30 23:13:08,160 - mainlogger - DEBUG - test
2024-05-30 23:13:22,452 - mainlogger - INFO - hd95: 8.779±7.004
2024-05-30 23:13:22,452 - mainlogger - INFO - dice: 0.8075±0.0935
2024-05-30 23:13:22,453 - mainlogger - INFO - jaccard: 0.6661±0.119
2024-05-30 23:13:22,453 - mainlogger - INFO - acc: 0.9599±0.0197
2024-05-30 23:13:22,453 - mainlogger - INFO - pre: 0.9591±0.02027
2024-05-30 23:13:22,453 - mainlogger - INFO - rec: 0.9608±0.01917
2024-05-30 23:13:22,453 - mainlogger - INFO - spe: 0.959±0.02043
2024-05-30 23:13:22,454 - mainlogger - INFO - ********************************************************************************
2024-05-30 23:14:01,530 - mainlogger - INFO - Epoch 97  7.4814151134341955
2024-05-30 23:14:01,530 - mainlogger - DEBUG - test
2024-05-30 23:14:15,657 - mainlogger - INFO - hd95: 8.785±6.969
2024-05-30 23:14:15,657 - mainlogger - INFO - dice: 0.8081±0.09396
2024-05-30 23:14:15,658 - mainlogger - INFO - jaccard: 0.6667±0.1194
2024-05-30 23:14:15,658 - mainlogger - INFO - acc: 0.9604±0.0193
2024-05-30 23:14:15,658 - mainlogger - INFO - pre: 0.9595±0.01988
2024-05-30 23:14:15,658 - mainlogger - INFO - rec: 0.9614±0.01875
2024-05-30 23:14:15,658 - mainlogger - INFO - spe: 0.9594±0.02004
2024-05-30 23:14:15,659 - mainlogger - INFO - ********************************************************************************
2024-05-30 23:14:54,521 - mainlogger - INFO - Epoch 98  7.589151261374354
2024-05-30 23:14:54,522 - mainlogger - DEBUG - test
2024-05-30 23:15:08,748 - mainlogger - INFO - hd95: 8.822±6.962
2024-05-30 23:15:08,748 - mainlogger - INFO - dice: 0.8068±0.09385
2024-05-30 23:15:08,748 - mainlogger - INFO - jaccard: 0.6648±0.1193
2024-05-30 23:15:08,748 - mainlogger - INFO - acc: 0.9601±0.01951
2024-05-30 23:15:08,749 - mainlogger - INFO - pre: 0.9592±0.02008
2024-05-30 23:15:08,749 - mainlogger - INFO - rec: 0.9611±0.01896
2024-05-30 23:15:08,749 - mainlogger - INFO - spe: 0.9591±0.02024
2024-05-30 23:15:08,750 - mainlogger - INFO - ********************************************************************************
2024-05-30 23:15:47,756 - mainlogger - INFO - Epoch 99  7.731359209865332
2024-05-30 23:15:47,757 - mainlogger - DEBUG - test
2024-05-30 23:16:01,973 - mainlogger - INFO - hd95: 8.878±7.106
2024-05-30 23:16:01,973 - mainlogger - INFO - dice: 0.8072±0.09501
2024-05-30 23:16:01,974 - mainlogger - INFO - jaccard: 0.6656±0.12
2024-05-30 23:16:01,974 - mainlogger - INFO - acc: 0.9602±0.01927
2024-05-30 23:16:01,974 - mainlogger - INFO - pre: 0.9593±0.01984
2024-05-30 23:16:01,974 - mainlogger - INFO - rec: 0.9612±0.01874
2024-05-30 23:16:01,974 - mainlogger - INFO - spe: 0.9592±0.01999
2024-05-30 23:16:01,975 - mainlogger - INFO - ********************************************************************************
2024-05-30 23:16:01,976 - mainlogger - DEBUG - []
2024-05-30 23:16:01,976 - mainlogger - DEBUG - [tensor(0.8062, device='cuda:0'), tensor(0.8070, device='cuda:0'), tensor(0.8053, device='cuda:0'), tensor(0.8071, device='cuda:0'), tensor(0.8057, device='cuda:0'), tensor(0.8080, device='cuda:0'), tensor(0.8066, device='cuda:0'), tensor(0.8097, device='cuda:0'), tensor(0.8095, device='cuda:0'), tensor(0.8075, device='cuda:0'), tensor(0.8091, device='cuda:0'), tensor(0.8109, device='cuda:0'), tensor(0.8021, device='cuda:0'), tensor(0.8078, device='cuda:0'), tensor(0.8093, device='cuda:0'), tensor(0.8072, device='cuda:0'), tensor(0.8087, device='cuda:0'), tensor(0.8067, device='cuda:0'), tensor(0.8081, device='cuda:0'), tensor(0.8083, device='cuda:0'), tensor(0.8072, device='cuda:0'), tensor(0.8089, device='cuda:0'), tensor(0.8083, device='cuda:0'), tensor(0.8092, device='cuda:0'), tensor(0.8077, device='cuda:0'), tensor(0.8080, device='cuda:0'), tensor(0.8079, device='cuda:0'), tensor(0.8072, device='cuda:0'), tensor(0.8069, device='cuda:0'), tensor(0.8068, device='cuda:0'), tensor(0.8082, device='cuda:0'), tensor(0.8074, device='cuda:0'), tensor(0.8059, device='cuda:0'), tensor(0.8064, device='cuda:0'), tensor(0.8056, device='cuda:0'), tensor(0.8056, device='cuda:0'), tensor(0.8081, device='cuda:0'), tensor(0.8050, device='cuda:0'), tensor(0.8060, device='cuda:0'), tensor(0.8074, device='cuda:0'), tensor(0.8086, device='cuda:0'), tensor(0.8081, device='cuda:0'), tensor(0.8082, device='cuda:0'), tensor(0.8059, device='cuda:0'), tensor(0.8072, device='cuda:0'), tensor(0.8080, device='cuda:0'), tensor(0.8075, device='cuda:0'), tensor(0.8078, device='cuda:0'), tensor(0.8083, device='cuda:0'), tensor(0.8057, device='cuda:0'), tensor(0.8073, device='cuda:0'), tensor(0.8066, device='cuda:0'), tensor(0.8081, device='cuda:0'), tensor(0.8068, device='cuda:0'), tensor(0.8073, device='cuda:0'), tensor(0.8068, device='cuda:0'), tensor(0.8069, device='cuda:0'), tensor(0.8079, device='cuda:0'), tensor(0.8078, device='cuda:0'), tensor(0.8073, device='cuda:0'), tensor(0.8081, device='cuda:0'), tensor(0.8073, device='cuda:0'), tensor(0.8076, device='cuda:0'), tensor(0.8073, device='cuda:0'), tensor(0.8073, device='cuda:0'), tensor(0.8076, device='cuda:0'), tensor(0.8075, device='cuda:0'), tensor(0.8081, device='cuda:0'), tensor(0.8068, device='cuda:0'), tensor(0.8072, device='cuda:0')]
2024-05-30 23:16:02,032 - mainlogger - INFO - final test
2024-05-30 23:16:16,195 - mainlogger - INFO - hd95: 8.878±7.106
2024-05-30 23:16:16,195 - mainlogger - INFO - dice: 0.8072±0.09501
2024-05-30 23:16:16,196 - mainlogger - INFO - jaccard: 0.6656±0.12
2024-05-30 23:16:16,196 - mainlogger - INFO - acc: 0.9602±0.01927
2024-05-30 23:16:16,196 - mainlogger - INFO - pre: 0.9593±0.01984
2024-05-30 23:16:16,196 - mainlogger - INFO - rec: 0.9612±0.01874
2024-05-30 23:16:16,196 - mainlogger - INFO - spe: 0.9592±0.01999
