2024-05-08 15:40:14,829 - mainlogger - INFO - 21596
2024-05-08 15:40:14,829 - mainlogger - INFO - <class '__main__.UniversegPipeline'>
2024-05-08 15:40:14,829 - mainlogger - INFO - universeg_config/universeg_big.yaml
2024-05-08 15:40:14,830 - mainlogger - INFO - {'batch_size': 4, 'epochs': 120, 'k': 2, 'root_dir': '/home/4T/zcr/dataset/Dataset_BUSI', 'model': {'name': 'universeg.universeg.UniverSeg', 'args': {'encoder_blocks': [64, 128, 256, 512, 512]}}, 'trainset': {'name': 'datasetBUSI.mask_busi.MaskBUSI', 'args': {'root_dir': '/home/4T/zcr/dataset/Dataset_BUSI', 'image_names_path': 'labeled20.txt', 'mode': 'train'}}, 'testset': {'name': 'datasetBUSI.mask_busi.MaskBUSI', 'args': {'root_dir': '/home/4T/zcr/dataset/Dataset_BUSI', 'image_names_path': 'test.txt', 'mode': 'test'}}, 'criterion': {'name': 'spgutils.focalloss.BinaryFocalLoss', 'args': {'gamma': 1}}, 'optimizer': {'name': 'torch.optim.Adam', 'args': {'lr': 0.0002}}, 'scheduler': {'name': 'torch.optim.lr_scheduler.StepLR', 'args': {'step_size': 1, 'gamma': 0.99}}}
2024-05-08 15:40:14,830 - mainlogger - INFO - 37.365769386291504
2024-05-08 15:40:44,645 - mainlogger - INFO - Epoch 0  5.497875824570656
2024-05-08 15:40:55,797 - mainlogger - INFO - Epoch 1  3.449378125369549
2024-05-08 15:41:19,068 - mainlogger - INFO - Dice score: 5.35e-16
2024-05-08 15:41:19,068 - mainlogger - INFO - Accuracy: 0.8791
2024-05-08 15:41:46,044 - mainlogger - INFO - Dice score: 3.822e-16
2024-05-08 15:41:46,044 - mainlogger - INFO - Accuracy: 0.8997
2024-05-08 15:42:06,302 - mainlogger - INFO - Epoch 2  3.5524462535977364
2024-05-08 15:42:26,093 - mainlogger - INFO - Epoch 3  3.468434698879719
2024-05-08 15:42:39,309 - mainlogger - INFO - Epoch 4  3.5733358785510063
2024-05-08 15:43:02,531 - mainlogger - INFO - Epoch 5  3.3605691716074944
2024-05-08 15:43:19,775 - mainlogger - INFO - Epoch 6  3.3405350372195244
2024-05-08 15:43:35,106 - mainlogger - INFO - Epoch 7  3.199472475796938
2024-05-08 15:43:57,965 - mainlogger - INFO - Epoch 8  3.371292382478714
2024-05-08 15:44:13,310 - mainlogger - INFO - Epoch 9  3.3111905828118324
2024-05-08 15:44:29,991 - mainlogger - INFO - Epoch 10  3.835973158478737
2024-05-08 15:44:51,067 - mainlogger - INFO - Epoch 11  3.5199067816138268
2024-05-08 15:45:07,268 - mainlogger - INFO - Dice score: 0.2212
2024-05-08 15:45:07,268 - mainlogger - INFO - Accuracy: 0.8875
2024-05-08 15:45:42,079 - mainlogger - INFO - Dice score: 0.1856
2024-05-08 15:45:42,080 - mainlogger - INFO - Accuracy: 0.9022
2024-05-08 15:45:56,992 - mainlogger - INFO - Epoch 12  3.3054007589817047
2024-05-08 15:46:14,936 - mainlogger - INFO - Epoch 13  3.206902366131544
2024-05-08 15:46:35,453 - mainlogger - INFO - Epoch 14  3.2024587467312813
2024-05-08 15:46:49,451 - mainlogger - INFO - Epoch 15  4.004754029214382
2024-05-08 15:47:09,492 - mainlogger - INFO - Epoch 16  3.2836125567555428
2024-05-08 15:47:30,731 - mainlogger - INFO - Epoch 17  3.3242436423897743
2024-05-08 15:47:42,690 - mainlogger - INFO - Epoch 18  3.23282989859581
2024-05-08 15:48:04,071 - mainlogger - INFO - Epoch 19  3.4527396336197853
2024-05-08 15:48:24,306 - mainlogger - INFO - Epoch 20  3.3113091494888067
2024-05-08 15:48:35,951 - mainlogger - INFO - Epoch 21  3.2495021894574165
2024-05-08 15:49:01,088 - mainlogger - INFO - Dice score: 0.1961
2024-05-08 15:49:01,088 - mainlogger - INFO - Accuracy: 0.8831
2024-05-08 15:49:26,500 - mainlogger - INFO - Dice score: 0.1619
2024-05-08 15:49:26,500 - mainlogger - INFO - Accuracy: 0.8987
2024-05-08 15:49:49,859 - mainlogger - INFO - Epoch 22  3.104886971414089
2024-05-08 15:50:07,877 - mainlogger - INFO - Epoch 23  3.3580174520611763
2024-05-08 15:50:21,627 - mainlogger - INFO - Epoch 24  3.0123190321028233
2024-05-08 15:50:44,522 - mainlogger - INFO - Epoch 25  3.2281790524721146
2024-05-08 15:51:00,327 - mainlogger - INFO - Epoch 26  3.0430485978722572
2024-05-08 15:51:16,668 - mainlogger - INFO - Epoch 27  3.6138989627361298
2024-05-08 15:51:39,520 - mainlogger - INFO - Epoch 28  3.4445386826992035
2024-05-08 15:51:54,762 - mainlogger - INFO - Epoch 29  3.3701604530215263
2024-05-08 15:52:12,568 - mainlogger - INFO - Epoch 30  3.171847365796566
2024-05-08 15:52:32,540 - mainlogger - INFO - Epoch 31  3.1068489253520966
2024-05-08 15:52:47,582 - mainlogger - INFO - Dice score: 0.3483
2024-05-08 15:52:47,583 - mainlogger - INFO - Accuracy: 0.8919
2024-05-08 15:53:22,890 - mainlogger - INFO - Dice score: 0.2018
2024-05-08 15:53:22,890 - mainlogger - INFO - Accuracy: 0.8962
2024-05-08 15:53:38,341 - mainlogger - INFO - Epoch 32  3.2284979447722435
2024-05-08 15:53:57,804 - mainlogger - INFO - Epoch 33  3.127084918320179
2024-05-08 15:54:18,719 - mainlogger - INFO - Epoch 34  2.969670493155718
2024-05-08 15:54:31,599 - mainlogger - INFO - Epoch 35  3.0818032920360565
2024-05-08 15:54:52,986 - mainlogger - INFO - Epoch 36  3.273162990808487
2024-05-08 15:55:12,584 - mainlogger - INFO - Epoch 37  3.0820008292794228
2024-05-08 15:55:24,547 - mainlogger - INFO - Epoch 38  3.2607209607958794
2024-05-08 15:55:49,095 - mainlogger - INFO - Epoch 39  3.6569032296538353
2024-05-08 15:56:05,084 - mainlogger - INFO - Epoch 40  3.407785840332508
2024-05-08 15:56:19,509 - mainlogger - INFO - Epoch 41  3.234698362648487
2024-05-08 15:56:43,659 - mainlogger - INFO - Dice score: 0.4644
2024-05-08 15:56:43,659 - mainlogger - INFO - Accuracy: 0.8784
2024-05-08 15:57:09,812 - mainlogger - INFO - Dice score: 0.3324
2024-05-08 15:57:09,813 - mainlogger - INFO - Accuracy: 0.8718
2024-05-08 15:57:34,200 - mainlogger - INFO - Epoch 42  3.330342546105385
2024-05-08 15:57:50,113 - mainlogger - INFO - Epoch 43  3.227846883237362
2024-05-08 15:58:06,153 - mainlogger - INFO - Epoch 44  3.0805484913289547
2024-05-08 15:58:28,203 - mainlogger - INFO - Epoch 45  3.1641026958823204
2024-05-08 15:58:43,682 - mainlogger - INFO - Epoch 46  2.8789710849523544
2024-05-08 15:59:02,874 - mainlogger - INFO - Epoch 47  3.2218772172927856
2024-05-08 15:59:23,945 - mainlogger - INFO - Epoch 48  2.9713847562670708
2024-05-08 15:59:37,489 - mainlogger - INFO - Epoch 49  3.014497607946396
2024-05-08 16:00:00,356 - mainlogger - INFO - Epoch 50  3.0270887911319733
2024-05-08 16:00:19,056 - mainlogger - INFO - Epoch 51  3.070049561560154
2024-05-08 16:00:33,224 - mainlogger - INFO - Dice score: 0.1799
2024-05-08 16:00:33,225 - mainlogger - INFO - Accuracy: 0.8851
2024-05-08 16:01:09,023 - mainlogger - INFO - Dice score: 0.1227
2024-05-08 16:01:09,023 - mainlogger - INFO - Accuracy: 0.8999
2024-05-08 16:01:21,343 - mainlogger - INFO - Epoch 52  3.078741192817688
2024-05-08 16:01:42,963 - mainlogger - INFO - Epoch 53  2.8807367086410522
2024-05-08 16:02:01,835 - mainlogger - INFO - Epoch 54  3.2855584174394608
2024-05-08 16:02:15,273 - mainlogger - INFO - Epoch 55  3.1700489372015
2024-05-08 16:02:37,880 - mainlogger - INFO - Epoch 56  2.753852214664221
2024-05-08 16:02:54,032 - mainlogger - INFO - Epoch 57  3.1253180727362633
2024-05-08 16:03:09,262 - mainlogger - INFO - Epoch 58  2.7510506324470043
2024-05-08 16:03:32,476 - mainlogger - INFO - Epoch 59  3.387394391000271
2024-05-08 16:03:47,899 - mainlogger - INFO - Epoch 60  2.882015600800514
2024-05-08 16:04:05,870 - mainlogger - INFO - Epoch 61  3.2469698414206505
2024-05-08 16:04:26,590 - mainlogger - INFO - Dice score: 0.3556
2024-05-08 16:04:26,591 - mainlogger - INFO - Accuracy: 0.8939
2024-05-08 16:04:54,109 - mainlogger - INFO - Dice score: 0.3013
2024-05-08 16:04:54,109 - mainlogger - INFO - Accuracy: 0.9086
2024-05-08 16:05:16,977 - mainlogger - INFO - Epoch 62  2.9432452395558357
2024-05-08 16:05:32,712 - mainlogger - INFO - Epoch 63  2.710614413022995
2024-05-08 16:05:51,277 - mainlogger - INFO - Epoch 64  2.840783018618822
2024-05-08 16:06:12,050 - mainlogger - INFO - Epoch 65  2.987102709710598
2024-05-08 16:06:25,982 - mainlogger - INFO - Epoch 66  2.764587350189686
2024-05-08 16:06:47,180 - mainlogger - INFO - Epoch 67  2.9482127651572227
2024-05-08 16:07:07,393 - mainlogger - INFO - Epoch 68  3.241204470396042
2024-05-08 16:07:19,344 - mainlogger - INFO - Epoch 69  2.8393392339348793
2024-05-08 16:07:40,730 - mainlogger - INFO - Epoch 70  2.9143708273768425
2024-05-08 16:08:00,485 - mainlogger - INFO - Epoch 71  3.0715728290379047
2024-05-08 16:08:12,486 - mainlogger - INFO - Dice score: 0.2901
2024-05-08 16:08:12,486 - mainlogger - INFO - Accuracy: 0.8961
2024-05-08 16:08:50,682 - mainlogger - INFO - Dice score: 0.2208
2024-05-08 16:08:50,682 - mainlogger - INFO - Accuracy: 0.9091
2024-05-08 16:09:03,222 - mainlogger - INFO - Epoch 72  2.6719138622283936
2024-05-08 16:09:26,366 - mainlogger - INFO - Epoch 73  2.7941895984113216
2024-05-08 16:09:45,548 - mainlogger - INFO - Epoch 74  2.5896408781409264
2024-05-08 16:09:58,264 - mainlogger - INFO - Epoch 75  2.5444760657846928
2024-05-08 16:10:21,490 - mainlogger - INFO - Epoch 76  2.4572186060249805
2024-05-08 16:10:38,499 - mainlogger - INFO - Epoch 77  2.550334833562374
2024-05-08 16:10:52,899 - mainlogger - INFO - Epoch 78  2.3654921613633633
2024-05-08 16:11:16,512 - mainlogger - INFO - Epoch 79  2.2837469559162855
2024-05-08 16:11:32,005 - mainlogger - INFO - Epoch 80  2.1490030251443386
2024-05-08 16:11:48,297 - mainlogger - INFO - Epoch 81  2.783265143632889
2024-05-08 16:12:11,465 - mainlogger - INFO - Dice score: 0.536
2024-05-08 16:12:11,465 - mainlogger - INFO - Accuracy: 0.9139
2024-05-08 16:12:40,514 - mainlogger - INFO - Dice score: 0.4673
2024-05-08 16:12:40,515 - mainlogger - INFO - Accuracy: 0.9216
2024-05-08 16:13:02,902 - mainlogger - INFO - Epoch 82  2.4698117431253195
2024-05-08 16:13:17,851 - mainlogger - INFO - Epoch 83  2.5129231847822666
2024-05-08 16:13:36,801 - mainlogger - INFO - Epoch 84  2.2865349166095257
2024-05-08 16:13:58,608 - mainlogger - INFO - Epoch 85  2.3520429469645023
2024-05-08 16:14:12,300 - mainlogger - INFO - Epoch 86  2.2991595566272736
2024-05-08 16:14:33,193 - mainlogger - INFO - Epoch 87  2.4795055016875267
2024-05-08 16:14:52,795 - mainlogger - INFO - Epoch 88  2.330831617116928
2024-05-08 16:15:04,830 - mainlogger - INFO - Epoch 89  2.1568521186709404
2024-05-08 16:15:27,481 - mainlogger - INFO - Epoch 90  2.482920140028
2024-05-08 16:15:46,292 - mainlogger - INFO - Epoch 91  2.24713809043169
2024-05-08 16:15:59,202 - mainlogger - INFO - Dice score: 0.6128
2024-05-08 16:15:59,202 - mainlogger - INFO - Accuracy: 0.9164
2024-05-08 16:16:36,816 - mainlogger - INFO - Dice score: 0.5561
2024-05-08 16:16:36,816 - mainlogger - INFO - Accuracy: 0.9214
2024-05-08 16:16:48,464 - mainlogger - INFO - Epoch 92  2.4386400021612644
2024-05-08 16:17:09,911 - mainlogger - INFO - Epoch 93  2.1386093627661467
2024-05-08 16:17:29,271 - mainlogger - INFO - Epoch 94  2.338151566684246
2024-05-08 16:17:40,884 - mainlogger - INFO - Epoch 95  2.3904117308557034
2024-05-08 16:18:04,789 - mainlogger - INFO - Epoch 96  1.981040433049202
2024-05-08 16:18:24,535 - mainlogger - INFO - Epoch 97  2.0070436783134937
2024-05-08 16:18:40,132 - mainlogger - INFO - Epoch 98  1.8957283981144428
2024-05-08 16:19:04,172 - mainlogger - INFO - Epoch 99  1.9016054198145866
2024-05-08 16:19:19,226 - mainlogger - INFO - Epoch 100  1.8598309280350804
2024-05-08 16:19:36,436 - mainlogger - INFO - Epoch 101  2.10790553689003
2024-05-08 16:19:59,087 - mainlogger - INFO - Dice score: 0.6885
2024-05-08 16:19:59,090 - mainlogger - INFO - Accuracy: 0.9291
2024-05-08 16:20:27,887 - mainlogger - INFO - Dice score: 0.6068
2024-05-08 16:20:27,887 - mainlogger - INFO - Accuracy: 0.9241
2024-05-08 16:20:49,460 - mainlogger - INFO - Epoch 102  2.0541918203234673
2024-05-08 16:21:04,252 - mainlogger - INFO - Epoch 103  2.011550795286894
2024-05-08 16:21:23,264 - mainlogger - INFO - Epoch 104  1.7515515442937613
2024-05-08 16:21:44,155 - mainlogger - INFO - Epoch 105  1.9317355044186115
2024-05-08 16:21:58,105 - mainlogger - INFO - Epoch 106  1.9526871405541897
2024-05-08 16:22:18,678 - mainlogger - INFO - Epoch 107  1.8435323238372803
2024-05-08 16:22:39,918 - mainlogger - INFO - Epoch 108  1.7892293855547905
2024-05-08 16:22:53,404 - mainlogger - INFO - Epoch 109  2.0150387547910213
2024-05-08 16:23:17,720 - mainlogger - INFO - Epoch 110  1.676613587886095
2024-05-08 16:23:34,957 - mainlogger - INFO - Epoch 111  1.7511426517739892
2024-05-08 16:23:49,143 - mainlogger - INFO - Dice score: 0.679
2024-05-08 16:23:49,144 - mainlogger - INFO - Accuracy: 0.9379
2024-05-08 16:24:25,922 - mainlogger - INFO - Dice score: 0.556
2024-05-08 16:24:25,922 - mainlogger - INFO - Accuracy: 0.9325
2024-05-08 16:24:38,010 - mainlogger - INFO - Epoch 112  1.8085105679929256
2024-05-08 16:25:01,368 - mainlogger - INFO - Epoch 113  1.71643684245646
2024-05-08 16:25:19,183 - mainlogger - INFO - Epoch 114  1.7492726631462574
2024-05-08 16:25:32,990 - mainlogger - INFO - Epoch 115  1.6716357069090009
2024-05-08 16:25:56,827 - mainlogger - INFO - Epoch 116  1.8085182290524244
2024-05-08 16:26:12,879 - mainlogger - INFO - Epoch 117  1.6744694728404284
2024-05-08 16:26:29,494 - mainlogger - INFO - Epoch 118  1.4856646116822958
2024-05-08 16:26:52,772 - mainlogger - INFO - Epoch 119  1.5826793778687716
2024-05-08 16:27:07,758 - mainlogger - INFO - Dice score: 0.7066
2024-05-08 16:27:07,759 - mainlogger - INFO - Accuracy: 0.9372
2024-05-08 16:27:43,064 - mainlogger - INFO - Dice score: 0.5841
2024-05-08 16:27:43,064 - mainlogger - INFO - Accuracy: 0.9277
2024-05-08 16:27:43,065 - mainlogger - INFO - (115, 119)
2024-05-08 16:27:43,065 - mainlogger - INFO - 0.5540336711454088
