2024-04-13 13:27:59,019 - mainlogger - INFO - 22727
2024-04-13 13:28:01,561 - mainlogger - INFO - 22727
2024-04-13 13:28:01,562 - mainlogger - INFO - config/eunet_fixmatch.yaml
2024-04-13 13:28:01,562 - mainlogger - INFO - {'batch_size': 8, 'epochs': 50, 'root_dir': '/home/4T/zcr/dataset/Dataset_BUSI', 'model': {'name': 'net.eunet.EUnet', 'args': {'ch_out': 1}}, 'trainset': {'name': 'datasetBUSI.mask_busi.MaskBUSI', 'args': {'root_dir': '/home/4T/zcr/dataset/Dataset_BUSI', 'image_names_path': 'labeled20.txt', 'mode': 'train'}}, 'trainset_u': {'name': 'datasetBUSI.w_s.WeakStrongBUSI', 'args': {'root_dir': '/home/4T/zcr/dataset/Dataset_BUSI', 'image_names_path': 'unlabeled20.txt', 'mode': 'train'}}, 'testset': {'name': 'datasetBUSI.mask_busi.MaskBUSI', 'args': {'root_dir': '/home/4T/zcr/dataset/Dataset_BUSI', 'image_names_path': 'test.txt', 'mode': 'test'}}, 'criterion': {'name': 'spgutils.focalloss.BinaryFocalLoss', 'args': {'reduction': None}}, 'optimizer': {'name': 'torch.optim.Adam', 'args': {'lr': 0.001}}, 'scheduler': {'name': 'torch.optim.lr_scheduler.StepLR', 'args': {'step_size': 1, 'gamma': 0.95}}}
2024-04-13 13:28:01,569 - mainlogger - INFO - 14.368911743164062
2024-04-13 13:28:19,222 - mainlogger - INFO - Epoch 0:9.296711653470993
2024-04-13 13:28:32,238 - mainlogger - INFO - Epoch 1:3.121350884437561
2024-04-13 13:28:40,085 - mainlogger - INFO - Dice score: 0.1552
2024-04-13 13:28:40,085 - mainlogger - INFO - Accuracy: 0.8963
2024-04-13 13:28:51,209 - mainlogger - INFO - Epoch 2:2.444533124566078
2024-04-13 13:29:03,545 - mainlogger - INFO - Epoch 3:1.989637330174446
2024-04-13 13:29:15,926 - mainlogger - INFO - Epoch 4:2.185256391763687
2024-04-13 13:29:28,070 - mainlogger - INFO - Epoch 5:1.634606957435608
2024-04-13 13:29:40,755 - mainlogger - INFO - Epoch 6:1.5711758360266685
2024-04-13 13:29:53,457 - mainlogger - INFO - Epoch 7:1.5958188101649284
2024-04-13 13:30:06,326 - mainlogger - INFO - Epoch 8:1.195815198123455
2024-04-13 13:30:19,601 - mainlogger - INFO - Epoch 9:1.1359283663332462
2024-04-13 13:30:32,613 - mainlogger - INFO - Epoch 10:1.0025402307510376
2024-04-13 13:30:45,843 - mainlogger - INFO - Epoch 11:1.0390138924121857
2024-04-13 13:30:53,440 - mainlogger - INFO - Dice score: 0.5954
2024-04-13 13:30:53,441 - mainlogger - INFO - Accuracy: 0.926
2024-04-13 13:31:05,632 - mainlogger - INFO - Epoch 12:0.9666380807757378
2024-04-13 13:31:18,227 - mainlogger - INFO - Epoch 13:0.8371691033244133
2024-04-13 13:31:30,811 - mainlogger - INFO - Epoch 14:1.0148680284619331
2024-04-13 13:31:42,883 - mainlogger - INFO - Epoch 15:0.9367859624326229
2024-04-13 13:31:55,639 - mainlogger - INFO - Epoch 16:0.9085728786885738
2024-04-13 13:32:08,280 - mainlogger - INFO - Epoch 17:0.9047642014920712
2024-04-13 13:32:20,691 - mainlogger - INFO - Epoch 18:0.7860329076647758
2024-04-13 13:32:31,713 - mainlogger - INFO - Epoch 19:0.682462353259325
2024-04-13 13:32:43,695 - mainlogger - INFO - Epoch 20:0.7279024720191956
2024-04-13 13:32:56,599 - mainlogger - INFO - Epoch 21:0.6927804537117481
2024-04-13 13:33:04,111 - mainlogger - INFO - Dice score: 0.6498
2024-04-13 13:33:04,111 - mainlogger - INFO - Accuracy: 0.9366
2024-04-13 13:33:16,832 - mainlogger - INFO - Epoch 22:0.6235333420336246
2024-04-13 13:33:29,597 - mainlogger - INFO - Epoch 23:0.582878116518259
2024-04-13 13:33:42,582 - mainlogger - INFO - Epoch 24:0.5797823593020439
2024-04-13 13:33:55,652 - mainlogger - INFO - Epoch 25:0.5772647671401501
2024-04-13 13:34:08,182 - mainlogger - INFO - Epoch 26:0.5443858951330185
2024-04-13 13:34:20,678 - mainlogger - INFO - Epoch 27:0.6940147057175636
2024-04-13 13:34:33,310 - mainlogger - INFO - Epoch 28:0.5572286397218704
2024-04-13 13:34:45,352 - mainlogger - INFO - Epoch 29:0.5391972027719021
2024-04-13 13:34:58,523 - mainlogger - INFO - Epoch 30:0.47892679274082184
2024-04-13 13:35:10,966 - mainlogger - INFO - Epoch 31:0.5103570446372032
2024-04-13 13:35:18,627 - mainlogger - INFO - Dice score: 0.6324
2024-04-13 13:35:18,627 - mainlogger - INFO - Accuracy: 0.9372
2024-04-13 13:35:31,260 - mainlogger - INFO - Epoch 32:0.4972395282238722
2024-04-13 13:35:41,594 - mainlogger - INFO - Epoch 33:0.4724758602678776
2024-04-13 13:35:54,269 - mainlogger - INFO - Epoch 34:0.5180146712809801
2024-04-13 13:36:05,946 - mainlogger - INFO - Epoch 35:0.5184170678257942
2024-04-13 13:36:18,498 - mainlogger - INFO - Epoch 36:0.4592953473329544
2024-04-13 13:36:31,509 - mainlogger - INFO - Epoch 37:0.44836976006627083
2024-04-13 13:36:44,151 - mainlogger - INFO - Epoch 38:0.5543420873582363
2024-04-13 13:36:56,949 - mainlogger - INFO - Epoch 39:0.447367399930954
2024-04-13 13:37:10,112 - mainlogger - INFO - Epoch 40:0.46356505900621414
2024-04-13 13:37:22,971 - mainlogger - INFO - Epoch 41:0.40228283405303955
2024-04-13 13:37:29,705 - mainlogger - INFO - Dice score: 0.6343
2024-04-13 13:37:29,705 - mainlogger - INFO - Accuracy: 0.937
2024-04-13 13:37:42,745 - mainlogger - INFO - Epoch 42:0.4627167843282223
2024-04-13 13:37:55,648 - mainlogger - INFO - Epoch 43:0.5505007021129131
2024-04-13 13:38:08,425 - mainlogger - INFO - Epoch 44:0.39210332930088043
2024-04-13 13:38:21,083 - mainlogger - INFO - Epoch 45:0.43411608785390854
2024-04-13 13:38:33,875 - mainlogger - INFO - Epoch 46:0.40032028034329414
2024-04-13 13:38:46,448 - mainlogger - INFO - Epoch 47:0.39443806931376457
2024-04-13 13:38:59,148 - mainlogger - INFO - Epoch 48:0.42778004333376884
2024-04-13 13:39:11,607 - mainlogger - INFO - Epoch 49:0.35493634082376957
2024-04-13 13:39:11,612 - mainlogger - INFO - (37, 41)
2024-04-13 13:39:11,612 - mainlogger - INFO - 0.5334275992777366
