2024-05-08 17:38:31,179 - mainlogger - INFO - 358
2024-05-08 17:38:31,179 - mainlogger - INFO - <class '__main__.UniversegPipeline'>
2024-05-08 17:38:31,179 - mainlogger - INFO - universeg_config/universeg_base2.yaml
2024-05-08 17:38:31,179 - mainlogger - INFO - {'desc': '输入单通道，大小384', 'batch_size': 4, 'epochs': 100, 'k': 2, 'root_dir': '/home/4T/zcr/dataset/Dataset_BUSI', 'model': {'name': 'universeg.universeg.UniverSeg', 'args': {'encoder_blocks': [64, 128, 256, 512], 'in_ch': [1, 2]}}, 'trainset': {'name': 'datasetBUSI.mask_busi_single.MaskBUSISingle', 'args': {'root_dir': '/home/4T/zcr/dataset/Dataset_BUSI', 'image_names_path': 'labeled20.txt', 'mode': 'train'}}, 'testset': {'name': 'datasetBUSI.mask_busi_single.MaskBUSISingle', 'args': {'root_dir': '/home/4T/zcr/dataset/Dataset_BUSI', 'image_names_path': 'test.txt', 'mode': 'test'}}, 'criterion': {'name': 'spgutils.focalloss.BinaryFocalLoss', 'args': {'gamma': 1}}, 'optimizer': {'name': 'torch.optim.Adam', 'args': {'lr': 0.0001}}, 'scheduler': {'name': 'torch.optim.lr_scheduler.StepLR', 'args': {'step_size': 1, 'gamma': 0.99}}}
2024-05-08 17:38:31,180 - mainlogger - INFO - 14.859848976135254
2024-05-08 17:39:03,076 - mainlogger - INFO - Epoch 0  4.401972204446793
2024-05-08 17:39:19,447 - mainlogger - INFO - Epoch 1  3.29212187230587
2024-05-08 17:39:38,946 - mainlogger - INFO - Dice score: 0.001196
2024-05-08 17:39:38,946 - mainlogger - INFO - Accuracy: 0.8791
2024-05-08 17:40:13,777 - mainlogger - INFO - Dice score: 0.0001352
2024-05-08 17:40:13,778 - mainlogger - INFO - Accuracy: 0.8997
2024-05-08 17:40:35,342 - mainlogger - INFO - Epoch 2  3.6252367720007896
2024-05-08 17:40:59,069 - mainlogger - INFO - Epoch 3  3.4177695214748383
2024-05-08 17:41:10,683 - mainlogger - INFO - Epoch 4  3.5130940452218056
2024-05-08 17:41:35,464 - mainlogger - INFO - Epoch 5  3.1845401600003242
2024-05-08 17:41:54,976 - mainlogger - INFO - Epoch 6  3.2641062885522842
2024-05-08 17:42:08,678 - mainlogger - INFO - Epoch 7  3.16366758197546
2024-05-08 17:42:35,321 - mainlogger - INFO - Epoch 8  3.2365714460611343
2024-05-08 17:42:51,072 - mainlogger - INFO - Epoch 9  3.16247196495533
2024-05-08 17:43:08,263 - mainlogger - INFO - Epoch 10  3.6386632435023785
2024-05-08 17:43:31,972 - mainlogger - INFO - Epoch 11  3.316733717918396
2024-05-08 17:43:46,739 - mainlogger - INFO - Dice score: 0.2842
2024-05-08 17:43:46,739 - mainlogger - INFO - Accuracy: 0.8876
2024-05-08 17:44:24,636 - mainlogger - INFO - Dice score: 0.2357
2024-05-08 17:44:24,636 - mainlogger - INFO - Accuracy: 0.8981
2024-05-08 17:44:40,360 - mainlogger - INFO - Epoch 12  3.4017998315393925
2024-05-08 17:45:01,556 - mainlogger - INFO - Epoch 13  3.1003566347062588
2024-05-08 17:45:24,591 - mainlogger - INFO - Epoch 14  3.111657850444317
2024-05-08 17:45:36,543 - mainlogger - INFO - Epoch 15  3.5160187631845474
2024-05-08 17:46:03,704 - mainlogger - INFO - Epoch 16  3.1683760434389114
2024-05-08 17:46:21,831 - mainlogger - INFO - Epoch 17  3.20696160197258
2024-05-08 17:46:36,376 - mainlogger - INFO - Epoch 18  3.0163533315062523
2024-05-08 17:47:01,671 - mainlogger - INFO - Epoch 19  3.2246612831950188
2024-05-08 17:47:16,800 - mainlogger - INFO - Epoch 20  3.169168660417199
2024-05-08 17:47:34,829 - mainlogger - INFO - Epoch 21  3.137821339070797
2024-05-08 17:47:59,376 - mainlogger - INFO - Dice score: 0.2668
2024-05-08 17:47:59,376 - mainlogger - INFO - Accuracy: 0.885
2024-05-08 17:48:28,041 - mainlogger - INFO - Dice score: 0.2127
2024-05-08 17:48:28,042 - mainlogger - INFO - Accuracy: 0.8992
2024-05-08 17:48:51,747 - mainlogger - INFO - Epoch 22  2.8952656686306
2024-05-08 17:49:06,567 - mainlogger - INFO - Epoch 23  3.1506247967481613
2024-05-08 17:49:28,836 - mainlogger - INFO - Epoch 24  2.8673608899116516
2024-05-08 17:49:51,421 - mainlogger - INFO - Epoch 25  3.0702211782336235
2024-05-08 17:50:02,898 - mainlogger - INFO - Epoch 26  2.8828685507178307
2024-05-08 17:50:30,951 - mainlogger - INFO - Epoch 27  3.355177078396082
2024-05-08 17:50:46,877 - mainlogger - INFO - Epoch 28  3.3120632991194725
2024-05-08 17:51:04,457 - mainlogger - INFO - Epoch 29  3.2578523457050323
2024-05-08 17:51:28,284 - mainlogger - INFO - Epoch 30  3.038550768047571
2024-05-08 17:51:43,350 - mainlogger - INFO - Epoch 31  2.9948612228035927
2024-05-08 17:52:01,028 - mainlogger - INFO - Dice score: 0.3963
2024-05-08 17:52:01,028 - mainlogger - INFO - Accuracy: 0.901
2024-05-08 17:52:35,369 - mainlogger - INFO - Dice score: 0.249
2024-05-08 17:52:35,369 - mainlogger - INFO - Accuracy: 0.9031
2024-05-08 17:52:51,803 - mainlogger - INFO - Epoch 32  2.9727035239338875
2024-05-08 17:53:16,343 - mainlogger - INFO - Epoch 33  3.0165313854813576
2024-05-08 17:53:31,729 - mainlogger - INFO - Epoch 34  2.7929723896086216
2024-05-08 17:53:51,674 - mainlogger - INFO - Epoch 35  2.7748917639255524
2024-05-08 17:54:15,102 - mainlogger - INFO - Epoch 36  3.039220627397299
2024-05-08 17:54:27,103 - mainlogger - INFO - Epoch 37  2.797362346202135
2024-05-08 17:54:47,374 - mainlogger - INFO - Epoch 38  2.92697586864233
2024-05-08 17:55:09,804 - mainlogger - INFO - Epoch 39  2.7944578491151333
2024-05-08 17:55:22,140 - mainlogger - INFO - Epoch 40  3.022486038506031
2024-05-08 17:55:47,254 - mainlogger - INFO - Epoch 41  2.8069202043116093
2024-05-08 17:56:06,821 - mainlogger - INFO - Dice score: 0.5642
2024-05-08 17:56:06,821 - mainlogger - INFO - Accuracy: 0.8963
2024-05-08 17:56:35,477 - mainlogger - INFO - Dice score: 0.4547
2024-05-08 17:56:35,478 - mainlogger - INFO - Accuracy: 0.8874
2024-05-08 17:56:58,302 - mainlogger - INFO - Epoch 42  2.7789802700281143
2024-05-08 17:57:08,766 - mainlogger - INFO - Epoch 43  2.8307316713035107
2024-05-08 17:57:32,984 - mainlogger - INFO - Epoch 44  2.720313899219036
2024-05-08 17:57:54,776 - mainlogger - INFO - Epoch 45  2.6872408352792263
2024-05-08 17:58:08,402 - mainlogger - INFO - Epoch 46  2.486002456396818
2024-05-08 17:58:36,236 - mainlogger - INFO - Epoch 47  2.7475877813994884
2024-05-08 17:58:52,059 - mainlogger - INFO - Epoch 48  2.5766422264277935
2024-05-08 17:59:10,183 - mainlogger - INFO - Epoch 49  2.4353198520839214
2024-05-08 17:59:33,796 - mainlogger - INFO - Epoch 50  2.5257740952074528
2024-05-08 17:59:48,033 - mainlogger - INFO - Epoch 51  2.492269106209278
2024-05-08 18:00:11,059 - mainlogger - INFO - Dice score: 0.4805
2024-05-08 18:00:11,059 - mainlogger - INFO - Accuracy: 0.9091
2024-05-08 18:00:40,422 - mainlogger - INFO - Dice score: 0.4195
2024-05-08 18:00:40,423 - mainlogger - INFO - Accuracy: 0.9145
2024-05-08 18:01:00,596 - mainlogger - INFO - Epoch 52  2.5485698841512203
2024-05-08 18:01:24,587 - mainlogger - INFO - Epoch 53  2.53536656498909
2024-05-08 18:01:37,164 - mainlogger - INFO - Epoch 54  2.597460199147463
2024-05-08 18:02:01,425 - mainlogger - INFO - Epoch 55  2.7350234128534794
2024-05-08 18:02:21,905 - mainlogger - INFO - Epoch 56  2.433065976947546
2024-05-08 18:02:35,491 - mainlogger - INFO - Epoch 57  2.5130316726863384
2024-05-08 18:03:03,113 - mainlogger - INFO - Epoch 58  2.3316139951348305
2024-05-08 18:03:17,862 - mainlogger - INFO - Epoch 59  2.693752445280552
2024-05-08 18:03:32,988 - mainlogger - INFO - Epoch 60  2.39988811686635
2024-05-08 18:03:57,482 - mainlogger - INFO - Epoch 61  2.6224838830530643
2024-05-08 18:04:12,291 - mainlogger - INFO - Dice score: 0.4806
2024-05-08 18:04:12,291 - mainlogger - INFO - Accuracy: 0.9102
2024-05-08 18:04:49,152 - mainlogger - INFO - Dice score: 0.4301
2024-05-08 18:04:49,153 - mainlogger - INFO - Accuracy: 0.9216
2024-05-08 18:05:04,715 - mainlogger - INFO - Epoch 62  2.3519915118813515
2024-05-08 18:05:21,859 - mainlogger - INFO - Epoch 63  2.164158634841442
2024-05-08 18:05:45,611 - mainlogger - INFO - Epoch 64  2.2516832891851664
2024-05-08 18:06:01,687 - mainlogger - INFO - Epoch 65  2.461267437785864
2024-05-08 18:06:25,858 - mainlogger - INFO - Epoch 66  2.198125187307596
2024-05-08 18:06:47,226 - mainlogger - INFO - Epoch 67  2.6231829151511192
2024-05-08 18:06:58,035 - mainlogger - INFO - Epoch 68  2.5114852264523506
2024-05-08 18:07:25,427 - mainlogger - INFO - Epoch 69  2.3006009459495544
2024-05-08 18:07:43,131 - mainlogger - INFO - Epoch 70  2.2753200009465218
2024-05-08 18:08:00,135 - mainlogger - INFO - Epoch 71  2.30979903973639
2024-05-08 18:08:24,046 - mainlogger - INFO - Dice score: 0.4212
2024-05-08 18:08:24,046 - mainlogger - INFO - Accuracy: 0.909
2024-05-08 18:08:52,013 - mainlogger - INFO - Dice score: 0.3375
2024-05-08 18:08:52,013 - mainlogger - INFO - Accuracy: 0.917
2024-05-08 18:09:01,137 - mainlogger - INFO - Epoch 72  2.2998002022504807
2024-05-08 18:09:06,112 - mainlogger - INFO - Epoch 73  2.336367979645729
2024-05-08 18:09:25,204 - mainlogger - INFO - Epoch 74  2.1296982057392597
2024-05-08 18:09:43,343 - mainlogger - INFO - Epoch 75  2.0622328501194715
2024-05-08 18:10:05,773 - mainlogger - INFO - Epoch 76  2.088525189086795
2024-05-08 18:10:19,924 - mainlogger - INFO - Epoch 77  2.191585198044777
2024-05-08 18:10:41,382 - mainlogger - INFO - Epoch 78  1.9761212356388569
2024-05-08 18:11:04,308 - mainlogger - INFO - Epoch 79  1.945071840658784
2024-05-08 18:11:16,026 - mainlogger - INFO - Epoch 80  1.8231825474649668
2024-05-08 18:11:40,795 - mainlogger - INFO - Epoch 81  2.4604995250701904
2024-05-08 18:12:00,445 - mainlogger - INFO - Dice score: 0.6258
2024-05-08 18:12:00,446 - mainlogger - INFO - Accuracy: 0.9242
2024-05-08 18:12:33,097 - mainlogger - INFO - Dice score: 0.5314
2024-05-08 18:12:33,098 - mainlogger - INFO - Accuracy: 0.9247
2024-05-08 18:12:53,140 - mainlogger - INFO - Epoch 82  2.2620913423597813
2024-05-08 18:13:05,122 - mainlogger - INFO - Epoch 83  2.087970372289419
2024-05-08 18:13:30,338 - mainlogger - INFO - Epoch 84  1.9559068158268929
2024-05-08 18:13:47,588 - mainlogger - INFO - Epoch 85  1.8902165405452251
2024-05-08 18:14:03,612 - mainlogger - INFO - Epoch 86  1.964756129309535
2024-05-08 18:14:27,706 - mainlogger - INFO - Epoch 87  2.1780930384993553
2024-05-08 18:14:43,794 - mainlogger - INFO - Epoch 88  2.104071542620659
2024-05-08 18:15:03,006 - mainlogger - INFO - Epoch 89  2.0143722742795944
2024-05-08 18:15:25,934 - mainlogger - INFO - Epoch 90  2.243203856050968
2024-05-08 18:15:39,720 - mainlogger - INFO - Epoch 91  2.0661207288503647
2024-05-08 18:16:00,631 - mainlogger - INFO - Dice score: 0.6257
2024-05-08 18:16:00,632 - mainlogger - INFO - Accuracy: 0.9074
2024-05-08 18:16:30,595 - mainlogger - INFO - Dice score: 0.5441
2024-05-08 18:16:30,595 - mainlogger - INFO - Accuracy: 0.896
2024-05-08 18:16:49,814 - mainlogger - INFO - Epoch 92  2.2600525077432394
2024-05-08 18:17:13,359 - mainlogger - INFO - Epoch 93  2.0371391847729683
2024-05-08 18:17:26,099 - mainlogger - INFO - Epoch 94  2.0477287620306015
2024-05-08 18:17:49,606 - mainlogger - INFO - Epoch 95  2.083830289542675
2024-05-08 18:18:10,335 - mainlogger - INFO - Epoch 96  1.7196919322013855
2024-05-08 18:18:24,018 - mainlogger - INFO - Epoch 97  1.955979397520423
2024-05-08 18:18:50,120 - mainlogger - INFO - Epoch 98  1.909370295703411
2024-05-08 18:19:07,249 - mainlogger - INFO - Epoch 99  1.7995091583579779
2024-05-08 18:19:23,694 - mainlogger - INFO - Dice score: 0.609
2024-05-08 18:19:23,694 - mainlogger - INFO - Accuracy: 0.9273
2024-05-08 18:20:00,762 - mainlogger - INFO - Dice score: 0.5348
2024-05-08 18:20:00,763 - mainlogger - INFO - Accuracy: 0.93
2024-05-08 18:20:00,763 - mainlogger - INFO - (95, 99)
2024-05-08 18:20:00,763 - mainlogger - INFO - 0.47555923069846545
