2024-05-07 18:53:17,815 - mainlogger - INFO - 23922
2024-05-07 18:53:17,815 - mainlogger - INFO - <class '__main__.UniversegPipeline'>
2024-05-07 18:53:17,815 - mainlogger - INFO - config/universeg.yaml
2024-05-07 18:53:17,815 - mainlogger - INFO - {'batch_size': 4, 'epochs': 100, 'k': 2, 'root_dir': '/home/4T/zcr/dataset/Dataset_BUSI', 'model': {'name': 'universeg.universeg.UniverSeg', 'args': {'encoder_blocks': [16, 32, 64, 128]}}, 'trainset': {'name': 'datasetBUSI.mask_busi.MaskBUSI', 'args': {'root_dir': '/home/4T/zcr/dataset/Dataset_BUSI', 'image_names_path': 'demo.txt', 'mode': 'train'}}, 'testset': {'name': 'datasetBUSI.mask_busi.MaskBUSI', 'args': {'root_dir': '/home/4T/zcr/dataset/Dataset_BUSI', 'image_names_path': 'demo.txt', 'mode': 'test'}}, 'criterion': {'name': 'spgutils.focalloss.BinaryFocalLoss', 'args': {'gamma': 1}}, 'optimizer': {'name': 'torch.optim.Adam', 'args': {'lr': 5e-05}}, 'scheduler': {'name': 'torch.optim.lr_scheduler.StepLR', 'args': {'step_size': 1, 'gamma': 0.99}}}
2024-05-07 18:53:17,816 - mainlogger - INFO - 0.9378976821899414
2024-05-07 18:53:24,590 - mainlogger - INFO - Epoch 0  1.5507802069187164
2024-05-07 18:53:28,054 - mainlogger - INFO - Epoch 1  1.011544682085514
2024-05-07 18:53:34,565 - mainlogger - INFO - Dice score: 4.737e-15
2024-05-07 18:53:34,565 - mainlogger - INFO - Accuracy: 0.9499
2024-05-07 18:53:40,123 - mainlogger - INFO - Epoch 2  0.7794432565569878
2024-05-07 18:53:45,266 - mainlogger - INFO - Epoch 3  0.861527644097805
2024-05-07 18:53:50,875 - mainlogger - INFO - Epoch 4  0.9691314622759819
2024-05-07 18:53:54,875 - mainlogger - INFO - Epoch 5  0.8030697107315063
2024-05-07 18:54:00,053 - mainlogger - INFO - Epoch 6  0.6443061158061028
2024-05-07 18:54:03,884 - mainlogger - INFO - Epoch 7  0.6919604651629925
2024-05-07 18:54:06,841 - mainlogger - INFO - Epoch 8  0.609959103167057
2024-05-07 18:54:09,258 - mainlogger - INFO - Epoch 9  0.5697644352912903
2024-05-07 18:54:12,025 - mainlogger - INFO - Epoch 10  0.6333913207054138
2024-05-07 18:54:14,978 - mainlogger - INFO - Epoch 11  0.6467750929296017
2024-05-07 18:54:22,228 - mainlogger - INFO - Dice score: 4.871e-15
2024-05-07 18:54:22,228 - mainlogger - INFO - Accuracy: 0.9513
2024-05-07 18:54:27,228 - mainlogger - INFO - Epoch 12  0.6420976296067238
2024-05-07 18:54:32,574 - mainlogger - INFO - Epoch 13  0.6329241618514061
2024-05-07 18:54:38,062 - mainlogger - INFO - Epoch 14  0.5278940983116627
2024-05-07 18:54:42,052 - mainlogger - INFO - Epoch 15  0.47108050622045994
2024-05-07 18:54:45,477 - mainlogger - INFO - Epoch 16  0.5578694716095924
2024-05-07 18:54:50,413 - mainlogger - INFO - Epoch 17  0.5043749734759331
2024-05-07 18:54:53,031 - mainlogger - INFO - Epoch 18  0.5261129587888718
2024-05-07 18:54:55,533 - mainlogger - INFO - Epoch 19  0.6298956535756588
2024-05-07 18:54:58,411 - mainlogger - INFO - Epoch 20  0.5273332633078098
2024-05-07 18:55:01,127 - mainlogger - INFO - Epoch 21  0.6511716768145561
2024-05-07 18:55:05,731 - mainlogger - INFO - Dice score: 0.2445
2024-05-07 18:55:05,731 - mainlogger - INFO - Accuracy: 0.9589
2024-05-07 18:55:11,316 - mainlogger - INFO - Epoch 22  0.4535682313144207
2024-05-07 18:55:16,620 - mainlogger - INFO - Epoch 23  0.4702575355768204
2024-05-07 18:55:22,121 - mainlogger - INFO - Epoch 24  0.431143369525671
2024-05-07 18:55:27,974 - mainlogger - INFO - Epoch 25  0.39632346853613853
2024-05-07 18:55:31,389 - mainlogger - INFO - Epoch 26  0.5642526671290398
2024-05-07 18:55:36,474 - mainlogger - INFO - Epoch 27  0.43391891941428185
2024-05-07 18:55:41,881 - mainlogger - INFO - Epoch 28  0.4510599337518215
2024-05-07 18:55:45,717 - mainlogger - INFO - Epoch 29  0.39012323692440987
2024-05-07 18:55:49,351 - mainlogger - INFO - Epoch 30  0.38216228503733873
2024-05-07 18:55:53,230 - mainlogger - INFO - Epoch 31  0.4044080004096031
2024-05-07 18:56:00,229 - mainlogger - INFO - Dice score: 0.6542
2024-05-07 18:56:00,229 - mainlogger - INFO - Accuracy: 0.9727
2024-05-07 18:56:06,274 - mainlogger - INFO - Epoch 32  0.2905996749177575
2024-05-07 18:56:12,372 - mainlogger - INFO - Epoch 33  0.3935609385371208
2024-05-07 18:56:17,646 - mainlogger - INFO - Epoch 34  0.41573305428028107
2024-05-07 18:56:21,780 - mainlogger - INFO - Epoch 35  0.3741283267736435
2024-05-07 18:56:25,550 - mainlogger - INFO - Epoch 36  0.3080692309886217
2024-05-07 18:56:30,250 - mainlogger - INFO - Epoch 37  0.27845406997948885
2024-05-07 18:56:33,067 - mainlogger - INFO - Epoch 38  0.4330662339925766
2024-05-07 18:56:35,802 - mainlogger - INFO - Epoch 39  0.4303836841136217
2024-05-07 18:56:38,317 - mainlogger - INFO - Epoch 40  0.2888948358595371
2024-05-07 18:56:40,885 - mainlogger - INFO - Epoch 41  0.33744485955685377
2024-05-07 18:56:46,196 - mainlogger - INFO - Dice score: 0.6233
2024-05-07 18:56:46,196 - mainlogger - INFO - Accuracy: 0.9725
2024-05-07 18:56:51,838 - mainlogger - INFO - Epoch 42  0.33086632657796144
2024-05-07 18:56:57,609 - mainlogger - INFO - Epoch 43  0.6407911796122789
2024-05-07 18:57:02,953 - mainlogger - INFO - Epoch 44  0.3991452418267727
2024-05-07 18:57:08,814 - mainlogger - INFO - Epoch 45  0.4215842876583338
2024-05-07 18:57:12,054 - mainlogger - INFO - Epoch 46  0.29946176428347826
2024-05-07 18:57:17,762 - mainlogger - INFO - Epoch 47  0.39806436002254486
2024-05-07 18:57:20,531 - mainlogger - INFO - Epoch 48  0.2655528150498867
2024-05-07 18:57:23,410 - mainlogger - INFO - Epoch 49  0.2606065236032009
2024-05-07 18:57:26,209 - mainlogger - INFO - Epoch 50  0.371231596916914
2024-05-07 18:57:29,134 - mainlogger - INFO - Epoch 51  0.28635744005441666
2024-05-07 18:57:33,476 - mainlogger - INFO - Dice score: 0.7566
2024-05-07 18:57:33,477 - mainlogger - INFO - Accuracy: 0.9794
2024-05-07 18:57:39,635 - mainlogger - INFO - Epoch 52  0.33436452597379684
