2024-04-15 12:31:19,897 - mainlogger - INFO - 8142
ema
2024-04-15 12:31:19,898 - mainlogger - INFO - ./config/eunet_fixmatch.yaml
2024-04-15 12:31:19,898 - mainlogger - INFO - {'batch_size': 8, 'epochs': 200, 'meta': '/home/4T/zcr/dataset/Dataset_BUSI', 'model': {'name': 'net.eunet.EUnet', 'args': {'ch_out': 1}}, 'trainset': {'name': 'datasetBUSI.mask_busi.MaskBUSI', 'args': {'root_dir': '/home/4T/zcr/dataset/Dataset_BUSI', 'image_names_path': 'labeled20.txt', 'mode': 'train'}}, 'trainset_u': {'name': 'datasetBUSI.w_s.WeakStrongBUSI', 'args': {'root_dir': '/home/4T/zcr/dataset/Dataset_BUSI', 'image_names_path': 'unlabeled20.txt', 'mode': 'train'}}, 'testset': {'name': 'datasetBUSI.mask_busi.MaskBUSI', 'args': {'root_dir': '/home/4T/zcr/dataset/Dataset_BUSI', 'image_names_path': 'test.txt', 'mode': 'test'}}, 'criterion': {'name': 'spgutils.focalloss.BinaryFocalLoss', 'args': {'reduction': None}}, 'optimizer': {'name': 'torch.optim.Adam', 'args': {'lr': 0.001}}, 'scheduler': {'name': 'torch.optim.lr_scheduler.StepLR', 'args': {'step_size': 1, 'gamma': 0.999}}}
2024-04-15 12:31:19,898 - mainlogger - INFO - 14.368911743164062
2024-04-15 12:31:40,577 - mainlogger - INFO - Epoch 0  43.91687035560608
2024-04-15 12:31:54,466 - mainlogger - INFO - Epoch 1  23.962610721588135
2024-04-15 12:32:04,462 - mainlogger - INFO - Dice score: 0.1006
2024-04-15 12:32:04,462 - mainlogger - INFO - Accuracy: 0.5913
2024-04-15 12:32:19,401 - mainlogger - INFO - Epoch 2  10.896487891674042
2024-04-15 12:32:33,679 - mainlogger - INFO - Epoch 3  10.739387094974518
2024-04-15 12:32:47,439 - mainlogger - INFO - Epoch 4  13.181360244750977
2024-04-15 12:33:00,619 - mainlogger - INFO - Epoch 5  8.606014639139175
2024-04-15 12:33:14,061 - mainlogger - INFO - Epoch 6  4.702544420957565
2024-04-15 12:33:28,533 - mainlogger - INFO - Epoch 7  2.4273120015859604
2024-04-15 12:33:43,300 - mainlogger - INFO - Epoch 8  1.9712631404399872
2024-04-15 12:33:57,243 - mainlogger - INFO - Epoch 9  2.106719121336937
2024-04-15 12:34:11,774 - mainlogger - INFO - Epoch 10  1.9600798040628433
2024-04-15 12:34:25,917 - mainlogger - INFO - Epoch 11  1.925103336572647
2024-04-15 12:34:34,222 - mainlogger - INFO - Dice score: 0.08525
2024-04-15 12:34:34,223 - mainlogger - INFO - Accuracy: 0.8984
2024-04-15 12:34:48,728 - mainlogger - INFO - Epoch 12  1.8856874108314514
2024-04-15 12:35:02,681 - mainlogger - INFO - Epoch 13  2.194322921335697
2024-04-15 12:35:16,639 - mainlogger - INFO - Epoch 14  2.0044113621115685
2024-04-15 12:35:31,471 - mainlogger - INFO - Epoch 15  1.8702108412981033
2024-04-15 12:35:46,298 - mainlogger - INFO - Epoch 16  1.950356274843216
2024-04-15 12:36:00,844 - mainlogger - INFO - Epoch 17  1.8287841528654099
2024-04-15 12:36:14,462 - mainlogger - INFO - Epoch 18  1.8770983219146729
2024-04-15 12:36:29,060 - mainlogger - INFO - Epoch 19  2.077430307865143
2024-04-15 12:36:42,199 - mainlogger - INFO - Epoch 20  1.841231144964695
2024-04-15 12:36:56,461 - mainlogger - INFO - Epoch 21  2.0828790366649628
2024-04-15 12:37:06,552 - mainlogger - INFO - Dice score: 0.1454
2024-04-15 12:37:06,558 - mainlogger - INFO - Accuracy: 0.8988
2024-04-15 12:37:20,843 - mainlogger - INFO - Epoch 22  1.8285002559423447
2024-04-15 12:37:34,680 - mainlogger - INFO - Epoch 23  1.7300707548856735
2024-04-15 12:37:48,271 - mainlogger - INFO - Epoch 24  1.8757818415760994
2024-04-15 12:38:03,428 - mainlogger - INFO - Epoch 25  1.7704097852110863
2024-04-15 12:38:17,648 - mainlogger - INFO - Epoch 26  1.8981842547655106
2024-04-15 12:38:32,002 - mainlogger - INFO - Epoch 27  1.9266547039151192
2024-04-15 12:38:46,058 - mainlogger - INFO - Epoch 28  1.8305026143789291
2024-04-15 12:38:59,585 - mainlogger - INFO - Epoch 29  1.9311163201928139
2024-04-15 12:39:13,616 - mainlogger - INFO - Epoch 30  1.775424212217331
2024-04-15 12:39:27,111 - mainlogger - INFO - Epoch 31  1.7238414958119392
2024-04-15 12:39:35,574 - mainlogger - INFO - Dice score: 0.1675
2024-04-15 12:39:35,574 - mainlogger - INFO - Accuracy: 0.9001
2024-04-15 12:39:49,220 - mainlogger - INFO - Epoch 32  1.6030951291322708
2024-04-15 12:40:03,202 - mainlogger - INFO - Epoch 33  1.77387285977602
2024-04-15 12:40:17,107 - mainlogger - INFO - Epoch 34  1.7796318233013153
2024-04-15 12:40:30,605 - mainlogger - INFO - Epoch 35  1.6353160217404366
2024-04-15 12:40:43,836 - mainlogger - INFO - Epoch 36  1.6785391494631767
2024-04-15 12:40:57,841 - mainlogger - INFO - Epoch 37  1.7818814516067505
2024-04-15 12:41:12,504 - mainlogger - INFO - Epoch 38  1.7898532301187515
2024-04-15 12:41:27,350 - mainlogger - INFO - Epoch 39  1.6781352162361145
2024-04-15 12:41:41,210 - mainlogger - INFO - Epoch 40  1.723491944372654
2024-04-15 12:41:54,434 - mainlogger - INFO - Epoch 41  1.607784740626812
2024-04-15 12:42:02,699 - mainlogger - INFO - Dice score: 0.2964
2024-04-15 12:42:02,700 - mainlogger - INFO - Accuracy: 0.899
2024-04-15 12:42:16,029 - mainlogger - INFO - Epoch 42  1.566075138747692
2024-04-15 12:42:29,872 - mainlogger - INFO - Epoch 43  1.6581952571868896
2024-04-15 12:42:43,801 - mainlogger - INFO - Epoch 44  1.7249382212758064
2024-04-15 12:42:57,269 - mainlogger - INFO - Epoch 45  1.749151311814785
2024-04-15 12:43:11,876 - mainlogger - INFO - Epoch 46  1.5225123018026352
2024-04-15 12:43:25,323 - mainlogger - INFO - Epoch 47  1.6081588491797447
2024-04-15 12:43:39,508 - mainlogger - INFO - Epoch 48  1.54875797778368
2024-04-15 12:43:53,517 - mainlogger - INFO - Epoch 49  1.4510738849639893
2024-04-15 12:44:07,426 - mainlogger - INFO - Epoch 50  1.4707185551524162
2024-04-15 12:44:21,284 - mainlogger - INFO - Epoch 51  1.6037869080901146
2024-04-15 12:44:30,031 - mainlogger - INFO - Dice score: 0.4501
2024-04-15 12:44:30,031 - mainlogger - INFO - Accuracy: 0.9032
2024-04-15 12:44:43,817 - mainlogger - INFO - Epoch 52  1.4407569393515587
2024-04-15 12:44:57,361 - mainlogger - INFO - Epoch 53  1.4593085870146751
2024-04-15 12:45:11,018 - mainlogger - INFO - Epoch 54  1.40317802131176
2024-04-15 12:45:25,305 - mainlogger - INFO - Epoch 55  1.5821143612265587
2024-04-15 12:45:38,256 - mainlogger - INFO - Epoch 56  1.555973581969738
2024-04-15 12:45:52,078 - mainlogger - INFO - Epoch 57  1.354517586529255
2024-04-15 12:46:05,306 - mainlogger - INFO - Epoch 58  1.4050496891140938
2024-04-15 12:46:19,086 - mainlogger - INFO - Epoch 59  1.3301624804735184
2024-04-15 12:46:33,663 - mainlogger - INFO - Epoch 60  1.2884435057640076
2024-04-15 12:46:47,041 - mainlogger - INFO - Epoch 61  1.1624848991632462
2024-04-15 12:46:55,902 - mainlogger - INFO - Dice score: 0.5178
2024-04-15 12:46:55,902 - mainlogger - INFO - Accuracy: 0.9217
2024-04-15 12:47:09,777 - mainlogger - INFO - Epoch 62  1.276111252605915
2024-04-15 12:47:23,865 - mainlogger - INFO - Epoch 63  1.2658661529421806
2024-04-15 12:47:38,075 - mainlogger - INFO - Epoch 64  1.2067269459366798
2024-04-15 12:47:51,867 - mainlogger - INFO - Epoch 65  1.4339234232902527
2024-04-15 12:48:03,874 - mainlogger - INFO - Epoch 66  1.2952789291739464
2024-04-15 12:48:17,201 - mainlogger - INFO - Epoch 67  1.328935146331787
2024-04-15 12:48:30,880 - mainlogger - INFO - Epoch 68  1.3952931240200996
2024-04-15 12:48:45,285 - mainlogger - INFO - Epoch 69  1.3407183587551117
2024-04-15 12:48:59,507 - mainlogger - INFO - Epoch 70  1.1566421166062355
2024-04-15 12:49:12,430 - mainlogger - INFO - Epoch 71  1.2859819158911705
2024-04-15 12:49:20,761 - mainlogger - INFO - Dice score: 0.4825
2024-04-15 12:49:20,761 - mainlogger - INFO - Accuracy: 0.9238
2024-04-15 12:49:34,718 - mainlogger - INFO - Epoch 72  1.2201163098216057
2024-04-15 12:49:48,754 - mainlogger - INFO - Epoch 73  1.296403929591179
2024-04-15 12:50:02,497 - mainlogger - INFO - Epoch 74  1.0959396585822105
2024-04-15 12:50:16,393 - mainlogger - INFO - Epoch 75  1.0174279920756817
2024-04-15 12:50:30,106 - mainlogger - INFO - Epoch 76  1.070983201265335
2024-04-15 12:50:44,032 - mainlogger - INFO - Epoch 77  1.1582311503589153
2024-04-15 12:50:57,992 - mainlogger - INFO - Epoch 78  1.2503640055656433
2024-04-15 12:51:11,725 - mainlogger - INFO - Epoch 79  1.157791394740343
2024-04-15 12:51:25,289 - mainlogger - INFO - Epoch 80  1.1687467843294144
2024-04-15 12:51:38,383 - mainlogger - INFO - Epoch 81  1.1084129102528095
2024-04-15 12:51:46,662 - mainlogger - INFO - Dice score: 0.5618
2024-04-15 12:51:46,662 - mainlogger - INFO - Accuracy: 0.9212
2024-04-15 12:52:00,701 - mainlogger - INFO - Epoch 82  1.1229233890771866
2024-04-15 12:52:15,093 - mainlogger - INFO - Epoch 83  1.236956350505352
2024-04-15 12:52:28,691 - mainlogger - INFO - Epoch 84  1.1765551008284092
2024-04-15 12:52:43,117 - mainlogger - INFO - Epoch 85  1.110265377908945
2024-04-15 12:52:57,479 - mainlogger - INFO - Epoch 86  1.0106267184019089
2024-04-15 12:53:11,342 - mainlogger - INFO - Epoch 87  1.1948170065879822
2024-04-15 12:53:25,292 - mainlogger - INFO - Epoch 88  1.1179908588528633
2024-04-15 12:53:38,820 - mainlogger - INFO - Epoch 89  0.9936989285051823
2024-04-15 12:53:53,391 - mainlogger - INFO - Epoch 90  1.0143393576145172
2024-04-15 12:54:07,915 - mainlogger - INFO - Epoch 91  0.9643539413809776
2024-04-15 12:54:17,925 - mainlogger - INFO - Dice score: 0.557
2024-04-15 12:54:17,925 - mainlogger - INFO - Accuracy: 0.9295
2024-04-15 12:54:31,710 - mainlogger - INFO - Epoch 92  0.8801779076457024
2024-04-15 12:54:45,694 - mainlogger - INFO - Epoch 93  0.9667642377316952
2024-04-15 12:54:59,806 - mainlogger - INFO - Epoch 94  0.8744965866208076
2024-04-15 12:55:13,883 - mainlogger - INFO - Epoch 95  0.9763014391064644
2024-04-15 12:55:28,599 - mainlogger - INFO - Epoch 96  0.8350601010024548
2024-04-15 12:55:43,131 - mainlogger - INFO - Epoch 97  0.9734863787889481
2024-04-15 12:55:56,907 - mainlogger - INFO - Epoch 98  0.8491587042808533
2024-04-15 12:56:11,130 - mainlogger - INFO - Epoch 99  0.8165826834738255
2024-04-15 12:56:25,330 - mainlogger - INFO - Epoch 100  0.7986084036529064
2024-04-15 12:56:38,809 - mainlogger - INFO - Epoch 101  0.8982784412801266
2024-04-15 12:56:47,674 - mainlogger - INFO - Dice score: 0.58
2024-04-15 12:56:47,674 - mainlogger - INFO - Accuracy: 0.9272
2024-04-15 12:57:01,534 - mainlogger - INFO - Epoch 102  0.8903140909969807
2024-04-15 12:57:15,051 - mainlogger - INFO - Epoch 103  0.8770259395241737
2024-04-15 12:57:28,966 - mainlogger - INFO - Epoch 104  0.9939597658813
2024-04-15 12:57:42,905 - mainlogger - INFO - Epoch 105  0.8360713385045528
2024-04-15 12:57:56,686 - mainlogger - INFO - Epoch 106  0.8705824352800846
2024-04-15 12:58:11,129 - mainlogger - INFO - Epoch 107  0.8094249814748764
2024-04-15 12:58:25,439 - mainlogger - INFO - Epoch 108  0.8071044124662876
2024-04-15 12:58:39,975 - mainlogger - INFO - Epoch 109  0.7678902447223663
2024-04-15 12:58:53,481 - mainlogger - INFO - Epoch 110  0.7392934150993824
2024-04-15 12:59:07,852 - mainlogger - INFO - Epoch 111  0.9576818086206913
2024-04-15 12:59:16,247 - mainlogger - INFO - Dice score: 0.5326
2024-04-15 12:59:16,247 - mainlogger - INFO - Accuracy: 0.8787
2024-04-15 12:59:30,072 - mainlogger - INFO - Epoch 112  0.916453629732132
2024-04-15 12:59:44,264 - mainlogger - INFO - Epoch 113  0.7648726888000965
2024-04-15 12:59:57,726 - mainlogger - INFO - Epoch 114  0.7405047975480556
2024-04-15 13:00:11,514 - mainlogger - INFO - Epoch 115  0.8236022219061852
2024-04-15 13:00:25,091 - mainlogger - INFO - Epoch 116  0.7798783667385578
2024-04-15 13:00:38,371 - mainlogger - INFO - Epoch 117  0.7305521592497826
2024-04-15 13:00:52,443 - mainlogger - INFO - Epoch 118  0.7791148945689201
2024-04-15 13:01:06,413 - mainlogger - INFO - Epoch 119  0.689655426889658
2024-04-15 13:01:20,773 - mainlogger - INFO - Epoch 120  0.6331822574138641
2024-04-15 13:01:35,014 - mainlogger - INFO - Epoch 121  0.632012814283371
2024-04-15 13:01:43,000 - mainlogger - INFO - Dice score: 0.6427
2024-04-15 13:01:43,000 - mainlogger - INFO - Accuracy: 0.9315
2024-04-15 13:01:56,922 - mainlogger - INFO - Epoch 122  0.7481332570314407
2024-04-15 13:02:10,757 - mainlogger - INFO - Epoch 123  0.7468246147036552
2024-04-15 13:02:24,716 - mainlogger - INFO - Epoch 124  0.8014956880360842
2024-04-15 13:02:38,733 - mainlogger - INFO - Epoch 125  0.6989057902246714
2024-04-15 13:02:53,285 - mainlogger - INFO - Epoch 126  0.8407117314636707
2024-04-15 13:03:08,197 - mainlogger - INFO - Epoch 127  0.6843082308769226
2024-04-15 13:03:21,535 - mainlogger - INFO - Epoch 128  0.5101779215037823
2024-04-15 13:03:34,977 - mainlogger - INFO - Epoch 129  0.5529102236032486
2024-04-15 13:03:50,363 - mainlogger - INFO - Epoch 130  0.5005898475646973
2024-04-15 13:04:04,818 - mainlogger - INFO - Epoch 131  0.5422914735972881
2024-04-15 13:04:13,276 - mainlogger - INFO - Dice score: 0.6446
2024-04-15 13:04:13,276 - mainlogger - INFO - Accuracy: 0.9291
2024-04-15 13:04:27,702 - mainlogger - INFO - Epoch 132  0.4944385550916195
2024-04-15 13:04:41,471 - mainlogger - INFO - Epoch 133  0.5400539264082909
2024-04-15 13:04:55,160 - mainlogger - INFO - Epoch 134  0.567941565066576
2024-04-15 13:05:08,659 - mainlogger - INFO - Epoch 135  0.4963817447423935
2024-04-15 13:05:22,383 - mainlogger - INFO - Epoch 136  0.5790216326713562
2024-04-15 13:05:36,526 - mainlogger - INFO - Epoch 137  0.5593418497592211
2024-04-15 13:05:50,497 - mainlogger - INFO - Epoch 138  0.512718191370368
2024-04-15 13:06:05,009 - mainlogger - INFO - Epoch 139  0.545443476177752
2024-04-15 13:06:18,700 - mainlogger - INFO - Epoch 140  0.621652040630579
2024-04-15 13:06:33,093 - mainlogger - INFO - Epoch 141  0.608551574870944
2024-04-15 13:06:41,986 - mainlogger - INFO - Dice score: 0.6534
2024-04-15 13:06:41,986 - mainlogger - INFO - Accuracy: 0.9412
2024-04-15 13:06:56,329 - mainlogger - INFO - Epoch 142  0.5228775721043348
2024-04-15 13:07:10,285 - mainlogger - INFO - Epoch 143  0.561224278062582
2024-04-15 13:07:24,526 - mainlogger - INFO - Epoch 144  0.5730787925422192
2024-04-15 13:07:37,965 - mainlogger - INFO - Epoch 145  0.5678954049944878
2024-04-15 13:07:51,860 - mainlogger - INFO - Epoch 146  0.5071210823953152
2024-04-15 13:08:05,708 - mainlogger - INFO - Epoch 147  0.5593801587820053
2024-04-15 13:08:19,893 - mainlogger - INFO - Epoch 148  0.5880541857331991
2024-04-15 13:08:33,581 - mainlogger - INFO - Epoch 149  0.7210895530879498
2024-04-15 13:08:47,110 - mainlogger - INFO - Epoch 150  0.5767206959426403
2024-04-15 13:09:00,583 - mainlogger - INFO - Epoch 151  0.4973328486084938
2024-04-15 13:09:10,121 - mainlogger - INFO - Dice score: 0.6842
2024-04-15 13:09:10,122 - mainlogger - INFO - Accuracy: 0.9376
2024-04-15 13:09:23,949 - mainlogger - INFO - Epoch 152  0.5187773667275906
2024-04-15 13:09:37,272 - mainlogger - INFO - Epoch 153  0.4442112762480974
2024-04-15 13:09:50,701 - mainlogger - INFO - Epoch 154  0.44780690036714077
2024-04-15 13:10:04,489 - mainlogger - INFO - Epoch 155  0.43828550539910793
2024-04-15 13:10:18,708 - mainlogger - INFO - Epoch 156  0.6228362359106541
2024-04-15 13:10:31,858 - mainlogger - INFO - Epoch 157  0.6136078834533691
2024-04-15 13:10:45,724 - mainlogger - INFO - Epoch 158  0.4684015978127718
2024-04-15 13:10:59,312 - mainlogger - INFO - Epoch 159  0.43102309480309486
2024-04-15 13:11:12,942 - mainlogger - INFO - Epoch 160  0.3975504022091627
2024-04-15 13:11:27,036 - mainlogger - INFO - Epoch 161  0.406323729082942
2024-04-15 13:11:36,192 - mainlogger - INFO - Dice score: 0.6574
2024-04-15 13:11:36,192 - mainlogger - INFO - Accuracy: 0.9392
2024-04-15 13:11:50,596 - mainlogger - INFO - Epoch 162  0.3416366074234247
2024-04-15 13:12:04,590 - mainlogger - INFO - Epoch 163  0.40135143883526325
2024-04-15 13:12:18,314 - mainlogger - INFO - Epoch 164  0.4299494605511427
2024-04-15 13:12:31,934 - mainlogger - INFO - Epoch 165  0.4490597378462553
2024-04-15 13:12:46,001 - mainlogger - INFO - Epoch 166  0.46749336645007133
2024-04-15 13:13:00,129 - mainlogger - INFO - Epoch 167  0.3982717292383313
2024-04-15 13:13:12,766 - mainlogger - INFO - Epoch 168  0.4215259738266468
2024-04-15 13:13:26,298 - mainlogger - INFO - Epoch 169  0.32758536376059055
2024-04-15 13:13:39,611 - mainlogger - INFO - Epoch 170  0.3494785688817501
2024-04-15 13:13:53,437 - mainlogger - INFO - Epoch 171  0.36631723679602146
2024-04-15 13:14:03,502 - mainlogger - INFO - Dice score: 0.648
2024-04-15 13:14:03,502 - mainlogger - INFO - Accuracy: 0.9307
2024-04-15 13:14:17,191 - mainlogger - INFO - Epoch 172  0.4778977893292904
2024-04-15 13:14:31,841 - mainlogger - INFO - Epoch 173  0.40750075317919254
2024-04-15 13:14:45,680 - mainlogger - INFO - Epoch 174  0.34568015206605196
2024-04-15 13:14:59,675 - mainlogger - INFO - Epoch 175  0.38511047698557377
2024-04-15 13:15:13,546 - mainlogger - INFO - Epoch 176  0.3543606046587229
2024-04-15 13:15:28,148 - mainlogger - INFO - Epoch 177  0.3332854537293315
2024-04-15 13:15:42,551 - mainlogger - INFO - Epoch 178  0.32807635329663754
2024-04-15 13:15:56,349 - mainlogger - INFO - Epoch 179  0.3125607017427683
2024-04-15 13:16:11,049 - mainlogger - INFO - Epoch 180  0.28233361802995205
2024-04-15 13:16:25,003 - mainlogger - INFO - Epoch 181  0.3725273199379444
2024-04-15 13:16:34,346 - mainlogger - INFO - Dice score: 0.6542
2024-04-15 13:16:34,347 - mainlogger - INFO - Accuracy: 0.9359
2024-04-15 13:16:49,378 - mainlogger - INFO - Epoch 182  0.3118962664157152
2024-04-15 13:17:03,567 - mainlogger - INFO - Epoch 183  0.2628959398716688
2024-04-15 13:17:17,858 - mainlogger - INFO - Epoch 184  0.2692421805113554
2024-04-15 13:17:31,569 - mainlogger - INFO - Epoch 185  0.27070809714496136
2024-04-15 13:17:45,468 - mainlogger - INFO - Epoch 186  0.2692149067297578
2024-04-15 13:17:59,495 - mainlogger - INFO - Epoch 187  0.35660383477807045
2024-04-15 13:18:13,552 - mainlogger - INFO - Epoch 188  0.33602917939424515
2024-04-15 13:18:28,310 - mainlogger - INFO - Epoch 189  0.3148896284401417
2024-04-15 13:18:42,015 - mainlogger - INFO - Epoch 190  0.3104039281606674
2024-04-15 13:18:55,724 - mainlogger - INFO - Epoch 191  0.26649866811931133
2024-04-15 13:19:04,518 - mainlogger - INFO - Dice score: 0.6381
2024-04-15 13:19:04,519 - mainlogger - INFO - Accuracy: 0.9383
2024-04-15 13:19:19,150 - mainlogger - INFO - Epoch 192  0.24936327757313848
2024-04-15 13:19:32,789 - mainlogger - INFO - Epoch 193  0.2797427847981453
2024-04-15 13:19:47,481 - mainlogger - INFO - Epoch 194  0.2951057441532612
2024-04-15 13:20:01,665 - mainlogger - INFO - Epoch 195  0.28016930166631937
2024-04-15 13:20:15,383 - mainlogger - INFO - Epoch 196  0.32630418613553047
2024-04-15 13:20:29,153 - mainlogger - INFO - Epoch 197  0.2948017781600356
2024-04-15 13:20:43,882 - mainlogger - INFO - Epoch 198  0.2796150017529726
2024-04-15 13:20:57,641 - mainlogger - INFO - Epoch 199  0.2562257666140795
2024-04-15 13:21:06,564 - mainlogger - INFO - Dice score: 0.6569
2024-04-15 13:21:06,564 - mainlogger - INFO - Accuracy: 0.9332
2024-04-15 13:21:06,565 - mainlogger - INFO - (177, 181)
2024-04-15 13:21:06,565 - mainlogger - INFO - 0.659429584714234
