2024-04-15 12:30:12,777 - mainlogger - INFO - 6609
no ema
2024-04-15 12:30:12,777 - mainlogger - INFO - ./config/eunet_fixmatch.yaml
2024-04-15 12:30:12,777 - mainlogger - INFO - {'batch_size': 8, 'epochs': 200, 'meta': '/home/4T/zcr/dataset/Dataset_BUSI', 'model': {'name': 'net.eunet.EUnet', 'args': {'ch_out': 1}}, 'trainset': {'name': 'datasetBUSI.mask_busi.MaskBUSI', 'args': {'root_dir': '/home/4T/zcr/dataset/Dataset_BUSI', 'image_names_path': 'labeled20.txt', 'mode': 'train'}}, 'trainset_u': {'name': 'datasetBUSI.w_s.WeakStrongBUSI', 'args': {'root_dir': '/home/4T/zcr/dataset/Dataset_BUSI', 'image_names_path': 'unlabeled20.txt', 'mode': 'train'}}, 'testset': {'name': 'datasetBUSI.mask_busi.MaskBUSI', 'args': {'root_dir': '/home/4T/zcr/dataset/Dataset_BUSI', 'image_names_path': 'test.txt', 'mode': 'test'}}, 'criterion': {'name': 'spgutils.focalloss.BinaryFocalLoss', 'args': {'reduction': None}}, 'optimizer': {'name': 'torch.optim.Adam', 'args': {'lr': 0.001}}, 'scheduler': {'name': 'torch.optim.lr_scheduler.StepLR', 'args': {'step_size': 1, 'gamma': 0.999}}}
2024-04-15 12:30:12,778 - mainlogger - INFO - 14.368911743164062
2024-04-15 12:30:29,453 - mainlogger - INFO - Epoch 0  8.228838175535202
2024-04-15 12:30:41,894 - mainlogger - INFO - Epoch 1  2.4200902804732323
2024-04-15 12:30:51,919 - mainlogger - INFO - Dice score: 0.2973
2024-04-15 12:30:51,919 - mainlogger - INFO - Accuracy: 0.8824
2024-04-15 12:31:03,667 - mainlogger - INFO - Epoch 2  1.70066237449646
2024-04-15 12:31:15,296 - mainlogger - INFO - Epoch 3  1.535609282553196
2024-04-15 12:31:26,875 - mainlogger - INFO - Epoch 4  1.826843410730362
2024-04-15 12:31:41,314 - mainlogger - INFO - Epoch 5  2.0077531039714813
2024-04-15 12:31:56,386 - mainlogger - INFO - Epoch 6  1.686338372528553
2024-04-15 12:32:10,274 - mainlogger - INFO - Epoch 7  1.5186264887452126
2024-04-15 12:32:24,554 - mainlogger - INFO - Epoch 8  1.2945460975170135
2024-04-15 12:32:40,165 - mainlogger - INFO - Epoch 9  1.1756254024803638
2024-04-15 12:32:54,810 - mainlogger - INFO - Epoch 10  1.0553118214011192
2024-04-15 12:33:08,991 - mainlogger - INFO - Epoch 11  1.0937545374035835
2024-04-15 12:33:18,612 - mainlogger - INFO - Dice score: 0.547
2024-04-15 12:33:18,613 - mainlogger - INFO - Accuracy: 0.9189
2024-04-15 12:33:33,154 - mainlogger - INFO - Epoch 12  1.0751257538795471
2024-04-15 12:33:47,414 - mainlogger - INFO - Epoch 13  0.9833222292363644
2024-04-15 12:34:01,945 - mainlogger - INFO - Epoch 14  1.1987268924713135
2024-04-15 12:34:17,328 - mainlogger - INFO - Epoch 15  0.9341462031006813
2024-04-15 12:34:32,503 - mainlogger - INFO - Epoch 16  1.1369902864098549
2024-04-15 12:34:47,081 - mainlogger - INFO - Epoch 17  0.96371815726161
2024-04-15 12:35:02,064 - mainlogger - INFO - Epoch 18  0.8961163312196732
2024-04-15 12:35:16,676 - mainlogger - INFO - Epoch 19  0.7616260387003422
2024-04-15 12:35:30,592 - mainlogger - INFO - Epoch 20  0.8805860728025436
2024-04-15 12:35:44,584 - mainlogger - INFO - Epoch 21  0.7689278721809387
2024-04-15 12:35:53,347 - mainlogger - INFO - Dice score: 0.5362
2024-04-15 12:35:53,348 - mainlogger - INFO - Accuracy: 0.9248
2024-04-15 12:36:08,755 - mainlogger - INFO - Epoch 22  0.8599681407213211
2024-04-15 12:36:23,065 - mainlogger - INFO - Epoch 23  0.8280507102608681
2024-04-15 12:36:37,676 - mainlogger - INFO - Epoch 24  0.8210612870752811
2024-04-15 12:36:51,849 - mainlogger - INFO - Epoch 25  0.6903851591050625
2024-04-15 12:37:06,586 - mainlogger - INFO - Epoch 26  0.710121363401413
2024-04-15 12:37:21,040 - mainlogger - INFO - Epoch 27  0.7120223008096218
2024-04-15 12:37:35,196 - mainlogger - INFO - Epoch 28  0.7082975953817368
2024-04-15 12:37:49,352 - mainlogger - INFO - Epoch 29  0.7943063303828239
2024-04-15 12:38:04,155 - mainlogger - INFO - Epoch 30  0.6053865738213062
2024-04-15 12:38:18,151 - mainlogger - INFO - Epoch 31  0.6377084665000439
2024-04-15 12:38:28,165 - mainlogger - INFO - Dice score: 0.6089
2024-04-15 12:38:28,165 - mainlogger - INFO - Accuracy: 0.9317
2024-04-15 12:38:42,532 - mainlogger - INFO - Epoch 32  0.5682479739189148
2024-04-15 12:38:56,687 - mainlogger - INFO - Epoch 33  0.7311343178153038
2024-04-15 12:39:10,993 - mainlogger - INFO - Epoch 34  0.7587679140269756
2024-04-15 12:39:24,791 - mainlogger - INFO - Epoch 35  0.7376404106616974
2024-04-15 12:39:39,620 - mainlogger - INFO - Epoch 36  0.7167491782456636
2024-04-15 12:39:53,686 - mainlogger - INFO - Epoch 37  0.6360904164612293
2024-04-15 12:40:07,732 - mainlogger - INFO - Epoch 38  0.6276400201022625
2024-04-15 12:40:22,059 - mainlogger - INFO - Epoch 39  0.668177418410778
2024-04-15 12:40:37,006 - mainlogger - INFO - Epoch 40  0.6964266449213028
2024-04-15 12:40:51,883 - mainlogger - INFO - Epoch 41  0.6427628546953201
2024-04-15 12:41:00,402 - mainlogger - INFO - Dice score: 0.6124
2024-04-15 12:41:00,403 - mainlogger - INFO - Accuracy: 0.9376
2024-04-15 12:41:15,384 - mainlogger - INFO - Epoch 42  0.5129400547593832
2024-04-15 12:41:30,477 - mainlogger - INFO - Epoch 43  0.6702867187559605
2024-04-15 12:41:44,698 - mainlogger - INFO - Epoch 44  0.6290230564773083
2024-04-15 12:41:59,011 - mainlogger - INFO - Epoch 45  0.5986563973128796
2024-04-15 12:42:12,416 - mainlogger - INFO - Epoch 46  0.527607124298811
2024-04-15 12:42:26,897 - mainlogger - INFO - Epoch 47  0.5030030198395252
2024-04-15 12:42:40,687 - mainlogger - INFO - Epoch 48  0.47383972257375717
2024-04-15 12:42:54,965 - mainlogger - INFO - Epoch 49  0.4310414418578148
2024-04-15 12:43:08,728 - mainlogger - INFO - Epoch 50  0.5304761305451393
2024-04-15 12:43:22,984 - mainlogger - INFO - Epoch 51  0.5533071123063564
2024-04-15 12:43:32,717 - mainlogger - INFO - Dice score: 0.6463
2024-04-15 12:43:32,725 - mainlogger - INFO - Accuracy: 0.9334
2024-04-15 12:43:47,286 - mainlogger - INFO - Epoch 52  0.5261137150228024
2024-04-15 12:44:00,847 - mainlogger - INFO - Epoch 53  0.42590676061809063
2024-04-15 12:44:15,485 - mainlogger - INFO - Epoch 54  0.47617009468376637
2024-04-15 12:44:30,441 - mainlogger - INFO - Epoch 55  0.5954292099922895
2024-04-15 12:44:44,691 - mainlogger - INFO - Epoch 56  0.7483324371278286
2024-04-15 12:44:59,590 - mainlogger - INFO - Epoch 57  0.6152262799441814
2024-04-15 12:45:13,847 - mainlogger - INFO - Epoch 58  0.7982208840548992
2024-04-15 12:45:28,193 - mainlogger - INFO - Epoch 59  0.6569231040775776
2024-04-15 12:45:42,397 - mainlogger - INFO - Epoch 60  0.44919491931796074
2024-04-15 12:45:56,955 - mainlogger - INFO - Epoch 61  0.4322989284992218
2024-04-15 12:46:05,949 - mainlogger - INFO - Dice score: 0.6055
2024-04-15 12:46:05,949 - mainlogger - INFO - Accuracy: 0.9336
2024-04-15 12:46:20,852 - mainlogger - INFO - Epoch 62  0.4839480873197317
2024-04-15 12:46:35,474 - mainlogger - INFO - Epoch 63  0.5495887231081724
2024-04-15 12:46:50,677 - mainlogger - INFO - Epoch 64  0.45998689718544483
2024-04-15 12:47:04,965 - mainlogger - INFO - Epoch 65  0.45822748355567455
2024-04-15 12:47:18,937 - mainlogger - INFO - Epoch 66  0.42834951914846897
2024-04-15 12:47:33,191 - mainlogger - INFO - Epoch 67  0.4507095739245415
2024-04-15 12:47:47,996 - mainlogger - INFO - Epoch 68  0.3768211556598544
2024-04-15 12:48:02,604 - mainlogger - INFO - Epoch 69  0.43334622867405415
2024-04-15 12:48:18,279 - mainlogger - INFO - Epoch 70  0.40188541635870934
2024-04-15 12:48:32,849 - mainlogger - INFO - Epoch 71  0.4900450147688389
2024-04-15 12:48:42,644 - mainlogger - INFO - Dice score: 0.6126
2024-04-15 12:48:42,644 - mainlogger - INFO - Accuracy: 0.9295
2024-04-15 12:48:57,185 - mainlogger - INFO - Epoch 72  0.4475320465862751
2024-04-15 12:49:11,962 - mainlogger - INFO - Epoch 73  0.47812793031334877
2024-04-15 12:49:26,957 - mainlogger - INFO - Epoch 74  0.40347275510430336
2024-04-15 12:49:40,870 - mainlogger - INFO - Epoch 75  0.3213170478120446
2024-04-15 12:49:54,967 - mainlogger - INFO - Epoch 76  0.3081844635307789
2024-04-15 12:50:08,760 - mainlogger - INFO - Epoch 77  0.34931361488997936
2024-04-15 12:50:23,689 - mainlogger - INFO - Epoch 78  0.65456279553473
2024-04-15 12:50:37,767 - mainlogger - INFO - Epoch 79  0.6307960618287325
2024-04-15 12:50:51,640 - mainlogger - INFO - Epoch 80  0.4780567307025194
2024-04-15 12:51:06,562 - mainlogger - INFO - Epoch 81  0.4794562980532646
2024-04-15 12:51:15,204 - mainlogger - INFO - Dice score: 0.6439
2024-04-15 12:51:15,205 - mainlogger - INFO - Accuracy: 0.9258
2024-04-15 12:51:29,746 - mainlogger - INFO - Epoch 82  0.4847782514989376
2024-04-15 12:51:44,540 - mainlogger - INFO - Epoch 83  0.3890284216031432
2024-04-15 12:51:58,810 - mainlogger - INFO - Epoch 84  0.4879826419055462
2024-04-15 12:52:12,698 - mainlogger - INFO - Epoch 85  0.38222725689411163
2024-04-15 12:52:26,729 - mainlogger - INFO - Epoch 86  0.30271833576261997
2024-04-15 12:52:41,472 - mainlogger - INFO - Epoch 87  0.34453252889215946
2024-04-15 12:52:56,257 - mainlogger - INFO - Epoch 88  0.3689906634390354
2024-04-15 12:53:10,761 - mainlogger - INFO - Epoch 89  0.3454781770706177
2024-04-15 12:53:25,232 - mainlogger - INFO - Epoch 90  0.43198851123452187
2024-04-15 12:53:39,976 - mainlogger - INFO - Epoch 91  0.3355699609965086
2024-04-15 12:53:49,062 - mainlogger - INFO - Dice score: 0.6462
2024-04-15 12:53:49,062 - mainlogger - INFO - Accuracy: 0.9289
2024-04-15 12:54:03,538 - mainlogger - INFO - Epoch 92  0.367794718593359
2024-04-15 12:54:17,379 - mainlogger - INFO - Epoch 93  0.31571620143949986
2024-04-15 12:54:31,991 - mainlogger - INFO - Epoch 94  0.3012404665350914
2024-04-15 12:54:45,827 - mainlogger - INFO - Epoch 95  0.29752461798489094
2024-04-15 12:55:00,153 - mainlogger - INFO - Epoch 96  0.33401089534163475
2024-04-15 12:55:14,842 - mainlogger - INFO - Epoch 97  0.3457580544054508
2024-04-15 12:55:29,446 - mainlogger - INFO - Epoch 98  0.29575292207300663
2024-04-15 12:55:43,573 - mainlogger - INFO - Epoch 99  0.3372736629098654
2024-04-15 12:55:57,642 - mainlogger - INFO - Epoch 100  0.30800802633166313
2024-04-15 12:56:11,949 - mainlogger - INFO - Epoch 101  0.318294957280159
2024-04-15 12:56:21,182 - mainlogger - INFO - Dice score: 0.6507
2024-04-15 12:56:21,182 - mainlogger - INFO - Accuracy: 0.939
2024-04-15 12:56:36,050 - mainlogger - INFO - Epoch 102  0.2704715467989445
2024-04-15 12:56:51,301 - mainlogger - INFO - Epoch 103  0.30447049252688885
2024-04-15 12:57:05,288 - mainlogger - INFO - Epoch 104  0.38900349475443363
2024-04-15 12:57:19,785 - mainlogger - INFO - Epoch 105  0.30351316649466753
2024-04-15 12:57:34,368 - mainlogger - INFO - Epoch 106  0.305278779938817
2024-04-15 12:57:48,567 - mainlogger - INFO - Epoch 107  0.3336709477007389
2024-04-15 12:58:02,792 - mainlogger - INFO - Epoch 108  0.49081651866436005
2024-04-15 12:58:16,424 - mainlogger - INFO - Epoch 109  0.4258702900260687
2024-04-15 12:58:30,351 - mainlogger - INFO - Epoch 110  0.39038643427193165
2024-04-15 12:58:44,987 - mainlogger - INFO - Epoch 111  0.33700889721512794
2024-04-15 12:58:53,635 - mainlogger - INFO - Dice score: 0.5943
2024-04-15 12:58:53,635 - mainlogger - INFO - Accuracy: 0.9262
2024-04-15 12:59:07,584 - mainlogger - INFO - Epoch 112  0.3303718725219369
2024-04-15 12:59:22,249 - mainlogger - INFO - Epoch 113  0.29714897461235523
2024-04-15 12:59:36,753 - mainlogger - INFO - Epoch 114  0.30388410948216915
2024-04-15 12:59:51,030 - mainlogger - INFO - Epoch 115  0.29673187993466854
2024-04-15 13:00:04,996 - mainlogger - INFO - Epoch 116  0.23742233403027058
2024-04-15 13:00:19,194 - mainlogger - INFO - Epoch 117  0.26022845413535833
2024-04-15 13:00:33,688 - mainlogger - INFO - Epoch 118  0.28502229414880276
2024-04-15 13:00:47,897 - mainlogger - INFO - Epoch 119  0.2664202842861414
2024-04-15 13:01:02,861 - mainlogger - INFO - Epoch 120  0.2532821372151375
2024-04-15 13:01:16,678 - mainlogger - INFO - Epoch 121  0.29104116931557655
2024-04-15 13:01:25,922 - mainlogger - INFO - Dice score: 0.6266
2024-04-15 13:01:25,922 - mainlogger - INFO - Accuracy: 0.9329
2024-04-15 13:01:39,977 - mainlogger - INFO - Epoch 122  0.3066258765757084
2024-04-15 13:01:54,915 - mainlogger - INFO - Epoch 123  0.28706762194633484
2024-04-15 13:02:09,476 - mainlogger - INFO - Epoch 124  0.26997604593634605
2024-04-15 13:02:24,464 - mainlogger - INFO - Epoch 125  0.25447150226682425
2024-04-15 13:02:39,298 - mainlogger - INFO - Epoch 126  0.22108584269881248
2024-04-15 13:02:53,630 - mainlogger - INFO - Epoch 127  0.2460175072774291
2024-04-15 13:03:07,797 - mainlogger - INFO - Epoch 128  0.23120290227234364
2024-04-15 13:03:21,675 - mainlogger - INFO - Epoch 129  0.23686844110488892
2024-04-15 13:03:36,224 - mainlogger - INFO - Epoch 130  0.2532149013131857
2024-04-15 13:03:50,436 - mainlogger - INFO - Epoch 131  0.22835190407931805
2024-04-15 13:04:00,060 - mainlogger - INFO - Dice score: 0.665
2024-04-15 13:04:00,060 - mainlogger - INFO - Accuracy: 0.9375
2024-04-15 13:04:14,520 - mainlogger - INFO - Epoch 132  0.288398003205657
2024-04-15 13:04:29,414 - mainlogger - INFO - Epoch 133  0.30078478157520294
2024-04-15 13:04:43,432 - mainlogger - INFO - Epoch 134  0.343410138040781
2024-04-15 13:04:57,263 - mainlogger - INFO - Epoch 135  0.3052509892731905
2024-04-15 13:05:11,080 - mainlogger - INFO - Epoch 136  0.28104283660650253
2024-04-15 13:05:24,900 - mainlogger - INFO - Epoch 137  0.2371606081724167
2024-04-15 13:05:39,479 - mainlogger - INFO - Epoch 138  0.3180398466065526
2024-04-15 13:05:53,704 - mainlogger - INFO - Epoch 139  0.5739707918837667
2024-04-15 13:06:06,948 - mainlogger - INFO - Epoch 140  0.5353529304265976
2024-04-15 13:06:21,713 - mainlogger - INFO - Epoch 141  0.5315087419003248
2024-04-15 13:06:30,239 - mainlogger - INFO - Dice score: 0.5774
2024-04-15 13:06:30,239 - mainlogger - INFO - Accuracy: 0.9127
2024-04-15 13:06:44,170 - mainlogger - INFO - Epoch 142  0.4935162290930748
2024-04-15 13:06:58,114 - mainlogger - INFO - Epoch 143  0.5133774615824223
2024-04-15 13:07:13,046 - mainlogger - INFO - Epoch 144  0.4287332855165005
2024-04-15 13:07:26,900 - mainlogger - INFO - Epoch 145  0.39095293171703815
2024-04-15 13:07:40,962 - mainlogger - INFO - Epoch 146  0.4862635675817728
2024-04-15 13:07:55,004 - mainlogger - INFO - Epoch 147  0.35322732105851173
2024-04-15 13:08:09,388 - mainlogger - INFO - Epoch 148  0.34575076028704643
2024-04-15 13:08:23,485 - mainlogger - INFO - Epoch 149  0.33646414801478386
2024-04-15 13:08:37,863 - mainlogger - INFO - Epoch 150  0.3022753391414881
2024-04-15 13:08:52,272 - mainlogger - INFO - Epoch 151  0.3249608054757118
2024-04-15 13:09:01,312 - mainlogger - INFO - Dice score: 0.6072
2024-04-15 13:09:01,312 - mainlogger - INFO - Accuracy: 0.9298
2024-04-15 13:09:16,083 - mainlogger - INFO - Epoch 152  0.2906527779996395
2024-04-15 13:09:30,113 - mainlogger - INFO - Epoch 153  0.32934014219790697
2024-04-15 13:09:43,677 - mainlogger - INFO - Epoch 154  0.2759978026151657
2024-04-15 13:09:57,954 - mainlogger - INFO - Epoch 155  0.2534706452861428
2024-04-15 13:10:12,127 - mainlogger - INFO - Epoch 156  0.2779616694897413
2024-04-15 13:10:25,829 - mainlogger - INFO - Epoch 157  0.28779792692512274
2024-04-15 13:10:40,048 - mainlogger - INFO - Epoch 158  0.2970775570720434
2024-04-15 13:10:54,681 - mainlogger - INFO - Epoch 159  0.25407934561371803
2024-04-15 13:11:09,401 - mainlogger - INFO - Epoch 160  0.2730533052235842
2024-04-15 13:11:23,740 - mainlogger - INFO - Epoch 161  0.29069704934954643
2024-04-15 13:11:33,848 - mainlogger - INFO - Dice score: 0.6335
2024-04-15 13:11:33,848 - mainlogger - INFO - Accuracy: 0.937
2024-04-15 13:11:48,383 - mainlogger - INFO - Epoch 162  0.24461454804986715
2024-04-15 13:12:02,722 - mainlogger - INFO - Epoch 163  0.2781536616384983
2024-04-15 13:12:16,728 - mainlogger - INFO - Epoch 164  0.23936922941356897
2024-04-15 13:12:30,552 - mainlogger - INFO - Epoch 165  0.2709695342928171
2024-04-15 13:12:44,394 - mainlogger - INFO - Epoch 166  0.2851156108081341
2024-04-15 13:12:58,830 - mainlogger - INFO - Epoch 167  0.25045148096978664
2024-04-15 13:13:14,107 - mainlogger - INFO - Epoch 168  0.2549400571733713
2024-04-15 13:13:29,118 - mainlogger - INFO - Epoch 169  0.2341026347130537
2024-04-15 13:13:43,208 - mainlogger - INFO - Epoch 170  0.24785232357680798
2024-04-15 13:13:57,457 - mainlogger - INFO - Epoch 171  0.2570605240762234
2024-04-15 13:14:06,221 - mainlogger - INFO - Dice score: 0.6325
2024-04-15 13:14:06,221 - mainlogger - INFO - Accuracy: 0.9335
2024-04-15 13:14:20,594 - mainlogger - INFO - Epoch 172  0.2312821988016367
2024-04-15 13:14:34,929 - mainlogger - INFO - Epoch 173  0.24003040045499802
2024-04-15 13:14:49,673 - mainlogger - INFO - Epoch 174  0.21823172643780708
2024-04-15 13:15:03,904 - mainlogger - INFO - Epoch 175  0.21118209697306156
2024-04-15 13:15:17,759 - mainlogger - INFO - Epoch 176  0.21168267540633678
2024-04-15 13:15:31,560 - mainlogger - INFO - Epoch 177  0.23989902064204216
2024-04-15 13:15:45,759 - mainlogger - INFO - Epoch 178  0.28328730072826147
2024-04-15 13:16:00,867 - mainlogger - INFO - Epoch 179  0.26319265086203814
2024-04-15 13:16:15,006 - mainlogger - INFO - Epoch 180  0.26317415945231915
2024-04-15 13:16:29,505 - mainlogger - INFO - Epoch 181  0.24110282771289349
2024-04-15 13:16:39,058 - mainlogger - INFO - Dice score: 0.6622
2024-04-15 13:16:39,058 - mainlogger - INFO - Accuracy: 0.9351
2024-04-15 13:16:53,555 - mainlogger - INFO - Epoch 182  0.25220679119229317
2024-04-15 13:17:09,293 - mainlogger - INFO - Epoch 183  0.23415082972496748
2024-04-15 13:17:22,926 - mainlogger - INFO - Epoch 184  0.21039443835616112
2024-04-15 13:17:36,989 - mainlogger - INFO - Epoch 185  0.23871096037328243
2024-04-15 13:17:50,967 - mainlogger - INFO - Epoch 186  0.2085706079378724
2024-04-15 13:18:05,286 - mainlogger - INFO - Epoch 187  0.2836761139333248
2024-04-15 13:18:19,335 - mainlogger - INFO - Epoch 188  0.20431335270404816
2024-04-15 13:18:33,836 - mainlogger - INFO - Epoch 189  0.22010555863380432
2024-04-15 13:18:48,031 - mainlogger - INFO - Epoch 190  0.2350501725450158
2024-04-15 13:19:02,602 - mainlogger - INFO - Epoch 191  0.1940978467464447
2024-04-15 13:19:12,386 - mainlogger - INFO - Dice score: 0.6478
2024-04-15 13:19:12,386 - mainlogger - INFO - Accuracy: 0.9357
2024-04-15 13:19:26,913 - mainlogger - INFO - Epoch 192  0.21148328576236963
2024-04-15 13:19:40,795 - mainlogger - INFO - Epoch 193  0.19627547077834606
2024-04-15 13:19:54,515 - mainlogger - INFO - Epoch 194  0.21170989237725735
2024-04-15 13:20:08,629 - mainlogger - INFO - Epoch 195  0.22408457845449448
2024-04-15 13:20:22,889 - mainlogger - INFO - Epoch 196  0.2045248318463564
2024-04-15 13:20:36,582 - mainlogger - INFO - Epoch 197  0.23140409123152494
2024-04-15 13:20:50,409 - mainlogger - INFO - Epoch 198  0.22372665535658598
2024-04-15 13:21:04,671 - mainlogger - INFO - Epoch 199  0.21531724371016026
2024-04-15 13:21:12,237 - mainlogger - INFO - Dice score: 0.6627
2024-04-15 13:21:12,237 - mainlogger - INFO - Accuracy: 0.9401
2024-04-15 13:21:12,237 - mainlogger - INFO - (195, 199)
2024-04-15 13:21:12,237 - mainlogger - INFO - 0.647719308143343
