2024-05-07 23:30:18,246 - mainlogger - INFO - 27939
2024-05-07 23:30:18,246 - mainlogger - INFO - <class '__main__.UniversegPipeline'>
2024-05-07 23:30:18,246 - mainlogger - INFO - config/universeg6.yaml
2024-05-07 23:30:18,246 - mainlogger - INFO - {'batch_size': 4, 'epochs': 100, 'k': 2, 'root_dir': '/home/4T/zcr/dataset/Dataset_BUSI', 'model': {'name': 'universeg.universeg.UniverSeg', 'args': {'encoder_blocks': [64, 128, 256, 512]}}, 'trainset': {'name': 'datasetBUSI.mask_busi.MaskBUSI', 'args': {'root_dir': '/home/4T/zcr/dataset/Dataset_BUSI', 'image_names_path': 'test.txt', 'mode': 'train'}}, 'testset': {'name': 'datasetBUSI.mask_busi.MaskBUSI', 'args': {'root_dir': '/home/4T/zcr/dataset/Dataset_BUSI', 'image_names_path': 'test.txt', 'mode': 'test'}}, 'criterion': {'name': 'spgutils.focalloss.BinaryFocalLoss', 'args': {'gamma': 1}}, 'optimizer': {'name': 'torch.optim.Adam', 'args': {'lr': 0.00015}}, 'scheduler': {'name': 'torch.optim.lr_scheduler.StepLR', 'args': {'step_size': 1, 'gamma': 0.99}}}
2024-05-07 23:30:18,247 - mainlogger - INFO - 14.862839698791504
2024-05-07 23:30:55,917 - mainlogger - INFO - Epoch 0  7.617666058242321
2024-05-07 23:31:22,283 - mainlogger - INFO - Epoch 1  6.69921387732029
2024-05-07 23:31:58,292 - mainlogger - INFO - Dice score: 3.822e-16
2024-05-07 23:31:58,292 - mainlogger - INFO - Accuracy: 0.8997
2024-05-07 23:32:29,740 - mainlogger - INFO - Epoch 2  6.182911865413189
2024-05-07 23:32:58,911 - mainlogger - INFO - Epoch 3  6.0799857676029205
2024-05-07 23:33:27,839 - mainlogger - INFO - Epoch 4  5.749976545572281
2024-05-07 23:34:01,694 - mainlogger - INFO - Epoch 5  5.985913850367069
2024-05-07 23:34:30,720 - mainlogger - INFO - Epoch 6  5.949184566736221
2024-05-07 23:34:58,774 - mainlogger - INFO - Epoch 7  6.047658681869507
2024-05-07 23:35:32,232 - mainlogger - INFO - Epoch 8  6.146558918058872
2024-05-07 23:36:04,415 - mainlogger - INFO - Epoch 9  5.886165469884872
2024-05-07 23:36:33,025 - mainlogger - INFO - Epoch 10  5.8259062841534615
2024-05-07 23:37:02,987 - mainlogger - INFO - Epoch 11  5.716232448816299
2024-05-07 23:37:39,121 - mainlogger - INFO - Dice score: 0.1095
2024-05-07 23:37:39,121 - mainlogger - INFO - Accuracy: 0.9016
2024-05-07 23:38:10,373 - mainlogger - INFO - Epoch 12  5.772495754063129
2024-05-07 23:38:38,178 - mainlogger - INFO - Epoch 13  5.411189153790474
2024-05-07 23:39:10,826 - mainlogger - INFO - Epoch 14  5.506997831165791
2024-05-07 23:39:43,961 - mainlogger - INFO - Epoch 15  5.658682208508253
2024-05-07 23:40:11,672 - mainlogger - INFO - Epoch 16  5.382936857640743
2024-05-07 23:40:41,251 - mainlogger - INFO - Epoch 17  5.2091644406318665
2024-05-07 23:41:16,338 - mainlogger - INFO - Epoch 18  5.268103197216988
2024-05-07 23:41:47,588 - mainlogger - INFO - Epoch 19  5.433204934000969
2024-05-07 23:42:14,288 - mainlogger - INFO - Epoch 20  5.179108448326588
2024-05-07 23:42:47,321 - mainlogger - INFO - Epoch 21  5.3598039373755455
2024-05-07 23:43:23,493 - mainlogger - INFO - Dice score: 0.4455
2024-05-07 23:43:23,493 - mainlogger - INFO - Accuracy: 0.9162
2024-05-07 23:43:52,704 - mainlogger - INFO - Epoch 22  5.830246709287167
2024-05-07 23:44:20,785 - mainlogger - INFO - Epoch 23  5.433043301105499
2024-05-07 23:44:56,053 - mainlogger - INFO - Epoch 24  5.156330995261669
2024-05-07 23:45:28,216 - mainlogger - INFO - Epoch 25  5.164507515728474
2024-05-07 23:45:56,190 - mainlogger - INFO - Epoch 26  5.020528897643089
2024-05-07 23:46:28,008 - mainlogger - INFO - Epoch 27  4.755808122456074
2024-05-07 23:47:02,108 - mainlogger - INFO - Epoch 28  4.571237251162529
2024-05-07 23:47:29,790 - mainlogger - INFO - Epoch 29  4.527844458818436
2024-05-07 23:47:59,192 - mainlogger - INFO - Epoch 30  4.440368942916393
2024-05-07 23:48:35,471 - mainlogger - INFO - Epoch 31  4.700286403298378
2024-05-07 23:49:07,177 - mainlogger - INFO - Dice score: 0.5364
2024-05-07 23:49:07,177 - mainlogger - INFO - Accuracy: 0.9253
2024-05-07 23:49:34,455 - mainlogger - INFO - Epoch 32  4.865766018629074
2024-05-07 23:50:06,810 - mainlogger - INFO - Epoch 33  4.689786888659
2024-05-07 23:50:41,921 - mainlogger - INFO - Epoch 34  4.828008707612753
2024-05-07 23:51:11,431 - mainlogger - INFO - Epoch 35  4.845054052770138
2024-05-07 23:51:38,173 - mainlogger - INFO - Epoch 36  4.714487656950951
2024-05-07 23:52:13,495 - mainlogger - INFO - Epoch 37  4.686730798333883
2024-05-07 23:52:45,847 - mainlogger - INFO - Epoch 38  4.54042125493288
2024-05-07 23:53:15,167 - mainlogger - INFO - Epoch 39  4.531547401100397
2024-05-07 23:53:45,618 - mainlogger - INFO - Epoch 40  4.559893749654293
2024-05-07 23:54:20,428 - mainlogger - INFO - Epoch 41  4.674586575478315
2024-05-07 23:54:51,145 - mainlogger - INFO - Dice score: 0.526
2024-05-07 23:54:51,145 - mainlogger - INFO - Accuracy: 0.931
2024-05-07 23:55:22,129 - mainlogger - INFO - Epoch 42  4.727903254330158
2024-05-07 23:55:54,967 - mainlogger - INFO - Epoch 43  4.895552089437842
2024-05-07 23:56:28,263 - mainlogger - INFO - Epoch 44  4.482207044959068
2024-05-07 23:56:56,299 - mainlogger - INFO - Epoch 45  4.317568093538284
2024-05-07 23:57:25,618 - mainlogger - INFO - Epoch 46  4.333253640681505
2024-05-07 23:58:02,646 - mainlogger - INFO - Epoch 47  4.08728089556098
2024-05-07 23:58:34,028 - mainlogger - INFO - Epoch 48  4.111407045274973
2024-05-07 23:59:02,033 - mainlogger - INFO - Epoch 49  4.3342953734099865
2024-05-07 23:59:34,267 - mainlogger - INFO - Epoch 50  4.192863490432501
2024-05-08 00:00:08,595 - mainlogger - INFO - Epoch 51  4.234582342207432
2024-05-08 00:00:39,704 - mainlogger - INFO - Dice score: 0.6306
2024-05-08 00:00:39,704 - mainlogger - INFO - Accuracy: 0.9265
2024-05-08 00:01:08,532 - mainlogger - INFO - Epoch 52  4.096075817942619
2024-05-08 00:01:43,721 - mainlogger - INFO - Epoch 53  3.8190957903862
2024-05-08 00:02:17,362 - mainlogger - INFO - Epoch 54  4.144027374684811
2024-05-08 00:02:44,870 - mainlogger - INFO - Epoch 55  4.28348945826292
2024-05-08 00:03:13,696 - mainlogger - INFO - Epoch 56  3.9914296865463257
2024-05-08 00:03:48,022 - mainlogger - INFO - Epoch 57  3.93169716745615
2024-05-08 00:04:18,299 - mainlogger - INFO - Epoch 58  3.940196357667446
2024-05-08 00:04:47,088 - mainlogger - INFO - Epoch 59  3.6262731458991766
2024-05-08 00:05:20,920 - mainlogger - INFO - Epoch 60  3.733381675556302
2024-05-08 00:05:55,283 - mainlogger - INFO - Epoch 61  3.7679839842021465
2024-05-08 00:06:24,969 - mainlogger - INFO - Dice score: 0.652
2024-05-08 00:06:24,970 - mainlogger - INFO - Accuracy: 0.9434
2024-05-08 00:06:52,653 - mainlogger - INFO - Epoch 62  3.780865166336298
2024-05-08 00:07:27,105 - mainlogger - INFO - Epoch 63  3.533491399139166
2024-05-08 00:07:58,915 - mainlogger - INFO - Epoch 64  3.458647608757019
2024-05-08 00:08:26,396 - mainlogger - INFO - Epoch 65  3.3439024090766907
2024-05-08 00:08:54,549 - mainlogger - INFO - Epoch 66  3.689500503242016
2024-05-08 00:09:13,794 - mainlogger - INFO - Epoch 67  3.487866047769785
2024-05-08 00:09:42,339 - mainlogger - INFO - Epoch 68  3.7558672949671745
2024-05-08 00:10:15,992 - mainlogger - INFO - Epoch 69  3.2530157528817654
2024-05-08 00:10:46,249 - mainlogger - INFO - Epoch 70  3.2085144333541393
2024-05-08 00:11:12,299 - mainlogger - INFO - Epoch 71  3.3187725096940994
2024-05-08 00:11:45,402 - mainlogger - INFO - Dice score: 0.742
2024-05-08 00:11:45,402 - mainlogger - INFO - Accuracy: 0.9494
2024-05-08 00:12:16,704 - mainlogger - INFO - Epoch 72  3.215569045394659
2024-05-08 00:12:42,872 - mainlogger - INFO - Epoch 73  3.206608682870865
2024-05-08 00:13:13,883 - mainlogger - INFO - Epoch 74  3.0819034315645695
2024-05-08 00:13:47,650 - mainlogger - INFO - Epoch 75  3.240240817889571
2024-05-08 00:14:16,823 - mainlogger - INFO - Epoch 76  3.1094120535999537
2024-05-08 00:14:44,383 - mainlogger - INFO - Epoch 77  2.923285748809576
2024-05-08 00:15:17,486 - mainlogger - INFO - Epoch 78  3.060801599174738
2024-05-08 00:15:44,163 - mainlogger - INFO - Epoch 79  3.054710252210498
2024-05-08 00:16:10,657 - mainlogger - INFO - Epoch 80  2.7894474547356367
2024-05-08 00:16:44,039 - mainlogger - INFO - Epoch 81  2.9740299060940742
2024-05-08 00:17:14,865 - mainlogger - INFO - Dice score: 0.7392
2024-05-08 00:17:14,866 - mainlogger - INFO - Accuracy: 0.9436
2024-05-08 00:17:42,314 - mainlogger - INFO - Epoch 82  2.8562204092741013
2024-05-08 00:18:16,036 - mainlogger - INFO - Epoch 83  2.91727258451283
2024-05-08 00:18:47,376 - mainlogger - INFO - Epoch 84  2.6231182757765055
2024-05-08 00:19:15,297 - mainlogger - INFO - Epoch 85  2.69754696264863
2024-05-08 00:19:46,149 - mainlogger - INFO - Epoch 86  2.499897252768278
2024-05-08 00:20:20,233 - mainlogger - INFO - Epoch 87  2.4793020840734243
2024-05-08 00:20:47,343 - mainlogger - INFO - Epoch 88  2.6212488505989313
2024-05-08 00:21:17,014 - mainlogger - INFO - Epoch 89  2.5235875379294157
2024-05-08 00:21:52,400 - mainlogger - INFO - Epoch 90  2.300450149923563
2024-05-08 00:22:23,253 - mainlogger - INFO - Epoch 91  2.494374806061387
2024-05-08 00:22:52,412 - mainlogger - INFO - Dice score: 0.7953
2024-05-08 00:22:52,412 - mainlogger - INFO - Accuracy: 0.9623
2024-05-08 00:23:23,564 - mainlogger - INFO - Epoch 92  2.436952393501997
2024-05-08 00:23:58,007 - mainlogger - INFO - Epoch 93  2.5142092909663916
2024-05-08 00:24:25,912 - mainlogger - INFO - Epoch 94  2.2779610455036163
2024-05-08 00:24:54,312 - mainlogger - INFO - Epoch 95  2.1566800121217966
2024-05-08 00:25:29,247 - mainlogger - INFO - Epoch 96  2.109903873875737
2024-05-08 00:26:00,910 - mainlogger - INFO - Epoch 97  2.019809102639556
2024-05-08 00:26:28,486 - mainlogger - INFO - Epoch 98  2.1862182319164276
2024-05-08 00:27:00,845 - mainlogger - INFO - Epoch 99  1.9677685927599669
2024-05-08 00:27:35,033 - mainlogger - INFO - Dice score: 0.8307
2024-05-08 00:27:35,033 - mainlogger - INFO - Accuracy: 0.9666
2024-05-08 00:27:35,034 - mainlogger - INFO - (95, 99)
2024-05-08 00:27:35,034 - mainlogger - INFO - 0.7518359072082922
