2024-05-08 19:16:50,211 - mainlogger - INFO - 29012
2024-05-08 19:16:50,211 - mainlogger - INFO - <class '__main__.UniversegPipeline'>
2024-05-08 19:16:50,211 - mainlogger - INFO - universeg_config/universeg_base2_full.yaml
2024-05-08 19:16:50,211 - mainlogger - INFO - {'desc': '输入单通道，大小384', 'batch_size': 4, 'epochs': 100, 'k': 2, 'root_dir': '/home/4T/zcr/dataset/Dataset_BUSI', 'model': {'name': 'universeg.universeg.UniverSeg', 'args': {'encoder_blocks': [64, 128, 256, 512, 512], 'in_ch': [1, 2]}}, 'trainset': {'name': 'datasetBUSI.mask_busi_single.MaskBUSISingle', 'args': {'root_dir': '/home/4T/zcr/dataset/Dataset_BUSI', 'image_names_path': 'labeled_all.txt', 'mode': 'train'}}, 'testset': {'name': 'datasetBUSI.mask_busi_single.MaskBUSISingle', 'args': {'root_dir': '/home/4T/zcr/dataset/Dataset_BUSI', 'image_names_path': 'test.txt', 'mode': 'test'}}, 'criterion': {'name': 'spgutils.focalloss.BinaryFocalLoss', 'args': {'gamma': 1}}, 'optimizer': {'name': 'torch.optim.Adam', 'args': {'lr': 0.0001}}, 'scheduler': {'name': 'torch.optim.lr_scheduler.StepLR', 'args': {'step_size': 1, 'gamma': 0.99}}}
2024-05-08 19:16:50,212 - mainlogger - INFO - 37.362778663635254
2024-05-08 19:17:21,021 - mainlogger - INFO - Epoch 0  19.429885748773813
2024-05-08 19:17:47,365 - mainlogger - INFO - Epoch 1  16.66908659785986
2024-05-08 19:18:10,855 - mainlogger - INFO - Dice score: 0.135
2024-05-08 19:18:10,855 - mainlogger - INFO - Accuracy: 0.8798
2024-05-08 19:18:19,098 - mainlogger - INFO - Dice score: 0.1185
2024-05-08 19:18:19,098 - mainlogger - INFO - Accuracy: 0.8974
2024-05-08 19:18:45,777 - mainlogger - INFO - Epoch 2  15.745436683297157
2024-05-08 19:19:12,547 - mainlogger - INFO - Epoch 3  14.683106638491154
2024-05-08 19:19:39,914 - mainlogger - INFO - Epoch 4  13.471408233046532
2024-05-08 19:20:06,755 - mainlogger - INFO - Epoch 5  13.692867640405893
2024-05-08 19:20:32,993 - mainlogger - INFO - Epoch 6  13.013951066881418
2024-05-08 19:20:59,334 - mainlogger - INFO - Epoch 7  13.14173598587513
2024-05-08 19:21:25,672 - mainlogger - INFO - Epoch 8  12.536369420588017
2024-05-08 19:21:52,041 - mainlogger - INFO - Epoch 9  11.926480554044247
2024-05-08 19:22:18,562 - mainlogger - INFO - Epoch 10  11.895568473264575
2024-05-08 19:22:44,958 - mainlogger - INFO - Epoch 11  11.247447548434138
2024-05-08 19:23:08,468 - mainlogger - INFO - Dice score: 0.6336
2024-05-08 19:23:08,468 - mainlogger - INFO - Accuracy: 0.9204
2024-05-08 19:23:16,348 - mainlogger - INFO - Dice score: 0.6064
2024-05-08 19:23:16,348 - mainlogger - INFO - Accuracy: 0.9313
2024-05-08 19:23:43,180 - mainlogger - INFO - Epoch 12  10.405034873634577
2024-05-08 19:24:09,633 - mainlogger - INFO - Epoch 13  10.665640169754624
2024-05-08 19:24:35,937 - mainlogger - INFO - Epoch 14  10.428073888644576
2024-05-08 19:25:02,293 - mainlogger - INFO - Epoch 15  9.770331345498562
2024-05-08 19:25:28,612 - mainlogger - INFO - Epoch 16  9.646977667696774
2024-05-08 19:25:55,056 - mainlogger - INFO - Epoch 17  9.360571498051286
2024-05-08 19:26:21,319 - mainlogger - INFO - Epoch 18  9.497084491886199
2024-05-08 19:26:47,479 - mainlogger - INFO - Epoch 19  8.792728981003165
2024-05-08 19:27:13,948 - mainlogger - INFO - Epoch 20  8.649028485640883
2024-05-08 19:27:40,188 - mainlogger - INFO - Epoch 21  8.273978490382433
2024-05-08 19:28:03,625 - mainlogger - INFO - Dice score: 0.7074
2024-05-08 19:28:03,626 - mainlogger - INFO - Accuracy: 0.9383
2024-05-08 19:28:11,553 - mainlogger - INFO - Dice score: 0.6841
2024-05-08 19:28:11,553 - mainlogger - INFO - Accuracy: 0.9447
2024-05-08 19:28:37,999 - mainlogger - INFO - Epoch 22  8.46863836236298
2024-05-08 19:29:04,434 - mainlogger - INFO - Epoch 23  8.227374276146293
2024-05-08 19:29:31,441 - mainlogger - INFO - Epoch 24  9.100359733216465
2024-05-08 19:29:57,963 - mainlogger - INFO - Epoch 25  7.815989533439279
2024-05-08 19:30:24,500 - mainlogger - INFO - Epoch 26  8.205583665519953
2024-05-08 19:30:51,161 - mainlogger - INFO - Epoch 27  7.741970729082823
2024-05-08 19:31:17,729 - mainlogger - INFO - Epoch 28  7.699589844793081
2024-05-08 19:31:44,268 - mainlogger - INFO - Epoch 29  7.347389405593276
2024-05-08 19:32:10,796 - mainlogger - INFO - Epoch 30  7.621218444779515
2024-05-08 19:32:37,260 - mainlogger - INFO - Epoch 31  6.732862499542534
2024-05-08 19:33:00,644 - mainlogger - INFO - Dice score: 0.6851
2024-05-08 19:33:00,644 - mainlogger - INFO - Accuracy: 0.9386
2024-05-08 19:33:08,574 - mainlogger - INFO - Dice score: 0.6213
2024-05-08 19:33:08,575 - mainlogger - INFO - Accuracy: 0.9399
2024-05-08 19:33:34,933 - mainlogger - INFO - Epoch 32  6.41432598978281
2024-05-08 19:34:01,553 - mainlogger - INFO - Epoch 33  6.453737112693489
2024-05-08 19:34:28,065 - mainlogger - INFO - Epoch 34  6.614767531864345
2024-05-08 19:34:54,677 - mainlogger - INFO - Epoch 35  6.186827239580452
2024-05-08 19:35:21,327 - mainlogger - INFO - Epoch 36  6.613612458109856
2024-05-08 19:35:47,829 - mainlogger - INFO - Epoch 37  7.150272017344832
2024-05-08 19:36:14,397 - mainlogger - INFO - Epoch 38  6.2660996043123305
2024-05-08 19:36:40,830 - mainlogger - INFO - Epoch 39  6.228406586684287
2024-05-08 19:37:07,269 - mainlogger - INFO - Epoch 40  5.8918418772518635
2024-05-08 19:37:34,010 - mainlogger - INFO - Epoch 41  5.82736127730459
2024-05-08 19:37:57,582 - mainlogger - INFO - Dice score: 0.7965
2024-05-08 19:37:57,583 - mainlogger - INFO - Accuracy: 0.9556
2024-05-08 19:38:05,462 - mainlogger - INFO - Dice score: 0.7186
2024-05-08 19:38:05,462 - mainlogger - INFO - Accuracy: 0.9516
2024-05-08 19:38:31,881 - mainlogger - INFO - Epoch 42  5.792728394269943
2024-05-08 19:38:58,345 - mainlogger - INFO - Epoch 43  5.940450532361865
2024-05-08 19:39:24,814 - mainlogger - INFO - Epoch 44  5.159432899206877
2024-05-08 19:39:51,235 - mainlogger - INFO - Epoch 45  4.977235953323543
2024-05-08 19:40:17,795 - mainlogger - INFO - Epoch 46  5.053209612611681
2024-05-08 19:40:44,091 - mainlogger - INFO - Epoch 47  4.986577964387834
2024-05-08 19:41:10,804 - mainlogger - INFO - Epoch 48  4.603895533364266
2024-05-08 19:41:55,195 - mainlogger - INFO - Epoch 49  4.729359162505716
2024-05-08 19:42:36,411 - mainlogger - INFO - Epoch 50  4.268782583996654
2024-05-08 19:43:02,737 - mainlogger - INFO - Epoch 51  4.576939012855291
2024-05-08 19:43:25,508 - mainlogger - INFO - Dice score: 0.8646
2024-05-08 19:43:25,509 - mainlogger - INFO - Accuracy: 0.9682
2024-05-08 19:43:33,259 - mainlogger - INFO - Dice score: 0.7369
2024-05-08 19:43:33,259 - mainlogger - INFO - Accuracy: 0.9511
2024-05-08 19:43:59,095 - mainlogger - INFO - Epoch 52  4.348888236563653
2024-05-08 19:44:24,905 - mainlogger - INFO - Epoch 53  4.358423613477498
2024-05-08 19:44:51,119 - mainlogger - INFO - Epoch 54  4.934006367344409
2024-05-08 19:45:17,198 - mainlogger - INFO - Epoch 55  4.3046416360884905
2024-05-08 19:45:43,226 - mainlogger - INFO - Epoch 56  3.9189058132469654
2024-05-08 19:46:30,961 - mainlogger - INFO - Epoch 57  4.08942180685699
2024-05-08 19:48:00,718 - mainlogger - INFO - Epoch 58  3.673910724930465
2024-05-08 19:49:42,525 - mainlogger - INFO - Epoch 59  3.5060420357622206
2024-05-08 19:51:15,316 - mainlogger - INFO - Epoch 60  4.140789309516549
2024-05-08 19:52:44,270 - mainlogger - INFO - Epoch 61  3.8894169344566762
2024-05-08 19:54:27,100 - mainlogger - INFO - Dice score: 0.8872
2024-05-08 19:54:27,100 - mainlogger - INFO - Accuracy: 0.9731
2024-05-08 19:54:55,064 - mainlogger - INFO - Dice score: 0.7571
2024-05-08 19:54:55,065 - mainlogger - INFO - Accuracy: 0.9545
2024-05-08 19:56:28,040 - mainlogger - INFO - Epoch 62  3.5632268195040524
2024-05-08 19:58:06,549 - mainlogger - INFO - Epoch 63  3.767865823348984
2024-05-08 19:59:40,915 - mainlogger - INFO - Epoch 64  3.189648014958948
2024-05-08 20:01:09,945 - mainlogger - INFO - Epoch 65  3.5239944534841925
2024-05-08 20:02:53,005 - mainlogger - INFO - Epoch 66  3.025377819314599
2024-05-08 20:04:22,814 - mainlogger - INFO - Epoch 67  3.1783725800924003
2024-05-08 20:05:56,435 - mainlogger - INFO - Epoch 68  3.4457896519452333
2024-05-08 20:07:36,689 - mainlogger - INFO - Epoch 69  3.081002671737224
2024-05-08 20:09:07,170 - mainlogger - INFO - Epoch 70  3.075161015614867
2024-05-08 20:10:37,608 - mainlogger - INFO - Epoch 71  2.994001447223127
2024-05-08 20:12:20,836 - mainlogger - INFO - Dice score: 0.8962
2024-05-08 20:12:20,836 - mainlogger - INFO - Accuracy: 0.9743
2024-05-08 20:12:47,738 - mainlogger - INFO - Dice score: 0.7571
2024-05-08 20:12:47,738 - mainlogger - INFO - Accuracy: 0.9508
2024-05-08 20:14:20,348 - mainlogger - INFO - Epoch 72  2.798455035313964
2024-05-08 20:16:01,578 - mainlogger - INFO - Epoch 73  3.268815705552697
2024-05-08 20:17:29,253 - mainlogger - INFO - Epoch 74  2.9894716488197446
2024-05-08 20:19:02,516 - mainlogger - INFO - Epoch 75  2.9147071754559875
2024-05-08 20:20:42,026 - mainlogger - INFO - Epoch 76  2.6055581541731954
2024-05-08 20:22:17,263 - mainlogger - INFO - Epoch 77  2.5772816841490567
2024-05-08 20:23:46,775 - mainlogger - INFO - Epoch 78  2.4483590316958725
2024-05-08 20:25:29,952 - mainlogger - INFO - Epoch 79  2.9524802220985293
2024-05-08 20:27:04,822 - mainlogger - INFO - Epoch 80  3.1116145462729037
2024-05-08 20:28:28,987 - mainlogger - INFO - Epoch 81  2.690055045299232
2024-05-08 20:30:11,706 - mainlogger - INFO - Dice score: 0.9218
2024-05-08 20:30:11,706 - mainlogger - INFO - Accuracy: 0.9805
2024-05-08 20:30:35,839 - mainlogger - INFO - Dice score: 0.7654
2024-05-08 20:30:35,839 - mainlogger - INFO - Accuracy: 0.9541
2024-05-08 20:32:11,161 - mainlogger - INFO - Epoch 82  2.55156444106251
2024-05-08 20:33:43,984 - mainlogger - INFO - Epoch 83  2.504269655328244
2024-05-08 20:35:12,932 - mainlogger - INFO - Epoch 84  2.5328492883127183
2024-05-08 20:36:51,665 - mainlogger - INFO - Epoch 85  2.514512157998979
2024-05-08 20:38:26,150 - mainlogger - INFO - Epoch 86  2.3130738912150264
2024-05-08 20:39:51,568 - mainlogger - INFO - Epoch 87  2.1955185420811176
2024-05-08 20:41:33,671 - mainlogger - INFO - Epoch 88  2.507329186424613
2024-05-08 20:43:04,405 - mainlogger - INFO - Epoch 89  2.347170473076403
2024-05-08 20:44:32,765 - mainlogger - INFO - Epoch 90  2.0907089291140437
2024-05-08 20:46:13,438 - mainlogger - INFO - Epoch 91  1.9318072819150984
2024-05-08 20:47:44,693 - mainlogger - INFO - Dice score: 0.9251
2024-05-08 20:47:44,693 - mainlogger - INFO - Accuracy: 0.981
2024-05-08 20:48:15,039 - mainlogger - INFO - Dice score: 0.7574
2024-05-08 20:48:15,039 - mainlogger - INFO - Accuracy: 0.9526
2024-05-08 20:49:52,888 - mainlogger - INFO - Epoch 92  2.3469457048922777
2024-05-08 20:51:22,355 - mainlogger - INFO - Epoch 93  2.2118503735400736
2024-05-08 20:52:55,134 - mainlogger - INFO - Epoch 94  2.234093471430242
2024-05-08 20:54:32,654 - mainlogger - INFO - Epoch 95  2.0049597858451307
2024-05-08 20:55:58,241 - mainlogger - INFO - Epoch 96  1.9778225379996002
2024-05-08 20:57:34,762 - mainlogger - INFO - Epoch 97  2.057455253088847
2024-05-08 20:59:09,544 - mainlogger - INFO - Epoch 98  1.9790157068055123
2024-05-08 21:00:37,164 - mainlogger - INFO - Epoch 99  1.7775823161937296
2024-05-08 21:02:17,618 - mainlogger - INFO - Dice score: 0.94
2024-05-08 21:02:17,618 - mainlogger - INFO - Accuracy: 0.9853
2024-05-08 21:02:46,098 - mainlogger - INFO - Dice score: 0.772
2024-05-08 21:02:46,099 - mainlogger - INFO - Accuracy: 0.9553
2024-05-08 21:02:46,099 - mainlogger - INFO - (95, 99)
2024-05-08 21:02:46,099 - mainlogger - INFO - 0.7618173732247318
