2024-05-15 14:41:43,363 - mainlogger - INFO - 2835
2024-05-15 14:41:43,363 - mainlogger - INFO - <class '__main__.Supervised'>
2024-05-15 14:41:43,363 - mainlogger - INFO - aaunet_config/15m.yaml
2024-05-15 14:41:43,363 - mainlogger - INFO - {'desc': 'first', 'batch_size': 8, 'epochs': 100, 'k': 2, 'root_dir': '/Dataset_BUSI', 'model': {'name': 'aaunet.aaunet.AAUnet', 'args': {'channels': [32, 64, 128, 256, 512], 'act': 'LeakyReLU'}}, 'trainset': {'name': 'datasetBUSI.mask_busi_single.MaskBUSISingle', 'args': {'root_dir': '/Dataset_BUSI', 'image_names_path': 'labeled20.txt', 'mode': 'train'}}, 'testset': {'name': 'datasetBUSI.mask_busi_single.MaskBUSISingle', 'args': {'root_dir': '/Dataset_BUSI', 'image_names_path': 'test.txt', 'mode': 'test'}}, 'validset': {'name': 'datasetBUSI.mask_busi_single.MaskBUSISingle', 'args': {'root_dir': '/Dataset_BUSI', 'image_names_path': 'val.txt', 'mode': 'test'}}, 'criterion': {'name': 'spgutils.focalloss.BinaryFocalLoss', 'args': {'gamma': 1}}, 'optimizer': {'name': 'torch.optim.Adam', 'args': {'lr': 0.0001}}, 'scheduler': {'name': 'torch.optim.lr_scheduler.ReduceLROnPlateau', 'args': {'mode': 'max', 'factor': 0.85, 'patience': 3}}}
2024-05-15 14:41:43,364 - mainlogger - INFO - 15.919726371765137
2024-05-15 14:41:52,270 - mainlogger - INFO - Epoch 0  2.8585485219955444
2024-05-15 14:41:52,271 - mainlogger - INFO - ********************************************************************************
2024-05-15 14:41:57,051 - mainlogger - INFO - Epoch 1  2.5245541483163834
2024-05-15 14:41:57,051 - mainlogger - INFO - train
2024-05-15 14:42:00,845 - mainlogger - INFO - Dice score: 7.108e-16
2024-05-15 14:42:00,845 - mainlogger - INFO - Accuracy: 0.8761
2024-05-15 14:42:00,845 - mainlogger - INFO - test
2024-05-15 14:42:07,956 - mainlogger - INFO - Dice score: 1.04e-06
2024-05-15 14:42:07,957 - mainlogger - INFO - Accuracy: 0.8997
2024-05-15 14:42:07,957 - mainlogger - INFO - ********************************************************************************
2024-05-15 14:42:12,942 - mainlogger - INFO - Epoch 2  2.3611540645360947
2024-05-15 14:42:12,943 - mainlogger - INFO - ********************************************************************************
2024-05-15 14:42:17,869 - mainlogger - INFO - Epoch 3  2.226434573531151
2024-05-15 14:42:17,870 - mainlogger - INFO - ********************************************************************************
2024-05-15 14:42:22,861 - mainlogger - INFO - Epoch 4  2.125728189945221
2024-05-15 14:42:22,862 - mainlogger - INFO - ********************************************************************************
2024-05-15 14:42:27,872 - mainlogger - INFO - Epoch 5  2.034274473786354
2024-05-15 14:42:27,873 - mainlogger - INFO - ********************************************************************************
2024-05-15 14:42:32,938 - mainlogger - INFO - Epoch 6  1.9672850966453552
2024-05-15 14:42:32,938 - mainlogger - INFO - ********************************************************************************
2024-05-15 14:42:37,836 - mainlogger - INFO - Epoch 7  1.9663076847791672
2024-05-15 14:42:37,836 - mainlogger - INFO - ********************************************************************************
2024-05-15 14:42:42,790 - mainlogger - INFO - Epoch 8  1.8482126146554947
2024-05-15 14:42:42,791 - mainlogger - INFO - ********************************************************************************
2024-05-15 14:42:47,849 - mainlogger - INFO - Epoch 9  1.805092066526413
2024-05-15 14:42:47,849 - mainlogger - INFO - ********************************************************************************
2024-05-15 14:42:52,771 - mainlogger - INFO - Epoch 10  1.7486971616744995
2024-05-15 14:42:52,771 - mainlogger - INFO - ********************************************************************************
2024-05-15 14:42:57,582 - mainlogger - INFO - Epoch 11  1.7341199219226837
2024-05-15 14:42:57,582 - mainlogger - INFO - train
2024-05-15 14:43:01,143 - mainlogger - INFO - Dice score: 0.4754
2024-05-15 14:43:01,143 - mainlogger - INFO - Accuracy: 0.911
2024-05-15 14:43:01,143 - mainlogger - INFO - test
2024-05-15 14:43:07,734 - mainlogger - INFO - Dice score: 0.3992
2024-05-15 14:43:07,734 - mainlogger - INFO - Accuracy: 0.9156
2024-05-15 14:43:07,734 - mainlogger - INFO - ********************************************************************************
2024-05-15 14:43:12,947 - mainlogger - INFO - Epoch 12  1.662588745355606
2024-05-15 14:43:12,948 - mainlogger - INFO - ********************************************************************************
2024-05-15 14:43:17,947 - mainlogger - INFO - Epoch 13  1.617917075753212
2024-05-15 14:43:17,947 - mainlogger - INFO - ********************************************************************************
2024-05-15 14:43:22,987 - mainlogger - INFO - Epoch 14  1.5485927164554596
2024-05-15 14:43:22,987 - mainlogger - INFO - ********************************************************************************
2024-05-15 14:43:28,047 - mainlogger - INFO - Epoch 15  1.4842307716608047
2024-05-15 14:43:28,048 - mainlogger - INFO - ********************************************************************************
2024-05-15 14:43:33,086 - mainlogger - INFO - Epoch 16  1.5302184373140335
2024-05-15 14:43:33,086 - mainlogger - INFO - ********************************************************************************
2024-05-15 14:43:38,142 - mainlogger - INFO - Epoch 17  1.53140240162611
2024-05-15 14:43:38,143 - mainlogger - INFO - ********************************************************************************
2024-05-15 14:43:43,161 - mainlogger - INFO - Epoch 18  1.4618509337306023
2024-05-15 14:43:43,161 - mainlogger - INFO - ********************************************************************************
2024-05-15 14:43:48,062 - mainlogger - INFO - Epoch 19  1.4018271788954735
2024-05-15 14:43:48,063 - mainlogger - INFO - ********************************************************************************
2024-05-15 14:43:53,144 - mainlogger - INFO - Epoch 20  1.410457767546177
2024-05-15 14:43:53,145 - mainlogger - INFO - ********************************************************************************
2024-05-15 14:43:58,252 - mainlogger - INFO - Epoch 21  1.3615326061844826
2024-05-15 14:43:58,253 - mainlogger - INFO - train
2024-05-15 14:44:02,249 - mainlogger - INFO - Dice score: 0.6839
2024-05-15 14:44:02,249 - mainlogger - INFO - Accuracy: 0.9316
2024-05-15 14:44:02,249 - mainlogger - INFO - test
2024-05-15 14:44:08,816 - mainlogger - INFO - Dice score: 0.5137
2024-05-15 14:44:08,817 - mainlogger - INFO - Accuracy: 0.9039
2024-05-15 14:44:08,817 - mainlogger - INFO - ********************************************************************************
2024-05-15 14:44:13,780 - mainlogger - INFO - Epoch 22  1.4110864847898483
2024-05-15 14:44:13,780 - mainlogger - INFO - ********************************************************************************
2024-05-15 14:44:18,833 - mainlogger - INFO - Epoch 23  1.3098791688680649
2024-05-15 14:44:18,833 - mainlogger - INFO - ********************************************************************************
2024-05-15 14:44:23,966 - mainlogger - INFO - Epoch 24  1.2824666202068329
2024-05-15 14:44:23,966 - mainlogger - INFO - ********************************************************************************
2024-05-15 14:44:28,965 - mainlogger - INFO - Epoch 25  1.2901034355163574
2024-05-15 14:44:28,966 - mainlogger - INFO - ********************************************************************************
2024-05-15 14:44:34,036 - mainlogger - INFO - Epoch 26  1.224475547671318
2024-05-15 14:44:34,037 - mainlogger - INFO - ********************************************************************************
2024-05-15 14:44:39,136 - mainlogger - INFO - Epoch 27  1.2868983671069145
2024-05-15 14:44:39,136 - mainlogger - INFO - ********************************************************************************
2024-05-15 14:44:44,042 - mainlogger - INFO - Epoch 28  1.2625373154878616
2024-05-15 14:44:44,042 - mainlogger - INFO - ********************************************************************************
2024-05-15 14:44:48,948 - mainlogger - INFO - Epoch 29  1.216147132217884
2024-05-15 14:44:48,948 - mainlogger - INFO - ********************************************************************************
2024-05-15 14:44:53,981 - mainlogger - INFO - Epoch 30  1.167048640549183
2024-05-15 14:44:53,981 - mainlogger - INFO - ********************************************************************************
2024-05-15 14:44:59,083 - mainlogger - INFO - Epoch 31  1.1480232328176498
2024-05-15 14:44:59,083 - mainlogger - INFO - train
2024-05-15 14:45:02,946 - mainlogger - INFO - Dice score: 0.7598
2024-05-15 14:45:02,947 - mainlogger - INFO - Accuracy: 0.9474
2024-05-15 14:45:02,947 - mainlogger - INFO - test
2024-05-15 14:45:09,181 - mainlogger - INFO - Dice score: 0.6014
2024-05-15 14:45:09,181 - mainlogger - INFO - Accuracy: 0.9296
2024-05-15 14:45:09,181 - mainlogger - INFO - ********************************************************************************
2024-05-15 14:45:14,158 - mainlogger - INFO - Epoch 32  1.1012637168169022
2024-05-15 14:45:14,158 - mainlogger - INFO - ********************************************************************************
2024-05-15 14:45:19,168 - mainlogger - INFO - Epoch 33  1.1776695773005486
2024-05-15 14:45:19,168 - mainlogger - INFO - ********************************************************************************
2024-05-15 14:45:24,128 - mainlogger - INFO - Epoch 34  1.0431068614125252
2024-05-15 14:45:24,129 - mainlogger - INFO - ********************************************************************************
2024-05-15 14:45:28,873 - mainlogger - INFO - Epoch 35  1.0473032221198082
2024-05-15 14:45:28,873 - mainlogger - INFO - ********************************************************************************
2024-05-15 14:45:33,833 - mainlogger - INFO - Epoch 36  1.064079187810421
2024-05-15 14:45:33,833 - mainlogger - INFO - ********************************************************************************
2024-05-15 14:45:39,034 - mainlogger - INFO - Epoch 37  1.0791922211647034
2024-05-15 14:45:39,035 - mainlogger - INFO - ********************************************************************************
2024-05-15 14:45:43,977 - mainlogger - INFO - Epoch 38  0.9901804849505424
2024-05-15 14:45:43,977 - mainlogger - INFO - ********************************************************************************
2024-05-15 14:45:48,752 - mainlogger - INFO - Epoch 39  0.989988274872303
2024-05-15 14:45:48,752 - mainlogger - INFO - ********************************************************************************
2024-05-15 14:45:53,803 - mainlogger - INFO - valid
2024-05-15 14:46:01,068 - mainlogger - INFO - Dice score: 0.6349
2024-05-15 14:46:01,068 - mainlogger - INFO - Accuracy: 0.9293
2024-05-15 14:46:01,068 - mainlogger - INFO - Epoch 40  1.0092697814106941
2024-05-15 14:46:01,068 - mainlogger - INFO - ********************************************************************************
2024-05-15 14:46:06,145 - mainlogger - INFO - valid
2024-05-15 14:46:12,460 - mainlogger - INFO - Dice score: 0.6299
2024-05-15 14:46:12,461 - mainlogger - INFO - Accuracy: 0.9191
2024-05-15 14:46:12,461 - mainlogger - INFO - Epoch 41  0.9577767550945282
2024-05-15 14:46:12,461 - mainlogger - INFO - train
2024-05-15 14:46:16,235 - mainlogger - INFO - Dice score: 0.8248
2024-05-15 14:46:16,235 - mainlogger - INFO - Accuracy: 0.9577
2024-05-15 14:46:16,235 - mainlogger - INFO - test
2024-05-15 14:46:22,695 - mainlogger - INFO - Dice score: 0.6109
2024-05-15 14:46:22,696 - mainlogger - INFO - Accuracy: 0.9211
2024-05-15 14:46:22,696 - mainlogger - INFO - ********************************************************************************
2024-05-15 14:46:27,650 - mainlogger - INFO - valid
2024-05-15 14:46:33,937 - mainlogger - INFO - Dice score: 0.6211
2024-05-15 14:46:33,937 - mainlogger - INFO - Accuracy: 0.9345
2024-05-15 14:46:33,937 - mainlogger - INFO - Epoch 42  0.929782934486866
2024-05-15 14:46:33,937 - mainlogger - INFO - ********************************************************************************
2024-05-15 14:46:39,148 - mainlogger - INFO - valid
2024-05-15 14:46:45,506 - mainlogger - INFO - Dice score: 0.6198
2024-05-15 14:46:45,506 - mainlogger - INFO - Accuracy: 0.9285
2024-05-15 14:46:45,506 - mainlogger - INFO - Epoch 43  0.9232031404972076
2024-05-15 14:46:45,506 - mainlogger - INFO - ********************************************************************************
2024-05-15 14:46:50,430 - mainlogger - INFO - valid
2024-05-15 14:46:56,910 - mainlogger - INFO - Dice score: 0.6297
2024-05-15 14:46:56,911 - mainlogger - INFO - Accuracy: 0.9242
2024-05-15 14:46:56,911 - mainlogger - INFO - 0.0001->8.5e-05
2024-05-15 14:46:56,911 - mainlogger - INFO - Epoch 44  0.9266670942306519
2024-05-15 14:46:56,911 - mainlogger - INFO - ********************************************************************************
2024-05-15 14:47:02,034 - mainlogger - INFO - valid
2024-05-15 14:47:08,141 - mainlogger - INFO - Dice score: 0.6177
2024-05-15 14:47:08,141 - mainlogger - INFO - Accuracy: 0.9161
2024-05-15 14:47:08,141 - mainlogger - INFO - Epoch 45  0.9471449255943298
2024-05-15 14:47:08,141 - mainlogger - INFO - ********************************************************************************
2024-05-15 14:47:13,336 - mainlogger - INFO - valid
2024-05-15 14:47:19,769 - mainlogger - INFO - Dice score: 0.654
2024-05-15 14:47:19,769 - mainlogger - INFO - Accuracy: 0.9298
2024-05-15 14:47:19,770 - mainlogger - INFO - Epoch 46  0.948532909154892
2024-05-15 14:47:19,770 - mainlogger - INFO - ********************************************************************************
2024-05-15 14:47:25,043 - mainlogger - INFO - valid
2024-05-15 14:47:31,486 - mainlogger - INFO - Dice score: 0.6402
2024-05-15 14:47:31,486 - mainlogger - INFO - Accuracy: 0.9353
2024-05-15 14:47:31,487 - mainlogger - INFO - Epoch 47  0.9148678258061409
2024-05-15 14:47:31,487 - mainlogger - INFO - ********************************************************************************
2024-05-15 14:47:36,642 - mainlogger - INFO - valid
2024-05-15 14:47:42,950 - mainlogger - INFO - Dice score: 0.5979
2024-05-15 14:47:42,951 - mainlogger - INFO - Accuracy: 0.9315
2024-05-15 14:47:42,951 - mainlogger - INFO - Epoch 48  0.9481018632650375
2024-05-15 14:47:42,951 - mainlogger - INFO - ********************************************************************************
2024-05-15 14:47:47,976 - mainlogger - INFO - valid
2024-05-15 14:47:54,453 - mainlogger - INFO - Dice score: 0.5799
2024-05-15 14:47:54,454 - mainlogger - INFO - Accuracy: 0.8986
2024-05-15 14:47:54,454 - mainlogger - INFO - Epoch 49  0.948381207883358
2024-05-15 14:47:54,454 - mainlogger - INFO - ********************************************************************************
2024-05-15 14:47:59,535 - mainlogger - INFO - valid
2024-05-15 14:48:06,006 - mainlogger - INFO - Dice score: 0.6459
2024-05-15 14:48:06,006 - mainlogger - INFO - Accuracy: 0.9299
2024-05-15 14:48:06,007 - mainlogger - INFO - 8.5e-05->7.225000000000001e-05
2024-05-15 14:48:06,007 - mainlogger - INFO - Epoch 50  0.9051603749394417
2024-05-15 14:48:06,007 - mainlogger - INFO - ********************************************************************************
2024-05-15 14:48:11,070 - mainlogger - INFO - valid
2024-05-15 14:48:17,378 - mainlogger - INFO - Dice score: 0.6581
2024-05-15 14:48:17,378 - mainlogger - INFO - Accuracy: 0.9353
2024-05-15 14:48:17,378 - mainlogger - INFO - Epoch 51  0.8345732241868973
2024-05-15 14:48:17,378 - mainlogger - INFO - train
2024-05-15 14:48:21,027 - mainlogger - INFO - Dice score: 0.8644
2024-05-15 14:48:21,028 - mainlogger - INFO - Accuracy: 0.9682
2024-05-15 14:48:21,028 - mainlogger - INFO - test
2024-05-15 14:48:27,108 - mainlogger - INFO - Dice score: 0.6302
2024-05-15 14:48:27,108 - mainlogger - INFO - Accuracy: 0.9349
2024-05-15 14:48:27,109 - mainlogger - INFO - ********************************************************************************
2024-05-15 14:48:32,248 - mainlogger - INFO - valid
2024-05-15 14:48:38,449 - mainlogger - INFO - Dice score: 0.5718
2024-05-15 14:48:38,450 - mainlogger - INFO - Accuracy: 0.9179
2024-05-15 14:48:38,450 - mainlogger - INFO - Epoch 52  0.8712658584117889
2024-05-15 14:48:38,450 - mainlogger - INFO - ********************************************************************************
2024-05-15 14:48:43,671 - mainlogger - INFO - valid
2024-05-15 14:48:50,180 - mainlogger - INFO - Dice score: 0.6003
2024-05-15 14:48:50,180 - mainlogger - INFO - Accuracy: 0.9249
2024-05-15 14:48:50,181 - mainlogger - INFO - Epoch 53  0.8953589051961899
2024-05-15 14:48:50,181 - mainlogger - INFO - ********************************************************************************
2024-05-15 14:48:55,377 - mainlogger - INFO - valid
2024-05-15 14:49:01,866 - mainlogger - INFO - Dice score: 0.5968
2024-05-15 14:49:01,866 - mainlogger - INFO - Accuracy: 0.9204
2024-05-15 14:49:01,867 - mainlogger - INFO - Epoch 54  0.8579429462552071
2024-05-15 14:49:01,867 - mainlogger - INFO - ********************************************************************************
2024-05-15 14:49:06,838 - mainlogger - INFO - valid
2024-05-15 14:49:13,272 - mainlogger - INFO - Dice score: 0.6567
2024-05-15 14:49:13,272 - mainlogger - INFO - Accuracy: 0.927
2024-05-15 14:49:13,272 - mainlogger - INFO - 7.225000000000001e-05->6.141250000000001e-05
2024-05-15 14:49:13,272 - mainlogger - INFO - Epoch 55  0.8309717923402786
2024-05-15 14:49:13,272 - mainlogger - INFO - ********************************************************************************
2024-05-15 14:49:18,378 - mainlogger - INFO - valid
2024-05-15 14:49:24,766 - mainlogger - INFO - Dice score: 0.6672
2024-05-15 14:49:24,766 - mainlogger - INFO - Accuracy: 0.9343
2024-05-15 14:49:24,767 - mainlogger - INFO - Epoch 56  0.7878809422254562
2024-05-15 14:49:24,767 - mainlogger - INFO - ********************************************************************************
2024-05-15 14:49:29,990 - mainlogger - INFO - valid
2024-05-15 14:49:36,377 - mainlogger - INFO - Dice score: 0.6365
2024-05-15 14:49:36,377 - mainlogger - INFO - Accuracy: 0.9296
2024-05-15 14:49:36,377 - mainlogger - INFO - Epoch 57  0.7589479200541973
2024-05-15 14:49:36,377 - mainlogger - INFO - ********************************************************************************
2024-05-15 14:49:41,471 - mainlogger - INFO - valid
2024-05-15 14:49:47,646 - mainlogger - INFO - Dice score: 0.6233
2024-05-15 14:49:47,647 - mainlogger - INFO - Accuracy: 0.9327
2024-05-15 14:49:47,647 - mainlogger - INFO - Epoch 58  0.7158221937716007
2024-05-15 14:49:47,647 - mainlogger - INFO - ********************************************************************************
2024-05-15 14:49:52,667 - mainlogger - INFO - valid
2024-05-15 14:49:58,970 - mainlogger - INFO - Dice score: 0.6452
2024-05-15 14:49:58,971 - mainlogger - INFO - Accuracy: 0.9246
2024-05-15 14:49:58,971 - mainlogger - INFO - Epoch 59  0.7328799068927765
2024-05-15 14:49:58,971 - mainlogger - INFO - ********************************************************************************
2024-05-15 14:50:03,896 - mainlogger - INFO - valid
2024-05-15 14:50:10,051 - mainlogger - INFO - Dice score: 0.6509
2024-05-15 14:50:10,051 - mainlogger - INFO - Accuracy: 0.9356
2024-05-15 14:50:10,051 - mainlogger - INFO - 6.141250000000001e-05->5.2200625000000005e-05
2024-05-15 14:50:10,051 - mainlogger - INFO - Epoch 60  0.7380008511245251
2024-05-15 14:50:10,052 - mainlogger - INFO - ********************************************************************************
2024-05-15 14:50:14,956 - mainlogger - INFO - valid
2024-05-15 14:50:20,951 - mainlogger - INFO - Dice score: 0.6405
2024-05-15 14:50:20,951 - mainlogger - INFO - Accuracy: 0.925
2024-05-15 14:50:20,951 - mainlogger - INFO - Epoch 61  0.692484263330698
2024-05-15 14:50:20,952 - mainlogger - INFO - train
2024-05-15 14:50:24,558 - mainlogger - INFO - Dice score: 0.884
2024-05-15 14:50:24,558 - mainlogger - INFO - Accuracy: 0.9697
2024-05-15 14:50:24,558 - mainlogger - INFO - test
2024-05-15 14:50:30,810 - mainlogger - INFO - Dice score: 0.6047
2024-05-15 14:50:30,811 - mainlogger - INFO - Accuracy: 0.9235
2024-05-15 14:50:30,811 - mainlogger - INFO - ********************************************************************************
2024-05-15 14:50:35,758 - mainlogger - INFO - valid
2024-05-15 14:50:42,031 - mainlogger - INFO - Dice score: 0.6534
2024-05-15 14:50:42,031 - mainlogger - INFO - Accuracy: 0.9307
2024-05-15 14:50:42,031 - mainlogger - INFO - Epoch 62  0.6850438229739666
2024-05-15 14:50:42,031 - mainlogger - INFO - ********************************************************************************
2024-05-15 14:50:46,870 - mainlogger - INFO - valid
2024-05-15 14:50:53,143 - mainlogger - INFO - Dice score: 0.6529
2024-05-15 14:50:53,143 - mainlogger - INFO - Accuracy: 0.9322
2024-05-15 14:50:53,143 - mainlogger - INFO - Epoch 63  0.6968880631029606
2024-05-15 14:50:53,143 - mainlogger - INFO - ********************************************************************************
2024-05-15 14:50:58,074 - mainlogger - INFO - valid
2024-05-15 14:51:03,947 - mainlogger - INFO - Dice score: 0.6393
2024-05-15 14:51:03,947 - mainlogger - INFO - Accuracy: 0.9291
2024-05-15 14:51:03,948 - mainlogger - INFO - 5.2200625000000005e-05->4.437053125e-05
2024-05-15 14:51:03,948 - mainlogger - INFO - Epoch 64  0.7004962749779224
2024-05-15 14:51:03,948 - mainlogger - INFO - ********************************************************************************
2024-05-15 14:51:09,061 - mainlogger - INFO - valid
2024-05-15 14:51:15,349 - mainlogger - INFO - Dice score: 0.6302
2024-05-15 14:51:15,350 - mainlogger - INFO - Accuracy: 0.9308
2024-05-15 14:51:15,350 - mainlogger - INFO - Epoch 65  0.6667638309299946
2024-05-15 14:51:15,350 - mainlogger - INFO - ********************************************************************************
2024-05-15 14:51:20,378 - mainlogger - INFO - valid
2024-05-15 14:51:26,457 - mainlogger - INFO - Dice score: 0.6333
2024-05-15 14:51:26,458 - mainlogger - INFO - Accuracy: 0.9344
2024-05-15 14:51:26,458 - mainlogger - INFO - Epoch 66  0.7630666717886925
2024-05-15 14:51:26,458 - mainlogger - INFO - ********************************************************************************
2024-05-15 14:51:31,277 - mainlogger - INFO - valid
2024-05-15 14:51:37,191 - mainlogger - INFO - Dice score: 0.6453
2024-05-15 14:51:37,191 - mainlogger - INFO - Accuracy: 0.9336
2024-05-15 14:51:37,191 - mainlogger - INFO - Epoch 67  0.6131091378629208
2024-05-15 14:51:37,191 - mainlogger - INFO - ********************************************************************************
2024-05-15 14:51:42,250 - mainlogger - INFO - valid
2024-05-15 14:51:48,677 - mainlogger - INFO - Dice score: 0.6272
2024-05-15 14:51:48,677 - mainlogger - INFO - Accuracy: 0.9348
2024-05-15 14:51:48,677 - mainlogger - INFO - 4.437053125e-05->3.77149515625e-05
2024-05-15 14:51:48,677 - mainlogger - INFO - Epoch 68  0.6576019860804081
2024-05-15 14:51:48,677 - mainlogger - INFO - ********************************************************************************
2024-05-15 14:51:53,665 - mainlogger - INFO - valid
2024-05-15 14:52:00,098 - mainlogger - INFO - Dice score: 0.6308
2024-05-15 14:52:00,099 - mainlogger - INFO - Accuracy: 0.9324
2024-05-15 14:52:00,099 - mainlogger - INFO - Epoch 69  0.6873947009444237
2024-05-15 14:52:00,099 - mainlogger - INFO - ********************************************************************************
2024-05-15 14:52:04,841 - mainlogger - INFO - valid
2024-05-15 14:52:10,425 - mainlogger - INFO - Dice score: 0.6389
2024-05-15 14:52:10,425 - mainlogger - INFO - Accuracy: 0.9282
2024-05-15 14:52:10,425 - mainlogger - INFO - Epoch 70  0.5973028242588043
2024-05-15 14:52:10,425 - mainlogger - INFO - ********************************************************************************
2024-05-15 14:52:15,025 - mainlogger - INFO - valid
2024-05-15 14:52:20,396 - mainlogger - INFO - Dice score: 0.6603
2024-05-15 14:52:20,396 - mainlogger - INFO - Accuracy: 0.9314
2024-05-15 14:52:20,396 - mainlogger - INFO - Epoch 71  0.6357453353703022
2024-05-15 14:52:20,396 - mainlogger - INFO - train
2024-05-15 14:52:23,546 - mainlogger - INFO - Dice score: 0.9123
2024-05-15 14:52:23,546 - mainlogger - INFO - Accuracy: 0.9779
2024-05-15 14:52:23,546 - mainlogger - INFO - test
2024-05-15 14:52:28,795 - mainlogger - INFO - Dice score: 0.6183
2024-05-15 14:52:28,795 - mainlogger - INFO - Accuracy: 0.9255
2024-05-15 14:52:28,795 - mainlogger - INFO - ********************************************************************************
2024-05-15 14:52:33,373 - mainlogger - INFO - valid
2024-05-15 14:52:38,954 - mainlogger - INFO - Dice score: 0.6535
2024-05-15 14:52:38,954 - mainlogger - INFO - Accuracy: 0.9365
2024-05-15 14:52:38,954 - mainlogger - INFO - 3.77149515625e-05->3.2057708828124995e-05
2024-05-15 14:52:38,954 - mainlogger - INFO - Epoch 72  0.5998098701238632
2024-05-15 14:52:38,955 - mainlogger - INFO - ********************************************************************************
2024-05-15 14:52:43,670 - mainlogger - INFO - valid
2024-05-15 14:52:48,871 - mainlogger - INFO - Dice score: 0.6475
2024-05-15 14:52:48,871 - mainlogger - INFO - Accuracy: 0.9351
2024-05-15 14:52:48,872 - mainlogger - INFO - Epoch 73  0.6273183450102806
2024-05-15 14:52:48,872 - mainlogger - INFO - ********************************************************************************
2024-05-15 14:52:53,472 - mainlogger - INFO - valid
2024-05-15 14:52:58,768 - mainlogger - INFO - Dice score: 0.646
2024-05-15 14:52:58,768 - mainlogger - INFO - Accuracy: 0.9343
2024-05-15 14:52:58,768 - mainlogger - INFO - Epoch 74  0.6661456041038036
2024-05-15 14:52:58,768 - mainlogger - INFO - ********************************************************************************
2024-05-15 14:53:03,360 - mainlogger - INFO - valid
2024-05-15 14:53:08,878 - mainlogger - INFO - Dice score: 0.6354
2024-05-15 14:53:08,879 - mainlogger - INFO - Accuracy: 0.9335
2024-05-15 14:53:08,879 - mainlogger - INFO - Epoch 75  0.5961031280457973
2024-05-15 14:53:08,879 - mainlogger - INFO - ********************************************************************************
2024-05-15 14:53:13,474 - mainlogger - INFO - valid
2024-05-15 14:53:18,823 - mainlogger - INFO - Dice score: 0.6442
2024-05-15 14:53:18,823 - mainlogger - INFO - Accuracy: 0.9348
2024-05-15 14:53:18,824 - mainlogger - INFO - 3.2057708828124995e-05->2.7249052503906245e-05
2024-05-15 14:53:18,824 - mainlogger - INFO - Epoch 76  0.5985064171254635
2024-05-15 14:53:18,824 - mainlogger - INFO - ********************************************************************************
2024-05-15 14:53:23,425 - mainlogger - INFO - valid
2024-05-15 14:53:28,585 - mainlogger - INFO - Dice score: 0.6631
2024-05-15 14:53:28,585 - mainlogger - INFO - Accuracy: 0.9283
2024-05-15 14:53:28,586 - mainlogger - INFO - Epoch 77  0.6696680895984173
2024-05-15 14:53:28,586 - mainlogger - INFO - ********************************************************************************
2024-05-15 14:53:33,373 - mainlogger - INFO - valid
2024-05-15 14:53:39,287 - mainlogger - INFO - Dice score: 0.6532
2024-05-15 14:53:39,287 - mainlogger - INFO - Accuracy: 0.925
2024-05-15 14:53:39,287 - mainlogger - INFO - Epoch 78  0.5813611708581448
2024-05-15 14:53:39,287 - mainlogger - INFO - ********************************************************************************
2024-05-15 14:53:44,183 - mainlogger - INFO - valid
2024-05-15 14:53:50,020 - mainlogger - INFO - Dice score: 0.647
2024-05-15 14:53:50,020 - mainlogger - INFO - Accuracy: 0.9362
2024-05-15 14:53:50,020 - mainlogger - INFO - Epoch 79  0.5746922567486763
2024-05-15 14:53:50,020 - mainlogger - INFO - ********************************************************************************
2024-05-15 14:53:54,898 - mainlogger - INFO - valid
2024-05-15 14:54:00,514 - mainlogger - INFO - Dice score: 0.6096
2024-05-15 14:54:00,514 - mainlogger - INFO - Accuracy: 0.9364
2024-05-15 14:54:00,514 - mainlogger - INFO - 2.7249052503906245e-05->2.3161694628320308e-05
2024-05-15 14:54:00,514 - mainlogger - INFO - Epoch 80  0.607187632471323
2024-05-15 14:54:00,514 - mainlogger - INFO - ********************************************************************************
2024-05-15 14:54:05,280 - mainlogger - INFO - valid
2024-05-15 14:54:10,789 - mainlogger - INFO - Dice score: 0.6384
2024-05-15 14:54:10,789 - mainlogger - INFO - Accuracy: 0.9301
2024-05-15 14:54:10,789 - mainlogger - INFO - Epoch 81  0.6518379412591457
2024-05-15 14:54:10,789 - mainlogger - INFO - train
2024-05-15 14:54:14,000 - mainlogger - INFO - Dice score: 0.917
2024-05-15 14:54:14,000 - mainlogger - INFO - Accuracy: 0.9791
2024-05-15 14:54:14,000 - mainlogger - INFO - test
2024-05-15 14:54:19,400 - mainlogger - INFO - Dice score: 0.6166
2024-05-15 14:54:19,401 - mainlogger - INFO - Accuracy: 0.9311
2024-05-15 14:54:19,401 - mainlogger - INFO - ********************************************************************************
2024-05-15 14:54:24,150 - mainlogger - INFO - valid
2024-05-15 14:54:29,785 - mainlogger - INFO - Dice score: 0.6495
2024-05-15 14:54:29,785 - mainlogger - INFO - Accuracy: 0.9309
2024-05-15 14:54:29,785 - mainlogger - INFO - Epoch 82  0.5309741459786892
2024-05-15 14:54:29,785 - mainlogger - INFO - ********************************************************************************
2024-05-15 14:54:34,365 - mainlogger - INFO - valid
2024-05-15 14:54:40,139 - mainlogger - INFO - Dice score: 0.6595
2024-05-15 14:54:40,139 - mainlogger - INFO - Accuracy: 0.9326
2024-05-15 14:54:40,139 - mainlogger - INFO - Epoch 83  0.6324029862880707
2024-05-15 14:54:40,139 - mainlogger - INFO - ********************************************************************************
2024-05-15 14:54:45,145 - mainlogger - INFO - valid
2024-05-15 14:54:51,080 - mainlogger - INFO - Dice score: 0.6512
2024-05-15 14:54:51,080 - mainlogger - INFO - Accuracy: 0.9328
2024-05-15 14:54:51,081 - mainlogger - INFO - 2.3161694628320308e-05->1.9687440434072263e-05
2024-05-15 14:54:51,081 - mainlogger - INFO - Epoch 84  0.6083320491015911
2024-05-15 14:54:51,081 - mainlogger - INFO - ********************************************************************************
2024-05-15 14:54:55,791 - mainlogger - INFO - valid
2024-05-15 14:55:01,439 - mainlogger - INFO - Dice score: 0.6412
2024-05-15 14:55:01,439 - mainlogger - INFO - Accuracy: 0.9352
2024-05-15 14:55:01,439 - mainlogger - INFO - Epoch 85  0.5416072085499763
2024-05-15 14:55:01,439 - mainlogger - INFO - ********************************************************************************
2024-05-15 14:55:06,174 - mainlogger - INFO - valid
2024-05-15 14:55:11,803 - mainlogger - INFO - Dice score: 0.6216
2024-05-15 14:55:11,803 - mainlogger - INFO - Accuracy: 0.9281
2024-05-15 14:55:11,803 - mainlogger - INFO - Epoch 86  0.5663681775331497
2024-05-15 14:55:11,803 - mainlogger - INFO - ********************************************************************************
2024-05-15 14:55:16,564 - mainlogger - INFO - valid
2024-05-15 14:55:22,294 - mainlogger - INFO - Dice score: 0.659
2024-05-15 14:55:22,294 - mainlogger - INFO - Accuracy: 0.9344
2024-05-15 14:55:22,294 - mainlogger - INFO - Epoch 87  0.5988272652029991
2024-05-15 14:55:22,294 - mainlogger - INFO - ********************************************************************************
2024-05-15 14:55:27,084 - mainlogger - INFO - valid
2024-05-15 14:55:32,902 - mainlogger - INFO - Dice score: 0.6623
2024-05-15 14:55:32,902 - mainlogger - INFO - Accuracy: 0.9362
2024-05-15 14:55:32,902 - mainlogger - INFO - 1.9687440434072263e-05->1.673432436896142e-05
2024-05-15 14:55:32,902 - mainlogger - INFO - Epoch 88  0.5390050746500492
2024-05-15 14:55:32,902 - mainlogger - INFO - ********************************************************************************
2024-05-15 14:55:37,753 - mainlogger - INFO - valid
2024-05-15 14:55:43,178 - mainlogger - INFO - Dice score: 0.6463
2024-05-15 14:55:43,178 - mainlogger - INFO - Accuracy: 0.9363
2024-05-15 14:55:43,178 - mainlogger - INFO - Epoch 89  0.5753769874572754
2024-05-15 14:55:43,178 - mainlogger - INFO - ********************************************************************************
2024-05-15 14:55:47,870 - mainlogger - INFO - valid
2024-05-15 14:55:53,709 - mainlogger - INFO - Dice score: 0.646
2024-05-15 14:55:53,710 - mainlogger - INFO - Accuracy: 0.9301
2024-05-15 14:55:53,710 - mainlogger - INFO - Epoch 90  0.554381724447012
2024-05-15 14:55:53,710 - mainlogger - INFO - ********************************************************************************
2024-05-15 14:55:58,542 - mainlogger - INFO - valid
2024-05-15 14:56:04,288 - mainlogger - INFO - Dice score: 0.6474
2024-05-15 14:56:04,288 - mainlogger - INFO - Accuracy: 0.9334
2024-05-15 14:56:04,288 - mainlogger - INFO - Epoch 91  0.5847449973225594
2024-05-15 14:56:04,288 - mainlogger - INFO - train
2024-05-15 14:56:07,613 - mainlogger - INFO - Dice score: 0.9244
2024-05-15 14:56:07,614 - mainlogger - INFO - Accuracy: 0.9813
2024-05-15 14:56:07,614 - mainlogger - INFO - test
2024-05-15 14:56:13,296 - mainlogger - INFO - Dice score: 0.606
2024-05-15 14:56:13,296 - mainlogger - INFO - Accuracy: 0.9295
2024-05-15 14:56:13,296 - mainlogger - INFO - ********************************************************************************
2024-05-15 14:56:18,073 - mainlogger - INFO - valid
2024-05-15 14:56:23,872 - mainlogger - INFO - Dice score: 0.6342
2024-05-15 14:56:23,872 - mainlogger - INFO - Accuracy: 0.9346
2024-05-15 14:56:23,873 - mainlogger - INFO - 1.673432436896142e-05->1.4224175713617208e-05
2024-05-15 14:56:23,873 - mainlogger - INFO - Epoch 92  0.5255501046776772
2024-05-15 14:56:23,873 - mainlogger - INFO - ********************************************************************************
2024-05-15 14:56:28,659 - mainlogger - INFO - valid
2024-05-15 14:56:34,287 - mainlogger - INFO - Dice score: 0.6351
2024-05-15 14:56:34,287 - mainlogger - INFO - Accuracy: 0.9337
2024-05-15 14:56:34,287 - mainlogger - INFO - Epoch 93  0.5045259073376656
2024-05-15 14:56:34,287 - mainlogger - INFO - ********************************************************************************
2024-05-15 14:56:39,047 - mainlogger - INFO - valid
2024-05-15 14:56:44,502 - mainlogger - INFO - Dice score: 0.6298
2024-05-15 14:56:44,502 - mainlogger - INFO - Accuracy: 0.9343
2024-05-15 14:56:44,502 - mainlogger - INFO - Epoch 94  0.5512297414243221
2024-05-15 14:56:44,502 - mainlogger - INFO - ********************************************************************************
2024-05-15 14:56:49,260 - mainlogger - INFO - valid
2024-05-15 14:56:54,839 - mainlogger - INFO - Dice score: 0.6442
2024-05-15 14:56:54,839 - mainlogger - INFO - Accuracy: 0.9326
2024-05-15 14:56:54,839 - mainlogger - INFO - Epoch 95  0.5654593706130981
2024-05-15 14:56:54,839 - mainlogger - INFO - ********************************************************************************
2024-05-15 14:56:59,552 - mainlogger - INFO - valid
2024-05-15 14:57:05,445 - mainlogger - INFO - Dice score: 0.6545
2024-05-15 14:57:05,446 - mainlogger - INFO - Accuracy: 0.9312
2024-05-15 14:57:05,446 - mainlogger - INFO - 1.4224175713617208e-05->1.2090549356574626e-05
2024-05-15 14:57:05,446 - mainlogger - INFO - Epoch 96  0.5002232082188129
2024-05-15 14:57:05,446 - mainlogger - INFO - ********************************************************************************
2024-05-15 14:57:10,183 - mainlogger - INFO - valid
2024-05-15 14:57:15,809 - mainlogger - INFO - Dice score: 0.6573
2024-05-15 14:57:15,809 - mainlogger - INFO - Accuracy: 0.9363
2024-05-15 14:57:15,809 - mainlogger - INFO - Epoch 97  0.4867645874619484
2024-05-15 14:57:15,809 - mainlogger - INFO - ********************************************************************************
2024-05-15 14:57:20,478 - mainlogger - INFO - valid
2024-05-15 14:57:26,343 - mainlogger - INFO - Dice score: 0.6561
2024-05-15 14:57:26,344 - mainlogger - INFO - Accuracy: 0.9373
2024-05-15 14:57:26,344 - mainlogger - INFO - Epoch 98  0.526802372187376
2024-05-15 14:57:26,344 - mainlogger - INFO - ********************************************************************************
2024-05-15 14:57:31,084 - mainlogger - INFO - valid
2024-05-15 14:57:36,717 - mainlogger - INFO - Dice score: 0.6462
2024-05-15 14:57:36,717 - mainlogger - INFO - Accuracy: 0.9357
2024-05-15 14:57:36,717 - mainlogger - INFO - Epoch 99  0.5225089006125927
2024-05-15 14:57:36,717 - mainlogger - INFO - train
2024-05-15 14:57:39,884 - mainlogger - INFO - Dice score: 0.9347
2024-05-15 14:57:39,884 - mainlogger - INFO - Accuracy: 0.9843
2024-05-15 14:57:39,884 - mainlogger - INFO - test
2024-05-15 14:57:45,556 - mainlogger - INFO - Dice score: 0.6095
2024-05-15 14:57:45,556 - mainlogger - INFO - Accuracy: 0.9327
2024-05-15 14:57:45,556 - mainlogger - INFO - ********************************************************************************
2024-05-15 14:57:45,557 - mainlogger - INFO - (87, 91)
2024-05-15 14:57:45,557 - mainlogger - INFO - 0.652176269191572
