2024-05-15 15:19:10,617 - mainlogger - INFO - 5101
2024-05-15 15:19:10,617 - mainlogger - INFO - <class '__main__.Supervised'>
2024-05-15 15:19:10,617 - mainlogger - INFO - aaunet_config/50m.yaml
2024-05-15 15:19:10,617 - mainlogger - INFO - {'desc': 'first', 'batch_size': 8, 'epochs': 100, 'k': 2, 'root_dir': '/Dataset_BUSI', 'model': {'name': 'aaunet.aaunet.AAUnet', 'args': {'channels': [32, 64, 128, 256, 512, 512], 'act': 'LeakyReLU'}}, 'trainset': {'name': 'datasetBUSI.mask_busi_single.MaskBUSISingle', 'args': {'root_dir': '/Dataset_BUSI', 'image_names_path': 'labeled20.txt', 'mode': 'train'}}, 'testset': {'name': 'datasetBUSI.mask_busi_single.MaskBUSISingle', 'args': {'root_dir': '/Dataset_BUSI', 'image_names_path': 'test.txt', 'mode': 'test'}}, 'validset': {'name': 'datasetBUSI.mask_busi_single.MaskBUSISingle', 'args': {'root_dir': '/Dataset_BUSI', 'image_names_path': 'val.txt', 'mode': 'test'}}, 'criterion': {'name': 'spgutils.focalloss.BinaryFocalLoss', 'args': {'gamma': 1}}, 'optimizer': {'name': 'torch.optim.Adam', 'args': {'lr': 0.0001}}, 'scheduler': {'name': 'torch.optim.lr_scheduler.ReduceLROnPlateau', 'args': {'mode': 'max', 'factor': 0.85, 'patience': 3}}}
2024-05-15 15:19:10,619 - mainlogger - INFO - 50.1829137802124
2024-05-15 15:19:20,562 - mainlogger - INFO - Epoch 0  3.4087850749492645
2024-05-15 15:19:20,562 - mainlogger - INFO - ********************************************************************************
2024-05-15 15:19:25,865 - mainlogger - INFO - Epoch 1  2.9048270881175995
2024-05-15 15:19:25,865 - mainlogger - INFO - train
2024-05-15 15:19:29,770 - mainlogger - INFO - Dice score: 0.2205
2024-05-15 15:19:29,771 - mainlogger - INFO - Accuracy: 0.1239
2024-05-15 15:19:29,771 - mainlogger - INFO - test
2024-05-15 15:19:37,180 - mainlogger - INFO - Dice score: 0.1823
2024-05-15 15:19:37,181 - mainlogger - INFO - Accuracy: 0.1003
2024-05-15 15:19:37,181 - mainlogger - INFO - ********************************************************************************
2024-05-15 15:19:42,495 - mainlogger - INFO - Epoch 2  2.6443068385124207
2024-05-15 15:19:42,496 - mainlogger - INFO - ********************************************************************************
2024-05-15 15:19:48,009 - mainlogger - INFO - Epoch 3  2.3935546278953552
2024-05-15 15:19:48,010 - mainlogger - INFO - ********************************************************************************
2024-05-15 15:19:53,483 - mainlogger - INFO - Epoch 4  2.278932511806488
2024-05-15 15:19:53,484 - mainlogger - INFO - ********************************************************************************
2024-05-15 15:19:58,983 - mainlogger - INFO - Epoch 5  2.126783236861229
2024-05-15 15:19:58,984 - mainlogger - INFO - ********************************************************************************
2024-05-15 15:20:04,397 - mainlogger - INFO - Epoch 6  2.0282724648714066
2024-05-15 15:20:04,397 - mainlogger - INFO - ********************************************************************************
2024-05-15 15:20:09,700 - mainlogger - INFO - Epoch 7  2.0525936782360077
2024-05-15 15:20:09,700 - mainlogger - INFO - ********************************************************************************
2024-05-15 15:20:14,694 - mainlogger - INFO - Epoch 8  1.9305993616580963
2024-05-15 15:20:14,694 - mainlogger - INFO - ********************************************************************************
2024-05-15 15:20:19,674 - mainlogger - INFO - Epoch 9  1.8825253397226334
2024-05-15 15:20:19,675 - mainlogger - INFO - ********************************************************************************
2024-05-15 15:20:24,901 - mainlogger - INFO - Epoch 10  1.8060785830020905
2024-05-15 15:20:24,901 - mainlogger - INFO - ********************************************************************************
2024-05-15 15:20:30,189 - mainlogger - INFO - Epoch 11  1.7990996688604355
2024-05-15 15:20:30,189 - mainlogger - INFO - train
2024-05-15 15:20:34,037 - mainlogger - INFO - Dice score: 0.6149
2024-05-15 15:20:34,038 - mainlogger - INFO - Accuracy: 0.9042
2024-05-15 15:20:34,038 - mainlogger - INFO - test
2024-05-15 15:20:40,513 - mainlogger - INFO - Dice score: 0.513
2024-05-15 15:20:40,513 - mainlogger - INFO - Accuracy: 0.886
2024-05-15 15:20:40,513 - mainlogger - INFO - ********************************************************************************
2024-05-15 15:20:45,690 - mainlogger - INFO - Epoch 12  1.81844000518322
2024-05-15 15:20:45,690 - mainlogger - INFO - ********************************************************************************
2024-05-15 15:20:51,106 - mainlogger - INFO - Epoch 13  1.7418788373470306
2024-05-15 15:20:51,106 - mainlogger - INFO - ********************************************************************************
2024-05-15 15:20:56,555 - mainlogger - INFO - Epoch 14  1.6878373324871063
2024-05-15 15:20:56,555 - mainlogger - INFO - ********************************************************************************
2024-05-15 15:21:02,002 - mainlogger - INFO - Epoch 15  1.5712825506925583
2024-05-15 15:21:02,002 - mainlogger - INFO - ********************************************************************************
2024-05-15 15:21:07,287 - mainlogger - INFO - Epoch 16  1.622885838150978
2024-05-15 15:21:07,287 - mainlogger - INFO - ********************************************************************************
2024-05-15 15:21:12,696 - mainlogger - INFO - Epoch 17  1.6686420142650604
2024-05-15 15:21:12,696 - mainlogger - INFO - ********************************************************************************
2024-05-15 15:21:17,982 - mainlogger - INFO - Epoch 18  1.5379924923181534
2024-05-15 15:21:17,982 - mainlogger - INFO - ********************************************************************************
2024-05-15 15:21:23,596 - mainlogger - INFO - Epoch 19  1.4893580228090286
2024-05-15 15:21:23,596 - mainlogger - INFO - ********************************************************************************
2024-05-15 15:21:29,030 - mainlogger - INFO - Epoch 20  1.4783989787101746
2024-05-15 15:21:29,031 - mainlogger - INFO - ********************************************************************************
2024-05-15 15:21:34,482 - mainlogger - INFO - Epoch 21  1.455848217010498
2024-05-15 15:21:34,483 - mainlogger - INFO - train
2024-05-15 15:21:38,165 - mainlogger - INFO - Dice score: 0.6329
2024-05-15 15:21:38,166 - mainlogger - INFO - Accuracy: 0.9295
2024-05-15 15:21:38,166 - mainlogger - INFO - test
2024-05-15 15:21:44,656 - mainlogger - INFO - Dice score: 0.5276
2024-05-15 15:21:44,656 - mainlogger - INFO - Accuracy: 0.9248
2024-05-15 15:21:44,656 - mainlogger - INFO - ********************************************************************************
2024-05-15 15:21:49,793 - mainlogger - INFO - Epoch 22  1.4321450889110565
2024-05-15 15:21:49,794 - mainlogger - INFO - ********************************************************************************
2024-05-15 15:21:54,800 - mainlogger - INFO - Epoch 23  1.3735543489456177
2024-05-15 15:21:54,800 - mainlogger - INFO - ********************************************************************************
2024-05-15 15:21:59,891 - mainlogger - INFO - Epoch 24  1.4724891409277916
2024-05-15 15:21:59,892 - mainlogger - INFO - ********************************************************************************
2024-05-15 15:22:04,874 - mainlogger - INFO - Epoch 25  1.4032249748706818
2024-05-15 15:22:04,875 - mainlogger - INFO - ********************************************************************************
2024-05-15 15:22:10,309 - mainlogger - INFO - Epoch 26  1.3730067908763885
2024-05-15 15:22:10,310 - mainlogger - INFO - ********************************************************************************
2024-05-15 15:22:15,613 - mainlogger - INFO - Epoch 27  1.3459957987070084
2024-05-15 15:22:15,614 - mainlogger - INFO - ********************************************************************************
2024-05-15 15:22:20,787 - mainlogger - INFO - Epoch 28  1.364988386631012
2024-05-15 15:22:20,787 - mainlogger - INFO - ********************************************************************************
2024-05-15 15:22:25,998 - mainlogger - INFO - Epoch 29  1.3136540800333023
2024-05-15 15:22:25,998 - mainlogger - INFO - ********************************************************************************
2024-05-15 15:22:31,084 - mainlogger - INFO - Epoch 30  1.28108611702919
2024-05-15 15:22:31,084 - mainlogger - INFO - ********************************************************************************
2024-05-15 15:22:36,358 - mainlogger - INFO - Epoch 31  1.2383805885910988
2024-05-15 15:22:36,359 - mainlogger - INFO - train
2024-05-15 15:22:40,163 - mainlogger - INFO - Dice score: 0.7811
2024-05-15 15:22:40,163 - mainlogger - INFO - Accuracy: 0.9503
2024-05-15 15:22:40,163 - mainlogger - INFO - test
2024-05-15 15:22:46,267 - mainlogger - INFO - Dice score: 0.6415
2024-05-15 15:22:46,268 - mainlogger - INFO - Accuracy: 0.9312
2024-05-15 15:22:46,268 - mainlogger - INFO - ********************************************************************************
2024-05-15 15:22:51,803 - mainlogger - INFO - Epoch 32  1.1416564956307411
2024-05-15 15:22:51,804 - mainlogger - INFO - ********************************************************************************
2024-05-15 15:22:56,884 - mainlogger - INFO - Epoch 33  1.2431488558650017
2024-05-15 15:22:56,885 - mainlogger - INFO - ********************************************************************************
2024-05-15 15:23:01,679 - mainlogger - INFO - Epoch 34  1.154587060213089
2024-05-15 15:23:01,679 - mainlogger - INFO - ********************************************************************************
2024-05-15 15:23:06,606 - mainlogger - INFO - Epoch 35  1.1008270159363747
2024-05-15 15:23:06,607 - mainlogger - INFO - ********************************************************************************
2024-05-15 15:23:11,377 - mainlogger - INFO - Epoch 36  1.115243785083294
2024-05-15 15:23:11,377 - mainlogger - INFO - ********************************************************************************
2024-05-15 15:23:16,184 - mainlogger - INFO - Epoch 37  1.1180826425552368
2024-05-15 15:23:16,185 - mainlogger - INFO - ********************************************************************************
2024-05-15 15:23:20,988 - mainlogger - INFO - Epoch 38  1.026350937783718
2024-05-15 15:23:20,989 - mainlogger - INFO - ********************************************************************************
2024-05-15 15:23:25,774 - mainlogger - INFO - Epoch 39  1.0228711664676666
2024-05-15 15:23:25,775 - mainlogger - INFO - ********************************************************************************
2024-05-15 15:23:30,476 - mainlogger - INFO - valid
2024-05-15 15:23:36,586 - mainlogger - INFO - Dice score: 0.6351
2024-05-15 15:23:36,587 - mainlogger - INFO - Accuracy: 0.9167
2024-05-15 15:23:36,587 - mainlogger - INFO - Epoch 40  1.0034215077757835
2024-05-15 15:23:36,587 - mainlogger - INFO - ********************************************************************************
2024-05-15 15:23:41,380 - mainlogger - INFO - valid
2024-05-15 15:23:47,336 - mainlogger - INFO - Dice score: 0.6603
2024-05-15 15:23:47,336 - mainlogger - INFO - Accuracy: 0.9317
2024-05-15 15:23:47,336 - mainlogger - INFO - Epoch 41  1.0349579080939293
2024-05-15 15:23:47,336 - mainlogger - INFO - train
2024-05-15 15:23:50,894 - mainlogger - INFO - Dice score: 0.8499
2024-05-15 15:23:50,895 - mainlogger - INFO - Accuracy: 0.9659
2024-05-15 15:23:50,895 - mainlogger - INFO - test
2024-05-15 15:23:57,157 - mainlogger - INFO - Dice score: 0.6558
2024-05-15 15:23:57,157 - mainlogger - INFO - Accuracy: 0.9285
2024-05-15 15:23:57,157 - mainlogger - INFO - ********************************************************************************
2024-05-15 15:24:02,472 - mainlogger - INFO - valid
2024-05-15 15:24:08,548 - mainlogger - INFO - Dice score: 0.6445
2024-05-15 15:24:08,548 - mainlogger - INFO - Accuracy: 0.9318
2024-05-15 15:24:08,548 - mainlogger - INFO - Epoch 42  0.9626471325755119
2024-05-15 15:24:08,548 - mainlogger - INFO - ********************************************************************************
2024-05-15 15:24:13,792 - mainlogger - INFO - valid
2024-05-15 15:24:20,271 - mainlogger - INFO - Dice score: 0.6159
2024-05-15 15:24:20,272 - mainlogger - INFO - Accuracy: 0.9246
2024-05-15 15:24:20,272 - mainlogger - INFO - Epoch 43  0.9194967299699783
2024-05-15 15:24:20,272 - mainlogger - INFO - ********************************************************************************
2024-05-15 15:24:25,585 - mainlogger - INFO - valid
2024-05-15 15:24:31,850 - mainlogger - INFO - Dice score: 0.6618
2024-05-15 15:24:31,850 - mainlogger - INFO - Accuracy: 0.9273
2024-05-15 15:24:31,851 - mainlogger - INFO - Epoch 44  0.9461399763822556
2024-05-15 15:24:31,851 - mainlogger - INFO - ********************************************************************************
2024-05-15 15:24:36,994 - mainlogger - INFO - valid
2024-05-15 15:24:43,469 - mainlogger - INFO - Dice score: 0.6558
2024-05-15 15:24:43,469 - mainlogger - INFO - Accuracy: 0.9217
2024-05-15 15:24:43,469 - mainlogger - INFO - Epoch 45  0.9827510491013527
2024-05-15 15:24:43,469 - mainlogger - INFO - ********************************************************************************
2024-05-15 15:24:48,678 - mainlogger - INFO - valid
2024-05-15 15:24:55,172 - mainlogger - INFO - Dice score: 0.5518
2024-05-15 15:24:55,172 - mainlogger - INFO - Accuracy: 0.8736
2024-05-15 15:24:55,172 - mainlogger - INFO - Epoch 46  0.965743325650692
2024-05-15 15:24:55,172 - mainlogger - INFO - ********************************************************************************
2024-05-15 15:25:00,502 - mainlogger - INFO - valid
2024-05-15 15:25:06,622 - mainlogger - INFO - Dice score: 0.6385
2024-05-15 15:25:06,622 - mainlogger - INFO - Accuracy: 0.9284
2024-05-15 15:25:06,623 - mainlogger - INFO - Epoch 47  0.9501776769757271
2024-05-15 15:25:06,623 - mainlogger - INFO - ********************************************************************************
2024-05-15 15:25:11,608 - mainlogger - INFO - valid
2024-05-15 15:25:17,497 - mainlogger - INFO - Dice score: 0.6439
2024-05-15 15:25:17,497 - mainlogger - INFO - Accuracy: 0.9149
2024-05-15 15:25:17,497 - mainlogger - INFO - 0.0001->8.5e-05
2024-05-15 15:25:17,497 - mainlogger - INFO - Epoch 48  0.9233509227633476
2024-05-15 15:25:17,497 - mainlogger - INFO - ********************************************************************************
2024-05-15 15:25:22,427 - mainlogger - INFO - valid
2024-05-15 15:25:28,658 - mainlogger - INFO - Dice score: 0.6161
2024-05-15 15:25:28,658 - mainlogger - INFO - Accuracy: 0.9306
2024-05-15 15:25:28,658 - mainlogger - INFO - Epoch 49  0.8916771709918976
2024-05-15 15:25:28,658 - mainlogger - INFO - ********************************************************************************
2024-05-15 15:25:33,883 - mainlogger - INFO - valid
2024-05-15 15:25:40,262 - mainlogger - INFO - Dice score: 0.6439
2024-05-15 15:25:40,263 - mainlogger - INFO - Accuracy: 0.9258
2024-05-15 15:25:40,263 - mainlogger - INFO - Epoch 50  0.8440530225634575
2024-05-15 15:25:40,263 - mainlogger - INFO - ********************************************************************************
2024-05-15 15:25:45,401 - mainlogger - INFO - valid
2024-05-15 15:25:51,861 - mainlogger - INFO - Dice score: 0.585
2024-05-15 15:25:51,861 - mainlogger - INFO - Accuracy: 0.8892
2024-05-15 15:25:51,862 - mainlogger - INFO - Epoch 51  0.8947636485099792
2024-05-15 15:25:51,862 - mainlogger - INFO - train
2024-05-15 15:25:55,652 - mainlogger - INFO - Dice score: 0.8286
2024-05-15 15:25:55,652 - mainlogger - INFO - Accuracy: 0.9539
2024-05-15 15:25:55,652 - mainlogger - INFO - test
2024-05-15 15:26:01,853 - mainlogger - INFO - Dice score: 0.6155
2024-05-15 15:26:01,853 - mainlogger - INFO - Accuracy: 0.9048
2024-05-15 15:26:01,853 - mainlogger - INFO - ********************************************************************************
2024-05-15 15:26:07,175 - mainlogger - INFO - valid
2024-05-15 15:26:13,449 - mainlogger - INFO - Dice score: 0.6372
2024-05-15 15:26:13,449 - mainlogger - INFO - Accuracy: 0.9265
2024-05-15 15:26:13,449 - mainlogger - INFO - 8.5e-05->7.225000000000001e-05
2024-05-15 15:26:13,449 - mainlogger - INFO - Epoch 52  0.9422146677970886
2024-05-15 15:26:13,450 - mainlogger - INFO - ********************************************************************************
2024-05-15 15:26:18,768 - mainlogger - INFO - valid
2024-05-15 15:26:25,185 - mainlogger - INFO - Dice score: 0.5935
2024-05-15 15:26:25,185 - mainlogger - INFO - Accuracy: 0.909
2024-05-15 15:26:25,185 - mainlogger - INFO - Epoch 53  0.9270782843232155
2024-05-15 15:26:25,185 - mainlogger - INFO - ********************************************************************************
2024-05-15 15:26:30,288 - mainlogger - INFO - valid
2024-05-15 15:26:36,621 - mainlogger - INFO - Dice score: 0.641
2024-05-15 15:26:36,621 - mainlogger - INFO - Accuracy: 0.9255
2024-05-15 15:26:36,622 - mainlogger - INFO - Epoch 54  0.8418361246585846
2024-05-15 15:26:36,622 - mainlogger - INFO - ********************************************************************************
2024-05-15 15:26:41,793 - mainlogger - INFO - valid
2024-05-15 15:26:47,987 - mainlogger - INFO - Dice score: 0.6469
2024-05-15 15:26:47,988 - mainlogger - INFO - Accuracy: 0.9245
2024-05-15 15:26:47,988 - mainlogger - INFO - Epoch 55  0.8609100356698036
2024-05-15 15:26:47,988 - mainlogger - INFO - ********************************************************************************
2024-05-15 15:26:53,303 - mainlogger - INFO - valid
2024-05-15 15:26:59,662 - mainlogger - INFO - Dice score: 0.646
2024-05-15 15:26:59,662 - mainlogger - INFO - Accuracy: 0.93
2024-05-15 15:26:59,663 - mainlogger - INFO - 7.225000000000001e-05->6.141250000000001e-05
2024-05-15 15:26:59,663 - mainlogger - INFO - Epoch 56  0.7982171475887299
2024-05-15 15:26:59,663 - mainlogger - INFO - ********************************************************************************
2024-05-15 15:27:05,003 - mainlogger - INFO - valid
2024-05-15 15:27:11,457 - mainlogger - INFO - Dice score: 0.6505
2024-05-15 15:27:11,457 - mainlogger - INFO - Accuracy: 0.9351
2024-05-15 15:27:11,458 - mainlogger - INFO - Epoch 57  0.771249070763588
2024-05-15 15:27:11,458 - mainlogger - INFO - ********************************************************************************
2024-05-15 15:27:16,599 - mainlogger - INFO - valid
2024-05-15 15:27:23,080 - mainlogger - INFO - Dice score: 0.6239
2024-05-15 15:27:23,080 - mainlogger - INFO - Accuracy: 0.9326
2024-05-15 15:27:23,080 - mainlogger - INFO - Epoch 58  0.7500545755028725
2024-05-15 15:27:23,081 - mainlogger - INFO - ********************************************************************************
2024-05-15 15:27:28,471 - mainlogger - INFO - valid
2024-05-15 15:27:34,663 - mainlogger - INFO - Dice score: 0.6294
2024-05-15 15:27:34,664 - mainlogger - INFO - Accuracy: 0.9118
2024-05-15 15:27:34,664 - mainlogger - INFO - Epoch 59  0.7526544779539108
2024-05-15 15:27:34,664 - mainlogger - INFO - ********************************************************************************
2024-05-15 15:27:39,961 - mainlogger - INFO - valid
2024-05-15 15:27:46,165 - mainlogger - INFO - Dice score: 0.6299
2024-05-15 15:27:46,165 - mainlogger - INFO - Accuracy: 0.9288
2024-05-15 15:27:46,165 - mainlogger - INFO - 6.141250000000001e-05->5.2200625000000005e-05
2024-05-15 15:27:46,165 - mainlogger - INFO - Epoch 60  0.764034703373909
2024-05-15 15:27:46,165 - mainlogger - INFO - ********************************************************************************
2024-05-15 15:27:51,001 - mainlogger - INFO - valid
2024-05-15 15:27:56,742 - mainlogger - INFO - Dice score: 0.6337
2024-05-15 15:27:56,742 - mainlogger - INFO - Accuracy: 0.926
2024-05-15 15:27:56,742 - mainlogger - INFO - Epoch 61  0.7217439413070679
2024-05-15 15:27:56,742 - mainlogger - INFO - train
2024-05-15 15:27:59,975 - mainlogger - INFO - Dice score: 0.876
2024-05-15 15:27:59,975 - mainlogger - INFO - Accuracy: 0.9686
2024-05-15 15:27:59,975 - mainlogger - INFO - test
2024-05-15 15:28:05,637 - mainlogger - INFO - Dice score: 0.6337
2024-05-15 15:28:05,637 - mainlogger - INFO - Accuracy: 0.931
2024-05-15 15:28:05,637 - mainlogger - INFO - ********************************************************************************
2024-05-15 15:28:10,822 - mainlogger - INFO - valid
2024-05-15 15:28:17,047 - mainlogger - INFO - Dice score: 0.6694
2024-05-15 15:28:17,047 - mainlogger - INFO - Accuracy: 0.9304
2024-05-15 15:28:17,047 - mainlogger - INFO - Epoch 62  0.7293156683444977
2024-05-15 15:28:17,047 - mainlogger - INFO - ********************************************************************************
2024-05-15 15:28:22,085 - mainlogger - INFO - valid
2024-05-15 15:28:28,165 - mainlogger - INFO - Dice score: 0.6839
2024-05-15 15:28:28,165 - mainlogger - INFO - Accuracy: 0.9321
2024-05-15 15:28:28,166 - mainlogger - INFO - Epoch 63  0.7181596457958221
2024-05-15 15:28:28,166 - mainlogger - INFO - ********************************************************************************
2024-05-15 15:28:33,486 - mainlogger - INFO - valid
2024-05-15 15:28:39,577 - mainlogger - INFO - Dice score: 0.6568
2024-05-15 15:28:39,577 - mainlogger - INFO - Accuracy: 0.9282
2024-05-15 15:28:39,577 - mainlogger - INFO - Epoch 64  0.7191724330186844
2024-05-15 15:28:39,577 - mainlogger - INFO - ********************************************************************************
2024-05-15 15:28:44,908 - mainlogger - INFO - valid
2024-05-15 15:28:51,031 - mainlogger - INFO - Dice score: 0.6503
2024-05-15 15:28:51,031 - mainlogger - INFO - Accuracy: 0.9274
2024-05-15 15:28:51,031 - mainlogger - INFO - Epoch 65  0.7309565171599388
2024-05-15 15:28:51,031 - mainlogger - INFO - ********************************************************************************
2024-05-15 15:28:56,196 - mainlogger - INFO - valid
2024-05-15 15:29:02,244 - mainlogger - INFO - Dice score: 0.6474
2024-05-15 15:29:02,244 - mainlogger - INFO - Accuracy: 0.931
2024-05-15 15:29:02,244 - mainlogger - INFO - Epoch 66  0.8227738812565804
2024-05-15 15:29:02,244 - mainlogger - INFO - ********************************************************************************
2024-05-15 15:29:07,170 - mainlogger - INFO - valid
2024-05-15 15:29:13,144 - mainlogger - INFO - Dice score: 0.6339
2024-05-15 15:29:13,144 - mainlogger - INFO - Accuracy: 0.9277
2024-05-15 15:29:13,144 - mainlogger - INFO - 5.2200625000000005e-05->4.437053125e-05
2024-05-15 15:29:13,144 - mainlogger - INFO - Epoch 67  0.68636554479599
2024-05-15 15:29:13,144 - mainlogger - INFO - ********************************************************************************
2024-05-15 15:29:18,091 - mainlogger - INFO - valid
2024-05-15 15:29:24,200 - mainlogger - INFO - Dice score: 0.6681
2024-05-15 15:29:24,200 - mainlogger - INFO - Accuracy: 0.9343
2024-05-15 15:29:24,200 - mainlogger - INFO - Epoch 68  0.71628338098526
2024-05-15 15:29:24,200 - mainlogger - INFO - ********************************************************************************
2024-05-15 15:29:29,590 - mainlogger - INFO - valid
2024-05-15 15:29:35,881 - mainlogger - INFO - Dice score: 0.6697
2024-05-15 15:29:35,881 - mainlogger - INFO - Accuracy: 0.931
2024-05-15 15:29:35,881 - mainlogger - INFO - Epoch 69  0.7098522037267685
2024-05-15 15:29:35,881 - mainlogger - INFO - ********************************************************************************
2024-05-15 15:29:41,093 - mainlogger - INFO - valid
2024-05-15 15:29:47,365 - mainlogger - INFO - Dice score: 0.6678
2024-05-15 15:29:47,366 - mainlogger - INFO - Accuracy: 0.9348
2024-05-15 15:29:47,366 - mainlogger - INFO - Epoch 70  0.6309478990733624
2024-05-15 15:29:47,366 - mainlogger - INFO - ********************************************************************************
2024-05-15 15:29:52,576 - mainlogger - INFO - valid
2024-05-15 15:29:58,538 - mainlogger - INFO - Dice score: 0.6725
2024-05-15 15:29:58,538 - mainlogger - INFO - Accuracy: 0.9334
2024-05-15 15:29:58,538 - mainlogger - INFO - 4.437053125e-05->3.77149515625e-05
2024-05-15 15:29:58,538 - mainlogger - INFO - Epoch 71  0.671328391879797
2024-05-15 15:29:58,539 - mainlogger - INFO - train
2024-05-15 15:30:02,043 - mainlogger - INFO - Dice score: 0.9171
2024-05-15 15:30:02,043 - mainlogger - INFO - Accuracy: 0.9793
2024-05-15 15:30:02,043 - mainlogger - INFO - test
2024-05-15 15:30:08,214 - mainlogger - INFO - Dice score: 0.6483
2024-05-15 15:30:08,214 - mainlogger - INFO - Accuracy: 0.9313
2024-05-15 15:30:08,214 - mainlogger - INFO - ********************************************************************************
2024-05-15 15:30:13,189 - mainlogger - INFO - valid
2024-05-15 15:30:18,993 - mainlogger - INFO - Dice score: 0.6592
2024-05-15 15:30:18,993 - mainlogger - INFO - Accuracy: 0.9359
2024-05-15 15:30:18,994 - mainlogger - INFO - Epoch 72  0.6223198063671589
2024-05-15 15:30:18,994 - mainlogger - INFO - ********************************************************************************
2024-05-15 15:30:23,900 - mainlogger - INFO - valid
2024-05-15 15:30:29,739 - mainlogger - INFO - Dice score: 0.6352
2024-05-15 15:30:29,739 - mainlogger - INFO - Accuracy: 0.9361
2024-05-15 15:30:29,739 - mainlogger - INFO - Epoch 73  0.6611206047236919
2024-05-15 15:30:29,739 - mainlogger - INFO - ********************************************************************************
2024-05-15 15:30:35,146 - mainlogger - INFO - valid
2024-05-15 15:30:41,425 - mainlogger - INFO - Dice score: 0.6575
2024-05-15 15:30:41,425 - mainlogger - INFO - Accuracy: 0.9385
2024-05-15 15:30:41,425 - mainlogger - INFO - Epoch 74  0.7481563203036785
2024-05-15 15:30:41,425 - mainlogger - INFO - ********************************************************************************
2024-05-15 15:30:46,598 - mainlogger - INFO - valid
2024-05-15 15:30:53,030 - mainlogger - INFO - Dice score: 0.6128
2024-05-15 15:30:53,030 - mainlogger - INFO - Accuracy: 0.9264
2024-05-15 15:30:53,030 - mainlogger - INFO - 3.77149515625e-05->3.2057708828124995e-05
2024-05-15 15:30:53,030 - mainlogger - INFO - Epoch 75  0.7137342430651188
2024-05-15 15:30:53,030 - mainlogger - INFO - ********************************************************************************
2024-05-15 15:30:58,357 - mainlogger - INFO - valid
2024-05-15 15:31:04,623 - mainlogger - INFO - Dice score: 0.6835
2024-05-15 15:31:04,624 - mainlogger - INFO - Accuracy: 0.9327
2024-05-15 15:31:04,624 - mainlogger - INFO - Epoch 76  0.708362951874733
2024-05-15 15:31:04,624 - mainlogger - INFO - ********************************************************************************
2024-05-15 15:31:09,638 - mainlogger - INFO - valid
2024-05-15 15:31:15,742 - mainlogger - INFO - Dice score: 0.692
2024-05-15 15:31:15,742 - mainlogger - INFO - Accuracy: 0.9383
2024-05-15 15:31:15,742 - mainlogger - INFO - Epoch 77  0.6804542355239391
2024-05-15 15:31:15,742 - mainlogger - INFO - ********************************************************************************
2024-05-15 15:31:20,803 - mainlogger - INFO - valid
2024-05-15 15:31:27,063 - mainlogger - INFO - Dice score: 0.6941
2024-05-15 15:31:27,063 - mainlogger - INFO - Accuracy: 0.9393
2024-05-15 15:31:27,063 - mainlogger - INFO - Epoch 78  0.6127371750771999
2024-05-15 15:31:27,063 - mainlogger - INFO - ********************************************************************************
2024-05-15 15:31:32,289 - mainlogger - INFO - valid
2024-05-15 15:31:38,550 - mainlogger - INFO - Dice score: 0.6676
2024-05-15 15:31:38,550 - mainlogger - INFO - Accuracy: 0.9366
2024-05-15 15:31:38,551 - mainlogger - INFO - Epoch 79  0.6172520630061626
2024-05-15 15:31:38,551 - mainlogger - INFO - ********************************************************************************
2024-05-15 15:31:43,785 - mainlogger - INFO - valid
2024-05-15 15:31:50,164 - mainlogger - INFO - Dice score: 0.6707
2024-05-15 15:31:50,164 - mainlogger - INFO - Accuracy: 0.9373
2024-05-15 15:31:50,164 - mainlogger - INFO - Epoch 80  0.6290589421987534
2024-05-15 15:31:50,165 - mainlogger - INFO - ********************************************************************************
2024-05-15 15:31:55,180 - mainlogger - INFO - valid
2024-05-15 15:32:01,451 - mainlogger - INFO - Dice score: 0.676
2024-05-15 15:32:01,451 - mainlogger - INFO - Accuracy: 0.9343
2024-05-15 15:32:01,451 - mainlogger - INFO - Epoch 81  0.6904111281037331
2024-05-15 15:32:01,451 - mainlogger - INFO - train
2024-05-15 15:32:05,115 - mainlogger - INFO - Dice score: 0.9157
2024-05-15 15:32:05,115 - mainlogger - INFO - Accuracy: 0.9789
2024-05-15 15:32:05,115 - mainlogger - INFO - test
2024-05-15 15:32:11,383 - mainlogger - INFO - Dice score: 0.6691
2024-05-15 15:32:11,383 - mainlogger - INFO - Accuracy: 0.9337
2024-05-15 15:32:11,383 - mainlogger - INFO - ********************************************************************************
2024-05-15 15:32:16,494 - mainlogger - INFO - valid
2024-05-15 15:32:22,443 - mainlogger - INFO - Dice score: 0.6653
2024-05-15 15:32:22,443 - mainlogger - INFO - Accuracy: 0.9336
2024-05-15 15:32:22,444 - mainlogger - INFO - 3.2057708828124995e-05->2.7249052503906245e-05
2024-05-15 15:32:22,444 - mainlogger - INFO - Epoch 82  0.5746966525912285
2024-05-15 15:32:22,444 - mainlogger - INFO - ********************************************************************************
2024-05-15 15:32:27,466 - mainlogger - INFO - valid
2024-05-15 15:32:33,427 - mainlogger - INFO - Dice score: 0.6765
2024-05-15 15:32:33,427 - mainlogger - INFO - Accuracy: 0.93
2024-05-15 15:32:33,427 - mainlogger - INFO - Epoch 83  0.68751011043787
2024-05-15 15:32:33,427 - mainlogger - INFO - ********************************************************************************
2024-05-15 15:32:38,290 - mainlogger - INFO - valid
2024-05-15 15:32:43,665 - mainlogger - INFO - Dice score: 0.6778
2024-05-15 15:32:43,665 - mainlogger - INFO - Accuracy: 0.9312
2024-05-15 15:32:43,665 - mainlogger - INFO - Epoch 84  0.6572101451456547
2024-05-15 15:32:43,665 - mainlogger - INFO - ********************************************************************************
2024-05-15 15:32:48,493 - mainlogger - INFO - valid
2024-05-15 15:32:54,037 - mainlogger - INFO - Dice score: 0.6746
2024-05-15 15:32:54,037 - mainlogger - INFO - Accuracy: 0.9375
2024-05-15 15:32:54,037 - mainlogger - INFO - Epoch 85  0.5846966281533241
2024-05-15 15:32:54,038 - mainlogger - INFO - ********************************************************************************
2024-05-15 15:32:58,987 - mainlogger - INFO - valid
2024-05-15 15:33:04,827 - mainlogger - INFO - Dice score: 0.65
2024-05-15 15:33:04,828 - mainlogger - INFO - Accuracy: 0.9338
2024-05-15 15:33:04,828 - mainlogger - INFO - 2.7249052503906245e-05->2.3161694628320308e-05
2024-05-15 15:33:04,828 - mainlogger - INFO - Epoch 86  0.5860444866120815
2024-05-15 15:33:04,828 - mainlogger - INFO - ********************************************************************************
2024-05-15 15:33:09,682 - mainlogger - INFO - valid
2024-05-15 15:33:14,965 - mainlogger - INFO - Dice score: 0.6407
2024-05-15 15:33:14,965 - mainlogger - INFO - Accuracy: 0.937
2024-05-15 15:33:14,965 - mainlogger - INFO - Epoch 87  0.5962219834327698
2024-05-15 15:33:14,965 - mainlogger - INFO - ********************************************************************************
2024-05-15 15:33:19,773 - mainlogger - INFO - valid
2024-05-15 15:33:25,675 - mainlogger - INFO - Dice score: 0.6571
2024-05-15 15:33:25,676 - mainlogger - INFO - Accuracy: 0.9359
2024-05-15 15:33:25,676 - mainlogger - INFO - Epoch 88  0.561159148812294
2024-05-15 15:33:25,676 - mainlogger - INFO - ********************************************************************************
2024-05-15 15:33:30,603 - mainlogger - INFO - valid
2024-05-15 15:33:36,404 - mainlogger - INFO - Dice score: 0.6596
2024-05-15 15:33:36,404 - mainlogger - INFO - Accuracy: 0.9364
2024-05-15 15:33:36,404 - mainlogger - INFO - Epoch 89  0.5843313485383987
2024-05-15 15:33:36,404 - mainlogger - INFO - ********************************************************************************
2024-05-15 15:33:41,292 - mainlogger - INFO - valid
2024-05-15 15:33:47,140 - mainlogger - INFO - Dice score: 0.6653
2024-05-15 15:33:47,140 - mainlogger - INFO - Accuracy: 0.9324
2024-05-15 15:33:47,140 - mainlogger - INFO - 2.3161694628320308e-05->1.9687440434072263e-05
2024-05-15 15:33:47,140 - mainlogger - INFO - Epoch 90  0.5916980654001236
2024-05-15 15:33:47,140 - mainlogger - INFO - ********************************************************************************
2024-05-15 15:33:52,185 - mainlogger - INFO - valid
2024-05-15 15:33:57,901 - mainlogger - INFO - Dice score: 0.6536
2024-05-15 15:33:57,901 - mainlogger - INFO - Accuracy: 0.9353
2024-05-15 15:33:57,902 - mainlogger - INFO - Epoch 91  0.6028845682740211
2024-05-15 15:33:57,902 - mainlogger - INFO - train
2024-05-15 15:34:01,085 - mainlogger - INFO - Dice score: 0.9233
2024-05-15 15:34:01,085 - mainlogger - INFO - Accuracy: 0.9811
2024-05-15 15:34:01,085 - mainlogger - INFO - test
2024-05-15 15:34:06,922 - mainlogger - INFO - Dice score: 0.6393
2024-05-15 15:34:06,922 - mainlogger - INFO - Accuracy: 0.9334
2024-05-15 15:34:06,922 - mainlogger - INFO - ********************************************************************************
2024-05-15 15:34:11,880 - mainlogger - INFO - valid
2024-05-15 15:34:17,567 - mainlogger - INFO - Dice score: 0.6551
2024-05-15 15:34:17,567 - mainlogger - INFO - Accuracy: 0.9371
2024-05-15 15:34:17,567 - mainlogger - INFO - Epoch 92  0.5373814068734646
2024-05-15 15:34:17,567 - mainlogger - INFO - ********************************************************************************
2024-05-15 15:34:22,393 - mainlogger - INFO - valid
2024-05-15 15:34:28,051 - mainlogger - INFO - Dice score: 0.6504
2024-05-15 15:34:28,051 - mainlogger - INFO - Accuracy: 0.9354
2024-05-15 15:34:28,052 - mainlogger - INFO - Epoch 93  0.5460162311792374
2024-05-15 15:34:28,052 - mainlogger - INFO - ********************************************************************************
2024-05-15 15:34:32,874 - mainlogger - INFO - valid
2024-05-15 15:34:38,571 - mainlogger - INFO - Dice score: 0.6431
2024-05-15 15:34:38,571 - mainlogger - INFO - Accuracy: 0.9333
2024-05-15 15:34:38,572 - mainlogger - INFO - 1.9687440434072263e-05->1.673432436896142e-05
2024-05-15 15:34:38,572 - mainlogger - INFO - Epoch 94  0.6204962581396103
2024-05-15 15:34:38,572 - mainlogger - INFO - ********************************************************************************
2024-05-15 15:34:43,385 - mainlogger - INFO - valid
2024-05-15 15:34:48,946 - mainlogger - INFO - Dice score: 0.6641
2024-05-15 15:34:48,947 - mainlogger - INFO - Accuracy: 0.934
2024-05-15 15:34:48,947 - mainlogger - INFO - Epoch 95  0.6192050948739052
2024-05-15 15:34:48,947 - mainlogger - INFO - ********************************************************************************
2024-05-15 15:34:53,786 - mainlogger - INFO - valid
2024-05-15 15:34:59,487 - mainlogger - INFO - Dice score: 0.6615
2024-05-15 15:34:59,487 - mainlogger - INFO - Accuracy: 0.9304
2024-05-15 15:34:59,487 - mainlogger - INFO - Epoch 96  0.5416994504630566
2024-05-15 15:34:59,487 - mainlogger - INFO - ********************************************************************************
2024-05-15 15:35:04,285 - mainlogger - INFO - valid
2024-05-15 15:35:09,554 - mainlogger - INFO - Dice score: 0.6737
2024-05-15 15:35:09,554 - mainlogger - INFO - Accuracy: 0.9388
2024-05-15 15:35:09,554 - mainlogger - INFO - Epoch 97  0.5305716432631016
2024-05-15 15:35:09,554 - mainlogger - INFO - ********************************************************************************
2024-05-15 15:35:14,379 - mainlogger - INFO - valid
2024-05-15 15:35:19,824 - mainlogger - INFO - Dice score: 0.664
2024-05-15 15:35:19,824 - mainlogger - INFO - Accuracy: 0.9401
2024-05-15 15:35:19,824 - mainlogger - INFO - 1.673432436896142e-05->1.4224175713617208e-05
2024-05-15 15:35:19,824 - mainlogger - INFO - Epoch 98  0.5655300207436085
2024-05-15 15:35:19,824 - mainlogger - INFO - ********************************************************************************
2024-05-15 15:35:24,693 - mainlogger - INFO - valid
2024-05-15 15:35:30,260 - mainlogger - INFO - Dice score: 0.66
2024-05-15 15:35:30,260 - mainlogger - INFO - Accuracy: 0.9366
2024-05-15 15:35:30,260 - mainlogger - INFO - Epoch 99  0.5396502986550331
2024-05-15 15:35:30,260 - mainlogger - INFO - train
2024-05-15 15:35:33,715 - mainlogger - INFO - Dice score: 0.9352
2024-05-15 15:35:33,715 - mainlogger - INFO - Accuracy: 0.9843
2024-05-15 15:35:33,715 - mainlogger - INFO - test
2024-05-15 15:35:39,391 - mainlogger - INFO - Dice score: 0.6483
2024-05-15 15:35:39,391 - mainlogger - INFO - Accuracy: 0.9344
2024-05-15 15:35:39,391 - mainlogger - INFO - ********************************************************************************
2024-05-15 15:35:39,392 - mainlogger - INFO - (76, 80)
2024-05-15 15:35:39,392 - mainlogger - INFO - 0.6815841169274306
