2024-05-15 14:58:59,182 - mainlogger - INFO - 4327
2024-05-15 14:58:59,182 - mainlogger - INFO - <class '__main__.Supervised'>
2024-05-15 14:58:59,183 - mainlogger - INFO - aaunet_config/24m.yaml
2024-05-15 14:58:59,183 - mainlogger - INFO - {'desc': 'first', 'batch_size': 8, 'epochs': 100, 'k': 2, 'root_dir': '/Dataset_BUSI', 'model': {'name': 'aaunet.aaunet.AAUnet', 'args': {'channels': [32, 64, 128, 256, 256, 512], 'act': 'LeakyReLU'}}, 'trainset': {'name': 'datasetBUSI.mask_busi_single.MaskBUSISingle', 'args': {'root_dir': '/Dataset_BUSI', 'image_names_path': 'labeled20.txt', 'mode': 'train'}}, 'testset': {'name': 'datasetBUSI.mask_busi_single.MaskBUSISingle', 'args': {'root_dir': '/Dataset_BUSI', 'image_names_path': 'test.txt', 'mode': 'test'}}, 'validset': {'name': 'datasetBUSI.mask_busi_single.MaskBUSISingle', 'args': {'root_dir': '/Dataset_BUSI', 'image_names_path': 'val.txt', 'mode': 'test'}}, 'criterion': {'name': 'spgutils.focalloss.BinaryFocalLoss', 'args': {'gamma': 1}}, 'optimizer': {'name': 'torch.optim.Adam', 'args': {'lr': 0.0001}}, 'scheduler': {'name': 'torch.optim.lr_scheduler.ReduceLROnPlateau', 'args': {'mode': 'max', 'factor': 0.85, 'patience': 3}}}
2024-05-15 14:58:59,184 - mainlogger - INFO - 24.488821983337402
2024-05-15 14:59:08,421 - mainlogger - INFO - Epoch 0  3.734523296356201
2024-05-15 14:59:08,421 - mainlogger - INFO - ********************************************************************************
2024-05-15 14:59:13,430 - mainlogger - INFO - Epoch 1  3.183324635028839
2024-05-15 14:59:13,430 - mainlogger - INFO - train
2024-05-15 14:59:17,195 - mainlogger - INFO - Dice score: 0.2205
2024-05-15 14:59:17,195 - mainlogger - INFO - Accuracy: 0.1239
2024-05-15 14:59:17,195 - mainlogger - INFO - test
2024-05-15 14:59:23,993 - mainlogger - INFO - Dice score: 0.1823
2024-05-15 14:59:23,993 - mainlogger - INFO - Accuracy: 0.1004
2024-05-15 14:59:23,993 - mainlogger - INFO - ********************************************************************************
2024-05-15 14:59:29,175 - mainlogger - INFO - Epoch 2  2.9197927117347717
2024-05-15 14:59:29,176 - mainlogger - INFO - ********************************************************************************
2024-05-15 14:59:34,086 - mainlogger - INFO - Epoch 3  2.6923325955867767
2024-05-15 14:59:34,086 - mainlogger - INFO - ********************************************************************************
2024-05-15 14:59:39,097 - mainlogger - INFO - Epoch 4  2.6099578142166138
2024-05-15 14:59:39,098 - mainlogger - INFO - ********************************************************************************
2024-05-15 14:59:44,278 - mainlogger - INFO - Epoch 5  2.5351181775331497
2024-05-15 14:59:44,278 - mainlogger - INFO - ********************************************************************************
2024-05-15 14:59:49,294 - mainlogger - INFO - Epoch 6  2.5480745285749435
2024-05-15 14:59:49,295 - mainlogger - INFO - ********************************************************************************
2024-05-15 14:59:54,315 - mainlogger - INFO - Epoch 7  2.5030876100063324
2024-05-15 14:59:54,315 - mainlogger - INFO - ********************************************************************************
2024-05-15 14:59:59,559 - mainlogger - INFO - Epoch 8  2.429235726594925
2024-05-15 14:59:59,559 - mainlogger - INFO - ********************************************************************************
2024-05-15 15:00:04,686 - mainlogger - INFO - Epoch 9  2.3368249386548996
2024-05-15 15:00:04,687 - mainlogger - INFO - ********************************************************************************
2024-05-15 15:00:09,682 - mainlogger - INFO - Epoch 10  2.252935513854027
2024-05-15 15:00:09,682 - mainlogger - INFO - ********************************************************************************
2024-05-15 15:00:14,676 - mainlogger - INFO - Epoch 11  2.2086125761270523
2024-05-15 15:00:14,676 - mainlogger - INFO - train
2024-05-15 15:00:18,352 - mainlogger - INFO - Dice score: 0.5167
2024-05-15 15:00:18,352 - mainlogger - INFO - Accuracy: 0.8855
2024-05-15 15:00:18,352 - mainlogger - INFO - test
2024-05-15 15:00:23,945 - mainlogger - INFO - Dice score: 0.4454
2024-05-15 15:00:23,946 - mainlogger - INFO - Accuracy: 0.8901
2024-05-15 15:00:23,946 - mainlogger - INFO - ********************************************************************************
2024-05-15 15:00:28,868 - mainlogger - INFO - Epoch 12  2.2256994247436523
2024-05-15 15:00:28,868 - mainlogger - INFO - ********************************************************************************
2024-05-15 15:00:34,060 - mainlogger - INFO - Epoch 13  2.166114240884781
2024-05-15 15:00:34,061 - mainlogger - INFO - ********************************************************************************
2024-05-15 15:00:39,028 - mainlogger - INFO - Epoch 14  2.1130415499210358
2024-05-15 15:00:39,028 - mainlogger - INFO - ********************************************************************************
2024-05-15 15:00:43,995 - mainlogger - INFO - Epoch 15  1.9931245297193527
2024-05-15 15:00:43,996 - mainlogger - INFO - ********************************************************************************
2024-05-15 15:00:48,999 - mainlogger - INFO - Epoch 16  2.0287492871284485
2024-05-15 15:00:48,999 - mainlogger - INFO - ********************************************************************************
2024-05-15 15:00:54,098 - mainlogger - INFO - Epoch 17  2.008409157395363
2024-05-15 15:00:54,100 - mainlogger - INFO - ********************************************************************************
2024-05-15 15:00:58,987 - mainlogger - INFO - Epoch 18  1.9123851954936981
2024-05-15 15:00:58,987 - mainlogger - INFO - ********************************************************************************
2024-05-15 15:01:04,078 - mainlogger - INFO - Epoch 19  1.886499598622322
2024-05-15 15:01:04,079 - mainlogger - INFO - ********************************************************************************
2024-05-15 15:01:09,211 - mainlogger - INFO - Epoch 20  1.861085221171379
2024-05-15 15:01:09,211 - mainlogger - INFO - ********************************************************************************
2024-05-15 15:01:14,190 - mainlogger - INFO - Epoch 21  1.8620432019233704
2024-05-15 15:01:14,191 - mainlogger - INFO - train
2024-05-15 15:01:17,992 - mainlogger - INFO - Dice score: 0.6323
2024-05-15 15:01:17,992 - mainlogger - INFO - Accuracy: 0.9264
2024-05-15 15:01:17,992 - mainlogger - INFO - test
2024-05-15 15:01:24,258 - mainlogger - INFO - Dice score: 0.5565
2024-05-15 15:01:24,258 - mainlogger - INFO - Accuracy: 0.9242
2024-05-15 15:01:24,258 - mainlogger - INFO - ********************************************************************************
2024-05-15 15:01:29,091 - mainlogger - INFO - Epoch 22  1.805934578180313
2024-05-15 15:01:29,091 - mainlogger - INFO - ********************************************************************************
2024-05-15 15:01:33,877 - mainlogger - INFO - Epoch 23  1.7446939498186111
2024-05-15 15:01:33,877 - mainlogger - INFO - ********************************************************************************
2024-05-15 15:01:38,794 - mainlogger - INFO - Epoch 24  1.7274919152259827
2024-05-15 15:01:38,794 - mainlogger - INFO - ********************************************************************************
2024-05-15 15:01:43,852 - mainlogger - INFO - Epoch 25  1.7048612982034683
2024-05-15 15:01:43,853 - mainlogger - INFO - ********************************************************************************
2024-05-15 15:01:48,869 - mainlogger - INFO - Epoch 26  1.6641707867383957
2024-05-15 15:01:48,869 - mainlogger - INFO - ********************************************************************************
2024-05-15 15:01:54,119 - mainlogger - INFO - Epoch 27  1.6332884430885315
2024-05-15 15:01:54,120 - mainlogger - INFO - ********************************************************************************
2024-05-15 15:01:59,056 - mainlogger - INFO - Epoch 28  1.608127400279045
2024-05-15 15:01:59,056 - mainlogger - INFO - ********************************************************************************
2024-05-15 15:02:04,258 - mainlogger - INFO - Epoch 29  1.6097783297300339
2024-05-15 15:02:04,259 - mainlogger - INFO - ********************************************************************************
2024-05-15 15:02:09,286 - mainlogger - INFO - Epoch 30  1.5477590560913086
2024-05-15 15:02:09,286 - mainlogger - INFO - ********************************************************************************
2024-05-15 15:02:14,403 - mainlogger - INFO - Epoch 31  1.5095648914575577
2024-05-15 15:02:14,403 - mainlogger - INFO - train
2024-05-15 15:02:18,160 - mainlogger - INFO - Dice score: 0.7211
2024-05-15 15:02:18,160 - mainlogger - INFO - Accuracy: 0.9398
2024-05-15 15:02:18,160 - mainlogger - INFO - test
2024-05-15 15:02:24,316 - mainlogger - INFO - Dice score: 0.6103
2024-05-15 15:02:24,316 - mainlogger - INFO - Accuracy: 0.9298
2024-05-15 15:02:24,316 - mainlogger - INFO - ********************************************************************************
2024-05-15 15:02:29,185 - mainlogger - INFO - Epoch 32  1.4757879376411438
2024-05-15 15:02:29,186 - mainlogger - INFO - ********************************************************************************
2024-05-15 15:02:34,408 - mainlogger - INFO - Epoch 33  1.51648510992527
2024-05-15 15:02:34,409 - mainlogger - INFO - ********************************************************************************
2024-05-15 15:02:39,404 - mainlogger - INFO - Epoch 34  1.4329449534416199
2024-05-15 15:02:39,405 - mainlogger - INFO - ********************************************************************************
2024-05-15 15:02:44,306 - mainlogger - INFO - Epoch 35  1.4398116320371628
2024-05-15 15:02:44,306 - mainlogger - INFO - ********************************************************************************
2024-05-15 15:02:49,085 - mainlogger - INFO - Epoch 36  1.390803575515747
2024-05-15 15:02:49,085 - mainlogger - INFO - ********************************************************************************
2024-05-15 15:02:54,093 - mainlogger - INFO - Epoch 37  1.4166272804141045
2024-05-15 15:02:54,094 - mainlogger - INFO - ********************************************************************************
2024-05-15 15:02:59,001 - mainlogger - INFO - Epoch 38  1.3356486186385155
2024-05-15 15:02:59,002 - mainlogger - INFO - ********************************************************************************
2024-05-15 15:03:03,974 - mainlogger - INFO - Epoch 39  1.3187868669629097
2024-05-15 15:03:03,974 - mainlogger - INFO - ********************************************************************************
2024-05-15 15:03:08,904 - mainlogger - INFO - valid
2024-05-15 15:03:15,416 - mainlogger - INFO - Dice score: 0.5806
2024-05-15 15:03:15,416 - mainlogger - INFO - Accuracy: 0.8946
2024-05-15 15:03:15,416 - mainlogger - INFO - Epoch 40  1.3193448334932327
2024-05-15 15:03:15,416 - mainlogger - INFO - ********************************************************************************
2024-05-15 15:03:20,457 - mainlogger - INFO - valid
2024-05-15 15:03:26,444 - mainlogger - INFO - Dice score: 0.631
2024-05-15 15:03:26,444 - mainlogger - INFO - Accuracy: 0.9161
2024-05-15 15:03:26,444 - mainlogger - INFO - Epoch 41  1.3550163507461548
2024-05-15 15:03:26,444 - mainlogger - INFO - train
2024-05-15 15:03:30,066 - mainlogger - INFO - Dice score: 0.8183
2024-05-15 15:03:30,066 - mainlogger - INFO - Accuracy: 0.9562
2024-05-15 15:03:30,066 - mainlogger - INFO - test
2024-05-15 15:03:36,152 - mainlogger - INFO - Dice score: 0.6506
2024-05-15 15:03:36,152 - mainlogger - INFO - Accuracy: 0.9272
2024-05-15 15:03:36,152 - mainlogger - INFO - ********************************************************************************
2024-05-15 15:03:41,303 - mainlogger - INFO - valid
2024-05-15 15:03:47,200 - mainlogger - INFO - Dice score: 0.6027
2024-05-15 15:03:47,201 - mainlogger - INFO - Accuracy: 0.9344
2024-05-15 15:03:47,201 - mainlogger - INFO - Epoch 42  1.2683003470301628
2024-05-15 15:03:47,201 - mainlogger - INFO - ********************************************************************************
2024-05-15 15:03:52,154 - mainlogger - INFO - valid
2024-05-15 15:03:58,365 - mainlogger - INFO - Dice score: 0.5732
2024-05-15 15:03:58,365 - mainlogger - INFO - Accuracy: 0.9192
2024-05-15 15:03:58,366 - mainlogger - INFO - Epoch 43  1.260635957121849
2024-05-15 15:03:58,366 - mainlogger - INFO - ********************************************************************************
2024-05-15 15:04:03,371 - mainlogger - INFO - valid
2024-05-15 15:04:09,468 - mainlogger - INFO - Dice score: 0.5811
2024-05-15 15:04:09,469 - mainlogger - INFO - Accuracy: 0.9225
2024-05-15 15:04:09,469 - mainlogger - INFO - Epoch 44  1.2676264271140099
2024-05-15 15:04:09,469 - mainlogger - INFO - ********************************************************************************
2024-05-15 15:04:14,462 - mainlogger - INFO - valid
2024-05-15 15:04:20,799 - mainlogger - INFO - Dice score: 0.6126
2024-05-15 15:04:20,799 - mainlogger - INFO - Accuracy: 0.9154
2024-05-15 15:04:20,799 - mainlogger - INFO - 0.0001->8.5e-05
2024-05-15 15:04:20,800 - mainlogger - INFO - Epoch 45  1.311303399503231
2024-05-15 15:04:20,800 - mainlogger - INFO - ********************************************************************************
2024-05-15 15:04:25,809 - mainlogger - INFO - valid
2024-05-15 15:04:32,017 - mainlogger - INFO - Dice score: 0.605
2024-05-15 15:04:32,017 - mainlogger - INFO - Accuracy: 0.9092
2024-05-15 15:04:32,017 - mainlogger - INFO - Epoch 46  1.2940284982323647
2024-05-15 15:04:32,017 - mainlogger - INFO - ********************************************************************************
2024-05-15 15:04:37,190 - mainlogger - INFO - valid
2024-05-15 15:04:43,126 - mainlogger - INFO - Dice score: 0.6275
2024-05-15 15:04:43,126 - mainlogger - INFO - Accuracy: 0.9193
2024-05-15 15:04:43,126 - mainlogger - INFO - Epoch 47  1.244770236313343
2024-05-15 15:04:43,126 - mainlogger - INFO - ********************************************************************************
2024-05-15 15:04:48,190 - mainlogger - INFO - valid
2024-05-15 15:04:53,892 - mainlogger - INFO - Dice score: 0.6536
2024-05-15 15:04:53,892 - mainlogger - INFO - Accuracy: 0.9285
2024-05-15 15:04:53,892 - mainlogger - INFO - Epoch 48  1.2605632320046425
2024-05-15 15:04:53,893 - mainlogger - INFO - ********************************************************************************
2024-05-15 15:04:58,749 - mainlogger - INFO - valid
2024-05-15 15:05:04,736 - mainlogger - INFO - Dice score: 0.6209
2024-05-15 15:05:04,736 - mainlogger - INFO - Accuracy: 0.9096
2024-05-15 15:05:04,736 - mainlogger - INFO - Epoch 49  1.2210500091314316
2024-05-15 15:05:04,736 - mainlogger - INFO - ********************************************************************************
2024-05-15 15:05:09,954 - mainlogger - INFO - valid
2024-05-15 15:05:16,310 - mainlogger - INFO - Dice score: 0.6393
2024-05-15 15:05:16,311 - mainlogger - INFO - Accuracy: 0.927
2024-05-15 15:05:16,311 - mainlogger - INFO - Epoch 50  1.1311933249235153
2024-05-15 15:05:16,311 - mainlogger - INFO - ********************************************************************************
2024-05-15 15:05:21,492 - mainlogger - INFO - valid
2024-05-15 15:05:27,657 - mainlogger - INFO - Dice score: 0.6342
2024-05-15 15:05:27,657 - mainlogger - INFO - Accuracy: 0.9215
2024-05-15 15:05:27,658 - mainlogger - INFO - Epoch 51  1.122367188334465
2024-05-15 15:05:27,658 - mainlogger - INFO - train
2024-05-15 15:05:30,990 - mainlogger - INFO - Dice score: 0.8566
2024-05-15 15:05:30,991 - mainlogger - INFO - Accuracy: 0.9651
2024-05-15 15:05:30,991 - mainlogger - INFO - test
2024-05-15 15:05:37,009 - mainlogger - INFO - Dice score: 0.6423
2024-05-15 15:05:37,010 - mainlogger - INFO - Accuracy: 0.9281
2024-05-15 15:05:37,010 - mainlogger - INFO - ********************************************************************************
2024-05-15 15:05:42,199 - mainlogger - INFO - valid
2024-05-15 15:05:48,282 - mainlogger - INFO - Dice score: 0.6334
2024-05-15 15:05:48,283 - mainlogger - INFO - Accuracy: 0.9261
2024-05-15 15:05:48,283 - mainlogger - INFO - 8.5e-05->7.225000000000001e-05
2024-05-15 15:05:48,283 - mainlogger - INFO - Epoch 52  1.1472719013690948
2024-05-15 15:05:48,283 - mainlogger - INFO - ********************************************************************************
2024-05-15 15:05:53,200 - mainlogger - INFO - valid
2024-05-15 15:05:59,364 - mainlogger - INFO - Dice score: 0.649
2024-05-15 15:05:59,365 - mainlogger - INFO - Accuracy: 0.921
2024-05-15 15:05:59,365 - mainlogger - INFO - Epoch 53  1.1333332285284996
2024-05-15 15:05:59,365 - mainlogger - INFO - ********************************************************************************
2024-05-15 15:06:04,397 - mainlogger - INFO - valid
2024-05-15 15:06:10,557 - mainlogger - INFO - Dice score: 0.647
2024-05-15 15:06:10,558 - mainlogger - INFO - Accuracy: 0.9224
2024-05-15 15:06:10,558 - mainlogger - INFO - Epoch 54  1.0629662796854973
2024-05-15 15:06:10,558 - mainlogger - INFO - ********************************************************************************
2024-05-15 15:06:15,558 - mainlogger - INFO - valid
2024-05-15 15:06:21,742 - mainlogger - INFO - Dice score: 0.6303
2024-05-15 15:06:21,742 - mainlogger - INFO - Accuracy: 0.9133
2024-05-15 15:06:21,743 - mainlogger - INFO - Epoch 55  1.096247524023056
2024-05-15 15:06:21,743 - mainlogger - INFO - ********************************************************************************
2024-05-15 15:06:26,799 - mainlogger - INFO - valid
2024-05-15 15:06:32,847 - mainlogger - INFO - Dice score: 0.6506
2024-05-15 15:06:32,848 - mainlogger - INFO - Accuracy: 0.9357
2024-05-15 15:06:32,848 - mainlogger - INFO - 7.225000000000001e-05->6.141250000000001e-05
2024-05-15 15:06:32,848 - mainlogger - INFO - Epoch 56  1.057607114315033
2024-05-15 15:06:32,848 - mainlogger - INFO - ********************************************************************************
2024-05-15 15:06:37,786 - mainlogger - INFO - valid
2024-05-15 15:06:43,834 - mainlogger - INFO - Dice score: 0.6278
2024-05-15 15:06:43,835 - mainlogger - INFO - Accuracy: 0.9343
2024-05-15 15:06:43,835 - mainlogger - INFO - Epoch 57  1.0098796486854553
2024-05-15 15:06:43,835 - mainlogger - INFO - ********************************************************************************
2024-05-15 15:06:48,664 - mainlogger - INFO - valid
2024-05-15 15:06:54,014 - mainlogger - INFO - Dice score: 0.6234
2024-05-15 15:06:54,014 - mainlogger - INFO - Accuracy: 0.9292
2024-05-15 15:06:54,014 - mainlogger - INFO - Epoch 58  1.0059756338596344
2024-05-15 15:06:54,014 - mainlogger - INFO - ********************************************************************************
2024-05-15 15:06:58,869 - mainlogger - INFO - valid
2024-05-15 15:07:04,567 - mainlogger - INFO - Dice score: 0.6188
2024-05-15 15:07:04,568 - mainlogger - INFO - Accuracy: 0.9116
2024-05-15 15:07:04,568 - mainlogger - INFO - Epoch 59  1.0472477227449417
2024-05-15 15:07:04,568 - mainlogger - INFO - ********************************************************************************
2024-05-15 15:07:09,592 - mainlogger - INFO - valid
2024-05-15 15:07:15,739 - mainlogger - INFO - Dice score: 0.6326
2024-05-15 15:07:15,739 - mainlogger - INFO - Accuracy: 0.9218
2024-05-15 15:07:15,740 - mainlogger - INFO - 6.141250000000001e-05->5.2200625000000005e-05
2024-05-15 15:07:15,740 - mainlogger - INFO - Epoch 60  0.9854549616575241
2024-05-15 15:07:15,740 - mainlogger - INFO - ********************************************************************************
2024-05-15 15:07:20,878 - mainlogger - INFO - valid
2024-05-15 15:07:26,622 - mainlogger - INFO - Dice score: 0.6285
2024-05-15 15:07:26,622 - mainlogger - INFO - Accuracy: 0.9263
2024-05-15 15:07:26,622 - mainlogger - INFO - Epoch 61  0.9787115156650543
2024-05-15 15:07:26,622 - mainlogger - INFO - train
2024-05-15 15:07:30,233 - mainlogger - INFO - Dice score: 0.8752
2024-05-15 15:07:30,234 - mainlogger - INFO - Accuracy: 0.968
2024-05-15 15:07:30,234 - mainlogger - INFO - test
2024-05-15 15:07:36,121 - mainlogger - INFO - Dice score: 0.639
2024-05-15 15:07:36,121 - mainlogger - INFO - Accuracy: 0.9312
2024-05-15 15:07:36,121 - mainlogger - INFO - ********************************************************************************
2024-05-15 15:07:41,073 - mainlogger - INFO - valid
2024-05-15 15:07:46,852 - mainlogger - INFO - Dice score: 0.624
2024-05-15 15:07:46,852 - mainlogger - INFO - Accuracy: 0.9243
2024-05-15 15:07:46,852 - mainlogger - INFO - Epoch 62  0.9942551925778389
2024-05-15 15:07:46,852 - mainlogger - INFO - ********************************************************************************
2024-05-15 15:07:51,783 - mainlogger - INFO - valid
2024-05-15 15:07:57,676 - mainlogger - INFO - Dice score: 0.6269
2024-05-15 15:07:57,676 - mainlogger - INFO - Accuracy: 0.9222
2024-05-15 15:07:57,676 - mainlogger - INFO - Epoch 63  0.9478050619363785
2024-05-15 15:07:57,676 - mainlogger - INFO - ********************************************************************************
2024-05-15 15:08:02,568 - mainlogger - INFO - valid
2024-05-15 15:08:09,047 - mainlogger - INFO - Dice score: 0.616
2024-05-15 15:08:09,047 - mainlogger - INFO - Accuracy: 0.9159
2024-05-15 15:08:09,047 - mainlogger - INFO - 5.2200625000000005e-05->4.437053125e-05
2024-05-15 15:08:09,047 - mainlogger - INFO - Epoch 64  0.9471499547362328
2024-05-15 15:08:09,047 - mainlogger - INFO - ********************************************************************************
2024-05-15 15:08:14,268 - mainlogger - INFO - valid
2024-05-15 15:08:20,566 - mainlogger - INFO - Dice score: 0.6325
2024-05-15 15:08:20,567 - mainlogger - INFO - Accuracy: 0.9227
2024-05-15 15:08:20,567 - mainlogger - INFO - Epoch 65  0.9386779814958572
2024-05-15 15:08:20,567 - mainlogger - INFO - ********************************************************************************
2024-05-15 15:08:25,480 - mainlogger - INFO - valid
2024-05-15 15:08:30,797 - mainlogger - INFO - Dice score: 0.6335
2024-05-15 15:08:30,798 - mainlogger - INFO - Accuracy: 0.9329
2024-05-15 15:08:30,798 - mainlogger - INFO - Epoch 66  0.9942710399627686
2024-05-15 15:08:30,798 - mainlogger - INFO - ********************************************************************************
2024-05-15 15:08:35,580 - mainlogger - INFO - valid
2024-05-15 15:08:41,866 - mainlogger - INFO - Dice score: 0.6416
2024-05-15 15:08:41,866 - mainlogger - INFO - Accuracy: 0.9317
2024-05-15 15:08:41,866 - mainlogger - INFO - Epoch 67  0.9057014137506485
2024-05-15 15:08:41,866 - mainlogger - INFO - ********************************************************************************
2024-05-15 15:08:46,861 - mainlogger - INFO - valid
2024-05-15 15:08:53,291 - mainlogger - INFO - Dice score: 0.6346
2024-05-15 15:08:53,292 - mainlogger - INFO - Accuracy: 0.9303
2024-05-15 15:08:53,292 - mainlogger - INFO - 4.437053125e-05->3.77149515625e-05
2024-05-15 15:08:53,292 - mainlogger - INFO - Epoch 68  0.9273844063282013
2024-05-15 15:08:53,292 - mainlogger - INFO - ********************************************************************************
2024-05-15 15:08:58,382 - mainlogger - INFO - valid
2024-05-15 15:09:04,758 - mainlogger - INFO - Dice score: 0.6372
2024-05-15 15:09:04,758 - mainlogger - INFO - Accuracy: 0.9263
2024-05-15 15:09:04,758 - mainlogger - INFO - Epoch 69  0.9467898532748222
2024-05-15 15:09:04,759 - mainlogger - INFO - ********************************************************************************
2024-05-15 15:09:09,908 - mainlogger - INFO - valid
2024-05-15 15:09:15,946 - mainlogger - INFO - Dice score: 0.6388
2024-05-15 15:09:15,946 - mainlogger - INFO - Accuracy: 0.9274
2024-05-15 15:09:15,946 - mainlogger - INFO - Epoch 70  0.8661428242921829
2024-05-15 15:09:15,946 - mainlogger - INFO - ********************************************************************************
2024-05-15 15:09:20,909 - mainlogger - INFO - valid
2024-05-15 15:09:26,865 - mainlogger - INFO - Dice score: 0.6359
2024-05-15 15:09:26,865 - mainlogger - INFO - Accuracy: 0.9286
2024-05-15 15:09:26,866 - mainlogger - INFO - Epoch 71  0.882407583296299
2024-05-15 15:09:26,866 - mainlogger - INFO - train
2024-05-15 15:09:30,508 - mainlogger - INFO - Dice score: 0.9104
2024-05-15 15:09:30,509 - mainlogger - INFO - Accuracy: 0.9775
2024-05-15 15:09:30,509 - mainlogger - INFO - test
2024-05-15 15:09:36,466 - mainlogger - INFO - Dice score: 0.6543
2024-05-15 15:09:36,466 - mainlogger - INFO - Accuracy: 0.9348
2024-05-15 15:09:36,466 - mainlogger - INFO - ********************************************************************************
2024-05-15 15:09:41,343 - mainlogger - INFO - valid
2024-05-15 15:09:47,449 - mainlogger - INFO - Dice score: 0.632
2024-05-15 15:09:47,450 - mainlogger - INFO - Accuracy: 0.9295
2024-05-15 15:09:47,450 - mainlogger - INFO - 3.77149515625e-05->3.2057708828124995e-05
2024-05-15 15:09:47,450 - mainlogger - INFO - Epoch 72  0.8413310348987579
2024-05-15 15:09:47,450 - mainlogger - INFO - ********************************************************************************
2024-05-15 15:09:52,452 - mainlogger - INFO - valid
2024-05-15 15:09:58,487 - mainlogger - INFO - Dice score: 0.6505
2024-05-15 15:09:58,487 - mainlogger - INFO - Accuracy: 0.9302
2024-05-15 15:09:58,487 - mainlogger - INFO - Epoch 73  0.8759114891290665
2024-05-15 15:09:58,487 - mainlogger - INFO - ********************************************************************************
2024-05-15 15:10:03,376 - mainlogger - INFO - valid
2024-05-15 15:10:09,281 - mainlogger - INFO - Dice score: 0.6441
2024-05-15 15:10:09,281 - mainlogger - INFO - Accuracy: 0.9374
2024-05-15 15:10:09,282 - mainlogger - INFO - Epoch 74  0.9354747086763382
2024-05-15 15:10:09,282 - mainlogger - INFO - ********************************************************************************
2024-05-15 15:10:14,258 - mainlogger - INFO - valid
2024-05-15 15:10:20,044 - mainlogger - INFO - Dice score: 0.64
2024-05-15 15:10:20,045 - mainlogger - INFO - Accuracy: 0.9354
2024-05-15 15:10:20,045 - mainlogger - INFO - Epoch 75  0.8702369853854179
2024-05-15 15:10:20,045 - mainlogger - INFO - ********************************************************************************
2024-05-15 15:10:25,261 - mainlogger - INFO - valid
2024-05-15 15:10:31,417 - mainlogger - INFO - Dice score: 0.656
2024-05-15 15:10:31,417 - mainlogger - INFO - Accuracy: 0.9338
2024-05-15 15:10:31,417 - mainlogger - INFO - Epoch 76  0.8499899879097939
2024-05-15 15:10:31,417 - mainlogger - INFO - ********************************************************************************
2024-05-15 15:10:36,279 - mainlogger - INFO - valid
2024-05-15 15:10:41,807 - mainlogger - INFO - Dice score: 0.6624
2024-05-15 15:10:41,807 - mainlogger - INFO - Accuracy: 0.9325
2024-05-15 15:10:41,807 - mainlogger - INFO - Epoch 77  0.8796029761433601
2024-05-15 15:10:41,807 - mainlogger - INFO - ********************************************************************************
2024-05-15 15:10:46,783 - mainlogger - INFO - valid
2024-05-15 15:10:52,952 - mainlogger - INFO - Dice score: 0.6707
2024-05-15 15:10:52,952 - mainlogger - INFO - Accuracy: 0.9332
2024-05-15 15:10:52,952 - mainlogger - INFO - Epoch 78  0.8486015051603317
2024-05-15 15:10:52,952 - mainlogger - INFO - ********************************************************************************
2024-05-15 15:10:57,967 - mainlogger - INFO - valid
2024-05-15 15:11:04,067 - mainlogger - INFO - Dice score: 0.6582
2024-05-15 15:11:04,067 - mainlogger - INFO - Accuracy: 0.9343
2024-05-15 15:11:04,067 - mainlogger - INFO - Epoch 79  0.8251202553510666
2024-05-15 15:11:04,067 - mainlogger - INFO - ********************************************************************************
2024-05-15 15:11:09,268 - mainlogger - INFO - valid
2024-05-15 15:11:15,688 - mainlogger - INFO - Dice score: 0.6355
2024-05-15 15:11:15,688 - mainlogger - INFO - Accuracy: 0.9334
2024-05-15 15:11:15,688 - mainlogger - INFO - Epoch 80  0.8417260050773621
2024-05-15 15:11:15,688 - mainlogger - INFO - ********************************************************************************
2024-05-15 15:11:20,772 - mainlogger - INFO - valid
2024-05-15 15:11:26,942 - mainlogger - INFO - Dice score: 0.6235
2024-05-15 15:11:26,942 - mainlogger - INFO - Accuracy: 0.9265
2024-05-15 15:11:26,942 - mainlogger - INFO - Epoch 81  0.8817569762468338
2024-05-15 15:11:26,942 - mainlogger - INFO - train
2024-05-15 15:11:30,541 - mainlogger - INFO - Dice score: 0.9114
2024-05-15 15:11:30,542 - mainlogger - INFO - Accuracy: 0.9773
2024-05-15 15:11:30,542 - mainlogger - INFO - test
2024-05-15 15:11:36,556 - mainlogger - INFO - Dice score: 0.6381
2024-05-15 15:11:36,556 - mainlogger - INFO - Accuracy: 0.9274
2024-05-15 15:11:36,556 - mainlogger - INFO - ********************************************************************************
2024-05-15 15:11:41,485 - mainlogger - INFO - valid
2024-05-15 15:11:47,361 - mainlogger - INFO - Dice score: 0.6272
2024-05-15 15:11:47,361 - mainlogger - INFO - Accuracy: 0.9311
2024-05-15 15:11:47,361 - mainlogger - INFO - 3.2057708828124995e-05->2.7249052503906245e-05
2024-05-15 15:11:47,361 - mainlogger - INFO - Epoch 82  0.79510697722435
2024-05-15 15:11:47,361 - mainlogger - INFO - ********************************************************************************
2024-05-15 15:11:52,283 - mainlogger - INFO - valid
2024-05-15 15:11:57,777 - mainlogger - INFO - Dice score: 0.6524
2024-05-15 15:11:57,778 - mainlogger - INFO - Accuracy: 0.9307
2024-05-15 15:11:57,778 - mainlogger - INFO - Epoch 83  0.8755748271942139
2024-05-15 15:11:57,778 - mainlogger - INFO - ********************************************************************************
2024-05-15 15:12:02,681 - mainlogger - INFO - valid
2024-05-15 15:12:08,529 - mainlogger - INFO - Dice score: 0.6331
2024-05-15 15:12:08,529 - mainlogger - INFO - Accuracy: 0.9289
2024-05-15 15:12:08,530 - mainlogger - INFO - Epoch 84  0.8372089043259621
2024-05-15 15:12:08,530 - mainlogger - INFO - ********************************************************************************
2024-05-15 15:12:13,449 - mainlogger - INFO - valid
2024-05-15 15:12:19,234 - mainlogger - INFO - Dice score: 0.6156
2024-05-15 15:12:19,234 - mainlogger - INFO - Accuracy: 0.9339
2024-05-15 15:12:19,234 - mainlogger - INFO - Epoch 85  0.8009398356080055
2024-05-15 15:12:19,234 - mainlogger - INFO - ********************************************************************************
2024-05-15 15:12:24,272 - mainlogger - INFO - valid
2024-05-15 15:12:30,352 - mainlogger - INFO - Dice score: 0.6169
2024-05-15 15:12:30,352 - mainlogger - INFO - Accuracy: 0.9278
2024-05-15 15:12:30,352 - mainlogger - INFO - 2.7249052503906245e-05->2.3161694628320308e-05
2024-05-15 15:12:30,352 - mainlogger - INFO - Epoch 86  0.8200967833399773
2024-05-15 15:12:30,352 - mainlogger - INFO - ********************************************************************************
2024-05-15 15:12:35,265 - mainlogger - INFO - valid
2024-05-15 15:12:41,261 - mainlogger - INFO - Dice score: 0.6309
2024-05-15 15:12:41,262 - mainlogger - INFO - Accuracy: 0.9311
2024-05-15 15:12:41,262 - mainlogger - INFO - Epoch 87  0.7956599518656731
2024-05-15 15:12:41,262 - mainlogger - INFO - ********************************************************************************
2024-05-15 15:12:46,377 - mainlogger - INFO - valid
2024-05-15 15:12:52,467 - mainlogger - INFO - Dice score: 0.6378
2024-05-15 15:12:52,467 - mainlogger - INFO - Accuracy: 0.9313
2024-05-15 15:12:52,467 - mainlogger - INFO - Epoch 88  0.7651929035782814
2024-05-15 15:12:52,467 - mainlogger - INFO - ********************************************************************************
2024-05-15 15:12:57,601 - mainlogger - INFO - valid
2024-05-15 15:13:04,016 - mainlogger - INFO - Dice score: 0.6408
2024-05-15 15:13:04,016 - mainlogger - INFO - Accuracy: 0.9326
2024-05-15 15:13:04,017 - mainlogger - INFO - Epoch 89  0.7893088534474373
2024-05-15 15:13:04,017 - mainlogger - INFO - ********************************************************************************
2024-05-15 15:13:09,094 - mainlogger - INFO - valid
2024-05-15 15:13:15,306 - mainlogger - INFO - Dice score: 0.6511
2024-05-15 15:13:15,306 - mainlogger - INFO - Accuracy: 0.9293
2024-05-15 15:13:15,307 - mainlogger - INFO - 2.3161694628320308e-05->1.9687440434072263e-05
2024-05-15 15:13:15,307 - mainlogger - INFO - Epoch 90  0.7835859879851341
2024-05-15 15:13:15,307 - mainlogger - INFO - ********************************************************************************
2024-05-15 15:13:20,479 - mainlogger - INFO - valid
2024-05-15 15:13:26,829 - mainlogger - INFO - Dice score: 0.6424
2024-05-15 15:13:26,830 - mainlogger - INFO - Accuracy: 0.9329
2024-05-15 15:13:26,830 - mainlogger - INFO - Epoch 91  0.7988705784082413
2024-05-15 15:13:26,830 - mainlogger - INFO - train
2024-05-15 15:13:30,289 - mainlogger - INFO - Dice score: 0.9198
2024-05-15 15:13:30,289 - mainlogger - INFO - Accuracy: 0.9801
2024-05-15 15:13:30,289 - mainlogger - INFO - test
2024-05-15 15:13:36,213 - mainlogger - INFO - Dice score: 0.6399
2024-05-15 15:13:36,214 - mainlogger - INFO - Accuracy: 0.9328
2024-05-15 15:13:36,214 - mainlogger - INFO - ********************************************************************************
2024-05-15 15:13:40,985 - mainlogger - INFO - valid
2024-05-15 15:13:47,276 - mainlogger - INFO - Dice score: 0.6375
2024-05-15 15:13:47,276 - mainlogger - INFO - Accuracy: 0.9346
2024-05-15 15:13:47,276 - mainlogger - INFO - Epoch 92  0.7539099454879761
2024-05-15 15:13:47,276 - mainlogger - INFO - ********************************************************************************
2024-05-15 15:13:52,447 - mainlogger - INFO - valid
2024-05-15 15:13:58,524 - mainlogger - INFO - Dice score: 0.6475
2024-05-15 15:13:58,524 - mainlogger - INFO - Accuracy: 0.9343
2024-05-15 15:13:58,524 - mainlogger - INFO - Epoch 93  0.7464651614427567
2024-05-15 15:13:58,524 - mainlogger - INFO - ********************************************************************************
2024-05-15 15:14:03,575 - mainlogger - INFO - valid
2024-05-15 15:14:09,643 - mainlogger - INFO - Dice score: 0.6405
2024-05-15 15:14:09,643 - mainlogger - INFO - Accuracy: 0.9341
2024-05-15 15:14:09,643 - mainlogger - INFO - 1.9687440434072263e-05->1.673432436896142e-05
2024-05-15 15:14:09,643 - mainlogger - INFO - Epoch 94  0.8034272566437721
2024-05-15 15:14:09,643 - mainlogger - INFO - ********************************************************************************
2024-05-15 15:14:14,786 - mainlogger - INFO - valid
2024-05-15 15:14:21,138 - mainlogger - INFO - Dice score: 0.6322
2024-05-15 15:14:21,139 - mainlogger - INFO - Accuracy: 0.9341
2024-05-15 15:14:21,139 - mainlogger - INFO - Epoch 95  0.7908225059509277
2024-05-15 15:14:21,139 - mainlogger - INFO - ********************************************************************************
2024-05-15 15:14:26,197 - mainlogger - INFO - valid
2024-05-15 15:14:32,438 - mainlogger - INFO - Dice score: 0.6462
2024-05-15 15:14:32,439 - mainlogger - INFO - Accuracy: 0.9315
2024-05-15 15:14:32,439 - mainlogger - INFO - Epoch 96  0.7557972297072411
2024-05-15 15:14:32,439 - mainlogger - INFO - ********************************************************************************
2024-05-15 15:14:37,491 - mainlogger - INFO - valid
2024-05-15 15:14:43,616 - mainlogger - INFO - Dice score: 0.6497
2024-05-15 15:14:43,616 - mainlogger - INFO - Accuracy: 0.9339
2024-05-15 15:14:43,616 - mainlogger - INFO - Epoch 97  0.7277602255344391
2024-05-15 15:14:43,616 - mainlogger - INFO - ********************************************************************************
2024-05-15 15:14:48,786 - mainlogger - INFO - valid
2024-05-15 15:14:54,848 - mainlogger - INFO - Dice score: 0.6467
2024-05-15 15:14:54,848 - mainlogger - INFO - Accuracy: 0.936
2024-05-15 15:14:54,849 - mainlogger - INFO - 1.673432436896142e-05->1.4224175713617208e-05
2024-05-15 15:14:54,849 - mainlogger - INFO - Epoch 98  0.7736704275012016
2024-05-15 15:14:54,849 - mainlogger - INFO - ********************************************************************************
2024-05-15 15:14:59,952 - mainlogger - INFO - valid
2024-05-15 15:15:06,185 - mainlogger - INFO - Dice score: 0.6479
2024-05-15 15:15:06,185 - mainlogger - INFO - Accuracy: 0.9354
2024-05-15 15:15:06,185 - mainlogger - INFO - Epoch 99  0.7547433748841286
2024-05-15 15:15:06,185 - mainlogger - INFO - train
2024-05-15 15:15:09,728 - mainlogger - INFO - Dice score: 0.9303
2024-05-15 15:15:09,729 - mainlogger - INFO - Accuracy: 0.983
2024-05-15 15:15:09,729 - mainlogger - INFO - test
2024-05-15 15:15:15,413 - mainlogger - INFO - Dice score: 0.6452
2024-05-15 15:15:15,413 - mainlogger - INFO - Accuracy: 0.9353
2024-05-15 15:15:15,413 - mainlogger - INFO - ********************************************************************************
2024-05-15 15:15:15,413 - mainlogger - INFO - (75, 79)
2024-05-15 15:15:15,413 - mainlogger - INFO - 0.6574636418957456
