2024-05-09 14:55:07,173 - mainlogger - INFO - 13050
2024-05-09 14:55:07,173 - mainlogger - INFO - <class '__main__.UniversegPipeline'>
2024-05-09 14:55:07,173 - mainlogger - INFO - universeg_config/relu/kamingnormal.yaml
2024-05-09 14:55:07,174 - mainlogger - INFO - {'desc': '输入单通道，大小384', 'batch_size': 4, 'epochs': 100, 'k': 2, 'root_dir': '/home/4T/zcr/dataset/Dataset_BUSI', 'model': {'name': 'universeg_batchnorm.universeg.UniverSeg', 'args': {'encoder_blocks': [64, 128, 256, 256, 512], 'in_ch': [1, 2], 'nonlinearity': 'ReLU', 'init': True}}, 'trainset': {'name': 'datasetBUSI.mask_busi_single.MaskBUSISingle', 'args': {'root_dir': '/home/4T/zcr/dataset/Dataset_BUSI', 'image_names_path': 'labeled20.txt', 'mode': 'train'}}, 'testset': {'name': 'datasetBUSI.mask_busi_single.MaskBUSISingle', 'args': {'root_dir': '/home/4T/zcr/dataset/Dataset_BUSI', 'image_names_path': 'test.txt', 'mode': 'test'}}, 'criterion': {'name': 'spgutils.focalloss.BinaryFocalLoss', 'args': {'gamma': 1}}, 'optimizer': {'name': 'torch.optim.Adam', 'args': {'lr': 0.0001}}, 'scheduler': {'name': 'torch.optim.lr_scheduler.StepLR', 'args': {'step_size': 1, 'gamma': 0.99}}}
2024-05-09 14:55:07,174 - mainlogger - INFO - 20.491838455200195
2024-05-09 14:55:19,220 - mainlogger - INFO - Epoch 0  7.55009725689888
2024-05-09 14:55:25,497 - mainlogger - INFO - Epoch 1  6.769660145044327
2024-05-09 14:55:31,140 - mainlogger - INFO - Dice score: 0.3186
2024-05-09 14:55:31,140 - mainlogger - INFO - Accuracy: 0.5808
2024-05-09 14:55:41,291 - mainlogger - INFO - Dice score: 0.2601
2024-05-09 14:55:41,292 - mainlogger - INFO - Accuracy: 0.5464
2024-05-09 14:55:47,461 - mainlogger - INFO - Epoch 2  6.401445299386978
2024-05-09 14:55:53,488 - mainlogger - INFO - Epoch 3  6.181003719568253
2024-05-09 14:55:59,613 - mainlogger - INFO - Epoch 4  6.361538872122765
2024-05-09 14:56:05,948 - mainlogger - INFO - Epoch 5  5.79890875518322
2024-05-09 14:56:11,948 - mainlogger - INFO - Epoch 6  5.9745506048202515
2024-05-09 14:56:17,907 - mainlogger - INFO - Epoch 7  6.042809218168259
2024-05-09 14:56:24,742 - mainlogger - INFO - Epoch 8  5.9840134382247925
2024-05-09 14:56:30,960 - mainlogger - INFO - Epoch 9  5.589005291461945
2024-05-09 14:56:37,168 - mainlogger - INFO - Epoch 10  5.820865884423256
2024-05-09 14:56:43,277 - mainlogger - INFO - Epoch 11  5.697286933660507
2024-05-09 14:56:48,831 - mainlogger - INFO - Dice score: 0.4744
2024-05-09 14:56:48,831 - mainlogger - INFO - Accuracy: 0.8
2024-05-09 14:56:58,416 - mainlogger - INFO - Dice score: 0.4399
2024-05-09 14:56:58,417 - mainlogger - INFO - Accuracy: 0.8055
2024-05-09 14:57:04,306 - mainlogger - INFO - Epoch 12  5.629049524664879
2024-05-09 14:57:10,526 - mainlogger - INFO - Epoch 13  5.598387584090233
2024-05-09 14:57:16,792 - mainlogger - INFO - Epoch 14  5.5438893884420395
2024-05-09 14:57:23,004 - mainlogger - INFO - Epoch 15  5.432020619511604
2024-05-09 14:57:29,049 - mainlogger - INFO - Epoch 16  5.60158734023571
2024-05-09 14:57:35,209 - mainlogger - INFO - Epoch 17  5.747877165675163
2024-05-09 14:57:41,349 - mainlogger - INFO - Epoch 18  5.168550997972488
2024-05-09 14:57:47,378 - mainlogger - INFO - Epoch 19  5.24368841946125
2024-05-09 14:57:53,543 - mainlogger - INFO - Epoch 20  5.5059667974710464
2024-05-09 14:57:59,601 - mainlogger - INFO - Epoch 21  5.343614116311073
2024-05-09 14:58:27,147 - mainlogger - INFO - Dice score: 0.6019
2024-05-09 14:58:27,147 - mainlogger - INFO - Accuracy: 0.8939
2024-05-09 14:59:15,470 - mainlogger - INFO - Dice score: 0.5389
2024-05-09 14:59:15,470 - mainlogger - INFO - Accuracy: 0.8837
2024-05-09 14:59:33,643 - mainlogger - INFO - Epoch 22  5.359699383378029
2024-05-09 15:00:07,525 - mainlogger - INFO - Epoch 23  5.081516802310944
2024-05-09 15:00:30,946 - mainlogger - INFO - Epoch 24  5.264619797468185
2024-05-09 15:00:56,056 - mainlogger - INFO - Epoch 25  5.345653623342514
2024-05-09 15:01:28,494 - mainlogger - INFO - Epoch 26  5.211669310927391
2024-05-09 15:01:43,843 - mainlogger - INFO - Epoch 27  5.102902799844742
2024-05-09 15:02:16,877 - mainlogger - INFO - Epoch 28  5.239788144826889
2024-05-09 15:02:44,205 - mainlogger - INFO - Epoch 29  5.207262814044952
2024-05-09 15:03:05,759 - mainlogger - INFO - Epoch 30  5.004147484898567
2024-05-09 15:03:39,534 - mainlogger - INFO - Epoch 31  5.124852702021599
2024-05-09 15:04:07,633 - mainlogger - INFO - Dice score: 0.6119
2024-05-09 15:04:07,633 - mainlogger - INFO - Accuracy: 0.884
2024-05-09 15:04:58,477 - mainlogger - INFO - Dice score: 0.4836
2024-05-09 15:04:58,478 - mainlogger - INFO - Accuracy: 0.8473
2024-05-09 15:05:15,471 - mainlogger - INFO - Epoch 32  5.079813823103905
2024-05-09 15:05:50,587 - mainlogger - INFO - Epoch 33  4.769542455673218
2024-05-09 15:06:16,957 - mainlogger - INFO - Epoch 34  5.185116305947304
2024-05-09 15:06:41,202 - mainlogger - INFO - Epoch 35  5.130988955497742
2024-05-09 15:07:15,886 - mainlogger - INFO - Epoch 36  4.983800530433655
2024-05-09 15:07:35,932 - mainlogger - INFO - Epoch 37  5.000176206231117
2024-05-09 15:08:03,216 - mainlogger - INFO - Epoch 38  4.837325766682625
2024-05-09 15:08:35,571 - mainlogger - INFO - Epoch 39  4.802127003669739
2024-05-09 15:08:53,066 - mainlogger - INFO - Epoch 40  4.77684123814106
2024-05-09 15:09:07,158 - mainlogger - INFO - Epoch 41  4.757040187716484
2024-05-09 15:09:10,291 - mainlogger - INFO - Dice score: 0.7532
2024-05-09 15:09:10,292 - mainlogger - INFO - Accuracy: 0.9327
2024-05-09 15:09:37,494 - mainlogger - INFO - Dice score: 0.5948
2024-05-09 15:09:37,495 - mainlogger - INFO - Accuracy: 0.9054
2024-05-09 15:10:04,046 - mainlogger - INFO - Epoch 42  4.788658693432808
2024-05-09 15:10:35,121 - mainlogger - INFO - Epoch 43  4.670158863067627
2024-05-09 15:10:56,694 - mainlogger - INFO - Epoch 44  4.638947933912277
2024-05-09 15:11:26,663 - mainlogger - INFO - Epoch 45  4.60426938533783
2024-05-09 15:11:57,254 - mainlogger - INFO - Epoch 46  4.6222671419382095
2024-05-09 15:12:17,053 - mainlogger - INFO - Epoch 47  4.582557246088982
2024-05-09 15:12:50,262 - mainlogger - INFO - Epoch 48  4.7254514545202255
2024-05-09 15:13:17,676 - mainlogger - INFO - Epoch 49  4.685256376862526
2024-05-09 15:13:39,317 - mainlogger - INFO - Epoch 50  4.946979001164436
2024-05-09 15:14:14,323 - mainlogger - INFO - Epoch 51  4.745291650295258
2024-05-09 15:14:42,285 - mainlogger - INFO - Dice score: 0.6978
2024-05-09 15:14:42,285 - mainlogger - INFO - Accuracy: 0.911
2024-05-09 15:15:34,239 - mainlogger - INFO - Dice score: 0.5806
2024-05-09 15:15:34,239 - mainlogger - INFO - Accuracy: 0.889
2024-05-09 15:15:54,865 - mainlogger - INFO - Epoch 52  4.7051917016506195
2024-05-09 15:16:24,936 - mainlogger - INFO - Epoch 53  4.959327057003975
2024-05-09 15:16:54,071 - mainlogger - INFO - Epoch 54  4.601885035634041
2024-05-09 15:17:13,585 - mainlogger - INFO - Epoch 55  4.473792791366577
2024-05-09 15:17:46,884 - mainlogger - INFO - Epoch 56  4.7184199541807175
2024-05-09 15:18:12,421 - mainlogger - INFO - Epoch 57  4.523328259587288
2024-05-09 15:18:36,746 - mainlogger - INFO - Epoch 58  4.3858330100774765
2024-05-09 15:19:11,377 - mainlogger - INFO - Epoch 59  4.342051029205322
2024-05-09 15:19:28,442 - mainlogger - INFO - Epoch 60  4.388568684458733
2024-05-09 15:20:00,274 - mainlogger - INFO - Epoch 61  4.370003134012222
2024-05-09 15:20:33,598 - mainlogger - INFO - Dice score: 0.7686
2024-05-09 15:20:33,599 - mainlogger - INFO - Accuracy: 0.9333
2024-05-09 15:21:21,689 - mainlogger - INFO - Dice score: 0.5891
2024-05-09 15:21:21,689 - mainlogger - INFO - Accuracy: 0.8953
2024-05-09 15:21:41,880 - mainlogger - INFO - Epoch 62  4.504364401102066
2024-05-09 15:22:09,251 - mainlogger - INFO - Epoch 63  4.388632714748383
2024-05-09 15:22:38,258 - mainlogger - INFO - Epoch 64  4.253587990999222
2024-05-09 15:22:57,538 - mainlogger - INFO - Epoch 65  4.4582197070121765
2024-05-09 15:23:31,917 - mainlogger - INFO - Epoch 66  4.436803862452507
2024-05-09 15:23:58,718 - mainlogger - INFO - Epoch 67  4.287540972232819
2024-05-09 15:24:21,164 - mainlogger - INFO - Epoch 68  4.112126275897026
2024-05-09 15:24:56,008 - mainlogger - INFO - Epoch 69  4.504054620862007
2024-05-09 15:25:19,488 - mainlogger - INFO - Epoch 70  4.2310448586940765
2024-05-09 15:25:43,764 - mainlogger - INFO - Epoch 71  4.117404520511627
2024-05-09 15:26:19,830 - mainlogger - INFO - Dice score: 0.8184
2024-05-09 15:26:19,830 - mainlogger - INFO - Accuracy: 0.9514
2024-05-09 15:26:36,251 - mainlogger - INFO - Dice score: 0.6091
2024-05-09 15:26:36,251 - mainlogger - INFO - Accuracy: 0.907
2024-05-09 15:26:42,396 - mainlogger - INFO - Epoch 72  4.202880501747131
2024-05-09 15:26:48,500 - mainlogger - INFO - Epoch 73  4.165607169270515
2024-05-09 15:26:54,949 - mainlogger - INFO - Epoch 74  4.101369872689247
2024-05-09 15:27:01,066 - mainlogger - INFO - Epoch 75  4.234917879104614
2024-05-09 15:27:07,290 - mainlogger - INFO - Epoch 76  3.9693826138973236
2024-05-09 15:27:13,520 - mainlogger - INFO - Epoch 77  4.069747969508171
2024-05-09 15:27:19,548 - mainlogger - INFO - Epoch 78  4.094481408596039
2024-05-09 15:27:25,593 - mainlogger - INFO - Epoch 79  4.022765323519707
2024-05-09 15:27:31,749 - mainlogger - INFO - Epoch 80  4.028279006481171
2024-05-09 15:27:37,729 - mainlogger - INFO - Epoch 81  3.995553642511368
2024-05-09 15:27:43,381 - mainlogger - INFO - Dice score: 0.7715
2024-05-09 15:27:43,381 - mainlogger - INFO - Accuracy: 0.9316
2024-05-09 15:27:52,690 - mainlogger - INFO - Dice score: 0.5387
2024-05-09 15:27:52,691 - mainlogger - INFO - Accuracy: 0.8734
2024-05-09 15:27:59,034 - mainlogger - INFO - Epoch 82  4.037587881088257
2024-05-09 15:28:05,469 - mainlogger - INFO - Epoch 83  4.080226480960846
2024-05-09 15:28:11,896 - mainlogger - INFO - Epoch 84  4.113096311688423
2024-05-09 15:28:18,148 - mainlogger - INFO - Epoch 85  3.92725171148777
2024-05-09 15:28:24,489 - mainlogger - INFO - Epoch 86  3.936603680253029
2024-05-09 15:28:30,805 - mainlogger - INFO - Epoch 87  3.8138208985328674
2024-05-09 15:28:37,079 - mainlogger - INFO - Epoch 88  3.9982437193393707
2024-05-09 15:28:43,508 - mainlogger - INFO - Epoch 89  3.868006944656372
2024-05-09 15:28:49,660 - mainlogger - INFO - Epoch 90  3.9035133719444275
2024-05-09 15:28:55,749 - mainlogger - INFO - Epoch 91  3.799313932657242
2024-05-09 15:29:01,458 - mainlogger - INFO - Dice score: 0.8752
2024-05-09 15:29:01,458 - mainlogger - INFO - Accuracy: 0.9678
2024-05-09 15:29:10,955 - mainlogger - INFO - Dice score: 0.6307
2024-05-09 15:29:10,955 - mainlogger - INFO - Accuracy: 0.9186
2024-05-09 15:29:17,281 - mainlogger - INFO - Epoch 92  3.732879161834717
2024-05-09 15:29:23,300 - mainlogger - INFO - Epoch 93  4.108216032385826
2024-05-09 15:29:29,590 - mainlogger - INFO - Epoch 94  3.8103843182325363
2024-05-09 15:29:35,591 - mainlogger - INFO - Epoch 95  4.017971515655518
2024-05-09 15:29:41,472 - mainlogger - INFO - Epoch 96  3.8159390538930893
2024-05-09 15:29:47,677 - mainlogger - INFO - Epoch 97  3.972508117556572
2024-05-09 15:29:53,871 - mainlogger - INFO - Epoch 98  3.7248933762311935
2024-05-09 15:29:59,846 - mainlogger - INFO - Epoch 99  3.8458225280046463
2024-05-09 15:30:05,715 - mainlogger - INFO - Dice score: 0.8647
2024-05-09 15:30:05,715 - mainlogger - INFO - Accuracy: 0.9646
2024-05-09 15:30:14,986 - mainlogger - INFO - Dice score: 0.601
2024-05-09 15:30:14,986 - mainlogger - INFO - Accuracy: 0.9102
2024-05-09 15:30:14,987 - mainlogger - INFO - (95, 99)
2024-05-09 15:30:14,987 - mainlogger - INFO - 0.5937114145183512
