2024-05-21 12:18:18,670 - mainlogger - INFO - 1785
2024-05-21 12:18:18,670 - mainlogger - INFO - <class '__main__.UniversegPipeline'>
2024-05-21 12:18:18,670 - mainlogger - INFO - full/res_stack_se/big_testk.yaml
2024-05-21 12:18:18,670 - mainlogger - INFO - {'desc': '学习率调大10倍，模型减小为单层', 'batch_size': 8, 'epochs': 120, 'k': 2, 'test_k': 4, 'init': True, 'root_dir': '/Dataset_BUSI', 'model': {'name': 'universeg_res.universeg.UniverSeg', 'args': {'channels': [64, 128, 256, 512, 512], 'num_layers': [1, 1, 1, 1, 1], 'in_channels': [1, 2], 'init': True, 'act': 'ReLU'}}, 'trainset': {'name': 'datasetBUSI.mask_busi_single.MaskBUSISingle', 'args': {'root_dir': '/Dataset_BUSI', 'image_names_path': 'labeled_all.txt', 'mode': 'train'}}, 'testset': {'name': 'datasetBUSI.mask_busi_single.MaskBUSISingle', 'args': {'root_dir': '/Dataset_BUSI', 'image_names_path': 'test.txt', 'mode': 'test'}}, 'validset': {'name': 'datasetBUSI.mask_busi_single.MaskBUSISingle', 'args': {'root_dir': '/Dataset_BUSI', 'image_names_path': 'val.txt', 'mode': 'test'}}, 'criterion': {'name': 'spgutils.focalloss.BinaryFocalLoss', 'args': {'gamma': 1}}, 'optimizer': {'name': 'torch.optim.Adam', 'args': {'lr': 0.001}}, 'scheduler': {'name': 'torch.optim.lr_scheduler.ReduceLROnPlateau', 'args': {'mode': 'max', 'factor': 0.85, 'patience': 3}}}
2024-05-21 12:18:18,671 - mainlogger - INFO - 39.82969093322754
2024-05-21 12:18:18,673 - mainlogger - INFO - init with relu
2024-05-21 12:19:14,923 - mainlogger - INFO - Epoch 0  16.604410588741302
2024-05-21 12:19:14,923 - mainlogger - INFO - ********************************************************************************
2024-05-21 12:20:06,904 - mainlogger - INFO - Epoch 1  15.41382184624672
2024-05-21 12:20:06,904 - mainlogger - INFO - train
2024-05-21 12:20:55,052 - mainlogger - INFO - Dice score: 0.4472
2024-05-21 12:20:55,052 - mainlogger - INFO - Accuracy: 0.802
2024-05-21 12:20:55,052 - mainlogger - INFO - test
2024-05-21 12:21:23,481 - mainlogger - INFO - Dice score: 0.4056
2024-05-21 12:21:23,482 - mainlogger - INFO - Accuracy: 0.8231
2024-05-21 12:21:23,482 - mainlogger - INFO - ********************************************************************************
2024-05-21 12:22:14,909 - mainlogger - INFO - Epoch 2  14.436707839369774
2024-05-21 12:22:14,910 - mainlogger - INFO - ********************************************************************************
2024-05-21 12:23:07,074 - mainlogger - INFO - Epoch 3  14.020350486040115
2024-05-21 12:23:07,074 - mainlogger - INFO - ********************************************************************************
2024-05-21 12:23:58,680 - mainlogger - INFO - Epoch 4  13.048566684126854
2024-05-21 12:23:58,680 - mainlogger - INFO - ********************************************************************************
2024-05-21 12:24:50,183 - mainlogger - INFO - Epoch 5  12.682470202445984
2024-05-21 12:24:50,184 - mainlogger - INFO - ********************************************************************************
2024-05-21 12:25:41,303 - mainlogger - INFO - Epoch 6  11.769778907299042
2024-05-21 12:25:41,304 - mainlogger - INFO - ********************************************************************************
2024-05-21 12:26:32,813 - mainlogger - INFO - Epoch 7  11.171640530228615
2024-05-21 12:26:32,813 - mainlogger - INFO - ********************************************************************************
2024-05-21 12:27:24,162 - mainlogger - INFO - Epoch 8  10.708802103996277
2024-05-21 12:27:24,163 - mainlogger - INFO - ********************************************************************************
2024-05-21 12:28:15,273 - mainlogger - INFO - Epoch 9  10.448179885745049
2024-05-21 12:28:15,273 - mainlogger - INFO - ********************************************************************************
2024-05-21 12:29:06,889 - mainlogger - INFO - Epoch 10  9.718846663832664
2024-05-21 12:29:06,889 - mainlogger - INFO - ********************************************************************************
2024-05-21 12:29:58,305 - mainlogger - INFO - Epoch 11  9.239034488797188
2024-05-21 12:29:58,305 - mainlogger - INFO - train
2024-05-21 12:30:46,647 - mainlogger - INFO - Dice score: 0.5314
2024-05-21 12:30:46,648 - mainlogger - INFO - Accuracy: 0.904
2024-05-21 12:30:46,648 - mainlogger - INFO - test
2024-05-21 12:31:13,844 - mainlogger - INFO - Dice score: 0.5132
2024-05-21 12:31:13,845 - mainlogger - INFO - Accuracy: 0.9166
2024-05-21 12:31:13,845 - mainlogger - INFO - ********************************************************************************
2024-05-21 12:32:05,096 - mainlogger - INFO - Epoch 12  9.093803703784943
2024-05-21 12:32:05,096 - mainlogger - INFO - ********************************************************************************
2024-05-21 12:32:56,679 - mainlogger - INFO - Epoch 13  8.536652863025665
2024-05-21 12:32:56,679 - mainlogger - INFO - ********************************************************************************
2024-05-21 12:33:48,595 - mainlogger - INFO - Epoch 14  8.274138286709785
2024-05-21 12:33:48,595 - mainlogger - INFO - ********************************************************************************
2024-05-21 12:34:40,398 - mainlogger - INFO - Epoch 15  8.107810646295547
2024-05-21 12:34:40,399 - mainlogger - INFO - ********************************************************************************
2024-05-21 12:35:32,211 - mainlogger - INFO - Epoch 16  7.954736813902855
2024-05-21 12:35:32,211 - mainlogger - INFO - ********************************************************************************
2024-05-21 12:36:23,815 - mainlogger - INFO - Epoch 17  7.432442091405392
2024-05-21 12:36:23,815 - mainlogger - INFO - ********************************************************************************
2024-05-21 12:37:15,588 - mainlogger - INFO - Epoch 18  7.328370422124863
2024-05-21 12:37:15,588 - mainlogger - INFO - ********************************************************************************
2024-05-21 12:38:06,982 - mainlogger - INFO - Epoch 19  7.49561520665884
2024-05-21 12:38:06,982 - mainlogger - INFO - ********************************************************************************
2024-05-21 12:38:59,299 - mainlogger - INFO - Epoch 20  7.080341815948486
2024-05-21 12:38:59,300 - mainlogger - INFO - ********************************************************************************
2024-05-21 12:39:51,674 - mainlogger - INFO - Epoch 21  7.286776594817638
2024-05-21 12:39:51,674 - mainlogger - INFO - train
2024-05-21 12:40:40,229 - mainlogger - INFO - Dice score: 0.6462
2024-05-21 12:40:40,229 - mainlogger - INFO - Accuracy: 0.9273
2024-05-21 12:40:40,229 - mainlogger - INFO - test
2024-05-21 12:41:07,146 - mainlogger - INFO - Dice score: 0.6163
2024-05-21 12:41:07,147 - mainlogger - INFO - Accuracy: 0.9332
2024-05-21 12:41:07,147 - mainlogger - INFO - ********************************************************************************
2024-05-21 12:41:59,981 - mainlogger - INFO - Epoch 22  6.7309765964746475
2024-05-21 12:41:59,981 - mainlogger - INFO - ********************************************************************************
2024-05-21 12:42:52,486 - mainlogger - INFO - Epoch 23  6.326418213546276
2024-05-21 12:42:52,486 - mainlogger - INFO - ********************************************************************************
2024-05-21 12:43:44,776 - mainlogger - INFO - Epoch 24  6.54482489079237
2024-05-21 12:43:44,777 - mainlogger - INFO - ********************************************************************************
2024-05-21 12:44:37,199 - mainlogger - INFO - Epoch 25  6.116386264562607
2024-05-21 12:44:37,199 - mainlogger - INFO - ********************************************************************************
2024-05-21 12:45:29,507 - mainlogger - INFO - Epoch 26  6.196745283901691
2024-05-21 12:45:29,507 - mainlogger - INFO - ********************************************************************************
2024-05-21 12:46:22,391 - mainlogger - INFO - Epoch 27  5.896532915532589
2024-05-21 12:46:22,391 - mainlogger - INFO - ********************************************************************************
2024-05-21 12:47:14,488 - mainlogger - INFO - Epoch 28  5.85433504730463
2024-05-21 12:47:14,488 - mainlogger - INFO - ********************************************************************************
2024-05-21 12:48:07,078 - mainlogger - INFO - Epoch 29  5.5895489528775215
2024-05-21 12:48:07,079 - mainlogger - INFO - ********************************************************************************
2024-05-21 12:48:59,575 - mainlogger - INFO - Epoch 30  5.7194245010614395
2024-05-21 12:48:59,575 - mainlogger - INFO - ********************************************************************************
2024-05-21 12:49:51,677 - mainlogger - INFO - Epoch 31  5.452527306973934
2024-05-21 12:49:51,678 - mainlogger - INFO - train
2024-05-21 12:50:39,764 - mainlogger - INFO - Dice score: 0.7203
2024-05-21 12:50:39,764 - mainlogger - INFO - Accuracy: 0.9334
2024-05-21 12:50:39,764 - mainlogger - INFO - test
2024-05-21 12:51:06,141 - mainlogger - INFO - Dice score: 0.701
2024-05-21 12:51:06,141 - mainlogger - INFO - Accuracy: 0.938
2024-05-21 12:51:06,141 - mainlogger - INFO - ********************************************************************************
2024-05-21 12:51:57,512 - mainlogger - INFO - Epoch 32  5.46698173135519
2024-05-21 12:51:57,512 - mainlogger - INFO - ********************************************************************************
2024-05-21 12:52:48,707 - mainlogger - INFO - Epoch 33  5.295794643461704
2024-05-21 12:52:48,708 - mainlogger - INFO - ********************************************************************************
2024-05-21 12:53:39,481 - mainlogger - INFO - Epoch 34  4.956049390137196
2024-05-21 12:53:39,482 - mainlogger - INFO - ********************************************************************************
2024-05-21 12:54:30,319 - mainlogger - INFO - Epoch 35  5.230551794171333
2024-05-21 12:54:30,320 - mainlogger - INFO - ********************************************************************************
2024-05-21 12:55:21,700 - mainlogger - INFO - Epoch 36  5.152613840997219
2024-05-21 12:55:21,701 - mainlogger - INFO - ********************************************************************************
2024-05-21 12:56:13,305 - mainlogger - INFO - Epoch 37  4.77933581545949
2024-05-21 12:56:13,306 - mainlogger - INFO - ********************************************************************************
2024-05-21 12:57:04,933 - mainlogger - INFO - Epoch 38  4.933095201849937
2024-05-21 12:57:04,933 - mainlogger - INFO - ********************************************************************************
2024-05-21 12:57:56,201 - mainlogger - INFO - Epoch 39  4.699370488524437
2024-05-21 12:57:56,201 - mainlogger - INFO - ********************************************************************************
2024-05-21 12:58:47,180 - mainlogger - INFO - Epoch 40  4.436120692640543
2024-05-21 12:58:47,181 - mainlogger - INFO - ********************************************************************************
2024-05-21 12:59:38,615 - mainlogger - INFO - Epoch 41  4.846383962780237
2024-05-21 12:59:38,616 - mainlogger - INFO - train
2024-05-21 13:00:26,151 - mainlogger - INFO - Dice score: 0.7461
2024-05-21 13:00:26,151 - mainlogger - INFO - Accuracy: 0.9459
2024-05-21 13:00:26,151 - mainlogger - INFO - test
2024-05-21 13:00:52,930 - mainlogger - INFO - Dice score: 0.6992
2024-05-21 13:00:52,930 - mainlogger - INFO - Accuracy: 0.9466
2024-05-21 13:00:52,930 - mainlogger - INFO - ********************************************************************************
2024-05-21 13:01:44,503 - mainlogger - INFO - Epoch 42  4.669349238276482
2024-05-21 13:01:44,503 - mainlogger - INFO - ********************************************************************************
2024-05-21 13:02:35,712 - mainlogger - INFO - Epoch 43  4.7277357541024685
2024-05-21 13:02:35,713 - mainlogger - INFO - ********************************************************************************
2024-05-21 13:03:26,821 - mainlogger - INFO - Epoch 44  4.426808629184961
2024-05-21 13:03:26,822 - mainlogger - INFO - ********************************************************************************
2024-05-21 13:04:17,604 - mainlogger - INFO - Epoch 45  4.40617561340332
2024-05-21 13:04:17,605 - mainlogger - INFO - ********************************************************************************
2024-05-21 13:05:08,742 - mainlogger - INFO - Epoch 46  4.389562137424946
2024-05-21 13:05:08,743 - mainlogger - INFO - ********************************************************************************
2024-05-21 13:05:59,735 - mainlogger - INFO - Epoch 47  4.289108213037252
2024-05-21 13:05:59,735 - mainlogger - INFO - ********************************************************************************
2024-05-21 13:06:50,585 - mainlogger - INFO - valid
2024-05-21 13:07:18,121 - mainlogger - INFO - Dice score: 0.7459
2024-05-21 13:07:18,122 - mainlogger - INFO - Accuracy: 0.9472
2024-05-21 13:07:18,122 - mainlogger - INFO - Epoch 48  4.179179172962904
2024-05-21 13:07:18,122 - mainlogger - INFO - ********************************************************************************
2024-05-21 13:08:09,105 - mainlogger - INFO - valid
2024-05-21 13:08:34,512 - mainlogger - INFO - Dice score: 0.7094
2024-05-21 13:08:34,513 - mainlogger - INFO - Accuracy: 0.9476
2024-05-21 13:08:34,513 - mainlogger - INFO - Epoch 49  4.416824001818895
2024-05-21 13:08:34,513 - mainlogger - INFO - ********************************************************************************
2024-05-21 13:09:25,212 - mainlogger - INFO - valid
2024-05-21 13:09:51,213 - mainlogger - INFO - Dice score: 0.7226
2024-05-21 13:09:51,214 - mainlogger - INFO - Accuracy: 0.9516
2024-05-21 13:09:51,214 - mainlogger - INFO - Epoch 50  4.303822722285986
2024-05-21 13:09:51,214 - mainlogger - INFO - ********************************************************************************
2024-05-21 13:10:41,307 - mainlogger - INFO - valid
2024-05-21 13:11:06,976 - mainlogger - INFO - Dice score: 0.708
2024-05-21 13:11:06,976 - mainlogger - INFO - Accuracy: 0.9397
2024-05-21 13:11:06,976 - mainlogger - INFO - Epoch 51  4.203091464936733
2024-05-21 13:11:06,976 - mainlogger - INFO - train
2024-05-21 13:11:53,791 - mainlogger - INFO - Dice score: 0.7766
2024-05-21 13:11:53,792 - mainlogger - INFO - Accuracy: 0.9482
2024-05-21 13:11:53,792 - mainlogger - INFO - test
2024-05-21 13:12:19,650 - mainlogger - INFO - Dice score: 0.7172
2024-05-21 13:12:19,650 - mainlogger - INFO - Accuracy: 0.9449
2024-05-21 13:12:19,650 - mainlogger - INFO - ********************************************************************************
2024-05-21 13:13:11,099 - mainlogger - INFO - valid
2024-05-21 13:13:38,110 - mainlogger - INFO - Dice score: 0.6884
2024-05-21 13:13:38,111 - mainlogger - INFO - Accuracy: 0.931
2024-05-21 13:13:38,111 - mainlogger - INFO - 0.001->0.00085
2024-05-21 13:13:38,111 - mainlogger - INFO - Epoch 52  4.212754964828491
2024-05-21 13:13:38,111 - mainlogger - INFO - ********************************************************************************
2024-05-21 13:14:30,505 - mainlogger - INFO - valid
2024-05-21 13:14:57,543 - mainlogger - INFO - Dice score: 0.722
2024-05-21 13:14:57,544 - mainlogger - INFO - Accuracy: 0.9437
2024-05-21 13:14:57,544 - mainlogger - INFO - Epoch 53  3.756399866193533
2024-05-21 13:14:57,544 - mainlogger - INFO - ********************************************************************************
2024-05-21 13:15:49,338 - mainlogger - INFO - valid
2024-05-21 13:16:16,012 - mainlogger - INFO - Dice score: 0.7369
2024-05-21 13:16:16,013 - mainlogger - INFO - Accuracy: 0.9493
2024-05-21 13:16:16,013 - mainlogger - INFO - Epoch 54  3.7651589289307594
2024-05-21 13:16:16,013 - mainlogger - INFO - ********************************************************************************
2024-05-21 13:17:07,875 - mainlogger - INFO - valid
2024-05-21 13:17:34,231 - mainlogger - INFO - Dice score: 0.7346
2024-05-21 13:17:34,231 - mainlogger - INFO - Accuracy: 0.944
2024-05-21 13:17:34,231 - mainlogger - INFO - Epoch 55  4.224752958863974
2024-05-21 13:17:34,231 - mainlogger - INFO - ********************************************************************************
2024-05-21 13:18:26,183 - mainlogger - INFO - valid
2024-05-21 13:18:53,038 - mainlogger - INFO - Dice score: 0.7145
2024-05-21 13:18:53,038 - mainlogger - INFO - Accuracy: 0.9403
2024-05-21 13:18:53,038 - mainlogger - INFO - 0.00085->0.0007224999999999999
2024-05-21 13:18:53,038 - mainlogger - INFO - Epoch 56  3.787891495972872
2024-05-21 13:18:53,038 - mainlogger - INFO - ********************************************************************************
2024-05-21 13:19:45,080 - mainlogger - INFO - valid
2024-05-21 13:20:11,829 - mainlogger - INFO - Dice score: 0.732
2024-05-21 13:20:11,829 - mainlogger - INFO - Accuracy: 0.9478
2024-05-21 13:20:11,830 - mainlogger - INFO - Epoch 57  4.000562373548746
2024-05-21 13:20:11,830 - mainlogger - INFO - ********************************************************************************
2024-05-21 13:21:02,998 - mainlogger - INFO - valid
2024-05-21 13:21:29,446 - mainlogger - INFO - Dice score: 0.7073
2024-05-21 13:21:29,446 - mainlogger - INFO - Accuracy: 0.9485
2024-05-21 13:21:29,446 - mainlogger - INFO - Epoch 58  3.8664052337408066
2024-05-21 13:21:29,446 - mainlogger - INFO - ********************************************************************************
2024-05-21 13:22:20,804 - mainlogger - INFO - valid
2024-05-21 13:22:47,518 - mainlogger - INFO - Dice score: 0.7176
2024-05-21 13:22:47,518 - mainlogger - INFO - Accuracy: 0.9444
2024-05-21 13:22:47,518 - mainlogger - INFO - Epoch 59  3.5493500642478466
2024-05-21 13:22:47,518 - mainlogger - INFO - ********************************************************************************
2024-05-21 13:23:38,896 - mainlogger - INFO - valid
2024-05-21 13:24:05,413 - mainlogger - INFO - Dice score: 0.7106
2024-05-21 13:24:05,413 - mainlogger - INFO - Accuracy: 0.9433
2024-05-21 13:24:05,413 - mainlogger - INFO - 0.0007224999999999999->0.000614125
2024-05-21 13:24:05,413 - mainlogger - INFO - Epoch 60  3.6436085551977158
2024-05-21 13:24:05,413 - mainlogger - INFO - ********************************************************************************
2024-05-21 13:24:57,678 - mainlogger - INFO - valid
2024-05-21 13:25:24,312 - mainlogger - INFO - Dice score: 0.7373
2024-05-21 13:25:24,312 - mainlogger - INFO - Accuracy: 0.9489
2024-05-21 13:25:24,312 - mainlogger - INFO - Epoch 61  3.5191094875335693
2024-05-21 13:25:24,312 - mainlogger - INFO - train
2024-05-21 13:26:12,057 - mainlogger - INFO - Dice score: 0.8259
2024-05-21 13:26:12,058 - mainlogger - INFO - Accuracy: 0.9596
2024-05-21 13:26:12,058 - mainlogger - INFO - test
2024-05-21 13:26:39,046 - mainlogger - INFO - Dice score: 0.7272
2024-05-21 13:26:39,046 - mainlogger - INFO - Accuracy: 0.9504
2024-05-21 13:26:39,046 - mainlogger - INFO - ********************************************************************************
2024-05-21 13:27:30,598 - mainlogger - INFO - valid
2024-05-21 13:27:56,937 - mainlogger - INFO - Dice score: 0.743
2024-05-21 13:27:56,937 - mainlogger - INFO - Accuracy: 0.9515
2024-05-21 13:27:56,938 - mainlogger - INFO - Epoch 62  3.360440418124199
2024-05-21 13:27:56,938 - mainlogger - INFO - ********************************************************************************
2024-05-21 13:28:48,372 - mainlogger - INFO - valid
2024-05-21 13:29:15,131 - mainlogger - INFO - Dice score: 0.7045
2024-05-21 13:29:15,131 - mainlogger - INFO - Accuracy: 0.9352
2024-05-21 13:29:15,132 - mainlogger - INFO - Epoch 63  3.2349290885031223
2024-05-21 13:29:15,132 - mainlogger - INFO - ********************************************************************************
2024-05-21 13:30:07,003 - mainlogger - INFO - valid
2024-05-21 13:30:33,806 - mainlogger - INFO - Dice score: 0.7164
2024-05-21 13:30:33,807 - mainlogger - INFO - Accuracy: 0.9446
2024-05-21 13:30:33,807 - mainlogger - INFO - 0.000614125->0.00052200625
2024-05-21 13:30:33,807 - mainlogger - INFO - Epoch 64  3.2384239435195923
2024-05-21 13:30:33,807 - mainlogger - INFO - ********************************************************************************
2024-05-21 13:31:25,679 - mainlogger - INFO - valid
2024-05-21 13:31:52,208 - mainlogger - INFO - Dice score: 0.7062
2024-05-21 13:31:52,208 - mainlogger - INFO - Accuracy: 0.9372
2024-05-21 13:31:52,209 - mainlogger - INFO - Epoch 65  3.295768663287163
2024-05-21 13:31:52,209 - mainlogger - INFO - ********************************************************************************
2024-05-21 13:32:44,188 - mainlogger - INFO - valid
2024-05-21 13:33:11,323 - mainlogger - INFO - Dice score: 0.7139
2024-05-21 13:33:11,323 - mainlogger - INFO - Accuracy: 0.9404
2024-05-21 13:33:11,323 - mainlogger - INFO - Epoch 66  3.264769844710827
2024-05-21 13:33:11,323 - mainlogger - INFO - ********************************************************************************
2024-05-21 13:34:03,500 - mainlogger - INFO - valid
2024-05-21 13:34:30,350 - mainlogger - INFO - Dice score: 0.7423
2024-05-21 13:34:30,350 - mainlogger - INFO - Accuracy: 0.953
2024-05-21 13:34:30,350 - mainlogger - INFO - Epoch 67  3.286782618612051
2024-05-21 13:34:30,350 - mainlogger - INFO - ********************************************************************************
2024-05-21 13:35:20,185 - mainlogger - INFO - valid
2024-05-21 13:35:46,236 - mainlogger - INFO - Dice score: 0.7476
2024-05-21 13:35:46,236 - mainlogger - INFO - Accuracy: 0.9532
2024-05-21 13:35:46,236 - mainlogger - INFO - Epoch 68  3.072718996554613
2024-05-21 13:35:46,236 - mainlogger - INFO - ********************************************************************************
2024-05-21 13:36:36,806 - mainlogger - INFO - valid
2024-05-21 13:37:02,410 - mainlogger - INFO - Dice score: 0.7297
2024-05-21 13:37:02,411 - mainlogger - INFO - Accuracy: 0.9487
2024-05-21 13:37:02,411 - mainlogger - INFO - Epoch 69  3.171171547845006
2024-05-21 13:37:02,411 - mainlogger - INFO - ********************************************************************************
2024-05-21 13:37:53,038 - mainlogger - INFO - valid
2024-05-21 13:38:19,023 - mainlogger - INFO - Dice score: 0.7116
2024-05-21 13:38:19,024 - mainlogger - INFO - Accuracy: 0.9379
2024-05-21 13:38:19,024 - mainlogger - INFO - Epoch 70  3.0084625836461782
2024-05-21 13:38:19,024 - mainlogger - INFO - ********************************************************************************
2024-05-21 13:39:09,924 - mainlogger - INFO - valid
2024-05-21 13:39:36,575 - mainlogger - INFO - Dice score: 0.7456
2024-05-21 13:39:36,576 - mainlogger - INFO - Accuracy: 0.9515
2024-05-21 13:39:36,576 - mainlogger - INFO - Epoch 71  2.870016321539879
2024-05-21 13:39:36,576 - mainlogger - INFO - train
2024-05-21 13:40:24,227 - mainlogger - INFO - Dice score: 0.8395
2024-05-21 13:40:24,227 - mainlogger - INFO - Accuracy: 0.9635
2024-05-21 13:40:24,227 - mainlogger - INFO - test
2024-05-21 13:40:50,842 - mainlogger - INFO - Dice score: 0.7212
2024-05-21 13:40:50,843 - mainlogger - INFO - Accuracy: 0.9493
2024-05-21 13:40:50,843 - mainlogger - INFO - ********************************************************************************
2024-05-21 13:41:41,771 - mainlogger - INFO - valid
2024-05-21 13:42:08,229 - mainlogger - INFO - Dice score: 0.7061
2024-05-21 13:42:08,229 - mainlogger - INFO - Accuracy: 0.9378
2024-05-21 13:42:08,230 - mainlogger - INFO - 0.00052200625->0.00044370531249999997
2024-05-21 13:42:08,230 - mainlogger - INFO - Epoch 72  3.0474666580557823
2024-05-21 13:42:08,230 - mainlogger - INFO - ********************************************************************************
2024-05-21 13:42:59,707 - mainlogger - INFO - valid
2024-05-21 13:43:25,908 - mainlogger - INFO - Dice score: 0.7356
2024-05-21 13:43:25,909 - mainlogger - INFO - Accuracy: 0.9505
2024-05-21 13:43:25,909 - mainlogger - INFO - Epoch 73  2.9238319359719753
2024-05-21 13:43:25,909 - mainlogger - INFO - ********************************************************************************
2024-05-21 13:44:17,022 - mainlogger - INFO - valid
2024-05-21 13:44:43,613 - mainlogger - INFO - Dice score: 0.7256
2024-05-21 13:44:43,614 - mainlogger - INFO - Accuracy: 0.9463
2024-05-21 13:44:43,614 - mainlogger - INFO - Epoch 74  3.0661080814898014
2024-05-21 13:44:43,614 - mainlogger - INFO - ********************************************************************************
2024-05-21 13:45:35,914 - mainlogger - INFO - valid
2024-05-21 13:46:02,751 - mainlogger - INFO - Dice score: 0.7298
2024-05-21 13:46:02,751 - mainlogger - INFO - Accuracy: 0.9442
2024-05-21 13:46:02,751 - mainlogger - INFO - Epoch 75  3.1881518438458443
2024-05-21 13:46:02,751 - mainlogger - INFO - ********************************************************************************
2024-05-21 13:46:54,615 - mainlogger - INFO - valid
2024-05-21 13:47:21,028 - mainlogger - INFO - Dice score: 0.7184
2024-05-21 13:47:21,028 - mainlogger - INFO - Accuracy: 0.9428
2024-05-21 13:47:21,028 - mainlogger - INFO - 0.00044370531249999997->0.00037714951562499996
2024-05-21 13:47:21,028 - mainlogger - INFO - Epoch 76  2.926623534411192
2024-05-21 13:47:21,028 - mainlogger - INFO - ********************************************************************************
2024-05-21 13:48:13,080 - mainlogger - INFO - valid
2024-05-21 13:48:40,302 - mainlogger - INFO - Dice score: 0.7316
2024-05-21 13:48:40,303 - mainlogger - INFO - Accuracy: 0.9482
2024-05-21 13:48:40,303 - mainlogger - INFO - Epoch 77  2.714025190100074
2024-05-21 13:48:40,303 - mainlogger - INFO - ********************************************************************************
2024-05-21 13:49:31,706 - mainlogger - INFO - valid
2024-05-21 13:49:58,538 - mainlogger - INFO - Dice score: 0.7436
2024-05-21 13:49:58,539 - mainlogger - INFO - Accuracy: 0.9512
2024-05-21 13:49:58,539 - mainlogger - INFO - Epoch 78  2.770561132580042
2024-05-21 13:49:58,539 - mainlogger - INFO - ********************************************************************************
2024-05-21 13:50:50,006 - mainlogger - INFO - valid
2024-05-21 13:51:16,498 - mainlogger - INFO - Dice score: 0.73
2024-05-21 13:51:16,498 - mainlogger - INFO - Accuracy: 0.9458
2024-05-21 13:51:16,498 - mainlogger - INFO - Epoch 79  2.6886849142611027
2024-05-21 13:51:16,498 - mainlogger - INFO - ********************************************************************************
2024-05-21 13:52:07,889 - mainlogger - INFO - valid
2024-05-21 13:52:34,129 - mainlogger - INFO - Dice score: 0.7219
2024-05-21 13:52:34,129 - mainlogger - INFO - Accuracy: 0.9454
2024-05-21 13:52:34,129 - mainlogger - INFO - 0.00037714951562499996->0.00032057708828124994
2024-05-21 13:52:34,129 - mainlogger - INFO - Epoch 80  2.6135391891002655
2024-05-21 13:52:34,129 - mainlogger - INFO - ********************************************************************************
2024-05-21 13:53:25,504 - mainlogger - INFO - valid
2024-05-21 13:53:51,513 - mainlogger - INFO - Dice score: 0.7229
2024-05-21 13:53:51,513 - mainlogger - INFO - Accuracy: 0.947
2024-05-21 13:53:51,513 - mainlogger - INFO - Epoch 81  2.703655393794179
2024-05-21 13:53:51,514 - mainlogger - INFO - train
2024-05-21 13:54:38,457 - mainlogger - INFO - Dice score: 0.8526
2024-05-21 13:54:38,457 - mainlogger - INFO - Accuracy: 0.9659
2024-05-21 13:54:38,457 - mainlogger - INFO - test
2024-05-21 13:55:04,475 - mainlogger - INFO - Dice score: 0.7419
2024-05-21 13:55:04,476 - mainlogger - INFO - Accuracy: 0.9528
2024-05-21 13:55:04,476 - mainlogger - INFO - ********************************************************************************
2024-05-21 13:55:55,802 - mainlogger - INFO - valid
2024-05-21 13:56:22,524 - mainlogger - INFO - Dice score: 0.7135
2024-05-21 13:56:22,524 - mainlogger - INFO - Accuracy: 0.9397
2024-05-21 13:56:22,525 - mainlogger - INFO - Epoch 82  2.5835385154932737
2024-05-21 13:56:22,525 - mainlogger - INFO - ********************************************************************************
2024-05-21 13:57:14,767 - mainlogger - INFO - valid
2024-05-21 13:57:41,507 - mainlogger - INFO - Dice score: 0.7251
2024-05-21 13:57:41,507 - mainlogger - INFO - Accuracy: 0.9419
2024-05-21 13:57:41,507 - mainlogger - INFO - Epoch 83  2.668679818511009
2024-05-21 13:57:41,507 - mainlogger - INFO - ********************************************************************************
2024-05-21 13:58:33,081 - mainlogger - INFO - valid
2024-05-21 13:58:59,403 - mainlogger - INFO - Dice score: 0.7438
2024-05-21 13:58:59,404 - mainlogger - INFO - Accuracy: 0.9482
2024-05-21 13:58:59,404 - mainlogger - INFO - 0.00032057708828124994->0.0002724905250390624
2024-05-21 13:58:59,404 - mainlogger - INFO - Epoch 84  2.639012075960636
2024-05-21 13:58:59,404 - mainlogger - INFO - ********************************************************************************
2024-05-21 13:59:50,787 - mainlogger - INFO - valid
2024-05-21 14:00:17,302 - mainlogger - INFO - Dice score: 0.7224
2024-05-21 14:00:17,302 - mainlogger - INFO - Accuracy: 0.9427
2024-05-21 14:00:17,303 - mainlogger - INFO - Epoch 85  2.3682436048984528
2024-05-21 14:00:17,303 - mainlogger - INFO - ********************************************************************************
2024-05-21 14:01:09,212 - mainlogger - INFO - valid
2024-05-21 14:01:36,136 - mainlogger - INFO - Dice score: 0.7238
2024-05-21 14:01:36,136 - mainlogger - INFO - Accuracy: 0.9451
2024-05-21 14:01:36,137 - mainlogger - INFO - Epoch 86  2.568192046135664
2024-05-21 14:01:36,137 - mainlogger - INFO - ********************************************************************************
2024-05-21 14:02:27,803 - mainlogger - INFO - valid
2024-05-21 14:02:54,607 - mainlogger - INFO - Dice score: 0.7036
2024-05-21 14:02:54,608 - mainlogger - INFO - Accuracy: 0.9393
2024-05-21 14:02:54,608 - mainlogger - INFO - Epoch 87  2.4162157233804464
2024-05-21 14:02:54,608 - mainlogger - INFO - ********************************************************************************
2024-05-21 14:03:46,482 - mainlogger - INFO - valid
2024-05-21 14:04:13,206 - mainlogger - INFO - Dice score: 0.71
2024-05-21 14:04:13,206 - mainlogger - INFO - Accuracy: 0.9372
2024-05-21 14:04:13,206 - mainlogger - INFO - 0.0002724905250390624->0.00023161694628320305
2024-05-21 14:04:13,206 - mainlogger - INFO - Epoch 88  2.4909070283174515
2024-05-21 14:04:13,206 - mainlogger - INFO - ********************************************************************************
2024-05-21 14:05:05,594 - mainlogger - INFO - valid
2024-05-21 14:05:32,029 - mainlogger - INFO - Dice score: 0.7253
2024-05-21 14:05:32,029 - mainlogger - INFO - Accuracy: 0.943
2024-05-21 14:05:32,029 - mainlogger - INFO - Epoch 89  2.32718026638031
2024-05-21 14:05:32,029 - mainlogger - INFO - ********************************************************************************
2024-05-21 14:06:23,899 - mainlogger - INFO - valid
2024-05-21 14:06:50,316 - mainlogger - INFO - Dice score: 0.7352
2024-05-21 14:06:50,316 - mainlogger - INFO - Accuracy: 0.9471
2024-05-21 14:06:50,316 - mainlogger - INFO - Epoch 90  2.2512674126774073
2024-05-21 14:06:50,316 - mainlogger - INFO - ********************************************************************************
2024-05-21 14:07:42,200 - mainlogger - INFO - valid
2024-05-21 14:08:08,081 - mainlogger - INFO - Dice score: 0.7183
2024-05-21 14:08:08,081 - mainlogger - INFO - Accuracy: 0.9404
2024-05-21 14:08:08,081 - mainlogger - INFO - Epoch 91  2.321310007944703
2024-05-21 14:08:08,081 - mainlogger - INFO - train
2024-05-21 14:08:55,151 - mainlogger - INFO - Dice score: 0.8958
2024-05-21 14:08:55,151 - mainlogger - INFO - Accuracy: 0.9749
2024-05-21 14:08:55,151 - mainlogger - INFO - test
2024-05-21 14:09:21,975 - mainlogger - INFO - Dice score: 0.7745
2024-05-21 14:09:21,975 - mainlogger - INFO - Accuracy: 0.9559
2024-05-21 14:09:21,975 - mainlogger - INFO - ********************************************************************************
2024-05-21 14:10:13,831 - mainlogger - INFO - valid
2024-05-21 14:10:40,206 - mainlogger - INFO - Dice score: 0.7088
2024-05-21 14:10:40,206 - mainlogger - INFO - Accuracy: 0.9364
2024-05-21 14:10:40,206 - mainlogger - INFO - 0.00023161694628320305->0.0001968744043407226
2024-05-21 14:10:40,206 - mainlogger - INFO - Epoch 92  2.2194484174251556
2024-05-21 14:10:40,206 - mainlogger - INFO - ********************************************************************************
2024-05-21 14:11:31,073 - mainlogger - INFO - valid
2024-05-21 14:11:57,240 - mainlogger - INFO - Dice score: 0.7113
2024-05-21 14:11:57,241 - mainlogger - INFO - Accuracy: 0.9419
2024-05-21 14:11:57,241 - mainlogger - INFO - Epoch 93  2.2137778475880623
2024-05-21 14:11:57,241 - mainlogger - INFO - ********************************************************************************
2024-05-21 14:12:48,781 - mainlogger - INFO - valid
2024-05-21 14:13:15,454 - mainlogger - INFO - Dice score: 0.7204
2024-05-21 14:13:15,454 - mainlogger - INFO - Accuracy: 0.9417
2024-05-21 14:13:15,454 - mainlogger - INFO - Epoch 94  2.208001459017396
2024-05-21 14:13:15,454 - mainlogger - INFO - ********************************************************************************
2024-05-21 14:14:06,973 - mainlogger - INFO - valid
2024-05-21 14:14:33,188 - mainlogger - INFO - Dice score: 0.722
2024-05-21 14:14:33,188 - mainlogger - INFO - Accuracy: 0.942
2024-05-21 14:14:33,189 - mainlogger - INFO - Epoch 95  2.3338689245283604
2024-05-21 14:14:33,189 - mainlogger - INFO - ********************************************************************************
2024-05-21 14:15:24,713 - mainlogger - INFO - valid
2024-05-21 14:15:51,239 - mainlogger - INFO - Dice score: 0.7416
2024-05-21 14:15:51,240 - mainlogger - INFO - Accuracy: 0.9472
2024-05-21 14:15:51,240 - mainlogger - INFO - 0.0001968744043407226->0.0001673432436896142
2024-05-21 14:15:51,240 - mainlogger - INFO - Epoch 96  2.272061165422201
2024-05-21 14:15:51,240 - mainlogger - INFO - ********************************************************************************
2024-05-21 14:16:42,315 - mainlogger - INFO - valid
2024-05-21 14:17:08,732 - mainlogger - INFO - Dice score: 0.7389
2024-05-21 14:17:08,732 - mainlogger - INFO - Accuracy: 0.9479
2024-05-21 14:17:08,732 - mainlogger - INFO - Epoch 97  2.2590200379490852
2024-05-21 14:17:08,732 - mainlogger - INFO - ********************************************************************************
2024-05-21 14:18:00,079 - mainlogger - INFO - valid
2024-05-21 14:18:26,217 - mainlogger - INFO - Dice score: 0.7372
2024-05-21 14:18:26,217 - mainlogger - INFO - Accuracy: 0.9465
2024-05-21 14:18:26,217 - mainlogger - INFO - Epoch 98  2.1526319291442633
2024-05-21 14:18:26,217 - mainlogger - INFO - ********************************************************************************
2024-05-21 14:19:17,800 - mainlogger - INFO - valid
2024-05-21 14:19:44,040 - mainlogger - INFO - Dice score: 0.731
2024-05-21 14:19:44,041 - mainlogger - INFO - Accuracy: 0.9449
2024-05-21 14:19:44,041 - mainlogger - INFO - Epoch 99  2.1222819462418556
2024-05-21 14:19:44,041 - mainlogger - INFO - ********************************************************************************
2024-05-21 14:20:35,597 - mainlogger - INFO - valid
2024-05-21 14:21:02,010 - mainlogger - INFO - Dice score: 0.7287
2024-05-21 14:21:02,010 - mainlogger - INFO - Accuracy: 0.9467
2024-05-21 14:21:02,011 - mainlogger - INFO - 0.0001673432436896142->0.00014224175713617207
2024-05-21 14:21:02,011 - mainlogger - INFO - Epoch 100  2.2417938001453876
2024-05-21 14:21:02,011 - mainlogger - INFO - ********************************************************************************
2024-05-21 14:21:53,090 - mainlogger - INFO - valid
2024-05-21 14:22:19,907 - mainlogger - INFO - Dice score: 0.7379
2024-05-21 14:22:19,907 - mainlogger - INFO - Accuracy: 0.9471
2024-05-21 14:22:19,907 - mainlogger - INFO - Epoch 101  2.1081346068531275
2024-05-21 14:22:19,907 - mainlogger - INFO - train
2024-05-21 14:23:08,048 - mainlogger - INFO - Dice score: 0.8927
2024-05-21 14:23:08,048 - mainlogger - INFO - Accuracy: 0.9735
2024-05-21 14:23:08,048 - mainlogger - INFO - test
2024-05-21 14:23:34,852 - mainlogger - INFO - Dice score: 0.7514
2024-05-21 14:23:34,852 - mainlogger - INFO - Accuracy: 0.9518
2024-05-21 14:23:34,852 - mainlogger - INFO - ********************************************************************************
2024-05-21 14:24:26,379 - mainlogger - INFO - valid
2024-05-21 14:24:53,115 - mainlogger - INFO - Dice score: 0.725
2024-05-21 14:24:53,115 - mainlogger - INFO - Accuracy: 0.9429
2024-05-21 14:24:53,116 - mainlogger - INFO - Epoch 102  2.0717157144099474
2024-05-21 14:24:53,116 - mainlogger - INFO - ********************************************************************************
2024-05-21 14:25:44,469 - mainlogger - INFO - valid
2024-05-21 14:26:11,229 - mainlogger - INFO - Dice score: 0.745
2024-05-21 14:26:11,229 - mainlogger - INFO - Accuracy: 0.9499
2024-05-21 14:26:11,229 - mainlogger - INFO - Epoch 103  2.087603433057666
2024-05-21 14:26:11,229 - mainlogger - INFO - ********************************************************************************
2024-05-21 14:27:02,776 - mainlogger - INFO - valid
2024-05-21 14:27:29,713 - mainlogger - INFO - Dice score: 0.7373
2024-05-21 14:27:29,713 - mainlogger - INFO - Accuracy: 0.9499
2024-05-21 14:27:29,713 - mainlogger - INFO - 0.00014224175713617207->0.00012090549356574625
2024-05-21 14:27:29,713 - mainlogger - INFO - Epoch 104  2.310319110751152
2024-05-21 14:27:29,713 - mainlogger - INFO - ********************************************************************************
2024-05-21 14:28:21,583 - mainlogger - INFO - valid
2024-05-21 14:28:48,336 - mainlogger - INFO - Dice score: 0.7331
2024-05-21 14:28:48,337 - mainlogger - INFO - Accuracy: 0.9487
2024-05-21 14:28:48,337 - mainlogger - INFO - Epoch 105  2.074763460084796
2024-05-21 14:28:48,337 - mainlogger - INFO - ********************************************************************************
2024-05-21 14:29:40,886 - mainlogger - INFO - valid
2024-05-21 14:30:07,436 - mainlogger - INFO - Dice score: 0.7335
2024-05-21 14:30:07,437 - mainlogger - INFO - Accuracy: 0.947
2024-05-21 14:30:07,437 - mainlogger - INFO - Epoch 106  2.036363808438182
2024-05-21 14:30:07,437 - mainlogger - INFO - ********************************************************************************
2024-05-21 14:30:58,416 - mainlogger - INFO - valid
2024-05-21 14:31:24,603 - mainlogger - INFO - Dice score: 0.7285
2024-05-21 14:31:24,604 - mainlogger - INFO - Accuracy: 0.9453
2024-05-21 14:31:24,604 - mainlogger - INFO - Epoch 107  2.0258012898266315
2024-05-21 14:31:24,604 - mainlogger - INFO - ********************************************************************************
2024-05-21 14:32:15,813 - mainlogger - INFO - valid
2024-05-21 14:32:42,030 - mainlogger - INFO - Dice score: 0.7399
2024-05-21 14:32:42,030 - mainlogger - INFO - Accuracy: 0.9468
2024-05-21 14:32:42,030 - mainlogger - INFO - 0.00012090549356574625->0.00010276966953088431
2024-05-21 14:32:42,030 - mainlogger - INFO - Epoch 108  2.095642101019621
2024-05-21 14:32:42,030 - mainlogger - INFO - ********************************************************************************
2024-05-21 14:33:33,394 - mainlogger - INFO - valid
2024-05-21 14:34:00,205 - mainlogger - INFO - Dice score: 0.7339
2024-05-21 14:34:00,206 - mainlogger - INFO - Accuracy: 0.9451
2024-05-21 14:34:00,206 - mainlogger - INFO - Epoch 109  1.9802199266850948
2024-05-21 14:34:00,206 - mainlogger - INFO - ********************************************************************************
2024-05-21 14:34:51,902 - mainlogger - INFO - valid
2024-05-21 14:35:18,804 - mainlogger - INFO - Dice score: 0.7344
2024-05-21 14:35:18,805 - mainlogger - INFO - Accuracy: 0.9445
2024-05-21 14:35:18,805 - mainlogger - INFO - Epoch 110  1.9250144343823195
2024-05-21 14:35:18,805 - mainlogger - INFO - ********************************************************************************
2024-05-21 14:36:10,429 - mainlogger - INFO - valid
2024-05-21 14:36:37,108 - mainlogger - INFO - Dice score: 0.7282
2024-05-21 14:36:37,108 - mainlogger - INFO - Accuracy: 0.9444
2024-05-21 14:36:37,108 - mainlogger - INFO - Epoch 111  1.957997590303421
2024-05-21 14:36:37,108 - mainlogger - INFO - train
2024-05-21 14:37:25,448 - mainlogger - INFO - Dice score: 0.9023
2024-05-21 14:37:25,449 - mainlogger - INFO - Accuracy: 0.9764
2024-05-21 14:37:25,449 - mainlogger - INFO - test
2024-05-21 14:37:52,828 - mainlogger - INFO - Dice score: 0.7541
2024-05-21 14:37:52,828 - mainlogger - INFO - Accuracy: 0.9523
2024-05-21 14:37:52,828 - mainlogger - INFO - ********************************************************************************
2024-05-21 14:38:44,506 - mainlogger - INFO - valid
2024-05-21 14:39:10,218 - mainlogger - INFO - Dice score: 0.7282
2024-05-21 14:39:10,218 - mainlogger - INFO - Accuracy: 0.9439
2024-05-21 14:39:10,219 - mainlogger - INFO - 0.00010276966953088431->8.735421910125166e-05
2024-05-21 14:39:10,219 - mainlogger - INFO - Epoch 112  1.9309475794434547
2024-05-21 14:39:10,219 - mainlogger - INFO - ********************************************************************************
2024-05-21 14:39:58,737 - mainlogger - INFO - valid
2024-05-21 14:40:23,593 - mainlogger - INFO - Dice score: 0.7386
2024-05-21 14:40:23,593 - mainlogger - INFO - Accuracy: 0.9464
2024-05-21 14:40:23,593 - mainlogger - INFO - Epoch 113  1.8827307187020779
2024-05-21 14:40:23,593 - mainlogger - INFO - ********************************************************************************
2024-05-21 14:41:15,019 - mainlogger - INFO - valid
2024-05-21 14:41:40,978 - mainlogger - INFO - Dice score: 0.7382
2024-05-21 14:41:40,978 - mainlogger - INFO - Accuracy: 0.9486
2024-05-21 14:41:40,978 - mainlogger - INFO - Epoch 114  1.9495231937617064
2024-05-21 14:41:40,978 - mainlogger - INFO - ********************************************************************************
2024-05-21 14:42:31,886 - mainlogger - INFO - valid
2024-05-21 14:42:58,212 - mainlogger - INFO - Dice score: 0.7368
2024-05-21 14:42:58,212 - mainlogger - INFO - Accuracy: 0.9462
2024-05-21 14:42:58,213 - mainlogger - INFO - Epoch 115  1.8188499361276627
2024-05-21 14:42:58,213 - mainlogger - INFO - ********************************************************************************
2024-05-21 14:43:48,378 - mainlogger - INFO - valid
2024-05-21 14:44:14,515 - mainlogger - INFO - Dice score: 0.7253
2024-05-21 14:44:14,515 - mainlogger - INFO - Accuracy: 0.9449
2024-05-21 14:44:14,516 - mainlogger - INFO - 8.735421910125166e-05->7.425108623606391e-05
2024-05-21 14:44:14,516 - mainlogger - INFO - Epoch 116  1.9480194486677647
2024-05-21 14:44:14,516 - mainlogger - INFO - ********************************************************************************
2024-05-21 14:45:05,576 - mainlogger - INFO - valid
2024-05-21 14:45:32,197 - mainlogger - INFO - Dice score: 0.7324
2024-05-21 14:45:32,198 - mainlogger - INFO - Accuracy: 0.9459
2024-05-21 14:45:32,198 - mainlogger - INFO - Epoch 117  1.9453531056642532
2024-05-21 14:45:32,198 - mainlogger - INFO - ********************************************************************************
2024-05-21 14:46:23,802 - mainlogger - INFO - valid
2024-05-21 14:46:50,135 - mainlogger - INFO - Dice score: 0.7256
2024-05-21 14:46:50,135 - mainlogger - INFO - Accuracy: 0.9426
2024-05-21 14:46:50,135 - mainlogger - INFO - Epoch 118  1.9518769886344671
2024-05-21 14:46:50,135 - mainlogger - INFO - ********************************************************************************
2024-05-21 14:47:40,817 - mainlogger - INFO - valid
2024-05-21 14:48:07,123 - mainlogger - INFO - Dice score: 0.7352
2024-05-21 14:48:07,123 - mainlogger - INFO - Accuracy: 0.948
2024-05-21 14:48:07,124 - mainlogger - INFO - Epoch 119  1.8796963170170784
2024-05-21 14:48:07,124 - mainlogger - INFO - train
2024-05-21 14:48:54,492 - mainlogger - INFO - Dice score: 0.9073
2024-05-21 14:48:54,492 - mainlogger - INFO - Accuracy: 0.9775
2024-05-21 14:48:54,492 - mainlogger - INFO - test
2024-05-21 14:49:21,228 - mainlogger - INFO - Dice score: 0.7427
2024-05-21 14:49:21,228 - mainlogger - INFO - Accuracy: 0.9512
2024-05-21 14:49:21,228 - mainlogger - INFO - ********************************************************************************
2024-05-21 14:49:21,229 - mainlogger - INFO - (101, 105)
2024-05-21 14:49:21,229 - mainlogger - INFO - 0.7356629514013575
