2024-05-21 18:47:50,158 - mainlogger - INFO - 1441
2024-05-21 18:47:50,159 - mainlogger - INFO - <class '__main__.UniversegPipeline'>
2024-05-21 18:47:50,159 - mainlogger - INFO - full/res_stack_se/big_testk.yaml
2024-05-21 18:47:50,159 - mainlogger - INFO - {'desc': '学习率调大10倍，模型减小为单层', 'batch_size': 8, 'epochs': 120, 'k': 2, 'test_k': 4, 'init': True, 'root_dir': '/Dataset_BUSI', 'model': {'name': 'universeg_res.universeg.UniverSeg', 'args': {'channels': [64, 128, 256, 512, 512], 'num_layers': [1, 1, 1, 1, 1], 'in_channels': [1, 2], 'init': True, 'act': 'ReLU'}}, 'trainset': {'name': 'datasetBUSI.mask_busi_single.MaskBUSISingle', 'args': {'root_dir': '/Dataset_BUSI', 'image_names_path': 'labeled_all.txt', 'mode': 'train'}}, 'testset': {'name': 'datasetBUSI.mask_busi_single.MaskBUSISingle', 'args': {'root_dir': '/Dataset_BUSI', 'image_names_path': 'test.txt', 'mode': 'test'}}, 'validset': {'name': 'datasetBUSI.mask_busi_single.MaskBUSISingle', 'args': {'root_dir': '/Dataset_BUSI', 'image_names_path': 'val.txt', 'mode': 'test'}}, 'criterion': {'name': 'spgutils.focalloss.BinaryFocalLoss', 'args': {'gamma': 1}}, 'optimizer': {'name': 'torch.optim.Adam', 'args': {'lr': 0.001}}, 'scheduler': {'name': 'torch.optim.lr_scheduler.ReduceLROnPlateau', 'args': {'mode': 'max', 'factor': 0.85, 'patience': 3}}}
2024-05-21 18:47:50,159 - mainlogger - INFO - 39.82969093322754
2024-05-21 18:47:50,161 - mainlogger - INFO - init with relu
2024-05-21 18:48:46,003 - mainlogger - INFO - Epoch 0  16.611387014389038
2024-05-21 18:48:46,003 - mainlogger - INFO - ********************************************************************************
2024-05-21 18:49:37,576 - mainlogger - INFO - Epoch 1  15.312576860189438
2024-05-21 18:49:37,576 - mainlogger - INFO - train
2024-05-21 18:50:26,991 - mainlogger - INFO - Dice score: 0.4475
2024-05-21 18:50:26,991 - mainlogger - INFO - Accuracy: 0.8055
2024-05-21 18:50:26,991 - mainlogger - INFO - test
2024-05-21 18:50:55,720 - mainlogger - INFO - Dice score: 0.4016
2024-05-21 18:50:55,721 - mainlogger - INFO - Accuracy: 0.825
2024-05-21 18:50:55,721 - mainlogger - INFO - ********************************************************************************
2024-05-21 18:51:48,211 - mainlogger - INFO - Epoch 2  14.502733677625656
2024-05-21 18:51:48,212 - mainlogger - INFO - ********************************************************************************
2024-05-21 18:52:39,704 - mainlogger - INFO - Epoch 3  13.731868028640747
2024-05-21 18:52:39,705 - mainlogger - INFO - ********************************************************************************
2024-05-21 18:53:30,696 - mainlogger - INFO - Epoch 4  13.0021061450243
2024-05-21 18:53:30,697 - mainlogger - INFO - ********************************************************************************
2024-05-21 18:54:22,590 - mainlogger - INFO - Epoch 5  12.517868980765343
2024-05-21 18:54:22,590 - mainlogger - INFO - ********************************************************************************
2024-05-21 18:55:14,389 - mainlogger - INFO - Epoch 6  11.864943370223045
2024-05-21 18:55:14,390 - mainlogger - INFO - ********************************************************************************
2024-05-21 18:56:05,816 - mainlogger - INFO - Epoch 7  11.358714163303375
2024-05-21 18:56:05,817 - mainlogger - INFO - ********************************************************************************
2024-05-21 18:56:57,287 - mainlogger - INFO - Epoch 8  10.781109347939491
2024-05-21 18:56:57,287 - mainlogger - INFO - ********************************************************************************
2024-05-21 18:57:48,815 - mainlogger - INFO - Epoch 9  10.240729182958603
2024-05-21 18:57:48,815 - mainlogger - INFO - ********************************************************************************
2024-05-21 18:58:40,263 - mainlogger - INFO - Epoch 10  9.793733075261116
2024-05-21 18:58:40,263 - mainlogger - INFO - ********************************************************************************
2024-05-21 18:59:31,402 - mainlogger - INFO - Epoch 11  9.440970584750175
2024-05-21 18:59:31,402 - mainlogger - INFO - train
2024-05-21 19:00:19,141 - mainlogger - INFO - Dice score: 0.5483
2024-05-21 19:00:19,141 - mainlogger - INFO - Accuracy: 0.9016
2024-05-21 19:00:19,141 - mainlogger - INFO - test
2024-05-21 19:00:46,199 - mainlogger - INFO - Dice score: 0.5389
2024-05-21 19:00:46,200 - mainlogger - INFO - Accuracy: 0.9134
2024-05-21 19:00:46,200 - mainlogger - INFO - ********************************************************************************
2024-05-21 19:01:37,385 - mainlogger - INFO - Epoch 12  8.859431475400925
2024-05-21 19:01:37,385 - mainlogger - INFO - ********************************************************************************
2024-05-21 19:02:29,251 - mainlogger - INFO - Epoch 13  8.409566909074783
2024-05-21 19:02:29,251 - mainlogger - INFO - ********************************************************************************
2024-05-21 19:03:20,300 - mainlogger - INFO - Epoch 14  8.306964561343193
2024-05-21 19:03:20,301 - mainlogger - INFO - ********************************************************************************
2024-05-21 19:04:11,598 - mainlogger - INFO - Epoch 15  8.157529592514038
2024-05-21 19:04:11,598 - mainlogger - INFO - ********************************************************************************
2024-05-21 19:05:03,010 - mainlogger - INFO - Epoch 16  7.913500256836414
2024-05-21 19:05:03,010 - mainlogger - INFO - ********************************************************************************
2024-05-21 19:05:54,791 - mainlogger - INFO - Epoch 17  7.5870713740587234
2024-05-21 19:05:54,791 - mainlogger - INFO - ********************************************************************************
2024-05-21 19:06:47,164 - mainlogger - INFO - Epoch 18  7.511583477258682
2024-05-21 19:06:47,165 - mainlogger - INFO - ********************************************************************************
2024-05-21 19:07:38,810 - mainlogger - INFO - Epoch 19  7.490815348923206
2024-05-21 19:07:38,810 - mainlogger - INFO - ********************************************************************************
2024-05-21 19:08:30,184 - mainlogger - INFO - Epoch 20  6.914325848221779
2024-05-21 19:08:30,185 - mainlogger - INFO - ********************************************************************************
2024-05-21 19:09:21,181 - mainlogger - INFO - Epoch 21  6.882380202412605
2024-05-21 19:09:21,181 - mainlogger - INFO - train
2024-05-21 19:10:08,784 - mainlogger - INFO - Dice score: 0.6809
2024-05-21 19:10:08,785 - mainlogger - INFO - Accuracy: 0.9249
2024-05-21 19:10:08,785 - mainlogger - INFO - test
2024-05-21 19:10:34,964 - mainlogger - INFO - Dice score: 0.6316
2024-05-21 19:10:34,964 - mainlogger - INFO - Accuracy: 0.9271
2024-05-21 19:10:34,964 - mainlogger - INFO - ********************************************************************************
2024-05-21 19:11:25,714 - mainlogger - INFO - Epoch 22  6.658547841012478
2024-05-21 19:11:25,714 - mainlogger - INFO - ********************************************************************************
2024-05-21 19:12:16,800 - mainlogger - INFO - Epoch 23  6.276191100478172
2024-05-21 19:12:16,800 - mainlogger - INFO - ********************************************************************************
2024-05-21 19:13:08,276 - mainlogger - INFO - Epoch 24  6.4726672023534775
2024-05-21 19:13:08,276 - mainlogger - INFO - ********************************************************************************
2024-05-21 19:13:59,204 - mainlogger - INFO - Epoch 25  6.242432706058025
2024-05-21 19:13:59,204 - mainlogger - INFO - ********************************************************************************
2024-05-21 19:14:49,709 - mainlogger - INFO - Epoch 26  6.138646587729454
2024-05-21 19:14:49,709 - mainlogger - INFO - ********************************************************************************
2024-05-21 19:15:40,808 - mainlogger - INFO - Epoch 27  5.830616645514965
2024-05-21 19:15:40,808 - mainlogger - INFO - ********************************************************************************
2024-05-21 19:16:31,794 - mainlogger - INFO - Epoch 28  5.774460501968861
2024-05-21 19:16:31,795 - mainlogger - INFO - ********************************************************************************
2024-05-21 19:17:22,778 - mainlogger - INFO - Epoch 29  5.54130669683218
2024-05-21 19:17:22,778 - mainlogger - INFO - ********************************************************************************
2024-05-21 19:18:13,786 - mainlogger - INFO - Epoch 30  5.94210497289896
2024-05-21 19:18:13,786 - mainlogger - INFO - ********************************************************************************
2024-05-21 19:19:05,075 - mainlogger - INFO - Epoch 31  5.477841168642044
2024-05-21 19:19:05,075 - mainlogger - INFO - train
2024-05-21 19:19:52,363 - mainlogger - INFO - Dice score: 0.7162
2024-05-21 19:19:52,363 - mainlogger - INFO - Accuracy: 0.9266
2024-05-21 19:19:52,363 - mainlogger - INFO - test
2024-05-21 19:20:19,230 - mainlogger - INFO - Dice score: 0.676
2024-05-21 19:20:19,231 - mainlogger - INFO - Accuracy: 0.9239
2024-05-21 19:20:19,231 - mainlogger - INFO - ********************************************************************************
2024-05-21 19:21:10,600 - mainlogger - INFO - Epoch 32  5.235919289290905
2024-05-21 19:21:10,600 - mainlogger - INFO - ********************************************************************************
2024-05-21 19:22:02,069 - mainlogger - INFO - Epoch 33  5.254825443029404
2024-05-21 19:22:02,069 - mainlogger - INFO - ********************************************************************************
2024-05-21 19:22:52,881 - mainlogger - INFO - Epoch 34  5.086629457771778
2024-05-21 19:22:52,881 - mainlogger - INFO - ********************************************************************************
2024-05-21 19:23:43,597 - mainlogger - INFO - Epoch 35  5.154647909104824
2024-05-21 19:23:43,597 - mainlogger - INFO - ********************************************************************************
2024-05-21 19:24:35,107 - mainlogger - INFO - Epoch 36  5.108745604753494
2024-05-21 19:24:35,107 - mainlogger - INFO - ********************************************************************************
2024-05-21 19:25:26,372 - mainlogger - INFO - Epoch 37  4.819856233894825
2024-05-21 19:25:26,372 - mainlogger - INFO - ********************************************************************************
2024-05-21 19:26:17,802 - mainlogger - INFO - Epoch 38  4.80044612288475
2024-05-21 19:26:17,803 - mainlogger - INFO - ********************************************************************************
2024-05-21 19:27:09,193 - mainlogger - INFO - Epoch 39  4.743158984929323
2024-05-21 19:27:09,193 - mainlogger - INFO - ********************************************************************************
2024-05-21 19:28:01,420 - mainlogger - INFO - Epoch 40  4.392973192036152
2024-05-21 19:28:01,421 - mainlogger - INFO - ********************************************************************************
2024-05-21 19:28:53,375 - mainlogger - INFO - Epoch 41  4.838358782231808
2024-05-21 19:28:53,375 - mainlogger - INFO - train
2024-05-21 19:29:40,363 - mainlogger - INFO - Dice score: 0.7377
2024-05-21 19:29:40,363 - mainlogger - INFO - Accuracy: 0.9457
2024-05-21 19:29:40,363 - mainlogger - INFO - test
2024-05-21 19:30:06,940 - mainlogger - INFO - Dice score: 0.6989
2024-05-21 19:30:06,941 - mainlogger - INFO - Accuracy: 0.948
2024-05-21 19:30:06,941 - mainlogger - INFO - ********************************************************************************
2024-05-21 19:30:57,876 - mainlogger - INFO - Epoch 42  4.6480993665754795
2024-05-21 19:30:57,876 - mainlogger - INFO - ********************************************************************************
2024-05-21 19:31:50,306 - mainlogger - INFO - Epoch 43  4.636229682713747
2024-05-21 19:31:50,306 - mainlogger - INFO - ********************************************************************************
2024-05-21 19:32:41,301 - mainlogger - INFO - Epoch 44  4.4376936964690685
2024-05-21 19:32:41,302 - mainlogger - INFO - ********************************************************************************
2024-05-21 19:33:32,793 - mainlogger - INFO - Epoch 45  4.365149445831776
2024-05-21 19:33:32,794 - mainlogger - INFO - ********************************************************************************
2024-05-21 19:34:23,986 - mainlogger - INFO - Epoch 46  4.373165789991617
2024-05-21 19:34:23,987 - mainlogger - INFO - ********************************************************************************
2024-05-21 19:35:16,078 - mainlogger - INFO - Epoch 47  4.1628701984882355
2024-05-21 19:35:16,078 - mainlogger - INFO - ********************************************************************************
2024-05-21 19:36:07,176 - mainlogger - INFO - valid
2024-05-21 19:36:34,790 - mainlogger - INFO - Dice score: 0.7239
2024-05-21 19:36:34,790 - mainlogger - INFO - Accuracy: 0.9423
2024-05-21 19:37:01,338 - mainlogger - INFO - Dice score: 0.7425
2024-05-21 19:37:01,338 - mainlogger - INFO - Accuracy: 0.9492
2024-05-21 19:37:01,338 - mainlogger - INFO - Epoch 48  4.374566458165646
2024-05-21 19:37:01,338 - mainlogger - INFO - ********************************************************************************
2024-05-21 19:37:52,756 - mainlogger - INFO - valid
2024-05-21 19:38:19,027 - mainlogger - INFO - Dice score: 0.7123
2024-05-21 19:38:19,027 - mainlogger - INFO - Accuracy: 0.9405
2024-05-21 19:38:19,027 - mainlogger - INFO - Epoch 49  3.914061952382326
2024-05-21 19:38:19,027 - mainlogger - INFO - ********************************************************************************
2024-05-21 19:39:11,583 - mainlogger - INFO - valid
2024-05-21 19:39:38,397 - mainlogger - INFO - Dice score: 0.7199
2024-05-21 19:39:38,397 - mainlogger - INFO - Accuracy: 0.942
2024-05-21 19:39:38,397 - mainlogger - INFO - Epoch 50  4.1545557752251625
2024-05-21 19:39:38,397 - mainlogger - INFO - ********************************************************************************
2024-05-21 19:40:30,486 - mainlogger - INFO - valid
2024-05-21 19:40:57,022 - mainlogger - INFO - Dice score: 0.7041
2024-05-21 19:40:57,023 - mainlogger - INFO - Accuracy: 0.9398
2024-05-21 19:40:57,023 - mainlogger - INFO - Epoch 51  4.1043550334870815
2024-05-21 19:40:57,023 - mainlogger - INFO - train
2024-05-21 19:41:45,072 - mainlogger - INFO - Dice score: 0.7704
2024-05-21 19:41:45,072 - mainlogger - INFO - Accuracy: 0.9479
2024-05-21 19:41:45,072 - mainlogger - INFO - test
2024-05-21 19:42:11,580 - mainlogger - INFO - Dice score: 0.7025
2024-05-21 19:42:11,580 - mainlogger - INFO - Accuracy: 0.9437
2024-05-21 19:42:11,580 - mainlogger - INFO - ********************************************************************************
2024-05-21 19:43:03,617 - mainlogger - INFO - valid
2024-05-21 19:43:30,200 - mainlogger - INFO - Dice score: 0.7397
2024-05-21 19:43:30,201 - mainlogger - INFO - Accuracy: 0.9459
2024-05-21 19:43:57,160 - mainlogger - INFO - Dice score: 0.7213
2024-05-21 19:43:57,160 - mainlogger - INFO - Accuracy: 0.9409
2024-05-21 19:43:57,161 - mainlogger - INFO - Epoch 52  4.15198739990592
2024-05-21 19:43:57,161 - mainlogger - INFO - ********************************************************************************
2024-05-21 19:44:48,209 - mainlogger - INFO - valid
2024-05-21 19:45:14,042 - mainlogger - INFO - Dice score: 0.6996
2024-05-21 19:45:14,042 - mainlogger - INFO - Accuracy: 0.9368
2024-05-21 19:45:14,042 - mainlogger - INFO - Epoch 53  4.307051371783018
2024-05-21 19:45:14,042 - mainlogger - INFO - ********************************************************************************
2024-05-21 19:46:05,074 - mainlogger - INFO - valid
2024-05-21 19:46:31,439 - mainlogger - INFO - Dice score: 0.7373
2024-05-21 19:46:31,440 - mainlogger - INFO - Accuracy: 0.9469
2024-05-21 19:46:31,440 - mainlogger - INFO - Epoch 54  4.235577329993248
2024-05-21 19:46:31,440 - mainlogger - INFO - ********************************************************************************
2024-05-21 19:47:23,099 - mainlogger - INFO - valid
2024-05-21 19:47:49,843 - mainlogger - INFO - Dice score: 0.7158
2024-05-21 19:47:49,844 - mainlogger - INFO - Accuracy: 0.9411
2024-05-21 19:47:49,844 - mainlogger - INFO - Epoch 55  3.8471263982355595
2024-05-21 19:47:49,844 - mainlogger - INFO - ********************************************************************************
2024-05-21 19:48:42,082 - mainlogger - INFO - valid
2024-05-21 19:49:09,153 - mainlogger - INFO - Dice score: 0.7108
2024-05-21 19:49:09,153 - mainlogger - INFO - Accuracy: 0.9452
2024-05-21 19:49:09,154 - mainlogger - INFO - 0.001->0.00085
2024-05-21 19:49:09,154 - mainlogger - INFO - Epoch 56  4.072496876120567
2024-05-21 19:49:09,154 - mainlogger - INFO - ********************************************************************************
2024-05-21 19:50:01,162 - mainlogger - INFO - valid
2024-05-21 19:50:27,804 - mainlogger - INFO - Dice score: 0.7358
2024-05-21 19:50:27,804 - mainlogger - INFO - Accuracy: 0.9477
2024-05-21 19:50:27,804 - mainlogger - INFO - Epoch 57  3.6400895304977894
2024-05-21 19:50:27,804 - mainlogger - INFO - ********************************************************************************
2024-05-21 19:51:19,377 - mainlogger - INFO - valid
2024-05-21 19:51:46,434 - mainlogger - INFO - Dice score: 0.7374
2024-05-21 19:51:46,434 - mainlogger - INFO - Accuracy: 0.9521
2024-05-21 19:51:46,434 - mainlogger - INFO - Epoch 58  3.5117845982313156
2024-05-21 19:51:46,434 - mainlogger - INFO - ********************************************************************************
2024-05-21 19:52:37,591 - mainlogger - INFO - valid
2024-05-21 19:53:04,057 - mainlogger - INFO - Dice score: 0.723
2024-05-21 19:53:04,058 - mainlogger - INFO - Accuracy: 0.9476
2024-05-21 19:53:04,058 - mainlogger - INFO - Epoch 59  3.67836631834507
2024-05-21 19:53:04,058 - mainlogger - INFO - ********************************************************************************
2024-05-21 19:53:55,901 - mainlogger - INFO - valid
2024-05-21 19:54:22,009 - mainlogger - INFO - Dice score: 0.719
2024-05-21 19:54:22,009 - mainlogger - INFO - Accuracy: 0.9422
2024-05-21 19:54:22,009 - mainlogger - INFO - 0.00085->0.0007224999999999999
2024-05-21 19:54:22,009 - mainlogger - INFO - Epoch 60  3.4437431283295155
2024-05-21 19:54:22,009 - mainlogger - INFO - ********************************************************************************
2024-05-21 19:55:13,049 - mainlogger - INFO - valid
2024-05-21 19:55:40,132 - mainlogger - INFO - Dice score: 0.7153
2024-05-21 19:55:40,133 - mainlogger - INFO - Accuracy: 0.9429
2024-05-21 19:55:40,133 - mainlogger - INFO - Epoch 61  3.44693049415946
2024-05-21 19:55:40,133 - mainlogger - INFO - train
2024-05-21 19:56:27,878 - mainlogger - INFO - Dice score: 0.8237
2024-05-21 19:56:27,878 - mainlogger - INFO - Accuracy: 0.9591
2024-05-21 19:56:27,878 - mainlogger - INFO - test
2024-05-21 19:56:54,819 - mainlogger - INFO - Dice score: 0.7209
2024-05-21 19:56:54,820 - mainlogger - INFO - Accuracy: 0.9487
2024-05-21 19:56:54,820 - mainlogger - INFO - ********************************************************************************
2024-05-21 19:57:46,605 - mainlogger - INFO - valid
2024-05-21 19:58:13,108 - mainlogger - INFO - Dice score: 0.7228
2024-05-21 19:58:13,108 - mainlogger - INFO - Accuracy: 0.9459
2024-05-21 19:58:13,108 - mainlogger - INFO - Epoch 62  3.528748329728842
2024-05-21 19:58:13,108 - mainlogger - INFO - ********************************************************************************
2024-05-21 19:59:04,165 - mainlogger - INFO - valid
2024-05-21 19:59:31,316 - mainlogger - INFO - Dice score: 0.7312
2024-05-21 19:59:31,316 - mainlogger - INFO - Accuracy: 0.9428
2024-05-21 19:59:31,316 - mainlogger - INFO - Epoch 63  3.46336605027318
2024-05-21 19:59:31,316 - mainlogger - INFO - ********************************************************************************
2024-05-21 20:00:23,386 - mainlogger - INFO - valid
2024-05-21 20:00:50,001 - mainlogger - INFO - Dice score: 0.7535
2024-05-21 20:00:50,001 - mainlogger - INFO - Accuracy: 0.9523
2024-05-21 20:01:16,831 - mainlogger - INFO - Dice score: 0.7361
2024-05-21 20:01:16,831 - mainlogger - INFO - Accuracy: 0.9505
2024-05-21 20:01:16,831 - mainlogger - INFO - Epoch 64  3.364536687731743
2024-05-21 20:01:16,831 - mainlogger - INFO - ********************************************************************************
2024-05-21 20:02:08,221 - mainlogger - INFO - valid
2024-05-21 20:02:34,743 - mainlogger - INFO - Dice score: 0.7415
2024-05-21 20:02:34,743 - mainlogger - INFO - Accuracy: 0.9471
2024-05-21 20:02:34,743 - mainlogger - INFO - Epoch 65  3.2036313489079475
2024-05-21 20:02:34,743 - mainlogger - INFO - ********************************************************************************
2024-05-21 20:03:26,480 - mainlogger - INFO - valid
2024-05-21 20:03:52,836 - mainlogger - INFO - Dice score: 0.7364
2024-05-21 20:03:52,837 - mainlogger - INFO - Accuracy: 0.9455
2024-05-21 20:03:52,837 - mainlogger - INFO - Epoch 66  3.0824412927031517
2024-05-21 20:03:52,837 - mainlogger - INFO - ********************************************************************************
2024-05-21 20:04:44,689 - mainlogger - INFO - valid
2024-05-21 20:05:11,332 - mainlogger - INFO - Dice score: 0.7072
2024-05-21 20:05:11,333 - mainlogger - INFO - Accuracy: 0.9364
2024-05-21 20:05:11,333 - mainlogger - INFO - Epoch 67  3.282100636512041
2024-05-21 20:05:11,333 - mainlogger - INFO - ********************************************************************************
2024-05-21 20:06:03,388 - mainlogger - INFO - valid
2024-05-21 20:06:30,140 - mainlogger - INFO - Dice score: 0.7397
2024-05-21 20:06:30,140 - mainlogger - INFO - Accuracy: 0.9492
2024-05-21 20:06:30,141 - mainlogger - INFO - 0.0007224999999999999->0.000614125
2024-05-21 20:06:30,141 - mainlogger - INFO - Epoch 68  3.503181539475918
2024-05-21 20:06:30,141 - mainlogger - INFO - ********************************************************************************
2024-05-21 20:07:21,684 - mainlogger - INFO - valid
2024-05-21 20:07:47,927 - mainlogger - INFO - Dice score: 0.7418
2024-05-21 20:07:47,927 - mainlogger - INFO - Accuracy: 0.9514
2024-05-21 20:07:47,927 - mainlogger - INFO - Epoch 69  3.2886550687253475
2024-05-21 20:07:47,927 - mainlogger - INFO - ********************************************************************************
2024-05-21 20:08:40,102 - mainlogger - INFO - valid
2024-05-21 20:09:06,492 - mainlogger - INFO - Dice score: 0.7421
2024-05-21 20:09:06,492 - mainlogger - INFO - Accuracy: 0.9464
2024-05-21 20:09:06,492 - mainlogger - INFO - Epoch 70  3.027580339461565
2024-05-21 20:09:06,492 - mainlogger - INFO - ********************************************************************************
2024-05-21 20:09:57,801 - mainlogger - INFO - valid
2024-05-21 20:10:24,239 - mainlogger - INFO - Dice score: 0.722
2024-05-21 20:10:24,239 - mainlogger - INFO - Accuracy: 0.942
2024-05-21 20:10:24,239 - mainlogger - INFO - Epoch 71  3.3785215727984905
2024-05-21 20:10:24,239 - mainlogger - INFO - train
2024-05-21 20:11:12,143 - mainlogger - INFO - Dice score: 0.8435
2024-05-21 20:11:12,143 - mainlogger - INFO - Accuracy: 0.962
2024-05-21 20:11:12,143 - mainlogger - INFO - test
2024-05-21 20:11:39,222 - mainlogger - INFO - Dice score: 0.7539
2024-05-21 20:11:39,222 - mainlogger - INFO - Accuracy: 0.9515
2024-05-21 20:11:39,222 - mainlogger - INFO - ********************************************************************************
2024-05-21 20:12:30,373 - mainlogger - INFO - valid
2024-05-21 20:12:56,774 - mainlogger - INFO - Dice score: 0.7392
2024-05-21 20:12:56,774 - mainlogger - INFO - Accuracy: 0.9502
2024-05-21 20:12:56,774 - mainlogger - INFO - 0.000614125->0.00052200625
2024-05-21 20:12:56,774 - mainlogger - INFO - Epoch 72  3.081398706883192
2024-05-21 20:12:56,774 - mainlogger - INFO - ********************************************************************************
2024-05-21 20:13:47,697 - mainlogger - INFO - valid
2024-05-21 20:14:14,329 - mainlogger - INFO - Dice score: 0.743
2024-05-21 20:14:14,329 - mainlogger - INFO - Accuracy: 0.9459
2024-05-21 20:14:14,330 - mainlogger - INFO - Epoch 73  3.0402920432388783
2024-05-21 20:14:14,330 - mainlogger - INFO - ********************************************************************************
2024-05-21 20:15:06,405 - mainlogger - INFO - valid
2024-05-21 20:15:33,118 - mainlogger - INFO - Dice score: 0.7415
2024-05-21 20:15:33,118 - mainlogger - INFO - Accuracy: 0.9511
2024-05-21 20:15:33,119 - mainlogger - INFO - Epoch 74  2.9945963136851788
2024-05-21 20:15:33,119 - mainlogger - INFO - ********************************************************************************
2024-05-21 20:16:27,205 - mainlogger - INFO - valid
2024-05-21 20:16:53,908 - mainlogger - INFO - Dice score: 0.7421
2024-05-21 20:16:53,908 - mainlogger - INFO - Accuracy: 0.9476
2024-05-21 20:16:53,909 - mainlogger - INFO - Epoch 75  2.943734124302864
2024-05-21 20:16:53,909 - mainlogger - INFO - ********************************************************************************
2024-05-21 20:17:45,984 - mainlogger - INFO - valid
2024-05-21 20:18:12,730 - mainlogger - INFO - Dice score: 0.7329
2024-05-21 20:18:12,731 - mainlogger - INFO - Accuracy: 0.9441
2024-05-21 20:18:12,731 - mainlogger - INFO - 0.00052200625->0.00044370531249999997
2024-05-21 20:18:12,731 - mainlogger - INFO - Epoch 76  2.899179045110941
2024-05-21 20:18:12,731 - mainlogger - INFO - ********************************************************************************
2024-05-21 20:19:04,887 - mainlogger - INFO - valid
2024-05-21 20:19:31,201 - mainlogger - INFO - Dice score: 0.7366
2024-05-21 20:19:31,202 - mainlogger - INFO - Accuracy: 0.9487
2024-05-21 20:19:31,202 - mainlogger - INFO - Epoch 77  2.742270678281784
2024-05-21 20:19:31,202 - mainlogger - INFO - ********************************************************************************
2024-05-21 20:20:22,217 - mainlogger - INFO - valid
2024-05-21 20:20:48,881 - mainlogger - INFO - Dice score: 0.733
2024-05-21 20:20:48,881 - mainlogger - INFO - Accuracy: 0.9463
2024-05-21 20:20:48,881 - mainlogger - INFO - Epoch 78  2.553696198388934
2024-05-21 20:20:48,881 - mainlogger - INFO - ********************************************************************************
2024-05-21 20:21:40,920 - mainlogger - INFO - valid
2024-05-21 20:22:07,511 - mainlogger - INFO - Dice score: 0.7407
2024-05-21 20:22:07,512 - mainlogger - INFO - Accuracy: 0.9456
2024-05-21 20:22:07,512 - mainlogger - INFO - Epoch 79  2.624301679432392
2024-05-21 20:22:07,512 - mainlogger - INFO - ********************************************************************************
2024-05-21 20:22:59,817 - mainlogger - INFO - valid
2024-05-21 20:23:27,011 - mainlogger - INFO - Dice score: 0.7053
2024-05-21 20:23:27,011 - mainlogger - INFO - Accuracy: 0.9366
2024-05-21 20:23:27,012 - mainlogger - INFO - 0.00044370531249999997->0.00037714951562499996
2024-05-21 20:23:27,012 - mainlogger - INFO - Epoch 80  2.581520229578018
2024-05-21 20:23:27,012 - mainlogger - INFO - ********************************************************************************
2024-05-21 20:24:19,613 - mainlogger - INFO - valid
2024-05-21 20:24:46,621 - mainlogger - INFO - Dice score: 0.7258
2024-05-21 20:24:46,621 - mainlogger - INFO - Accuracy: 0.9415
2024-05-21 20:24:46,621 - mainlogger - INFO - Epoch 81  2.6211306266486645
2024-05-21 20:24:46,621 - mainlogger - INFO - train
2024-05-21 20:25:35,588 - mainlogger - INFO - Dice score: 0.8758
2024-05-21 20:25:35,588 - mainlogger - INFO - Accuracy: 0.97
2024-05-21 20:25:35,588 - mainlogger - INFO - test
2024-05-21 20:26:02,952 - mainlogger - INFO - Dice score: 0.7676
2024-05-21 20:26:02,952 - mainlogger - INFO - Accuracy: 0.9534
2024-05-21 20:26:02,952 - mainlogger - INFO - ********************************************************************************
2024-05-21 20:26:55,901 - mainlogger - INFO - valid
2024-05-21 20:27:23,017 - mainlogger - INFO - Dice score: 0.7116
2024-05-21 20:27:23,018 - mainlogger - INFO - Accuracy: 0.9384
2024-05-21 20:27:23,018 - mainlogger - INFO - Epoch 82  2.7150917146354914
2024-05-21 20:27:23,018 - mainlogger - INFO - ********************************************************************************
2024-05-21 20:28:15,719 - mainlogger - INFO - valid
2024-05-21 20:28:42,836 - mainlogger - INFO - Dice score: 0.7241
2024-05-21 20:28:42,836 - mainlogger - INFO - Accuracy: 0.9443
2024-05-21 20:28:42,836 - mainlogger - INFO - Epoch 83  2.5936236772686243
2024-05-21 20:28:42,836 - mainlogger - INFO - ********************************************************************************
2024-05-21 20:29:35,305 - mainlogger - INFO - valid
2024-05-21 20:30:02,428 - mainlogger - INFO - Dice score: 0.7161
2024-05-21 20:30:02,429 - mainlogger - INFO - Accuracy: 0.9393
2024-05-21 20:30:02,429 - mainlogger - INFO - 0.00037714951562499996->0.00032057708828124994
2024-05-21 20:30:02,429 - mainlogger - INFO - Epoch 84  2.6654277816414833
2024-05-21 20:30:02,429 - mainlogger - INFO - ********************************************************************************
2024-05-21 20:30:54,913 - mainlogger - INFO - valid
2024-05-21 20:31:21,992 - mainlogger - INFO - Dice score: 0.7219
2024-05-21 20:31:21,992 - mainlogger - INFO - Accuracy: 0.9425
2024-05-21 20:31:21,992 - mainlogger - INFO - Epoch 85  2.5057481676340103
2024-05-21 20:31:21,992 - mainlogger - INFO - ********************************************************************************
2024-05-21 20:32:14,489 - mainlogger - INFO - valid
2024-05-21 20:32:41,404 - mainlogger - INFO - Dice score: 0.7239
2024-05-21 20:32:41,404 - mainlogger - INFO - Accuracy: 0.9446
2024-05-21 20:32:41,404 - mainlogger - INFO - Epoch 86  2.4446767698973417
2024-05-21 20:32:41,404 - mainlogger - INFO - ********************************************************************************
2024-05-21 20:33:33,713 - mainlogger - INFO - valid
2024-05-21 20:34:00,737 - mainlogger - INFO - Dice score: 0.722
2024-05-21 20:34:00,737 - mainlogger - INFO - Accuracy: 0.9442
2024-05-21 20:34:00,737 - mainlogger - INFO - Epoch 87  2.3157752249389887
2024-05-21 20:34:00,737 - mainlogger - INFO - ********************************************************************************
2024-05-21 20:34:52,193 - mainlogger - INFO - valid
2024-05-21 20:35:18,736 - mainlogger - INFO - Dice score: 0.7051
2024-05-21 20:35:18,737 - mainlogger - INFO - Accuracy: 0.9359
2024-05-21 20:35:18,737 - mainlogger - INFO - 0.00032057708828124994->0.0002724905250390624
2024-05-21 20:35:18,737 - mainlogger - INFO - Epoch 88  2.456266079097986
2024-05-21 20:35:18,737 - mainlogger - INFO - ********************************************************************************
2024-05-21 20:36:10,082 - mainlogger - INFO - valid
2024-05-21 20:36:36,007 - mainlogger - INFO - Dice score: 0.7216
2024-05-21 20:36:36,007 - mainlogger - INFO - Accuracy: 0.9432
2024-05-21 20:36:36,007 - mainlogger - INFO - Epoch 89  2.3564738892018795
2024-05-21 20:36:36,007 - mainlogger - INFO - ********************************************************************************
2024-05-21 20:37:26,226 - mainlogger - INFO - valid
2024-05-21 20:37:52,676 - mainlogger - INFO - Dice score: 0.7202
2024-05-21 20:37:52,676 - mainlogger - INFO - Accuracy: 0.9406
2024-05-21 20:37:52,676 - mainlogger - INFO - Epoch 90  2.2750213090330362
2024-05-21 20:37:52,676 - mainlogger - INFO - ********************************************************************************
2024-05-21 20:38:42,804 - mainlogger - INFO - valid
2024-05-21 20:39:08,504 - mainlogger - INFO - Dice score: 0.7167
2024-05-21 20:39:08,504 - mainlogger - INFO - Accuracy: 0.9416
2024-05-21 20:39:08,504 - mainlogger - INFO - Epoch 91  2.1607807222753763
2024-05-21 20:39:08,504 - mainlogger - INFO - train
2024-05-21 20:39:55,366 - mainlogger - INFO - Dice score: 0.8844
2024-05-21 20:39:55,366 - mainlogger - INFO - Accuracy: 0.9717
2024-05-21 20:39:55,366 - mainlogger - INFO - test
2024-05-21 20:40:21,551 - mainlogger - INFO - Dice score: 0.764
2024-05-21 20:40:21,552 - mainlogger - INFO - Accuracy: 0.9534
2024-05-21 20:40:21,552 - mainlogger - INFO - ********************************************************************************
2024-05-21 20:41:12,577 - mainlogger - INFO - valid
2024-05-21 20:41:38,709 - mainlogger - INFO - Dice score: 0.7236
2024-05-21 20:41:38,709 - mainlogger - INFO - Accuracy: 0.9446
2024-05-21 20:41:38,709 - mainlogger - INFO - 0.0002724905250390624->0.00023161694628320305
2024-05-21 20:41:38,709 - mainlogger - INFO - Epoch 92  2.4037554524838924
2024-05-21 20:41:38,709 - mainlogger - INFO - ********************************************************************************
2024-05-21 20:42:28,789 - mainlogger - INFO - valid
2024-05-21 20:42:55,142 - mainlogger - INFO - Dice score: 0.7276
2024-05-21 20:42:55,142 - mainlogger - INFO - Accuracy: 0.9443
2024-05-21 20:42:55,142 - mainlogger - INFO - Epoch 93  2.106033470481634
2024-05-21 20:42:55,142 - mainlogger - INFO - ********************************************************************************
2024-05-21 20:43:45,383 - mainlogger - INFO - valid
2024-05-21 20:44:11,443 - mainlogger - INFO - Dice score: 0.7214
2024-05-21 20:44:11,443 - mainlogger - INFO - Accuracy: 0.9425
2024-05-21 20:44:11,444 - mainlogger - INFO - Epoch 94  2.3364813067018986
2024-05-21 20:44:11,444 - mainlogger - INFO - ********************************************************************************
2024-05-21 20:45:02,375 - mainlogger - INFO - valid
2024-05-21 20:45:28,419 - mainlogger - INFO - Dice score: 0.7199
2024-05-21 20:45:28,419 - mainlogger - INFO - Accuracy: 0.9426
2024-05-21 20:45:28,419 - mainlogger - INFO - Epoch 95  2.1720359828323126
2024-05-21 20:45:28,419 - mainlogger - INFO - ********************************************************************************
2024-05-21 20:46:18,916 - mainlogger - INFO - valid
2024-05-21 20:46:45,109 - mainlogger - INFO - Dice score: 0.7241
2024-05-21 20:46:45,109 - mainlogger - INFO - Accuracy: 0.9452
2024-05-21 20:46:45,110 - mainlogger - INFO - 0.00023161694628320305->0.0001968744043407226
2024-05-21 20:46:45,110 - mainlogger - INFO - Epoch 96  2.157495552673936
2024-05-21 20:46:45,110 - mainlogger - INFO - ********************************************************************************
2024-05-21 20:47:35,205 - mainlogger - INFO - valid
2024-05-21 20:48:01,732 - mainlogger - INFO - Dice score: 0.7233
2024-05-21 20:48:01,732 - mainlogger - INFO - Accuracy: 0.9417
2024-05-21 20:48:01,732 - mainlogger - INFO - Epoch 97  2.1644719801843166
2024-05-21 20:48:01,732 - mainlogger - INFO - ********************************************************************************
2024-05-21 20:48:52,383 - mainlogger - INFO - valid
2024-05-21 20:49:18,529 - mainlogger - INFO - Dice score: 0.718
2024-05-21 20:49:18,529 - mainlogger - INFO - Accuracy: 0.9414
2024-05-21 20:49:18,529 - mainlogger - INFO - Epoch 98  2.25307384878397
2024-05-21 20:49:18,530 - mainlogger - INFO - ********************************************************************************
2024-05-21 20:50:08,983 - mainlogger - INFO - valid
2024-05-21 20:50:34,901 - mainlogger - INFO - Dice score: 0.7212
2024-05-21 20:50:34,901 - mainlogger - INFO - Accuracy: 0.9411
2024-05-21 20:50:34,901 - mainlogger - INFO - Epoch 99  2.1237258557230234
2024-05-21 20:50:34,902 - mainlogger - INFO - ********************************************************************************
2024-05-21 20:51:24,981 - mainlogger - INFO - valid
2024-05-21 20:51:51,234 - mainlogger - INFO - Dice score: 0.7296
2024-05-21 20:51:51,235 - mainlogger - INFO - Accuracy: 0.945
2024-05-21 20:51:51,235 - mainlogger - INFO - 0.0001968744043407226->0.0001673432436896142
2024-05-21 20:51:51,235 - mainlogger - INFO - Epoch 100  2.043090870603919
2024-05-21 20:51:51,235 - mainlogger - INFO - ********************************************************************************
2024-05-21 20:52:41,878 - mainlogger - INFO - valid
2024-05-21 20:53:07,716 - mainlogger - INFO - Dice score: 0.7272
2024-05-21 20:53:07,716 - mainlogger - INFO - Accuracy: 0.9433
2024-05-21 20:53:07,717 - mainlogger - INFO - Epoch 101  2.0187205635011196
2024-05-21 20:53:07,717 - mainlogger - INFO - train
2024-05-21 20:53:54,331 - mainlogger - INFO - Dice score: 0.9018
2024-05-21 20:53:54,332 - mainlogger - INFO - Accuracy: 0.9762
2024-05-21 20:53:54,332 - mainlogger - INFO - test
2024-05-21 20:54:20,535 - mainlogger - INFO - Dice score: 0.7616
2024-05-21 20:54:20,536 - mainlogger - INFO - Accuracy: 0.9538
2024-05-21 20:54:20,536 - mainlogger - INFO - ********************************************************************************
2024-05-21 20:55:11,302 - mainlogger - INFO - valid
2024-05-21 20:55:37,716 - mainlogger - INFO - Dice score: 0.7218
2024-05-21 20:55:37,716 - mainlogger - INFO - Accuracy: 0.9425
2024-05-21 20:55:37,716 - mainlogger - INFO - Epoch 102  2.02534993365407
2024-05-21 20:55:37,716 - mainlogger - INFO - ********************************************************************************
2024-05-21 20:56:28,181 - mainlogger - INFO - valid
2024-05-21 20:56:54,298 - mainlogger - INFO - Dice score: 0.7244
2024-05-21 20:56:54,298 - mainlogger - INFO - Accuracy: 0.9439
2024-05-21 20:56:54,298 - mainlogger - INFO - Epoch 103  1.9865104649215937
2024-05-21 20:56:54,298 - mainlogger - INFO - ********************************************************************************
2024-05-21 20:57:44,611 - mainlogger - INFO - valid
2024-05-21 20:58:10,720 - mainlogger - INFO - Dice score: 0.7198
2024-05-21 20:58:10,720 - mainlogger - INFO - Accuracy: 0.9446
2024-05-21 20:58:10,720 - mainlogger - INFO - 0.0001673432436896142->0.00014224175713617207
2024-05-21 20:58:10,720 - mainlogger - INFO - Epoch 104  2.0596200972795486
2024-05-21 20:58:10,720 - mainlogger - INFO - ********************************************************************************
2024-05-21 20:59:01,780 - mainlogger - INFO - valid
2024-05-21 20:59:28,117 - mainlogger - INFO - Dice score: 0.7117
2024-05-21 20:59:28,117 - mainlogger - INFO - Accuracy: 0.9421
2024-05-21 20:59:28,117 - mainlogger - INFO - Epoch 105  2.0391992051154375
2024-05-21 20:59:28,117 - mainlogger - INFO - ********************************************************************************
2024-05-21 21:00:18,799 - mainlogger - INFO - valid
2024-05-21 21:00:44,610 - mainlogger - INFO - Dice score: 0.7161
2024-05-21 21:00:44,610 - mainlogger - INFO - Accuracy: 0.9412
2024-05-21 21:00:44,610 - mainlogger - INFO - Epoch 106  1.8961709253489971
2024-05-21 21:00:44,610 - mainlogger - INFO - ********************************************************************************
2024-05-21 21:01:35,476 - mainlogger - INFO - valid
2024-05-21 21:02:02,210 - mainlogger - INFO - Dice score: 0.7177
2024-05-21 21:02:02,210 - mainlogger - INFO - Accuracy: 0.9431
2024-05-21 21:02:02,210 - mainlogger - INFO - Epoch 107  1.8323710821568966
2024-05-21 21:02:02,210 - mainlogger - INFO - ********************************************************************************
2024-05-21 21:02:52,704 - mainlogger - INFO - valid
2024-05-21 21:03:19,141 - mainlogger - INFO - Dice score: 0.7185
2024-05-21 21:03:19,141 - mainlogger - INFO - Accuracy: 0.9405
2024-05-21 21:03:19,141 - mainlogger - INFO - 0.00014224175713617207->0.00012090549356574625
2024-05-21 21:03:19,141 - mainlogger - INFO - Epoch 108  1.9647563844919205
2024-05-21 21:03:19,141 - mainlogger - INFO - ********************************************************************************
2024-05-21 21:04:09,384 - mainlogger - INFO - valid
2024-05-21 21:04:35,813 - mainlogger - INFO - Dice score: 0.7174
2024-05-21 21:04:35,813 - mainlogger - INFO - Accuracy: 0.9398
2024-05-21 21:04:35,813 - mainlogger - INFO - Epoch 109  1.9974385984241962
2024-05-21 21:04:35,813 - mainlogger - INFO - ********************************************************************************
2024-05-21 21:05:26,410 - mainlogger - INFO - valid
2024-05-21 21:05:53,110 - mainlogger - INFO - Dice score: 0.726
2024-05-21 21:05:53,110 - mainlogger - INFO - Accuracy: 0.9444
2024-05-21 21:05:53,110 - mainlogger - INFO - Epoch 110  1.8226820286363363
2024-05-21 21:05:53,110 - mainlogger - INFO - ********************************************************************************
2024-05-21 21:06:43,704 - mainlogger - INFO - valid
2024-05-21 21:07:09,416 - mainlogger - INFO - Dice score: 0.7195
2024-05-21 21:07:09,417 - mainlogger - INFO - Accuracy: 0.943
2024-05-21 21:07:09,417 - mainlogger - INFO - Epoch 111  1.9590108469128609
2024-05-21 21:07:09,417 - mainlogger - INFO - train
2024-05-21 21:07:56,457 - mainlogger - INFO - Dice score: 0.906
2024-05-21 21:07:56,458 - mainlogger - INFO - Accuracy: 0.9771
2024-05-21 21:07:56,458 - mainlogger - INFO - test
2024-05-21 21:08:22,630 - mainlogger - INFO - Dice score: 0.7525
2024-05-21 21:08:22,631 - mainlogger - INFO - Accuracy: 0.9536
2024-05-21 21:08:22,631 - mainlogger - INFO - ********************************************************************************
2024-05-21 21:09:13,579 - mainlogger - INFO - valid
2024-05-21 21:09:39,525 - mainlogger - INFO - Dice score: 0.7223
2024-05-21 21:09:39,525 - mainlogger - INFO - Accuracy: 0.9445
2024-05-21 21:09:39,525 - mainlogger - INFO - 0.00012090549356574625->0.00010276966953088431
2024-05-21 21:09:39,525 - mainlogger - INFO - Epoch 112  1.9592637568712234
2024-05-21 21:09:39,525 - mainlogger - INFO - ********************************************************************************
2024-05-21 21:10:30,376 - mainlogger - INFO - valid
2024-05-21 21:10:56,405 - mainlogger - INFO - Dice score: 0.7237
2024-05-21 21:10:56,405 - mainlogger - INFO - Accuracy: 0.9422
2024-05-21 21:10:56,405 - mainlogger - INFO - Epoch 113  1.9334516488015652
2024-05-21 21:10:56,405 - mainlogger - INFO - ********************************************************************************
2024-05-21 21:11:46,190 - mainlogger - INFO - valid
2024-05-21 21:12:12,005 - mainlogger - INFO - Dice score: 0.7123
2024-05-21 21:12:12,005 - mainlogger - INFO - Accuracy: 0.9407
2024-05-21 21:12:12,005 - mainlogger - INFO - Epoch 114  1.9273838177323341
2024-05-21 21:12:12,005 - mainlogger - INFO - ********************************************************************************
2024-05-21 21:13:02,299 - mainlogger - INFO - valid
2024-05-21 21:13:27,696 - mainlogger - INFO - Dice score: 0.7246
2024-05-21 21:13:27,696 - mainlogger - INFO - Accuracy: 0.9426
2024-05-21 21:13:27,696 - mainlogger - INFO - Epoch 115  1.9020621553063393
2024-05-21 21:13:27,696 - mainlogger - INFO - ********************************************************************************
2024-05-21 21:14:17,502 - mainlogger - INFO - valid
2024-05-21 21:14:43,240 - mainlogger - INFO - Dice score: 0.7186
2024-05-21 21:14:43,240 - mainlogger - INFO - Accuracy: 0.9436
2024-05-21 21:14:43,240 - mainlogger - INFO - 0.00010276966953088431->8.735421910125166e-05
2024-05-21 21:14:43,240 - mainlogger - INFO - Epoch 116  1.8977982532233
2024-05-21 21:14:43,240 - mainlogger - INFO - ********************************************************************************
2024-05-21 21:15:34,179 - mainlogger - INFO - valid
2024-05-21 21:16:00,246 - mainlogger - INFO - Dice score: 0.724
2024-05-21 21:16:00,247 - mainlogger - INFO - Accuracy: 0.9433
2024-05-21 21:16:00,247 - mainlogger - INFO - Epoch 117  1.9108703471720219
2024-05-21 21:16:00,247 - mainlogger - INFO - ********************************************************************************
2024-05-21 21:16:51,011 - mainlogger - INFO - valid
2024-05-21 21:17:17,204 - mainlogger - INFO - Dice score: 0.7188
2024-05-21 21:17:17,205 - mainlogger - INFO - Accuracy: 0.9412
2024-05-21 21:17:17,205 - mainlogger - INFO - Epoch 118  1.7583738695830107
2024-05-21 21:17:17,205 - mainlogger - INFO - ********************************************************************************
2024-05-21 21:18:07,661 - mainlogger - INFO - valid
2024-05-21 21:18:33,437 - mainlogger - INFO - Dice score: 0.7191
2024-05-21 21:18:33,438 - mainlogger - INFO - Accuracy: 0.9421
2024-05-21 21:18:33,438 - mainlogger - INFO - Epoch 119  1.8078665770590305
2024-05-21 21:18:33,438 - mainlogger - INFO - train
2024-05-21 21:19:19,850 - mainlogger - INFO - Dice score: 0.9088
2024-05-21 21:19:19,850 - mainlogger - INFO - Accuracy: 0.9781
2024-05-21 21:19:19,850 - mainlogger - INFO - test
2024-05-21 21:19:46,017 - mainlogger - INFO - Dice score: 0.7631
2024-05-21 21:19:46,018 - mainlogger - INFO - Accuracy: 0.9551
2024-05-21 21:19:46,018 - mainlogger - INFO - ********************************************************************************
2024-05-21 21:19:46,018 - mainlogger - INFO - (72, 76)
2024-05-21 21:19:46,018 - mainlogger - INFO - 0.7397254387809359
