2024-05-24 14:24:25,478 - mainlogger - INFO - 3349
2024-05-24 14:24:25,478 - mainlogger - INFO - <class '__main__.UniversegPipeline'>
2024-05-24 14:24:25,478 - mainlogger - INFO - full/res_stack_se/leaky_relu.yaml
2024-05-24 14:24:25,478 - mainlogger - INFO - {'desc': '学习率调大10倍，模型减小为单层', 'batch_size': 8, 'epochs': 100, 'k': 2, 'test_k': 2, 'init': True, 'debug': True, 'root_dir': '/home/4T/zcr/dataset/Dataset_BUSI', 'model': {'name': 'universeg_res.universeg.UniverSeg', 'args': {'channels': [64, 128, 256, 512, 512], 'num_layers': [1, 1, 1, 1, 1], 'in_channels': [1, 2], 'act': 'LeakyReLU'}}, 'trainset': {'name': 'datasetBUSI.mask_busi_single.MaskBUSISingle', 'args': {'root_dir': '/home/4T/zcr/dataset/Dataset_BUSI', 'image_names_path': 'labeled_all.txt', 'mode': 'train'}}, 'testset': {'name': 'datasetBUSI.mask_busi_single.MaskBUSISingle', 'args': {'root_dir': '/home/4T/zcr/dataset/Dataset_BUSI', 'image_names_path': 'test.txt', 'mode': 'test'}}, 'validset': {'name': 'datasetBUSI.mask_busi_single.MaskBUSISingle', 'args': {'root_dir': '/home/4T/zcr/dataset/Dataset_BUSI', 'image_names_path': 'val.txt', 'mode': 'test'}}, 'criterion': {'name': 'spgutils.focalloss.BinaryFocalLoss', 'args': {'gamma': 1}}, 'optimizer': {'name': 'torch.optim.Adam', 'args': {'lr': 0.001}}, 'scheduler': {'name': 'torch.optim.lr_scheduler.ReduceLROnPlateau', 'args': {'mode': 'max', 'factor': 0.85, 'patience': 3}}}
2024-05-24 14:24:25,480 - mainlogger - INFO - 39.82969093322754
2024-05-24 14:24:25,483 - mainlogger - INFO - init with leaky_relu
2024-05-24 14:24:58,997 - mainlogger - INFO - Epoch 0  16.585621893405914
2024-05-24 14:24:58,998 - mainlogger - INFO - ********************************************************************************
2024-05-24 14:25:26,169 - mainlogger - INFO - Epoch 1  15.239077299833298
2024-05-24 14:25:26,169 - mainlogger - INFO - ********************************************************************************
2024-05-24 14:25:53,471 - mainlogger - INFO - Epoch 2  14.189203590154648
2024-05-24 14:25:53,472 - mainlogger - INFO - ********************************************************************************
2024-05-24 14:26:20,419 - mainlogger - INFO - Epoch 3  13.208184033632278
2024-05-24 14:26:20,419 - mainlogger - INFO - ********************************************************************************
2024-05-24 14:26:47,625 - mainlogger - INFO - Epoch 4  12.081553891301155
2024-05-24 14:26:47,626 - mainlogger - INFO - ********************************************************************************
2024-05-24 14:27:14,314 - mainlogger - INFO - Epoch 5  11.720851734280586
2024-05-24 14:27:14,314 - mainlogger - INFO - ********************************************************************************
2024-05-24 14:27:40,857 - mainlogger - INFO - Epoch 6  11.223024502396584
2024-05-24 14:27:40,857 - mainlogger - INFO - ********************************************************************************
2024-05-24 14:28:07,990 - mainlogger - INFO - Epoch 7  10.313180699944496
2024-05-24 14:28:07,990 - mainlogger - INFO - ********************************************************************************
2024-05-24 14:28:35,332 - mainlogger - INFO - Epoch 8  9.779766395688057
2024-05-24 14:28:35,333 - mainlogger - INFO - ********************************************************************************
2024-05-24 14:29:02,470 - mainlogger - INFO - Epoch 9  9.489331513643265
2024-05-24 14:29:02,470 - mainlogger - INFO - ********************************************************************************
2024-05-24 14:29:29,675 - mainlogger - INFO - Epoch 10  8.97130136191845
2024-05-24 14:29:29,675 - mainlogger - INFO - ********************************************************************************
2024-05-24 14:29:56,918 - mainlogger - INFO - Epoch 11  8.645891010761261
2024-05-24 14:29:56,919 - mainlogger - INFO - ********************************************************************************
2024-05-24 14:30:23,782 - mainlogger - INFO - Epoch 12  8.367481872439384
2024-05-24 14:30:23,782 - mainlogger - INFO - ********************************************************************************
2024-05-24 14:30:50,859 - mainlogger - INFO - Epoch 13  8.221740946173668
2024-05-24 14:30:50,860 - mainlogger - INFO - ********************************************************************************
2024-05-24 14:31:18,186 - mainlogger - INFO - Epoch 14  7.503295563161373
2024-05-24 14:31:18,186 - mainlogger - INFO - ********************************************************************************
2024-05-24 14:31:45,413 - mainlogger - INFO - Epoch 15  7.535389319062233
2024-05-24 14:31:45,413 - mainlogger - INFO - ********************************************************************************
2024-05-24 14:32:12,638 - mainlogger - INFO - Epoch 16  7.509073607623577
2024-05-24 14:32:12,638 - mainlogger - INFO - ********************************************************************************
2024-05-24 14:32:39,294 - mainlogger - INFO - Epoch 17  6.9790589064359665
2024-05-24 14:32:39,294 - mainlogger - INFO - ********************************************************************************
2024-05-24 14:33:06,579 - mainlogger - INFO - Epoch 18  6.647162988781929
2024-05-24 14:33:06,579 - mainlogger - INFO - ********************************************************************************
2024-05-24 14:33:33,789 - mainlogger - INFO - Epoch 19  6.318467020988464
2024-05-24 14:33:33,789 - mainlogger - INFO - ********************************************************************************
2024-05-24 14:34:01,137 - mainlogger - INFO - Epoch 20  6.471031755208969
2024-05-24 14:34:01,137 - mainlogger - INFO - ********************************************************************************
2024-05-24 14:34:28,353 - mainlogger - INFO - Epoch 21  6.2403359562158585
2024-05-24 14:34:28,354 - mainlogger - INFO - ********************************************************************************
2024-05-24 14:34:55,655 - mainlogger - INFO - Epoch 22  5.860115401446819
2024-05-24 14:34:55,655 - mainlogger - INFO - ********************************************************************************
2024-05-24 14:35:22,311 - mainlogger - INFO - Epoch 23  5.723225116729736
2024-05-24 14:35:22,311 - mainlogger - INFO - ********************************************************************************
2024-05-24 14:35:49,598 - mainlogger - INFO - Epoch 24  5.947995066642761
2024-05-24 14:35:49,598 - mainlogger - INFO - ********************************************************************************
2024-05-24 14:36:16,720 - mainlogger - INFO - Epoch 25  5.65400493144989
2024-05-24 14:36:16,720 - mainlogger - INFO - ********************************************************************************
2024-05-24 14:36:43,926 - mainlogger - INFO - Epoch 26  5.976380400359631
2024-05-24 14:36:43,927 - mainlogger - INFO - ********************************************************************************
2024-05-24 14:37:11,332 - mainlogger - INFO - Epoch 27  6.203815922141075
2024-05-24 14:37:11,332 - mainlogger - INFO - ********************************************************************************
2024-05-24 14:37:37,870 - mainlogger - INFO - Epoch 28  5.563551619648933
2024-05-24 14:37:37,870 - mainlogger - INFO - ********************************************************************************
2024-05-24 14:38:04,968 - mainlogger - INFO - Epoch 29  5.185513012111187
2024-05-24 14:38:04,968 - mainlogger - INFO - ********************************************************************************
2024-05-24 14:38:32,318 - mainlogger - INFO - Epoch 30  5.1815995797514915
2024-05-24 14:38:32,318 - mainlogger - INFO - valid
2024-05-24 14:38:41,157 - mainlogger - INFO - Dice score: 0.6689
2024-05-24 14:38:41,158 - mainlogger - INFO - Accuracy: 0.9388
2024-05-24 14:38:41,161 - mainlogger - DEBUG - test
2024-05-24 14:38:49,820 - mainlogger - INFO - Dice score: 0.6659
2024-05-24 14:38:49,820 - mainlogger - INFO - Accuracy: 0.9407
2024-05-24 14:38:49,820 - mainlogger - INFO - ********************************************************************************
2024-05-24 14:39:17,018 - mainlogger - INFO - Epoch 31  5.351505495607853
2024-05-24 14:39:17,019 - mainlogger - INFO - valid
2024-05-24 14:39:24,735 - mainlogger - INFO - Dice score: 0.6972
2024-05-24 14:39:24,735 - mainlogger - INFO - Accuracy: 0.9481
2024-05-24 14:39:24,739 - mainlogger - DEBUG - test
2024-05-24 14:39:32,435 - mainlogger - INFO - Dice score: 0.6963
2024-05-24 14:39:32,435 - mainlogger - INFO - Accuracy: 0.9486
2024-05-24 14:39:32,439 - mainlogger - INFO - ********************************************************************************
2024-05-24 14:39:59,093 - mainlogger - INFO - Epoch 32  5.3427635580301285
2024-05-24 14:39:59,094 - mainlogger - INFO - valid
2024-05-24 14:40:06,766 - mainlogger - INFO - Dice score: 0.6323
2024-05-24 14:40:06,766 - mainlogger - INFO - Accuracy: 0.9008
2024-05-24 14:40:06,767 - mainlogger - DEBUG - test
2024-05-24 14:40:14,621 - mainlogger - INFO - Dice score: 0.6341
2024-05-24 14:40:14,622 - mainlogger - INFO - Accuracy: 0.9023
2024-05-24 14:40:14,622 - mainlogger - INFO - ********************************************************************************
2024-05-24 14:40:41,274 - mainlogger - INFO - Epoch 33  4.94545017182827
2024-05-24 14:40:41,274 - mainlogger - INFO - valid
2024-05-24 14:40:49,069 - mainlogger - INFO - Dice score: 0.6873
2024-05-24 14:40:49,069 - mainlogger - INFO - Accuracy: 0.9448
2024-05-24 14:40:49,069 - mainlogger - DEBUG - test
2024-05-24 14:40:56,607 - mainlogger - INFO - Dice score: 0.679
2024-05-24 14:40:56,607 - mainlogger - INFO - Accuracy: 0.9464
2024-05-24 14:40:56,607 - mainlogger - INFO - ********************************************************************************
2024-05-24 14:41:23,643 - mainlogger - INFO - Epoch 34  4.810312420129776
2024-05-24 14:41:23,644 - mainlogger - INFO - valid
2024-05-24 14:41:31,313 - mainlogger - INFO - Dice score: 0.7111
2024-05-24 14:41:31,313 - mainlogger - INFO - Accuracy: 0.9429
2024-05-24 14:41:31,316 - mainlogger - DEBUG - test
2024-05-24 14:41:38,923 - mainlogger - INFO - Dice score: 0.7171
2024-05-24 14:41:38,923 - mainlogger - INFO - Accuracy: 0.948
2024-05-24 14:41:38,923 - mainlogger - INFO - ********************************************************************************
2024-05-24 14:42:05,709 - mainlogger - INFO - Epoch 35  4.691569544374943
2024-05-24 14:42:05,709 - mainlogger - INFO - valid
2024-05-24 14:42:13,570 - mainlogger - INFO - Dice score: 0.7218
2024-05-24 14:42:13,570 - mainlogger - INFO - Accuracy: 0.9438
2024-05-24 14:42:13,573 - mainlogger - DEBUG - test
2024-05-24 14:42:21,374 - mainlogger - INFO - Dice score: 0.7179
2024-05-24 14:42:21,374 - mainlogger - INFO - Accuracy: 0.9454
2024-05-24 14:42:21,374 - mainlogger - INFO - ********************************************************************************
2024-05-24 14:42:43,224 - mainlogger - INFO - Epoch 36  4.712460678070784
2024-05-24 14:42:43,225 - mainlogger - INFO - valid
2024-05-24 14:42:50,574 - mainlogger - INFO - Dice score: 0.6821
2024-05-24 14:42:50,574 - mainlogger - INFO - Accuracy: 0.926
2024-05-24 14:42:50,574 - mainlogger - DEBUG - test
2024-05-24 14:42:58,185 - mainlogger - INFO - Dice score: 0.6965
2024-05-24 14:42:58,185 - mainlogger - INFO - Accuracy: 0.9325
2024-05-24 14:42:58,189 - mainlogger - INFO - ********************************************************************************
2024-05-24 14:43:25,234 - mainlogger - INFO - Epoch 37  4.745064537972212
2024-05-24 14:43:25,234 - mainlogger - INFO - valid
2024-05-24 14:43:32,896 - mainlogger - INFO - Dice score: 0.7333
2024-05-24 14:43:32,896 - mainlogger - INFO - Accuracy: 0.9467
2024-05-24 14:43:32,899 - mainlogger - DEBUG - test
2024-05-24 14:43:40,454 - mainlogger - INFO - Dice score: 0.7327
2024-05-24 14:43:40,454 - mainlogger - INFO - Accuracy: 0.9482
2024-05-24 14:43:40,454 - mainlogger - INFO - ********************************************************************************
2024-05-24 14:44:07,756 - mainlogger - INFO - Epoch 38  4.441980216652155
2024-05-24 14:44:07,756 - mainlogger - INFO - valid
2024-05-24 14:44:15,573 - mainlogger - INFO - Dice score: 0.6821
2024-05-24 14:44:15,574 - mainlogger - INFO - Accuracy: 0.9236
2024-05-24 14:44:15,574 - mainlogger - DEBUG - test
2024-05-24 14:44:23,244 - mainlogger - INFO - Dice score: 0.7051
2024-05-24 14:44:23,244 - mainlogger - INFO - Accuracy: 0.9336
2024-05-24 14:44:23,244 - mainlogger - INFO - ********************************************************************************
2024-05-24 14:44:50,095 - mainlogger - INFO - Epoch 39  4.455525156110525
2024-05-24 14:44:50,095 - mainlogger - INFO - valid
2024-05-24 14:44:57,858 - mainlogger - INFO - Dice score: 0.6792
2024-05-24 14:44:57,859 - mainlogger - INFO - Accuracy: 0.9337
2024-05-24 14:44:57,859 - mainlogger - DEBUG - test
2024-05-24 14:45:05,393 - mainlogger - INFO - Dice score: 0.6863
2024-05-24 14:45:05,393 - mainlogger - INFO - Accuracy: 0.9373
2024-05-24 14:45:05,393 - mainlogger - INFO - ********************************************************************************
2024-05-24 14:45:32,377 - mainlogger - INFO - Epoch 40  4.514930009841919
2024-05-24 14:45:32,378 - mainlogger - INFO - valid
2024-05-24 14:45:40,118 - mainlogger - INFO - Dice score: 0.7309
2024-05-24 14:45:40,118 - mainlogger - INFO - Accuracy: 0.9497
2024-05-24 14:45:40,118 - mainlogger - DEBUG - test
2024-05-24 14:45:47,778 - mainlogger - INFO - Dice score: 0.7147
2024-05-24 14:45:47,778 - mainlogger - INFO - Accuracy: 0.9488
2024-05-24 14:45:47,778 - mainlogger - INFO - ********************************************************************************
2024-05-24 14:46:14,525 - mainlogger - INFO - Epoch 41  4.875067234039307
2024-05-24 14:46:14,525 - mainlogger - INFO - valid
2024-05-24 14:46:22,205 - mainlogger - INFO - Dice score: 0.7275
2024-05-24 14:46:22,205 - mainlogger - INFO - Accuracy: 0.949
2024-05-24 14:46:22,206 - mainlogger - INFO - 0.001->0.00085
2024-05-24 14:46:22,206 - mainlogger - DEBUG - test
2024-05-24 14:46:29,783 - mainlogger - INFO - Dice score: 0.6982
2024-05-24 14:46:29,783 - mainlogger - INFO - Accuracy: 0.9457
2024-05-24 14:46:29,783 - mainlogger - INFO - ********************************************************************************
2024-05-24 14:46:56,615 - mainlogger - INFO - Epoch 42  4.645861551165581
2024-05-24 14:46:56,616 - mainlogger - INFO - valid
2024-05-24 14:47:04,273 - mainlogger - INFO - Dice score: 0.7243
2024-05-24 14:47:04,273 - mainlogger - INFO - Accuracy: 0.9486
2024-05-24 14:47:04,274 - mainlogger - DEBUG - test
2024-05-24 14:47:11,869 - mainlogger - INFO - Dice score: 0.7062
2024-05-24 14:47:11,869 - mainlogger - INFO - Accuracy: 0.947
2024-05-24 14:47:11,869 - mainlogger - INFO - ********************************************************************************
2024-05-24 14:47:38,755 - mainlogger - INFO - Epoch 43  4.239612951874733
2024-05-24 14:47:38,755 - mainlogger - INFO - valid
2024-05-24 14:47:46,437 - mainlogger - INFO - Dice score: 0.7277
2024-05-24 14:47:46,437 - mainlogger - INFO - Accuracy: 0.9494
2024-05-24 14:47:46,437 - mainlogger - DEBUG - test
2024-05-24 14:47:53,997 - mainlogger - INFO - Dice score: 0.7012
2024-05-24 14:47:53,998 - mainlogger - INFO - Accuracy: 0.9463
2024-05-24 14:47:54,002 - mainlogger - INFO - ********************************************************************************
2024-05-24 14:48:21,184 - mainlogger - INFO - Epoch 44  4.127060055732727
2024-05-24 14:48:21,185 - mainlogger - INFO - valid
2024-05-24 14:48:29,048 - mainlogger - INFO - Dice score: 0.7033
2024-05-24 14:48:29,048 - mainlogger - INFO - Accuracy: 0.9323
2024-05-24 14:48:29,048 - mainlogger - DEBUG - test
2024-05-24 14:48:36,653 - mainlogger - INFO - Dice score: 0.7184
2024-05-24 14:48:36,654 - mainlogger - INFO - Accuracy: 0.9396
2024-05-24 14:48:36,654 - mainlogger - INFO - ********************************************************************************
2024-05-24 14:49:03,240 - mainlogger - INFO - Epoch 45  4.076336193829775
2024-05-24 14:49:03,240 - mainlogger - INFO - valid
2024-05-24 14:49:10,848 - mainlogger - INFO - Dice score: 0.7039
2024-05-24 14:49:10,848 - mainlogger - INFO - Accuracy: 0.939
2024-05-24 14:49:10,852 - mainlogger - INFO - 0.00085->0.0007224999999999999
2024-05-24 14:49:10,853 - mainlogger - DEBUG - test
2024-05-24 14:49:18,702 - mainlogger - INFO - Dice score: 0.7288
2024-05-24 14:49:18,702 - mainlogger - INFO - Accuracy: 0.9468
2024-05-24 14:49:18,702 - mainlogger - INFO - ********************************************************************************
2024-05-24 14:49:45,375 - mainlogger - INFO - Epoch 46  4.065767262130976
2024-05-24 14:49:45,376 - mainlogger - INFO - valid
2024-05-24 14:49:52,827 - mainlogger - INFO - Dice score: 0.7089
2024-05-24 14:49:52,827 - mainlogger - INFO - Accuracy: 0.9387
2024-05-24 14:49:52,827 - mainlogger - DEBUG - test
2024-05-24 14:50:00,426 - mainlogger - INFO - Dice score: 0.7035
2024-05-24 14:50:00,426 - mainlogger - INFO - Accuracy: 0.938
2024-05-24 14:50:00,426 - mainlogger - INFO - ********************************************************************************
2024-05-24 14:50:27,613 - mainlogger - INFO - Epoch 47  4.064665764570236
2024-05-24 14:50:27,614 - mainlogger - INFO - valid
2024-05-24 14:50:35,201 - mainlogger - INFO - Dice score: 0.7145
2024-05-24 14:50:35,201 - mainlogger - INFO - Accuracy: 0.9416
2024-05-24 14:50:35,201 - mainlogger - DEBUG - test
2024-05-24 14:50:42,698 - mainlogger - INFO - Dice score: 0.7344
2024-05-24 14:50:42,698 - mainlogger - INFO - Accuracy: 0.9487
2024-05-24 14:50:42,699 - mainlogger - INFO - ********************************************************************************
2024-05-24 14:51:09,903 - mainlogger - INFO - Epoch 48  4.0890793688595295
2024-05-24 14:51:09,903 - mainlogger - INFO - valid
2024-05-24 14:51:17,541 - mainlogger - INFO - Dice score: 0.7475
2024-05-24 14:51:17,541 - mainlogger - INFO - Accuracy: 0.9518
2024-05-24 14:51:17,545 - mainlogger - DEBUG - test
2024-05-24 14:51:25,112 - mainlogger - INFO - Dice score: 0.7325
2024-05-24 14:51:25,112 - mainlogger - INFO - Accuracy: 0.9514
2024-05-24 14:51:25,112 - mainlogger - INFO - ********************************************************************************
2024-05-24 14:51:52,329 - mainlogger - INFO - Epoch 49  3.8380616828799248
2024-05-24 14:51:52,329 - mainlogger - INFO - valid
2024-05-24 14:51:59,972 - mainlogger - INFO - Dice score: 0.7277
2024-05-24 14:51:59,972 - mainlogger - INFO - Accuracy: 0.9443
2024-05-24 14:51:59,976 - mainlogger - DEBUG - test
2024-05-24 14:52:07,659 - mainlogger - INFO - Dice score: 0.747
2024-05-24 14:52:07,660 - mainlogger - INFO - Accuracy: 0.9509
2024-05-24 14:52:07,660 - mainlogger - INFO - ********************************************************************************
2024-05-24 14:52:34,660 - mainlogger - INFO - Epoch 50  3.6795498430728912
2024-05-24 14:52:34,661 - mainlogger - INFO - valid
2024-05-24 14:52:42,403 - mainlogger - INFO - Dice score: 0.7348
2024-05-24 14:52:42,403 - mainlogger - INFO - Accuracy: 0.9449
2024-05-24 14:52:42,403 - mainlogger - DEBUG - test
2024-05-24 14:52:50,070 - mainlogger - INFO - Dice score: 0.7462
2024-05-24 14:52:50,071 - mainlogger - INFO - Accuracy: 0.9491
2024-05-24 14:52:50,071 - mainlogger - INFO - ********************************************************************************
2024-05-24 14:53:16,828 - mainlogger - INFO - Epoch 51  3.6714626289904118
2024-05-24 14:53:16,828 - mainlogger - INFO - valid
2024-05-24 14:53:24,495 - mainlogger - INFO - Dice score: 0.747
2024-05-24 14:53:24,496 - mainlogger - INFO - Accuracy: 0.9481
2024-05-24 14:53:24,496 - mainlogger - DEBUG - test
2024-05-24 14:53:32,227 - mainlogger - INFO - Dice score: 0.754
2024-05-24 14:53:32,227 - mainlogger - INFO - Accuracy: 0.9517
2024-05-24 14:53:32,228 - mainlogger - INFO - ********************************************************************************
2024-05-24 14:53:59,225 - mainlogger - INFO - Epoch 52  3.751962423324585
2024-05-24 14:53:59,225 - mainlogger - INFO - valid
2024-05-24 14:54:06,805 - mainlogger - INFO - Dice score: 0.73
2024-05-24 14:54:06,806 - mainlogger - INFO - Accuracy: 0.9427
2024-05-24 14:54:06,806 - mainlogger - INFO - 0.0007224999999999999->0.000614125
2024-05-24 14:54:06,806 - mainlogger - DEBUG - test
2024-05-24 14:54:14,571 - mainlogger - INFO - Dice score: 0.7371
2024-05-24 14:54:14,571 - mainlogger - INFO - Accuracy: 0.9476
2024-05-24 14:54:14,575 - mainlogger - INFO - ********************************************************************************
2024-05-24 14:54:43,243 - mainlogger - INFO - Epoch 53  3.773386187851429
2024-05-24 14:54:43,244 - mainlogger - INFO - valid
2024-05-24 14:54:50,819 - mainlogger - INFO - Dice score: 0.7358
2024-05-24 14:54:50,820 - mainlogger - INFO - Accuracy: 0.9473
2024-05-24 14:54:50,820 - mainlogger - DEBUG - test
2024-05-24 14:54:58,628 - mainlogger - INFO - Dice score: 0.7393
2024-05-24 14:54:58,628 - mainlogger - INFO - Accuracy: 0.9508
2024-05-24 14:54:58,632 - mainlogger - INFO - ********************************************************************************
2024-05-24 14:55:25,431 - mainlogger - INFO - Epoch 54  3.5422966331243515
2024-05-24 14:55:25,431 - mainlogger - INFO - valid
2024-05-24 14:55:33,163 - mainlogger - INFO - Dice score: 0.7183
2024-05-24 14:55:33,164 - mainlogger - INFO - Accuracy: 0.9401
2024-05-24 14:55:33,164 - mainlogger - DEBUG - test
2024-05-24 14:55:40,892 - mainlogger - INFO - Dice score: 0.7473
2024-05-24 14:55:40,893 - mainlogger - INFO - Accuracy: 0.9497
2024-05-24 14:55:40,893 - mainlogger - INFO - ********************************************************************************
2024-05-24 14:56:08,381 - mainlogger - INFO - Epoch 55  3.5197696536779404
2024-05-24 14:56:08,381 - mainlogger - INFO - valid
2024-05-24 14:56:16,224 - mainlogger - INFO - Dice score: 0.7425
2024-05-24 14:56:16,224 - mainlogger - INFO - Accuracy: 0.9501
2024-05-24 14:56:16,224 - mainlogger - DEBUG - test
2024-05-24 14:56:23,944 - mainlogger - INFO - Dice score: 0.7387
2024-05-24 14:56:23,944 - mainlogger - INFO - Accuracy: 0.9504
2024-05-24 14:56:23,944 - mainlogger - INFO - ********************************************************************************
2024-05-24 14:56:51,089 - mainlogger - INFO - Epoch 56  3.3593578338623047
2024-05-24 14:56:51,090 - mainlogger - INFO - valid
2024-05-24 14:56:58,866 - mainlogger - INFO - Dice score: 0.7362
2024-05-24 14:56:58,866 - mainlogger - INFO - Accuracy: 0.9546
2024-05-24 14:56:58,866 - mainlogger - INFO - 0.000614125->0.00052200625
2024-05-24 14:56:58,866 - mainlogger - DEBUG - test
2024-05-24 14:57:06,399 - mainlogger - INFO - Dice score: 0.7212
2024-05-24 14:57:06,399 - mainlogger - INFO - Accuracy: 0.9529
2024-05-24 14:57:06,399 - mainlogger - INFO - ********************************************************************************
2024-05-24 14:57:33,242 - mainlogger - INFO - Epoch 57  3.4547467082738876
2024-05-24 14:57:33,242 - mainlogger - INFO - valid
2024-05-24 14:57:40,848 - mainlogger - INFO - Dice score: 0.746
2024-05-24 14:57:40,848 - mainlogger - INFO - Accuracy: 0.9484
2024-05-24 14:57:40,849 - mainlogger - DEBUG - test
2024-05-24 14:57:48,539 - mainlogger - INFO - Dice score: 0.7408
2024-05-24 14:57:48,539 - mainlogger - INFO - Accuracy: 0.9505
2024-05-24 14:57:48,539 - mainlogger - INFO - ********************************************************************************
2024-05-24 14:58:15,518 - mainlogger - INFO - Epoch 58  3.5319546908140182
2024-05-24 14:58:15,519 - mainlogger - INFO - valid
2024-05-24 14:58:23,107 - mainlogger - INFO - Dice score: 0.7407
2024-05-24 14:58:23,107 - mainlogger - INFO - Accuracy: 0.951
2024-05-24 14:58:23,107 - mainlogger - DEBUG - test
2024-05-24 14:58:30,781 - mainlogger - INFO - Dice score: 0.72
2024-05-24 14:58:30,781 - mainlogger - INFO - Accuracy: 0.9493
2024-05-24 14:58:30,781 - mainlogger - INFO - ********************************************************************************
2024-05-24 14:58:57,776 - mainlogger - INFO - Epoch 59  3.448644995689392
2024-05-24 14:58:57,776 - mainlogger - INFO - valid
2024-05-24 14:59:05,392 - mainlogger - INFO - Dice score: 0.7227
2024-05-24 14:59:05,392 - mainlogger - INFO - Accuracy: 0.9501
2024-05-24 14:59:05,392 - mainlogger - DEBUG - test
2024-05-24 14:59:13,028 - mainlogger - INFO - Dice score: 0.7224
2024-05-24 14:59:13,028 - mainlogger - INFO - Accuracy: 0.9529
2024-05-24 14:59:13,028 - mainlogger - INFO - ********************************************************************************
2024-05-24 14:59:39,819 - mainlogger - INFO - Epoch 60  3.4488782919943333
2024-05-24 14:59:39,819 - mainlogger - INFO - valid
2024-05-24 14:59:47,349 - mainlogger - INFO - Dice score: 0.7236
2024-05-24 14:59:47,349 - mainlogger - INFO - Accuracy: 0.945
2024-05-24 14:59:47,349 - mainlogger - INFO - 0.00052200625->0.00044370531249999997
2024-05-24 14:59:47,350 - mainlogger - DEBUG - test
2024-05-24 14:59:55,074 - mainlogger - INFO - Dice score: 0.7348
2024-05-24 14:59:55,074 - mainlogger - INFO - Accuracy: 0.9506
2024-05-24 14:59:55,078 - mainlogger - INFO - ********************************************************************************
2024-05-24 15:00:21,924 - mainlogger - INFO - Epoch 61  3.221466165035963
2024-05-24 15:00:21,925 - mainlogger - INFO - valid
2024-05-24 15:00:29,532 - mainlogger - INFO - Dice score: 0.7171
2024-05-24 15:00:29,532 - mainlogger - INFO - Accuracy: 0.9442
2024-05-24 15:00:29,532 - mainlogger - DEBUG - test
2024-05-24 15:00:37,363 - mainlogger - INFO - Dice score: 0.7245
2024-05-24 15:00:37,363 - mainlogger - INFO - Accuracy: 0.9492
2024-05-24 15:00:37,363 - mainlogger - INFO - ********************************************************************************
2024-05-24 15:01:04,081 - mainlogger - INFO - Epoch 62  3.1941332556307316
2024-05-24 15:01:04,081 - mainlogger - INFO - valid
2024-05-24 15:01:11,711 - mainlogger - INFO - Dice score: 0.7445
2024-05-24 15:01:11,711 - mainlogger - INFO - Accuracy: 0.9491
2024-05-24 15:01:11,711 - mainlogger - DEBUG - test
2024-05-24 15:01:19,451 - mainlogger - INFO - Dice score: 0.7307
2024-05-24 15:01:19,451 - mainlogger - INFO - Accuracy: 0.9494
2024-05-24 15:01:19,451 - mainlogger - INFO - ********************************************************************************
2024-05-24 15:01:46,022 - mainlogger - INFO - Epoch 63  3.2583959102630615
2024-05-24 15:01:46,022 - mainlogger - INFO - valid
2024-05-24 15:01:53,738 - mainlogger - INFO - Dice score: 0.7565
2024-05-24 15:01:53,738 - mainlogger - INFO - Accuracy: 0.9527
2024-05-24 15:01:53,742 - mainlogger - DEBUG - test
2024-05-24 15:02:01,436 - mainlogger - INFO - Dice score: 0.7478
2024-05-24 15:02:01,436 - mainlogger - INFO - Accuracy: 0.9532
2024-05-24 15:02:01,436 - mainlogger - INFO - ********************************************************************************
2024-05-24 15:02:28,244 - mainlogger - INFO - Epoch 64  3.2467428036034107
2024-05-24 15:02:28,244 - mainlogger - INFO - valid
2024-05-24 15:02:35,860 - mainlogger - INFO - Dice score: 0.7425
2024-05-24 15:02:35,861 - mainlogger - INFO - Accuracy: 0.9502
2024-05-24 15:02:35,861 - mainlogger - DEBUG - test
2024-05-24 15:02:43,522 - mainlogger - INFO - Dice score: 0.7391
2024-05-24 15:02:43,522 - mainlogger - INFO - Accuracy: 0.9528
2024-05-24 15:02:43,522 - mainlogger - INFO - ********************************************************************************
2024-05-24 15:03:10,259 - mainlogger - INFO - Epoch 65  3.034694690257311
2024-05-24 15:03:10,259 - mainlogger - INFO - valid
2024-05-24 15:03:18,017 - mainlogger - INFO - Dice score: 0.7343
2024-05-24 15:03:18,017 - mainlogger - INFO - Accuracy: 0.9465
2024-05-24 15:03:18,022 - mainlogger - DEBUG - test
2024-05-24 15:03:25,719 - mainlogger - INFO - Dice score: 0.7511
2024-05-24 15:03:25,719 - mainlogger - INFO - Accuracy: 0.953
2024-05-24 15:03:25,719 - mainlogger - INFO - ********************************************************************************
2024-05-24 15:03:52,477 - mainlogger - INFO - Epoch 66  3.140342514961958
2024-05-24 15:03:52,478 - mainlogger - INFO - valid
2024-05-24 15:04:00,164 - mainlogger - INFO - Dice score: 0.7339
2024-05-24 15:04:00,164 - mainlogger - INFO - Accuracy: 0.9467
2024-05-24 15:04:00,164 - mainlogger - DEBUG - test
2024-05-24 15:04:07,745 - mainlogger - INFO - Dice score: 0.7421
2024-05-24 15:04:07,745 - mainlogger - INFO - Accuracy: 0.9524
2024-05-24 15:04:07,745 - mainlogger - INFO - ********************************************************************************
2024-05-24 15:04:34,427 - mainlogger - INFO - Epoch 67  3.407014701515436
2024-05-24 15:04:34,428 - mainlogger - INFO - valid
2024-05-24 15:04:42,078 - mainlogger - INFO - Dice score: 0.7235
2024-05-24 15:04:42,078 - mainlogger - INFO - Accuracy: 0.9458
2024-05-24 15:04:42,079 - mainlogger - INFO - 0.00044370531249999997->0.00037714951562499996
2024-05-24 15:04:42,079 - mainlogger - DEBUG - test
2024-05-24 15:04:49,784 - mainlogger - INFO - Dice score: 0.7474
2024-05-24 15:04:49,785 - mainlogger - INFO - Accuracy: 0.9533
2024-05-24 15:04:49,785 - mainlogger - INFO - ********************************************************************************
2024-05-24 15:05:16,633 - mainlogger - INFO - Epoch 68  3.026258386671543
2024-05-24 15:05:16,633 - mainlogger - INFO - valid
2024-05-24 15:05:24,249 - mainlogger - INFO - Dice score: 0.7408
2024-05-24 15:05:24,249 - mainlogger - INFO - Accuracy: 0.9489
2024-05-24 15:05:24,249 - mainlogger - DEBUG - test
2024-05-24 15:05:31,760 - mainlogger - INFO - Dice score: 0.7458
2024-05-24 15:05:31,761 - mainlogger - INFO - Accuracy: 0.9519
2024-05-24 15:05:31,761 - mainlogger - INFO - ********************************************************************************
2024-05-24 15:05:58,892 - mainlogger - INFO - Epoch 69  2.846116665750742
2024-05-24 15:05:58,892 - mainlogger - INFO - valid
2024-05-24 15:06:06,558 - mainlogger - INFO - Dice score: 0.7011
2024-05-24 15:06:06,558 - mainlogger - INFO - Accuracy: 0.9401
2024-05-24 15:06:06,558 - mainlogger - DEBUG - test
2024-05-24 15:06:14,273 - mainlogger - INFO - Dice score: 0.724
2024-05-24 15:06:14,273 - mainlogger - INFO - Accuracy: 0.946
2024-05-24 15:06:14,274 - mainlogger - INFO - ********************************************************************************
2024-05-24 15:06:40,850 - mainlogger - INFO - Epoch 70  3.049483921378851
2024-05-24 15:06:40,851 - mainlogger - INFO - valid
2024-05-24 15:06:48,501 - mainlogger - INFO - Dice score: 0.7413
2024-05-24 15:06:48,501 - mainlogger - INFO - Accuracy: 0.9472
2024-05-24 15:06:48,501 - mainlogger - DEBUG - test
2024-05-24 15:06:56,053 - mainlogger - INFO - Dice score: 0.7494
2024-05-24 15:06:56,053 - mainlogger - INFO - Accuracy: 0.9517
2024-05-24 15:06:56,053 - mainlogger - INFO - ********************************************************************************
2024-05-24 15:07:23,144 - mainlogger - INFO - Epoch 71  2.8092071674764156
2024-05-24 15:07:23,144 - mainlogger - INFO - valid
2024-05-24 15:07:30,776 - mainlogger - INFO - Dice score: 0.7199
2024-05-24 15:07:30,776 - mainlogger - INFO - Accuracy: 0.9458
2024-05-24 15:07:30,776 - mainlogger - INFO - 0.00037714951562499996->0.00032057708828124994
2024-05-24 15:07:30,776 - mainlogger - DEBUG - test
2024-05-24 15:07:38,472 - mainlogger - INFO - Dice score: 0.7424
2024-05-24 15:07:38,473 - mainlogger - INFO - Accuracy: 0.9534
2024-05-24 15:07:38,473 - mainlogger - INFO - ********************************************************************************
2024-05-24 15:08:05,121 - mainlogger - INFO - Epoch 72  2.8603162728250027
2024-05-24 15:08:05,121 - mainlogger - INFO - valid
2024-05-24 15:08:12,774 - mainlogger - INFO - Dice score: 0.7225
2024-05-24 15:08:12,775 - mainlogger - INFO - Accuracy: 0.9432
2024-05-24 15:08:12,775 - mainlogger - DEBUG - test
2024-05-24 15:08:20,530 - mainlogger - INFO - Dice score: 0.7243
2024-05-24 15:08:20,530 - mainlogger - INFO - Accuracy: 0.9466
2024-05-24 15:08:20,530 - mainlogger - INFO - ********************************************************************************
2024-05-24 15:08:47,118 - mainlogger - INFO - Epoch 73  2.8817012682557106
2024-05-24 15:08:47,118 - mainlogger - INFO - valid
2024-05-24 15:08:54,911 - mainlogger - INFO - Dice score: 0.7498
2024-05-24 15:08:54,912 - mainlogger - INFO - Accuracy: 0.9512
2024-05-24 15:08:54,912 - mainlogger - DEBUG - test
2024-05-24 15:09:02,503 - mainlogger - INFO - Dice score: 0.7505
2024-05-24 15:09:02,503 - mainlogger - INFO - Accuracy: 0.9531
2024-05-24 15:09:02,503 - mainlogger - INFO - ********************************************************************************
2024-05-24 15:09:29,225 - mainlogger - INFO - Epoch 74  2.805244866758585
2024-05-24 15:09:29,225 - mainlogger - INFO - valid
2024-05-24 15:09:36,951 - mainlogger - INFO - Dice score: 0.7167
2024-05-24 15:09:36,952 - mainlogger - INFO - Accuracy: 0.9456
2024-05-24 15:09:36,952 - mainlogger - DEBUG - test
2024-05-24 15:09:44,365 - mainlogger - INFO - Dice score: 0.7247
2024-05-24 15:09:44,365 - mainlogger - INFO - Accuracy: 0.949
2024-05-24 15:09:44,365 - mainlogger - INFO - ********************************************************************************
2024-05-24 15:10:11,302 - mainlogger - INFO - Epoch 75  2.7822100408375263
2024-05-24 15:10:11,303 - mainlogger - INFO - valid
2024-05-24 15:10:19,077 - mainlogger - INFO - Dice score: 0.7294
2024-05-24 15:10:19,078 - mainlogger - INFO - Accuracy: 0.9447
2024-05-24 15:10:19,078 - mainlogger - INFO - 0.00032057708828124994->0.0002724905250390624
2024-05-24 15:10:19,078 - mainlogger - DEBUG - test
2024-05-24 15:10:26,867 - mainlogger - INFO - Dice score: 0.7287
2024-05-24 15:10:26,867 - mainlogger - INFO - Accuracy: 0.9488
2024-05-24 15:10:26,867 - mainlogger - INFO - ********************************************************************************
2024-05-24 15:10:53,433 - mainlogger - INFO - Epoch 76  2.7488874699920416
2024-05-24 15:10:53,433 - mainlogger - INFO - valid
2024-05-24 15:11:01,275 - mainlogger - INFO - Dice score: 0.731
2024-05-24 15:11:01,276 - mainlogger - INFO - Accuracy: 0.9427
2024-05-24 15:11:01,280 - mainlogger - DEBUG - test
2024-05-24 15:11:09,016 - mainlogger - INFO - Dice score: 0.7315
2024-05-24 15:11:09,017 - mainlogger - INFO - Accuracy: 0.9473
2024-05-24 15:11:09,017 - mainlogger - INFO - ********************************************************************************
2024-05-24 15:11:36,196 - mainlogger - INFO - Epoch 77  2.714561428874731
2024-05-24 15:11:36,196 - mainlogger - INFO - valid
2024-05-24 15:11:43,865 - mainlogger - INFO - Dice score: 0.7473
2024-05-24 15:11:43,866 - mainlogger - INFO - Accuracy: 0.9492
2024-05-24 15:11:43,866 - mainlogger - DEBUG - test
2024-05-24 15:11:51,597 - mainlogger - INFO - Dice score: 0.7517
2024-05-24 15:11:51,597 - mainlogger - INFO - Accuracy: 0.9541
2024-05-24 15:11:51,602 - mainlogger - INFO - ********************************************************************************
2024-05-24 15:12:18,421 - mainlogger - INFO - Epoch 78  2.856487788259983
2024-05-24 15:12:18,421 - mainlogger - INFO - valid
2024-05-24 15:12:26,113 - mainlogger - INFO - Dice score: 0.7396
2024-05-24 15:12:26,113 - mainlogger - INFO - Accuracy: 0.9468
2024-05-24 15:12:26,113 - mainlogger - DEBUG - test
2024-05-24 15:12:33,751 - mainlogger - INFO - Dice score: 0.7519
2024-05-24 15:12:33,751 - mainlogger - INFO - Accuracy: 0.9523
2024-05-24 15:12:33,752 - mainlogger - INFO - ********************************************************************************
2024-05-24 15:13:00,339 - mainlogger - INFO - Epoch 79  2.6527984868735075
2024-05-24 15:13:00,339 - mainlogger - INFO - valid
2024-05-24 15:13:07,929 - mainlogger - INFO - Dice score: 0.7498
2024-05-24 15:13:07,930 - mainlogger - INFO - Accuracy: 0.9507
2024-05-24 15:13:07,930 - mainlogger - INFO - 0.0002724905250390624->0.00023161694628320305
2024-05-24 15:13:07,930 - mainlogger - DEBUG - test
2024-05-24 15:13:15,645 - mainlogger - INFO - Dice score: 0.7479
2024-05-24 15:13:15,645 - mainlogger - INFO - Accuracy: 0.953
2024-05-24 15:13:15,646 - mainlogger - INFO - ********************************************************************************
2024-05-24 15:13:42,539 - mainlogger - INFO - Epoch 80  2.600686103105545
2024-05-24 15:13:42,539 - mainlogger - INFO - valid
2024-05-24 15:13:50,210 - mainlogger - INFO - Dice score: 0.7284
2024-05-24 15:13:50,210 - mainlogger - INFO - Accuracy: 0.9453
2024-05-24 15:13:50,211 - mainlogger - DEBUG - test
2024-05-24 15:13:57,720 - mainlogger - INFO - Dice score: 0.7424
2024-05-24 15:13:57,720 - mainlogger - INFO - Accuracy: 0.9531
2024-05-24 15:13:57,721 - mainlogger - INFO - ********************************************************************************
2024-05-24 15:14:24,594 - mainlogger - INFO - Epoch 81  2.589027624577284
2024-05-24 15:14:24,594 - mainlogger - INFO - valid
2024-05-24 15:14:32,384 - mainlogger - INFO - Dice score: 0.7462
2024-05-24 15:14:32,384 - mainlogger - INFO - Accuracy: 0.9475
2024-05-24 15:14:32,384 - mainlogger - DEBUG - test
2024-05-24 15:14:40,162 - mainlogger - INFO - Dice score: 0.7281
2024-05-24 15:14:40,163 - mainlogger - INFO - Accuracy: 0.9476
2024-05-24 15:14:40,163 - mainlogger - INFO - ********************************************************************************
2024-05-24 15:15:07,421 - mainlogger - INFO - Epoch 82  2.5557648576796055
2024-05-24 15:15:07,421 - mainlogger - INFO - valid
2024-05-24 15:15:15,208 - mainlogger - INFO - Dice score: 0.7468
2024-05-24 15:15:15,208 - mainlogger - INFO - Accuracy: 0.9483
2024-05-24 15:15:15,208 - mainlogger - DEBUG - test
2024-05-24 15:15:22,877 - mainlogger - INFO - Dice score: 0.7391
2024-05-24 15:15:22,877 - mainlogger - INFO - Accuracy: 0.9503
2024-05-24 15:15:22,877 - mainlogger - INFO - ********************************************************************************
2024-05-24 15:15:49,488 - mainlogger - INFO - Epoch 83  2.512803280726075
2024-05-24 15:15:49,489 - mainlogger - INFO - valid
2024-05-24 15:15:57,228 - mainlogger - INFO - Dice score: 0.7377
2024-05-24 15:15:57,228 - mainlogger - INFO - Accuracy: 0.9455
2024-05-24 15:15:57,228 - mainlogger - INFO - 0.00023161694628320305->0.0001968744043407226
2024-05-24 15:15:57,228 - mainlogger - DEBUG - test
2024-05-24 15:16:04,818 - mainlogger - INFO - Dice score: 0.7427
2024-05-24 15:16:04,818 - mainlogger - INFO - Accuracy: 0.9508
2024-05-24 15:16:04,818 - mainlogger - INFO - ********************************************************************************
2024-05-24 15:16:31,634 - mainlogger - INFO - Epoch 84  2.6205455381423235
2024-05-24 15:16:31,634 - mainlogger - INFO - valid
2024-05-24 15:16:39,300 - mainlogger - INFO - Dice score: 0.7311
2024-05-24 15:16:39,300 - mainlogger - INFO - Accuracy: 0.9453
2024-05-24 15:16:39,300 - mainlogger - DEBUG - test
2024-05-24 15:16:46,947 - mainlogger - INFO - Dice score: 0.7449
2024-05-24 15:16:46,947 - mainlogger - INFO - Accuracy: 0.9515
2024-05-24 15:16:46,947 - mainlogger - INFO - ********************************************************************************
2024-05-24 15:17:13,845 - mainlogger - INFO - Epoch 85  2.466637410223484
2024-05-24 15:17:13,845 - mainlogger - INFO - valid
2024-05-24 15:17:21,547 - mainlogger - INFO - Dice score: 0.739
2024-05-24 15:17:21,547 - mainlogger - INFO - Accuracy: 0.9475
2024-05-24 15:17:21,551 - mainlogger - DEBUG - test
2024-05-24 15:17:29,240 - mainlogger - INFO - Dice score: 0.7409
2024-05-24 15:17:29,240 - mainlogger - INFO - Accuracy: 0.9518
2024-05-24 15:17:29,240 - mainlogger - INFO - ********************************************************************************
2024-05-24 15:17:56,782 - mainlogger - INFO - Epoch 86  2.725745879113674
2024-05-24 15:17:56,783 - mainlogger - INFO - valid
2024-05-24 15:18:04,478 - mainlogger - INFO - Dice score: 0.7592
2024-05-24 15:18:04,479 - mainlogger - INFO - Accuracy: 0.9521
2024-05-24 15:18:04,482 - mainlogger - DEBUG - test
2024-05-24 15:18:12,123 - mainlogger - INFO - Dice score: 0.7352
2024-05-24 15:18:12,123 - mainlogger - INFO - Accuracy: 0.9507
2024-05-24 15:18:12,123 - mainlogger - INFO - ********************************************************************************
2024-05-24 15:18:39,462 - mainlogger - INFO - Epoch 87  2.4213798828423023
2024-05-24 15:18:39,462 - mainlogger - INFO - valid
2024-05-24 15:18:47,096 - mainlogger - INFO - Dice score: 0.7474
2024-05-24 15:18:47,097 - mainlogger - INFO - Accuracy: 0.9475
2024-05-24 15:18:47,097 - mainlogger - DEBUG - test
2024-05-24 15:18:54,767 - mainlogger - INFO - Dice score: 0.743
2024-05-24 15:18:54,767 - mainlogger - INFO - Accuracy: 0.9503
2024-05-24 15:18:54,767 - mainlogger - INFO - ********************************************************************************
2024-05-24 15:19:21,824 - mainlogger - INFO - Epoch 88  2.6464842818677425
2024-05-24 15:19:21,824 - mainlogger - INFO - valid
2024-05-24 15:19:29,466 - mainlogger - INFO - Dice score: 0.7649
2024-05-24 15:19:29,466 - mainlogger - INFO - Accuracy: 0.9545
2024-05-24 15:19:29,473 - mainlogger - DEBUG - test
2024-05-24 15:19:37,143 - mainlogger - INFO - Dice score: 0.7355
2024-05-24 15:19:37,143 - mainlogger - INFO - Accuracy: 0.9519
2024-05-24 15:19:37,143 - mainlogger - INFO - ********************************************************************************
2024-05-24 15:20:03,991 - mainlogger - INFO - Epoch 89  2.5113878659904003
2024-05-24 15:20:03,991 - mainlogger - INFO - valid
2024-05-24 15:20:11,723 - mainlogger - INFO - Dice score: 0.748
2024-05-24 15:20:11,723 - mainlogger - INFO - Accuracy: 0.9488
2024-05-24 15:20:11,723 - mainlogger - DEBUG - test
2024-05-24 15:20:19,513 - mainlogger - INFO - Dice score: 0.7492
2024-05-24 15:20:19,514 - mainlogger - INFO - Accuracy: 0.9518
2024-05-24 15:20:19,514 - mainlogger - INFO - ********************************************************************************
2024-05-24 15:20:46,199 - mainlogger - INFO - Epoch 90  2.4032747484743595
2024-05-24 15:20:46,200 - mainlogger - INFO - valid
2024-05-24 15:20:53,802 - mainlogger - INFO - Dice score: 0.7307
2024-05-24 15:20:53,802 - mainlogger - INFO - Accuracy: 0.9449
2024-05-24 15:20:53,802 - mainlogger - DEBUG - test
2024-05-24 15:21:01,415 - mainlogger - INFO - Dice score: 0.7448
2024-05-24 15:21:01,415 - mainlogger - INFO - Accuracy: 0.9511
2024-05-24 15:21:01,415 - mainlogger - INFO - ********************************************************************************
2024-05-24 15:21:28,530 - mainlogger - INFO - Epoch 91  2.5167552772909403
2024-05-24 15:21:28,530 - mainlogger - INFO - valid
2024-05-24 15:21:36,298 - mainlogger - INFO - Dice score: 0.7517
2024-05-24 15:21:36,299 - mainlogger - INFO - Accuracy: 0.9503
2024-05-24 15:21:36,299 - mainlogger - DEBUG - test
2024-05-24 15:21:44,015 - mainlogger - INFO - Dice score: 0.7444
2024-05-24 15:21:44,016 - mainlogger - INFO - Accuracy: 0.9521
2024-05-24 15:21:44,016 - mainlogger - INFO - ********************************************************************************
2024-05-24 15:22:10,713 - mainlogger - INFO - Epoch 92  2.43224061653018
2024-05-24 15:22:10,713 - mainlogger - INFO - valid
2024-05-24 15:22:18,549 - mainlogger - INFO - Dice score: 0.738
2024-05-24 15:22:18,550 - mainlogger - INFO - Accuracy: 0.9465
2024-05-24 15:22:18,550 - mainlogger - INFO - 0.0001968744043407226->0.0001673432436896142
2024-05-24 15:22:18,550 - mainlogger - DEBUG - test
2024-05-24 15:22:26,290 - mainlogger - INFO - Dice score: 0.7323
2024-05-24 15:22:26,291 - mainlogger - INFO - Accuracy: 0.9487
2024-05-24 15:22:26,291 - mainlogger - INFO - ********************************************************************************
2024-05-24 15:22:53,651 - mainlogger - INFO - Epoch 93  2.2684224285185337
2024-05-24 15:22:53,651 - mainlogger - INFO - valid
2024-05-24 15:23:01,241 - mainlogger - INFO - Dice score: 0.74
2024-05-24 15:23:01,241 - mainlogger - INFO - Accuracy: 0.9477
2024-05-24 15:23:01,241 - mainlogger - DEBUG - test
2024-05-24 15:23:08,846 - mainlogger - INFO - Dice score: 0.7429
2024-05-24 15:23:08,846 - mainlogger - INFO - Accuracy: 0.9508
2024-05-24 15:23:08,846 - mainlogger - INFO - ********************************************************************************
2024-05-24 15:23:35,994 - mainlogger - INFO - Epoch 94  2.3119746036827564
2024-05-24 15:23:35,994 - mainlogger - INFO - valid
2024-05-24 15:23:43,576 - mainlogger - INFO - Dice score: 0.7546
2024-05-24 15:23:43,576 - mainlogger - INFO - Accuracy: 0.952
2024-05-24 15:23:43,576 - mainlogger - DEBUG - test
2024-05-24 15:23:51,257 - mainlogger - INFO - Dice score: 0.7455
2024-05-24 15:23:51,257 - mainlogger - INFO - Accuracy: 0.9528
2024-05-24 15:23:51,258 - mainlogger - INFO - ********************************************************************************
2024-05-24 15:24:18,424 - mainlogger - INFO - Epoch 95  2.281219359487295
2024-05-24 15:24:18,424 - mainlogger - INFO - valid
2024-05-24 15:24:26,175 - mainlogger - INFO - Dice score: 0.7436
2024-05-24 15:24:26,175 - mainlogger - INFO - Accuracy: 0.9496
2024-05-24 15:24:26,176 - mainlogger - DEBUG - test
2024-05-24 15:24:33,845 - mainlogger - INFO - Dice score: 0.7441
2024-05-24 15:24:33,845 - mainlogger - INFO - Accuracy: 0.9529
2024-05-24 15:24:33,845 - mainlogger - INFO - ********************************************************************************
2024-05-24 15:25:00,475 - mainlogger - INFO - Epoch 96  2.3212362695485353
2024-05-24 15:25:00,476 - mainlogger - INFO - valid
2024-05-24 15:25:08,137 - mainlogger - INFO - Dice score: 0.7534
2024-05-24 15:25:08,138 - mainlogger - INFO - Accuracy: 0.9507
2024-05-24 15:25:08,138 - mainlogger - INFO - 0.0001673432436896142->0.00014224175713617207
2024-05-24 15:25:08,138 - mainlogger - DEBUG - test
2024-05-24 15:25:16,169 - mainlogger - INFO - Dice score: 0.7546
2024-05-24 15:25:16,169 - mainlogger - INFO - Accuracy: 0.9533
2024-05-24 15:25:16,169 - mainlogger - INFO - ********************************************************************************
2024-05-24 15:25:43,314 - mainlogger - INFO - Epoch 97  2.211978068575263
2024-05-24 15:25:43,314 - mainlogger - INFO - valid
2024-05-24 15:25:50,973 - mainlogger - INFO - Dice score: 0.7567
2024-05-24 15:25:50,973 - mainlogger - INFO - Accuracy: 0.9527
2024-05-24 15:25:50,973 - mainlogger - DEBUG - test
2024-05-24 15:25:58,703 - mainlogger - INFO - Dice score: 0.745
2024-05-24 15:25:58,703 - mainlogger - INFO - Accuracy: 0.9535
2024-05-24 15:25:58,703 - mainlogger - INFO - ********************************************************************************
2024-05-24 15:26:25,487 - mainlogger - INFO - Epoch 98  2.1598943024873734
2024-05-24 15:26:25,487 - mainlogger - INFO - valid
2024-05-24 15:26:33,101 - mainlogger - INFO - Dice score: 0.7355
2024-05-24 15:26:33,101 - mainlogger - INFO - Accuracy: 0.9462
2024-05-24 15:26:33,102 - mainlogger - DEBUG - test
2024-05-24 15:26:40,730 - mainlogger - INFO - Dice score: 0.7461
2024-05-24 15:26:40,730 - mainlogger - INFO - Accuracy: 0.9514
2024-05-24 15:26:40,731 - mainlogger - INFO - ********************************************************************************
2024-05-24 15:27:07,601 - mainlogger - INFO - Epoch 99  2.2179598566144705
2024-05-24 15:27:07,601 - mainlogger - INFO - valid
2024-05-24 15:27:15,526 - mainlogger - INFO - Dice score: 0.7428
2024-05-24 15:27:15,526 - mainlogger - INFO - Accuracy: 0.9468
2024-05-24 15:27:15,526 - mainlogger - DEBUG - test
2024-05-24 15:27:23,281 - mainlogger - INFO - Dice score: 0.737
2024-05-24 15:27:23,281 - mainlogger - INFO - Accuracy: 0.9489
2024-05-24 15:27:23,281 - mainlogger - INFO - ********************************************************************************
2024-05-24 15:27:23,282 - mainlogger - DEBUG - [0.6689105707336054, 0.6971636610147844, 0.6322644070477946, 0.6872838513353061, 0.7111323868579322, 0.721838990806606, 0.6820963186616731, 0.7333370825138571, 0.6821053607353975, 0.6792370916690121, 0.7308658579304776, 0.7274655700866519, 0.7242961502763329, 0.7277227386695874, 0.7033154946200548, 0.7039194807104091, 0.7088905777920878, 0.7145139449055466, 0.7474906403794237, 0.7277056555435233, 0.7348496910440361, 0.7469640711687737, 0.7299827618793541, 0.7358390554529202, 0.7183445315660664, 0.7425077700414981, 0.7362358006106399, 0.7460120184256991, 0.7407178302158899, 0.7226828851188102, 0.7235975681282345, 0.7171241203856087, 0.744542783134431, 0.7565070352364281, 0.7425325310103622, 0.734277447447996, 0.7338931690588353, 0.7235120521184863, 0.7407514184695345, 0.7010803149349977, 0.7412945947317433, 0.7198873457054218, 0.7224976454650682, 0.7497753427756243, 0.7167248385187156, 0.7294351030973292, 0.7310254214237152, 0.7472805780376445, 0.7396256801229062, 0.7498428812117941, 0.7284447133293419, 0.7461890989242992, 0.7467994017034147, 0.7377402486208254, 0.7311427075960589, 0.7389619117496431, 0.759165260502625, 0.7473702979161425, 0.7649340700536241, 0.7479822109354691, 0.7306900085779057, 0.7517467593225329, 0.7379585766747075, 0.7399919393078529, 0.7546471207068303, 0.7435571135911646, 0.7533621527248848, 0.7567321897698256, 0.7355123581778549, 0.7427862345761335]
2024-05-24 15:27:23,282 - mainlogger - DEBUG - [0.6659093861442941, 0.6963214408951569, 0.6341294668421462, 0.6790013791740652, 0.7171193135053239, 0.7178640230343052, 0.6964710808708483, 0.732720003490174, 0.7050860343534763, 0.6863190489194294, 0.7147174170760849, 0.6981786965284464, 0.7062071991273926, 0.7012238853843997, 0.718444277943738, 0.7288043599722873, 0.7034619227396369, 0.7343886309993938, 0.7324551020542853, 0.7469765039687627, 0.7461621743760728, 0.7539522586441256, 0.7370968767573818, 0.739309344412599, 0.7473360936786624, 0.7386574872047781, 0.7212190847163656, 0.7407865555335901, 0.7200314618365213, 0.7223972492317614, 0.7347637899403441, 0.7244790987295326, 0.7306827693179243, 0.7478040312794931, 0.7391218782424888, 0.751069481351946, 0.7420931811075268, 0.7474152848554583, 0.7457575374333312, 0.724032305504453, 0.7494201182790747, 0.7423682156269439, 0.7242669361357253, 0.7505254677975506, 0.7246910474681681, 0.728650942389945, 0.7314620165938598, 0.7517426318888716, 0.7519144039099396, 0.7478697322380709, 0.7424449564281038, 0.7281270151081721, 0.7390668662811225, 0.7426668894115387, 0.7449161536187886, 0.7409172203102911, 0.7352097121266129, 0.7430381205212105, 0.7354724928730062, 0.7492336176695297, 0.7448335010053515, 0.7444066913811352, 0.7322768928693948, 0.7428571428571429, 0.7455176693652178, 0.7440862080303309, 0.7546407741007802, 0.7450224952826939, 0.7460724699494451, 0.7369847581998779]
2024-05-24 15:27:23,307 - mainlogger - INFO - final test
2024-05-24 15:27:31,061 - mainlogger - INFO - Dice score: 0.7394
2024-05-24 15:27:31,061 - mainlogger - INFO - Accuracy: 0.9495
