2024-05-21 21:19:56,090 - mainlogger - INFO - 4205
2024-05-21 21:19:56,090 - mainlogger - INFO - <class '__main__.UniversegPipeline'>
2024-05-21 21:19:56,091 - mainlogger - INFO - full/res_stack_se/leaky_relu.yaml
2024-05-21 21:19:56,091 - mainlogger - INFO - {'desc': '学习率调大10倍，模型减小为单层', 'batch_size': 8, 'epochs': 120, 'k': 2, 'test_k': 2, 'init': True, 'root_dir': '/Dataset_BUSI', 'model': {'name': 'universeg_res.universeg.UniverSeg', 'args': {'channels': [64, 128, 256, 512, 512], 'num_layers': [1, 1, 1, 1, 1], 'in_channels': [1, 2], 'init': True, 'act': 'LeakyReLU'}}, 'trainset': {'name': 'datasetBUSI.mask_busi_single.MaskBUSISingle', 'args': {'root_dir': '/Dataset_BUSI', 'image_names_path': 'labeled_all.txt', 'mode': 'train'}}, 'testset': {'name': 'datasetBUSI.mask_busi_single.MaskBUSISingle', 'args': {'root_dir': '/Dataset_BUSI', 'image_names_path': 'test.txt', 'mode': 'test'}}, 'validset': {'name': 'datasetBUSI.mask_busi_single.MaskBUSISingle', 'args': {'root_dir': '/Dataset_BUSI', 'image_names_path': 'val.txt', 'mode': 'test'}}, 'criterion': {'name': 'spgutils.focalloss.BinaryFocalLoss', 'args': {'gamma': 1}}, 'optimizer': {'name': 'torch.optim.Adam', 'args': {'lr': 0.001}}, 'scheduler': {'name': 'torch.optim.lr_scheduler.ReduceLROnPlateau', 'args': {'mode': 'max', 'factor': 0.85, 'patience': 3}}}
2024-05-21 21:19:56,092 - mainlogger - INFO - 39.82969093322754
2024-05-21 21:19:56,095 - mainlogger - INFO - init with relu
2024-05-21 21:20:50,364 - mainlogger - INFO - Epoch 0  16.319980800151825
2024-05-21 21:20:50,365 - mainlogger - INFO - ********************************************************************************
2024-05-21 21:21:40,895 - mainlogger - INFO - Epoch 1  15.29084226489067
2024-05-21 21:21:40,896 - mainlogger - INFO - train
2024-05-21 21:22:28,178 - mainlogger - INFO - Dice score: 0.4121
2024-05-21 21:22:28,179 - mainlogger - INFO - Accuracy: 0.7605
2024-05-21 21:22:28,179 - mainlogger - INFO - test
2024-05-21 21:22:45,603 - mainlogger - INFO - Dice score: 0.3557
2024-05-21 21:22:45,603 - mainlogger - INFO - Accuracy: 0.7694
2024-05-21 21:22:45,603 - mainlogger - INFO - ********************************************************************************
2024-05-21 21:23:36,201 - mainlogger - INFO - Epoch 2  14.661798745393753
2024-05-21 21:23:36,201 - mainlogger - INFO - ********************************************************************************
2024-05-21 21:24:27,079 - mainlogger - INFO - Epoch 3  13.737988874316216
2024-05-21 21:24:27,080 - mainlogger - INFO - ********************************************************************************
2024-05-21 21:25:17,490 - mainlogger - INFO - Epoch 4  13.36729995906353
2024-05-21 21:25:17,491 - mainlogger - INFO - ********************************************************************************
2024-05-21 21:26:08,478 - mainlogger - INFO - Epoch 5  12.437404870986938
2024-05-21 21:26:08,478 - mainlogger - INFO - ********************************************************************************
2024-05-21 21:26:59,810 - mainlogger - INFO - Epoch 6  11.496795549988747
2024-05-21 21:26:59,810 - mainlogger - INFO - ********************************************************************************
2024-05-21 21:27:50,909 - mainlogger - INFO - Epoch 7  11.441212132573128
2024-05-21 21:27:50,910 - mainlogger - INFO - ********************************************************************************
2024-05-21 21:28:41,583 - mainlogger - INFO - Epoch 8  10.492110759019852
2024-05-21 21:28:41,583 - mainlogger - INFO - ********************************************************************************
2024-05-21 21:29:31,782 - mainlogger - INFO - Epoch 9  10.231866419315338
2024-05-21 21:29:31,782 - mainlogger - INFO - ********************************************************************************
2024-05-21 21:30:22,780 - mainlogger - INFO - Epoch 10  9.490982383489609
2024-05-21 21:30:22,781 - mainlogger - INFO - ********************************************************************************
2024-05-21 21:31:13,582 - mainlogger - INFO - Epoch 11  9.410113841295242
2024-05-21 21:31:13,583 - mainlogger - INFO - train
2024-05-21 21:32:00,782 - mainlogger - INFO - Dice score: 0.5441
2024-05-21 21:32:00,782 - mainlogger - INFO - Accuracy: 0.8767
2024-05-21 21:32:00,782 - mainlogger - INFO - test
2024-05-21 21:32:16,515 - mainlogger - INFO - Dice score: 0.4884
2024-05-21 21:32:16,515 - mainlogger - INFO - Accuracy: 0.878
2024-05-21 21:32:16,515 - mainlogger - INFO - ********************************************************************************
2024-05-21 21:33:06,385 - mainlogger - INFO - Epoch 12  8.855156019330025
2024-05-21 21:33:06,386 - mainlogger - INFO - ********************************************************************************
2024-05-21 21:33:55,801 - mainlogger - INFO - Epoch 13  8.655520722270012
2024-05-21 21:33:55,802 - mainlogger - INFO - ********************************************************************************
2024-05-21 21:34:46,604 - mainlogger - INFO - Epoch 14  8.361223548650742
2024-05-21 21:34:46,605 - mainlogger - INFO - ********************************************************************************
2024-05-21 21:35:36,991 - mainlogger - INFO - Epoch 15  8.21969985961914
2024-05-21 21:35:36,992 - mainlogger - INFO - ********************************************************************************
2024-05-21 21:36:27,688 - mainlogger - INFO - Epoch 16  7.562659427523613
2024-05-21 21:36:27,689 - mainlogger - INFO - ********************************************************************************
2024-05-21 21:37:17,465 - mainlogger - INFO - Epoch 17  7.545266941189766
2024-05-21 21:37:17,466 - mainlogger - INFO - ********************************************************************************
2024-05-21 21:38:08,196 - mainlogger - INFO - Epoch 18  7.05619952082634
2024-05-21 21:38:08,197 - mainlogger - INFO - ********************************************************************************
2024-05-21 21:38:58,186 - mainlogger - INFO - Epoch 19  6.793962650001049
2024-05-21 21:38:58,186 - mainlogger - INFO - ********************************************************************************
2024-05-21 21:39:48,403 - mainlogger - INFO - Epoch 20  6.86480600386858
2024-05-21 21:39:48,403 - mainlogger - INFO - ********************************************************************************
2024-05-21 21:40:38,605 - mainlogger - INFO - Epoch 21  6.6467385068535805
2024-05-21 21:40:38,605 - mainlogger - INFO - train
2024-05-21 21:41:25,677 - mainlogger - INFO - Dice score: 0.6795
2024-05-21 21:41:25,678 - mainlogger - INFO - Accuracy: 0.9291
2024-05-21 21:41:25,678 - mainlogger - INFO - test
2024-05-21 21:41:41,112 - mainlogger - INFO - Dice score: 0.6257
2024-05-21 21:41:41,112 - mainlogger - INFO - Accuracy: 0.9304
2024-05-21 21:41:41,112 - mainlogger - INFO - ********************************************************************************
2024-05-21 21:42:31,391 - mainlogger - INFO - Epoch 22  6.613712541759014
2024-05-21 21:42:31,391 - mainlogger - INFO - ********************************************************************************
2024-05-21 21:43:21,283 - mainlogger - INFO - Epoch 23  6.60494539886713
2024-05-21 21:43:21,284 - mainlogger - INFO - ********************************************************************************
2024-05-21 21:44:11,498 - mainlogger - INFO - Epoch 24  6.028007134795189
2024-05-21 21:44:11,498 - mainlogger - INFO - ********************************************************************************
2024-05-21 21:45:01,679 - mainlogger - INFO - Epoch 25  6.290251098573208
2024-05-21 21:45:01,680 - mainlogger - INFO - ********************************************************************************
2024-05-21 21:45:51,587 - mainlogger - INFO - Epoch 26  5.971291698515415
2024-05-21 21:45:51,588 - mainlogger - INFO - ********************************************************************************
2024-05-21 21:46:41,778 - mainlogger - INFO - Epoch 27  5.92070859670639
2024-05-21 21:46:41,778 - mainlogger - INFO - ********************************************************************************
2024-05-21 21:47:32,595 - mainlogger - INFO - Epoch 28  5.72264126688242
2024-05-21 21:47:32,596 - mainlogger - INFO - ********************************************************************************
2024-05-21 21:48:22,584 - mainlogger - INFO - Epoch 29  5.69887287914753
2024-05-21 21:48:22,584 - mainlogger - INFO - ********************************************************************************
2024-05-21 21:49:12,801 - mainlogger - INFO - Epoch 30  5.401883952319622
2024-05-21 21:49:12,801 - mainlogger - INFO - ********************************************************************************
2024-05-21 21:50:03,111 - mainlogger - INFO - Epoch 31  5.55372941493988
2024-05-21 21:50:03,112 - mainlogger - INFO - train
2024-05-21 21:50:50,780 - mainlogger - INFO - Dice score: 0.6809
2024-05-21 21:50:50,781 - mainlogger - INFO - Accuracy: 0.9353
2024-05-21 21:50:50,781 - mainlogger - INFO - test
2024-05-21 21:51:06,289 - mainlogger - INFO - Dice score: 0.6508
2024-05-21 21:51:06,289 - mainlogger - INFO - Accuracy: 0.9429
2024-05-21 21:51:06,289 - mainlogger - INFO - ********************************************************************************
2024-05-21 21:51:57,198 - mainlogger - INFO - Epoch 32  5.234092116355896
2024-05-21 21:51:57,199 - mainlogger - INFO - ********************************************************************************
2024-05-21 21:52:48,600 - mainlogger - INFO - Epoch 33  5.498274065554142
2024-05-21 21:52:48,600 - mainlogger - INFO - ********************************************************************************
2024-05-21 21:53:39,079 - mainlogger - INFO - Epoch 34  5.119900926947594
2024-05-21 21:53:39,079 - mainlogger - INFO - ********************************************************************************
2024-05-21 21:54:29,383 - mainlogger - INFO - Epoch 35  4.933522507548332
2024-05-21 21:54:29,384 - mainlogger - INFO - ********************************************************************************
2024-05-21 21:55:19,387 - mainlogger - INFO - Epoch 36  4.731655541807413
2024-05-21 21:55:19,388 - mainlogger - INFO - ********************************************************************************
2024-05-21 21:56:09,865 - mainlogger - INFO - Epoch 37  5.003617379814386
2024-05-21 21:56:09,865 - mainlogger - INFO - ********************************************************************************
2024-05-21 21:57:00,389 - mainlogger - INFO - Epoch 38  5.272628456354141
2024-05-21 21:57:00,389 - mainlogger - INFO - ********************************************************************************
2024-05-21 21:57:50,908 - mainlogger - INFO - Epoch 39  4.952672176063061
2024-05-21 21:57:50,909 - mainlogger - INFO - ********************************************************************************
2024-05-21 21:58:41,279 - mainlogger - INFO - Epoch 40  4.703112527728081
2024-05-21 21:58:41,280 - mainlogger - INFO - ********************************************************************************
2024-05-21 21:59:30,901 - mainlogger - INFO - Epoch 41  4.832007568329573
2024-05-21 21:59:30,901 - mainlogger - INFO - train
2024-05-21 22:00:17,058 - mainlogger - INFO - Dice score: 0.7639
2024-05-21 22:00:17,058 - mainlogger - INFO - Accuracy: 0.942
2024-05-21 22:00:17,058 - mainlogger - INFO - test
2024-05-21 22:00:32,836 - mainlogger - INFO - Dice score: 0.6777
2024-05-21 22:00:32,836 - mainlogger - INFO - Accuracy: 0.9325
2024-05-21 22:00:32,837 - mainlogger - INFO - ********************************************************************************
2024-05-21 22:01:22,518 - mainlogger - INFO - Epoch 42  5.064953923225403
2024-05-21 22:01:22,519 - mainlogger - INFO - ********************************************************************************
2024-05-21 22:02:12,094 - mainlogger - INFO - Epoch 43  4.595707461237907
2024-05-21 22:02:12,095 - mainlogger - INFO - ********************************************************************************
2024-05-21 22:03:01,684 - mainlogger - INFO - Epoch 44  4.534610200673342
2024-05-21 22:03:01,684 - mainlogger - INFO - ********************************************************************************
2024-05-21 22:03:51,310 - mainlogger - INFO - Epoch 45  4.451467473059893
2024-05-21 22:03:51,310 - mainlogger - INFO - ********************************************************************************
2024-05-21 22:04:41,695 - mainlogger - INFO - Epoch 46  4.188892658799887
2024-05-21 22:04:41,696 - mainlogger - INFO - ********************************************************************************
2024-05-21 22:05:31,799 - mainlogger - INFO - Epoch 47  4.524630043655634
2024-05-21 22:05:31,800 - mainlogger - INFO - ********************************************************************************
2024-05-21 22:06:22,005 - mainlogger - INFO - valid
2024-05-21 22:06:38,529 - mainlogger - INFO - Dice score: 0.7442
2024-05-21 22:06:38,529 - mainlogger - INFO - Accuracy: 0.9492
2024-05-21 22:06:38,529 - mainlogger - INFO - test
2024-05-21 22:06:54,187 - mainlogger - INFO - Dice score: 0.7115
2024-05-21 22:06:54,188 - mainlogger - INFO - Accuracy: 0.9449
2024-05-21 22:06:54,188 - mainlogger - INFO - Epoch 48  4.667209070175886
2024-05-21 22:06:54,188 - mainlogger - INFO - ********************************************************************************
2024-05-21 22:07:44,975 - mainlogger - INFO - valid
2024-05-21 22:08:00,419 - mainlogger - INFO - Dice score: 0.7093
2024-05-21 22:08:00,419 - mainlogger - INFO - Accuracy: 0.9448
2024-05-21 22:08:00,419 - mainlogger - INFO - Epoch 49  4.278142765164375
2024-05-21 22:08:00,420 - mainlogger - INFO - ********************************************************************************
2024-05-21 22:08:50,802 - mainlogger - INFO - valid
2024-05-21 22:09:06,299 - mainlogger - INFO - Dice score: 0.7079
2024-05-21 22:09:06,299 - mainlogger - INFO - Accuracy: 0.9511
2024-05-21 22:09:06,299 - mainlogger - INFO - Epoch 50  4.290033966302872
2024-05-21 22:09:06,299 - mainlogger - INFO - ********************************************************************************
2024-05-21 22:09:56,496 - mainlogger - INFO - valid
2024-05-21 22:10:12,098 - mainlogger - INFO - Dice score: 0.7227
2024-05-21 22:10:12,098 - mainlogger - INFO - Accuracy: 0.9424
2024-05-21 22:10:12,098 - mainlogger - INFO - Epoch 51  3.9488196074962616
2024-05-21 22:10:12,098 - mainlogger - INFO - train
2024-05-21 22:10:59,454 - mainlogger - INFO - Dice score: 0.79
2024-05-21 22:10:59,454 - mainlogger - INFO - Accuracy: 0.9521
2024-05-21 22:10:59,454 - mainlogger - INFO - test
2024-05-21 22:11:15,233 - mainlogger - INFO - Dice score: 0.7195
2024-05-21 22:11:15,233 - mainlogger - INFO - Accuracy: 0.9478
2024-05-21 22:11:15,233 - mainlogger - INFO - ********************************************************************************
2024-05-21 22:12:06,503 - mainlogger - INFO - valid
2024-05-21 22:12:22,506 - mainlogger - INFO - Dice score: 0.671
2024-05-21 22:12:22,507 - mainlogger - INFO - Accuracy: 0.928
2024-05-21 22:12:22,507 - mainlogger - INFO - 0.001->0.00085
2024-05-21 22:12:22,507 - mainlogger - INFO - Epoch 52  3.89570003002882
2024-05-21 22:12:22,507 - mainlogger - INFO - ********************************************************************************
2024-05-21 22:13:12,682 - mainlogger - INFO - valid
2024-05-21 22:13:28,112 - mainlogger - INFO - Dice score: 0.6957
2024-05-21 22:13:28,112 - mainlogger - INFO - Accuracy: 0.9298
2024-05-21 22:13:28,113 - mainlogger - INFO - Epoch 53  4.098918814212084
2024-05-21 22:13:28,113 - mainlogger - INFO - ********************************************************************************
2024-05-21 22:14:18,403 - mainlogger - INFO - valid
2024-05-21 22:14:34,521 - mainlogger - INFO - Dice score: 0.7169
2024-05-21 22:14:34,521 - mainlogger - INFO - Accuracy: 0.942
2024-05-21 22:14:34,521 - mainlogger - INFO - Epoch 54  4.2072012685239315
2024-05-21 22:14:34,521 - mainlogger - INFO - ********************************************************************************
2024-05-21 22:15:25,697 - mainlogger - INFO - valid
2024-05-21 22:15:41,596 - mainlogger - INFO - Dice score: 0.724
2024-05-21 22:15:41,596 - mainlogger - INFO - Accuracy: 0.9466
2024-05-21 22:15:41,596 - mainlogger - INFO - Epoch 55  3.7563602924346924
2024-05-21 22:15:41,596 - mainlogger - INFO - ********************************************************************************
2024-05-21 22:16:32,096 - mainlogger - INFO - valid
2024-05-21 22:16:47,716 - mainlogger - INFO - Dice score: 0.7175
2024-05-21 22:16:47,716 - mainlogger - INFO - Accuracy: 0.9507
2024-05-21 22:16:47,717 - mainlogger - INFO - 0.00085->0.0007224999999999999
2024-05-21 22:16:47,717 - mainlogger - INFO - Epoch 56  3.835375539958477
2024-05-21 22:16:47,717 - mainlogger - INFO - ********************************************************************************
2024-05-21 22:17:38,488 - mainlogger - INFO - valid
2024-05-21 22:17:54,314 - mainlogger - INFO - Dice score: 0.7227
2024-05-21 22:17:54,315 - mainlogger - INFO - Accuracy: 0.9442
2024-05-21 22:17:54,315 - mainlogger - INFO - Epoch 57  3.7126051373779774
2024-05-21 22:17:54,315 - mainlogger - INFO - ********************************************************************************
2024-05-21 22:18:44,999 - mainlogger - INFO - valid
2024-05-21 22:19:00,877 - mainlogger - INFO - Dice score: 0.689
2024-05-21 22:19:00,878 - mainlogger - INFO - Accuracy: 0.9359
2024-05-21 22:19:00,878 - mainlogger - INFO - Epoch 58  3.6697736121714115
2024-05-21 22:19:00,878 - mainlogger - INFO - ********************************************************************************
2024-05-21 22:19:51,281 - mainlogger - INFO - valid
2024-05-21 22:20:07,225 - mainlogger - INFO - Dice score: 0.7422
2024-05-21 22:20:07,226 - mainlogger - INFO - Accuracy: 0.9486
2024-05-21 22:20:07,226 - mainlogger - INFO - Epoch 59  3.601513735949993
2024-05-21 22:20:07,226 - mainlogger - INFO - ********************************************************************************
2024-05-21 22:20:59,028 - mainlogger - INFO - valid
2024-05-21 22:21:14,608 - mainlogger - INFO - Dice score: 0.7421
2024-05-21 22:21:14,608 - mainlogger - INFO - Accuracy: 0.95
2024-05-21 22:21:14,609 - mainlogger - INFO - 0.0007224999999999999->0.000614125
2024-05-21 22:21:14,609 - mainlogger - INFO - Epoch 60  3.8858232349157333
2024-05-21 22:21:14,609 - mainlogger - INFO - ********************************************************************************
2024-05-21 22:22:05,877 - mainlogger - INFO - valid
2024-05-21 22:22:21,904 - mainlogger - INFO - Dice score: 0.7171
2024-05-21 22:22:21,904 - mainlogger - INFO - Accuracy: 0.9423
2024-05-21 22:22:21,904 - mainlogger - INFO - Epoch 61  3.3181224912405014
2024-05-21 22:22:21,904 - mainlogger - INFO - train
2024-05-21 22:23:09,291 - mainlogger - INFO - Dice score: 0.8241
2024-05-21 22:23:09,292 - mainlogger - INFO - Accuracy: 0.9598
2024-05-21 22:23:09,292 - mainlogger - INFO - test
2024-05-21 22:23:24,712 - mainlogger - INFO - Dice score: 0.7566
2024-05-21 22:23:24,712 - mainlogger - INFO - Accuracy: 0.9542
2024-05-21 22:23:24,712 - mainlogger - INFO - ********************************************************************************
2024-05-21 22:24:15,678 - mainlogger - INFO - valid
2024-05-21 22:24:31,425 - mainlogger - INFO - Dice score: 0.7063
2024-05-21 22:24:31,425 - mainlogger - INFO - Accuracy: 0.942
2024-05-21 22:24:31,425 - mainlogger - INFO - Epoch 62  3.275099515914917
2024-05-21 22:24:31,425 - mainlogger - INFO - ********************************************************************************
2024-05-21 22:25:22,276 - mainlogger - INFO - valid
2024-05-21 22:25:38,087 - mainlogger - INFO - Dice score: 0.6908
2024-05-21 22:25:38,087 - mainlogger - INFO - Accuracy: 0.9334
2024-05-21 22:25:38,087 - mainlogger - INFO - Epoch 63  3.2306303903460503
2024-05-21 22:25:38,087 - mainlogger - INFO - ********************************************************************************
2024-05-21 22:26:28,802 - mainlogger - INFO - valid
2024-05-21 22:26:44,709 - mainlogger - INFO - Dice score: 0.7295
2024-05-21 22:26:44,709 - mainlogger - INFO - Accuracy: 0.9453
2024-05-21 22:26:44,709 - mainlogger - INFO - 0.000614125->0.00052200625
2024-05-21 22:26:44,709 - mainlogger - INFO - Epoch 64  3.256656240671873
2024-05-21 22:26:44,709 - mainlogger - INFO - ********************************************************************************
2024-05-21 22:27:34,983 - mainlogger - INFO - valid
2024-05-21 22:27:50,701 - mainlogger - INFO - Dice score: 0.7274
2024-05-21 22:27:50,702 - mainlogger - INFO - Accuracy: 0.9456
2024-05-21 22:27:50,702 - mainlogger - INFO - Epoch 65  3.3916318267583847
2024-05-21 22:27:50,702 - mainlogger - INFO - ********************************************************************************
2024-05-21 22:28:41,816 - mainlogger - INFO - valid
2024-05-21 22:28:57,420 - mainlogger - INFO - Dice score: 0.7261
2024-05-21 22:28:57,420 - mainlogger - INFO - Accuracy: 0.9429
2024-05-21 22:28:57,420 - mainlogger - INFO - Epoch 66  3.262420389801264
2024-05-21 22:28:57,420 - mainlogger - INFO - ********************************************************************************
2024-05-21 22:29:48,885 - mainlogger - INFO - valid
2024-05-21 22:30:05,132 - mainlogger - INFO - Dice score: 0.7389
2024-05-21 22:30:05,132 - mainlogger - INFO - Accuracy: 0.9483
2024-05-21 22:30:05,133 - mainlogger - INFO - Epoch 67  3.1593027971684933
2024-05-21 22:30:05,133 - mainlogger - INFO - ********************************************************************************
2024-05-21 22:30:56,204 - mainlogger - INFO - valid
2024-05-21 22:31:11,639 - mainlogger - INFO - Dice score: 0.7373
2024-05-21 22:31:11,639 - mainlogger - INFO - Accuracy: 0.9484
2024-05-21 22:31:11,640 - mainlogger - INFO - 0.00052200625->0.00044370531249999997
2024-05-21 22:31:11,640 - mainlogger - INFO - Epoch 68  3.2348673827946186
2024-05-21 22:31:11,640 - mainlogger - INFO - ********************************************************************************
2024-05-21 22:32:02,214 - mainlogger - INFO - valid
2024-05-21 22:32:18,542 - mainlogger - INFO - Dice score: 0.7346
2024-05-21 22:32:18,542 - mainlogger - INFO - Accuracy: 0.9452
2024-05-21 22:32:18,542 - mainlogger - INFO - Epoch 69  3.028574526309967
2024-05-21 22:32:18,542 - mainlogger - INFO - ********************************************************************************
2024-05-21 22:33:10,606 - mainlogger - INFO - valid
2024-05-21 22:33:25,998 - mainlogger - INFO - Dice score: 0.7098
2024-05-21 22:33:25,998 - mainlogger - INFO - Accuracy: 0.9371
2024-05-21 22:33:25,998 - mainlogger - INFO - Epoch 70  3.0755064617842436
2024-05-21 22:33:25,999 - mainlogger - INFO - ********************************************************************************
2024-05-21 22:34:17,036 - mainlogger - INFO - valid
2024-05-21 22:34:32,579 - mainlogger - INFO - Dice score: 0.7353
2024-05-21 22:34:32,579 - mainlogger - INFO - Accuracy: 0.9431
2024-05-21 22:34:32,579 - mainlogger - INFO - Epoch 71  3.156554564833641
2024-05-21 22:34:32,579 - mainlogger - INFO - train
2024-05-21 22:35:19,945 - mainlogger - INFO - Dice score: 0.8367
2024-05-21 22:35:19,945 - mainlogger - INFO - Accuracy: 0.9609
2024-05-21 22:35:19,945 - mainlogger - INFO - test
2024-05-21 22:35:35,824 - mainlogger - INFO - Dice score: 0.7524
2024-05-21 22:35:35,825 - mainlogger - INFO - Accuracy: 0.9522
2024-05-21 22:35:35,825 - mainlogger - INFO - ********************************************************************************
2024-05-21 22:36:25,699 - mainlogger - INFO - valid
2024-05-21 22:36:41,004 - mainlogger - INFO - Dice score: 0.7445
2024-05-21 22:36:41,004 - mainlogger - INFO - Accuracy: 0.9512
2024-05-21 22:36:41,004 - mainlogger - INFO - test
2024-05-21 22:36:56,422 - mainlogger - INFO - Dice score: 0.7401
2024-05-21 22:36:56,422 - mainlogger - INFO - Accuracy: 0.9529
2024-05-21 22:36:56,422 - mainlogger - INFO - Epoch 72  2.9271700382232666
2024-05-21 22:36:56,422 - mainlogger - INFO - ********************************************************************************
2024-05-21 22:37:48,102 - mainlogger - INFO - valid
2024-05-21 22:38:03,611 - mainlogger - INFO - Dice score: 0.745
2024-05-21 22:38:03,611 - mainlogger - INFO - Accuracy: 0.9502
2024-05-21 22:38:03,611 - mainlogger - INFO - test
2024-05-21 22:38:19,217 - mainlogger - INFO - Dice score: 0.7545
2024-05-21 22:38:19,217 - mainlogger - INFO - Accuracy: 0.9535
2024-05-21 22:38:19,217 - mainlogger - INFO - Epoch 73  3.071832997724414
2024-05-21 22:38:19,217 - mainlogger - INFO - ********************************************************************************
2024-05-21 22:39:08,944 - mainlogger - INFO - valid
2024-05-21 22:39:25,126 - mainlogger - INFO - Dice score: 0.7231
2024-05-21 22:39:25,127 - mainlogger - INFO - Accuracy: 0.9453
2024-05-21 22:39:25,127 - mainlogger - INFO - Epoch 74  2.947588302195072
2024-05-21 22:39:25,127 - mainlogger - INFO - ********************************************************************************
2024-05-21 22:40:17,009 - mainlogger - INFO - valid
2024-05-21 22:40:33,322 - mainlogger - INFO - Dice score: 0.7357
2024-05-21 22:40:33,322 - mainlogger - INFO - Accuracy: 0.9471
2024-05-21 22:40:33,322 - mainlogger - INFO - Epoch 75  3.100413430482149
2024-05-21 22:40:33,322 - mainlogger - INFO - ********************************************************************************
2024-05-21 22:41:24,681 - mainlogger - INFO - valid
2024-05-21 22:41:40,218 - mainlogger - INFO - Dice score: 0.7491
2024-05-21 22:41:40,218 - mainlogger - INFO - Accuracy: 0.9494
2024-05-21 22:41:40,219 - mainlogger - INFO - test
2024-05-21 22:41:56,340 - mainlogger - INFO - Dice score: 0.7557
2024-05-21 22:41:56,340 - mainlogger - INFO - Accuracy: 0.9547
2024-05-21 22:41:56,340 - mainlogger - INFO - Epoch 76  2.895318828523159
2024-05-21 22:41:56,340 - mainlogger - INFO - ********************************************************************************
2024-05-21 22:42:47,089 - mainlogger - INFO - valid
2024-05-21 22:43:03,114 - mainlogger - INFO - Dice score: 0.7301
2024-05-21 22:43:03,114 - mainlogger - INFO - Accuracy: 0.9451
2024-05-21 22:43:03,115 - mainlogger - INFO - Epoch 77  2.943224623799324
2024-05-21 22:43:03,115 - mainlogger - INFO - ********************************************************************************
2024-05-21 22:43:52,794 - mainlogger - INFO - valid
2024-05-21 22:44:08,403 - mainlogger - INFO - Dice score: 0.7339
2024-05-21 22:44:08,403 - mainlogger - INFO - Accuracy: 0.9442
2024-05-21 22:44:08,403 - mainlogger - INFO - Epoch 78  2.976695992052555
2024-05-21 22:44:08,403 - mainlogger - INFO - ********************************************************************************
2024-05-21 22:44:59,711 - mainlogger - INFO - valid
2024-05-21 22:45:15,302 - mainlogger - INFO - Dice score: 0.7456
2024-05-21 22:45:15,302 - mainlogger - INFO - Accuracy: 0.9499
2024-05-21 22:45:15,302 - mainlogger - INFO - Epoch 79  2.7201562374830246
2024-05-21 22:45:15,303 - mainlogger - INFO - ********************************************************************************
2024-05-21 22:46:05,605 - mainlogger - INFO - valid
2024-05-21 22:46:21,306 - mainlogger - INFO - Dice score: 0.7271
2024-05-21 22:46:21,306 - mainlogger - INFO - Accuracy: 0.9431
2024-05-21 22:46:21,306 - mainlogger - INFO - 0.00044370531249999997->0.00037714951562499996
2024-05-21 22:46:21,306 - mainlogger - INFO - Epoch 80  2.8243418633937836
2024-05-21 22:46:21,306 - mainlogger - INFO - ********************************************************************************
2024-05-21 22:47:11,584 - mainlogger - INFO - valid
2024-05-21 22:47:26,898 - mainlogger - INFO - Dice score: 0.7031
2024-05-21 22:47:26,899 - mainlogger - INFO - Accuracy: 0.9361
2024-05-21 22:47:26,899 - mainlogger - INFO - Epoch 81  2.6772967875003815
2024-05-21 22:47:26,899 - mainlogger - INFO - train
2024-05-21 22:48:13,890 - mainlogger - INFO - Dice score: 0.8521
2024-05-21 22:48:13,890 - mainlogger - INFO - Accuracy: 0.9648
2024-05-21 22:48:13,890 - mainlogger - INFO - test
2024-05-21 22:48:29,611 - mainlogger - INFO - Dice score: 0.746
2024-05-21 22:48:29,611 - mainlogger - INFO - Accuracy: 0.95
2024-05-21 22:48:29,611 - mainlogger - INFO - ********************************************************************************
2024-05-21 22:49:21,405 - mainlogger - INFO - valid
2024-05-21 22:49:37,218 - mainlogger - INFO - Dice score: 0.7154
2024-05-21 22:49:37,219 - mainlogger - INFO - Accuracy: 0.9415
2024-05-21 22:49:37,219 - mainlogger - INFO - Epoch 82  2.657499637454748
2024-05-21 22:49:37,219 - mainlogger - INFO - ********************************************************************************
2024-05-21 22:50:28,490 - mainlogger - INFO - valid
2024-05-21 22:50:44,310 - mainlogger - INFO - Dice score: 0.722
2024-05-21 22:50:44,311 - mainlogger - INFO - Accuracy: 0.9425
2024-05-21 22:50:44,311 - mainlogger - INFO - Epoch 83  2.769534630700946
2024-05-21 22:50:44,311 - mainlogger - INFO - ********************************************************************************
2024-05-21 22:51:34,981 - mainlogger - INFO - valid
2024-05-21 22:51:50,496 - mainlogger - INFO - Dice score: 0.7097
2024-05-21 22:51:50,497 - mainlogger - INFO - Accuracy: 0.9397
2024-05-21 22:51:50,497 - mainlogger - INFO - 0.00037714951562499996->0.00032057708828124994
2024-05-21 22:51:50,497 - mainlogger - INFO - Epoch 84  2.5694273076951504
2024-05-21 22:51:50,497 - mainlogger - INFO - ********************************************************************************
2024-05-21 22:52:41,622 - mainlogger - INFO - valid
2024-05-21 22:52:57,595 - mainlogger - INFO - Dice score: 0.7259
2024-05-21 22:52:57,595 - mainlogger - INFO - Accuracy: 0.9421
2024-05-21 22:52:57,595 - mainlogger - INFO - Epoch 85  2.5761846248060465
2024-05-21 22:52:57,595 - mainlogger - INFO - ********************************************************************************
2024-05-21 22:53:49,678 - mainlogger - INFO - valid
2024-05-21 22:54:05,406 - mainlogger - INFO - Dice score: 0.7361
2024-05-21 22:54:05,406 - mainlogger - INFO - Accuracy: 0.946
2024-05-21 22:54:05,406 - mainlogger - INFO - Epoch 86  2.373276386409998
2024-05-21 22:54:05,406 - mainlogger - INFO - ********************************************************************************
2024-05-21 22:54:57,008 - mainlogger - INFO - valid
2024-05-21 22:55:12,500 - mainlogger - INFO - Dice score: 0.721
2024-05-21 22:55:12,500 - mainlogger - INFO - Accuracy: 0.9416
2024-05-21 22:55:12,500 - mainlogger - INFO - Epoch 87  2.43208097666502
2024-05-21 22:55:12,500 - mainlogger - INFO - ********************************************************************************
2024-05-21 22:56:03,905 - mainlogger - INFO - valid
2024-05-21 22:56:19,411 - mainlogger - INFO - Dice score: 0.7433
2024-05-21 22:56:19,412 - mainlogger - INFO - Accuracy: 0.9485
2024-05-21 22:56:19,412 - mainlogger - INFO - 0.00032057708828124994->0.0002724905250390624
2024-05-21 22:56:19,412 - mainlogger - INFO - Epoch 88  2.617223460227251
2024-05-21 22:56:19,412 - mainlogger - INFO - ********************************************************************************
2024-05-21 22:57:09,589 - mainlogger - INFO - valid
2024-05-21 22:57:25,112 - mainlogger - INFO - Dice score: 0.7301
2024-05-21 22:57:25,112 - mainlogger - INFO - Accuracy: 0.9408
2024-05-21 22:57:25,112 - mainlogger - INFO - Epoch 89  2.44369893707335
2024-05-21 22:57:25,112 - mainlogger - INFO - ********************************************************************************
2024-05-21 22:58:16,774 - mainlogger - INFO - valid
2024-05-21 22:58:32,603 - mainlogger - INFO - Dice score: 0.7369
2024-05-21 22:58:32,603 - mainlogger - INFO - Accuracy: 0.9458
2024-05-21 22:58:32,604 - mainlogger - INFO - Epoch 90  2.514785861596465
2024-05-21 22:58:32,604 - mainlogger - INFO - ********************************************************************************
2024-05-21 22:59:24,178 - mainlogger - INFO - valid
2024-05-21 22:59:39,712 - mainlogger - INFO - Dice score: 0.7212
2024-05-21 22:59:39,712 - mainlogger - INFO - Accuracy: 0.9426
2024-05-21 22:59:39,712 - mainlogger - INFO - Epoch 91  2.3815476205199957
2024-05-21 22:59:39,712 - mainlogger - INFO - train
2024-05-21 23:00:28,170 - mainlogger - INFO - Dice score: 0.8782
2024-05-21 23:00:28,171 - mainlogger - INFO - Accuracy: 0.9712
2024-05-21 23:00:28,171 - mainlogger - INFO - test
2024-05-21 23:00:44,005 - mainlogger - INFO - Dice score: 0.7689
2024-05-21 23:00:44,005 - mainlogger - INFO - Accuracy: 0.9565
2024-05-21 23:00:44,005 - mainlogger - INFO - ********************************************************************************
2024-05-21 23:01:34,354 - mainlogger - INFO - valid
2024-05-21 23:01:50,219 - mainlogger - INFO - Dice score: 0.7461
2024-05-21 23:01:50,219 - mainlogger - INFO - Accuracy: 0.9498
2024-05-21 23:01:50,219 - mainlogger - INFO - 0.0002724905250390624->0.00023161694628320305
2024-05-21 23:01:50,219 - mainlogger - INFO - Epoch 92  2.3429615702480078
2024-05-21 23:01:50,220 - mainlogger - INFO - ********************************************************************************
2024-05-21 23:02:41,199 - mainlogger - INFO - valid
2024-05-21 23:02:56,709 - mainlogger - INFO - Dice score: 0.75
2024-05-21 23:02:56,709 - mainlogger - INFO - Accuracy: 0.9498
2024-05-21 23:02:56,709 - mainlogger - INFO - test
2024-05-21 23:03:12,320 - mainlogger - INFO - Dice score: 0.7533
2024-05-21 23:03:12,320 - mainlogger - INFO - Accuracy: 0.9537
2024-05-21 23:03:12,320 - mainlogger - INFO - Epoch 93  2.206940960139036
2024-05-21 23:03:12,320 - mainlogger - INFO - ********************************************************************************
2024-05-21 23:04:03,379 - mainlogger - INFO - valid
2024-05-21 23:04:19,000 - mainlogger - INFO - Dice score: 0.7443
2024-05-21 23:04:19,000 - mainlogger - INFO - Accuracy: 0.948
2024-05-21 23:04:19,000 - mainlogger - INFO - Epoch 94  2.3362212870270014
2024-05-21 23:04:19,000 - mainlogger - INFO - ********************************************************************************
2024-05-21 23:05:10,177 - mainlogger - INFO - valid
2024-05-21 23:05:26,122 - mainlogger - INFO - Dice score: 0.7277
2024-05-21 23:05:26,122 - mainlogger - INFO - Accuracy: 0.9458
2024-05-21 23:05:26,123 - mainlogger - INFO - Epoch 95  2.2752956431359053
2024-05-21 23:05:26,123 - mainlogger - INFO - ********************************************************************************
2024-05-21 23:06:17,611 - mainlogger - INFO - valid
2024-05-21 23:06:33,344 - mainlogger - INFO - Dice score: 0.7278
2024-05-21 23:06:33,344 - mainlogger - INFO - Accuracy: 0.9455
2024-05-21 23:06:33,344 - mainlogger - INFO - Epoch 96  2.138578137382865
2024-05-21 23:06:33,344 - mainlogger - INFO - ********************************************************************************
2024-05-21 23:07:25,404 - mainlogger - INFO - valid
2024-05-21 23:07:41,527 - mainlogger - INFO - Dice score: 0.7283
2024-05-21 23:07:41,527 - mainlogger - INFO - Accuracy: 0.9433
2024-05-21 23:07:41,528 - mainlogger - INFO - 0.00023161694628320305->0.0001968744043407226
2024-05-21 23:07:41,528 - mainlogger - INFO - Epoch 97  2.291013875976205
2024-05-21 23:07:41,528 - mainlogger - INFO - ********************************************************************************
2024-05-21 23:08:31,978 - mainlogger - INFO - valid
2024-05-21 23:08:47,550 - mainlogger - INFO - Dice score: 0.7235
2024-05-21 23:08:47,550 - mainlogger - INFO - Accuracy: 0.9448
2024-05-21 23:08:47,550 - mainlogger - INFO - Epoch 98  2.241837115958333
2024-05-21 23:08:47,550 - mainlogger - INFO - ********************************************************************************
2024-05-21 23:09:37,286 - mainlogger - INFO - valid
2024-05-21 23:09:53,524 - mainlogger - INFO - Dice score: 0.7364
2024-05-21 23:09:53,525 - mainlogger - INFO - Accuracy: 0.9484
2024-05-21 23:09:53,525 - mainlogger - INFO - Epoch 99  2.167347153648734
2024-05-21 23:09:53,525 - mainlogger - INFO - ********************************************************************************
2024-05-21 23:10:44,884 - mainlogger - INFO - valid
2024-05-21 23:11:00,916 - mainlogger - INFO - Dice score: 0.729
2024-05-21 23:11:00,917 - mainlogger - INFO - Accuracy: 0.9434
2024-05-21 23:11:00,917 - mainlogger - INFO - Epoch 100  2.0641103852540255
2024-05-21 23:11:00,917 - mainlogger - INFO - ********************************************************************************
2024-05-21 23:11:50,892 - mainlogger - INFO - valid
2024-05-21 23:12:06,203 - mainlogger - INFO - Dice score: 0.7231
2024-05-21 23:12:06,203 - mainlogger - INFO - Accuracy: 0.9408
2024-05-21 23:12:06,204 - mainlogger - INFO - 0.0001968744043407226->0.0001673432436896142
2024-05-21 23:12:06,204 - mainlogger - INFO - Epoch 101  2.2091234624385834
2024-05-21 23:12:06,204 - mainlogger - INFO - train
2024-05-21 23:12:52,130 - mainlogger - INFO - Dice score: 0.8901
2024-05-21 23:12:52,130 - mainlogger - INFO - Accuracy: 0.9728
2024-05-21 23:12:52,130 - mainlogger - INFO - test
2024-05-21 23:13:07,608 - mainlogger - INFO - Dice score: 0.7646
2024-05-21 23:13:07,608 - mainlogger - INFO - Accuracy: 0.9532
2024-05-21 23:13:07,608 - mainlogger - INFO - ********************************************************************************
2024-05-21 23:13:57,402 - mainlogger - INFO - valid
2024-05-21 23:14:13,218 - mainlogger - INFO - Dice score: 0.7354
2024-05-21 23:14:13,218 - mainlogger - INFO - Accuracy: 0.9448
2024-05-21 23:14:13,218 - mainlogger - INFO - Epoch 102  2.306283300742507
2024-05-21 23:14:13,218 - mainlogger - INFO - ********************************************************************************
2024-05-21 23:15:04,411 - mainlogger - INFO - valid
2024-05-21 23:15:19,903 - mainlogger - INFO - Dice score: 0.73
2024-05-21 23:15:19,903 - mainlogger - INFO - Accuracy: 0.9455
2024-05-21 23:15:19,903 - mainlogger - INFO - Epoch 103  2.0654101464897394
2024-05-21 23:15:19,903 - mainlogger - INFO - ********************************************************************************
2024-05-21 23:16:11,117 - mainlogger - INFO - valid
2024-05-21 23:16:27,116 - mainlogger - INFO - Dice score: 0.7396
2024-05-21 23:16:27,116 - mainlogger - INFO - Accuracy: 0.9485
2024-05-21 23:16:27,116 - mainlogger - INFO - Epoch 104  2.0164924059063196
2024-05-21 23:16:27,116 - mainlogger - INFO - ********************************************************************************
2024-05-21 23:17:16,705 - mainlogger - INFO - valid
2024-05-21 23:17:32,112 - mainlogger - INFO - Dice score: 0.7364
2024-05-21 23:17:32,112 - mainlogger - INFO - Accuracy: 0.9445
2024-05-21 23:17:32,112 - mainlogger - INFO - 0.0001673432436896142->0.00014224175713617207
2024-05-21 23:17:32,112 - mainlogger - INFO - Epoch 105  2.0402656085789204
2024-05-21 23:17:32,113 - mainlogger - INFO - ********************************************************************************
2024-05-21 23:18:22,339 - mainlogger - INFO - valid
2024-05-21 23:18:37,688 - mainlogger - INFO - Dice score: 0.7388
2024-05-21 23:18:37,689 - mainlogger - INFO - Accuracy: 0.9474
2024-05-21 23:18:37,689 - mainlogger - INFO - Epoch 106  2.140368051826954
2024-05-21 23:18:37,689 - mainlogger - INFO - ********************************************************************************
2024-05-21 23:19:27,575 - mainlogger - INFO - valid
2024-05-21 23:19:43,315 - mainlogger - INFO - Dice score: 0.7461
2024-05-21 23:19:43,315 - mainlogger - INFO - Accuracy: 0.9491
2024-05-21 23:19:43,315 - mainlogger - INFO - Epoch 107  2.0048154573887587
2024-05-21 23:19:43,315 - mainlogger - INFO - ********************************************************************************
2024-05-21 23:20:33,312 - mainlogger - INFO - valid
2024-05-21 23:20:49,815 - mainlogger - INFO - Dice score: 0.7375
2024-05-21 23:20:49,815 - mainlogger - INFO - Accuracy: 0.9462
2024-05-21 23:20:49,815 - mainlogger - INFO - Epoch 108  1.9901092816144228
2024-05-21 23:20:49,815 - mainlogger - INFO - ********************************************************************************
2024-05-21 23:21:41,514 - mainlogger - INFO - valid
2024-05-21 23:21:57,320 - mainlogger - INFO - Dice score: 0.7258
2024-05-21 23:21:57,320 - mainlogger - INFO - Accuracy: 0.9431
2024-05-21 23:21:57,320 - mainlogger - INFO - 0.00014224175713617207->0.00012090549356574625
2024-05-21 23:21:57,320 - mainlogger - INFO - Epoch 109  1.9772702809423208
2024-05-21 23:21:57,320 - mainlogger - INFO - ********************************************************************************
2024-05-21 23:22:48,276 - mainlogger - INFO - valid
2024-05-21 23:23:04,000 - mainlogger - INFO - Dice score: 0.7248
2024-05-21 23:23:04,000 - mainlogger - INFO - Accuracy: 0.9411
2024-05-21 23:23:04,001 - mainlogger - INFO - Epoch 110  1.9459718652069569
2024-05-21 23:23:04,001 - mainlogger - INFO - ********************************************************************************
2024-05-21 23:23:54,372 - mainlogger - INFO - valid
2024-05-21 23:24:09,837 - mainlogger - INFO - Dice score: 0.7327
2024-05-21 23:24:09,837 - mainlogger - INFO - Accuracy: 0.9442
2024-05-21 23:24:09,837 - mainlogger - INFO - Epoch 111  1.9720688536763191
2024-05-21 23:24:09,837 - mainlogger - INFO - train
2024-05-21 23:24:57,334 - mainlogger - INFO - Dice score: 0.9053
2024-05-21 23:24:57,334 - mainlogger - INFO - Accuracy: 0.9769
2024-05-21 23:24:57,334 - mainlogger - INFO - test
2024-05-21 23:25:13,047 - mainlogger - INFO - Dice score: 0.7667
2024-05-21 23:25:13,047 - mainlogger - INFO - Accuracy: 0.9552
2024-05-21 23:25:13,047 - mainlogger - INFO - ********************************************************************************
2024-05-21 23:26:04,488 - mainlogger - INFO - valid
2024-05-21 23:26:20,130 - mainlogger - INFO - Dice score: 0.7256
2024-05-21 23:26:20,131 - mainlogger - INFO - Accuracy: 0.9427
2024-05-21 23:26:20,131 - mainlogger - INFO - Epoch 112  1.9726629499346018
2024-05-21 23:26:20,131 - mainlogger - INFO - ********************************************************************************
2024-05-21 23:27:11,195 - mainlogger - INFO - valid
2024-05-21 23:27:26,535 - mainlogger - INFO - Dice score: 0.7385
2024-05-21 23:27:26,535 - mainlogger - INFO - Accuracy: 0.9475
2024-05-21 23:27:26,536 - mainlogger - INFO - 0.00012090549356574625->0.00010276966953088431
2024-05-21 23:27:26,536 - mainlogger - INFO - Epoch 113  1.946397677063942
2024-05-21 23:27:26,536 - mainlogger - INFO - ********************************************************************************
2024-05-21 23:28:15,898 - mainlogger - INFO - valid
2024-05-21 23:28:32,018 - mainlogger - INFO - Dice score: 0.7411
2024-05-21 23:28:32,018 - mainlogger - INFO - Accuracy: 0.9471
2024-05-21 23:28:32,018 - mainlogger - INFO - Epoch 114  1.9541316702961922
2024-05-21 23:28:32,018 - mainlogger - INFO - ********************************************************************************
2024-05-21 23:29:22,968 - mainlogger - INFO - valid
2024-05-21 23:29:39,075 - mainlogger - INFO - Dice score: 0.7426
2024-05-21 23:29:39,075 - mainlogger - INFO - Accuracy: 0.9475
2024-05-21 23:29:39,076 - mainlogger - INFO - Epoch 115  1.8013648111373186
2024-05-21 23:29:39,076 - mainlogger - INFO - ********************************************************************************
2024-05-21 23:30:29,199 - mainlogger - INFO - valid
2024-05-21 23:30:44,819 - mainlogger - INFO - Dice score: 0.7427
2024-05-21 23:30:44,819 - mainlogger - INFO - Accuracy: 0.9478
2024-05-21 23:30:44,819 - mainlogger - INFO - Epoch 116  1.8734482247382402
2024-05-21 23:30:44,819 - mainlogger - INFO - ********************************************************************************
2024-05-21 23:31:34,981 - mainlogger - INFO - valid
2024-05-21 23:31:50,890 - mainlogger - INFO - Dice score: 0.7289
2024-05-21 23:31:50,891 - mainlogger - INFO - Accuracy: 0.9443
2024-05-21 23:31:50,891 - mainlogger - INFO - 0.00010276966953088431->8.735421910125166e-05
2024-05-21 23:31:50,891 - mainlogger - INFO - Epoch 117  1.8483804911375046
2024-05-21 23:31:50,891 - mainlogger - INFO - ********************************************************************************
2024-05-21 23:32:41,581 - mainlogger - INFO - valid
2024-05-21 23:32:56,797 - mainlogger - INFO - Dice score: 0.739
2024-05-21 23:32:56,798 - mainlogger - INFO - Accuracy: 0.9475
2024-05-21 23:32:56,798 - mainlogger - INFO - Epoch 118  1.9461107589304447
2024-05-21 23:32:56,798 - mainlogger - INFO - ********************************************************************************
2024-05-21 23:33:47,402 - mainlogger - INFO - valid
2024-05-21 23:34:03,412 - mainlogger - INFO - Dice score: 0.7467
2024-05-21 23:34:03,413 - mainlogger - INFO - Accuracy: 0.949
2024-05-21 23:34:03,413 - mainlogger - INFO - Epoch 119  1.9754763543605804
2024-05-21 23:34:03,413 - mainlogger - INFO - train
2024-05-21 23:34:51,778 - mainlogger - INFO - Dice score: 0.9082
2024-05-21 23:34:51,778 - mainlogger - INFO - Accuracy: 0.978
2024-05-21 23:34:51,778 - mainlogger - INFO - test
2024-05-21 23:35:08,240 - mainlogger - INFO - Dice score: 0.7532
2024-05-21 23:35:08,240 - mainlogger - INFO - Accuracy: 0.954
2024-05-21 23:35:08,241 - mainlogger - INFO - ********************************************************************************
2024-05-21 23:35:08,242 - mainlogger - INFO - (115, 119)
2024-05-21 23:35:08,242 - mainlogger - INFO - 0.7399703263934694
