2024-05-23 15:47:28,152 - mainlogger - INFO - 39845
2024-05-23 15:47:28,153 - mainlogger - INFO - <class '__main__.UniversegClaPipeline'>
2024-05-23 15:47:28,153 - mainlogger - INFO - full/res_stack_se/leaky_relu_cla.yaml
2024-05-23 15:47:28,153 - mainlogger - INFO - {'desc': '学习率调大10倍，模型减小为单层', 'batch_size': 8, 'epochs': 100, 'k': 2, 'test_k': 2, 'init': True, 'debug': True, 'root_dir': '/Dataset_BUSI', 'model': {'name': 'universeg_res.universeg.UniverSeg', 'args': {'channels': [64, 128, 256, 512, 512], 'num_layers': [1, 1, 1, 1, 1], 'in_channels': [1, 2], 'init': True, 'act': 'LeakyReLU'}}, 'trainset': {'name': 'datasetBUSI.mask_busi_single.MaskBUSISingle', 'args': {'root_dir': '/Dataset_BUSI', 'image_names_path': 'labeled_all.txt', 'mode': 'train'}}, 'testset': {'name': 'datasetBUSI.mask_busi_cla.MaskBUSICla', 'args': {'root_dir': '/Dataset_BUSI', 'image_names_path': 'test.txt', 'mode': 'test'}}, 'validset': {'name': 'datasetBUSI.mask_busi_cla.MaskBUSICla', 'args': {'root_dir': '/Dataset_BUSI', 'image_names_path': 'val.txt', 'mode': 'test'}}, 'criterion': {'name': 'spgutils.focalloss.BinaryFocalLoss', 'args': {'gamma': 1}}, 'optimizer': {'name': 'torch.optim.Adam', 'args': {'lr': 0.001}}, 'scheduler': {'name': 'torch.optim.lr_scheduler.ReduceLROnPlateau', 'args': {'mode': 'max', 'factor': 0.85, 'patience': 3}}}
2024-05-23 15:47:28,155 - mainlogger - INFO - 39.82969093322754
2024-05-23 15:47:28,162 - mainlogger - INFO - init with leaky_relu
2024-05-23 15:48:03,975 - mainlogger - INFO - Epoch 0  16.310283839702606
2024-05-23 15:48:03,976 - mainlogger - INFO - ********************************************************************************
2024-05-23 15:48:29,109 - mainlogger - INFO - Epoch 1  15.160779386758804
2024-05-23 15:48:29,110 - mainlogger - INFO - ********************************************************************************
2024-05-23 15:48:51,097 - mainlogger - INFO - Epoch 2  14.173169270157814
2024-05-23 15:48:51,097 - mainlogger - INFO - ********************************************************************************
2024-05-23 15:49:14,332 - mainlogger - INFO - Epoch 3  13.512970626354218
2024-05-23 15:49:14,332 - mainlogger - INFO - ********************************************************************************
2024-05-23 15:49:38,213 - mainlogger - INFO - Epoch 4  13.654570817947388
2024-05-23 15:49:38,214 - mainlogger - INFO - ********************************************************************************
2024-05-23 15:50:00,268 - mainlogger - INFO - Epoch 5  12.508722603321075
2024-05-23 15:50:00,268 - mainlogger - INFO - ********************************************************************************
2024-05-23 15:50:25,143 - mainlogger - INFO - Epoch 6  11.624940946698189
2024-05-23 15:50:25,143 - mainlogger - INFO - ********************************************************************************
2024-05-23 15:50:49,403 - mainlogger - INFO - Epoch 7  11.385057926177979
2024-05-23 15:50:49,404 - mainlogger - INFO - ********************************************************************************
2024-05-23 15:51:13,902 - mainlogger - INFO - Epoch 8  10.696537643671036
2024-05-23 15:51:13,902 - mainlogger - INFO - ********************************************************************************
2024-05-23 15:51:38,343 - mainlogger - INFO - Epoch 9  10.40124323964119
2024-05-23 15:51:38,344 - mainlogger - INFO - ********************************************************************************
2024-05-23 15:52:03,001 - mainlogger - INFO - Epoch 10  9.921006828546524
2024-05-23 15:52:03,002 - mainlogger - INFO - ********************************************************************************
2024-05-23 15:52:25,806 - mainlogger - INFO - Epoch 11  9.151630088686943
2024-05-23 15:52:25,806 - mainlogger - INFO - ********************************************************************************
2024-05-23 15:52:50,562 - mainlogger - INFO - Epoch 12  8.855781733989716
2024-05-23 15:52:50,563 - mainlogger - INFO - ********************************************************************************
2024-05-23 15:53:13,736 - mainlogger - INFO - Epoch 13  8.767899423837662
2024-05-23 15:53:13,737 - mainlogger - INFO - ********************************************************************************
2024-05-23 15:53:35,434 - mainlogger - INFO - Epoch 14  8.283720329403877
2024-05-23 15:53:35,434 - mainlogger - INFO - ********************************************************************************
2024-05-23 15:54:00,044 - mainlogger - INFO - Epoch 15  7.942711316049099
2024-05-23 15:54:00,044 - mainlogger - INFO - ********************************************************************************
2024-05-23 15:54:24,296 - mainlogger - INFO - Epoch 16  7.837578132748604
2024-05-23 15:54:24,297 - mainlogger - INFO - ********************************************************************************
2024-05-23 15:54:50,219 - mainlogger - INFO - Epoch 17  7.617414928972721
2024-05-23 15:54:50,220 - mainlogger - INFO - ********************************************************************************
2024-05-23 15:55:17,128 - mainlogger - INFO - Epoch 18  7.216447830200195
2024-05-23 15:55:17,129 - mainlogger - INFO - ********************************************************************************
2024-05-23 15:55:43,217 - mainlogger - INFO - Epoch 19  6.98354808986187
2024-05-23 15:55:43,217 - mainlogger - INFO - ********************************************************************************
2024-05-23 15:56:05,996 - mainlogger - INFO - Epoch 20  7.014350563287735
2024-05-23 15:56:05,996 - mainlogger - INFO - ********************************************************************************
2024-05-23 15:56:27,334 - mainlogger - INFO - Epoch 21  6.339516073465347
2024-05-23 15:56:27,334 - mainlogger - INFO - ********************************************************************************
2024-05-23 15:56:51,969 - mainlogger - INFO - Epoch 22  6.378795221447945
2024-05-23 15:56:51,969 - mainlogger - INFO - ********************************************************************************
2024-05-23 15:57:17,229 - mainlogger - INFO - Epoch 23  6.579140022397041
2024-05-23 15:57:17,230 - mainlogger - INFO - ********************************************************************************
2024-05-23 15:57:42,850 - mainlogger - INFO - Epoch 24  6.33206931501627
2024-05-23 15:57:42,850 - mainlogger - INFO - ********************************************************************************
2024-05-23 15:58:07,519 - mainlogger - INFO - Epoch 25  6.204494304955006
2024-05-23 15:58:07,519 - mainlogger - INFO - ********************************************************************************
2024-05-23 15:58:30,115 - mainlogger - INFO - Epoch 26  6.156591147184372
2024-05-23 15:58:30,115 - mainlogger - INFO - ********************************************************************************
2024-05-23 15:58:51,971 - mainlogger - INFO - Epoch 27  5.8282855078577995
2024-05-23 15:58:51,971 - mainlogger - INFO - ********************************************************************************
2024-05-23 15:59:15,785 - mainlogger - INFO - Epoch 28  5.740823656320572
2024-05-23 15:59:15,785 - mainlogger - INFO - ********************************************************************************
2024-05-23 15:59:39,412 - mainlogger - INFO - Epoch 29  5.542050078511238
2024-05-23 15:59:39,412 - mainlogger - INFO - ********************************************************************************
2024-05-23 16:00:04,448 - mainlogger - INFO - Epoch 30  5.509239062666893
2024-05-23 16:00:04,449 - mainlogger - INFO - valid
2024-05-23 16:00:12,862 - mainlogger - INFO - 0
2024-05-23 16:00:12,863 - mainlogger - INFO - Dice score: 0.6977
2024-05-23 16:00:12,863 - mainlogger - INFO - Accuracy: 0.9595
2024-05-23 16:00:12,863 - mainlogger - INFO - 1
2024-05-23 16:00:12,863 - mainlogger - INFO - Dice score: 0.7006
2024-05-23 16:00:12,863 - mainlogger - INFO - Accuracy: 0.9045
2024-05-23 16:00:12,868 - mainlogger - DEBUG - test
2024-05-23 16:00:21,287 - mainlogger - INFO - 0
2024-05-23 16:00:21,288 - mainlogger - INFO - Dice score: 0.6777
2024-05-23 16:00:21,288 - mainlogger - INFO - Accuracy: 0.9534
2024-05-23 16:00:21,288 - mainlogger - INFO - 1
2024-05-23 16:00:21,288 - mainlogger - INFO - Dice score: 0.705
2024-05-23 16:00:21,288 - mainlogger - INFO - Accuracy: 0.9135
2024-05-23 16:00:21,296 - mainlogger - INFO - ********************************************************************************
2024-05-23 16:00:46,950 - mainlogger - INFO - Epoch 31  5.582169227302074
2024-05-23 16:00:46,951 - mainlogger - INFO - valid
2024-05-23 16:00:54,569 - mainlogger - INFO - 0
2024-05-23 16:00:54,569 - mainlogger - INFO - Dice score: 0.5873
2024-05-23 16:00:54,569 - mainlogger - INFO - Accuracy: 0.9365
2024-05-23 16:00:54,569 - mainlogger - INFO - 1
2024-05-23 16:00:54,569 - mainlogger - INFO - Dice score: 0.6271
2024-05-23 16:00:54,569 - mainlogger - INFO - Accuracy: 0.8747
2024-05-23 16:00:54,574 - mainlogger - DEBUG - test
2024-05-23 16:01:02,112 - mainlogger - INFO - 0
2024-05-23 16:01:02,112 - mainlogger - INFO - Dice score: 0.553
2024-05-23 16:01:02,112 - mainlogger - INFO - Accuracy: 0.927
2024-05-23 16:01:02,112 - mainlogger - INFO - 1
2024-05-23 16:01:02,113 - mainlogger - INFO - Dice score: 0.6359
2024-05-23 16:01:02,113 - mainlogger - INFO - Accuracy: 0.8826
2024-05-23 16:01:02,113 - mainlogger - INFO - ********************************************************************************
2024-05-23 16:01:26,926 - mainlogger - INFO - Epoch 32  5.551867924630642
2024-05-23 16:01:26,927 - mainlogger - INFO - valid
2024-05-23 16:01:33,811 - mainlogger - INFO - 0
2024-05-23 16:01:33,811 - mainlogger - INFO - Dice score: 0.6887
2024-05-23 16:01:33,811 - mainlogger - INFO - Accuracy: 0.9553
2024-05-23 16:01:33,811 - mainlogger - INFO - 1
2024-05-23 16:01:33,811 - mainlogger - INFO - Dice score: 0.7021
2024-05-23 16:01:33,811 - mainlogger - INFO - Accuracy: 0.8994
2024-05-23 16:01:33,811 - mainlogger - DEBUG - test
2024-05-23 16:01:39,254 - mainlogger - INFO - 0
2024-05-23 16:01:39,254 - mainlogger - INFO - Dice score: 0.6489
2024-05-23 16:01:39,254 - mainlogger - INFO - Accuracy: 0.941
2024-05-23 16:01:39,255 - mainlogger - INFO - 1
2024-05-23 16:01:39,255 - mainlogger - INFO - Dice score: 0.7013
2024-05-23 16:01:39,255 - mainlogger - INFO - Accuracy: 0.9145
2024-05-23 16:01:39,255 - mainlogger - INFO - ********************************************************************************
2024-05-23 16:02:02,503 - mainlogger - INFO - Epoch 33  5.114833779633045
2024-05-23 16:02:02,504 - mainlogger - INFO - valid
2024-05-23 16:02:09,072 - mainlogger - INFO - 0
2024-05-23 16:02:09,072 - mainlogger - INFO - Dice score: 0.7073
2024-05-23 16:02:09,072 - mainlogger - INFO - Accuracy: 0.9611
2024-05-23 16:02:09,072 - mainlogger - INFO - 1
2024-05-23 16:02:09,072 - mainlogger - INFO - Dice score: 0.6981
2024-05-23 16:02:09,072 - mainlogger - INFO - Accuracy: 0.9024
2024-05-23 16:02:09,075 - mainlogger - DEBUG - test
2024-05-23 16:02:14,847 - mainlogger - INFO - 0
2024-05-23 16:02:14,847 - mainlogger - INFO - Dice score: 0.6906
2024-05-23 16:02:14,847 - mainlogger - INFO - Accuracy: 0.9538
2024-05-23 16:02:14,847 - mainlogger - INFO - 1
2024-05-23 16:02:14,847 - mainlogger - INFO - Dice score: 0.6589
2024-05-23 16:02:14,847 - mainlogger - INFO - Accuracy: 0.9033
2024-05-23 16:02:14,847 - mainlogger - INFO - ********************************************************************************
2024-05-23 16:02:35,310 - mainlogger - INFO - Epoch 34  4.99081526696682
2024-05-23 16:02:35,311 - mainlogger - INFO - valid
2024-05-23 16:02:41,953 - mainlogger - INFO - 0
2024-05-23 16:02:41,953 - mainlogger - INFO - Dice score: 0.7312
2024-05-23 16:02:41,953 - mainlogger - INFO - Accuracy: 0.9607
2024-05-23 16:02:41,953 - mainlogger - INFO - 1
2024-05-23 16:02:41,953 - mainlogger - INFO - Dice score: 0.6926
2024-05-23 16:02:41,953 - mainlogger - INFO - Accuracy: 0.8944
2024-05-23 16:02:41,955 - mainlogger - DEBUG - test
2024-05-23 16:02:47,023 - mainlogger - INFO - 0
2024-05-23 16:02:47,024 - mainlogger - INFO - Dice score: 0.7195
2024-05-23 16:02:47,024 - mainlogger - INFO - Accuracy: 0.956
2024-05-23 16:02:47,024 - mainlogger - INFO - 1
2024-05-23 16:02:47,024 - mainlogger - INFO - Dice score: 0.6932
2024-05-23 16:02:47,024 - mainlogger - INFO - Accuracy: 0.9057
2024-05-23 16:02:47,024 - mainlogger - INFO - ********************************************************************************
2024-05-23 16:03:12,682 - mainlogger - INFO - Epoch 35  4.956533707678318
2024-05-23 16:03:12,683 - mainlogger - INFO - valid
2024-05-23 16:03:20,070 - mainlogger - INFO - 0
2024-05-23 16:03:20,070 - mainlogger - INFO - Dice score: 0.7201
2024-05-23 16:03:20,070 - mainlogger - INFO - Accuracy: 0.9623
2024-05-23 16:03:20,070 - mainlogger - INFO - 1
2024-05-23 16:03:20,070 - mainlogger - INFO - Dice score: 0.6735
2024-05-23 16:03:20,070 - mainlogger - INFO - Accuracy: 0.8926
2024-05-23 16:03:20,075 - mainlogger - DEBUG - test
2024-05-23 16:03:27,537 - mainlogger - INFO - 0
2024-05-23 16:03:27,537 - mainlogger - INFO - Dice score: 0.6789
2024-05-23 16:03:27,537 - mainlogger - INFO - Accuracy: 0.9523
2024-05-23 16:03:27,537 - mainlogger - INFO - 1
2024-05-23 16:03:27,537 - mainlogger - INFO - Dice score: 0.6845
2024-05-23 16:03:27,537 - mainlogger - INFO - Accuracy: 0.9082
2024-05-23 16:03:27,544 - mainlogger - INFO - ********************************************************************************
2024-05-23 16:03:52,744 - mainlogger - INFO - Epoch 36  5.083714872598648
2024-05-23 16:03:52,745 - mainlogger - INFO - valid
2024-05-23 16:03:59,999 - mainlogger - INFO - 0
2024-05-23 16:03:59,999 - mainlogger - INFO - Dice score: 0.7171
2024-05-23 16:03:59,999 - mainlogger - INFO - Accuracy: 0.9578
2024-05-23 16:03:59,999 - mainlogger - INFO - 1
2024-05-23 16:03:59,999 - mainlogger - INFO - Dice score: 0.6867
2024-05-23 16:03:59,999 - mainlogger - INFO - Accuracy: 0.8819
2024-05-23 16:03:59,999 - mainlogger - DEBUG - test
2024-05-23 16:04:06,892 - mainlogger - INFO - 0
2024-05-23 16:04:06,892 - mainlogger - INFO - Dice score: 0.7101
2024-05-23 16:04:06,892 - mainlogger - INFO - Accuracy: 0.9513
2024-05-23 16:04:06,892 - mainlogger - INFO - 1
2024-05-23 16:04:06,892 - mainlogger - INFO - Dice score: 0.6879
2024-05-23 16:04:06,893 - mainlogger - INFO - Accuracy: 0.8981
2024-05-23 16:04:06,893 - mainlogger - INFO - ********************************************************************************
2024-05-23 16:04:31,479 - mainlogger - INFO - Epoch 37  4.82185235619545
2024-05-23 16:04:31,479 - mainlogger - INFO - valid
2024-05-23 16:04:37,934 - mainlogger - INFO - 0
2024-05-23 16:04:37,935 - mainlogger - INFO - Dice score: 0.7034
2024-05-23 16:04:37,935 - mainlogger - INFO - Accuracy: 0.9554
2024-05-23 16:04:37,935 - mainlogger - INFO - 1
2024-05-23 16:04:37,935 - mainlogger - INFO - Dice score: 0.7168
2024-05-23 16:04:37,935 - mainlogger - INFO - Accuracy: 0.9016
2024-05-23 16:04:37,938 - mainlogger - DEBUG - test
2024-05-23 16:04:44,750 - mainlogger - INFO - 0
2024-05-23 16:04:44,750 - mainlogger - INFO - Dice score: 0.704
2024-05-23 16:04:44,750 - mainlogger - INFO - Accuracy: 0.949
2024-05-23 16:04:44,750 - mainlogger - INFO - 1
2024-05-23 16:04:44,750 - mainlogger - INFO - Dice score: 0.6588
2024-05-23 16:04:44,750 - mainlogger - INFO - Accuracy: 0.8852
2024-05-23 16:04:44,755 - mainlogger - INFO - ********************************************************************************
2024-05-23 16:05:08,868 - mainlogger - INFO - Epoch 38  4.540218368172646
2024-05-23 16:05:08,869 - mainlogger - INFO - valid
2024-05-23 16:05:15,689 - mainlogger - INFO - 0
2024-05-23 16:05:15,689 - mainlogger - INFO - Dice score: 0.735
2024-05-23 16:05:15,689 - mainlogger - INFO - Accuracy: 0.9626
2024-05-23 16:05:15,689 - mainlogger - INFO - 1
2024-05-23 16:05:15,689 - mainlogger - INFO - Dice score: 0.7411
2024-05-23 16:05:15,689 - mainlogger - INFO - Accuracy: 0.9127
2024-05-23 16:05:15,692 - mainlogger - DEBUG - test
2024-05-23 16:05:21,952 - mainlogger - INFO - 0
2024-05-23 16:05:21,952 - mainlogger - INFO - Dice score: 0.7376
2024-05-23 16:05:21,952 - mainlogger - INFO - Accuracy: 0.9587
2024-05-23 16:05:21,952 - mainlogger - INFO - 1
2024-05-23 16:05:21,952 - mainlogger - INFO - Dice score: 0.7111
2024-05-23 16:05:21,952 - mainlogger - INFO - Accuracy: 0.9132
2024-05-23 16:05:21,952 - mainlogger - INFO - ********************************************************************************
2024-05-23 16:05:45,774 - mainlogger - INFO - Epoch 39  4.615772947669029
2024-05-23 16:05:45,775 - mainlogger - INFO - valid
2024-05-23 16:05:53,429 - mainlogger - INFO - 0
2024-05-23 16:05:53,429 - mainlogger - INFO - Dice score: 0.743
2024-05-23 16:05:53,429 - mainlogger - INFO - Accuracy: 0.9665
2024-05-23 16:05:53,429 - mainlogger - INFO - 1
2024-05-23 16:05:53,429 - mainlogger - INFO - Dice score: 0.6758
2024-05-23 16:05:53,429 - mainlogger - INFO - Accuracy: 0.9027
2024-05-23 16:05:53,429 - mainlogger - DEBUG - test
2024-05-23 16:06:00,015 - mainlogger - INFO - 0
2024-05-23 16:06:00,016 - mainlogger - INFO - Dice score: 0.6925
2024-05-23 16:06:00,016 - mainlogger - INFO - Accuracy: 0.9553
2024-05-23 16:06:00,016 - mainlogger - INFO - 1
2024-05-23 16:06:00,016 - mainlogger - INFO - Dice score: 0.6754
2024-05-23 16:06:00,016 - mainlogger - INFO - Accuracy: 0.9128
2024-05-23 16:06:00,016 - mainlogger - INFO - ********************************************************************************
2024-05-23 16:06:25,758 - mainlogger - INFO - Epoch 40  4.550499189645052
2024-05-23 16:06:25,759 - mainlogger - INFO - valid
2024-05-23 16:06:33,297 - mainlogger - INFO - 0
2024-05-23 16:06:33,297 - mainlogger - INFO - Dice score: 0.6939
2024-05-23 16:06:33,297 - mainlogger - INFO - Accuracy: 0.9517
2024-05-23 16:06:33,297 - mainlogger - INFO - 1
2024-05-23 16:06:33,297 - mainlogger - INFO - Dice score: 0.6646
2024-05-23 16:06:33,297 - mainlogger - INFO - Accuracy: 0.877
2024-05-23 16:06:33,297 - mainlogger - DEBUG - test
2024-05-23 16:06:40,343 - mainlogger - INFO - 0
2024-05-23 16:06:40,343 - mainlogger - INFO - Dice score: 0.6806
2024-05-23 16:06:40,343 - mainlogger - INFO - Accuracy: 0.9468
2024-05-23 16:06:40,343 - mainlogger - INFO - 1
2024-05-23 16:06:40,343 - mainlogger - INFO - Dice score: 0.7092
2024-05-23 16:06:40,343 - mainlogger - INFO - Accuracy: 0.9066
2024-05-23 16:06:40,343 - mainlogger - INFO - ********************************************************************************
2024-05-23 16:07:03,991 - mainlogger - INFO - Epoch 41  4.932634055614471
2024-05-23 16:07:03,991 - mainlogger - INFO - valid
2024-05-23 16:07:10,849 - mainlogger - INFO - 0
2024-05-23 16:07:10,849 - mainlogger - INFO - Dice score: 0.6976
2024-05-23 16:07:10,849 - mainlogger - INFO - Accuracy: 0.9591
2024-05-23 16:07:10,849 - mainlogger - INFO - 1
2024-05-23 16:07:10,850 - mainlogger - INFO - Dice score: 0.6565
2024-05-23 16:07:10,850 - mainlogger - INFO - Accuracy: 0.9059
2024-05-23 16:07:10,850 - mainlogger - DEBUG - test
2024-05-23 16:07:17,754 - mainlogger - INFO - 0
2024-05-23 16:07:17,754 - mainlogger - INFO - Dice score: 0.6521
2024-05-23 16:07:17,754 - mainlogger - INFO - Accuracy: 0.9467
2024-05-23 16:07:17,754 - mainlogger - INFO - 1
2024-05-23 16:07:17,754 - mainlogger - INFO - Dice score: 0.6486
2024-05-23 16:07:17,754 - mainlogger - INFO - Accuracy: 0.9111
2024-05-23 16:07:17,754 - mainlogger - INFO - ********************************************************************************
2024-05-23 16:07:41,324 - mainlogger - INFO - Epoch 42  4.723322577774525
2024-05-23 16:07:41,324 - mainlogger - INFO - valid
2024-05-23 16:07:48,260 - mainlogger - INFO - 0
2024-05-23 16:07:48,261 - mainlogger - INFO - Dice score: 0.7109
2024-05-23 16:07:48,261 - mainlogger - INFO - Accuracy: 0.957
2024-05-23 16:07:48,261 - mainlogger - INFO - 1
2024-05-23 16:07:48,261 - mainlogger - INFO - Dice score: 0.6558
2024-05-23 16:07:48,261 - mainlogger - INFO - Accuracy: 0.8713
2024-05-23 16:07:48,261 - mainlogger - INFO - 0.001->0.00085
2024-05-23 16:07:48,261 - mainlogger - DEBUG - test
2024-05-23 16:07:55,010 - mainlogger - INFO - 0
2024-05-23 16:07:55,010 - mainlogger - INFO - Dice score: 0.6793
2024-05-23 16:07:55,010 - mainlogger - INFO - Accuracy: 0.9441
2024-05-23 16:07:55,010 - mainlogger - INFO - 1
2024-05-23 16:07:55,010 - mainlogger - INFO - Dice score: 0.7126
2024-05-23 16:07:55,010 - mainlogger - INFO - Accuracy: 0.9084
2024-05-23 16:07:55,010 - mainlogger - INFO - ********************************************************************************
2024-05-23 16:08:20,344 - mainlogger - INFO - Epoch 43  4.515606351196766
2024-05-23 16:08:20,345 - mainlogger - INFO - valid
2024-05-23 16:08:27,337 - mainlogger - INFO - 0
2024-05-23 16:08:27,337 - mainlogger - INFO - Dice score: 0.7381
2024-05-23 16:08:27,337 - mainlogger - INFO - Accuracy: 0.9613
2024-05-23 16:08:27,337 - mainlogger - INFO - 1
2024-05-23 16:08:27,337 - mainlogger - INFO - Dice score: 0.6733
2024-05-23 16:08:27,337 - mainlogger - INFO - Accuracy: 0.8773
2024-05-23 16:08:27,337 - mainlogger - DEBUG - test
2024-05-23 16:08:34,145 - mainlogger - INFO - 0
2024-05-23 16:08:34,145 - mainlogger - INFO - Dice score: 0.689
2024-05-23 16:08:34,145 - mainlogger - INFO - Accuracy: 0.9468
2024-05-23 16:08:34,145 - mainlogger - INFO - 1
2024-05-23 16:08:34,145 - mainlogger - INFO - Dice score: 0.683
2024-05-23 16:08:34,145 - mainlogger - INFO - Accuracy: 0.8889
2024-05-23 16:08:34,149 - mainlogger - INFO - ********************************************************************************
2024-05-23 16:08:55,869 - mainlogger - INFO - Epoch 44  4.49663870036602
2024-05-23 16:08:55,870 - mainlogger - INFO - valid
2024-05-23 16:09:00,838 - mainlogger - INFO - 0
2024-05-23 16:09:00,838 - mainlogger - INFO - Dice score: 0.6992
2024-05-23 16:09:00,839 - mainlogger - INFO - Accuracy: 0.958
2024-05-23 16:09:00,839 - mainlogger - INFO - 1
2024-05-23 16:09:00,839 - mainlogger - INFO - Dice score: 0.6693
2024-05-23 16:09:00,839 - mainlogger - INFO - Accuracy: 0.8833
2024-05-23 16:09:00,839 - mainlogger - DEBUG - test
2024-05-23 16:09:05,846 - mainlogger - INFO - 0
2024-05-23 16:09:05,847 - mainlogger - INFO - Dice score: 0.7207
2024-05-23 16:09:05,847 - mainlogger - INFO - Accuracy: 0.9564
2024-05-23 16:09:05,847 - mainlogger - INFO - 1
2024-05-23 16:09:05,847 - mainlogger - INFO - Dice score: 0.7131
2024-05-23 16:09:05,847 - mainlogger - INFO - Accuracy: 0.9119
2024-05-23 16:09:05,847 - mainlogger - INFO - ********************************************************************************
2024-05-23 16:09:27,000 - mainlogger - INFO - Epoch 45  4.3998250886797905
2024-05-23 16:09:27,001 - mainlogger - INFO - valid
2024-05-23 16:09:32,336 - mainlogger - INFO - 0
2024-05-23 16:09:32,336 - mainlogger - INFO - Dice score: 0.7205
2024-05-23 16:09:32,336 - mainlogger - INFO - Accuracy: 0.9593
2024-05-23 16:09:32,336 - mainlogger - INFO - 1
2024-05-23 16:09:32,336 - mainlogger - INFO - Dice score: 0.6821
2024-05-23 16:09:32,336 - mainlogger - INFO - Accuracy: 0.89
2024-05-23 16:09:32,336 - mainlogger - DEBUG - test
2024-05-23 16:09:37,529 - mainlogger - INFO - 0
2024-05-23 16:09:37,529 - mainlogger - INFO - Dice score: 0.7009
2024-05-23 16:09:37,529 - mainlogger - INFO - Accuracy: 0.9517
2024-05-23 16:09:37,529 - mainlogger - INFO - 1
2024-05-23 16:09:37,529 - mainlogger - INFO - Dice score: 0.7088
2024-05-23 16:09:37,529 - mainlogger - INFO - Accuracy: 0.9139
2024-05-23 16:09:37,529 - mainlogger - INFO - ********************************************************************************
2024-05-23 16:10:00,243 - mainlogger - INFO - Epoch 46  4.069928020238876
2024-05-23 16:10:00,243 - mainlogger - INFO - valid
2024-05-23 16:10:07,196 - mainlogger - INFO - 0
2024-05-23 16:10:07,196 - mainlogger - INFO - Dice score: 0.7594
2024-05-23 16:10:07,196 - mainlogger - INFO - Accuracy: 0.9672
2024-05-23 16:10:07,196 - mainlogger - INFO - 1
2024-05-23 16:10:07,196 - mainlogger - INFO - Dice score: 0.7255
2024-05-23 16:10:07,196 - mainlogger - INFO - Accuracy: 0.9178
2024-05-23 16:10:07,198 - mainlogger - DEBUG - test
2024-05-23 16:10:14,044 - mainlogger - INFO - 0
2024-05-23 16:10:14,044 - mainlogger - INFO - Dice score: 0.7281
2024-05-23 16:10:14,044 - mainlogger - INFO - Accuracy: 0.9584
2024-05-23 16:10:14,044 - mainlogger - INFO - 1
2024-05-23 16:10:14,044 - mainlogger - INFO - Dice score: 0.7038
2024-05-23 16:10:14,044 - mainlogger - INFO - Accuracy: 0.9181
2024-05-23 16:10:14,044 - mainlogger - INFO - ********************************************************************************
2024-05-23 16:10:34,923 - mainlogger - INFO - Epoch 47  4.0445267632603645
2024-05-23 16:10:34,923 - mainlogger - INFO - valid
2024-05-23 16:10:40,888 - mainlogger - INFO - 0
2024-05-23 16:10:40,889 - mainlogger - INFO - Dice score: 0.752
2024-05-23 16:10:40,889 - mainlogger - INFO - Accuracy: 0.967
2024-05-23 16:10:40,889 - mainlogger - INFO - 1
2024-05-23 16:10:40,889 - mainlogger - INFO - Dice score: 0.6832
2024-05-23 16:10:40,889 - mainlogger - INFO - Accuracy: 0.8957
2024-05-23 16:10:40,889 - mainlogger - DEBUG - test
2024-05-23 16:10:45,967 - mainlogger - INFO - 0
2024-05-23 16:10:45,968 - mainlogger - INFO - Dice score: 0.7248
2024-05-23 16:10:45,968 - mainlogger - INFO - Accuracy: 0.9601
2024-05-23 16:10:45,968 - mainlogger - INFO - 1
2024-05-23 16:10:45,968 - mainlogger - INFO - Dice score: 0.7076
2024-05-23 16:10:45,968 - mainlogger - INFO - Accuracy: 0.915
2024-05-23 16:10:45,968 - mainlogger - INFO - ********************************************************************************
2024-05-23 16:11:09,762 - mainlogger - INFO - Epoch 48  4.405292835086584
2024-05-23 16:11:09,763 - mainlogger - INFO - valid
2024-05-23 16:11:16,697 - mainlogger - INFO - 0
2024-05-23 16:11:16,698 - mainlogger - INFO - Dice score: 0.7509
2024-05-23 16:11:16,698 - mainlogger - INFO - Accuracy: 0.9649
2024-05-23 16:11:16,698 - mainlogger - INFO - 1
2024-05-23 16:11:16,698 - mainlogger - INFO - Dice score: 0.7475
2024-05-23 16:11:16,698 - mainlogger - INFO - Accuracy: 0.9215
2024-05-23 16:11:16,705 - mainlogger - DEBUG - test
2024-05-23 16:11:23,511 - mainlogger - INFO - 0
2024-05-23 16:11:23,511 - mainlogger - INFO - Dice score: 0.7556
2024-05-23 16:11:23,511 - mainlogger - INFO - Accuracy: 0.9611
2024-05-23 16:11:23,511 - mainlogger - INFO - 1
2024-05-23 16:11:23,511 - mainlogger - INFO - Dice score: 0.7098
2024-05-23 16:11:23,511 - mainlogger - INFO - Accuracy: 0.9144
2024-05-23 16:11:23,511 - mainlogger - INFO - ********************************************************************************
2024-05-23 16:11:48,125 - mainlogger - INFO - Epoch 49  3.898341529071331
2024-05-23 16:11:48,125 - mainlogger - INFO - valid
2024-05-23 16:11:53,219 - mainlogger - INFO - 0
2024-05-23 16:11:53,219 - mainlogger - INFO - Dice score: 0.7545
2024-05-23 16:11:53,219 - mainlogger - INFO - Accuracy: 0.9659
2024-05-23 16:11:53,220 - mainlogger - INFO - 1
2024-05-23 16:11:53,220 - mainlogger - INFO - Dice score: 0.7301
2024-05-23 16:11:53,220 - mainlogger - INFO - Accuracy: 0.9149
2024-05-23 16:11:53,220 - mainlogger - DEBUG - test
2024-05-23 16:11:58,556 - mainlogger - INFO - 0
2024-05-23 16:11:58,556 - mainlogger - INFO - Dice score: 0.7683
2024-05-23 16:11:58,556 - mainlogger - INFO - Accuracy: 0.964
2024-05-23 16:11:58,556 - mainlogger - INFO - 1
2024-05-23 16:11:58,556 - mainlogger - INFO - Dice score: 0.7097
2024-05-23 16:11:58,557 - mainlogger - INFO - Accuracy: 0.9197
2024-05-23 16:11:58,557 - mainlogger - INFO - ********************************************************************************
2024-05-23 16:12:20,404 - mainlogger - INFO - Epoch 50  3.762186247855425
2024-05-23 16:12:20,404 - mainlogger - INFO - valid
2024-05-23 16:12:25,346 - mainlogger - INFO - 0
2024-05-23 16:12:25,346 - mainlogger - INFO - Dice score: 0.6707
2024-05-23 16:12:25,346 - mainlogger - INFO - Accuracy: 0.9506
2024-05-23 16:12:25,346 - mainlogger - INFO - 1
2024-05-23 16:12:25,346 - mainlogger - INFO - Dice score: 0.6352
2024-05-23 16:12:25,346 - mainlogger - INFO - Accuracy: 0.8552
2024-05-23 16:12:25,346 - mainlogger - DEBUG - test
2024-05-23 16:12:30,243 - mainlogger - INFO - 0
2024-05-23 16:12:30,243 - mainlogger - INFO - Dice score: 0.7026
2024-05-23 16:12:30,243 - mainlogger - INFO - Accuracy: 0.949
2024-05-23 16:12:30,243 - mainlogger - INFO - 1
2024-05-23 16:12:30,243 - mainlogger - INFO - Dice score: 0.6541
2024-05-23 16:12:30,243 - mainlogger - INFO - Accuracy: 0.8805
2024-05-23 16:12:30,243 - mainlogger - INFO - ********************************************************************************
2024-05-23 16:12:53,085 - mainlogger - INFO - Epoch 51  4.314843807369471
2024-05-23 16:12:53,085 - mainlogger - INFO - valid
2024-05-23 16:12:59,219 - mainlogger - INFO - 0
2024-05-23 16:12:59,219 - mainlogger - INFO - Dice score: 0.7345
2024-05-23 16:12:59,220 - mainlogger - INFO - Accuracy: 0.9631
2024-05-23 16:12:59,220 - mainlogger - INFO - 1
2024-05-23 16:12:59,220 - mainlogger - INFO - Dice score: 0.7216
2024-05-23 16:12:59,220 - mainlogger - INFO - Accuracy: 0.9129
2024-05-23 16:12:59,229 - mainlogger - DEBUG - test
2024-05-23 16:13:06,116 - mainlogger - INFO - 0
2024-05-23 16:13:06,116 - mainlogger - INFO - Dice score: 0.7726
2024-05-23 16:13:06,116 - mainlogger - INFO - Accuracy: 0.9667
2024-05-23 16:13:06,116 - mainlogger - INFO - 1
2024-05-23 16:13:06,116 - mainlogger - INFO - Dice score: 0.7042
2024-05-23 16:13:06,116 - mainlogger - INFO - Accuracy: 0.9213
2024-05-23 16:13:06,116 - mainlogger - INFO - ********************************************************************************
2024-05-23 16:13:27,406 - mainlogger - INFO - Epoch 52  3.841045055538416
2024-05-23 16:13:27,407 - mainlogger - INFO - valid
2024-05-23 16:13:34,284 - mainlogger - INFO - 0
2024-05-23 16:13:34,284 - mainlogger - INFO - Dice score: 0.7481
2024-05-23 16:13:34,284 - mainlogger - INFO - Accuracy: 0.9632
2024-05-23 16:13:34,284 - mainlogger - INFO - 1
2024-05-23 16:13:34,284 - mainlogger - INFO - Dice score: 0.7298
2024-05-23 16:13:34,284 - mainlogger - INFO - Accuracy: 0.914
2024-05-23 16:13:34,284 - mainlogger - INFO - 0.00085->0.0007224999999999999
2024-05-23 16:13:34,284 - mainlogger - DEBUG - test
2024-05-23 16:13:41,221 - mainlogger - INFO - 0
2024-05-23 16:13:41,221 - mainlogger - INFO - Dice score: 0.7279
2024-05-23 16:13:41,221 - mainlogger - INFO - Accuracy: 0.9559
2024-05-23 16:13:41,221 - mainlogger - INFO - 1
2024-05-23 16:13:41,222 - mainlogger - INFO - Dice score: 0.7341
2024-05-23 16:13:41,222 - mainlogger - INFO - Accuracy: 0.9222
2024-05-23 16:13:41,222 - mainlogger - INFO - ********************************************************************************
2024-05-23 16:14:05,157 - mainlogger - INFO - Epoch 53  3.9776426926255226
2024-05-23 16:14:05,157 - mainlogger - INFO - valid
2024-05-23 16:14:11,534 - mainlogger - INFO - 0
2024-05-23 16:14:11,534 - mainlogger - INFO - Dice score: 0.7466
2024-05-23 16:14:11,534 - mainlogger - INFO - Accuracy: 0.967
2024-05-23 16:14:11,534 - mainlogger - INFO - 1
2024-05-23 16:14:11,534 - mainlogger - INFO - Dice score: 0.6904
2024-05-23 16:14:11,534 - mainlogger - INFO - Accuracy: 0.9103
2024-05-23 16:14:11,534 - mainlogger - DEBUG - test
2024-05-23 16:14:16,440 - mainlogger - INFO - 0
2024-05-23 16:14:16,440 - mainlogger - INFO - Dice score: 0.7333
2024-05-23 16:14:16,440 - mainlogger - INFO - Accuracy: 0.9624
2024-05-23 16:14:16,440 - mainlogger - INFO - 1
2024-05-23 16:14:16,440 - mainlogger - INFO - Dice score: 0.6909
2024-05-23 16:14:16,440 - mainlogger - INFO - Accuracy: 0.9217
2024-05-23 16:14:16,440 - mainlogger - INFO - ********************************************************************************
2024-05-23 16:14:37,573 - mainlogger - INFO - Epoch 54  4.022736221551895
2024-05-23 16:14:37,573 - mainlogger - INFO - valid
2024-05-23 16:14:42,467 - mainlogger - INFO - 0
2024-05-23 16:14:42,467 - mainlogger - INFO - Dice score: 0.7276
2024-05-23 16:14:42,467 - mainlogger - INFO - Accuracy: 0.958
2024-05-23 16:14:42,467 - mainlogger - INFO - 1
2024-05-23 16:14:42,467 - mainlogger - INFO - Dice score: 0.6476
2024-05-23 16:14:42,467 - mainlogger - INFO - Accuracy: 0.8641
2024-05-23 16:14:42,467 - mainlogger - DEBUG - test
2024-05-23 16:14:47,347 - mainlogger - INFO - 0
2024-05-23 16:14:47,347 - mainlogger - INFO - Dice score: 0.7214
2024-05-23 16:14:47,347 - mainlogger - INFO - Accuracy: 0.9529
2024-05-23 16:14:47,347 - mainlogger - INFO - 1
2024-05-23 16:14:47,348 - mainlogger - INFO - Dice score: 0.6964
2024-05-23 16:14:47,348 - mainlogger - INFO - Accuracy: 0.8945
2024-05-23 16:14:47,348 - mainlogger - INFO - ********************************************************************************
2024-05-23 16:15:07,478 - mainlogger - INFO - Epoch 55  3.730375647544861
2024-05-23 16:15:07,478 - mainlogger - INFO - valid
2024-05-23 16:15:14,601 - mainlogger - INFO - 0
2024-05-23 16:15:14,601 - mainlogger - INFO - Dice score: 0.7689
2024-05-23 16:15:14,602 - mainlogger - INFO - Accuracy: 0.9699
2024-05-23 16:15:14,602 - mainlogger - INFO - 1
2024-05-23 16:15:14,602 - mainlogger - INFO - Dice score: 0.7154
2024-05-23 16:15:14,602 - mainlogger - INFO - Accuracy: 0.9131
2024-05-23 16:15:14,606 - mainlogger - DEBUG - test
2024-05-23 16:15:21,751 - mainlogger - INFO - 0
2024-05-23 16:15:21,751 - mainlogger - INFO - Dice score: 0.7752
2024-05-23 16:15:21,751 - mainlogger - INFO - Accuracy: 0.9667
2024-05-23 16:15:21,751 - mainlogger - INFO - 1
2024-05-23 16:15:21,751 - mainlogger - INFO - Dice score: 0.6932
2024-05-23 16:15:21,751 - mainlogger - INFO - Accuracy: 0.9162
2024-05-23 16:15:21,751 - mainlogger - INFO - ********************************************************************************
2024-05-23 16:15:42,222 - mainlogger - INFO - Epoch 56  3.5483864434063435
2024-05-23 16:15:42,223 - mainlogger - INFO - valid
2024-05-23 16:15:47,214 - mainlogger - INFO - 0
2024-05-23 16:15:47,214 - mainlogger - INFO - Dice score: 0.7651
2024-05-23 16:15:47,214 - mainlogger - INFO - Accuracy: 0.9697
2024-05-23 16:15:47,214 - mainlogger - INFO - 1
2024-05-23 16:15:47,214 - mainlogger - INFO - Dice score: 0.7136
2024-05-23 16:15:47,214 - mainlogger - INFO - Accuracy: 0.9214
2024-05-23 16:15:47,219 - mainlogger - INFO - 0.0007224999999999999->0.000614125
2024-05-23 16:15:47,219 - mainlogger - DEBUG - test
2024-05-23 16:15:52,064 - mainlogger - INFO - 0
2024-05-23 16:15:52,064 - mainlogger - INFO - Dice score: 0.7379
2024-05-23 16:15:52,064 - mainlogger - INFO - Accuracy: 0.9638
2024-05-23 16:15:52,064 - mainlogger - INFO - 1
2024-05-23 16:15:52,064 - mainlogger - INFO - Dice score: 0.6505
2024-05-23 16:15:52,064 - mainlogger - INFO - Accuracy: 0.914
2024-05-23 16:15:52,068 - mainlogger - INFO - ********************************************************************************
2024-05-23 16:16:17,180 - mainlogger - INFO - Epoch 57  3.840714104473591
2024-05-23 16:16:17,180 - mainlogger - INFO - valid
2024-05-23 16:16:24,692 - mainlogger - INFO - 0
2024-05-23 16:16:24,692 - mainlogger - INFO - Dice score: 0.7422
2024-05-23 16:16:24,692 - mainlogger - INFO - Accuracy: 0.9622
2024-05-23 16:16:24,692 - mainlogger - INFO - 1
2024-05-23 16:16:24,692 - mainlogger - INFO - Dice score: 0.6998
2024-05-23 16:16:24,692 - mainlogger - INFO - Accuracy: 0.8943
2024-05-23 16:16:24,693 - mainlogger - DEBUG - test
2024-05-23 16:16:31,579 - mainlogger - INFO - 0
2024-05-23 16:16:31,579 - mainlogger - INFO - Dice score: 0.7571
2024-05-23 16:16:31,579 - mainlogger - INFO - Accuracy: 0.962
2024-05-23 16:16:31,579 - mainlogger - INFO - 1
2024-05-23 16:16:31,579 - mainlogger - INFO - Dice score: 0.729
2024-05-23 16:16:31,579 - mainlogger - INFO - Accuracy: 0.9168
2024-05-23 16:16:31,587 - mainlogger - INFO - ********************************************************************************
2024-05-23 16:16:57,605 - mainlogger - INFO - Epoch 58  3.5411828756332397
2024-05-23 16:16:57,606 - mainlogger - INFO - valid
2024-05-23 16:17:05,159 - mainlogger - INFO - 0
2024-05-23 16:17:05,159 - mainlogger - INFO - Dice score: 0.759
2024-05-23 16:17:05,159 - mainlogger - INFO - Accuracy: 0.9658
2024-05-23 16:17:05,160 - mainlogger - INFO - 1
2024-05-23 16:17:05,160 - mainlogger - INFO - Dice score: 0.7093
2024-05-23 16:17:05,160 - mainlogger - INFO - Accuracy: 0.9027
2024-05-23 16:17:05,160 - mainlogger - DEBUG - test
2024-05-23 16:17:12,061 - mainlogger - INFO - 0
2024-05-23 16:17:12,061 - mainlogger - INFO - Dice score: 0.7678
2024-05-23 16:17:12,061 - mainlogger - INFO - Accuracy: 0.9635
2024-05-23 16:17:12,061 - mainlogger - INFO - 1
2024-05-23 16:17:12,061 - mainlogger - INFO - Dice score: 0.7233
2024-05-23 16:17:12,061 - mainlogger - INFO - Accuracy: 0.9195
2024-05-23 16:17:12,062 - mainlogger - INFO - ********************************************************************************
2024-05-23 16:17:36,846 - mainlogger - INFO - Epoch 59  3.3501149602234364
2024-05-23 16:17:36,847 - mainlogger - INFO - valid
2024-05-23 16:17:43,738 - mainlogger - INFO - 0
2024-05-23 16:17:43,739 - mainlogger - INFO - Dice score: 0.7417
2024-05-23 16:17:43,739 - mainlogger - INFO - Accuracy: 0.966
2024-05-23 16:17:43,739 - mainlogger - INFO - 1
2024-05-23 16:17:43,739 - mainlogger - INFO - Dice score: 0.7222
2024-05-23 16:17:43,739 - mainlogger - INFO - Accuracy: 0.9134
2024-05-23 16:17:43,739 - mainlogger - DEBUG - test
2024-05-23 16:17:50,652 - mainlogger - INFO - 0
2024-05-23 16:17:50,653 - mainlogger - INFO - Dice score: 0.7642
2024-05-23 16:17:50,653 - mainlogger - INFO - Accuracy: 0.9666
2024-05-23 16:17:50,653 - mainlogger - INFO - 1
2024-05-23 16:17:50,653 - mainlogger - INFO - Dice score: 0.6954
2024-05-23 16:17:50,653 - mainlogger - INFO - Accuracy: 0.9154
2024-05-23 16:17:50,653 - mainlogger - INFO - ********************************************************************************
2024-05-23 16:18:15,543 - mainlogger - INFO - Epoch 60  3.5039896816015244
2024-05-23 16:18:15,543 - mainlogger - INFO - valid
2024-05-23 16:18:22,518 - mainlogger - INFO - 0
2024-05-23 16:18:22,518 - mainlogger - INFO - Dice score: 0.7824
2024-05-23 16:18:22,518 - mainlogger - INFO - Accuracy: 0.9703
2024-05-23 16:18:22,518 - mainlogger - INFO - 1
2024-05-23 16:18:22,518 - mainlogger - INFO - Dice score: 0.732
2024-05-23 16:18:22,518 - mainlogger - INFO - Accuracy: 0.9144
2024-05-23 16:18:22,526 - mainlogger - DEBUG - test
2024-05-23 16:18:29,192 - mainlogger - INFO - 0
2024-05-23 16:18:29,192 - mainlogger - INFO - Dice score: 0.7549
2024-05-23 16:18:29,192 - mainlogger - INFO - Accuracy: 0.9626
2024-05-23 16:18:29,192 - mainlogger - INFO - 1
2024-05-23 16:18:29,192 - mainlogger - INFO - Dice score: 0.7417
2024-05-23 16:18:29,192 - mainlogger - INFO - Accuracy: 0.9263
2024-05-23 16:18:29,196 - mainlogger - INFO - ********************************************************************************
2024-05-23 16:18:51,990 - mainlogger - INFO - Epoch 61  3.5666293539106846
2024-05-23 16:18:51,990 - mainlogger - INFO - valid
2024-05-23 16:18:56,955 - mainlogger - INFO - 0
2024-05-23 16:18:56,955 - mainlogger - INFO - Dice score: 0.7428
2024-05-23 16:18:56,955 - mainlogger - INFO - Accuracy: 0.9656
2024-05-23 16:18:56,955 - mainlogger - INFO - 1
2024-05-23 16:18:56,955 - mainlogger - INFO - Dice score: 0.7107
2024-05-23 16:18:56,955 - mainlogger - INFO - Accuracy: 0.914
2024-05-23 16:18:56,955 - mainlogger - DEBUG - test
2024-05-23 16:19:02,415 - mainlogger - INFO - 0
2024-05-23 16:19:02,415 - mainlogger - INFO - Dice score: 0.7814
2024-05-23 16:19:02,415 - mainlogger - INFO - Accuracy: 0.9682
2024-05-23 16:19:02,415 - mainlogger - INFO - 1
2024-05-23 16:19:02,415 - mainlogger - INFO - Dice score: 0.7013
2024-05-23 16:19:02,415 - mainlogger - INFO - Accuracy: 0.9214
2024-05-23 16:19:02,416 - mainlogger - INFO - ********************************************************************************
2024-05-23 16:19:26,449 - mainlogger - INFO - Epoch 62  3.3916773833334446
2024-05-23 16:19:26,449 - mainlogger - INFO - valid
2024-05-23 16:19:34,038 - mainlogger - INFO - 0
2024-05-23 16:19:34,039 - mainlogger - INFO - Dice score: 0.7759
2024-05-23 16:19:34,039 - mainlogger - INFO - Accuracy: 0.9697
2024-05-23 16:19:34,039 - mainlogger - INFO - 1
2024-05-23 16:19:34,039 - mainlogger - INFO - Dice score: 0.7111
2024-05-23 16:19:34,039 - mainlogger - INFO - Accuracy: 0.9059
2024-05-23 16:19:34,045 - mainlogger - DEBUG - test
2024-05-23 16:19:39,537 - mainlogger - INFO - 0
2024-05-23 16:19:39,537 - mainlogger - INFO - Dice score: 0.7666
2024-05-23 16:19:39,537 - mainlogger - INFO - Accuracy: 0.9651
2024-05-23 16:19:39,537 - mainlogger - INFO - 1
2024-05-23 16:19:39,537 - mainlogger - INFO - Dice score: 0.7029
2024-05-23 16:19:39,537 - mainlogger - INFO - Accuracy: 0.9183
2024-05-23 16:19:39,542 - mainlogger - INFO - ********************************************************************************
2024-05-23 16:20:03,517 - mainlogger - INFO - Epoch 63  3.6778785958886147
2024-05-23 16:20:03,517 - mainlogger - INFO - valid
2024-05-23 16:20:10,740 - mainlogger - INFO - 0
2024-05-23 16:20:10,741 - mainlogger - INFO - Dice score: 0.7152
2024-05-23 16:20:10,741 - mainlogger - INFO - Accuracy: 0.9651
2024-05-23 16:20:10,741 - mainlogger - INFO - 1
2024-05-23 16:20:10,741 - mainlogger - INFO - Dice score: 0.7432
2024-05-23 16:20:10,741 - mainlogger - INFO - Accuracy: 0.9258
2024-05-23 16:20:10,741 - mainlogger - DEBUG - test
2024-05-23 16:20:16,941 - mainlogger - INFO - 0
2024-05-23 16:20:16,941 - mainlogger - INFO - Dice score: 0.7555
2024-05-23 16:20:16,941 - mainlogger - INFO - Accuracy: 0.9661
2024-05-23 16:20:16,941 - mainlogger - INFO - 1
2024-05-23 16:20:16,941 - mainlogger - INFO - Dice score: 0.6831
2024-05-23 16:20:16,941 - mainlogger - INFO - Accuracy: 0.9192
2024-05-23 16:20:16,944 - mainlogger - INFO - ********************************************************************************
2024-05-23 16:20:40,235 - mainlogger - INFO - Epoch 64  3.553356196731329
2024-05-23 16:20:40,235 - mainlogger - INFO - valid
2024-05-23 16:20:47,140 - mainlogger - INFO - 0
2024-05-23 16:20:47,140 - mainlogger - INFO - Dice score: 0.7354
2024-05-23 16:20:47,140 - mainlogger - INFO - Accuracy: 0.9642
2024-05-23 16:20:47,140 - mainlogger - INFO - 1
2024-05-23 16:20:47,140 - mainlogger - INFO - Dice score: 0.7001
2024-05-23 16:20:47,140 - mainlogger - INFO - Accuracy: 0.9028
2024-05-23 16:20:47,140 - mainlogger - INFO - 0.000614125->0.00052200625
2024-05-23 16:20:47,141 - mainlogger - DEBUG - test
2024-05-23 16:20:54,441 - mainlogger - INFO - 0
2024-05-23 16:20:54,442 - mainlogger - INFO - Dice score: 0.7631
2024-05-23 16:20:54,442 - mainlogger - INFO - Accuracy: 0.965
2024-05-23 16:20:54,442 - mainlogger - INFO - 1
2024-05-23 16:20:54,442 - mainlogger - INFO - Dice score: 0.7159
2024-05-23 16:20:54,442 - mainlogger - INFO - Accuracy: 0.9196
2024-05-23 16:20:54,449 - mainlogger - INFO - ********************************************************************************
2024-05-23 16:21:20,543 - mainlogger - INFO - Epoch 65  3.3080430291593075
2024-05-23 16:21:20,544 - mainlogger - INFO - valid
2024-05-23 16:21:28,101 - mainlogger - INFO - 0
2024-05-23 16:21:28,102 - mainlogger - INFO - Dice score: 0.745
2024-05-23 16:21:28,102 - mainlogger - INFO - Accuracy: 0.9639
2024-05-23 16:21:28,102 - mainlogger - INFO - 1
2024-05-23 16:21:28,102 - mainlogger - INFO - Dice score: 0.7497
2024-05-23 16:21:28,102 - mainlogger - INFO - Accuracy: 0.9254
2024-05-23 16:21:28,102 - mainlogger - DEBUG - test
2024-05-23 16:21:34,360 - mainlogger - INFO - 0
2024-05-23 16:21:34,360 - mainlogger - INFO - Dice score: 0.7753
2024-05-23 16:21:34,360 - mainlogger - INFO - Accuracy: 0.965
2024-05-23 16:21:34,360 - mainlogger - INFO - 1
2024-05-23 16:21:34,360 - mainlogger - INFO - Dice score: 0.7176
2024-05-23 16:21:34,360 - mainlogger - INFO - Accuracy: 0.9199
2024-05-23 16:21:34,360 - mainlogger - INFO - ********************************************************************************
2024-05-23 16:22:01,130 - mainlogger - INFO - Epoch 66  3.1984332725405693
2024-05-23 16:22:01,130 - mainlogger - INFO - valid
2024-05-23 16:22:08,647 - mainlogger - INFO - 0
2024-05-23 16:22:08,647 - mainlogger - INFO - Dice score: 0.7371
2024-05-23 16:22:08,647 - mainlogger - INFO - Accuracy: 0.9649
2024-05-23 16:22:08,647 - mainlogger - INFO - 1
2024-05-23 16:22:08,647 - mainlogger - INFO - Dice score: 0.7316
2024-05-23 16:22:08,647 - mainlogger - INFO - Accuracy: 0.92
2024-05-23 16:22:08,647 - mainlogger - DEBUG - test
2024-05-23 16:22:16,321 - mainlogger - INFO - 0
2024-05-23 16:22:16,322 - mainlogger - INFO - Dice score: 0.7628
2024-05-23 16:22:16,322 - mainlogger - INFO - Accuracy: 0.9654
2024-05-23 16:22:16,322 - mainlogger - INFO - 1
2024-05-23 16:22:16,322 - mainlogger - INFO - Dice score: 0.6882
2024-05-23 16:22:16,322 - mainlogger - INFO - Accuracy: 0.9179
2024-05-23 16:22:16,322 - mainlogger - INFO - ********************************************************************************
2024-05-23 16:22:41,932 - mainlogger - INFO - Epoch 67  3.3783474005758762
2024-05-23 16:22:41,934 - mainlogger - INFO - valid
2024-05-23 16:22:49,528 - mainlogger - INFO - 0
2024-05-23 16:22:49,529 - mainlogger - INFO - Dice score: 0.7736
2024-05-23 16:22:49,529 - mainlogger - INFO - Accuracy: 0.9686
2024-05-23 16:22:49,529 - mainlogger - INFO - 1
2024-05-23 16:22:49,529 - mainlogger - INFO - Dice score: 0.7268
2024-05-23 16:22:49,529 - mainlogger - INFO - Accuracy: 0.9163
2024-05-23 16:22:49,530 - mainlogger - DEBUG - test
2024-05-23 16:22:56,960 - mainlogger - INFO - 0
2024-05-23 16:22:56,960 - mainlogger - INFO - Dice score: 0.791
2024-05-23 16:22:56,960 - mainlogger - INFO - Accuracy: 0.9688
2024-05-23 16:22:56,960 - mainlogger - INFO - 1
2024-05-23 16:22:56,960 - mainlogger - INFO - Dice score: 0.6681
2024-05-23 16:22:56,960 - mainlogger - INFO - Accuracy: 0.9133
2024-05-23 16:22:56,960 - mainlogger - INFO - ********************************************************************************
2024-05-23 16:23:22,584 - mainlogger - INFO - Epoch 68  2.9830407425761223
2024-05-23 16:23:22,584 - mainlogger - INFO - valid
2024-05-23 16:23:29,605 - mainlogger - INFO - 0
2024-05-23 16:23:29,605 - mainlogger - INFO - Dice score: 0.76
2024-05-23 16:23:29,605 - mainlogger - INFO - Accuracy: 0.9671
2024-05-23 16:23:29,605 - mainlogger - INFO - 1
2024-05-23 16:23:29,605 - mainlogger - INFO - Dice score: 0.7047
2024-05-23 16:23:29,605 - mainlogger - INFO - Accuracy: 0.9074
2024-05-23 16:23:29,605 - mainlogger - INFO - 0.00052200625->0.00044370531249999997
2024-05-23 16:23:29,605 - mainlogger - DEBUG - test
2024-05-23 16:23:35,345 - mainlogger - INFO - 0
2024-05-23 16:23:35,345 - mainlogger - INFO - Dice score: 0.7365
2024-05-23 16:23:35,345 - mainlogger - INFO - Accuracy: 0.9612
2024-05-23 16:23:35,345 - mainlogger - INFO - 1
2024-05-23 16:23:35,345 - mainlogger - INFO - Dice score: 0.6874
2024-05-23 16:23:35,345 - mainlogger - INFO - Accuracy: 0.9159
2024-05-23 16:23:35,348 - mainlogger - INFO - ********************************************************************************
2024-05-23 16:23:58,801 - mainlogger - INFO - Epoch 69  3.2189937382936478
2024-05-23 16:23:58,801 - mainlogger - INFO - valid
2024-05-23 16:24:05,632 - mainlogger - INFO - 0
2024-05-23 16:24:05,632 - mainlogger - INFO - Dice score: 0.7661
2024-05-23 16:24:05,632 - mainlogger - INFO - Accuracy: 0.9676
2024-05-23 16:24:05,632 - mainlogger - INFO - 1
2024-05-23 16:24:05,632 - mainlogger - INFO - Dice score: 0.7128
2024-05-23 16:24:05,632 - mainlogger - INFO - Accuracy: 0.9038
2024-05-23 16:24:05,632 - mainlogger - DEBUG - test
2024-05-23 16:24:12,438 - mainlogger - INFO - 0
2024-05-23 16:24:12,438 - mainlogger - INFO - Dice score: 0.761
2024-05-23 16:24:12,438 - mainlogger - INFO - Accuracy: 0.9632
2024-05-23 16:24:12,438 - mainlogger - INFO - 1
2024-05-23 16:24:12,438 - mainlogger - INFO - Dice score: 0.694
2024-05-23 16:24:12,438 - mainlogger - INFO - Accuracy: 0.912
2024-05-23 16:24:12,438 - mainlogger - INFO - ********************************************************************************
2024-05-23 16:24:36,957 - mainlogger - INFO - Epoch 70  3.0142762400209904
2024-05-23 16:24:36,957 - mainlogger - INFO - valid
2024-05-23 16:24:43,962 - mainlogger - INFO - 0
2024-05-23 16:24:43,962 - mainlogger - INFO - Dice score: 0.7609
2024-05-23 16:24:43,962 - mainlogger - INFO - Accuracy: 0.9667
2024-05-23 16:24:43,962 - mainlogger - INFO - 1
2024-05-23 16:24:43,962 - mainlogger - INFO - Dice score: 0.7136
2024-05-23 16:24:43,962 - mainlogger - INFO - Accuracy: 0.9047
2024-05-23 16:24:43,962 - mainlogger - DEBUG - test
2024-05-23 16:24:50,878 - mainlogger - INFO - 0
2024-05-23 16:24:50,878 - mainlogger - INFO - Dice score: 0.7825
2024-05-23 16:24:50,878 - mainlogger - INFO - Accuracy: 0.9676
2024-05-23 16:24:50,878 - mainlogger - INFO - 1
2024-05-23 16:24:50,878 - mainlogger - INFO - Dice score: 0.7077
2024-05-23 16:24:50,878 - mainlogger - INFO - Accuracy: 0.9162
2024-05-23 16:24:50,878 - mainlogger - INFO - ********************************************************************************
2024-05-23 16:25:16,305 - mainlogger - INFO - Epoch 71  2.9295740500092506
2024-05-23 16:25:16,305 - mainlogger - INFO - valid
2024-05-23 16:25:23,897 - mainlogger - INFO - 0
2024-05-23 16:25:23,898 - mainlogger - INFO - Dice score: 0.7558
2024-05-23 16:25:23,898 - mainlogger - INFO - Accuracy: 0.9687
2024-05-23 16:25:23,898 - mainlogger - INFO - 1
2024-05-23 16:25:23,898 - mainlogger - INFO - Dice score: 0.7246
2024-05-23 16:25:23,898 - mainlogger - INFO - Accuracy: 0.9204
2024-05-23 16:25:23,903 - mainlogger - DEBUG - test
2024-05-23 16:25:31,583 - mainlogger - INFO - 0
2024-05-23 16:25:31,584 - mainlogger - INFO - Dice score: 0.7315
2024-05-23 16:25:31,584 - mainlogger - INFO - Accuracy: 0.9622
2024-05-23 16:25:31,584 - mainlogger - INFO - 1
2024-05-23 16:25:31,584 - mainlogger - INFO - Dice score: 0.665
2024-05-23 16:25:31,584 - mainlogger - INFO - Accuracy: 0.911
2024-05-23 16:25:31,584 - mainlogger - INFO - ********************************************************************************
2024-05-23 16:25:57,055 - mainlogger - INFO - Epoch 72  3.038894485682249
2024-05-23 16:25:57,056 - mainlogger - INFO - valid
2024-05-23 16:26:03,986 - mainlogger - INFO - 0
2024-05-23 16:26:03,987 - mainlogger - INFO - Dice score: 0.7159
2024-05-23 16:26:03,987 - mainlogger - INFO - Accuracy: 0.9592
2024-05-23 16:26:03,987 - mainlogger - INFO - 1
2024-05-23 16:26:03,987 - mainlogger - INFO - Dice score: 0.6701
2024-05-23 16:26:03,987 - mainlogger - INFO - Accuracy: 0.8887
2024-05-23 16:26:03,987 - mainlogger - INFO - 0.00044370531249999997->0.00037714951562499996
2024-05-23 16:26:03,987 - mainlogger - DEBUG - test
2024-05-23 16:26:10,947 - mainlogger - INFO - 0
2024-05-23 16:26:10,948 - mainlogger - INFO - Dice score: 0.7736
2024-05-23 16:26:10,948 - mainlogger - INFO - Accuracy: 0.9665
2024-05-23 16:26:10,948 - mainlogger - INFO - 1
2024-05-23 16:26:10,948 - mainlogger - INFO - Dice score: 0.6805
2024-05-23 16:26:10,948 - mainlogger - INFO - Accuracy: 0.9057
2024-05-23 16:26:10,951 - mainlogger - INFO - ********************************************************************************
2024-05-23 16:26:35,605 - mainlogger - INFO - Epoch 73  2.907789196819067
2024-05-23 16:26:35,605 - mainlogger - INFO - valid
2024-05-23 16:26:41,703 - mainlogger - INFO - 0
2024-05-23 16:26:41,704 - mainlogger - INFO - Dice score: 0.7459
2024-05-23 16:26:41,704 - mainlogger - INFO - Accuracy: 0.9641
2024-05-23 16:26:41,704 - mainlogger - INFO - 1
2024-05-23 16:26:41,704 - mainlogger - INFO - Dice score: 0.6918
2024-05-23 16:26:41,704 - mainlogger - INFO - Accuracy: 0.8935
2024-05-23 16:26:41,704 - mainlogger - DEBUG - test
2024-05-23 16:26:48,700 - mainlogger - INFO - 0
2024-05-23 16:26:48,700 - mainlogger - INFO - Dice score: 0.7819
2024-05-23 16:26:48,700 - mainlogger - INFO - Accuracy: 0.9672
2024-05-23 16:26:48,700 - mainlogger - INFO - 1
2024-05-23 16:26:48,700 - mainlogger - INFO - Dice score: 0.691
2024-05-23 16:26:48,700 - mainlogger - INFO - Accuracy: 0.9109
2024-05-23 16:26:48,700 - mainlogger - INFO - ********************************************************************************
2024-05-23 16:27:13,869 - mainlogger - INFO - Epoch 74  2.8391166515648365
2024-05-23 16:27:13,869 - mainlogger - INFO - valid
2024-05-23 16:27:21,311 - mainlogger - INFO - 0
2024-05-23 16:27:21,311 - mainlogger - INFO - Dice score: 0.7532
2024-05-23 16:27:21,311 - mainlogger - INFO - Accuracy: 0.9662
2024-05-23 16:27:21,311 - mainlogger - INFO - 1
2024-05-23 16:27:21,311 - mainlogger - INFO - Dice score: 0.7334
2024-05-23 16:27:21,311 - mainlogger - INFO - Accuracy: 0.9234
2024-05-23 16:27:21,311 - mainlogger - DEBUG - test
2024-05-23 16:27:28,780 - mainlogger - INFO - 0
2024-05-23 16:27:28,781 - mainlogger - INFO - Dice score: 0.7922
2024-05-23 16:27:28,781 - mainlogger - INFO - Accuracy: 0.969
2024-05-23 16:27:28,781 - mainlogger - INFO - 1
2024-05-23 16:27:28,781 - mainlogger - INFO - Dice score: 0.6773
2024-05-23 16:27:28,781 - mainlogger - INFO - Accuracy: 0.9107
2024-05-23 16:27:28,781 - mainlogger - INFO - ********************************************************************************
2024-05-23 16:27:55,782 - mainlogger - INFO - Epoch 75  2.9620075803250074
2024-05-23 16:27:55,782 - mainlogger - INFO - valid
2024-05-23 16:28:03,931 - mainlogger - INFO - 0
2024-05-23 16:28:03,933 - mainlogger - INFO - Dice score: 0.7533
2024-05-23 16:28:03,933 - mainlogger - INFO - Accuracy: 0.9652
2024-05-23 16:28:03,934 - mainlogger - INFO - 1
2024-05-23 16:28:03,934 - mainlogger - INFO - Dice score: 0.7347
2024-05-23 16:28:03,934 - mainlogger - INFO - Accuracy: 0.9196
2024-05-23 16:28:03,943 - mainlogger - DEBUG - test
2024-05-23 16:28:11,947 - mainlogger - INFO - 0
2024-05-23 16:28:11,947 - mainlogger - INFO - Dice score: 0.7869
2024-05-23 16:28:11,948 - mainlogger - INFO - Accuracy: 0.9675
2024-05-23 16:28:11,948 - mainlogger - INFO - 1
2024-05-23 16:28:11,948 - mainlogger - INFO - Dice score: 0.702
2024-05-23 16:28:11,948 - mainlogger - INFO - Accuracy: 0.9155
2024-05-23 16:28:11,948 - mainlogger - INFO - ********************************************************************************
2024-05-23 16:28:38,819 - mainlogger - INFO - Epoch 76  3.0256483796983957
2024-05-23 16:28:38,819 - mainlogger - INFO - valid
2024-05-23 16:28:46,302 - mainlogger - INFO - 0
2024-05-23 16:28:46,303 - mainlogger - INFO - Dice score: 0.7783
2024-05-23 16:28:46,303 - mainlogger - INFO - Accuracy: 0.9668
2024-05-23 16:28:46,303 - mainlogger - INFO - 1
2024-05-23 16:28:46,303 - mainlogger - INFO - Dice score: 0.7275
2024-05-23 16:28:46,303 - mainlogger - INFO - Accuracy: 0.9068
2024-05-23 16:28:46,303 - mainlogger - INFO - 0.00037714951562499996->0.00032057708828124994
2024-05-23 16:28:46,303 - mainlogger - DEBUG - test
2024-05-23 16:28:53,575 - mainlogger - INFO - 0
2024-05-23 16:28:53,575 - mainlogger - INFO - Dice score: 0.7761
2024-05-23 16:28:53,575 - mainlogger - INFO - Accuracy: 0.9641
2024-05-23 16:28:53,576 - mainlogger - INFO - 1
2024-05-23 16:28:53,576 - mainlogger - INFO - Dice score: 0.7275
2024-05-23 16:28:53,576 - mainlogger - INFO - Accuracy: 0.9158
2024-05-23 16:28:53,576 - mainlogger - INFO - ********************************************************************************
2024-05-23 16:29:15,182 - mainlogger - INFO - Epoch 77  2.8129123393446207
2024-05-23 16:29:15,183 - mainlogger - INFO - valid
2024-05-23 16:29:22,281 - mainlogger - INFO - 0
2024-05-23 16:29:22,281 - mainlogger - INFO - Dice score: 0.759
2024-05-23 16:29:22,281 - mainlogger - INFO - Accuracy: 0.9656
2024-05-23 16:29:22,281 - mainlogger - INFO - 1
2024-05-23 16:29:22,281 - mainlogger - INFO - Dice score: 0.7039
2024-05-23 16:29:22,281 - mainlogger - INFO - Accuracy: 0.8978
2024-05-23 16:29:22,281 - mainlogger - DEBUG - test
2024-05-23 16:29:29,328 - mainlogger - INFO - 0
2024-05-23 16:29:29,329 - mainlogger - INFO - Dice score: 0.7775
2024-05-23 16:29:29,329 - mainlogger - INFO - Accuracy: 0.9671
2024-05-23 16:29:29,329 - mainlogger - INFO - 1
2024-05-23 16:29:29,330 - mainlogger - INFO - Dice score: 0.7219
2024-05-23 16:29:29,330 - mainlogger - INFO - Accuracy: 0.9177
2024-05-23 16:29:29,340 - mainlogger - INFO - ********************************************************************************
2024-05-23 16:29:53,382 - mainlogger - INFO - Epoch 78  2.640747679397464
2024-05-23 16:29:53,382 - mainlogger - INFO - valid
2024-05-23 16:30:00,409 - mainlogger - INFO - 0
2024-05-23 16:30:00,410 - mainlogger - INFO - Dice score: 0.7412
2024-05-23 16:30:00,410 - mainlogger - INFO - Accuracy: 0.9632
2024-05-23 16:30:00,410 - mainlogger - INFO - 1
2024-05-23 16:30:00,410 - mainlogger - INFO - Dice score: 0.7022
2024-05-23 16:30:00,410 - mainlogger - INFO - Accuracy: 0.9026
2024-05-23 16:30:00,410 - mainlogger - DEBUG - test
2024-05-23 16:30:07,223 - mainlogger - INFO - 0
2024-05-23 16:30:07,223 - mainlogger - INFO - Dice score: 0.7821
2024-05-23 16:30:07,223 - mainlogger - INFO - Accuracy: 0.9679
2024-05-23 16:30:07,224 - mainlogger - INFO - 1
2024-05-23 16:30:07,224 - mainlogger - INFO - Dice score: 0.7081
2024-05-23 16:30:07,224 - mainlogger - INFO - Accuracy: 0.9161
2024-05-23 16:30:07,225 - mainlogger - INFO - ********************************************************************************
2024-05-23 16:30:32,298 - mainlogger - INFO - Epoch 79  2.648906074464321
2024-05-23 16:30:32,298 - mainlogger - INFO - valid
2024-05-23 16:30:39,484 - mainlogger - INFO - 0
2024-05-23 16:30:39,484 - mainlogger - INFO - Dice score: 0.7449
2024-05-23 16:30:39,484 - mainlogger - INFO - Accuracy: 0.9615
2024-05-23 16:30:39,484 - mainlogger - INFO - 1
2024-05-23 16:30:39,484 - mainlogger - INFO - Dice score: 0.6785
2024-05-23 16:30:39,484 - mainlogger - INFO - Accuracy: 0.8849
2024-05-23 16:30:39,484 - mainlogger - DEBUG - test
2024-05-23 16:30:46,576 - mainlogger - INFO - 0
2024-05-23 16:30:46,577 - mainlogger - INFO - Dice score: 0.7713
2024-05-23 16:30:46,577 - mainlogger - INFO - Accuracy: 0.9644
2024-05-23 16:30:46,577 - mainlogger - INFO - 1
2024-05-23 16:30:46,577 - mainlogger - INFO - Dice score: 0.7185
2024-05-23 16:30:46,577 - mainlogger - INFO - Accuracy: 0.9103
2024-05-23 16:30:46,577 - mainlogger - INFO - ********************************************************************************
2024-05-23 16:31:10,780 - mainlogger - INFO - Epoch 80  2.7773289270699024
2024-05-23 16:31:10,780 - mainlogger - INFO - valid
2024-05-23 16:31:17,732 - mainlogger - INFO - 0
2024-05-23 16:31:17,732 - mainlogger - INFO - Dice score: 0.7302
2024-05-23 16:31:17,732 - mainlogger - INFO - Accuracy: 0.9604
2024-05-23 16:31:17,732 - mainlogger - INFO - 1
2024-05-23 16:31:17,732 - mainlogger - INFO - Dice score: 0.693
2024-05-23 16:31:17,732 - mainlogger - INFO - Accuracy: 0.8954
2024-05-23 16:31:17,733 - mainlogger - INFO - 0.00032057708828124994->0.0002724905250390624
2024-05-23 16:31:17,733 - mainlogger - DEBUG - test
2024-05-23 16:31:24,725 - mainlogger - INFO - 0
2024-05-23 16:31:24,726 - mainlogger - INFO - Dice score: 0.7688
2024-05-23 16:31:24,726 - mainlogger - INFO - Accuracy: 0.9643
2024-05-23 16:31:24,726 - mainlogger - INFO - 1
2024-05-23 16:31:24,726 - mainlogger - INFO - Dice score: 0.7038
2024-05-23 16:31:24,726 - mainlogger - INFO - Accuracy: 0.9111
2024-05-23 16:31:24,726 - mainlogger - INFO - ********************************************************************************
2024-05-23 16:31:51,445 - mainlogger - INFO - Epoch 81  2.6997333467006683
2024-05-23 16:31:51,445 - mainlogger - INFO - valid
2024-05-23 16:31:58,366 - mainlogger - INFO - 0
2024-05-23 16:31:58,366 - mainlogger - INFO - Dice score: 0.7394
2024-05-23 16:31:58,366 - mainlogger - INFO - Accuracy: 0.9603
2024-05-23 16:31:58,366 - mainlogger - INFO - 1
2024-05-23 16:31:58,366 - mainlogger - INFO - Dice score: 0.6832
2024-05-23 16:31:58,366 - mainlogger - INFO - Accuracy: 0.8857
2024-05-23 16:31:58,366 - mainlogger - DEBUG - test
2024-05-23 16:32:05,201 - mainlogger - INFO - 0
2024-05-23 16:32:05,202 - mainlogger - INFO - Dice score: 0.7825
2024-05-23 16:32:05,202 - mainlogger - INFO - Accuracy: 0.966
2024-05-23 16:32:05,202 - mainlogger - INFO - 1
2024-05-23 16:32:05,202 - mainlogger - INFO - Dice score: 0.6883
2024-05-23 16:32:05,202 - mainlogger - INFO - Accuracy: 0.8991
2024-05-23 16:32:05,208 - mainlogger - INFO - ********************************************************************************
2024-05-23 16:32:30,134 - mainlogger - INFO - Epoch 82  2.823482397943735
2024-05-23 16:32:30,134 - mainlogger - INFO - valid
2024-05-23 16:32:37,121 - mainlogger - INFO - 0
2024-05-23 16:32:37,122 - mainlogger - INFO - Dice score: 0.737
2024-05-23 16:32:37,122 - mainlogger - INFO - Accuracy: 0.9633
2024-05-23 16:32:37,122 - mainlogger - INFO - 1
2024-05-23 16:32:37,122 - mainlogger - INFO - Dice score: 0.7037
2024-05-23 16:32:37,122 - mainlogger - INFO - Accuracy: 0.9057
2024-05-23 16:32:37,127 - mainlogger - DEBUG - test
2024-05-23 16:32:43,970 - mainlogger - INFO - 0
2024-05-23 16:32:43,970 - mainlogger - INFO - Dice score: 0.7904
2024-05-23 16:32:43,970 - mainlogger - INFO - Accuracy: 0.9693
2024-05-23 16:32:43,970 - mainlogger - INFO - 1
2024-05-23 16:32:43,970 - mainlogger - INFO - Dice score: 0.6755
2024-05-23 16:32:43,971 - mainlogger - INFO - Accuracy: 0.9092
2024-05-23 16:32:43,971 - mainlogger - INFO - ********************************************************************************
2024-05-23 16:33:08,692 - mainlogger - INFO - Epoch 83  2.6619549971073866
2024-05-23 16:33:08,692 - mainlogger - INFO - valid
2024-05-23 16:33:13,620 - mainlogger - INFO - 0
2024-05-23 16:33:13,620 - mainlogger - INFO - Dice score: 0.7319
2024-05-23 16:33:13,620 - mainlogger - INFO - Accuracy: 0.962
2024-05-23 16:33:13,620 - mainlogger - INFO - 1
2024-05-23 16:33:13,620 - mainlogger - INFO - Dice score: 0.7082
2024-05-23 16:33:13,620 - mainlogger - INFO - Accuracy: 0.9069
2024-05-23 16:33:13,620 - mainlogger - DEBUG - test
2024-05-23 16:33:18,556 - mainlogger - INFO - 0
2024-05-23 16:33:18,557 - mainlogger - INFO - Dice score: 0.7776
2024-05-23 16:33:18,557 - mainlogger - INFO - Accuracy: 0.9668
2024-05-23 16:33:18,557 - mainlogger - INFO - 1
2024-05-23 16:33:18,557 - mainlogger - INFO - Dice score: 0.689
2024-05-23 16:33:18,557 - mainlogger - INFO - Accuracy: 0.9122
2024-05-23 16:33:18,557 - mainlogger - INFO - ********************************************************************************
2024-05-23 16:33:41,348 - mainlogger - INFO - Epoch 84  2.619794165715575
2024-05-23 16:33:41,349 - mainlogger - INFO - valid
2024-05-23 16:33:47,941 - mainlogger - INFO - 0
2024-05-23 16:33:47,941 - mainlogger - INFO - Dice score: 0.7184
2024-05-23 16:33:47,941 - mainlogger - INFO - Accuracy: 0.9585
2024-05-23 16:33:47,941 - mainlogger - INFO - 1
2024-05-23 16:33:47,941 - mainlogger - INFO - Dice score: 0.687
2024-05-23 16:33:47,941 - mainlogger - INFO - Accuracy: 0.8972
2024-05-23 16:33:47,941 - mainlogger - INFO - 0.0002724905250390624->0.00023161694628320305
2024-05-23 16:33:47,941 - mainlogger - DEBUG - test
2024-05-23 16:33:55,302 - mainlogger - INFO - 0
2024-05-23 16:33:55,302 - mainlogger - INFO - Dice score: 0.7746
2024-05-23 16:33:55,302 - mainlogger - INFO - Accuracy: 0.9661
2024-05-23 16:33:55,303 - mainlogger - INFO - 1
2024-05-23 16:33:55,303 - mainlogger - INFO - Dice score: 0.7075
2024-05-23 16:33:55,303 - mainlogger - INFO - Accuracy: 0.9125
2024-05-23 16:33:55,303 - mainlogger - INFO - ********************************************************************************
2024-05-23 16:34:21,728 - mainlogger - INFO - Epoch 85  2.5423656441271305
2024-05-23 16:34:21,728 - mainlogger - INFO - valid
2024-05-23 16:34:29,393 - mainlogger - INFO - 0
2024-05-23 16:34:29,393 - mainlogger - INFO - Dice score: 0.7508
2024-05-23 16:34:29,393 - mainlogger - INFO - Accuracy: 0.9637
2024-05-23 16:34:29,393 - mainlogger - INFO - 1
2024-05-23 16:34:29,393 - mainlogger - INFO - Dice score: 0.7015
2024-05-23 16:34:29,393 - mainlogger - INFO - Accuracy: 0.8994
2024-05-23 16:34:29,394 - mainlogger - DEBUG - test
2024-05-23 16:34:36,777 - mainlogger - INFO - 0
2024-05-23 16:34:36,777 - mainlogger - INFO - Dice score: 0.7872
2024-05-23 16:34:36,777 - mainlogger - INFO - Accuracy: 0.9676
2024-05-23 16:34:36,777 - mainlogger - INFO - 1
2024-05-23 16:34:36,777 - mainlogger - INFO - Dice score: 0.7304
2024-05-23 16:34:36,777 - mainlogger - INFO - Accuracy: 0.9198
2024-05-23 16:34:36,777 - mainlogger - INFO - ********************************************************************************
2024-05-23 16:35:03,132 - mainlogger - INFO - Epoch 86  2.7151317708194256
2024-05-23 16:35:03,133 - mainlogger - INFO - valid
2024-05-23 16:35:10,674 - mainlogger - INFO - 0
2024-05-23 16:35:10,675 - mainlogger - INFO - Dice score: 0.7091
2024-05-23 16:35:10,675 - mainlogger - INFO - Accuracy: 0.961
2024-05-23 16:35:10,675 - mainlogger - INFO - 1
2024-05-23 16:35:10,675 - mainlogger - INFO - Dice score: 0.7063
2024-05-23 16:35:10,675 - mainlogger - INFO - Accuracy: 0.9082
2024-05-23 16:35:10,675 - mainlogger - DEBUG - test
2024-05-23 16:35:17,640 - mainlogger - INFO - 0
2024-05-23 16:35:17,640 - mainlogger - INFO - Dice score: 0.7598
2024-05-23 16:35:17,640 - mainlogger - INFO - Accuracy: 0.9657
2024-05-23 16:35:17,640 - mainlogger - INFO - 1
2024-05-23 16:35:17,640 - mainlogger - INFO - Dice score: 0.6832
2024-05-23 16:35:17,640 - mainlogger - INFO - Accuracy: 0.9117
2024-05-23 16:35:17,641 - mainlogger - INFO - ********************************************************************************
2024-05-23 16:35:41,450 - mainlogger - INFO - Epoch 87  2.481332365423441
2024-05-23 16:35:41,451 - mainlogger - INFO - valid
2024-05-23 16:35:48,810 - mainlogger - INFO - 0
2024-05-23 16:35:48,810 - mainlogger - INFO - Dice score: 0.7359
2024-05-23 16:35:48,811 - mainlogger - INFO - Accuracy: 0.9628
2024-05-23 16:35:48,811 - mainlogger - INFO - 1
2024-05-23 16:35:48,811 - mainlogger - INFO - Dice score: 0.6962
2024-05-23 16:35:48,811 - mainlogger - INFO - Accuracy: 0.8991
2024-05-23 16:35:48,818 - mainlogger - DEBUG - test
2024-05-23 16:35:56,087 - mainlogger - INFO - 0
2024-05-23 16:35:56,088 - mainlogger - INFO - Dice score: 0.784
2024-05-23 16:35:56,088 - mainlogger - INFO - Accuracy: 0.9681
2024-05-23 16:35:56,088 - mainlogger - INFO - 1
2024-05-23 16:35:56,088 - mainlogger - INFO - Dice score: 0.6799
2024-05-23 16:35:56,088 - mainlogger - INFO - Accuracy: 0.9066
2024-05-23 16:35:56,088 - mainlogger - INFO - ********************************************************************************
2024-05-23 16:36:21,915 - mainlogger - INFO - Epoch 88  2.506909880787134
2024-05-23 16:36:21,915 - mainlogger - INFO - valid
2024-05-23 16:36:29,574 - mainlogger - INFO - 0
2024-05-23 16:36:29,574 - mainlogger - INFO - Dice score: 0.7424
2024-05-23 16:36:29,574 - mainlogger - INFO - Accuracy: 0.9622
2024-05-23 16:36:29,574 - mainlogger - INFO - 1
2024-05-23 16:36:29,574 - mainlogger - INFO - Dice score: 0.7242
2024-05-23 16:36:29,574 - mainlogger - INFO - Accuracy: 0.9113
2024-05-23 16:36:29,574 - mainlogger - INFO - 0.00023161694628320305->0.0001968744043407226
2024-05-23 16:36:29,574 - mainlogger - DEBUG - test
2024-05-23 16:36:34,598 - mainlogger - INFO - 0
2024-05-23 16:36:34,598 - mainlogger - INFO - Dice score: 0.777
2024-05-23 16:36:34,598 - mainlogger - INFO - Accuracy: 0.9659
2024-05-23 16:36:34,599 - mainlogger - INFO - 1
2024-05-23 16:36:34,599 - mainlogger - INFO - Dice score: 0.6897
2024-05-23 16:36:34,599 - mainlogger - INFO - Accuracy: 0.9126
2024-05-23 16:36:34,602 - mainlogger - INFO - ********************************************************************************
2024-05-23 16:36:58,430 - mainlogger - INFO - Epoch 89  2.4750593788921833
2024-05-23 16:36:58,431 - mainlogger - INFO - valid
2024-05-23 16:37:06,262 - mainlogger - INFO - 0
2024-05-23 16:37:06,263 - mainlogger - INFO - Dice score: 0.7404
2024-05-23 16:37:06,263 - mainlogger - INFO - Accuracy: 0.9635
2024-05-23 16:37:06,263 - mainlogger - INFO - 1
2024-05-23 16:37:06,263 - mainlogger - INFO - Dice score: 0.7283
2024-05-23 16:37:06,263 - mainlogger - INFO - Accuracy: 0.9142
2024-05-23 16:37:06,263 - mainlogger - DEBUG - test
2024-05-23 16:37:14,060 - mainlogger - INFO - 0
2024-05-23 16:37:14,060 - mainlogger - INFO - Dice score: 0.7887
2024-05-23 16:37:14,060 - mainlogger - INFO - Accuracy: 0.9683
2024-05-23 16:37:14,060 - mainlogger - INFO - 1
2024-05-23 16:37:14,060 - mainlogger - INFO - Dice score: 0.6899
2024-05-23 16:37:14,060 - mainlogger - INFO - Accuracy: 0.9103
2024-05-23 16:37:14,060 - mainlogger - INFO - ********************************************************************************
2024-05-23 16:37:40,756 - mainlogger - INFO - Epoch 90  2.3883202709257603
2024-05-23 16:37:40,756 - mainlogger - INFO - valid
2024-05-23 16:37:48,549 - mainlogger - INFO - 0
2024-05-23 16:37:48,550 - mainlogger - INFO - Dice score: 0.7245
2024-05-23 16:37:48,550 - mainlogger - INFO - Accuracy: 0.96
2024-05-23 16:37:48,550 - mainlogger - INFO - 1
2024-05-23 16:37:48,550 - mainlogger - INFO - Dice score: 0.7156
2024-05-23 16:37:48,550 - mainlogger - INFO - Accuracy: 0.907
2024-05-23 16:37:48,550 - mainlogger - DEBUG - test
2024-05-23 16:37:55,608 - mainlogger - INFO - 0
2024-05-23 16:37:55,608 - mainlogger - INFO - Dice score: 0.7813
2024-05-23 16:37:55,608 - mainlogger - INFO - Accuracy: 0.9669
2024-05-23 16:37:55,609 - mainlogger - INFO - 1
2024-05-23 16:37:55,609 - mainlogger - INFO - Dice score: 0.7073
2024-05-23 16:37:55,609 - mainlogger - INFO - Accuracy: 0.9126
2024-05-23 16:37:55,609 - mainlogger - INFO - ********************************************************************************
2024-05-23 16:38:21,459 - mainlogger - INFO - Epoch 91  2.4335905238986015
2024-05-23 16:38:21,460 - mainlogger - INFO - valid
2024-05-23 16:38:28,979 - mainlogger - INFO - 0
2024-05-23 16:38:28,980 - mainlogger - INFO - Dice score: 0.7306
2024-05-23 16:38:28,980 - mainlogger - INFO - Accuracy: 0.9619
2024-05-23 16:38:28,980 - mainlogger - INFO - 1
2024-05-23 16:38:28,980 - mainlogger - INFO - Dice score: 0.7056
2024-05-23 16:38:28,980 - mainlogger - INFO - Accuracy: 0.9057
2024-05-23 16:38:28,980 - mainlogger - DEBUG - test
2024-05-23 16:38:36,612 - mainlogger - INFO - 0
2024-05-23 16:38:36,612 - mainlogger - INFO - Dice score: 0.7791
2024-05-23 16:38:36,612 - mainlogger - INFO - Accuracy: 0.9669
2024-05-23 16:38:36,612 - mainlogger - INFO - 1
2024-05-23 16:38:36,612 - mainlogger - INFO - Dice score: 0.6975
2024-05-23 16:38:36,612 - mainlogger - INFO - Accuracy: 0.9113
2024-05-23 16:38:36,613 - mainlogger - INFO - ********************************************************************************
2024-05-23 16:39:02,217 - mainlogger - INFO - Epoch 92  2.3879852406680584
2024-05-23 16:39:02,217 - mainlogger - INFO - valid
2024-05-23 16:39:09,244 - mainlogger - INFO - 0
2024-05-23 16:39:09,245 - mainlogger - INFO - Dice score: 0.7303
2024-05-23 16:39:09,245 - mainlogger - INFO - Accuracy: 0.9617
2024-05-23 16:39:09,245 - mainlogger - INFO - 1
2024-05-23 16:39:09,245 - mainlogger - INFO - Dice score: 0.7046
2024-05-23 16:39:09,245 - mainlogger - INFO - Accuracy: 0.9081
2024-05-23 16:39:09,245 - mainlogger - INFO - 0.0001968744043407226->0.0001673432436896142
2024-05-23 16:39:09,245 - mainlogger - DEBUG - test
2024-05-23 16:39:16,915 - mainlogger - INFO - 0
2024-05-23 16:39:16,915 - mainlogger - INFO - Dice score: 0.7602
2024-05-23 16:39:16,915 - mainlogger - INFO - Accuracy: 0.9638
2024-05-23 16:39:16,915 - mainlogger - INFO - 1
2024-05-23 16:39:16,915 - mainlogger - INFO - Dice score: 0.6828
2024-05-23 16:39:16,915 - mainlogger - INFO - Accuracy: 0.913
2024-05-23 16:39:16,922 - mainlogger - INFO - ********************************************************************************
2024-05-23 16:39:41,967 - mainlogger - INFO - Epoch 93  2.367009185254574
2024-05-23 16:39:41,968 - mainlogger - INFO - valid
2024-05-23 16:39:49,330 - mainlogger - INFO - 0
2024-05-23 16:39:49,330 - mainlogger - INFO - Dice score: 0.7191
2024-05-23 16:39:49,331 - mainlogger - INFO - Accuracy: 0.9603
2024-05-23 16:39:49,331 - mainlogger - INFO - 1
2024-05-23 16:39:49,331 - mainlogger - INFO - Dice score: 0.7006
2024-05-23 16:39:49,331 - mainlogger - INFO - Accuracy: 0.9042
2024-05-23 16:39:49,331 - mainlogger - DEBUG - test
2024-05-23 16:39:56,917 - mainlogger - INFO - 0
2024-05-23 16:39:56,917 - mainlogger - INFO - Dice score: 0.7908
2024-05-23 16:39:56,917 - mainlogger - INFO - Accuracy: 0.9689
2024-05-23 16:39:56,917 - mainlogger - INFO - 1
2024-05-23 16:39:56,917 - mainlogger - INFO - Dice score: 0.684
2024-05-23 16:39:56,917 - mainlogger - INFO - Accuracy: 0.9094
2024-05-23 16:39:56,917 - mainlogger - INFO - ********************************************************************************
2024-05-23 16:40:21,080 - mainlogger - INFO - Epoch 94  2.2051680013537407
2024-05-23 16:40:21,080 - mainlogger - INFO - valid
2024-05-23 16:40:28,048 - mainlogger - INFO - 0
2024-05-23 16:40:28,048 - mainlogger - INFO - Dice score: 0.7298
2024-05-23 16:40:28,048 - mainlogger - INFO - Accuracy: 0.9611
2024-05-23 16:40:28,048 - mainlogger - INFO - 1
2024-05-23 16:40:28,048 - mainlogger - INFO - Dice score: 0.7085
2024-05-23 16:40:28,048 - mainlogger - INFO - Accuracy: 0.9026
2024-05-23 16:40:28,048 - mainlogger - DEBUG - test
2024-05-23 16:40:34,106 - mainlogger - INFO - 0
2024-05-23 16:40:34,106 - mainlogger - INFO - Dice score: 0.7955
2024-05-23 16:40:34,106 - mainlogger - INFO - Accuracy: 0.9692
2024-05-23 16:40:34,106 - mainlogger - INFO - 1
2024-05-23 16:40:34,106 - mainlogger - INFO - Dice score: 0.7001
2024-05-23 16:40:34,106 - mainlogger - INFO - Accuracy: 0.9097
2024-05-23 16:40:34,111 - mainlogger - INFO - ********************************************************************************
2024-05-23 16:40:58,537 - mainlogger - INFO - Epoch 95  2.2443365529179573
2024-05-23 16:40:58,538 - mainlogger - INFO - valid
2024-05-23 16:41:05,538 - mainlogger - INFO - 0
2024-05-23 16:41:05,538 - mainlogger - INFO - Dice score: 0.752
2024-05-23 16:41:05,538 - mainlogger - INFO - Accuracy: 0.9644
2024-05-23 16:41:05,538 - mainlogger - INFO - 1
2024-05-23 16:41:05,538 - mainlogger - INFO - Dice score: 0.7194
2024-05-23 16:41:05,538 - mainlogger - INFO - Accuracy: 0.9091
2024-05-23 16:41:05,545 - mainlogger - DEBUG - test
2024-05-23 16:41:12,500 - mainlogger - INFO - 0
2024-05-23 16:41:12,500 - mainlogger - INFO - Dice score: 0.7911
2024-05-23 16:41:12,500 - mainlogger - INFO - Accuracy: 0.9681
2024-05-23 16:41:12,500 - mainlogger - INFO - 1
2024-05-23 16:41:12,500 - mainlogger - INFO - Dice score: 0.7004
2024-05-23 16:41:12,500 - mainlogger - INFO - Accuracy: 0.91
2024-05-23 16:41:12,507 - mainlogger - INFO - ********************************************************************************
2024-05-23 16:41:37,209 - mainlogger - INFO - Epoch 96  2.262617392465472
2024-05-23 16:41:37,209 - mainlogger - INFO - valid
2024-05-23 16:41:44,098 - mainlogger - INFO - 0
2024-05-23 16:41:44,098 - mainlogger - INFO - Dice score: 0.7463
2024-05-23 16:41:44,098 - mainlogger - INFO - Accuracy: 0.9653
2024-05-23 16:41:44,098 - mainlogger - INFO - 1
2024-05-23 16:41:44,098 - mainlogger - INFO - Dice score: 0.7311
2024-05-23 16:41:44,098 - mainlogger - INFO - Accuracy: 0.9159
2024-05-23 16:41:44,098 - mainlogger - INFO - 0.0001673432436896142->0.00014224175713617207
2024-05-23 16:41:44,098 - mainlogger - DEBUG - test
2024-05-23 16:41:51,019 - mainlogger - INFO - 0
2024-05-23 16:41:51,019 - mainlogger - INFO - Dice score: 0.7812
2024-05-23 16:41:51,019 - mainlogger - INFO - Accuracy: 0.9681
2024-05-23 16:41:51,019 - mainlogger - INFO - 1
2024-05-23 16:41:51,019 - mainlogger - INFO - Dice score: 0.6904
2024-05-23 16:41:51,019 - mainlogger - INFO - Accuracy: 0.9119
2024-05-23 16:41:51,019 - mainlogger - INFO - ********************************************************************************
2024-05-23 16:42:14,276 - mainlogger - INFO - Epoch 97  2.0964142717421055
2024-05-23 16:42:14,276 - mainlogger - INFO - valid
2024-05-23 16:42:19,438 - mainlogger - INFO - 0
2024-05-23 16:42:19,438 - mainlogger - INFO - Dice score: 0.76
2024-05-23 16:42:19,438 - mainlogger - INFO - Accuracy: 0.9668
2024-05-23 16:42:19,438 - mainlogger - INFO - 1
2024-05-23 16:42:19,438 - mainlogger - INFO - Dice score: 0.7346
2024-05-23 16:42:19,438 - mainlogger - INFO - Accuracy: 0.9199
2024-05-23 16:42:19,445 - mainlogger - DEBUG - test
2024-05-23 16:42:24,435 - mainlogger - INFO - 0
2024-05-23 16:42:24,435 - mainlogger - INFO - Dice score: 0.7971
2024-05-23 16:42:24,435 - mainlogger - INFO - Accuracy: 0.9706
2024-05-23 16:42:24,435 - mainlogger - INFO - 1
2024-05-23 16:42:24,435 - mainlogger - INFO - Dice score: 0.6783
2024-05-23 16:42:24,435 - mainlogger - INFO - Accuracy: 0.9105
2024-05-23 16:42:24,435 - mainlogger - INFO - ********************************************************************************
2024-05-23 16:42:49,341 - mainlogger - INFO - Epoch 98  2.155080270022154
2024-05-23 16:42:49,341 - mainlogger - INFO - valid
2024-05-23 16:42:57,011 - mainlogger - INFO - 0
2024-05-23 16:42:57,011 - mainlogger - INFO - Dice score: 0.7496
2024-05-23 16:42:57,011 - mainlogger - INFO - Accuracy: 0.9642
2024-05-23 16:42:57,011 - mainlogger - INFO - 1
2024-05-23 16:42:57,011 - mainlogger - INFO - Dice score: 0.7216
2024-05-23 16:42:57,011 - mainlogger - INFO - Accuracy: 0.9113
2024-05-23 16:42:57,011 - mainlogger - DEBUG - test
2024-05-23 16:43:04,208 - mainlogger - INFO - 0
2024-05-23 16:43:04,208 - mainlogger - INFO - Dice score: 0.7974
2024-05-23 16:43:04,208 - mainlogger - INFO - Accuracy: 0.9695
2024-05-23 16:43:04,208 - mainlogger - INFO - 1
2024-05-23 16:43:04,208 - mainlogger - INFO - Dice score: 0.6915
2024-05-23 16:43:04,208 - mainlogger - INFO - Accuracy: 0.9093
2024-05-23 16:43:04,208 - mainlogger - INFO - ********************************************************************************
2024-05-23 16:43:29,833 - mainlogger - INFO - Epoch 99  2.1292560398578644
2024-05-23 16:43:29,834 - mainlogger - INFO - valid
2024-05-23 16:43:37,597 - mainlogger - INFO - 0
2024-05-23 16:43:37,597 - mainlogger - INFO - Dice score: 0.7374
2024-05-23 16:43:37,597 - mainlogger - INFO - Accuracy: 0.9623
2024-05-23 16:43:37,597 - mainlogger - INFO - 1
2024-05-23 16:43:37,597 - mainlogger - INFO - Dice score: 0.7125
2024-05-23 16:43:37,597 - mainlogger - INFO - Accuracy: 0.9101
2024-05-23 16:43:37,606 - mainlogger - DEBUG - test
2024-05-23 16:43:44,897 - mainlogger - INFO - 0
2024-05-23 16:43:44,898 - mainlogger - INFO - Dice score: 0.7954
2024-05-23 16:43:44,898 - mainlogger - INFO - Accuracy: 0.9686
2024-05-23 16:43:44,898 - mainlogger - INFO - 1
2024-05-23 16:43:44,898 - mainlogger - INFO - Dice score: 0.6925
2024-05-23 16:43:44,898 - mainlogger - INFO - Accuracy: 0.9106
2024-05-23 16:43:44,898 - mainlogger - INFO - ********************************************************************************
2024-05-23 16:43:44,898 - mainlogger - DEBUG - [0.6993047227297012, 0.6084268164732769, 0.6960341033441961, 0.7021848269794068, 0.7100128181606618, 0.6940536850957003, 0.6998778307522745, 0.7106860668307466, 0.7383357462365407, 0.7064477120252114, 0.6779443410988899, 0.6765318436063258, 0.6797207056559134, 0.7012700910314346, 0.6822245779810927, 0.6992991981010657, 0.7413587049522572, 0.7133302281568323, 0.7490857014575629, 0.7413366372567161, 0.6501653633412557, 0.7275183299251202, 0.7384094025414979, 0.7164749320524436, 0.6824700050388197, 0.7395721922171752, 0.7381220465730755, 0.7186524256687483, 0.7317057978419828, 0.7309896391723965, 0.7548020465532966, 0.725648190482109, 0.7399441882158666, 0.7305881259425002, 0.7158262323317185, 0.7474517372851185, 0.7341238454140514, 0.7486071924108603, 0.7300031289736302, 0.7364798094805522, 0.7347119581160418, 0.7389886936242331, 0.6907815507201809, 0.7156613648434014, 0.7428793695222161, 0.7435204197243444, 0.7507635735903281, 0.7283688307703536, 0.7200029715816885, 0.7083193384151492, 0.7098869176736857, 0.708425518372393, 0.718958222386226, 0.7191525865822572, 0.70157388260672, 0.7239528016247805, 0.7075858105806097, 0.7141270009605836, 0.7327295660537299, 0.7339169556836539, 0.7196993275233108, 0.7171054391442931, 0.7166418497000242, 0.7090932023004438, 0.7181615251872319, 0.7344556956315825, 0.7380771116725701, 0.7465466909067852, 0.7346280330268686, 0.7241702905407738]
2024-05-23 16:43:44,899 - mainlogger - DEBUG - [0.6898973627335406, 0.589485322903625, 0.6700161507764478, 0.6769434920193345, 0.7079998358916896, 0.6813216341518256, 0.7004276564042031, 0.6842226130143302, 0.7261383319085937, 0.6852547264049725, 0.692987307355958, 0.6507327432652813, 0.6933166374254057, 0.6863016985587631, 0.7173938285010956, 0.7042489212499387, 0.7179161234878694, 0.7171604649959517, 0.7361176928768116, 0.743968682919508, 0.6810231871078821, 0.7439095631442469, 0.7305072680501743, 0.7156217858974642, 0.7101519366187993, 0.7404775418799624, 0.701594482315053, 0.7448162807569609, 0.7489117056293024, 0.7340679787069709, 0.7492446583669718, 0.7478743302220094, 0.7396926898072085, 0.7249060170063454, 0.7426984599064306, 0.7510960152791042, 0.7315870771137615, 0.7405477809636297, 0.7157694503659542, 0.732429535224851, 0.7500994606407372, 0.7029437325799753, 0.7324072830834514, 0.7425935713150443, 0.743347190128933, 0.7507800672464177, 0.7549591950369787, 0.7528334268502984, 0.7497741175670323, 0.7475566123077234, 0.740461268454936, 0.7399643528024562, 0.7406942235243688, 0.7395889092147813, 0.7449850187357162, 0.7623629478044038, 0.726329106942175, 0.7382578617359526, 0.7400809052628046, 0.7457936325860544, 0.7488155724966761, 0.7434128305890783, 0.7277375298776195, 0.7444258962457244, 0.7532089375653114, 0.7512782883072586, 0.7415076278421162, 0.7456347802266787, 0.7510264873564473, 0.7510964353241468]
2024-05-23 16:43:44,908 - mainlogger - INFO - final test
2024-05-23 16:43:52,143 - mainlogger - INFO - 0
2024-05-23 16:43:52,143 - mainlogger - INFO - Dice score: 0.7932
2024-05-23 16:43:52,143 - mainlogger - INFO - Accuracy: 0.9684
2024-05-23 16:43:52,143 - mainlogger - INFO - 1
2024-05-23 16:43:52,143 - mainlogger - INFO - Dice score: 0.6907
2024-05-23 16:43:52,143 - mainlogger - INFO - Accuracy: 0.91
