2024-05-21 14:49:30,483 - mainlogger - INFO - 5120
2024-05-21 14:49:30,483 - mainlogger - INFO - <class '__main__.UniversegPipeline'>
2024-05-21 14:49:30,483 - mainlogger - INFO - full/res_stack_se/leaky_relu.yaml
2024-05-21 14:49:30,483 - mainlogger - INFO - {'desc': '学习率调大10倍，模型减小为单层', 'batch_size': 8, 'epochs': 120, 'k': 2, 'test_k': 2, 'init': True, 'root_dir': '/Dataset_BUSI', 'model': {'name': 'universeg_res.universeg.UniverSeg', 'args': {'channels': [64, 128, 256, 512, 512], 'num_layers': [1, 1, 1, 1, 1], 'in_channels': [1, 2], 'init': True, 'act': 'LeakyReLU'}}, 'trainset': {'name': 'datasetBUSI.mask_busi_single.MaskBUSISingle', 'args': {'root_dir': '/Dataset_BUSI', 'image_names_path': 'labeled_all.txt', 'mode': 'train'}}, 'testset': {'name': 'datasetBUSI.mask_busi_single.MaskBUSISingle', 'args': {'root_dir': '/Dataset_BUSI', 'image_names_path': 'test.txt', 'mode': 'test'}}, 'validset': {'name': 'datasetBUSI.mask_busi_single.MaskBUSISingle', 'args': {'root_dir': '/Dataset_BUSI', 'image_names_path': 'val.txt', 'mode': 'test'}}, 'criterion': {'name': 'spgutils.focalloss.BinaryFocalLoss', 'args': {'gamma': 1}}, 'optimizer': {'name': 'torch.optim.Adam', 'args': {'lr': 0.001}}, 'scheduler': {'name': 'torch.optim.lr_scheduler.ReduceLROnPlateau', 'args': {'mode': 'max', 'factor': 0.85, 'patience': 3}}}
2024-05-21 14:49:30,484 - mainlogger - INFO - 39.82969093322754
2024-05-21 14:49:30,487 - mainlogger - INFO - init with relu
2024-05-21 14:50:25,754 - mainlogger - INFO - Epoch 0  16.33718428015709
2024-05-21 14:50:25,755 - mainlogger - INFO - ********************************************************************************
2024-05-21 14:51:17,675 - mainlogger - INFO - Epoch 1  15.13376960158348
2024-05-21 14:51:17,675 - mainlogger - INFO - train
2024-05-21 14:52:06,390 - mainlogger - INFO - Dice score: 0.4533
2024-05-21 14:52:06,391 - mainlogger - INFO - Accuracy: 0.8148
2024-05-21 14:52:06,391 - mainlogger - INFO - test
2024-05-21 14:52:23,499 - mainlogger - INFO - Dice score: 0.4032
2024-05-21 14:52:23,499 - mainlogger - INFO - Accuracy: 0.8283
2024-05-21 14:52:23,499 - mainlogger - INFO - ********************************************************************************
2024-05-21 14:53:15,476 - mainlogger - INFO - Epoch 2  14.83353465795517
2024-05-21 14:53:15,477 - mainlogger - INFO - ********************************************************************************
2024-05-21 14:54:06,061 - mainlogger - INFO - Epoch 3  13.678459420800209
2024-05-21 14:54:06,062 - mainlogger - INFO - ********************************************************************************
2024-05-21 14:54:57,285 - mainlogger - INFO - Epoch 4  12.809925585985184
2024-05-21 14:54:57,286 - mainlogger - INFO - ********************************************************************************
2024-05-21 14:55:48,878 - mainlogger - INFO - Epoch 5  11.995258390903473
2024-05-21 14:55:48,879 - mainlogger - INFO - ********************************************************************************
2024-05-21 14:56:40,332 - mainlogger - INFO - Epoch 6  11.367939442396164
2024-05-21 14:56:40,333 - mainlogger - INFO - ********************************************************************************
2024-05-21 14:57:31,513 - mainlogger - INFO - Epoch 7  11.229553520679474
2024-05-21 14:57:31,514 - mainlogger - INFO - ********************************************************************************
2024-05-21 14:58:22,387 - mainlogger - INFO - Epoch 8  10.254285514354706
2024-05-21 14:58:22,388 - mainlogger - INFO - ********************************************************************************
2024-05-21 14:59:13,592 - mainlogger - INFO - Epoch 9  10.271380335092545
2024-05-21 14:59:13,592 - mainlogger - INFO - ********************************************************************************
2024-05-21 15:00:04,377 - mainlogger - INFO - Epoch 10  9.707013368606567
2024-05-21 15:00:04,377 - mainlogger - INFO - ********************************************************************************
2024-05-21 15:00:55,083 - mainlogger - INFO - Epoch 11  9.325722962617874
2024-05-21 15:00:55,083 - mainlogger - INFO - train
2024-05-21 15:01:43,013 - mainlogger - INFO - Dice score: 0.5709
2024-05-21 15:01:43,013 - mainlogger - INFO - Accuracy: 0.9115
2024-05-21 15:01:43,013 - mainlogger - INFO - test
2024-05-21 15:01:58,914 - mainlogger - INFO - Dice score: 0.5606
2024-05-21 15:01:58,914 - mainlogger - INFO - Accuracy: 0.9222
2024-05-21 15:01:58,914 - mainlogger - INFO - ********************************************************************************
2024-05-21 15:02:50,812 - mainlogger - INFO - Epoch 12  8.688943356275558
2024-05-21 15:02:50,812 - mainlogger - INFO - ********************************************************************************
2024-05-21 15:03:41,884 - mainlogger - INFO - Epoch 13  8.461572840809822
2024-05-21 15:03:41,885 - mainlogger - INFO - ********************************************************************************
2024-05-21 15:04:32,315 - mainlogger - INFO - Epoch 14  8.510711282491684
2024-05-21 15:04:32,316 - mainlogger - INFO - ********************************************************************************
2024-05-21 15:05:23,482 - mainlogger - INFO - Epoch 15  8.233553238213062
2024-05-21 15:05:23,482 - mainlogger - INFO - ********************************************************************************
2024-05-21 15:06:14,804 - mainlogger - INFO - Epoch 16  7.464564792811871
2024-05-21 15:06:14,805 - mainlogger - INFO - ********************************************************************************
2024-05-21 15:07:05,786 - mainlogger - INFO - Epoch 17  7.483094550669193
2024-05-21 15:07:05,787 - mainlogger - INFO - ********************************************************************************
2024-05-21 15:07:56,466 - mainlogger - INFO - Epoch 18  7.050998672842979
2024-05-21 15:07:56,467 - mainlogger - INFO - ********************************************************************************
2024-05-21 15:08:47,091 - mainlogger - INFO - Epoch 19  6.814773410558701
2024-05-21 15:08:47,091 - mainlogger - INFO - ********************************************************************************
2024-05-21 15:09:38,492 - mainlogger - INFO - Epoch 20  6.750228084623814
2024-05-21 15:09:38,492 - mainlogger - INFO - ********************************************************************************
2024-05-21 15:10:29,577 - mainlogger - INFO - Epoch 21  6.520643942058086
2024-05-21 15:10:29,578 - mainlogger - INFO - train
2024-05-21 15:11:16,949 - mainlogger - INFO - Dice score: 0.6766
2024-05-21 15:11:16,949 - mainlogger - INFO - Accuracy: 0.9294
2024-05-21 15:11:16,949 - mainlogger - INFO - test
2024-05-21 15:11:32,616 - mainlogger - INFO - Dice score: 0.6084
2024-05-21 15:11:32,617 - mainlogger - INFO - Accuracy: 0.9309
2024-05-21 15:11:32,617 - mainlogger - INFO - ********************************************************************************
2024-05-21 15:12:23,617 - mainlogger - INFO - Epoch 22  6.572395026683807
2024-05-21 15:12:23,618 - mainlogger - INFO - ********************************************************************************
2024-05-21 15:13:15,008 - mainlogger - INFO - Epoch 23  6.466550014913082
2024-05-21 15:13:15,009 - mainlogger - INFO - ********************************************************************************
2024-05-21 15:14:06,360 - mainlogger - INFO - Epoch 24  5.931897111237049
2024-05-21 15:14:06,360 - mainlogger - INFO - ********************************************************************************
2024-05-21 15:14:57,407 - mainlogger - INFO - Epoch 25  6.157099410891533
2024-05-21 15:14:57,407 - mainlogger - INFO - ********************************************************************************
2024-05-21 15:15:47,974 - mainlogger - INFO - Epoch 26  5.972902201116085
2024-05-21 15:15:47,974 - mainlogger - INFO - ********************************************************************************
2024-05-21 15:16:39,002 - mainlogger - INFO - Epoch 27  5.772253789007664
2024-05-21 15:16:39,002 - mainlogger - INFO - ********************************************************************************
2024-05-21 15:17:30,289 - mainlogger - INFO - Epoch 28  5.68239626288414
2024-05-21 15:17:30,290 - mainlogger - INFO - ********************************************************************************
2024-05-21 15:18:20,863 - mainlogger - INFO - Epoch 29  5.6065822914242744
2024-05-21 15:18:20,863 - mainlogger - INFO - ********************************************************************************
2024-05-21 15:19:12,394 - mainlogger - INFO - Epoch 30  5.4043551459908485
2024-05-21 15:19:12,395 - mainlogger - INFO - ********************************************************************************
2024-05-21 15:20:03,719 - mainlogger - INFO - Epoch 31  5.5498127564787865
2024-05-21 15:20:03,720 - mainlogger - INFO - train
2024-05-21 15:20:51,350 - mainlogger - INFO - Dice score: 0.6982
2024-05-21 15:20:51,351 - mainlogger - INFO - Accuracy: 0.9319
2024-05-21 15:20:51,351 - mainlogger - INFO - test
2024-05-21 15:21:07,322 - mainlogger - INFO - Dice score: 0.6792
2024-05-21 15:21:07,322 - mainlogger - INFO - Accuracy: 0.9382
2024-05-21 15:21:07,323 - mainlogger - INFO - ********************************************************************************
2024-05-21 15:21:58,408 - mainlogger - INFO - Epoch 32  5.161640450358391
2024-05-21 15:21:58,408 - mainlogger - INFO - ********************************************************************************
2024-05-21 15:22:48,683 - mainlogger - INFO - Epoch 33  5.563950769603252
2024-05-21 15:22:48,683 - mainlogger - INFO - ********************************************************************************
2024-05-21 15:23:39,604 - mainlogger - INFO - Epoch 34  5.041856773197651
2024-05-21 15:23:39,605 - mainlogger - INFO - ********************************************************************************
2024-05-21 15:24:31,198 - mainlogger - INFO - Epoch 35  4.95450783520937
2024-05-21 15:24:31,199 - mainlogger - INFO - ********************************************************************************
2024-05-21 15:25:22,108 - mainlogger - INFO - Epoch 36  4.809902183711529
2024-05-21 15:25:22,108 - mainlogger - INFO - ********************************************************************************
2024-05-21 15:26:12,403 - mainlogger - INFO - Epoch 37  4.92116329446435
2024-05-21 15:26:12,403 - mainlogger - INFO - ********************************************************************************
2024-05-21 15:27:02,808 - mainlogger - INFO - Epoch 38  5.072088144719601
2024-05-21 15:27:02,808 - mainlogger - INFO - ********************************************************************************
2024-05-21 15:27:53,796 - mainlogger - INFO - Epoch 39  4.814105607569218
2024-05-21 15:27:53,797 - mainlogger - INFO - ********************************************************************************
2024-05-21 15:28:44,592 - mainlogger - INFO - Epoch 40  4.583949137479067
2024-05-21 15:28:44,592 - mainlogger - INFO - ********************************************************************************
2024-05-21 15:29:35,086 - mainlogger - INFO - Epoch 41  4.896958850324154
2024-05-21 15:29:35,087 - mainlogger - INFO - train
2024-05-21 15:30:22,258 - mainlogger - INFO - Dice score: 0.6829
2024-05-21 15:30:22,258 - mainlogger - INFO - Accuracy: 0.9278
2024-05-21 15:30:22,258 - mainlogger - INFO - test
2024-05-21 15:30:38,507 - mainlogger - INFO - Dice score: 0.6583
2024-05-21 15:30:38,508 - mainlogger - INFO - Accuracy: 0.9307
2024-05-21 15:30:38,508 - mainlogger - INFO - ********************************************************************************
2024-05-21 15:31:29,598 - mainlogger - INFO - Epoch 42  4.688744924962521
2024-05-21 15:31:29,598 - mainlogger - INFO - ********************************************************************************
2024-05-21 15:32:20,105 - mainlogger - INFO - Epoch 43  4.535905439406633
2024-05-21 15:32:20,106 - mainlogger - INFO - ********************************************************************************
2024-05-21 15:33:10,681 - mainlogger - INFO - Epoch 44  4.3675583228468895
2024-05-21 15:33:10,682 - mainlogger - INFO - ********************************************************************************
2024-05-21 15:34:00,877 - mainlogger - INFO - Epoch 45  4.337158210575581
2024-05-21 15:34:00,877 - mainlogger - INFO - ********************************************************************************
2024-05-21 15:34:51,669 - mainlogger - INFO - Epoch 46  4.081379484385252
2024-05-21 15:34:51,670 - mainlogger - INFO - ********************************************************************************
2024-05-21 15:35:42,689 - mainlogger - INFO - Epoch 47  4.508548308163881
2024-05-21 15:35:42,690 - mainlogger - INFO - ********************************************************************************
2024-05-21 15:36:33,579 - mainlogger - INFO - valid
2024-05-21 15:36:50,076 - mainlogger - INFO - Dice score: 0.7348
2024-05-21 15:36:50,076 - mainlogger - INFO - Accuracy: 0.9495
2024-05-21 15:36:50,077 - mainlogger - INFO - Epoch 48  4.510732177644968
2024-05-21 15:36:50,077 - mainlogger - INFO - ********************************************************************************
2024-05-21 15:37:40,102 - mainlogger - INFO - valid
2024-05-21 15:37:55,904 - mainlogger - INFO - Dice score: 0.7136
2024-05-21 15:37:55,905 - mainlogger - INFO - Accuracy: 0.9422
2024-05-21 15:37:55,905 - mainlogger - INFO - Epoch 49  4.105938348919153
2024-05-21 15:37:55,905 - mainlogger - INFO - ********************************************************************************
2024-05-21 15:38:46,799 - mainlogger - INFO - valid
2024-05-21 15:39:02,240 - mainlogger - INFO - Dice score: 0.7002
2024-05-21 15:39:02,241 - mainlogger - INFO - Accuracy: 0.9478
2024-05-21 15:39:02,241 - mainlogger - INFO - Epoch 50  4.12686600536108
2024-05-21 15:39:02,241 - mainlogger - INFO - ********************************************************************************
2024-05-21 15:39:53,483 - mainlogger - INFO - valid
2024-05-21 15:40:09,318 - mainlogger - INFO - Dice score: 0.7018
2024-05-21 15:40:09,318 - mainlogger - INFO - Accuracy: 0.9393
2024-05-21 15:40:09,318 - mainlogger - INFO - Epoch 51  3.9970062002539635
2024-05-21 15:40:09,318 - mainlogger - INFO - train
2024-05-21 15:40:56,058 - mainlogger - INFO - Dice score: 0.7738
2024-05-21 15:40:56,059 - mainlogger - INFO - Accuracy: 0.9478
2024-05-21 15:40:56,059 - mainlogger - INFO - test
2024-05-21 15:41:11,625 - mainlogger - INFO - Dice score: 0.7042
2024-05-21 15:41:11,625 - mainlogger - INFO - Accuracy: 0.9455
2024-05-21 15:41:11,625 - mainlogger - INFO - ********************************************************************************
2024-05-21 15:42:02,577 - mainlogger - INFO - valid
2024-05-21 15:42:18,504 - mainlogger - INFO - Dice score: 0.7229
2024-05-21 15:42:18,504 - mainlogger - INFO - Accuracy: 0.9448
2024-05-21 15:42:18,504 - mainlogger - INFO - 0.001->0.00085
2024-05-21 15:42:18,504 - mainlogger - INFO - Epoch 52  3.870869781821966
2024-05-21 15:42:18,504 - mainlogger - INFO - ********************************************************************************
2024-05-21 15:43:09,796 - mainlogger - INFO - valid
2024-05-21 15:43:25,589 - mainlogger - INFO - Dice score: 0.6942
2024-05-21 15:43:25,589 - mainlogger - INFO - Accuracy: 0.9441
2024-05-21 15:43:25,589 - mainlogger - INFO - Epoch 53  3.9734726697206497
2024-05-21 15:43:25,589 - mainlogger - INFO - ********************************************************************************
2024-05-21 15:44:16,504 - mainlogger - INFO - valid
2024-05-21 15:44:32,111 - mainlogger - INFO - Dice score: 0.7065
2024-05-21 15:44:32,111 - mainlogger - INFO - Accuracy: 0.9399
2024-05-21 15:44:32,111 - mainlogger - INFO - Epoch 54  3.882293950766325
2024-05-21 15:44:32,111 - mainlogger - INFO - ********************************************************************************
2024-05-21 15:45:23,591 - mainlogger - INFO - valid
2024-05-21 15:45:39,898 - mainlogger - INFO - Dice score: 0.7269
2024-05-21 15:45:39,898 - mainlogger - INFO - Accuracy: 0.9438
2024-05-21 15:45:39,898 - mainlogger - INFO - Epoch 55  3.7613707780838013
2024-05-21 15:45:39,898 - mainlogger - INFO - ********************************************************************************
2024-05-21 15:46:32,822 - mainlogger - INFO - valid
2024-05-21 15:46:49,028 - mainlogger - INFO - Dice score: 0.6842
2024-05-21 15:46:49,029 - mainlogger - INFO - Accuracy: 0.9464
2024-05-21 15:46:49,029 - mainlogger - INFO - 0.00085->0.0007224999999999999
2024-05-21 15:46:49,029 - mainlogger - INFO - Epoch 56  3.9664237909018993
2024-05-21 15:46:49,029 - mainlogger - INFO - ********************************************************************************
2024-05-21 15:47:41,132 - mainlogger - INFO - valid
2024-05-21 15:47:56,657 - mainlogger - INFO - Dice score: 0.7116
2024-05-21 15:47:56,657 - mainlogger - INFO - Accuracy: 0.9429
2024-05-21 15:47:56,657 - mainlogger - INFO - Epoch 57  3.8219637162983418
2024-05-21 15:47:56,657 - mainlogger - INFO - ********************************************************************************
2024-05-21 15:48:45,320 - mainlogger - INFO - valid
2024-05-21 15:49:01,047 - mainlogger - INFO - Dice score: 0.7348
2024-05-21 15:49:01,047 - mainlogger - INFO - Accuracy: 0.9484
2024-05-21 15:49:01,048 - mainlogger - INFO - Epoch 58  3.5153614804148674
2024-05-21 15:49:01,048 - mainlogger - INFO - ********************************************************************************
2024-05-21 15:49:52,372 - mainlogger - INFO - valid
2024-05-21 15:50:08,106 - mainlogger - INFO - Dice score: 0.7403
2024-05-21 15:50:08,107 - mainlogger - INFO - Accuracy: 0.9516
2024-05-21 15:50:08,107 - mainlogger - INFO - Epoch 59  3.3684406392276287
2024-05-21 15:50:08,107 - mainlogger - INFO - ********************************************************************************
2024-05-21 15:50:59,298 - mainlogger - INFO - valid
2024-05-21 15:51:15,012 - mainlogger - INFO - Dice score: 0.7183
2024-05-21 15:51:15,012 - mainlogger - INFO - Accuracy: 0.942
2024-05-21 15:51:15,012 - mainlogger - INFO - Epoch 60  3.601198587566614
2024-05-21 15:51:15,012 - mainlogger - INFO - ********************************************************************************
2024-05-21 15:52:06,001 - mainlogger - INFO - valid
2024-05-21 15:52:21,720 - mainlogger - INFO - Dice score: 0.7255
2024-05-21 15:52:21,721 - mainlogger - INFO - Accuracy: 0.9425
2024-05-21 15:52:21,721 - mainlogger - INFO - Epoch 61  3.5433230064809322
2024-05-21 15:52:21,721 - mainlogger - INFO - train
2024-05-21 15:53:09,852 - mainlogger - INFO - Dice score: 0.8222
2024-05-21 15:53:09,852 - mainlogger - INFO - Accuracy: 0.9576
2024-05-21 15:53:09,852 - mainlogger - INFO - test
2024-05-21 15:53:25,911 - mainlogger - INFO - Dice score: 0.7246
2024-05-21 15:53:25,911 - mainlogger - INFO - Accuracy: 0.9485
2024-05-21 15:53:25,911 - mainlogger - INFO - ********************************************************************************
2024-05-21 15:54:16,490 - mainlogger - INFO - valid
2024-05-21 15:54:32,002 - mainlogger - INFO - Dice score: 0.7233
2024-05-21 15:54:32,002 - mainlogger - INFO - Accuracy: 0.9453
2024-05-21 15:54:32,002 - mainlogger - INFO - Epoch 62  3.371519312262535
2024-05-21 15:54:32,003 - mainlogger - INFO - ********************************************************************************
2024-05-21 15:55:22,483 - mainlogger - INFO - valid
2024-05-21 15:55:38,099 - mainlogger - INFO - Dice score: 0.7077
2024-05-21 15:55:38,099 - mainlogger - INFO - Accuracy: 0.9425
2024-05-21 15:55:38,099 - mainlogger - INFO - 0.0007224999999999999->0.000614125
2024-05-21 15:55:38,099 - mainlogger - INFO - Epoch 63  3.410190772265196
2024-05-21 15:55:38,099 - mainlogger - INFO - ********************************************************************************
2024-05-21 15:56:28,584 - mainlogger - INFO - valid
2024-05-21 15:56:44,711 - mainlogger - INFO - Dice score: 0.7341
2024-05-21 15:56:44,711 - mainlogger - INFO - Accuracy: 0.9461
2024-05-21 15:56:44,711 - mainlogger - INFO - Epoch 64  3.225590154528618
2024-05-21 15:56:44,711 - mainlogger - INFO - ********************************************************************************
2024-05-21 15:57:34,700 - mainlogger - INFO - valid
2024-05-21 15:57:50,004 - mainlogger - INFO - Dice score: 0.7157
2024-05-21 15:57:50,004 - mainlogger - INFO - Accuracy: 0.9429
2024-05-21 15:57:50,004 - mainlogger - INFO - Epoch 65  3.30463495105505
2024-05-21 15:57:50,004 - mainlogger - INFO - ********************************************************************************
2024-05-21 15:58:40,000 - mainlogger - INFO - valid
2024-05-21 15:58:55,304 - mainlogger - INFO - Dice score: 0.7248
2024-05-21 15:58:55,304 - mainlogger - INFO - Accuracy: 0.9445
2024-05-21 15:58:55,304 - mainlogger - INFO - Epoch 66  3.2224786952137947
2024-05-21 15:58:55,304 - mainlogger - INFO - ********************************************************************************
2024-05-21 15:59:46,385 - mainlogger - INFO - valid
2024-05-21 16:00:02,220 - mainlogger - INFO - Dice score: 0.7222
2024-05-21 16:00:02,220 - mainlogger - INFO - Accuracy: 0.9462
2024-05-21 16:00:02,220 - mainlogger - INFO - 0.000614125->0.00052200625
2024-05-21 16:00:02,220 - mainlogger - INFO - Epoch 67  3.121362440288067
2024-05-21 16:00:02,220 - mainlogger - INFO - ********************************************************************************
2024-05-21 16:00:54,314 - mainlogger - INFO - valid
2024-05-21 16:01:09,991 - mainlogger - INFO - Dice score: 0.7347
2024-05-21 16:01:09,991 - mainlogger - INFO - Accuracy: 0.9486
2024-05-21 16:01:09,992 - mainlogger - INFO - Epoch 68  3.417392335832119
2024-05-21 16:01:09,992 - mainlogger - INFO - ********************************************************************************
2024-05-21 16:02:00,096 - mainlogger - INFO - valid
2024-05-21 16:02:15,616 - mainlogger - INFO - Dice score: 0.7231
2024-05-21 16:02:15,616 - mainlogger - INFO - Accuracy: 0.9447
2024-05-21 16:02:15,616 - mainlogger - INFO - Epoch 69  3.0659570805728436
2024-05-21 16:02:15,616 - mainlogger - INFO - ********************************************************************************
2024-05-21 16:03:05,598 - mainlogger - INFO - valid
2024-05-21 16:03:21,207 - mainlogger - INFO - Dice score: 0.7304
2024-05-21 16:03:21,207 - mainlogger - INFO - Accuracy: 0.9445
2024-05-21 16:03:21,207 - mainlogger - INFO - Epoch 70  3.116193689405918
2024-05-21 16:03:21,207 - mainlogger - INFO - ********************************************************************************
2024-05-21 16:04:12,568 - mainlogger - INFO - valid
2024-05-21 16:04:28,792 - mainlogger - INFO - Dice score: 0.7351
2024-05-21 16:04:28,793 - mainlogger - INFO - Accuracy: 0.9461
2024-05-21 16:04:28,793 - mainlogger - INFO - 0.00052200625->0.00044370531249999997
2024-05-21 16:04:28,793 - mainlogger - INFO - Epoch 71  2.9960331432521343
2024-05-21 16:04:28,793 - mainlogger - INFO - train
2024-05-21 16:05:16,486 - mainlogger - INFO - Dice score: 0.8557
2024-05-21 16:05:16,487 - mainlogger - INFO - Accuracy: 0.966
2024-05-21 16:05:16,487 - mainlogger - INFO - test
2024-05-21 16:05:32,123 - mainlogger - INFO - Dice score: 0.7739
2024-05-21 16:05:32,123 - mainlogger - INFO - Accuracy: 0.9569
2024-05-21 16:05:32,123 - mainlogger - INFO - ********************************************************************************
2024-05-21 16:06:22,885 - mainlogger - INFO - valid
2024-05-21 16:06:38,518 - mainlogger - INFO - Dice score: 0.7312
2024-05-21 16:06:38,518 - mainlogger - INFO - Accuracy: 0.9496
2024-05-21 16:06:38,519 - mainlogger - INFO - Epoch 72  2.886877838522196
2024-05-21 16:06:38,519 - mainlogger - INFO - ********************************************************************************
2024-05-21 16:07:29,377 - mainlogger - INFO - valid
2024-05-21 16:07:45,299 - mainlogger - INFO - Dice score: 0.7274
2024-05-21 16:07:45,299 - mainlogger - INFO - Accuracy: 0.9468
2024-05-21 16:07:45,299 - mainlogger - INFO - Epoch 73  2.852610094472766
2024-05-21 16:07:45,299 - mainlogger - INFO - ********************************************************************************
2024-05-21 16:08:36,986 - mainlogger - INFO - valid
2024-05-21 16:08:52,496 - mainlogger - INFO - Dice score: 0.7285
2024-05-21 16:08:52,496 - mainlogger - INFO - Accuracy: 0.9441
2024-05-21 16:08:52,496 - mainlogger - INFO - Epoch 74  2.731827212497592
2024-05-21 16:08:52,496 - mainlogger - INFO - ********************************************************************************
2024-05-21 16:09:43,207 - mainlogger - INFO - valid
2024-05-21 16:09:59,310 - mainlogger - INFO - Dice score: 0.7443
2024-05-21 16:09:59,311 - mainlogger - INFO - Accuracy: 0.9515
2024-05-21 16:09:59,311 - mainlogger - INFO - Epoch 75  2.829804629087448
2024-05-21 16:09:59,311 - mainlogger - INFO - ********************************************************************************
2024-05-21 16:10:49,628 - mainlogger - INFO - valid
2024-05-21 16:11:05,402 - mainlogger - INFO - Dice score: 0.7506
2024-05-21 16:11:05,402 - mainlogger - INFO - Accuracy: 0.9509
2024-05-21 16:11:05,402 - mainlogger - INFO - Epoch 76  2.9968955293297768
2024-05-21 16:11:05,402 - mainlogger - INFO - ********************************************************************************
2024-05-21 16:11:56,612 - mainlogger - INFO - valid
2024-05-21 16:12:12,216 - mainlogger - INFO - Dice score: 0.7293
2024-05-21 16:12:12,216 - mainlogger - INFO - Accuracy: 0.9456
2024-05-21 16:12:12,216 - mainlogger - INFO - Epoch 77  2.920594286173582
2024-05-21 16:12:12,216 - mainlogger - INFO - ********************************************************************************
2024-05-21 16:13:02,734 - mainlogger - INFO - valid
2024-05-21 16:13:19,109 - mainlogger - INFO - Dice score: 0.7326
2024-05-21 16:13:19,109 - mainlogger - INFO - Accuracy: 0.9439
2024-05-21 16:13:19,109 - mainlogger - INFO - Epoch 78  2.9607033915817738
2024-05-21 16:13:19,109 - mainlogger - INFO - ********************************************************************************
2024-05-21 16:14:10,602 - mainlogger - INFO - valid
2024-05-21 16:14:26,108 - mainlogger - INFO - Dice score: 0.7394
2024-05-21 16:14:26,108 - mainlogger - INFO - Accuracy: 0.9508
2024-05-21 16:14:26,108 - mainlogger - INFO - Epoch 79  2.7139525078237057
2024-05-21 16:14:26,108 - mainlogger - INFO - ********************************************************************************
2024-05-21 16:15:16,894 - mainlogger - INFO - valid
2024-05-21 16:15:32,997 - mainlogger - INFO - Dice score: 0.7532
2024-05-21 16:15:32,997 - mainlogger - INFO - Accuracy: 0.9514
2024-05-21 16:15:32,997 - mainlogger - INFO - Epoch 80  2.6778255086392164
2024-05-21 16:15:32,997 - mainlogger - INFO - ********************************************************************************
2024-05-21 16:16:23,908 - mainlogger - INFO - valid
2024-05-21 16:16:39,681 - mainlogger - INFO - Dice score: 0.7423
2024-05-21 16:16:39,681 - mainlogger - INFO - Accuracy: 0.9493
2024-05-21 16:16:39,681 - mainlogger - INFO - Epoch 81  2.6133400835096836
2024-05-21 16:16:39,681 - mainlogger - INFO - train
2024-05-21 16:17:27,344 - mainlogger - INFO - Dice score: 0.8649
2024-05-21 16:17:27,344 - mainlogger - INFO - Accuracy: 0.968
2024-05-21 16:17:27,344 - mainlogger - INFO - test
2024-05-21 16:17:43,236 - mainlogger - INFO - Dice score: 0.7627
2024-05-21 16:17:43,237 - mainlogger - INFO - Accuracy: 0.9554
2024-05-21 16:17:43,237 - mainlogger - INFO - ********************************************************************************
2024-05-21 16:18:34,286 - mainlogger - INFO - valid
2024-05-21 16:18:49,909 - mainlogger - INFO - Dice score: 0.7135
2024-05-21 16:18:49,909 - mainlogger - INFO - Accuracy: 0.9364
2024-05-21 16:18:49,909 - mainlogger - INFO - Epoch 82  2.7987608164548874
2024-05-21 16:18:49,909 - mainlogger - INFO - ********************************************************************************
2024-05-21 16:19:41,118 - mainlogger - INFO - valid
2024-05-21 16:19:57,113 - mainlogger - INFO - Dice score: 0.7033
2024-05-21 16:19:57,113 - mainlogger - INFO - Accuracy: 0.9396
2024-05-21 16:19:57,114 - mainlogger - INFO - Epoch 83  2.5657245591282845
2024-05-21 16:19:57,114 - mainlogger - INFO - ********************************************************************************
2024-05-21 16:20:48,099 - mainlogger - INFO - valid
2024-05-21 16:21:03,997 - mainlogger - INFO - Dice score: 0.7237
2024-05-21 16:21:03,997 - mainlogger - INFO - Accuracy: 0.9433
2024-05-21 16:21:03,997 - mainlogger - INFO - 0.00044370531249999997->0.00037714951562499996
2024-05-21 16:21:03,997 - mainlogger - INFO - Epoch 84  2.8540804851800203
2024-05-21 16:21:03,997 - mainlogger - INFO - ********************************************************************************
2024-05-21 16:21:54,894 - mainlogger - INFO - valid
2024-05-21 16:22:10,612 - mainlogger - INFO - Dice score: 0.738
2024-05-21 16:22:10,612 - mainlogger - INFO - Accuracy: 0.9505
2024-05-21 16:22:10,612 - mainlogger - INFO - Epoch 85  2.7872092202305794
2024-05-21 16:22:10,612 - mainlogger - INFO - ********************************************************************************
2024-05-21 16:23:02,290 - mainlogger - INFO - valid
2024-05-21 16:23:18,198 - mainlogger - INFO - Dice score: 0.7491
2024-05-21 16:23:18,198 - mainlogger - INFO - Accuracy: 0.9535
2024-05-21 16:23:18,198 - mainlogger - INFO - Epoch 86  2.474336402490735
2024-05-21 16:23:18,198 - mainlogger - INFO - ********************************************************************************
2024-05-21 16:24:09,309 - mainlogger - INFO - valid
2024-05-21 16:24:25,205 - mainlogger - INFO - Dice score: 0.7109
2024-05-21 16:24:25,206 - mainlogger - INFO - Accuracy: 0.94
2024-05-21 16:24:25,206 - mainlogger - INFO - Epoch 87  2.5248501412570477
2024-05-21 16:24:25,206 - mainlogger - INFO - ********************************************************************************
2024-05-21 16:25:16,157 - mainlogger - INFO - valid
2024-05-21 16:25:31,898 - mainlogger - INFO - Dice score: 0.7365
2024-05-21 16:25:31,898 - mainlogger - INFO - Accuracy: 0.9462
2024-05-21 16:25:31,898 - mainlogger - INFO - 0.00037714951562499996->0.00032057708828124994
2024-05-21 16:25:31,898 - mainlogger - INFO - Epoch 88  2.7369505800306797
2024-05-21 16:25:31,898 - mainlogger - INFO - ********************************************************************************
2024-05-21 16:26:23,281 - mainlogger - INFO - valid
2024-05-21 16:26:39,200 - mainlogger - INFO - Dice score: 0.7494
2024-05-21 16:26:39,200 - mainlogger - INFO - Accuracy: 0.9523
2024-05-21 16:26:39,200 - mainlogger - INFO - Epoch 89  2.491497876122594
2024-05-21 16:26:39,200 - mainlogger - INFO - ********************************************************************************
2024-05-21 16:27:29,902 - mainlogger - INFO - valid
2024-05-21 16:27:45,822 - mainlogger - INFO - Dice score: 0.7212
2024-05-21 16:27:45,822 - mainlogger - INFO - Accuracy: 0.9431
2024-05-21 16:27:45,822 - mainlogger - INFO - Epoch 90  2.3520646318793297
2024-05-21 16:27:45,823 - mainlogger - INFO - ********************************************************************************
2024-05-21 16:28:37,106 - mainlogger - INFO - valid
2024-05-21 16:28:52,803 - mainlogger - INFO - Dice score: 0.7339
2024-05-21 16:28:52,803 - mainlogger - INFO - Accuracy: 0.9473
2024-05-21 16:28:52,803 - mainlogger - INFO - Epoch 91  2.4530640821903944
2024-05-21 16:28:52,803 - mainlogger - INFO - train
2024-05-21 16:29:41,456 - mainlogger - INFO - Dice score: 0.8842
2024-05-21 16:29:41,456 - mainlogger - INFO - Accuracy: 0.9723
2024-05-21 16:29:41,457 - mainlogger - INFO - test
2024-05-21 16:29:57,783 - mainlogger - INFO - Dice score: 0.7488
2024-05-21 16:29:57,784 - mainlogger - INFO - Accuracy: 0.9529
2024-05-21 16:29:57,784 - mainlogger - INFO - ********************************************************************************
2024-05-21 16:30:48,301 - mainlogger - INFO - valid
2024-05-21 16:31:04,020 - mainlogger - INFO - Dice score: 0.7226
2024-05-21 16:31:04,020 - mainlogger - INFO - Accuracy: 0.9464
2024-05-21 16:31:04,020 - mainlogger - INFO - 0.00032057708828124994->0.0002724905250390624
2024-05-21 16:31:04,020 - mainlogger - INFO - Epoch 92  2.3030383996665478
2024-05-21 16:31:04,020 - mainlogger - INFO - ********************************************************************************
2024-05-21 16:31:55,398 - mainlogger - INFO - valid
2024-05-21 16:32:10,909 - mainlogger - INFO - Dice score: 0.7419
2024-05-21 16:32:10,909 - mainlogger - INFO - Accuracy: 0.948
2024-05-21 16:32:10,909 - mainlogger - INFO - Epoch 93  2.3174588829278946
2024-05-21 16:32:10,909 - mainlogger - INFO - ********************************************************************************
2024-05-21 16:33:01,688 - mainlogger - INFO - valid
2024-05-21 16:33:17,602 - mainlogger - INFO - Dice score: 0.7028
2024-05-21 16:33:17,602 - mainlogger - INFO - Accuracy: 0.9386
2024-05-21 16:33:17,602 - mainlogger - INFO - Epoch 94  2.283851258456707
2024-05-21 16:33:17,602 - mainlogger - INFO - ********************************************************************************
2024-05-21 16:34:08,307 - mainlogger - INFO - valid
2024-05-21 16:34:23,701 - mainlogger - INFO - Dice score: 0.7331
2024-05-21 16:34:23,701 - mainlogger - INFO - Accuracy: 0.9462
2024-05-21 16:34:23,701 - mainlogger - INFO - Epoch 95  2.3219419792294502
2024-05-21 16:34:23,701 - mainlogger - INFO - ********************************************************************************
2024-05-21 16:35:15,014 - mainlogger - INFO - valid
2024-05-21 16:35:30,678 - mainlogger - INFO - Dice score: 0.7251
2024-05-21 16:35:30,679 - mainlogger - INFO - Accuracy: 0.9465
2024-05-21 16:35:30,679 - mainlogger - INFO - 0.0002724905250390624->0.00023161694628320305
2024-05-21 16:35:30,679 - mainlogger - INFO - Epoch 96  2.1925100050866604
2024-05-21 16:35:30,679 - mainlogger - INFO - ********************************************************************************
2024-05-21 16:36:22,295 - mainlogger - INFO - valid
2024-05-21 16:36:38,429 - mainlogger - INFO - Dice score: 0.7411
2024-05-21 16:36:38,429 - mainlogger - INFO - Accuracy: 0.9482
2024-05-21 16:36:38,429 - mainlogger - INFO - Epoch 97  2.099993186071515
2024-05-21 16:36:38,429 - mainlogger - INFO - ********************************************************************************
2024-05-21 16:37:29,707 - mainlogger - INFO - valid
2024-05-21 16:37:45,487 - mainlogger - INFO - Dice score: 0.7287
2024-05-21 16:37:45,487 - mainlogger - INFO - Accuracy: 0.9487
2024-05-21 16:37:45,487 - mainlogger - INFO - Epoch 98  2.208522656932473
2024-05-21 16:37:45,487 - mainlogger - INFO - ********************************************************************************
2024-05-21 16:38:36,280 - mainlogger - INFO - valid
2024-05-21 16:38:52,301 - mainlogger - INFO - Dice score: 0.7407
2024-05-21 16:38:52,302 - mainlogger - INFO - Accuracy: 0.9508
2024-05-21 16:38:52,302 - mainlogger - INFO - Epoch 99  2.2372017931193113
2024-05-21 16:38:52,302 - mainlogger - INFO - ********************************************************************************
2024-05-21 16:39:42,796 - mainlogger - INFO - valid
2024-05-21 16:39:58,598 - mainlogger - INFO - Dice score: 0.7581
2024-05-21 16:39:58,599 - mainlogger - INFO - Accuracy: 0.9529
2024-05-21 16:39:58,599 - mainlogger - INFO - Epoch 100  2.1286810133606195
2024-05-21 16:39:58,599 - mainlogger - INFO - ********************************************************************************
2024-05-21 16:40:49,796 - mainlogger - INFO - valid
2024-05-21 16:41:05,643 - mainlogger - INFO - Dice score: 0.7428
2024-05-21 16:41:05,643 - mainlogger - INFO - Accuracy: 0.9465
2024-05-21 16:41:05,643 - mainlogger - INFO - Epoch 101  2.1736430507153273
2024-05-21 16:41:05,643 - mainlogger - INFO - train
2024-05-21 16:41:52,357 - mainlogger - INFO - Dice score: 0.8956
2024-05-21 16:41:52,358 - mainlogger - INFO - Accuracy: 0.9741
2024-05-21 16:41:52,358 - mainlogger - INFO - test
2024-05-21 16:42:07,830 - mainlogger - INFO - Dice score: 0.7526
2024-05-21 16:42:07,830 - mainlogger - INFO - Accuracy: 0.9507
2024-05-21 16:42:07,830 - mainlogger - INFO - ********************************************************************************
2024-05-21 16:42:58,211 - mainlogger - INFO - valid
2024-05-21 16:43:13,476 - mainlogger - INFO - Dice score: 0.7388
2024-05-21 16:43:13,476 - mainlogger - INFO - Accuracy: 0.9494
2024-05-21 16:43:13,476 - mainlogger - INFO - Epoch 102  2.1004550512880087
2024-05-21 16:43:13,476 - mainlogger - INFO - ********************************************************************************
2024-05-21 16:44:04,108 - mainlogger - INFO - valid
2024-05-21 16:44:20,012 - mainlogger - INFO - Dice score: 0.7325
2024-05-21 16:44:20,012 - mainlogger - INFO - Accuracy: 0.9436
2024-05-21 16:44:20,013 - mainlogger - INFO - Epoch 103  2.061051268130541
2024-05-21 16:44:20,013 - mainlogger - INFO - ********************************************************************************
2024-05-21 16:45:11,884 - mainlogger - INFO - valid
2024-05-21 16:45:27,705 - mainlogger - INFO - Dice score: 0.72
2024-05-21 16:45:27,705 - mainlogger - INFO - Accuracy: 0.942
2024-05-21 16:45:27,705 - mainlogger - INFO - 0.00023161694628320305->0.0001968744043407226
2024-05-21 16:45:27,706 - mainlogger - INFO - Epoch 104  2.20383364520967
2024-05-21 16:45:27,706 - mainlogger - INFO - ********************************************************************************
2024-05-21 16:46:18,806 - mainlogger - INFO - valid
2024-05-21 16:46:34,698 - mainlogger - INFO - Dice score: 0.741
2024-05-21 16:46:34,698 - mainlogger - INFO - Accuracy: 0.9477
2024-05-21 16:46:34,698 - mainlogger - INFO - Epoch 105  2.028577698394656
2024-05-21 16:46:34,698 - mainlogger - INFO - ********************************************************************************
2024-05-21 16:47:25,600 - mainlogger - INFO - valid
2024-05-21 16:47:41,903 - mainlogger - INFO - Dice score: 0.7397
2024-05-21 16:47:41,903 - mainlogger - INFO - Accuracy: 0.9488
2024-05-21 16:47:41,903 - mainlogger - INFO - Epoch 106  2.020445955917239
2024-05-21 16:47:41,903 - mainlogger - INFO - ********************************************************************************
2024-05-21 16:48:34,000 - mainlogger - INFO - valid
2024-05-21 16:48:49,606 - mainlogger - INFO - Dice score: 0.7376
2024-05-21 16:48:49,607 - mainlogger - INFO - Accuracy: 0.9469
2024-05-21 16:48:49,607 - mainlogger - INFO - Epoch 107  2.018971426412463
2024-05-21 16:48:49,607 - mainlogger - INFO - ********************************************************************************
2024-05-21 16:49:40,527 - mainlogger - INFO - valid
2024-05-21 16:49:56,198 - mainlogger - INFO - Dice score: 0.7434
2024-05-21 16:49:56,198 - mainlogger - INFO - Accuracy: 0.9465
2024-05-21 16:49:56,198 - mainlogger - INFO - 0.0001968744043407226->0.0001673432436896142
2024-05-21 16:49:56,198 - mainlogger - INFO - Epoch 108  1.936454202979803
2024-05-21 16:49:56,198 - mainlogger - INFO - ********************************************************************************
2024-05-21 16:50:47,082 - mainlogger - INFO - valid
2024-05-21 16:51:02,412 - mainlogger - INFO - Dice score: 0.7474
2024-05-21 16:51:02,412 - mainlogger - INFO - Accuracy: 0.9505
2024-05-21 16:51:02,412 - mainlogger - INFO - Epoch 109  1.9218497816473246
2024-05-21 16:51:02,412 - mainlogger - INFO - ********************************************************************************
2024-05-21 16:51:53,672 - mainlogger - INFO - valid
2024-05-21 16:52:09,601 - mainlogger - INFO - Dice score: 0.7594
2024-05-21 16:52:09,601 - mainlogger - INFO - Accuracy: 0.9539
2024-05-21 16:52:09,601 - mainlogger - INFO - Epoch 110  1.9274395145475864
2024-05-21 16:52:09,601 - mainlogger - INFO - ********************************************************************************
2024-05-21 16:53:00,038 - mainlogger - INFO - valid
2024-05-21 16:53:15,607 - mainlogger - INFO - Dice score: 0.7378
2024-05-21 16:53:15,607 - mainlogger - INFO - Accuracy: 0.9476
2024-05-21 16:53:15,607 - mainlogger - INFO - Epoch 111  1.8695872239768505
2024-05-21 16:53:15,608 - mainlogger - INFO - train
2024-05-21 16:54:03,528 - mainlogger - INFO - Dice score: 0.9056
2024-05-21 16:54:03,528 - mainlogger - INFO - Accuracy: 0.9766
2024-05-21 16:54:03,528 - mainlogger - INFO - test
2024-05-21 16:54:19,712 - mainlogger - INFO - Dice score: 0.7547
2024-05-21 16:54:19,713 - mainlogger - INFO - Accuracy: 0.953
2024-05-21 16:54:19,713 - mainlogger - INFO - ********************************************************************************
2024-05-21 16:55:10,317 - mainlogger - INFO - valid
2024-05-21 16:55:26,001 - mainlogger - INFO - Dice score: 0.7489
2024-05-21 16:55:26,002 - mainlogger - INFO - Accuracy: 0.9525
2024-05-21 16:55:26,002 - mainlogger - INFO - Epoch 112  2.0430018734186888
2024-05-21 16:55:26,002 - mainlogger - INFO - ********************************************************************************
2024-05-21 16:56:16,814 - mainlogger - INFO - valid
2024-05-21 16:56:32,826 - mainlogger - INFO - Dice score: 0.7519
2024-05-21 16:56:32,827 - mainlogger - INFO - Accuracy: 0.9495
2024-05-21 16:56:32,827 - mainlogger - INFO - Epoch 113  1.7319889552891254
2024-05-21 16:56:32,827 - mainlogger - INFO - ********************************************************************************
2024-05-21 16:57:24,383 - mainlogger - INFO - valid
2024-05-21 16:57:39,899 - mainlogger - INFO - Dice score: 0.7485
2024-05-21 16:57:39,899 - mainlogger - INFO - Accuracy: 0.9502
2024-05-21 16:57:39,899 - mainlogger - INFO - 0.0001673432436896142->0.00014224175713617207
2024-05-21 16:57:39,899 - mainlogger - INFO - Epoch 114  2.0493556670844555
2024-05-21 16:57:39,899 - mainlogger - INFO - ********************************************************************************
2024-05-21 16:58:30,696 - mainlogger - INFO - valid
2024-05-21 16:58:46,396 - mainlogger - INFO - Dice score: 0.7468
2024-05-21 16:58:46,397 - mainlogger - INFO - Accuracy: 0.9477
2024-05-21 16:58:46,397 - mainlogger - INFO - Epoch 115  1.8978659268468618
2024-05-21 16:58:46,397 - mainlogger - INFO - ********************************************************************************
2024-05-21 16:59:38,206 - mainlogger - INFO - valid
2024-05-21 16:59:53,561 - mainlogger - INFO - Dice score: 0.7451
2024-05-21 16:59:53,561 - mainlogger - INFO - Accuracy: 0.9479
2024-05-21 16:59:53,561 - mainlogger - INFO - Epoch 116  1.8410336412489414
2024-05-21 16:59:53,561 - mainlogger - INFO - ********************************************************************************
2024-05-21 17:00:43,278 - mainlogger - INFO - valid
2024-05-21 17:00:58,850 - mainlogger - INFO - Dice score: 0.7428
2024-05-21 17:00:58,850 - mainlogger - INFO - Accuracy: 0.9485
2024-05-21 17:00:58,851 - mainlogger - INFO - Epoch 117  1.8244517222046852
2024-05-21 17:00:58,851 - mainlogger - INFO - ********************************************************************************
2024-05-21 17:01:50,108 - mainlogger - INFO - valid
2024-05-21 17:02:05,500 - mainlogger - INFO - Dice score: 0.7473
2024-05-21 17:02:05,500 - mainlogger - INFO - Accuracy: 0.9499
2024-05-21 17:02:05,500 - mainlogger - INFO - 0.00014224175713617207->0.00012090549356574625
2024-05-21 17:02:05,500 - mainlogger - INFO - Epoch 118  1.7709251269698143
2024-05-21 17:02:05,500 - mainlogger - INFO - ********************************************************************************
2024-05-21 17:02:56,681 - mainlogger - INFO - valid
2024-05-21 17:03:11,999 - mainlogger - INFO - Dice score: 0.744
2024-05-21 17:03:11,999 - mainlogger - INFO - Accuracy: 0.9502
2024-05-21 17:03:12,000 - mainlogger - INFO - Epoch 119  1.85924750007689
2024-05-21 17:03:12,000 - mainlogger - INFO - train
2024-05-21 17:03:59,316 - mainlogger - INFO - Dice score: 0.9106
2024-05-21 17:03:59,316 - mainlogger - INFO - Accuracy: 0.9779
2024-05-21 17:03:59,317 - mainlogger - INFO - test
2024-05-21 17:04:15,414 - mainlogger - INFO - Dice score: 0.7444
2024-05-21 17:04:15,414 - mainlogger - INFO - Accuracy: 0.952
2024-05-21 17:04:15,414 - mainlogger - INFO - ********************************************************************************
2024-05-21 17:04:15,415 - mainlogger - INFO - (110, 114)
2024-05-21 17:04:15,415 - mainlogger - INFO - 0.7492975897216436
