2024-05-24 17:21:50,116 - mainlogger - INFO - 21149
2024-05-24 17:21:50,116 - mainlogger - INFO - <class '__main__.UniversegPipeline'>
2024-05-24 17:21:50,116 - mainlogger - INFO - full/res_stack_se/leaky_relu.yaml
2024-05-24 17:21:50,116 - mainlogger - INFO - {'desc': '学习率调大10倍，模型减小为单层', 'batch_size': 8, 'epochs': 100, 'k': 2, 'test_k': 2, 'init': True, 'debug': True, 'root_dir': '/home/4T/zcr/dataset/Dataset_BUSI', 'model': {'name': 'universeg_res.universeg.UniverSeg', 'args': {'channels': [64, 128, 256, 512, 512], 'num_layers': [1, 1, 1, 1, 1], 'in_channels': [1, 2], 'act': 'LeakyReLU'}}, 'trainset': {'name': 'datasetBUSI.mask_busi_single.MaskBUSISingle', 'args': {'root_dir': '/home/4T/zcr/dataset/Dataset_BUSI', 'image_names_path': 'labeled_all.txt', 'mode': 'train'}}, 'testset': {'name': 'datasetBUSI.mask_busi_single.MaskBUSISingle', 'args': {'root_dir': '/home/4T/zcr/dataset/Dataset_BUSI', 'image_names_path': 'test.txt', 'mode': 'test'}}, 'validset': {'name': 'datasetBUSI.mask_busi_single.MaskBUSISingle', 'args': {'root_dir': '/home/4T/zcr/dataset/Dataset_BUSI', 'image_names_path': 'val.txt', 'mode': 'test'}}, 'criterion': {'name': 'spgutils.focalloss.BinaryFocalLoss', 'args': {'gamma': 1}}, 'optimizer': {'name': 'torch.optim.Adam', 'args': {'lr': 0.001}}, 'scheduler': {'name': 'torch.optim.lr_scheduler.ReduceLROnPlateau', 'args': {'mode': 'max', 'factor': 0.85, 'patience': 3}}}
2024-05-24 17:21:50,117 - mainlogger - INFO - 39.82969093322754
2024-05-24 17:21:50,130 - mainlogger - INFO - init with leaky_relu
2024-05-24 17:22:23,921 - mainlogger - INFO - Epoch 0  16.374844700098038
2024-05-24 17:22:23,921 - mainlogger - INFO - ********************************************************************************
2024-05-24 17:22:50,284 - mainlogger - INFO - Epoch 1  15.141254872083664
2024-05-24 17:22:50,285 - mainlogger - INFO - ********************************************************************************
2024-05-24 17:23:16,640 - mainlogger - INFO - Epoch 2  14.168407946825027
2024-05-24 17:23:16,641 - mainlogger - INFO - ********************************************************************************
2024-05-24 17:23:42,961 - mainlogger - INFO - Epoch 3  14.38067914545536
2024-05-24 17:23:42,962 - mainlogger - INFO - ********************************************************************************
2024-05-24 17:24:09,370 - mainlogger - INFO - Epoch 4  12.88683095574379
2024-05-24 17:24:09,370 - mainlogger - INFO - ********************************************************************************
2024-05-24 17:24:35,791 - mainlogger - INFO - Epoch 5  12.428323537111282
2024-05-24 17:24:35,791 - mainlogger - INFO - ********************************************************************************
2024-05-24 17:25:02,149 - mainlogger - INFO - Epoch 6  11.511615425348282
2024-05-24 17:25:02,149 - mainlogger - INFO - ********************************************************************************
2024-05-24 17:25:28,588 - mainlogger - INFO - Epoch 7  11.085377156734467
2024-05-24 17:25:28,588 - mainlogger - INFO - ********************************************************************************
2024-05-24 17:25:55,066 - mainlogger - INFO - Epoch 8  10.42960700392723
2024-05-24 17:25:55,067 - mainlogger - INFO - ********************************************************************************
2024-05-24 17:26:21,511 - mainlogger - INFO - Epoch 9  10.07644708454609
2024-05-24 17:26:21,511 - mainlogger - INFO - ********************************************************************************
2024-05-24 17:26:48,134 - mainlogger - INFO - Epoch 10  10.174973860383034
2024-05-24 17:26:48,134 - mainlogger - INFO - ********************************************************************************
2024-05-24 17:27:14,636 - mainlogger - INFO - Epoch 11  9.050440669059753
2024-05-24 17:27:14,637 - mainlogger - INFO - ********************************************************************************
2024-05-24 17:27:41,183 - mainlogger - INFO - Epoch 12  8.78363636136055
2024-05-24 17:27:41,183 - mainlogger - INFO - ********************************************************************************
2024-05-24 17:28:08,002 - mainlogger - INFO - Epoch 13  8.635136991739273
2024-05-24 17:28:08,002 - mainlogger - INFO - ********************************************************************************
2024-05-24 17:28:34,443 - mainlogger - INFO - Epoch 14  8.23447860777378
2024-05-24 17:28:34,444 - mainlogger - INFO - ********************************************************************************
2024-05-24 17:29:00,841 - mainlogger - INFO - Epoch 15  7.87079918384552
2024-05-24 17:29:00,842 - mainlogger - INFO - ********************************************************************************
2024-05-24 17:29:27,338 - mainlogger - INFO - Epoch 16  7.807763636112213
2024-05-24 17:29:27,338 - mainlogger - INFO - ********************************************************************************
2024-05-24 17:29:53,940 - mainlogger - INFO - Epoch 17  7.74501109868288
2024-05-24 17:29:53,941 - mainlogger - INFO - ********************************************************************************
2024-05-24 17:30:20,533 - mainlogger - INFO - Epoch 18  7.300195030868053
2024-05-24 17:30:20,533 - mainlogger - INFO - ********************************************************************************
2024-05-24 17:30:47,142 - mainlogger - INFO - Epoch 19  7.0070705115795135
2024-05-24 17:30:47,142 - mainlogger - INFO - ********************************************************************************
2024-05-24 17:31:13,607 - mainlogger - INFO - Epoch 20  7.192373014986515
2024-05-24 17:31:13,607 - mainlogger - INFO - ********************************************************************************
2024-05-24 17:31:40,124 - mainlogger - INFO - Epoch 21  6.470319598913193
2024-05-24 17:31:40,124 - mainlogger - INFO - ********************************************************************************
2024-05-24 17:32:06,674 - mainlogger - INFO - Epoch 22  6.415422581136227
2024-05-24 17:32:06,675 - mainlogger - INFO - ********************************************************************************
2024-05-24 17:32:33,250 - mainlogger - INFO - Epoch 23  6.4545361921191216
2024-05-24 17:32:33,250 - mainlogger - INFO - ********************************************************************************
2024-05-24 17:32:59,803 - mainlogger - INFO - Epoch 24  6.407556734979153
2024-05-24 17:32:59,804 - mainlogger - INFO - ********************************************************************************
2024-05-24 17:33:26,381 - mainlogger - INFO - Epoch 25  6.2558620646595955
2024-05-24 17:33:26,381 - mainlogger - INFO - ********************************************************************************
2024-05-24 17:33:52,986 - mainlogger - INFO - Epoch 26  6.335853464901447
2024-05-24 17:33:52,986 - mainlogger - INFO - ********************************************************************************
2024-05-24 17:34:19,505 - mainlogger - INFO - Epoch 27  5.878628708422184
2024-05-24 17:34:19,505 - mainlogger - INFO - ********************************************************************************
2024-05-24 17:34:46,082 - mainlogger - INFO - Epoch 28  5.796203948557377
2024-05-24 17:34:46,082 - mainlogger - INFO - ********************************************************************************
2024-05-24 17:35:12,588 - mainlogger - INFO - Epoch 29  5.569151535630226
2024-05-24 17:35:12,588 - mainlogger - INFO - ********************************************************************************
2024-05-24 17:35:39,167 - mainlogger - INFO - Epoch 30  5.5190397426486015
2024-05-24 17:35:39,168 - mainlogger - INFO - valid
2024-05-24 17:35:47,267 - mainlogger - INFO - Dice score: 0.6894
2024-05-24 17:35:47,267 - mainlogger - INFO - Accuracy: 0.9339
2024-05-24 17:35:47,270 - mainlogger - DEBUG - test
2024-05-24 17:35:55,237 - mainlogger - INFO - Dice score: 0.6866
2024-05-24 17:35:55,237 - mainlogger - INFO - Accuracy: 0.9378
2024-05-24 17:35:55,237 - mainlogger - INFO - ********************************************************************************
2024-05-24 17:36:21,672 - mainlogger - INFO - Epoch 31  5.630382403731346
2024-05-24 17:36:21,672 - mainlogger - INFO - valid
2024-05-24 17:36:29,345 - mainlogger - INFO - Dice score: 0.6795
2024-05-24 17:36:29,345 - mainlogger - INFO - Accuracy: 0.9347
2024-05-24 17:36:29,345 - mainlogger - DEBUG - test
2024-05-24 17:36:37,132 - mainlogger - INFO - Dice score: 0.6704
2024-05-24 17:36:37,132 - mainlogger - INFO - Accuracy: 0.938
2024-05-24 17:36:37,132 - mainlogger - INFO - ********************************************************************************
2024-05-24 17:37:03,621 - mainlogger - INFO - Epoch 32  5.305815041065216
2024-05-24 17:37:03,621 - mainlogger - INFO - valid
2024-05-24 17:37:11,228 - mainlogger - INFO - Dice score: 0.6993
2024-05-24 17:37:11,228 - mainlogger - INFO - Accuracy: 0.9362
2024-05-24 17:37:11,235 - mainlogger - DEBUG - test
2024-05-24 17:37:18,794 - mainlogger - INFO - Dice score: 0.6696
2024-05-24 17:37:18,794 - mainlogger - INFO - Accuracy: 0.9336
2024-05-24 17:37:18,794 - mainlogger - INFO - ********************************************************************************
2024-05-24 17:37:45,187 - mainlogger - INFO - Epoch 33  5.246527589857578
2024-05-24 17:37:45,187 - mainlogger - INFO - valid
2024-05-24 17:37:52,757 - mainlogger - INFO - Dice score: 0.69
2024-05-24 17:37:52,757 - mainlogger - INFO - Accuracy: 0.9362
2024-05-24 17:37:52,761 - mainlogger - DEBUG - test
2024-05-24 17:38:00,264 - mainlogger - INFO - Dice score: 0.6868
2024-05-24 17:38:00,265 - mainlogger - INFO - Accuracy: 0.9392
2024-05-24 17:38:00,265 - mainlogger - INFO - ********************************************************************************
2024-05-24 17:38:26,771 - mainlogger - INFO - Epoch 34  5.143310002982616
2024-05-24 17:38:26,771 - mainlogger - INFO - valid
2024-05-24 17:38:34,326 - mainlogger - INFO - Dice score: 0.6985
2024-05-24 17:38:34,326 - mainlogger - INFO - Accuracy: 0.937
2024-05-24 17:38:34,326 - mainlogger - DEBUG - test
2024-05-24 17:38:41,909 - mainlogger - INFO - Dice score: 0.7139
2024-05-24 17:38:41,910 - mainlogger - INFO - Accuracy: 0.946
2024-05-24 17:38:41,914 - mainlogger - INFO - ********************************************************************************
2024-05-24 17:39:08,302 - mainlogger - INFO - Epoch 35  5.174267061054707
2024-05-24 17:39:08,302 - mainlogger - INFO - valid
2024-05-24 17:39:15,923 - mainlogger - INFO - Dice score: 0.6872
2024-05-24 17:39:15,923 - mainlogger - INFO - Accuracy: 0.9354
2024-05-24 17:39:15,928 - mainlogger - DEBUG - test
2024-05-24 17:39:23,461 - mainlogger - INFO - Dice score: 0.6713
2024-05-24 17:39:23,461 - mainlogger - INFO - Accuracy: 0.9369
2024-05-24 17:39:23,461 - mainlogger - INFO - ********************************************************************************
2024-05-24 17:39:49,953 - mainlogger - INFO - Epoch 36  4.970528684556484
2024-05-24 17:39:49,953 - mainlogger - INFO - valid
2024-05-24 17:39:57,629 - mainlogger - INFO - Dice score: 0.7017
2024-05-24 17:39:57,629 - mainlogger - INFO - Accuracy: 0.9371
2024-05-24 17:39:57,632 - mainlogger - DEBUG - test
2024-05-24 17:40:05,240 - mainlogger - INFO - Dice score: 0.7041
2024-05-24 17:40:05,240 - mainlogger - INFO - Accuracy: 0.9405
2024-05-24 17:40:05,240 - mainlogger - INFO - ********************************************************************************
2024-05-24 17:40:31,625 - mainlogger - INFO - Epoch 37  4.83656344935298
2024-05-24 17:40:31,626 - mainlogger - INFO - valid
2024-05-24 17:40:39,237 - mainlogger - INFO - Dice score: 0.6874
2024-05-24 17:40:39,237 - mainlogger - INFO - Accuracy: 0.9369
2024-05-24 17:40:39,237 - mainlogger - DEBUG - test
2024-05-24 17:40:46,841 - mainlogger - INFO - Dice score: 0.6695
2024-05-24 17:40:46,841 - mainlogger - INFO - Accuracy: 0.9348
2024-05-24 17:40:46,842 - mainlogger - INFO - ********************************************************************************
2024-05-24 17:41:13,359 - mainlogger - INFO - Epoch 38  4.698654528707266
2024-05-24 17:41:13,359 - mainlogger - INFO - valid
2024-05-24 17:41:20,882 - mainlogger - INFO - Dice score: 0.7111
2024-05-24 17:41:20,882 - mainlogger - INFO - Accuracy: 0.9377
2024-05-24 17:41:20,885 - mainlogger - DEBUG - test
2024-05-24 17:41:28,477 - mainlogger - INFO - Dice score: 0.72
2024-05-24 17:41:28,477 - mainlogger - INFO - Accuracy: 0.944
2024-05-24 17:41:28,477 - mainlogger - INFO - ********************************************************************************
2024-05-24 17:41:54,976 - mainlogger - INFO - Epoch 39  4.783255659043789
2024-05-24 17:41:54,976 - mainlogger - INFO - valid
2024-05-24 17:42:02,628 - mainlogger - INFO - Dice score: 0.703
2024-05-24 17:42:02,628 - mainlogger - INFO - Accuracy: 0.9439
2024-05-24 17:42:02,629 - mainlogger - DEBUG - test
2024-05-24 17:42:10,158 - mainlogger - INFO - Dice score: 0.6705
2024-05-24 17:42:10,159 - mainlogger - INFO - Accuracy: 0.9392
2024-05-24 17:42:10,159 - mainlogger - INFO - ********************************************************************************
2024-05-24 17:42:36,035 - mainlogger - INFO - Epoch 40  4.6747751496732235
2024-05-24 17:42:36,035 - mainlogger - INFO - valid
2024-05-24 17:42:40,040 - mainlogger - INFO - Dice score: 0.7014
2024-05-24 17:42:40,041 - mainlogger - INFO - Accuracy: 0.9352
2024-05-24 17:42:40,041 - mainlogger - DEBUG - test
2024-05-24 17:42:44,364 - mainlogger - INFO - Dice score: 0.7152
2024-05-24 17:42:44,364 - mainlogger - INFO - Accuracy: 0.9433
2024-05-24 17:42:44,364 - mainlogger - INFO - ********************************************************************************
2024-05-24 17:43:10,847 - mainlogger - INFO - Epoch 41  4.77111204713583
2024-05-24 17:43:10,848 - mainlogger - INFO - valid
2024-05-24 17:43:18,477 - mainlogger - INFO - Dice score: 0.7107
2024-05-24 17:43:18,477 - mainlogger - INFO - Accuracy: 0.9464
2024-05-24 17:43:18,477 - mainlogger - DEBUG - test
2024-05-24 17:43:26,028 - mainlogger - INFO - Dice score: 0.6882
2024-05-24 17:43:26,028 - mainlogger - INFO - Accuracy: 0.9451
2024-05-24 17:43:26,028 - mainlogger - INFO - ********************************************************************************
2024-05-24 17:43:52,356 - mainlogger - INFO - Epoch 42  4.626324646174908
2024-05-24 17:43:52,357 - mainlogger - INFO - valid
2024-05-24 17:43:59,975 - mainlogger - INFO - Dice score: 0.6918
2024-05-24 17:43:59,975 - mainlogger - INFO - Accuracy: 0.9328
2024-05-24 17:43:59,975 - mainlogger - INFO - 0.001->0.00085
2024-05-24 17:43:59,975 - mainlogger - DEBUG - test
2024-05-24 17:44:07,550 - mainlogger - INFO - Dice score: 0.7046
2024-05-24 17:44:07,550 - mainlogger - INFO - Accuracy: 0.9392
2024-05-24 17:44:07,550 - mainlogger - INFO - ********************************************************************************
2024-05-24 17:44:33,969 - mainlogger - INFO - Epoch 43  4.591448549181223
2024-05-24 17:44:33,969 - mainlogger - INFO - valid
2024-05-24 17:44:41,603 - mainlogger - INFO - Dice score: 0.7347
2024-05-24 17:44:41,603 - mainlogger - INFO - Accuracy: 0.947
2024-05-24 17:44:41,607 - mainlogger - DEBUG - test
2024-05-24 17:44:49,275 - mainlogger - INFO - Dice score: 0.7177
2024-05-24 17:44:49,275 - mainlogger - INFO - Accuracy: 0.9458
2024-05-24 17:44:49,275 - mainlogger - INFO - ********************************************************************************
2024-05-24 17:45:15,659 - mainlogger - INFO - Epoch 44  4.48010740801692
2024-05-24 17:45:15,659 - mainlogger - INFO - valid
2024-05-24 17:45:23,264 - mainlogger - INFO - Dice score: 0.7217
2024-05-24 17:45:23,264 - mainlogger - INFO - Accuracy: 0.9424
2024-05-24 17:45:23,265 - mainlogger - DEBUG - test
2024-05-24 17:45:30,913 - mainlogger - INFO - Dice score: 0.7199
2024-05-24 17:45:30,913 - mainlogger - INFO - Accuracy: 0.9441
2024-05-24 17:45:30,914 - mainlogger - INFO - ********************************************************************************
2024-05-24 17:45:57,403 - mainlogger - INFO - Epoch 45  4.287489358335733
2024-05-24 17:45:57,403 - mainlogger - INFO - valid
2024-05-24 17:46:04,989 - mainlogger - INFO - Dice score: 0.6953
2024-05-24 17:46:04,989 - mainlogger - INFO - Accuracy: 0.9361
2024-05-24 17:46:04,990 - mainlogger - DEBUG - test
2024-05-24 17:46:12,622 - mainlogger - INFO - Dice score: 0.7144
2024-05-24 17:46:12,622 - mainlogger - INFO - Accuracy: 0.946
2024-05-24 17:46:12,622 - mainlogger - INFO - ********************************************************************************
2024-05-24 17:46:39,035 - mainlogger - INFO - Epoch 46  4.187700778245926
2024-05-24 17:46:39,035 - mainlogger - INFO - valid
2024-05-24 17:46:46,578 - mainlogger - INFO - Dice score: 0.7028
2024-05-24 17:46:46,578 - mainlogger - INFO - Accuracy: 0.94
2024-05-24 17:46:46,578 - mainlogger - DEBUG - test
2024-05-24 17:46:54,144 - mainlogger - INFO - Dice score: 0.684
2024-05-24 17:46:54,144 - mainlogger - INFO - Accuracy: 0.9381
2024-05-24 17:46:54,144 - mainlogger - INFO - ********************************************************************************
2024-05-24 17:47:20,605 - mainlogger - INFO - Epoch 47  4.283098254352808
2024-05-24 17:47:20,605 - mainlogger - INFO - valid
2024-05-24 17:47:28,278 - mainlogger - INFO - Dice score: 0.7261
2024-05-24 17:47:28,278 - mainlogger - INFO - Accuracy: 0.9457
2024-05-24 17:47:28,278 - mainlogger - INFO - 0.00085->0.0007224999999999999
2024-05-24 17:47:28,278 - mainlogger - DEBUG - test
2024-05-24 17:47:35,906 - mainlogger - INFO - Dice score: 0.7083
2024-05-24 17:47:35,906 - mainlogger - INFO - Accuracy: 0.9448
2024-05-24 17:47:35,907 - mainlogger - INFO - ********************************************************************************
2024-05-24 17:48:02,344 - mainlogger - INFO - Epoch 48  4.26456756144762
2024-05-24 17:48:02,345 - mainlogger - INFO - valid
2024-05-24 17:48:09,873 - mainlogger - INFO - Dice score: 0.7365
2024-05-24 17:48:09,873 - mainlogger - INFO - Accuracy: 0.9474
2024-05-24 17:48:09,876 - mainlogger - DEBUG - test
2024-05-24 17:48:17,349 - mainlogger - INFO - Dice score: 0.7334
2024-05-24 17:48:17,349 - mainlogger - INFO - Accuracy: 0.948
2024-05-24 17:48:17,349 - mainlogger - INFO - ********************************************************************************
2024-05-24 17:48:43,655 - mainlogger - INFO - Epoch 49  3.9003466926515102
2024-05-24 17:48:43,655 - mainlogger - INFO - valid
2024-05-24 17:48:51,173 - mainlogger - INFO - Dice score: 0.7077
2024-05-24 17:48:51,173 - mainlogger - INFO - Accuracy: 0.9366
2024-05-24 17:48:51,174 - mainlogger - DEBUG - test
2024-05-24 17:48:58,653 - mainlogger - INFO - Dice score: 0.7436
2024-05-24 17:48:58,654 - mainlogger - INFO - Accuracy: 0.9479
2024-05-24 17:48:58,654 - mainlogger - INFO - ********************************************************************************
2024-05-24 17:49:25,199 - mainlogger - INFO - Epoch 50  3.8014504462480545
2024-05-24 17:49:25,199 - mainlogger - INFO - valid
2024-05-24 17:49:32,785 - mainlogger - INFO - Dice score: 0.7041
2024-05-24 17:49:32,785 - mainlogger - INFO - Accuracy: 0.9399
2024-05-24 17:49:32,785 - mainlogger - DEBUG - test
2024-05-24 17:49:40,317 - mainlogger - INFO - Dice score: 0.7154
2024-05-24 17:49:40,317 - mainlogger - INFO - Accuracy: 0.946
2024-05-24 17:49:40,317 - mainlogger - INFO - ********************************************************************************
2024-05-24 17:50:06,719 - mainlogger - INFO - Epoch 51  4.3447967283427715
2024-05-24 17:50:06,720 - mainlogger - INFO - valid
2024-05-24 17:50:14,350 - mainlogger - INFO - Dice score: 0.7181
2024-05-24 17:50:14,351 - mainlogger - INFO - Accuracy: 0.9433
2024-05-24 17:50:14,351 - mainlogger - DEBUG - test
2024-05-24 17:50:21,962 - mainlogger - INFO - Dice score: 0.7369
2024-05-24 17:50:21,962 - mainlogger - INFO - Accuracy: 0.9519
2024-05-24 17:50:21,962 - mainlogger - INFO - ********************************************************************************
2024-05-24 17:50:48,358 - mainlogger - INFO - Epoch 52  3.824638705700636
2024-05-24 17:50:48,358 - mainlogger - INFO - valid
2024-05-24 17:50:56,033 - mainlogger - INFO - Dice score: 0.7245
2024-05-24 17:50:56,033 - mainlogger - INFO - Accuracy: 0.944
2024-05-24 17:50:56,033 - mainlogger - INFO - 0.0007224999999999999->0.000614125
2024-05-24 17:50:56,033 - mainlogger - DEBUG - test
2024-05-24 17:51:03,593 - mainlogger - INFO - Dice score: 0.732
2024-05-24 17:51:03,594 - mainlogger - INFO - Accuracy: 0.9502
2024-05-24 17:51:03,594 - mainlogger - INFO - ********************************************************************************
2024-05-24 17:51:30,081 - mainlogger - INFO - Epoch 53  3.896778181195259
2024-05-24 17:51:30,081 - mainlogger - INFO - valid
2024-05-24 17:51:37,674 - mainlogger - INFO - Dice score: 0.7141
2024-05-24 17:51:37,674 - mainlogger - INFO - Accuracy: 0.9488
2024-05-24 17:51:37,674 - mainlogger - DEBUG - test
2024-05-24 17:51:45,237 - mainlogger - INFO - Dice score: 0.7047
2024-05-24 17:51:45,237 - mainlogger - INFO - Accuracy: 0.9494
2024-05-24 17:51:45,237 - mainlogger - INFO - ********************************************************************************
2024-05-24 17:52:11,753 - mainlogger - INFO - Epoch 54  4.020089108496904
2024-05-24 17:52:11,753 - mainlogger - INFO - valid
2024-05-24 17:52:19,432 - mainlogger - INFO - Dice score: 0.7108
2024-05-24 17:52:19,432 - mainlogger - INFO - Accuracy: 0.9392
2024-05-24 17:52:19,432 - mainlogger - DEBUG - test
2024-05-24 17:52:27,052 - mainlogger - INFO - Dice score: 0.7517
2024-05-24 17:52:27,053 - mainlogger - INFO - Accuracy: 0.9514
2024-05-24 17:52:27,053 - mainlogger - INFO - ********************************************************************************
2024-05-24 17:52:53,450 - mainlogger - INFO - Epoch 55  3.6350968293845654
2024-05-24 17:52:53,450 - mainlogger - INFO - valid
2024-05-24 17:53:01,122 - mainlogger - INFO - Dice score: 0.7404
2024-05-24 17:53:01,122 - mainlogger - INFO - Accuracy: 0.9476
2024-05-24 17:53:01,125 - mainlogger - DEBUG - test
2024-05-24 17:53:08,681 - mainlogger - INFO - Dice score: 0.7512
2024-05-24 17:53:08,681 - mainlogger - INFO - Accuracy: 0.9513
2024-05-24 17:53:08,682 - mainlogger - INFO - ********************************************************************************
2024-05-24 17:53:34,897 - mainlogger - INFO - Epoch 56  3.5534008219838142
2024-05-24 17:53:34,898 - mainlogger - INFO - valid
2024-05-24 17:53:42,400 - mainlogger - INFO - Dice score: 0.7334
2024-05-24 17:53:42,400 - mainlogger - INFO - Accuracy: 0.9479
2024-05-24 17:53:42,400 - mainlogger - DEBUG - test
2024-05-24 17:53:49,827 - mainlogger - INFO - Dice score: 0.7407
2024-05-24 17:53:49,828 - mainlogger - INFO - Accuracy: 0.9526
2024-05-24 17:53:49,828 - mainlogger - INFO - ********************************************************************************
2024-05-24 17:54:16,106 - mainlogger - INFO - Epoch 57  3.9477002918720245
2024-05-24 17:54:16,107 - mainlogger - INFO - valid
2024-05-24 17:54:23,602 - mainlogger - INFO - Dice score: 0.7111
2024-05-24 17:54:23,602 - mainlogger - INFO - Accuracy: 0.9402
2024-05-24 17:54:23,603 - mainlogger - DEBUG - test
2024-05-24 17:54:31,229 - mainlogger - INFO - Dice score: 0.7316
2024-05-24 17:54:31,229 - mainlogger - INFO - Accuracy: 0.9487
2024-05-24 17:54:31,229 - mainlogger - INFO - ********************************************************************************
2024-05-24 17:54:57,832 - mainlogger - INFO - Epoch 58  3.6406829617917538
2024-05-24 17:54:57,832 - mainlogger - INFO - valid
2024-05-24 17:55:05,452 - mainlogger - INFO - Dice score: 0.763
2024-05-24 17:55:05,452 - mainlogger - INFO - Accuracy: 0.9505
2024-05-24 17:55:05,455 - mainlogger - DEBUG - test
2024-05-24 17:55:13,026 - mainlogger - INFO - Dice score: 0.7441
2024-05-24 17:55:13,026 - mainlogger - INFO - Accuracy: 0.9491
2024-05-24 17:55:13,026 - mainlogger - INFO - ********************************************************************************
2024-05-24 17:55:39,527 - mainlogger - INFO - Epoch 59  3.4131131283938885
2024-05-24 17:55:39,527 - mainlogger - INFO - valid
2024-05-24 17:55:47,182 - mainlogger - INFO - Dice score: 0.7209
2024-05-24 17:55:47,182 - mainlogger - INFO - Accuracy: 0.9447
2024-05-24 17:55:47,182 - mainlogger - DEBUG - test
2024-05-24 17:55:54,745 - mainlogger - INFO - Dice score: 0.7417
2024-05-24 17:55:54,746 - mainlogger - INFO - Accuracy: 0.9513
2024-05-24 17:55:54,746 - mainlogger - INFO - ********************************************************************************
2024-05-24 17:56:20,986 - mainlogger - INFO - Epoch 60  3.4831686057150364
2024-05-24 17:56:20,987 - mainlogger - INFO - valid
2024-05-24 17:56:28,616 - mainlogger - INFO - Dice score: 0.7287
2024-05-24 17:56:28,616 - mainlogger - INFO - Accuracy: 0.942
2024-05-24 17:56:28,616 - mainlogger - DEBUG - test
2024-05-24 17:56:36,142 - mainlogger - INFO - Dice score: 0.7506
2024-05-24 17:56:36,143 - mainlogger - INFO - Accuracy: 0.9491
2024-05-24 17:56:36,143 - mainlogger - INFO - ********************************************************************************
2024-05-24 17:57:02,697 - mainlogger - INFO - Epoch 61  3.6178834699094296
2024-05-24 17:57:02,697 - mainlogger - INFO - valid
2024-05-24 17:57:10,364 - mainlogger - INFO - Dice score: 0.718
2024-05-24 17:57:10,364 - mainlogger - INFO - Accuracy: 0.9414
2024-05-24 17:57:10,364 - mainlogger - DEBUG - test
2024-05-24 17:57:17,981 - mainlogger - INFO - Dice score: 0.7648
2024-05-24 17:57:17,981 - mainlogger - INFO - Accuracy: 0.9549
2024-05-24 17:57:17,981 - mainlogger - INFO - ********************************************************************************
2024-05-24 17:57:44,419 - mainlogger - INFO - Epoch 62  3.4914849810302258
2024-05-24 17:57:44,419 - mainlogger - INFO - valid
2024-05-24 17:57:52,000 - mainlogger - INFO - Dice score: 0.7065
2024-05-24 17:57:52,000 - mainlogger - INFO - Accuracy: 0.945
2024-05-24 17:57:52,000 - mainlogger - INFO - 0.000614125->0.00052200625
2024-05-24 17:57:52,000 - mainlogger - DEBUG - test
2024-05-24 17:57:59,468 - mainlogger - INFO - Dice score: 0.6865
2024-05-24 17:57:59,469 - mainlogger - INFO - Accuracy: 0.9482
2024-05-24 17:57:59,469 - mainlogger - INFO - ********************************************************************************
2024-05-24 17:58:26,073 - mainlogger - INFO - Epoch 63  3.5814296416938305
2024-05-24 17:58:26,073 - mainlogger - INFO - valid
2024-05-24 17:58:33,695 - mainlogger - INFO - Dice score: 0.7473
2024-05-24 17:58:33,696 - mainlogger - INFO - Accuracy: 0.9529
2024-05-24 17:58:33,696 - mainlogger - DEBUG - test
2024-05-24 17:58:41,235 - mainlogger - INFO - Dice score: 0.7523
2024-05-24 17:58:41,236 - mainlogger - INFO - Accuracy: 0.9553
2024-05-24 17:58:41,236 - mainlogger - INFO - ********************************************************************************
2024-05-24 17:59:07,684 - mainlogger - INFO - Epoch 64  3.576332315802574
2024-05-24 17:59:07,684 - mainlogger - INFO - valid
2024-05-24 17:59:15,289 - mainlogger - INFO - Dice score: 0.7318
2024-05-24 17:59:15,289 - mainlogger - INFO - Accuracy: 0.9462
2024-05-24 17:59:15,289 - mainlogger - DEBUG - test
2024-05-24 17:59:22,821 - mainlogger - INFO - Dice score: 0.7537
2024-05-24 17:59:22,822 - mainlogger - INFO - Accuracy: 0.954
2024-05-24 17:59:22,822 - mainlogger - INFO - ********************************************************************************
2024-05-24 17:59:49,099 - mainlogger - INFO - Epoch 65  3.3323552794754505
2024-05-24 17:59:49,099 - mainlogger - INFO - valid
2024-05-24 17:59:56,578 - mainlogger - INFO - Dice score: 0.7456
2024-05-24 17:59:56,578 - mainlogger - INFO - Accuracy: 0.9491
2024-05-24 17:59:56,578 - mainlogger - DEBUG - test
2024-05-24 18:00:04,054 - mainlogger - INFO - Dice score: 0.7624
2024-05-24 18:00:04,054 - mainlogger - INFO - Accuracy: 0.9552
2024-05-24 18:00:04,054 - mainlogger - INFO - ********************************************************************************
2024-05-24 18:00:30,510 - mainlogger - INFO - Epoch 66  3.259871117770672
2024-05-24 18:00:30,510 - mainlogger - INFO - valid
2024-05-24 18:00:38,125 - mainlogger - INFO - Dice score: 0.7357
2024-05-24 18:00:38,125 - mainlogger - INFO - Accuracy: 0.9449
2024-05-24 18:00:38,125 - mainlogger - INFO - 0.00052200625->0.00044370531249999997
2024-05-24 18:00:38,125 - mainlogger - DEBUG - test
2024-05-24 18:00:45,708 - mainlogger - INFO - Dice score: 0.7551
2024-05-24 18:00:45,708 - mainlogger - INFO - Accuracy: 0.953
2024-05-24 18:00:45,709 - mainlogger - INFO - ********************************************************************************
2024-05-24 18:01:11,879 - mainlogger - INFO - Epoch 67  3.2978122048079967
2024-05-24 18:01:11,879 - mainlogger - INFO - valid
2024-05-24 18:01:19,366 - mainlogger - INFO - Dice score: 0.7382
2024-05-24 18:01:19,366 - mainlogger - INFO - Accuracy: 0.9449
2024-05-24 18:01:19,367 - mainlogger - DEBUG - test
2024-05-24 18:01:26,987 - mainlogger - INFO - Dice score: 0.7686
2024-05-24 18:01:26,987 - mainlogger - INFO - Accuracy: 0.9558
2024-05-24 18:01:26,987 - mainlogger - INFO - ********************************************************************************
2024-05-24 18:01:53,374 - mainlogger - INFO - Epoch 68  3.019908733665943
2024-05-24 18:01:53,374 - mainlogger - INFO - valid
2024-05-24 18:02:00,839 - mainlogger - INFO - Dice score: 0.7242
2024-05-24 18:02:00,839 - mainlogger - INFO - Accuracy: 0.9432
2024-05-24 18:02:00,839 - mainlogger - DEBUG - test
2024-05-24 18:02:08,448 - mainlogger - INFO - Dice score: 0.7478
2024-05-24 18:02:08,448 - mainlogger - INFO - Accuracy: 0.9522
2024-05-24 18:02:08,448 - mainlogger - INFO - ********************************************************************************
2024-05-24 18:02:34,876 - mainlogger - INFO - Epoch 69  3.1656536757946014
2024-05-24 18:02:34,877 - mainlogger - INFO - valid
2024-05-24 18:02:42,341 - mainlogger - INFO - Dice score: 0.7364
2024-05-24 18:02:42,341 - mainlogger - INFO - Accuracy: 0.9471
2024-05-24 18:02:42,341 - mainlogger - DEBUG - test
2024-05-24 18:02:49,883 - mainlogger - INFO - Dice score: 0.7188
2024-05-24 18:02:49,883 - mainlogger - INFO - Accuracy: 0.9471
2024-05-24 18:02:49,883 - mainlogger - INFO - ********************************************************************************
2024-05-24 18:03:16,075 - mainlogger - INFO - Epoch 70  3.1120339818298817
2024-05-24 18:03:16,076 - mainlogger - INFO - valid
2024-05-24 18:03:23,588 - mainlogger - INFO - Dice score: 0.7522
2024-05-24 18:03:23,589 - mainlogger - INFO - Accuracy: 0.9517
2024-05-24 18:03:23,589 - mainlogger - INFO - 0.00044370531249999997->0.00037714951562499996
2024-05-24 18:03:23,589 - mainlogger - DEBUG - test
2024-05-24 18:03:31,012 - mainlogger - INFO - Dice score: 0.7416
2024-05-24 18:03:31,013 - mainlogger - INFO - Accuracy: 0.9524
2024-05-24 18:03:31,013 - mainlogger - INFO - ********************************************************************************
2024-05-24 18:03:57,553 - mainlogger - INFO - Epoch 71  3.008233707398176
2024-05-24 18:03:57,554 - mainlogger - INFO - valid
2024-05-24 18:04:05,116 - mainlogger - INFO - Dice score: 0.7372
2024-05-24 18:04:05,116 - mainlogger - INFO - Accuracy: 0.9489
2024-05-24 18:04:05,116 - mainlogger - DEBUG - test
2024-05-24 18:04:12,610 - mainlogger - INFO - Dice score: 0.7305
2024-05-24 18:04:12,610 - mainlogger - INFO - Accuracy: 0.9502
2024-05-24 18:04:12,610 - mainlogger - INFO - ********************************************************************************
2024-05-24 18:04:38,988 - mainlogger - INFO - Epoch 72  2.9651033133268356
2024-05-24 18:04:38,989 - mainlogger - INFO - valid
2024-05-24 18:04:46,533 - mainlogger - INFO - Dice score: 0.6884
2024-05-24 18:04:46,533 - mainlogger - INFO - Accuracy: 0.9312
2024-05-24 18:04:46,533 - mainlogger - DEBUG - test
2024-05-24 18:04:54,056 - mainlogger - INFO - Dice score: 0.7329
2024-05-24 18:04:54,056 - mainlogger - INFO - Accuracy: 0.9475
2024-05-24 18:04:54,056 - mainlogger - INFO - ********************************************************************************
2024-05-24 18:05:20,301 - mainlogger - INFO - Epoch 73  2.942822001874447
2024-05-24 18:05:20,301 - mainlogger - INFO - valid
2024-05-24 18:05:27,962 - mainlogger - INFO - Dice score: 0.7349
2024-05-24 18:05:27,962 - mainlogger - INFO - Accuracy: 0.9483
2024-05-24 18:05:27,962 - mainlogger - DEBUG - test
2024-05-24 18:05:35,430 - mainlogger - INFO - Dice score: 0.7338
2024-05-24 18:05:35,430 - mainlogger - INFO - Accuracy: 0.9518
2024-05-24 18:05:35,430 - mainlogger - INFO - ********************************************************************************
2024-05-24 18:06:01,763 - mainlogger - INFO - Epoch 74  2.9252061881124973
2024-05-24 18:06:01,764 - mainlogger - INFO - valid
2024-05-24 18:06:09,321 - mainlogger - INFO - Dice score: 0.7337
2024-05-24 18:06:09,321 - mainlogger - INFO - Accuracy: 0.9515
2024-05-24 18:06:09,321 - mainlogger - INFO - 0.00037714951562499996->0.00032057708828124994
2024-05-24 18:06:09,321 - mainlogger - DEBUG - test
2024-05-24 18:06:17,028 - mainlogger - INFO - Dice score: 0.7259
2024-05-24 18:06:17,028 - mainlogger - INFO - Accuracy: 0.9518
2024-05-24 18:06:17,028 - mainlogger - INFO - ********************************************************************************
2024-05-24 18:06:43,457 - mainlogger - INFO - Epoch 75  2.9819659627974033
2024-05-24 18:06:43,458 - mainlogger - INFO - valid
2024-05-24 18:06:50,981 - mainlogger - INFO - Dice score: 0.736
2024-05-24 18:06:50,981 - mainlogger - INFO - Accuracy: 0.9461
2024-05-24 18:06:50,981 - mainlogger - DEBUG - test
2024-05-24 18:06:58,470 - mainlogger - INFO - Dice score: 0.7556
2024-05-24 18:06:58,470 - mainlogger - INFO - Accuracy: 0.9536
2024-05-24 18:06:58,470 - mainlogger - INFO - ********************************************************************************
2024-05-24 18:07:24,732 - mainlogger - INFO - Epoch 76  2.8786935470998287
2024-05-24 18:07:24,733 - mainlogger - INFO - valid
2024-05-24 18:07:32,259 - mainlogger - INFO - Dice score: 0.7322
2024-05-24 18:07:32,259 - mainlogger - INFO - Accuracy: 0.9409
2024-05-24 18:07:32,259 - mainlogger - DEBUG - test
2024-05-24 18:07:39,787 - mainlogger - INFO - Dice score: 0.7539
2024-05-24 18:07:39,787 - mainlogger - INFO - Accuracy: 0.9511
2024-05-24 18:07:39,788 - mainlogger - INFO - ********************************************************************************
2024-05-24 18:08:06,238 - mainlogger - INFO - Epoch 77  2.7393376529216766
2024-05-24 18:08:06,238 - mainlogger - INFO - valid
2024-05-24 18:08:13,837 - mainlogger - INFO - Dice score: 0.7325
2024-05-24 18:08:13,837 - mainlogger - INFO - Accuracy: 0.9424
2024-05-24 18:08:13,837 - mainlogger - DEBUG - test
2024-05-24 18:08:21,347 - mainlogger - INFO - Dice score: 0.755
2024-05-24 18:08:21,347 - mainlogger - INFO - Accuracy: 0.953
2024-05-24 18:08:21,347 - mainlogger - INFO - ********************************************************************************
2024-05-24 18:08:47,716 - mainlogger - INFO - Epoch 78  2.76874372176826
2024-05-24 18:08:47,717 - mainlogger - INFO - valid
2024-05-24 18:08:55,381 - mainlogger - INFO - Dice score: 0.7343
2024-05-24 18:08:55,381 - mainlogger - INFO - Accuracy: 0.9472
2024-05-24 18:08:55,382 - mainlogger - INFO - 0.00032057708828124994->0.0002724905250390624
2024-05-24 18:08:55,382 - mainlogger - DEBUG - test
2024-05-24 18:09:02,894 - mainlogger - INFO - Dice score: 0.7352
2024-05-24 18:09:02,895 - mainlogger - INFO - Accuracy: 0.9525
2024-05-24 18:09:02,895 - mainlogger - INFO - ********************************************************************************
2024-05-24 18:09:29,291 - mainlogger - INFO - Epoch 79  2.5358628407120705
2024-05-24 18:09:29,291 - mainlogger - INFO - valid
2024-05-24 18:09:36,777 - mainlogger - INFO - Dice score: 0.7149
2024-05-24 18:09:36,777 - mainlogger - INFO - Accuracy: 0.9386
2024-05-24 18:09:36,777 - mainlogger - DEBUG - test
2024-05-24 18:09:44,348 - mainlogger - INFO - Dice score: 0.7487
2024-05-24 18:09:44,348 - mainlogger - INFO - Accuracy: 0.9506
2024-05-24 18:09:44,348 - mainlogger - INFO - ********************************************************************************
2024-05-24 18:10:10,629 - mainlogger - INFO - Epoch 80  2.7524451725184917
2024-05-24 18:10:10,630 - mainlogger - INFO - valid
2024-05-24 18:10:18,119 - mainlogger - INFO - Dice score: 0.7242
2024-05-24 18:10:18,119 - mainlogger - INFO - Accuracy: 0.9428
2024-05-24 18:10:18,119 - mainlogger - DEBUG - test
2024-05-24 18:10:25,581 - mainlogger - INFO - Dice score: 0.7419
2024-05-24 18:10:25,581 - mainlogger - INFO - Accuracy: 0.9523
2024-05-24 18:10:25,581 - mainlogger - INFO - ********************************************************************************
2024-05-24 18:10:52,021 - mainlogger - INFO - Epoch 81  2.6653569787740707
2024-05-24 18:10:52,022 - mainlogger - INFO - valid
2024-05-24 18:10:59,610 - mainlogger - INFO - Dice score: 0.7149
2024-05-24 18:10:59,610 - mainlogger - INFO - Accuracy: 0.9374
2024-05-24 18:10:59,611 - mainlogger - DEBUG - test
2024-05-24 18:11:07,146 - mainlogger - INFO - Dice score: 0.7424
2024-05-24 18:11:07,146 - mainlogger - INFO - Accuracy: 0.9495
2024-05-24 18:11:07,146 - mainlogger - INFO - ********************************************************************************
2024-05-24 18:11:33,682 - mainlogger - INFO - Epoch 82  2.754961835220456
2024-05-24 18:11:33,682 - mainlogger - INFO - valid
2024-05-24 18:11:41,355 - mainlogger - INFO - Dice score: 0.7296
2024-05-24 18:11:41,356 - mainlogger - INFO - Accuracy: 0.9438
2024-05-24 18:11:41,356 - mainlogger - INFO - 0.0002724905250390624->0.00023161694628320305
2024-05-24 18:11:41,356 - mainlogger - DEBUG - test
2024-05-24 18:11:48,841 - mainlogger - INFO - Dice score: 0.7444
2024-05-24 18:11:48,841 - mainlogger - INFO - Accuracy: 0.9521
2024-05-24 18:11:48,841 - mainlogger - INFO - ********************************************************************************
2024-05-24 18:12:15,130 - mainlogger - INFO - Epoch 83  2.721834920346737
2024-05-24 18:12:15,130 - mainlogger - INFO - valid
2024-05-24 18:12:22,588 - mainlogger - INFO - Dice score: 0.7303
2024-05-24 18:12:22,588 - mainlogger - INFO - Accuracy: 0.9453
2024-05-24 18:12:22,588 - mainlogger - DEBUG - test
2024-05-24 18:12:29,965 - mainlogger - INFO - Dice score: 0.7475
2024-05-24 18:12:29,966 - mainlogger - INFO - Accuracy: 0.9532
2024-05-24 18:12:29,966 - mainlogger - INFO - ********************************************************************************
2024-05-24 18:12:56,237 - mainlogger - INFO - Epoch 84  2.54743130877614
2024-05-24 18:12:56,237 - mainlogger - INFO - valid
2024-05-24 18:13:03,735 - mainlogger - INFO - Dice score: 0.7148
2024-05-24 18:13:03,735 - mainlogger - INFO - Accuracy: 0.9404
2024-05-24 18:13:03,736 - mainlogger - DEBUG - test
2024-05-24 18:13:11,377 - mainlogger - INFO - Dice score: 0.7499
2024-05-24 18:13:11,377 - mainlogger - INFO - Accuracy: 0.952
2024-05-24 18:13:11,377 - mainlogger - INFO - ********************************************************************************
2024-05-24 18:13:37,838 - mainlogger - INFO - Epoch 85  2.4816540349274874
2024-05-24 18:13:37,839 - mainlogger - INFO - valid
2024-05-24 18:13:45,499 - mainlogger - INFO - Dice score: 0.7222
2024-05-24 18:13:45,499 - mainlogger - INFO - Accuracy: 0.9405
2024-05-24 18:13:45,499 - mainlogger - DEBUG - test
2024-05-24 18:13:53,045 - mainlogger - INFO - Dice score: 0.7603
2024-05-24 18:13:53,045 - mainlogger - INFO - Accuracy: 0.9535
2024-05-24 18:13:53,046 - mainlogger - INFO - ********************************************************************************
2024-05-24 18:14:19,407 - mainlogger - INFO - Epoch 86  2.623473923653364
2024-05-24 18:14:19,407 - mainlogger - INFO - valid
2024-05-24 18:14:26,900 - mainlogger - INFO - Dice score: 0.7312
2024-05-24 18:14:26,900 - mainlogger - INFO - Accuracy: 0.9456
2024-05-24 18:14:26,900 - mainlogger - INFO - 0.00023161694628320305->0.0001968744043407226
2024-05-24 18:14:26,900 - mainlogger - DEBUG - test
2024-05-24 18:14:34,439 - mainlogger - INFO - Dice score: 0.742
2024-05-24 18:14:34,439 - mainlogger - INFO - Accuracy: 0.951
2024-05-24 18:14:34,439 - mainlogger - INFO - ********************************************************************************
2024-05-24 18:15:00,593 - mainlogger - INFO - Epoch 87  2.3711967673152685
2024-05-24 18:15:00,594 - mainlogger - INFO - valid
2024-05-24 18:15:08,138 - mainlogger - INFO - Dice score: 0.7334
2024-05-24 18:15:08,138 - mainlogger - INFO - Accuracy: 0.9458
2024-05-24 18:15:08,138 - mainlogger - DEBUG - test
2024-05-24 18:15:15,630 - mainlogger - INFO - Dice score: 0.7427
2024-05-24 18:15:15,630 - mainlogger - INFO - Accuracy: 0.9519
2024-05-24 18:15:15,630 - mainlogger - INFO - ********************************************************************************
2024-05-24 18:15:42,024 - mainlogger - INFO - Epoch 88  2.4131931234151125
2024-05-24 18:15:42,024 - mainlogger - INFO - valid
2024-05-24 18:15:49,536 - mainlogger - INFO - Dice score: 0.7478
2024-05-24 18:15:49,536 - mainlogger - INFO - Accuracy: 0.9494
2024-05-24 18:15:49,536 - mainlogger - DEBUG - test
2024-05-24 18:15:57,204 - mainlogger - INFO - Dice score: 0.7452
2024-05-24 18:15:57,204 - mainlogger - INFO - Accuracy: 0.9518
2024-05-24 18:15:57,204 - mainlogger - INFO - ********************************************************************************
2024-05-24 18:16:23,572 - mainlogger - INFO - Epoch 89  2.547590933740139
2024-05-24 18:16:23,572 - mainlogger - INFO - valid
2024-05-24 18:16:31,233 - mainlogger - INFO - Dice score: 0.7451
2024-05-24 18:16:31,233 - mainlogger - INFO - Accuracy: 0.9487
2024-05-24 18:16:31,233 - mainlogger - DEBUG - test
2024-05-24 18:16:38,900 - mainlogger - INFO - Dice score: 0.7495
2024-05-24 18:16:38,900 - mainlogger - INFO - Accuracy: 0.9523
2024-05-24 18:16:38,900 - mainlogger - INFO - ********************************************************************************
2024-05-24 18:17:05,177 - mainlogger - INFO - Epoch 90  2.4174664225429296
2024-05-24 18:17:05,177 - mainlogger - INFO - valid
2024-05-24 18:17:12,691 - mainlogger - INFO - Dice score: 0.7359
2024-05-24 18:17:12,691 - mainlogger - INFO - Accuracy: 0.9459
2024-05-24 18:17:12,692 - mainlogger - INFO - 0.0001968744043407226->0.0001673432436896142
2024-05-24 18:17:12,692 - mainlogger - DEBUG - test
2024-05-24 18:17:20,314 - mainlogger - INFO - Dice score: 0.7562
2024-05-24 18:17:20,314 - mainlogger - INFO - Accuracy: 0.9534
2024-05-24 18:17:20,314 - mainlogger - INFO - ********************************************************************************
2024-05-24 18:17:46,644 - mainlogger - INFO - Epoch 91  2.3991692569106817
2024-05-24 18:17:46,644 - mainlogger - INFO - valid
2024-05-24 18:17:54,345 - mainlogger - INFO - Dice score: 0.7236
2024-05-24 18:17:54,345 - mainlogger - INFO - Accuracy: 0.9433
2024-05-24 18:17:54,345 - mainlogger - DEBUG - test
2024-05-24 18:18:01,845 - mainlogger - INFO - Dice score: 0.7501
2024-05-24 18:18:01,845 - mainlogger - INFO - Accuracy: 0.9533
2024-05-24 18:18:01,845 - mainlogger - INFO - ********************************************************************************
2024-05-24 18:18:28,231 - mainlogger - INFO - Epoch 92  2.4616661239415407
2024-05-24 18:18:28,231 - mainlogger - INFO - valid
2024-05-24 18:18:35,867 - mainlogger - INFO - Dice score: 0.7294
2024-05-24 18:18:35,867 - mainlogger - INFO - Accuracy: 0.9459
2024-05-24 18:18:35,867 - mainlogger - DEBUG - test
2024-05-24 18:18:43,434 - mainlogger - INFO - Dice score: 0.7351
2024-05-24 18:18:43,434 - mainlogger - INFO - Accuracy: 0.9497
2024-05-24 18:18:43,434 - mainlogger - INFO - ********************************************************************************
2024-05-24 18:19:09,715 - mainlogger - INFO - Epoch 93  2.343493590131402
2024-05-24 18:19:09,716 - mainlogger - INFO - valid
2024-05-24 18:19:17,156 - mainlogger - INFO - Dice score: 0.7264
2024-05-24 18:19:17,156 - mainlogger - INFO - Accuracy: 0.9465
2024-05-24 18:19:17,156 - mainlogger - DEBUG - test
2024-05-24 18:19:24,665 - mainlogger - INFO - Dice score: 0.7355
2024-05-24 18:19:24,665 - mainlogger - INFO - Accuracy: 0.9515
2024-05-24 18:19:24,665 - mainlogger - INFO - ********************************************************************************
2024-05-24 18:19:50,852 - mainlogger - INFO - Epoch 94  2.1917581763118505
2024-05-24 18:19:50,852 - mainlogger - INFO - valid
2024-05-24 18:19:58,398 - mainlogger - INFO - Dice score: 0.7275
2024-05-24 18:19:58,398 - mainlogger - INFO - Accuracy: 0.9443
2024-05-24 18:19:58,398 - mainlogger - INFO - 0.0001673432436896142->0.00014224175713617207
2024-05-24 18:19:58,398 - mainlogger - DEBUG - test
2024-05-24 18:20:05,900 - mainlogger - INFO - Dice score: 0.7418
2024-05-24 18:20:05,900 - mainlogger - INFO - Accuracy: 0.9517
2024-05-24 18:20:05,901 - mainlogger - INFO - ********************************************************************************
2024-05-24 18:20:32,211 - mainlogger - INFO - Epoch 95  2.1953272949904203
2024-05-24 18:20:32,211 - mainlogger - INFO - valid
2024-05-24 18:20:39,689 - mainlogger - INFO - Dice score: 0.7363
2024-05-24 18:20:39,689 - mainlogger - INFO - Accuracy: 0.9464
2024-05-24 18:20:39,689 - mainlogger - DEBUG - test
2024-05-24 18:20:47,219 - mainlogger - INFO - Dice score: 0.7424
2024-05-24 18:20:47,219 - mainlogger - INFO - Accuracy: 0.9505
2024-05-24 18:20:47,219 - mainlogger - INFO - ********************************************************************************
2024-05-24 18:21:13,458 - mainlogger - INFO - Epoch 96  2.2477848157286644
2024-05-24 18:21:13,459 - mainlogger - INFO - valid
2024-05-24 18:21:20,897 - mainlogger - INFO - Dice score: 0.7386
2024-05-24 18:21:20,897 - mainlogger - INFO - Accuracy: 0.9493
2024-05-24 18:21:20,897 - mainlogger - DEBUG - test
2024-05-24 18:21:28,379 - mainlogger - INFO - Dice score: 0.7342
2024-05-24 18:21:28,379 - mainlogger - INFO - Accuracy: 0.9515
2024-05-24 18:21:28,380 - mainlogger - INFO - ********************************************************************************
2024-05-24 18:21:54,783 - mainlogger - INFO - Epoch 97  2.0877545792609453
2024-05-24 18:21:54,784 - mainlogger - INFO - valid
2024-05-24 18:22:02,321 - mainlogger - INFO - Dice score: 0.7454
2024-05-24 18:22:02,321 - mainlogger - INFO - Accuracy: 0.9498
2024-05-24 18:22:02,321 - mainlogger - DEBUG - test
2024-05-24 18:22:09,806 - mainlogger - INFO - Dice score: 0.7392
2024-05-24 18:22:09,806 - mainlogger - INFO - Accuracy: 0.9517
2024-05-24 18:22:09,807 - mainlogger - INFO - ********************************************************************************
2024-05-24 18:22:35,955 - mainlogger - INFO - Epoch 98  2.140927804633975
2024-05-24 18:22:35,955 - mainlogger - INFO - valid
2024-05-24 18:22:43,638 - mainlogger - INFO - Dice score: 0.7425
2024-05-24 18:22:43,638 - mainlogger - INFO - Accuracy: 0.9467
2024-05-24 18:22:43,638 - mainlogger - INFO - 0.00014224175713617207->0.00012090549356574625
2024-05-24 18:22:43,638 - mainlogger - DEBUG - test
2024-05-24 18:22:51,158 - mainlogger - INFO - Dice score: 0.7488
2024-05-24 18:22:51,158 - mainlogger - INFO - Accuracy: 0.9509
2024-05-24 18:22:51,158 - mainlogger - INFO - ********************************************************************************
2024-05-24 18:23:17,609 - mainlogger - INFO - Epoch 99  2.088388942182064
2024-05-24 18:23:17,609 - mainlogger - INFO - valid
2024-05-24 18:23:25,318 - mainlogger - INFO - Dice score: 0.7194
2024-05-24 18:23:25,319 - mainlogger - INFO - Accuracy: 0.943
2024-05-24 18:23:25,319 - mainlogger - DEBUG - test
2024-05-24 18:23:32,961 - mainlogger - INFO - Dice score: 0.7405
2024-05-24 18:23:32,962 - mainlogger - INFO - Accuracy: 0.95
2024-05-24 18:23:32,962 - mainlogger - INFO - ********************************************************************************
2024-05-24 18:23:32,962 - mainlogger - DEBUG - [0.6894498763704672, 0.679518711718521, 0.699334428744433, 0.6899515562874668, 0.6984826908566306, 0.6872009859973621, 0.701677471162035, 0.6874099645597084, 0.7111233813211719, 0.7030456542085718, 0.7014232931804724, 0.710680141929136, 0.6917596522441072, 0.7347360915610702, 0.721724980897573, 0.695279761688433, 0.7028285772344715, 0.7260900605796142, 0.7365005103284262, 0.7077403776081423, 0.7040573880480252, 0.7180907059360281, 0.7244567445250035, 0.7140897944719434, 0.7108422863139067, 0.7403705085296779, 0.733428124586275, 0.7110933252348913, 0.7629639058297454, 0.7209348093741927, 0.72866679727088, 0.7179962143681065, 0.7064629860416998, 0.7473098593812233, 0.7318326913357827, 0.74557345149889, 0.735740297922235, 0.7382148909360877, 0.7242465929252883, 0.7364229583557902, 0.7522269753329202, 0.7372483827912293, 0.6883883767067337, 0.7349339485693098, 0.7336747341734161, 0.7360105668335214, 0.7321597317155, 0.7325068489738384, 0.7342916210783105, 0.714930745636289, 0.7242485768270136, 0.7149146945514585, 0.729635333165461, 0.7302927375993785, 0.7147561524087356, 0.722159909995571, 0.7311892653716009, 0.7334033149771672, 0.7478127222104133, 0.7451491189747691, 0.7358946974421677, 0.7236263782713651, 0.7293685212941962, 0.7263618057217215, 0.7274517730290236, 0.7362550638148739, 0.7386180436521695, 0.7454277629223051, 0.7424523751313278, 0.7193625041139785]
2024-05-24 18:23:32,962 - mainlogger - DEBUG - [0.6866014461036011, 0.6704464513393652, 0.6695622544894199, 0.6868116205497032, 0.7138689010780159, 0.6712829304603075, 0.7040900917912841, 0.6695190363792246, 0.720010641114083, 0.6705075430303306, 0.7152482701762527, 0.6881931643044937, 0.7046388211069047, 0.7176681128189041, 0.7199040063842345, 0.7144250402231264, 0.6839596402649839, 0.7082912114631436, 0.7334412595421992, 0.7435567973025463, 0.7154158707497902, 0.7369333760404513, 0.7319695650953197, 0.704661497989993, 0.7517374733624758, 0.751163848572914, 0.7407279187614603, 0.7316402691603285, 0.744069554454472, 0.7416617666387654, 0.7506026899676991, 0.7648205363212373, 0.6864905166024534, 0.7522889567955068, 0.7537405405072998, 0.7624041218447208, 0.7551272852346086, 0.7686276094820444, 0.7477581492204496, 0.7187542440857194, 0.7415740901750633, 0.7305225676663197, 0.7329211519477149, 0.7338118429399189, 0.7258845672792299, 0.755645321956816, 0.7539339261603039, 0.755042562526469, 0.7352382503300552, 0.7487389021398673, 0.741897400724611, 0.7424230373817482, 0.7444418568350867, 0.7474678843507591, 0.7498581468842093, 0.7603447256862546, 0.741999437473846, 0.7426652937508158, 0.7451563095497594, 0.7494535925825108, 0.7562055300590468, 0.7500803210273053, 0.7351465367532928, 0.7355200932176004, 0.7417585405253019, 0.7423515583669276, 0.7341637714511747, 0.7391522814389817, 0.7487879055772235, 0.7405356658240096]
2024-05-24 18:23:32,971 - mainlogger - INFO - final test
2024-05-24 18:23:40,514 - mainlogger - INFO - Dice score: 0.7403
2024-05-24 18:23:40,514 - mainlogger - INFO - Accuracy: 0.95
