2024-05-10 13:14:43,482 - mainlogger - INFO - 11694
2024-05-10 13:14:43,482 - mainlogger - INFO - <class '__main__.UniversegPipeline'>
2024-05-10 13:14:43,482 - mainlogger - INFO - universeg_config/reduce/14m.yaml
2024-05-10 13:14:43,482 - mainlogger - INFO - {'desc': '使用reduce改学习率', 'batch_size': 4, 'epochs': 100, 'k': 2, 'root_dir': '/home/4T/zcr/dataset/Dataset_BUSI', 'model': {'name': 'universeg.universeg.UniverSeg', 'args': {'encoder_blocks': [64, 128, 256, 512], 'in_ch': [1, 2]}}, 'trainset': {'name': 'datasetBUSI.mask_busi_single.MaskBUSISingle', 'args': {'root_dir': '/home/4T/zcr/dataset/Dataset_BUSI', 'image_names_path': 'labeled20.txt', 'mode': 'train'}}, 'testset': {'name': 'datasetBUSI.mask_busi_single.MaskBUSISingle', 'args': {'root_dir': '/home/4T/zcr/dataset/Dataset_BUSI', 'image_names_path': 'test.txt', 'mode': 'test'}}, 'validset': {'name': 'datasetBUSI.mask_busi_single.MaskBUSISingle', 'args': {'root_dir': '/home/4T/zcr/dataset/Dataset_BUSI', 'image_names_path': 'val.txt', 'mode': 'test'}}, 'criterion': {'name': 'spgutils.focalloss.BinaryFocalLoss', 'args': {'gamma': 1}}, 'optimizer': {'name': 'torch.optim.Adam', 'args': {'lr': 0.0001}}, 'scheduler': {'name': 'torch.optim.lr_scheduler.ReduceLROnPlateau', 'args': {'mode': 'max', 'factor': 0.85, 'patience': 3}}}
2024-05-10 13:14:43,482 - mainlogger - INFO - 14.859848976135254
2024-05-10 13:15:44,846 - mainlogger - INFO - Epoch 0  136.17767173051834
2024-05-10 13:15:44,846 - mainlogger - INFO - ****************************************************************************************************
2024-05-10 13:16:40,039 - mainlogger - INFO - Epoch 1  8.181009121239185
2024-05-10 13:16:40,048 - mainlogger - INFO - train
2024-05-10 13:17:42,837 - mainlogger - INFO - Dice score: 0.06487
2024-05-10 13:17:42,837 - mainlogger - INFO - Accuracy: 0.8702
2024-05-10 13:17:42,837 - mainlogger - INFO - test
2024-05-10 13:19:32,356 - mainlogger - INFO - Dice score: 0.05141
2024-05-10 13:19:32,356 - mainlogger - INFO - Accuracy: 0.888
2024-05-10 13:19:32,357 - mainlogger - INFO - ****************************************************************************************************
2024-05-10 13:20:27,871 - mainlogger - INFO - Epoch 2  3.7568972930312157
2024-05-10 13:20:27,872 - mainlogger - INFO - ****************************************************************************************************
2024-05-10 13:21:22,828 - mainlogger - INFO - Epoch 3  3.757374554872513
2024-05-10 13:21:22,829 - mainlogger - INFO - ****************************************************************************************************
2024-05-10 13:22:16,947 - mainlogger - INFO - Epoch 4  3.6785013750195503
2024-05-10 13:22:16,947 - mainlogger - INFO - ****************************************************************************************************
2024-05-10 13:23:11,497 - mainlogger - INFO - Epoch 5  3.364939622581005
2024-05-10 13:23:11,498 - mainlogger - INFO - ****************************************************************************************************
2024-05-10 13:24:09,543 - mainlogger - INFO - Epoch 6  3.664968781173229
2024-05-10 13:24:09,543 - mainlogger - INFO - ****************************************************************************************************
2024-05-10 13:25:05,144 - mainlogger - INFO - Epoch 7  3.2445950098335743
2024-05-10 13:25:05,145 - mainlogger - INFO - ****************************************************************************************************
2024-05-10 13:25:58,773 - mainlogger - INFO - Epoch 8  3.1498767472803593
2024-05-10 13:25:58,773 - mainlogger - INFO - ****************************************************************************************************
2024-05-10 13:26:52,805 - mainlogger - INFO - Epoch 9  3.2033027559518814
2024-05-10 13:26:52,805 - mainlogger - INFO - ****************************************************************************************************
2024-05-10 13:27:46,000 - mainlogger - INFO - Epoch 10  3.984683994203806
2024-05-10 13:27:46,000 - mainlogger - INFO - ****************************************************************************************************
2024-05-10 13:28:39,733 - mainlogger - INFO - Epoch 11  3.705394461750984
2024-05-10 13:28:39,733 - mainlogger - INFO - train
2024-05-10 13:29:43,074 - mainlogger - INFO - Dice score: 0.3994
2024-05-10 13:29:43,074 - mainlogger - INFO - Accuracy: 0.8478
2024-05-10 13:29:43,074 - mainlogger - INFO - test
2024-05-10 13:31:33,938 - mainlogger - INFO - Dice score: 0.3447
2024-05-10 13:31:33,939 - mainlogger - INFO - Accuracy: 0.8549
2024-05-10 13:31:33,939 - mainlogger - INFO - ****************************************************************************************************
2024-05-10 13:32:29,129 - mainlogger - INFO - Epoch 12  3.2344314232468605
2024-05-10 13:32:29,133 - mainlogger - INFO - ****************************************************************************************************
2024-05-10 13:33:22,929 - mainlogger - INFO - Epoch 13  3.1107344925403595
2024-05-10 13:33:22,930 - mainlogger - INFO - ****************************************************************************************************
2024-05-10 13:34:14,126 - mainlogger - INFO - Epoch 14  3.0792600885033607
2024-05-10 13:34:14,126 - mainlogger - INFO - ****************************************************************************************************
2024-05-10 13:34:44,266 - mainlogger - INFO - Epoch 15  3.4941973723471165
2024-05-10 13:34:44,266 - mainlogger - INFO - ****************************************************************************************************
2024-05-10 13:35:10,343 - mainlogger - INFO - Epoch 16  3.119912810623646
2024-05-10 13:35:10,343 - mainlogger - INFO - ****************************************************************************************************
2024-05-10 13:35:37,894 - mainlogger - INFO - Epoch 17  3.4442822337150574
2024-05-10 13:35:37,894 - mainlogger - INFO - ****************************************************************************************************
2024-05-10 13:36:06,063 - mainlogger - INFO - Epoch 18  3.1841869056224823
2024-05-10 13:36:06,063 - mainlogger - INFO - ****************************************************************************************************
2024-05-10 13:36:30,277 - mainlogger - INFO - Epoch 19  3.3832254335284233
2024-05-10 13:36:30,277 - mainlogger - INFO - ****************************************************************************************************
2024-05-10 13:36:55,819 - mainlogger - INFO - Epoch 20  3.1916177682578564
2024-05-10 13:36:55,819 - mainlogger - INFO - ****************************************************************************************************
2024-05-10 13:37:23,265 - mainlogger - INFO - Epoch 21  3.090931959450245
2024-05-10 13:37:23,265 - mainlogger - INFO - train
2024-05-10 13:37:52,784 - mainlogger - INFO - Dice score: 0.1743
2024-05-10 13:37:52,784 - mainlogger - INFO - Accuracy: 0.8869
2024-05-10 13:37:52,785 - mainlogger - INFO - test
2024-05-10 13:39:20,775 - mainlogger - INFO - Dice score: 0.1456
2024-05-10 13:39:20,775 - mainlogger - INFO - Accuracy: 0.9028
2024-05-10 13:39:20,775 - mainlogger - INFO - ****************************************************************************************************
2024-05-10 13:40:15,170 - mainlogger - INFO - Epoch 22  2.95709016174078
2024-05-10 13:40:15,170 - mainlogger - INFO - ****************************************************************************************************
2024-05-10 13:41:11,420 - mainlogger - INFO - Epoch 23  3.072274886071682
2024-05-10 13:41:11,421 - mainlogger - INFO - ****************************************************************************************************
2024-05-10 13:42:06,916 - mainlogger - INFO - Epoch 24  2.922735296189785
2024-05-10 13:42:06,916 - mainlogger - INFO - ****************************************************************************************************
2024-05-10 13:43:01,950 - mainlogger - INFO - Epoch 25  2.977058321237564
2024-05-10 13:43:01,950 - mainlogger - INFO - ****************************************************************************************************
2024-05-10 13:43:51,674 - mainlogger - INFO - Epoch 26  2.901172176003456
2024-05-10 13:43:51,674 - mainlogger - INFO - ****************************************************************************************************
2024-05-10 13:44:45,189 - mainlogger - INFO - Epoch 27  3.3878417648375034
2024-05-10 13:44:45,189 - mainlogger - INFO - ****************************************************************************************************
2024-05-10 13:45:41,877 - mainlogger - INFO - Epoch 28  3.3478030785918236
2024-05-10 13:45:41,877 - mainlogger - INFO - ****************************************************************************************************
2024-05-10 13:46:35,464 - mainlogger - INFO - Epoch 29  3.0241794362664223
2024-05-10 13:46:35,464 - mainlogger - INFO - ****************************************************************************************************
2024-05-10 13:47:28,653 - mainlogger - INFO - Epoch 30  3.047409500926733
2024-05-10 13:47:28,653 - mainlogger - INFO - ****************************************************************************************************
2024-05-10 13:48:21,263 - mainlogger - INFO - Epoch 31  2.929334908723831
2024-05-10 13:48:21,264 - mainlogger - INFO - train
2024-05-10 13:48:49,048 - mainlogger - INFO - Dice score: 0.2708
2024-05-10 13:48:49,049 - mainlogger - INFO - Accuracy: 0.8946
2024-05-10 13:48:49,049 - mainlogger - INFO - test
2024-05-10 13:49:38,954 - mainlogger - INFO - Dice score: 0.1536
2024-05-10 13:49:38,955 - mainlogger - INFO - Accuracy: 0.9042
2024-05-10 13:49:38,955 - mainlogger - INFO - ****************************************************************************************************
2024-05-10 13:49:59,378 - mainlogger - INFO - Epoch 32  2.9550371691584587
2024-05-10 13:49:59,378 - mainlogger - INFO - ****************************************************************************************************
2024-05-10 13:50:31,637 - mainlogger - INFO - Epoch 33  3.043998211622238
2024-05-10 13:50:31,637 - mainlogger - INFO - ****************************************************************************************************
2024-05-10 13:50:49,133 - mainlogger - INFO - Epoch 34  2.78322265855968
2024-05-10 13:50:49,134 - mainlogger - INFO - ****************************************************************************************************
2024-05-10 13:51:24,221 - mainlogger - INFO - Epoch 35  2.778334863483906
2024-05-10 13:51:24,221 - mainlogger - INFO - ****************************************************************************************************
2024-05-10 13:51:41,630 - mainlogger - INFO - Epoch 36  3.1810502745211124
2024-05-10 13:51:41,630 - mainlogger - INFO - ****************************************************************************************************
2024-05-10 13:52:17,324 - mainlogger - INFO - Epoch 37  2.7483559139072895
2024-05-10 13:52:17,324 - mainlogger - INFO - ****************************************************************************************************
2024-05-10 13:52:31,972 - mainlogger - INFO - Epoch 38  3.0070088505744934
2024-05-10 13:52:31,972 - mainlogger - INFO - ****************************************************************************************************
2024-05-10 13:53:09,091 - mainlogger - INFO - Epoch 39  2.963203225284815
2024-05-10 13:53:09,091 - mainlogger - INFO - ****************************************************************************************************
2024-05-10 13:53:22,459 - mainlogger - INFO - valid
2024-05-10 13:54:11,580 - mainlogger - INFO - Dice score: 0.4216
2024-05-10 13:54:11,580 - mainlogger - INFO - Accuracy: 0.9135
2024-05-10 13:54:11,580 - mainlogger - INFO - Epoch 40  3.0668987035751343
2024-05-10 13:54:11,580 - mainlogger - INFO - ****************************************************************************************************
2024-05-10 13:54:46,630 - mainlogger - INFO - valid
2024-05-10 13:55:10,636 - mainlogger - INFO - Dice score: 0.373
2024-05-10 13:55:10,636 - mainlogger - INFO - Accuracy: 0.9028
2024-05-10 13:55:10,637 - mainlogger - INFO - Epoch 41  3.0067800357937813
2024-05-10 13:55:10,637 - mainlogger - INFO - train
2024-05-10 13:55:15,263 - mainlogger - INFO - Dice score: 0.3369
2024-05-10 13:55:15,264 - mainlogger - INFO - Accuracy: 0.8862
2024-05-10 13:55:15,264 - mainlogger - INFO - test
2024-05-10 13:55:22,955 - mainlogger - INFO - Dice score: 0.3273
2024-05-10 13:55:22,955 - mainlogger - INFO - Accuracy: 0.9051
2024-05-10 13:55:22,955 - mainlogger - INFO - ****************************************************************************************************
2024-05-10 13:55:28,032 - mainlogger - INFO - valid
2024-05-10 13:55:35,825 - mainlogger - INFO - Dice score: 0.3614
2024-05-10 13:55:35,825 - mainlogger - INFO - Accuracy: 0.9122
2024-05-10 13:55:35,825 - mainlogger - INFO - Epoch 42  3.0666524693369865
2024-05-10 13:55:35,825 - mainlogger - INFO - ****************************************************************************************************
2024-05-10 13:55:41,102 - mainlogger - INFO - valid
2024-05-10 13:55:48,962 - mainlogger - INFO - Dice score: 0.4682
2024-05-10 13:55:48,963 - mainlogger - INFO - Accuracy: 0.9047
2024-05-10 13:55:48,963 - mainlogger - INFO - Epoch 43  2.671463765203953
2024-05-10 13:55:48,963 - mainlogger - INFO - ****************************************************************************************************
2024-05-10 13:55:53,964 - mainlogger - INFO - valid
2024-05-10 13:56:01,688 - mainlogger - INFO - Dice score: 0.4334
2024-05-10 13:56:01,689 - mainlogger - INFO - Accuracy: 0.9059
2024-05-10 13:56:01,689 - mainlogger - INFO - Epoch 44  2.626647971570492
2024-05-10 13:56:01,689 - mainlogger - INFO - ****************************************************************************************************
2024-05-10 13:56:06,735 - mainlogger - INFO - valid
2024-05-10 13:56:14,313 - mainlogger - INFO - Dice score: 0.3059
2024-05-10 13:56:14,314 - mainlogger - INFO - Accuracy: 0.9126
2024-05-10 13:56:14,314 - mainlogger - INFO - Epoch 45  2.9800350554287434
2024-05-10 13:56:14,314 - mainlogger - INFO - ****************************************************************************************************
2024-05-10 13:56:19,387 - mainlogger - INFO - valid
2024-05-10 13:56:27,286 - mainlogger - INFO - Dice score: 0.4304
2024-05-10 13:56:27,286 - mainlogger - INFO - Accuracy: 0.9141
2024-05-10 13:56:27,286 - mainlogger - INFO - Epoch 46  2.874224968254566
2024-05-10 13:56:27,286 - mainlogger - INFO - ****************************************************************************************************
2024-05-10 13:56:32,440 - mainlogger - INFO - valid
2024-05-10 13:56:40,075 - mainlogger - INFO - Dice score: 0.3162
2024-05-10 13:56:40,075 - mainlogger - INFO - Accuracy: 0.9147
2024-05-10 13:56:40,076 - mainlogger - INFO - 0.0001->8.5e-05
2024-05-10 13:56:40,076 - mainlogger - INFO - Epoch 47  2.946361392736435
2024-05-10 13:56:40,076 - mainlogger - INFO - ****************************************************************************************************
2024-05-10 13:56:45,234 - mainlogger - INFO - valid
2024-05-10 13:56:52,908 - mainlogger - INFO - Dice score: 0.353
2024-05-10 13:56:52,908 - mainlogger - INFO - Accuracy: 0.9174
2024-05-10 13:56:52,909 - mainlogger - INFO - Epoch 48  2.866539593786001
2024-05-10 13:56:52,909 - mainlogger - INFO - ****************************************************************************************************
2024-05-10 13:56:58,082 - mainlogger - INFO - valid
2024-05-10 13:57:06,043 - mainlogger - INFO - Dice score: 0.4364
2024-05-10 13:57:06,043 - mainlogger - INFO - Accuracy: 0.9129
2024-05-10 13:57:06,043 - mainlogger - INFO - Epoch 49  2.9467805922031403
2024-05-10 13:57:06,043 - mainlogger - INFO - ****************************************************************************************************
2024-05-10 13:57:11,213 - mainlogger - INFO - valid
2024-05-10 13:57:18,961 - mainlogger - INFO - Dice score: 0.4176
2024-05-10 13:57:18,962 - mainlogger - INFO - Accuracy: 0.9136
2024-05-10 13:57:18,962 - mainlogger - INFO - Epoch 50  2.929714970290661
2024-05-10 13:57:18,962 - mainlogger - INFO - ****************************************************************************************************
2024-05-10 13:57:24,108 - mainlogger - INFO - valid
2024-05-10 13:57:32,100 - mainlogger - INFO - Dice score: 0.3537
2024-05-10 13:57:32,100 - mainlogger - INFO - Accuracy: 0.9136
2024-05-10 13:57:32,100 - mainlogger - INFO - 8.5e-05->7.225000000000001e-05
2024-05-10 13:57:32,100 - mainlogger - INFO - Epoch 51  2.8917117416858673
2024-05-10 13:57:32,101 - mainlogger - INFO - train
2024-05-10 13:57:36,710 - mainlogger - INFO - Dice score: 0.4094
2024-05-10 13:57:36,711 - mainlogger - INFO - Accuracy: 0.9031
2024-05-10 13:57:36,711 - mainlogger - INFO - test
2024-05-10 13:57:44,487 - mainlogger - INFO - Dice score: 0.3232
2024-05-10 13:57:44,487 - mainlogger - INFO - Accuracy: 0.9115
2024-05-10 13:57:44,488 - mainlogger - INFO - ****************************************************************************************************
2024-05-10 13:57:49,564 - mainlogger - INFO - valid
2024-05-10 13:57:57,189 - mainlogger - INFO - Dice score: 0.3608
2024-05-10 13:57:57,189 - mainlogger - INFO - Accuracy: 0.9173
2024-05-10 13:57:57,189 - mainlogger - INFO - Epoch 52  2.7108752001076937
2024-05-10 13:57:57,190 - mainlogger - INFO - ****************************************************************************************************
2024-05-10 13:58:02,277 - mainlogger - INFO - valid
2024-05-10 13:58:10,152 - mainlogger - INFO - Dice score: 0.4941
2024-05-10 13:58:10,152 - mainlogger - INFO - Accuracy: 0.9008
2024-05-10 13:58:10,152 - mainlogger - INFO - Epoch 53  2.7224570959806442
2024-05-10 13:58:10,152 - mainlogger - INFO - ****************************************************************************************************
2024-05-10 13:58:15,353 - mainlogger - INFO - valid
2024-05-10 13:58:23,093 - mainlogger - INFO - Dice score: 0.4766
2024-05-10 13:58:23,094 - mainlogger - INFO - Accuracy: 0.9176
2024-05-10 13:58:23,094 - mainlogger - INFO - Epoch 54  2.8159503638744354
2024-05-10 13:58:23,094 - mainlogger - INFO - ****************************************************************************************************
2024-05-10 13:58:28,424 - mainlogger - INFO - valid
2024-05-10 13:58:36,141 - mainlogger - INFO - Dice score: 0.4898
2024-05-10 13:58:36,141 - mainlogger - INFO - Accuracy: 0.9092
2024-05-10 13:58:36,141 - mainlogger - INFO - Epoch 55  2.695907838642597
2024-05-10 13:58:36,141 - mainlogger - INFO - ****************************************************************************************************
2024-05-10 13:58:41,236 - mainlogger - INFO - valid
2024-05-10 13:58:49,013 - mainlogger - INFO - Dice score: 0.4974
2024-05-10 13:58:49,014 - mainlogger - INFO - Accuracy: 0.902
2024-05-10 13:58:49,014 - mainlogger - INFO - Epoch 56  2.9822014905512333
2024-05-10 13:58:49,014 - mainlogger - INFO - ****************************************************************************************************
2024-05-10 13:58:54,105 - mainlogger - INFO - valid
2024-05-10 13:59:01,832 - mainlogger - INFO - Dice score: 0.4452
2024-05-10 13:59:01,832 - mainlogger - INFO - Accuracy: 0.9172
2024-05-10 13:59:01,832 - mainlogger - INFO - Epoch 57  2.6179497838020325
2024-05-10 13:59:01,832 - mainlogger - INFO - ****************************************************************************************************
2024-05-10 13:59:07,037 - mainlogger - INFO - valid
2024-05-10 13:59:14,803 - mainlogger - INFO - Dice score: 0.4235
2024-05-10 13:59:14,803 - mainlogger - INFO - Accuracy: 0.92
2024-05-10 13:59:14,803 - mainlogger - INFO - Epoch 58  2.5521579030901194
2024-05-10 13:59:14,803 - mainlogger - INFO - ****************************************************************************************************
2024-05-10 13:59:20,025 - mainlogger - INFO - valid
2024-05-10 13:59:27,959 - mainlogger - INFO - Dice score: 0.4426
2024-05-10 13:59:27,959 - mainlogger - INFO - Accuracy: 0.9175
2024-05-10 13:59:27,960 - mainlogger - INFO - Epoch 59  2.83657119050622
2024-05-10 13:59:27,960 - mainlogger - INFO - ****************************************************************************************************
2024-05-10 13:59:33,095 - mainlogger - INFO - valid
2024-05-10 13:59:40,880 - mainlogger - INFO - Dice score: 0.5039
2024-05-10 13:59:40,880 - mainlogger - INFO - Accuracy: 0.9149
2024-05-10 13:59:40,880 - mainlogger - INFO - Epoch 60  2.8289588019251823
2024-05-10 13:59:40,880 - mainlogger - INFO - ****************************************************************************************************
2024-05-10 13:59:46,016 - mainlogger - INFO - valid
2024-05-10 13:59:53,698 - mainlogger - INFO - Dice score: 0.448
2024-05-10 13:59:53,698 - mainlogger - INFO - Accuracy: 0.918
2024-05-10 13:59:53,698 - mainlogger - INFO - Epoch 61  2.5793798714876175
2024-05-10 13:59:53,698 - mainlogger - INFO - train
2024-05-10 13:59:58,266 - mainlogger - INFO - Dice score: 0.4917
2024-05-10 13:59:58,266 - mainlogger - INFO - Accuracy: 0.9136
2024-05-10 13:59:58,266 - mainlogger - INFO - test
2024-05-10 14:00:05,902 - mainlogger - INFO - Dice score: 0.4071
2024-05-10 14:00:05,902 - mainlogger - INFO - Accuracy: 0.9158
2024-05-10 14:00:05,902 - mainlogger - INFO - ****************************************************************************************************
2024-05-10 14:00:10,965 - mainlogger - INFO - valid
2024-05-10 14:00:18,740 - mainlogger - INFO - Dice score: 0.5215
2024-05-10 14:00:18,740 - mainlogger - INFO - Accuracy: 0.9234
2024-05-10 14:00:18,740 - mainlogger - INFO - Epoch 62  2.6943065635859966
2024-05-10 14:00:18,740 - mainlogger - INFO - ****************************************************************************************************
2024-05-10 14:00:23,747 - mainlogger - INFO - valid
2024-05-10 14:00:31,685 - mainlogger - INFO - Dice score: 0.5229
2024-05-10 14:00:31,685 - mainlogger - INFO - Accuracy: 0.9167
2024-05-10 14:00:31,686 - mainlogger - INFO - Epoch 63  2.5151797495782375
2024-05-10 14:00:31,686 - mainlogger - INFO - ****************************************************************************************************
2024-05-10 14:00:36,790 - mainlogger - INFO - valid
2024-05-10 14:00:44,582 - mainlogger - INFO - Dice score: 0.5013
2024-05-10 14:00:44,582 - mainlogger - INFO - Accuracy: 0.9099
2024-05-10 14:00:44,583 - mainlogger - INFO - Epoch 64  2.5681735556572676
2024-05-10 14:00:44,583 - mainlogger - INFO - ****************************************************************************************************
2024-05-10 14:00:49,667 - mainlogger - INFO - valid
2024-05-10 14:00:57,372 - mainlogger - INFO - Dice score: 0.5145
2024-05-10 14:00:57,372 - mainlogger - INFO - Accuracy: 0.9192
2024-05-10 14:00:57,372 - mainlogger - INFO - Epoch 65  2.5896876342594624
2024-05-10 14:00:57,372 - mainlogger - INFO - ****************************************************************************************************
2024-05-10 14:01:02,422 - mainlogger - INFO - valid
2024-05-10 14:01:10,213 - mainlogger - INFO - Dice score: 0.454
2024-05-10 14:01:10,213 - mainlogger - INFO - Accuracy: 0.9236
2024-05-10 14:01:10,213 - mainlogger - INFO - Epoch 66  2.5066806077957153
2024-05-10 14:01:10,214 - mainlogger - INFO - ****************************************************************************************************
2024-05-10 14:01:15,316 - mainlogger - INFO - valid
2024-05-10 14:01:23,043 - mainlogger - INFO - Dice score: 0.5329
2024-05-10 14:01:23,043 - mainlogger - INFO - Accuracy: 0.9164
2024-05-10 14:01:23,043 - mainlogger - INFO - Epoch 67  2.49120532348752
2024-05-10 14:01:23,043 - mainlogger - INFO - ****************************************************************************************************
2024-05-10 14:01:28,298 - mainlogger - INFO - valid
2024-05-10 14:01:36,016 - mainlogger - INFO - Dice score: 0.4653
2024-05-10 14:01:36,016 - mainlogger - INFO - Accuracy: 0.9237
2024-05-10 14:01:36,016 - mainlogger - INFO - Epoch 68  2.5331979654729366
2024-05-10 14:01:36,016 - mainlogger - INFO - ****************************************************************************************************
2024-05-10 14:01:41,006 - mainlogger - INFO - valid
2024-05-10 14:01:48,677 - mainlogger - INFO - Dice score: 0.3636
2024-05-10 14:01:48,677 - mainlogger - INFO - Accuracy: 0.9182
2024-05-10 14:01:48,678 - mainlogger - INFO - Epoch 69  2.5323083736002445
2024-05-10 14:01:48,678 - mainlogger - INFO - ****************************************************************************************************
2024-05-10 14:01:53,733 - mainlogger - INFO - valid
2024-05-10 14:02:01,447 - mainlogger - INFO - Dice score: 0.4358
2024-05-10 14:02:01,447 - mainlogger - INFO - Accuracy: 0.9216
2024-05-10 14:02:01,447 - mainlogger - INFO - Epoch 70  2.691507037729025
2024-05-10 14:02:01,447 - mainlogger - INFO - ****************************************************************************************************
2024-05-10 14:02:06,469 - mainlogger - INFO - valid
2024-05-10 14:02:14,105 - mainlogger - INFO - Dice score: 0.4595
2024-05-10 14:02:14,105 - mainlogger - INFO - Accuracy: 0.921
2024-05-10 14:02:14,105 - mainlogger - INFO - 7.225000000000001e-05->6.141250000000001e-05
2024-05-10 14:02:14,105 - mainlogger - INFO - Epoch 71  2.4307638220489025
2024-05-10 14:02:14,105 - mainlogger - INFO - train
2024-05-10 14:02:18,784 - mainlogger - INFO - Dice score: 0.4567
2024-05-10 14:02:18,784 - mainlogger - INFO - Accuracy: 0.9019
2024-05-10 14:02:18,784 - mainlogger - INFO - test
2024-05-10 14:02:26,639 - mainlogger - INFO - Dice score: 0.4248
2024-05-10 14:02:26,639 - mainlogger - INFO - Accuracy: 0.9185
2024-05-10 14:02:26,640 - mainlogger - INFO - ****************************************************************************************************
2024-05-10 14:02:31,809 - mainlogger - INFO - valid
2024-05-10 14:02:39,540 - mainlogger - INFO - Dice score: 0.5014
2024-05-10 14:02:39,540 - mainlogger - INFO - Accuracy: 0.9175
2024-05-10 14:02:39,540 - mainlogger - INFO - Epoch 72  2.7609531581401825
2024-05-10 14:02:39,540 - mainlogger - INFO - ****************************************************************************************************
2024-05-10 14:02:44,674 - mainlogger - INFO - valid
2024-05-10 14:02:52,449 - mainlogger - INFO - Dice score: 0.4883
2024-05-10 14:02:52,449 - mainlogger - INFO - Accuracy: 0.9183
2024-05-10 14:02:52,450 - mainlogger - INFO - Epoch 73  2.6510950848460197
2024-05-10 14:02:52,450 - mainlogger - INFO - ****************************************************************************************************
2024-05-10 14:02:57,473 - mainlogger - INFO - valid
2024-05-10 14:03:05,106 - mainlogger - INFO - Dice score: 0.5033
2024-05-10 14:03:05,106 - mainlogger - INFO - Accuracy: 0.9187
2024-05-10 14:03:05,106 - mainlogger - INFO - Epoch 74  2.4297279473394156
2024-05-10 14:03:05,106 - mainlogger - INFO - ****************************************************************************************************
2024-05-10 14:03:10,301 - mainlogger - INFO - valid
2024-05-10 14:03:18,100 - mainlogger - INFO - Dice score: 0.5424
2024-05-10 14:03:18,100 - mainlogger - INFO - Accuracy: 0.9149
2024-05-10 14:03:18,100 - mainlogger - INFO - Epoch 75  2.8498837053775787
2024-05-10 14:03:18,100 - mainlogger - INFO - ****************************************************************************************************
2024-05-10 14:03:23,169 - mainlogger - INFO - valid
2024-05-10 14:03:30,967 - mainlogger - INFO - Dice score: 0.546
2024-05-10 14:03:30,968 - mainlogger - INFO - Accuracy: 0.9195
2024-05-10 14:03:30,968 - mainlogger - INFO - Epoch 76  3.2964035123586655
2024-05-10 14:03:30,968 - mainlogger - INFO - ****************************************************************************************************
2024-05-10 14:03:36,084 - mainlogger - INFO - valid
2024-05-10 14:03:43,840 - mainlogger - INFO - Dice score: 0.353
2024-05-10 14:03:43,840 - mainlogger - INFO - Accuracy: 0.9192
2024-05-10 14:03:43,840 - mainlogger - INFO - Epoch 77  2.7595657519996166
2024-05-10 14:03:43,840 - mainlogger - INFO - ****************************************************************************************************
2024-05-10 14:03:48,910 - mainlogger - INFO - valid
2024-05-10 14:03:56,682 - mainlogger - INFO - Dice score: 0.4749
2024-05-10 14:03:56,682 - mainlogger - INFO - Accuracy: 0.9202
2024-05-10 14:03:56,683 - mainlogger - INFO - Epoch 78  2.525171671062708
2024-05-10 14:03:56,683 - mainlogger - INFO - ****************************************************************************************************
2024-05-10 14:04:01,869 - mainlogger - INFO - valid
2024-05-10 14:04:09,467 - mainlogger - INFO - Dice score: 0.5543
2024-05-10 14:04:09,467 - mainlogger - INFO - Accuracy: 0.9253
2024-05-10 14:04:09,467 - mainlogger - INFO - Epoch 79  2.4837976805865765
2024-05-10 14:04:09,467 - mainlogger - INFO - ****************************************************************************************************
2024-05-10 14:04:14,544 - mainlogger - INFO - valid
2024-05-10 14:04:22,320 - mainlogger - INFO - Dice score: 0.5423
2024-05-10 14:04:22,320 - mainlogger - INFO - Accuracy: 0.9248
2024-05-10 14:04:22,320 - mainlogger - INFO - Epoch 80  2.561119355261326
2024-05-10 14:04:22,320 - mainlogger - INFO - ****************************************************************************************************
2024-05-10 14:04:27,623 - mainlogger - INFO - valid
2024-05-10 14:04:35,318 - mainlogger - INFO - Dice score: 0.4198
2024-05-10 14:04:35,318 - mainlogger - INFO - Accuracy: 0.9229
2024-05-10 14:04:35,319 - mainlogger - INFO - Epoch 81  2.7411021068692207
2024-05-10 14:04:35,319 - mainlogger - INFO - train
2024-05-10 14:04:39,906 - mainlogger - INFO - Dice score: 0.3729
2024-05-10 14:04:39,906 - mainlogger - INFO - Accuracy: 0.9008
2024-05-10 14:04:39,906 - mainlogger - INFO - test
2024-05-10 14:04:47,599 - mainlogger - INFO - Dice score: 0.3398
2024-05-10 14:04:47,600 - mainlogger - INFO - Accuracy: 0.9153
2024-05-10 14:04:47,600 - mainlogger - INFO - ****************************************************************************************************
2024-05-10 14:04:52,721 - mainlogger - INFO - valid
2024-05-10 14:05:00,436 - mainlogger - INFO - Dice score: 0.5463
2024-05-10 14:05:00,437 - mainlogger - INFO - Accuracy: 0.916
2024-05-10 14:05:00,437 - mainlogger - INFO - Epoch 82  2.470486283302307
2024-05-10 14:05:00,437 - mainlogger - INFO - ****************************************************************************************************
2024-05-10 14:05:05,631 - mainlogger - INFO - valid
2024-05-10 14:05:13,477 - mainlogger - INFO - Dice score: 0.4756
2024-05-10 14:05:13,477 - mainlogger - INFO - Accuracy: 0.9213
2024-05-10 14:05:13,477 - mainlogger - INFO - 6.141250000000001e-05->5.2200625000000005e-05
2024-05-10 14:05:13,477 - mainlogger - INFO - Epoch 83  2.382230691611767
2024-05-10 14:05:13,477 - mainlogger - INFO - ****************************************************************************************************
2024-05-10 14:05:18,546 - mainlogger - INFO - valid
2024-05-10 14:05:26,745 - mainlogger - INFO - Dice score: 0.5222
2024-05-10 14:05:26,745 - mainlogger - INFO - Accuracy: 0.9162
2024-05-10 14:05:26,745 - mainlogger - INFO - Epoch 84  2.4541392847895622
2024-05-10 14:05:26,745 - mainlogger - INFO - ****************************************************************************************************
2024-05-10 14:05:31,839 - mainlogger - INFO - valid
2024-05-10 14:05:39,622 - mainlogger - INFO - Dice score: 0.5227
2024-05-10 14:05:39,623 - mainlogger - INFO - Accuracy: 0.9225
2024-05-10 14:05:39,623 - mainlogger - INFO - Epoch 85  2.5528218746185303
2024-05-10 14:05:39,623 - mainlogger - INFO - ****************************************************************************************************
2024-05-10 14:05:44,747 - mainlogger - INFO - valid
2024-05-10 14:05:52,516 - mainlogger - INFO - Dice score: 0.5455
2024-05-10 14:05:52,516 - mainlogger - INFO - Accuracy: 0.9054
2024-05-10 14:05:52,517 - mainlogger - INFO - Epoch 86  2.7139252722263336
2024-05-10 14:05:52,517 - mainlogger - INFO - ****************************************************************************************************
2024-05-10 14:05:57,591 - mainlogger - INFO - valid
2024-05-10 14:06:05,386 - mainlogger - INFO - Dice score: 0.5382
2024-05-10 14:06:05,387 - mainlogger - INFO - Accuracy: 0.9027
2024-05-10 14:06:05,387 - mainlogger - INFO - 5.2200625000000005e-05->4.437053125e-05
2024-05-10 14:06:05,387 - mainlogger - INFO - Epoch 87  2.891798086464405
2024-05-10 14:06:05,387 - mainlogger - INFO - ****************************************************************************************************
2024-05-10 14:06:10,509 - mainlogger - INFO - valid
2024-05-10 14:06:18,211 - mainlogger - INFO - Dice score: 0.4774
2024-05-10 14:06:18,211 - mainlogger - INFO - Accuracy: 0.9211
2024-05-10 14:06:18,211 - mainlogger - INFO - Epoch 88  2.5042878203094006
2024-05-10 14:06:18,211 - mainlogger - INFO - ****************************************************************************************************
2024-05-10 14:06:23,303 - mainlogger - INFO - valid
2024-05-10 14:06:31,108 - mainlogger - INFO - Dice score: 0.4735
2024-05-10 14:06:31,108 - mainlogger - INFO - Accuracy: 0.9214
2024-05-10 14:06:31,108 - mainlogger - INFO - Epoch 89  2.809118330478668
2024-05-10 14:06:31,108 - mainlogger - INFO - ****************************************************************************************************
2024-05-10 14:06:36,242 - mainlogger - INFO - valid
2024-05-10 14:06:43,955 - mainlogger - INFO - Dice score: 0.5079
2024-05-10 14:06:43,956 - mainlogger - INFO - Accuracy: 0.9225
2024-05-10 14:06:43,956 - mainlogger - INFO - Epoch 90  2.4438886381685734
2024-05-10 14:06:43,956 - mainlogger - INFO - ****************************************************************************************************
2024-05-10 14:06:49,127 - mainlogger - INFO - valid
2024-05-10 14:06:56,826 - mainlogger - INFO - Dice score: 0.4385
2024-05-10 14:06:56,827 - mainlogger - INFO - Accuracy: 0.9207
2024-05-10 14:06:56,827 - mainlogger - INFO - 4.437053125e-05->3.77149515625e-05
2024-05-10 14:06:56,827 - mainlogger - INFO - Epoch 91  2.6431039087474346
2024-05-10 14:06:56,827 - mainlogger - INFO - train
2024-05-10 14:07:01,432 - mainlogger - INFO - Dice score: 0.455
2024-05-10 14:07:01,433 - mainlogger - INFO - Accuracy: 0.9059
2024-05-10 14:07:01,433 - mainlogger - INFO - test
2024-05-10 14:07:09,182 - mainlogger - INFO - Dice score: 0.4186
2024-05-10 14:07:09,182 - mainlogger - INFO - Accuracy: 0.9176
2024-05-10 14:07:09,182 - mainlogger - INFO - ****************************************************************************************************
2024-05-10 14:07:14,281 - mainlogger - INFO - valid
2024-05-10 14:07:22,066 - mainlogger - INFO - Dice score: 0.5445
2024-05-10 14:07:22,067 - mainlogger - INFO - Accuracy: 0.9202
2024-05-10 14:07:22,067 - mainlogger - INFO - Epoch 92  2.371702194213867
2024-05-10 14:07:22,067 - mainlogger - INFO - ****************************************************************************************************
2024-05-10 14:07:27,297 - mainlogger - INFO - valid
2024-05-10 14:07:35,063 - mainlogger - INFO - Dice score: 0.5564
2024-05-10 14:07:35,063 - mainlogger - INFO - Accuracy: 0.9216
2024-05-10 14:07:35,063 - mainlogger - INFO - Epoch 93  2.2302806340157986
2024-05-10 14:07:35,063 - mainlogger - INFO - ****************************************************************************************************
2024-05-10 14:07:40,173 - mainlogger - INFO - valid
2024-05-10 14:07:47,955 - mainlogger - INFO - Dice score: 0.567
2024-05-10 14:07:47,955 - mainlogger - INFO - Accuracy: 0.9177
2024-05-10 14:07:47,955 - mainlogger - INFO - Epoch 94  2.3777569346129894
2024-05-10 14:07:47,955 - mainlogger - INFO - ****************************************************************************************************
2024-05-10 14:07:53,015 - mainlogger - INFO - valid
2024-05-10 14:08:00,783 - mainlogger - INFO - Dice score: 0.5372
2024-05-10 14:08:00,783 - mainlogger - INFO - Accuracy: 0.9239
2024-05-10 14:08:00,783 - mainlogger - INFO - Epoch 95  2.457835853099823
2024-05-10 14:08:00,783 - mainlogger - INFO - ****************************************************************************************************
2024-05-10 14:08:05,959 - mainlogger - INFO - valid
2024-05-10 14:08:13,776 - mainlogger - INFO - Dice score: 0.556
2024-05-10 14:08:13,776 - mainlogger - INFO - Accuracy: 0.9259
2024-05-10 14:08:13,776 - mainlogger - INFO - Epoch 96  2.35350826010108
2024-05-10 14:08:13,776 - mainlogger - INFO - ****************************************************************************************************
2024-05-10 14:08:18,868 - mainlogger - INFO - valid
2024-05-10 14:08:26,766 - mainlogger - INFO - Dice score: 0.5666
2024-05-10 14:08:26,766 - mainlogger - INFO - Accuracy: 0.9274
2024-05-10 14:08:26,766 - mainlogger - INFO - Epoch 97  2.299141313880682
2024-05-10 14:08:26,766 - mainlogger - INFO - ****************************************************************************************************
2024-05-10 14:08:31,842 - mainlogger - INFO - valid
2024-05-10 14:08:39,550 - mainlogger - INFO - Dice score: 0.5521
2024-05-10 14:08:39,551 - mainlogger - INFO - Accuracy: 0.9244
2024-05-10 14:08:39,551 - mainlogger - INFO - 3.77149515625e-05->3.2057708828124995e-05
2024-05-10 14:08:39,551 - mainlogger - INFO - Epoch 98  2.3613203801214695
2024-05-10 14:08:39,551 - mainlogger - INFO - ****************************************************************************************************
2024-05-10 14:08:44,605 - mainlogger - INFO - valid
2024-05-10 14:08:52,310 - mainlogger - INFO - Dice score: 0.5714
2024-05-10 14:08:52,311 - mainlogger - INFO - Accuracy: 0.9266
2024-05-10 14:08:52,311 - mainlogger - INFO - Epoch 99  2.3545298166573048
2024-05-10 14:08:52,311 - mainlogger - INFO - train
2024-05-10 14:08:56,906 - mainlogger - INFO - Dice score: 0.5905
2024-05-10 14:08:56,906 - mainlogger - INFO - Accuracy: 0.922
2024-05-10 14:08:56,907 - mainlogger - INFO - test
2024-05-10 14:09:04,717 - mainlogger - INFO - Dice score: 0.5003
2024-05-10 14:09:04,717 - mainlogger - INFO - Accuracy: 0.9196
2024-05-10 14:09:04,717 - mainlogger - INFO - ****************************************************************************************************
2024-05-10 14:09:04,717 - mainlogger - INFO - (95, 99)
2024-05-10 14:09:04,717 - mainlogger - INFO - 0.5566566796836907
