2024-05-10 15:09:19,324 - mainlogger - INFO - 30723
2024-05-10 15:09:19,324 - mainlogger - INFO - <class '__main__.UniversegPipeline'>
2024-05-10 15:09:19,324 - mainlogger - INFO - universeg_config/reduce/37m.yaml
2024-05-10 15:09:19,324 - mainlogger - INFO - {'desc': '使用reduce改学习率', 'batch_size': 4, 'epochs': 100, 'k': 2, 'root_dir': '/home/4T/zcr/dataset/Dataset_BUSI', 'model': {'name': 'universeg.universeg.UniverSeg', 'args': {'encoder_blocks': [64, 128, 256, 512, 512], 'in_ch': [1, 2]}}, 'trainset': {'name': 'datasetBUSI.mask_busi_single.MaskBUSISingle', 'args': {'root_dir': '/home/4T/zcr/dataset/Dataset_BUSI', 'image_names_path': 'labeled20.txt', 'mode': 'train'}}, 'testset': {'name': 'datasetBUSI.mask_busi_single.MaskBUSISingle', 'args': {'root_dir': '/home/4T/zcr/dataset/Dataset_BUSI', 'image_names_path': 'test.txt', 'mode': 'test'}}, 'validset': {'name': 'datasetBUSI.mask_busi_single.MaskBUSISingle', 'args': {'root_dir': '/home/4T/zcr/dataset/Dataset_BUSI', 'image_names_path': 'val.txt', 'mode': 'test'}}, 'criterion': {'name': 'spgutils.focalloss.BinaryFocalLoss', 'args': {'gamma': 1}}, 'optimizer': {'name': 'torch.optim.Adam', 'args': {'lr': 0.0001}}, 'scheduler': {'name': 'torch.optim.lr_scheduler.ReduceLROnPlateau', 'args': {'mode': 'max', 'factor': 0.85, 'patience': 3}}}
2024-05-10 15:09:19,324 - mainlogger - INFO - 37.362778663635254
2024-05-10 15:09:45,988 - mainlogger - INFO - Epoch 0  99.24510858952999
2024-05-10 15:09:45,988 - mainlogger - INFO - ****************************************************************************************************
2024-05-10 15:10:03,415 - mainlogger - INFO - Epoch 1  6.176691979169846
2024-05-10 15:10:03,415 - mainlogger - INFO - train
2024-05-10 15:10:08,154 - mainlogger - INFO - Dice score: 0.1594
2024-05-10 15:10:08,154 - mainlogger - INFO - Accuracy: 0.8789
2024-05-10 15:10:08,155 - mainlogger - INFO - test
2024-05-10 15:10:16,278 - mainlogger - INFO - Dice score: 0.09874
2024-05-10 15:10:16,278 - mainlogger - INFO - Accuracy: 0.8948
2024-05-10 15:10:16,278 - mainlogger - INFO - ****************************************************************************************************
2024-05-10 15:10:21,525 - mainlogger - INFO - Epoch 2  3.7165764421224594
2024-05-10 15:10:21,525 - mainlogger - INFO - ****************************************************************************************************
2024-05-10 15:10:26,855 - mainlogger - INFO - Epoch 3  3.3610958382487297
2024-05-10 15:10:26,855 - mainlogger - INFO - ****************************************************************************************************
2024-05-10 15:10:32,104 - mainlogger - INFO - Epoch 4  3.3503178358078003
2024-05-10 15:10:32,104 - mainlogger - INFO - ****************************************************************************************************
2024-05-10 15:10:37,396 - mainlogger - INFO - Epoch 5  3.203434757888317
2024-05-10 15:10:37,397 - mainlogger - INFO - ****************************************************************************************************
2024-05-10 15:10:42,682 - mainlogger - INFO - Epoch 6  3.329618640244007
2024-05-10 15:10:42,683 - mainlogger - INFO - ****************************************************************************************************
2024-05-10 15:10:48,045 - mainlogger - INFO - Epoch 7  2.9891769513487816
2024-05-10 15:10:48,046 - mainlogger - INFO - ****************************************************************************************************
2024-05-10 15:10:53,400 - mainlogger - INFO - Epoch 8  3.066863127052784
2024-05-10 15:10:53,400 - mainlogger - INFO - ****************************************************************************************************
2024-05-10 15:10:58,728 - mainlogger - INFO - Epoch 9  2.9554762318730354
2024-05-10 15:10:58,729 - mainlogger - INFO - ****************************************************************************************************
2024-05-10 15:11:04,064 - mainlogger - INFO - Epoch 10  3.36309165135026
2024-05-10 15:11:04,065 - mainlogger - INFO - ****************************************************************************************************
2024-05-10 15:11:09,390 - mainlogger - INFO - Epoch 11  3.2138256579637527
2024-05-10 15:11:09,390 - mainlogger - INFO - train
2024-05-10 15:11:14,126 - mainlogger - INFO - Dice score: 0.4613
2024-05-10 15:11:14,127 - mainlogger - INFO - Accuracy: 0.8937
2024-05-10 15:11:14,127 - mainlogger - INFO - test
2024-05-10 15:11:21,958 - mainlogger - INFO - Dice score: 0.3661
2024-05-10 15:11:21,959 - mainlogger - INFO - Accuracy: 0.8961
2024-05-10 15:11:21,959 - mainlogger - INFO - ****************************************************************************************************
2024-05-10 15:11:27,303 - mainlogger - INFO - Epoch 12  2.9868320636451244
2024-05-10 15:11:27,303 - mainlogger - INFO - ****************************************************************************************************
2024-05-10 15:11:32,620 - mainlogger - INFO - Epoch 13  2.726577039808035
2024-05-10 15:11:32,621 - mainlogger - INFO - ****************************************************************************************************
2024-05-10 15:11:37,875 - mainlogger - INFO - Epoch 14  2.8465875312685966
2024-05-10 15:11:37,875 - mainlogger - INFO - ****************************************************************************************************
2024-05-10 15:11:43,131 - mainlogger - INFO - Epoch 15  2.9702494218945503
2024-05-10 15:11:43,132 - mainlogger - INFO - ****************************************************************************************************
2024-05-10 15:11:48,466 - mainlogger - INFO - Epoch 16  2.869064822793007
2024-05-10 15:11:48,466 - mainlogger - INFO - ****************************************************************************************************
2024-05-10 15:11:53,818 - mainlogger - INFO - Epoch 17  3.0439640432596207
2024-05-10 15:11:53,819 - mainlogger - INFO - ****************************************************************************************************
2024-05-10 15:11:59,013 - mainlogger - INFO - Epoch 18  3.172197602689266
2024-05-10 15:11:59,013 - mainlogger - INFO - ****************************************************************************************************
2024-05-10 15:12:04,329 - mainlogger - INFO - Epoch 19  2.8386739268898964
2024-05-10 15:12:04,329 - mainlogger - INFO - ****************************************************************************************************
2024-05-10 15:12:09,675 - mainlogger - INFO - Epoch 20  2.688559038564563
2024-05-10 15:12:09,675 - mainlogger - INFO - ****************************************************************************************************
2024-05-10 15:12:14,968 - mainlogger - INFO - Epoch 21  2.984465926885605
2024-05-10 15:12:14,969 - mainlogger - INFO - train
2024-05-10 15:12:19,702 - mainlogger - INFO - Dice score: 0.3258
2024-05-10 15:12:19,702 - mainlogger - INFO - Accuracy: 0.9008
2024-05-10 15:12:19,707 - mainlogger - INFO - test
2024-05-10 15:12:27,643 - mainlogger - INFO - Dice score: 0.2592
2024-05-10 15:12:27,643 - mainlogger - INFO - Accuracy: 0.9092
2024-05-10 15:12:27,643 - mainlogger - INFO - ****************************************************************************************************
2024-05-10 15:12:32,883 - mainlogger - INFO - Epoch 22  2.586998950690031
2024-05-10 15:12:32,883 - mainlogger - INFO - ****************************************************************************************************
2024-05-10 15:12:38,126 - mainlogger - INFO - Epoch 23  2.616880886256695
2024-05-10 15:12:38,126 - mainlogger - INFO - ****************************************************************************************************
2024-05-10 15:12:43,386 - mainlogger - INFO - Epoch 24  2.4696580097079277
2024-05-10 15:12:43,387 - mainlogger - INFO - ****************************************************************************************************
2024-05-10 15:12:48,641 - mainlogger - INFO - Epoch 25  2.572572134435177
2024-05-10 15:12:48,641 - mainlogger - INFO - ****************************************************************************************************
2024-05-10 15:12:53,918 - mainlogger - INFO - Epoch 26  2.544648479670286
2024-05-10 15:12:53,918 - mainlogger - INFO - ****************************************************************************************************
2024-05-10 15:12:59,281 - mainlogger - INFO - Epoch 27  2.9850696213543415
2024-05-10 15:12:59,281 - mainlogger - INFO - ****************************************************************************************************
2024-05-10 15:13:04,593 - mainlogger - INFO - Epoch 28  3.027138501405716
2024-05-10 15:13:04,593 - mainlogger - INFO - ****************************************************************************************************
2024-05-10 15:13:09,907 - mainlogger - INFO - Epoch 29  2.555924206972122
2024-05-10 15:13:09,908 - mainlogger - INFO - ****************************************************************************************************
2024-05-10 15:13:15,205 - mainlogger - INFO - Epoch 30  2.4599684961140156
2024-05-10 15:13:15,205 - mainlogger - INFO - ****************************************************************************************************
2024-05-10 15:13:20,458 - mainlogger - INFO - Epoch 31  2.467608518898487
2024-05-10 15:13:20,458 - mainlogger - INFO - train
2024-05-10 15:13:25,197 - mainlogger - INFO - Dice score: 0.4344
2024-05-10 15:13:25,197 - mainlogger - INFO - Accuracy: 0.9093
2024-05-10 15:13:25,197 - mainlogger - INFO - test
2024-05-10 15:13:33,025 - mainlogger - INFO - Dice score: 0.3886
2024-05-10 15:13:33,025 - mainlogger - INFO - Accuracy: 0.9169
2024-05-10 15:13:33,026 - mainlogger - INFO - ****************************************************************************************************
2024-05-10 15:13:38,275 - mainlogger - INFO - Epoch 32  2.2521321661770344
2024-05-10 15:13:38,275 - mainlogger - INFO - ****************************************************************************************************
2024-05-10 15:13:43,587 - mainlogger - INFO - Epoch 33  2.499339807778597
2024-05-10 15:13:43,587 - mainlogger - INFO - ****************************************************************************************************
2024-05-10 15:13:48,834 - mainlogger - INFO - Epoch 34  2.5484408512711525
2024-05-10 15:13:48,834 - mainlogger - INFO - ****************************************************************************************************
2024-05-10 15:13:54,080 - mainlogger - INFO - Epoch 35  2.437151402235031
2024-05-10 15:13:54,081 - mainlogger - INFO - ****************************************************************************************************
2024-05-10 15:13:59,451 - mainlogger - INFO - Epoch 36  2.4767305105924606
2024-05-10 15:13:59,451 - mainlogger - INFO - ****************************************************************************************************
2024-05-10 15:14:04,809 - mainlogger - INFO - Epoch 37  2.1360321380198
2024-05-10 15:14:04,810 - mainlogger - INFO - ****************************************************************************************************
2024-05-10 15:14:10,100 - mainlogger - INFO - Epoch 38  2.298997886478901
2024-05-10 15:14:10,101 - mainlogger - INFO - ****************************************************************************************************
2024-05-10 15:14:15,366 - mainlogger - INFO - Epoch 39  2.3036982715129852
2024-05-10 15:14:15,366 - mainlogger - INFO - ****************************************************************************************************
2024-05-10 15:14:20,610 - mainlogger - INFO - valid
2024-05-10 15:14:28,815 - mainlogger - INFO - Dice score: 0.592
2024-05-10 15:14:28,815 - mainlogger - INFO - Accuracy: 0.9094
2024-05-10 15:14:28,815 - mainlogger - INFO - Epoch 40  2.367252055555582
2024-05-10 15:14:28,815 - mainlogger - INFO - ****************************************************************************************************
2024-05-10 15:14:34,049 - mainlogger - INFO - valid
2024-05-10 15:14:41,934 - mainlogger - INFO - Dice score: 0.6006
2024-05-10 15:14:41,935 - mainlogger - INFO - Accuracy: 0.9246
2024-05-10 15:14:41,938 - mainlogger - INFO - Epoch 41  2.3431486338377
2024-05-10 15:14:41,939 - mainlogger - INFO - train
2024-05-10 15:14:46,748 - mainlogger - INFO - Dice score: 0.6091
2024-05-10 15:14:46,748 - mainlogger - INFO - Accuracy: 0.9201
2024-05-10 15:14:46,748 - mainlogger - INFO - test
2024-05-10 15:14:54,722 - mainlogger - INFO - Dice score: 0.5412
2024-05-10 15:14:54,722 - mainlogger - INFO - Accuracy: 0.9191
2024-05-10 15:14:54,726 - mainlogger - INFO - ****************************************************************************************************
2024-05-10 15:15:00,064 - mainlogger - INFO - valid
2024-05-10 15:15:08,033 - mainlogger - INFO - Dice score: 0.5801
2024-05-10 15:15:08,033 - mainlogger - INFO - Accuracy: 0.9318
2024-05-10 15:15:08,033 - mainlogger - INFO - Epoch 42  2.260910265147686
2024-05-10 15:15:08,033 - mainlogger - INFO - ****************************************************************************************************
2024-05-10 15:15:13,403 - mainlogger - INFO - valid
2024-05-10 15:15:21,248 - mainlogger - INFO - Dice score: 0.585
2024-05-10 15:15:21,248 - mainlogger - INFO - Accuracy: 0.9255
2024-05-10 15:15:21,248 - mainlogger - INFO - Epoch 43  2.1075154952704906
2024-05-10 15:15:21,248 - mainlogger - INFO - ****************************************************************************************************
2024-05-10 15:15:26,789 - mainlogger - INFO - valid
2024-05-10 15:15:34,702 - mainlogger - INFO - Dice score: 0.6156
2024-05-10 15:15:34,702 - mainlogger - INFO - Accuracy: 0.9257
2024-05-10 15:15:34,702 - mainlogger - INFO - Epoch 44  2.042728131636977
2024-05-10 15:15:34,703 - mainlogger - INFO - ****************************************************************************************************
2024-05-10 15:15:40,137 - mainlogger - INFO - valid
2024-05-10 15:15:48,054 - mainlogger - INFO - Dice score: 0.5127
2024-05-10 15:15:48,054 - mainlogger - INFO - Accuracy: 0.9278
2024-05-10 15:15:48,054 - mainlogger - INFO - Epoch 45  2.4313015937805176
2024-05-10 15:15:48,054 - mainlogger - INFO - ****************************************************************************************************
2024-05-10 15:15:53,506 - mainlogger - INFO - valid
2024-05-10 15:16:08,735 - mainlogger - INFO - Dice score: 0.5998
2024-05-10 15:16:08,735 - mainlogger - INFO - Accuracy: 0.9245
2024-05-10 15:16:08,736 - mainlogger - INFO - Epoch 46  2.20751959271729
2024-05-10 15:16:08,736 - mainlogger - INFO - ****************************************************************************************************
2024-05-10 15:16:46,138 - mainlogger - INFO - valid
2024-05-10 15:17:31,580 - mainlogger - INFO - Dice score: 0.451
2024-05-10 15:17:31,580 - mainlogger - INFO - Accuracy: 0.927
2024-05-10 15:17:31,580 - mainlogger - INFO - Epoch 47  2.278450667858124
2024-05-10 15:17:31,580 - mainlogger - INFO - ****************************************************************************************************
2024-05-10 15:17:38,646 - mainlogger - INFO - valid
2024-05-10 15:17:46,738 - mainlogger - INFO - Dice score: 0.6124
2024-05-10 15:17:46,738 - mainlogger - INFO - Accuracy: 0.9304
2024-05-10 15:17:46,739 - mainlogger - INFO - 0.0001->8.5e-05
2024-05-10 15:17:46,739 - mainlogger - INFO - Epoch 48  2.090052486397326
2024-05-10 15:17:46,739 - mainlogger - INFO - ****************************************************************************************************
2024-05-10 15:18:01,413 - mainlogger - INFO - valid
2024-05-10 15:18:49,023 - mainlogger - INFO - Dice score: 0.6095
2024-05-10 15:18:49,023 - mainlogger - INFO - Accuracy: 0.9263
2024-05-10 15:18:49,026 - mainlogger - INFO - Epoch 49  2.312543570995331
2024-05-10 15:18:49,027 - mainlogger - INFO - ****************************************************************************************************
2024-05-10 15:19:26,779 - mainlogger - INFO - valid
2024-05-10 15:20:14,945 - mainlogger - INFO - Dice score: 0.6129
2024-05-10 15:20:14,945 - mainlogger - INFO - Accuracy: 0.9311
2024-05-10 15:20:14,945 - mainlogger - INFO - Epoch 50  2.1168645806610584
2024-05-10 15:20:14,945 - mainlogger - INFO - ****************************************************************************************************
2024-05-10 15:20:33,475 - mainlogger - INFO - valid
2024-05-10 15:21:25,945 - mainlogger - INFO - Dice score: 0.6126
2024-05-10 15:21:25,945 - mainlogger - INFO - Accuracy: 0.9321
2024-05-10 15:21:25,945 - mainlogger - INFO - Epoch 51  2.053528217598796
2024-05-10 15:21:25,945 - mainlogger - INFO - train
2024-05-10 15:21:59,826 - mainlogger - INFO - Dice score: 0.6432
2024-05-10 15:21:59,827 - mainlogger - INFO - Accuracy: 0.9288
2024-05-10 15:21:59,828 - mainlogger - INFO - test
2024-05-10 15:22:46,318 - mainlogger - INFO - Dice score: 0.5625
2024-05-10 15:22:46,318 - mainlogger - INFO - Accuracy: 0.9284
2024-05-10 15:22:46,318 - mainlogger - INFO - ****************************************************************************************************
2024-05-10 15:23:10,528 - mainlogger - INFO - valid
2024-05-10 15:24:01,134 - mainlogger - INFO - Dice score: 0.6258
2024-05-10 15:24:01,135 - mainlogger - INFO - Accuracy: 0.9312
2024-05-10 15:24:01,140 - mainlogger - INFO - Epoch 52  2.1498044189065695
2024-05-10 15:24:01,141 - mainlogger - INFO - ****************************************************************************************************
2024-05-10 15:24:14,959 - mainlogger - INFO - valid
2024-05-10 15:25:03,053 - mainlogger - INFO - Dice score: 0.5556
2024-05-10 15:25:03,053 - mainlogger - INFO - Accuracy: 0.9072
2024-05-10 15:25:03,053 - mainlogger - INFO - Epoch 53  1.9250389747321606
2024-05-10 15:25:03,053 - mainlogger - INFO - ****************************************************************************************************
2024-05-10 15:25:39,107 - mainlogger - INFO - valid
2024-05-10 15:26:22,124 - mainlogger - INFO - Dice score: 0.4265
2024-05-10 15:26:22,135 - mainlogger - INFO - Accuracy: 0.9251
2024-05-10 15:26:22,136 - mainlogger - INFO - Epoch 54  2.150912892073393
2024-05-10 15:26:22,136 - mainlogger - INFO - ****************************************************************************************************
2024-05-10 15:26:46,095 - mainlogger - INFO - valid
2024-05-10 15:27:36,377 - mainlogger - INFO - Dice score: 0.6137
2024-05-10 15:27:36,377 - mainlogger - INFO - Accuracy: 0.9291
2024-05-10 15:27:36,377 - mainlogger - INFO - Epoch 55  2.355102574452758
2024-05-10 15:27:36,378 - mainlogger - INFO - ****************************************************************************************************
2024-05-10 15:27:54,202 - mainlogger - INFO - valid
2024-05-10 15:28:41,031 - mainlogger - INFO - Dice score: 0.6132
2024-05-10 15:28:41,031 - mainlogger - INFO - Accuracy: 0.9158
2024-05-10 15:28:41,031 - mainlogger - INFO - 8.5e-05->7.225000000000001e-05
2024-05-10 15:28:41,031 - mainlogger - INFO - Epoch 56  2.238772887736559
2024-05-10 15:28:41,031 - mainlogger - INFO - ****************************************************************************************************
2024-05-10 15:29:19,873 - mainlogger - INFO - valid
2024-05-10 15:30:06,119 - mainlogger - INFO - Dice score: 0.6071
2024-05-10 15:30:06,119 - mainlogger - INFO - Accuracy: 0.9177
2024-05-10 15:30:06,119 - mainlogger - INFO - Epoch 57  1.787620922550559
2024-05-10 15:30:06,119 - mainlogger - INFO - ****************************************************************************************************
2024-05-10 15:30:23,010 - mainlogger - INFO - valid
2024-05-10 15:31:14,276 - mainlogger - INFO - Dice score: 0.6315
2024-05-10 15:31:14,277 - mainlogger - INFO - Accuracy: 0.9299
2024-05-10 15:31:14,277 - mainlogger - INFO - Epoch 58  1.852652421221137
2024-05-10 15:31:14,277 - mainlogger - INFO - ****************************************************************************************************
2024-05-10 15:31:48,044 - mainlogger - INFO - valid
2024-05-10 15:32:30,465 - mainlogger - INFO - Dice score: 0.6396
2024-05-10 15:32:30,465 - mainlogger - INFO - Accuracy: 0.9297
2024-05-10 15:32:30,466 - mainlogger - INFO - Epoch 59  2.131515648216009
2024-05-10 15:32:30,466 - mainlogger - INFO - ****************************************************************************************************
2024-05-10 15:32:57,750 - mainlogger - INFO - valid
2024-05-10 15:33:48,235 - mainlogger - INFO - Dice score: 0.6087
2024-05-10 15:33:48,235 - mainlogger - INFO - Accuracy: 0.9097
2024-05-10 15:33:48,236 - mainlogger - INFO - Epoch 60  2.2285145670175552
2024-05-10 15:33:48,236 - mainlogger - INFO - ****************************************************************************************************
2024-05-10 15:34:04,920 - mainlogger - INFO - valid
2024-05-10 15:34:50,071 - mainlogger - INFO - Dice score: 0.6101
2024-05-10 15:34:50,071 - mainlogger - INFO - Accuracy: 0.9333
2024-05-10 15:34:50,074 - mainlogger - INFO - Epoch 61  2.124031040817499
2024-05-10 15:34:50,075 - mainlogger - INFO - train
2024-05-10 15:35:28,431 - mainlogger - INFO - Dice score: 0.6808
2024-05-10 15:35:28,432 - mainlogger - INFO - Accuracy: 0.9393
2024-05-10 15:35:28,432 - mainlogger - INFO - test
2024-05-10 15:36:16,125 - mainlogger - INFO - Dice score: 0.5832
2024-05-10 15:36:16,125 - mainlogger - INFO - Accuracy: 0.9317
2024-05-10 15:36:16,125 - mainlogger - INFO - ****************************************************************************************************
2024-05-10 15:36:35,046 - mainlogger - INFO - valid
2024-05-10 15:37:25,249 - mainlogger - INFO - Dice score: 0.6353
2024-05-10 15:37:25,249 - mainlogger - INFO - Accuracy: 0.9356
2024-05-10 15:37:25,253 - mainlogger - INFO - Epoch 62  2.1016759425401688
2024-05-10 15:37:25,253 - mainlogger - INFO - ****************************************************************************************************
2024-05-10 15:37:51,619 - mainlogger - INFO - valid
2024-05-10 15:38:36,179 - mainlogger - INFO - Dice score: 0.6369
2024-05-10 15:38:36,179 - mainlogger - INFO - Accuracy: 0.9304
2024-05-10 15:38:36,180 - mainlogger - INFO - 7.225000000000001e-05->6.141250000000001e-05
2024-05-10 15:38:36,180 - mainlogger - INFO - Epoch 63  1.7925808019936085
2024-05-10 15:38:36,180 - mainlogger - INFO - ****************************************************************************************************
2024-05-10 15:39:08,028 - mainlogger - INFO - valid
2024-05-10 15:40:00,293 - mainlogger - INFO - Dice score: 0.6401
2024-05-10 15:40:00,294 - mainlogger - INFO - Accuracy: 0.9304
2024-05-10 15:40:00,294 - mainlogger - INFO - Epoch 64  1.7608373686671257
2024-05-10 15:40:00,294 - mainlogger - INFO - ****************************************************************************************************
2024-05-10 15:40:17,127 - mainlogger - INFO - valid
2024-05-10 15:41:02,924 - mainlogger - INFO - Dice score: 0.6396
2024-05-10 15:41:02,925 - mainlogger - INFO - Accuracy: 0.9255
2024-05-10 15:41:02,925 - mainlogger - INFO - Epoch 65  1.7128826566040516
2024-05-10 15:41:02,925 - mainlogger - INFO - ****************************************************************************************************
2024-05-10 15:41:38,308 - mainlogger - INFO - valid
2024-05-10 15:41:58,983 - mainlogger - INFO - Dice score: 0.6444
2024-05-10 15:41:58,983 - mainlogger - INFO - Accuracy: 0.9359
2024-05-10 15:41:58,984 - mainlogger - INFO - Epoch 66  1.568610168993473
2024-05-10 15:41:58,984 - mainlogger - INFO - ****************************************************************************************************
2024-05-10 15:42:04,296 - mainlogger - INFO - valid
2024-05-10 15:42:12,294 - mainlogger - INFO - Dice score: 0.6351
2024-05-10 15:42:12,295 - mainlogger - INFO - Accuracy: 0.927
2024-05-10 15:42:12,295 - mainlogger - INFO - Epoch 67  1.6428893208503723
2024-05-10 15:42:12,295 - mainlogger - INFO - ****************************************************************************************************
2024-05-10 15:42:17,641 - mainlogger - INFO - valid
2024-05-10 15:42:25,638 - mainlogger - INFO - Dice score: 0.6403
2024-05-10 15:42:25,638 - mainlogger - INFO - Accuracy: 0.9306
2024-05-10 15:42:25,639 - mainlogger - INFO - Epoch 68  1.7319772727787495
2024-05-10 15:42:25,639 - mainlogger - INFO - ****************************************************************************************************
2024-05-10 15:42:31,194 - mainlogger - INFO - valid
2024-05-10 15:42:43,545 - mainlogger - INFO - Dice score: 0.5421
2024-05-10 15:42:43,545 - mainlogger - INFO - Accuracy: 0.9326
2024-05-10 15:42:43,545 - mainlogger - INFO - Epoch 69  1.64647245593369
2024-05-10 15:42:43,545 - mainlogger - INFO - ****************************************************************************************************
2024-05-10 15:43:18,487 - mainlogger - INFO - valid
2024-05-10 15:44:04,530 - mainlogger - INFO - Dice score: 0.5517
2024-05-10 15:44:04,531 - mainlogger - INFO - Accuracy: 0.9252
2024-05-10 15:44:04,531 - mainlogger - INFO - 6.141250000000001e-05->5.2200625000000005e-05
2024-05-10 15:44:04,531 - mainlogger - INFO - Epoch 70  1.9015552760101855
2024-05-10 15:44:04,531 - mainlogger - INFO - ****************************************************************************************************
2024-05-10 15:44:26,320 - mainlogger - INFO - valid
2024-05-10 15:45:16,492 - mainlogger - INFO - Dice score: 0.5954
2024-05-10 15:45:16,492 - mainlogger - INFO - Accuracy: 0.9338
2024-05-10 15:45:16,492 - mainlogger - INFO - Epoch 71  1.7189471255987883
2024-05-10 15:45:16,492 - mainlogger - INFO - train
2024-05-10 15:45:43,731 - mainlogger - INFO - Dice score: 0.6255
2024-05-10 15:45:43,731 - mainlogger - INFO - Accuracy: 0.9255
2024-05-10 15:45:43,731 - mainlogger - INFO - test
2024-05-10 15:46:25,101 - mainlogger - INFO - Dice score: 0.5383
2024-05-10 15:46:25,101 - mainlogger - INFO - Accuracy: 0.9267
2024-05-10 15:46:25,102 - mainlogger - INFO - ****************************************************************************************************
2024-05-10 15:47:00,109 - mainlogger - INFO - valid
2024-05-10 15:47:48,729 - mainlogger - INFO - Dice score: 0.667
2024-05-10 15:47:48,729 - mainlogger - INFO - Accuracy: 0.9372
2024-05-10 15:47:48,730 - mainlogger - INFO - Epoch 72  1.8857880271971226
2024-05-10 15:47:48,730 - mainlogger - INFO - ****************************************************************************************************
2024-05-10 15:48:02,762 - mainlogger - INFO - valid
2024-05-10 15:48:52,389 - mainlogger - INFO - Dice score: 0.6549
2024-05-10 15:48:52,389 - mainlogger - INFO - Accuracy: 0.9292
2024-05-10 15:48:52,389 - mainlogger - INFO - Epoch 73  1.7637545876204967
2024-05-10 15:48:52,389 - mainlogger - INFO - ****************************************************************************************************
2024-05-10 15:49:23,563 - mainlogger - INFO - valid
2024-05-10 15:50:06,090 - mainlogger - INFO - Dice score: 0.6478
2024-05-10 15:50:06,090 - mainlogger - INFO - Accuracy: 0.9266
2024-05-10 15:50:06,090 - mainlogger - INFO - Epoch 74  1.6428547985851765
2024-05-10 15:50:06,090 - mainlogger - INFO - ****************************************************************************************************
2024-05-10 15:50:35,662 - mainlogger - INFO - valid
2024-05-10 15:51:27,778 - mainlogger - INFO - Dice score: 0.6543
2024-05-10 15:51:27,778 - mainlogger - INFO - Accuracy: 0.9236
2024-05-10 15:51:27,778 - mainlogger - INFO - Epoch 75  1.7333917990326881
2024-05-10 15:51:27,779 - mainlogger - INFO - ****************************************************************************************************
2024-05-10 15:51:48,294 - mainlogger - INFO - valid
2024-05-10 15:52:32,035 - mainlogger - INFO - Dice score: 0.6198
2024-05-10 15:52:32,036 - mainlogger - INFO - Accuracy: 0.9062
2024-05-10 15:52:32,036 - mainlogger - INFO - 5.2200625000000005e-05->4.437053125e-05
2024-05-10 15:52:32,036 - mainlogger - INFO - Epoch 76  1.8785619959235191
2024-05-10 15:52:32,036 - mainlogger - INFO - ****************************************************************************************************
2024-05-10 15:53:10,761 - mainlogger - INFO - valid
2024-05-10 15:53:57,640 - mainlogger - INFO - Dice score: 0.6279
2024-05-10 15:53:57,640 - mainlogger - INFO - Accuracy: 0.937
2024-05-10 15:53:57,641 - mainlogger - INFO - Epoch 77  1.6323960181325674
2024-05-10 15:53:57,641 - mainlogger - INFO - ****************************************************************************************************
2024-05-10 15:54:12,350 - mainlogger - INFO - valid
2024-05-10 15:55:02,630 - mainlogger - INFO - Dice score: 0.6401
2024-05-10 15:55:02,631 - mainlogger - INFO - Accuracy: 0.9328
2024-05-10 15:55:02,635 - mainlogger - INFO - Epoch 78  1.4498093370348215
2024-05-10 15:55:02,635 - mainlogger - INFO - ****************************************************************************************************
2024-05-10 15:55:32,387 - mainlogger - INFO - valid
2024-05-10 15:56:14,038 - mainlogger - INFO - Dice score: 0.6764
2024-05-10 15:56:14,038 - mainlogger - INFO - Accuracy: 0.9357
2024-05-10 15:56:14,038 - mainlogger - INFO - Epoch 79  1.2712066788226366
2024-05-10 15:56:14,038 - mainlogger - INFO - ****************************************************************************************************
2024-05-10 15:56:44,562 - mainlogger - INFO - valid
2024-05-10 15:57:35,618 - mainlogger - INFO - Dice score: 0.6501
2024-05-10 15:57:35,618 - mainlogger - INFO - Accuracy: 0.9273
2024-05-10 15:57:35,618 - mainlogger - INFO - Epoch 80  1.4400621987879276
2024-05-10 15:57:35,618 - mainlogger - INFO - ****************************************************************************************************
2024-05-10 15:57:50,704 - mainlogger - INFO - valid
2024-05-10 15:58:38,691 - mainlogger - INFO - Dice score: 0.6451
2024-05-10 15:58:38,691 - mainlogger - INFO - Accuracy: 0.9357
2024-05-10 15:58:38,691 - mainlogger - INFO - Epoch 81  1.5545735247433186
2024-05-10 15:58:38,692 - mainlogger - INFO - train
2024-05-10 15:59:20,309 - mainlogger - INFO - Dice score: 0.7509
2024-05-10 15:59:20,310 - mainlogger - INFO - Accuracy: 0.9475
2024-05-10 15:59:20,310 - mainlogger - INFO - test
2024-05-10 16:00:05,205 - mainlogger - INFO - Dice score: 0.6157
2024-05-10 16:00:05,205 - mainlogger - INFO - Accuracy: 0.9335
2024-05-10 16:00:05,206 - mainlogger - INFO - ****************************************************************************************************
2024-05-10 16:00:22,057 - mainlogger - INFO - valid
2024-05-10 16:01:13,183 - mainlogger - INFO - Dice score: 0.6579
2024-05-10 16:01:13,184 - mainlogger - INFO - Accuracy: 0.9333
2024-05-10 16:01:13,184 - mainlogger - INFO - Epoch 82  1.39878598600626
2024-05-10 16:01:13,184 - mainlogger - INFO - ****************************************************************************************************
2024-05-10 16:01:44,416 - mainlogger - INFO - valid
2024-05-10 16:02:25,460 - mainlogger - INFO - Dice score: 0.657
2024-05-10 16:02:25,460 - mainlogger - INFO - Accuracy: 0.9347
2024-05-10 16:02:25,461 - mainlogger - INFO - 4.437053125e-05->3.77149515625e-05
2024-05-10 16:02:25,461 - mainlogger - INFO - Epoch 83  1.2790354983881116
2024-05-10 16:02:25,461 - mainlogger - INFO - ****************************************************************************************************
2024-05-10 16:02:57,112 - mainlogger - INFO - valid
2024-05-10 16:03:49,319 - mainlogger - INFO - Dice score: 0.6432
2024-05-10 16:03:49,320 - mainlogger - INFO - Accuracy: 0.9259
2024-05-10 16:03:49,320 - mainlogger - INFO - Epoch 84  1.3432684037834406
2024-05-10 16:03:49,320 - mainlogger - INFO - ****************************************************************************************************
2024-05-10 16:04:10,986 - mainlogger - INFO - valid
2024-05-10 16:04:58,144 - mainlogger - INFO - Dice score: 0.6564
2024-05-10 16:04:58,144 - mainlogger - INFO - Accuracy: 0.9266
2024-05-10 16:04:58,148 - mainlogger - INFO - Epoch 85  1.5023290114477277
2024-05-10 16:04:58,149 - mainlogger - INFO - ****************************************************************************************************
2024-05-10 16:05:32,011 - mainlogger - INFO - valid
2024-05-10 16:06:20,234 - mainlogger - INFO - Dice score: 0.6623
2024-05-10 16:06:20,234 - mainlogger - INFO - Accuracy: 0.93
2024-05-10 16:06:20,234 - mainlogger - INFO - Epoch 86  1.4640565235167742
2024-05-10 16:06:20,235 - mainlogger - INFO - ****************************************************************************************************
2024-05-10 16:06:34,576 - mainlogger - INFO - valid
2024-05-10 16:07:25,916 - mainlogger - INFO - Dice score: 0.5959
2024-05-10 16:07:25,916 - mainlogger - INFO - Accuracy: 0.8932
2024-05-10 16:07:25,921 - mainlogger - INFO - 3.77149515625e-05->3.2057708828124995e-05
2024-05-10 16:07:25,921 - mainlogger - INFO - Epoch 87  1.4166064504534006
2024-05-10 16:07:25,921 - mainlogger - INFO - ****************************************************************************************************
2024-05-10 16:08:00,851 - mainlogger - INFO - valid
2024-05-10 16:08:43,459 - mainlogger - INFO - Dice score: 0.6654
2024-05-10 16:08:43,460 - mainlogger - INFO - Accuracy: 0.929
2024-05-10 16:08:43,460 - mainlogger - INFO - Epoch 88  1.487835869193077
2024-05-10 16:08:43,460 - mainlogger - INFO - ****************************************************************************************************
2024-05-10 16:09:09,479 - mainlogger - INFO - valid
2024-05-10 16:09:59,733 - mainlogger - INFO - Dice score: 0.6319
2024-05-10 16:09:59,734 - mainlogger - INFO - Accuracy: 0.933
2024-05-10 16:09:59,739 - mainlogger - INFO - Epoch 89  1.6089738607406616
2024-05-10 16:09:59,739 - mainlogger - INFO - ****************************************************************************************************
2024-05-10 16:10:19,999 - mainlogger - INFO - valid
2024-05-10 16:11:00,668 - mainlogger - INFO - Dice score: 0.6605
2024-05-10 16:11:00,668 - mainlogger - INFO - Accuracy: 0.9339
2024-05-10 16:11:00,668 - mainlogger - INFO - Epoch 90  1.3863987028598785
2024-05-10 16:11:00,669 - mainlogger - INFO - ****************************************************************************************************
2024-05-10 16:11:38,477 - mainlogger - INFO - valid
2024-05-10 16:12:24,298 - mainlogger - INFO - Dice score: 0.6438
2024-05-10 16:12:24,298 - mainlogger - INFO - Accuracy: 0.9289
2024-05-10 16:12:24,298 - mainlogger - INFO - 3.2057708828124995e-05->2.7249052503906245e-05
2024-05-10 16:12:24,298 - mainlogger - INFO - Epoch 91  1.4186889789998531
2024-05-10 16:12:24,298 - mainlogger - INFO - train
2024-05-10 16:12:43,865 - mainlogger - INFO - Dice score: 0.807
2024-05-10 16:12:43,865 - mainlogger - INFO - Accuracy: 0.955
2024-05-10 16:12:43,865 - mainlogger - INFO - test
2024-05-10 16:13:33,695 - mainlogger - INFO - Dice score: 0.6362
2024-05-10 16:13:33,696 - mainlogger - INFO - Accuracy: 0.9298
2024-05-10 16:13:33,696 - mainlogger - INFO - ****************************************************************************************************
2024-05-10 16:14:00,637 - mainlogger - INFO - valid
2024-05-10 16:14:41,102 - mainlogger - INFO - Dice score: 0.654
2024-05-10 16:14:41,103 - mainlogger - INFO - Accuracy: 0.9251
2024-05-10 16:14:41,109 - mainlogger - INFO - Epoch 92  1.2052274392917752
2024-05-10 16:14:41,109 - mainlogger - INFO - ****************************************************************************************************
2024-05-10 16:15:16,643 - mainlogger - INFO - valid
2024-05-10 16:16:06,697 - mainlogger - INFO - Dice score: 0.6323
2024-05-10 16:16:06,697 - mainlogger - INFO - Accuracy: 0.9235
2024-05-10 16:16:06,698 - mainlogger - INFO - Epoch 93  1.219043097924441
2024-05-10 16:16:06,698 - mainlogger - INFO - ****************************************************************************************************
2024-05-10 16:16:20,163 - mainlogger - INFO - valid
2024-05-10 16:17:10,769 - mainlogger - INFO - Dice score: 0.6644
2024-05-10 16:17:10,769 - mainlogger - INFO - Accuracy: 0.9296
2024-05-10 16:17:10,769 - mainlogger - INFO - Epoch 94  1.2515840074047446
2024-05-10 16:17:10,770 - mainlogger - INFO - ****************************************************************************************************
2024-05-10 16:17:45,370 - mainlogger - INFO - valid
2024-05-10 16:18:09,817 - mainlogger - INFO - Dice score: 0.6614
2024-05-10 16:18:09,818 - mainlogger - INFO - Accuracy: 0.9332
2024-05-10 16:18:09,818 - mainlogger - INFO - 2.7249052503906245e-05->2.3161694628320308e-05
2024-05-10 16:18:09,818 - mainlogger - INFO - Epoch 95  1.169084407389164
2024-05-10 16:18:09,818 - mainlogger - INFO - ****************************************************************************************************
2024-05-10 16:18:15,054 - mainlogger - INFO - valid
2024-05-10 16:18:22,912 - mainlogger - INFO - Dice score: 0.6743
2024-05-10 16:18:22,912 - mainlogger - INFO - Accuracy: 0.935
2024-05-10 16:18:22,913 - mainlogger - INFO - Epoch 96  1.051790432073176
2024-05-10 16:18:22,913 - mainlogger - INFO - ****************************************************************************************************
2024-05-10 16:18:28,172 - mainlogger - INFO - valid
2024-05-10 16:18:36,053 - mainlogger - INFO - Dice score: 0.6589
2024-05-10 16:18:36,053 - mainlogger - INFO - Accuracy: 0.9313
2024-05-10 16:18:36,058 - mainlogger - INFO - Epoch 97  1.1049430128186941
2024-05-10 16:18:36,058 - mainlogger - INFO - ****************************************************************************************************
2024-05-10 16:18:41,291 - mainlogger - INFO - valid
2024-05-10 16:18:49,139 - mainlogger - INFO - Dice score: 0.6588
2024-05-10 16:18:49,140 - mainlogger - INFO - Accuracy: 0.9365
2024-05-10 16:18:49,145 - mainlogger - INFO - Epoch 98  1.0785212041810155
2024-05-10 16:18:49,145 - mainlogger - INFO - ****************************************************************************************************
2024-05-10 16:18:54,443 - mainlogger - INFO - valid
2024-05-10 16:19:02,553 - mainlogger - INFO - Dice score: 0.6571
2024-05-10 16:19:02,553 - mainlogger - INFO - Accuracy: 0.9343
2024-05-10 16:19:02,553 - mainlogger - INFO - 2.3161694628320308e-05->1.9687440434072263e-05
2024-05-10 16:19:02,554 - mainlogger - INFO - Epoch 99  1.0957546564750373
2024-05-10 16:19:02,554 - mainlogger - INFO - train
2024-05-10 16:19:07,309 - mainlogger - INFO - Dice score: 0.8287
2024-05-10 16:19:07,309 - mainlogger - INFO - Accuracy: 0.9627
2024-05-10 16:19:07,309 - mainlogger - INFO - test
2024-05-10 16:19:15,471 - mainlogger - INFO - Dice score: 0.6414
2024-05-10 16:19:15,471 - mainlogger - INFO - Accuracy: 0.9356
2024-05-10 16:19:15,471 - mainlogger - INFO - ****************************************************************************************************
2024-05-10 16:19:15,472 - mainlogger - INFO - (94, 98)
2024-05-10 16:19:15,472 - mainlogger - INFO - 0.6635535045778541
