2024-05-10 14:09:10,808 - mainlogger - INFO - 16450
2024-05-10 14:09:10,808 - mainlogger - INFO - <class '__main__.UniversegPipeline'>
2024-05-10 14:09:10,808 - mainlogger - INFO - universeg_config/reduce/20m.yaml
2024-05-10 14:09:10,808 - mainlogger - INFO - {'desc': '使用reduce改学习率', 'batch_size': 4, 'epochs': 100, 'k': 2, 'root_dir': '/home/4T/zcr/dataset/Dataset_BUSI', 'model': {'name': 'universeg.universeg.UniverSeg', 'args': {'encoder_blocks': [64, 128, 256, 256, 512], 'in_ch': [1, 2]}}, 'trainset': {'name': 'datasetBUSI.mask_busi_single.MaskBUSISingle', 'args': {'root_dir': '/home/4T/zcr/dataset/Dataset_BUSI', 'image_names_path': 'labeled20.txt', 'mode': 'train'}}, 'testset': {'name': 'datasetBUSI.mask_busi_single.MaskBUSISingle', 'args': {'root_dir': '/home/4T/zcr/dataset/Dataset_BUSI', 'image_names_path': 'test.txt', 'mode': 'test'}}, 'validset': {'name': 'datasetBUSI.mask_busi_single.MaskBUSISingle', 'args': {'root_dir': '/home/4T/zcr/dataset/Dataset_BUSI', 'image_names_path': 'val.txt', 'mode': 'test'}}, 'criterion': {'name': 'spgutils.focalloss.BinaryFocalLoss', 'args': {'gamma': 1}}, 'optimizer': {'name': 'torch.optim.Adam', 'args': {'lr': 0.0001}}, 'scheduler': {'name': 'torch.optim.lr_scheduler.ReduceLROnPlateau', 'args': {'mode': 'max', 'factor': 0.85, 'patience': 3}}}
2024-05-10 14:09:10,809 - mainlogger - INFO - 20.486313819885254
2024-05-10 14:09:21,287 - mainlogger - INFO - Epoch 0  335.3884442448616
2024-05-10 14:09:21,287 - mainlogger - INFO - ****************************************************************************************************
2024-05-10 14:09:26,448 - mainlogger - INFO - Epoch 1  16.13029509037733
2024-05-10 14:09:26,448 - mainlogger - INFO - train
2024-05-10 14:09:31,172 - mainlogger - INFO - Dice score: 0.372
2024-05-10 14:09:31,173 - mainlogger - INFO - Accuracy: 0.76
2024-05-10 14:09:31,173 - mainlogger - INFO - test
2024-05-10 14:09:39,272 - mainlogger - INFO - Dice score: 0.2957
2024-05-10 14:09:39,273 - mainlogger - INFO - Accuracy: 0.7533
2024-05-10 14:09:39,273 - mainlogger - INFO - ****************************************************************************************************
2024-05-10 14:09:44,423 - mainlogger - INFO - Epoch 2  5.152035757899284
2024-05-10 14:09:44,423 - mainlogger - INFO - ****************************************************************************************************
2024-05-10 14:09:49,410 - mainlogger - INFO - Epoch 3  3.8953029066324234
2024-05-10 14:09:49,410 - mainlogger - INFO - ****************************************************************************************************
2024-05-10 14:09:54,501 - mainlogger - INFO - Epoch 4  4.066516950726509
2024-05-10 14:09:54,502 - mainlogger - INFO - ****************************************************************************************************
2024-05-10 14:09:59,618 - mainlogger - INFO - Epoch 5  3.903852768242359
2024-05-10 14:09:59,618 - mainlogger - INFO - ****************************************************************************************************
2024-05-10 14:10:04,740 - mainlogger - INFO - Epoch 6  3.901278518140316
2024-05-10 14:10:04,740 - mainlogger - INFO - ****************************************************************************************************
2024-05-10 14:10:09,885 - mainlogger - INFO - Epoch 7  3.343502603471279
2024-05-10 14:10:09,885 - mainlogger - INFO - ****************************************************************************************************
2024-05-10 14:10:14,908 - mainlogger - INFO - Epoch 8  3.2277915999293327
2024-05-10 14:10:14,908 - mainlogger - INFO - ****************************************************************************************************
2024-05-10 14:10:20,049 - mainlogger - INFO - Epoch 9  3.2638828456401825
2024-05-10 14:10:20,049 - mainlogger - INFO - ****************************************************************************************************
2024-05-10 14:10:25,205 - mainlogger - INFO - Epoch 10  4.161512240767479
2024-05-10 14:10:25,205 - mainlogger - INFO - ****************************************************************************************************
2024-05-10 14:10:30,347 - mainlogger - INFO - Epoch 11  4.0213183388113976
2024-05-10 14:10:30,347 - mainlogger - INFO - train
2024-05-10 14:10:35,035 - mainlogger - INFO - Dice score: 0.4019
2024-05-10 14:10:35,035 - mainlogger - INFO - Accuracy: 0.8609
2024-05-10 14:10:35,035 - mainlogger - INFO - test
2024-05-10 14:10:42,892 - mainlogger - INFO - Dice score: 0.3195
2024-05-10 14:10:42,893 - mainlogger - INFO - Accuracy: 0.8652
2024-05-10 14:10:42,893 - mainlogger - INFO - ****************************************************************************************************
2024-05-10 14:10:48,107 - mainlogger - INFO - Epoch 12  3.4229458197951317
2024-05-10 14:10:48,107 - mainlogger - INFO - ****************************************************************************************************
2024-05-10 14:10:53,128 - mainlogger - INFO - Epoch 13  3.0898578073829412
2024-05-10 14:10:53,128 - mainlogger - INFO - ****************************************************************************************************
2024-05-10 14:10:58,305 - mainlogger - INFO - Epoch 14  3.116184078156948
2024-05-10 14:10:58,305 - mainlogger - INFO - ****************************************************************************************************
2024-05-10 14:11:03,290 - mainlogger - INFO - Epoch 15  3.483767706900835
2024-05-10 14:11:03,291 - mainlogger - INFO - ****************************************************************************************************
2024-05-10 14:11:08,534 - mainlogger - INFO - Epoch 16  3.103955250233412
2024-05-10 14:11:08,534 - mainlogger - INFO - ****************************************************************************************************
2024-05-10 14:11:13,734 - mainlogger - INFO - Epoch 17  3.2564375028014183
2024-05-10 14:11:13,735 - mainlogger - INFO - ****************************************************************************************************
2024-05-10 14:11:18,776 - mainlogger - INFO - Epoch 18  2.883379466831684
2024-05-10 14:11:18,776 - mainlogger - INFO - ****************************************************************************************************
2024-05-10 14:11:23,849 - mainlogger - INFO - Epoch 19  3.0640615969896317
2024-05-10 14:11:23,849 - mainlogger - INFO - ****************************************************************************************************
2024-05-10 14:11:29,009 - mainlogger - INFO - Epoch 20  2.998818004503846
2024-05-10 14:11:29,009 - mainlogger - INFO - ****************************************************************************************************
2024-05-10 14:11:34,089 - mainlogger - INFO - Epoch 21  3.0296541005373
2024-05-10 14:11:34,089 - mainlogger - INFO - train
2024-05-10 14:11:38,606 - mainlogger - INFO - Dice score: 0.2852
2024-05-10 14:11:38,606 - mainlogger - INFO - Accuracy: 0.8972
2024-05-10 14:11:38,606 - mainlogger - INFO - test
2024-05-10 14:11:46,368 - mainlogger - INFO - Dice score: 0.2219
2024-05-10 14:11:46,368 - mainlogger - INFO - Accuracy: 0.9068
2024-05-10 14:11:46,369 - mainlogger - INFO - ****************************************************************************************************
2024-05-10 14:11:51,532 - mainlogger - INFO - Epoch 22  2.764165982604027
2024-05-10 14:11:51,532 - mainlogger - INFO - ****************************************************************************************************
2024-05-10 14:11:56,616 - mainlogger - INFO - Epoch 23  2.771071143448353
2024-05-10 14:11:56,616 - mainlogger - INFO - ****************************************************************************************************
2024-05-10 14:12:01,675 - mainlogger - INFO - Epoch 24  2.7585953511297703
2024-05-10 14:12:01,675 - mainlogger - INFO - ****************************************************************************************************
2024-05-10 14:12:06,776 - mainlogger - INFO - Epoch 25  2.9507401511073112
2024-05-10 14:12:06,776 - mainlogger - INFO - ****************************************************************************************************
2024-05-10 14:12:11,957 - mainlogger - INFO - Epoch 26  2.803751900792122
2024-05-10 14:12:11,957 - mainlogger - INFO - ****************************************************************************************************
2024-05-10 14:12:17,067 - mainlogger - INFO - Epoch 27  3.270514454692602
2024-05-10 14:12:17,067 - mainlogger - INFO - ****************************************************************************************************
2024-05-10 14:12:22,110 - mainlogger - INFO - Epoch 28  3.2120042517781258
2024-05-10 14:12:22,111 - mainlogger - INFO - ****************************************************************************************************
2024-05-10 14:12:27,242 - mainlogger - INFO - Epoch 29  2.7526705004274845
2024-05-10 14:12:27,242 - mainlogger - INFO - ****************************************************************************************************
2024-05-10 14:12:32,257 - mainlogger - INFO - Epoch 30  2.69590675085783
2024-05-10 14:12:32,257 - mainlogger - INFO - ****************************************************************************************************
2024-05-10 14:12:37,419 - mainlogger - INFO - Epoch 31  2.5993366204202175
2024-05-10 14:12:37,419 - mainlogger - INFO - train
2024-05-10 14:12:42,031 - mainlogger - INFO - Dice score: 0.4485
2024-05-10 14:12:42,031 - mainlogger - INFO - Accuracy: 0.9076
2024-05-10 14:12:42,031 - mainlogger - INFO - test
2024-05-10 14:12:49,776 - mainlogger - INFO - Dice score: 0.4157
2024-05-10 14:12:49,776 - mainlogger - INFO - Accuracy: 0.9149
2024-05-10 14:12:49,776 - mainlogger - INFO - ****************************************************************************************************
2024-05-10 14:12:54,958 - mainlogger - INFO - Epoch 32  2.468155847862363
2024-05-10 14:12:54,958 - mainlogger - INFO - ****************************************************************************************************
2024-05-10 14:13:00,110 - mainlogger - INFO - Epoch 33  2.7958231419324875
2024-05-10 14:13:00,111 - mainlogger - INFO - ****************************************************************************************************
2024-05-10 14:13:05,211 - mainlogger - INFO - Epoch 34  2.654924623668194
2024-05-10 14:13:05,212 - mainlogger - INFO - ****************************************************************************************************
2024-05-10 14:13:10,295 - mainlogger - INFO - Epoch 35  2.5992071256041527
2024-05-10 14:13:10,295 - mainlogger - INFO - ****************************************************************************************************
2024-05-10 14:13:15,448 - mainlogger - INFO - Epoch 36  2.7354768961668015
2024-05-10 14:13:15,448 - mainlogger - INFO - ****************************************************************************************************
2024-05-10 14:13:20,560 - mainlogger - INFO - Epoch 37  2.3798984959721565
2024-05-10 14:13:20,561 - mainlogger - INFO - ****************************************************************************************************
2024-05-10 14:13:25,684 - mainlogger - INFO - Epoch 38  2.470927894115448
2024-05-10 14:13:25,684 - mainlogger - INFO - ****************************************************************************************************
2024-05-10 14:13:30,966 - mainlogger - INFO - Epoch 39  2.595598477870226
2024-05-10 14:13:30,966 - mainlogger - INFO - ****************************************************************************************************
2024-05-10 14:13:36,014 - mainlogger - INFO - valid
2024-05-10 14:13:43,748 - mainlogger - INFO - Dice score: 0.544
2024-05-10 14:13:43,748 - mainlogger - INFO - Accuracy: 0.8988
2024-05-10 14:13:43,748 - mainlogger - INFO - Epoch 40  2.6430369205772877
2024-05-10 14:13:43,748 - mainlogger - INFO - ****************************************************************************************************
2024-05-10 14:13:48,851 - mainlogger - INFO - valid
2024-05-10 14:13:56,647 - mainlogger - INFO - Dice score: 0.5493
2024-05-10 14:13:56,647 - mainlogger - INFO - Accuracy: 0.9088
2024-05-10 14:13:56,648 - mainlogger - INFO - Epoch 41  2.481702998280525
2024-05-10 14:13:56,648 - mainlogger - INFO - train
2024-05-10 14:14:01,253 - mainlogger - INFO - Dice score: 0.5592
2024-05-10 14:14:01,253 - mainlogger - INFO - Accuracy: 0.9044
2024-05-10 14:14:01,254 - mainlogger - INFO - test
2024-05-10 14:14:09,084 - mainlogger - INFO - Dice score: 0.5353
2024-05-10 14:14:09,084 - mainlogger - INFO - Accuracy: 0.9117
2024-05-10 14:14:09,084 - mainlogger - INFO - ****************************************************************************************************
2024-05-10 14:14:14,165 - mainlogger - INFO - valid
2024-05-10 14:14:21,858 - mainlogger - INFO - Dice score: 0.5551
2024-05-10 14:14:21,858 - mainlogger - INFO - Accuracy: 0.9255
2024-05-10 14:14:21,858 - mainlogger - INFO - Epoch 42  2.5952036567032337
2024-05-10 14:14:21,858 - mainlogger - INFO - ****************************************************************************************************
2024-05-10 14:14:27,182 - mainlogger - INFO - valid
2024-05-10 14:14:34,869 - mainlogger - INFO - Dice score: 0.5503
2024-05-10 14:14:34,869 - mainlogger - INFO - Accuracy: 0.9195
2024-05-10 14:14:34,869 - mainlogger - INFO - Epoch 43  2.263744618743658
2024-05-10 14:14:34,869 - mainlogger - INFO - ****************************************************************************************************
2024-05-10 14:14:39,979 - mainlogger - INFO - valid
2024-05-10 14:14:47,684 - mainlogger - INFO - Dice score: 0.5728
2024-05-10 14:14:47,684 - mainlogger - INFO - Accuracy: 0.9208
2024-05-10 14:14:47,684 - mainlogger - INFO - Epoch 44  2.2459274400025606
2024-05-10 14:14:47,684 - mainlogger - INFO - ****************************************************************************************************
2024-05-10 14:14:52,761 - mainlogger - INFO - valid
2024-05-10 14:15:00,449 - mainlogger - INFO - Dice score: 0.4911
2024-05-10 14:15:00,449 - mainlogger - INFO - Accuracy: 0.9182
2024-05-10 14:15:00,450 - mainlogger - INFO - Epoch 45  2.6628382988274097
2024-05-10 14:15:00,450 - mainlogger - INFO - ****************************************************************************************************
2024-05-10 14:15:05,533 - mainlogger - INFO - valid
2024-05-10 14:15:13,192 - mainlogger - INFO - Dice score: 0.5626
2024-05-10 14:15:13,192 - mainlogger - INFO - Accuracy: 0.9251
2024-05-10 14:15:13,193 - mainlogger - INFO - Epoch 46  2.4266294203698635
2024-05-10 14:15:13,193 - mainlogger - INFO - ****************************************************************************************************
2024-05-10 14:15:18,362 - mainlogger - INFO - valid
2024-05-10 14:15:26,099 - mainlogger - INFO - Dice score: 0.3632
2024-05-10 14:15:26,099 - mainlogger - INFO - Accuracy: 0.9209
2024-05-10 14:15:26,099 - mainlogger - INFO - Epoch 47  2.478243747726083
2024-05-10 14:15:26,099 - mainlogger - INFO - ****************************************************************************************************
2024-05-10 14:15:31,251 - mainlogger - INFO - valid
2024-05-10 14:15:38,977 - mainlogger - INFO - Dice score: 0.5224
2024-05-10 14:15:38,977 - mainlogger - INFO - Accuracy: 0.9257
2024-05-10 14:15:38,977 - mainlogger - INFO - 0.0001->8.5e-05
2024-05-10 14:15:38,977 - mainlogger - INFO - Epoch 48  2.465959558263421
2024-05-10 14:15:38,978 - mainlogger - INFO - ****************************************************************************************************
2024-05-10 14:15:44,168 - mainlogger - INFO - valid
2024-05-10 14:15:51,973 - mainlogger - INFO - Dice score: 0.5729
2024-05-10 14:15:51,974 - mainlogger - INFO - Accuracy: 0.9239
2024-05-10 14:15:51,974 - mainlogger - INFO - Epoch 49  2.6036470606923103
2024-05-10 14:15:51,974 - mainlogger - INFO - ****************************************************************************************************
2024-05-10 14:15:57,099 - mainlogger - INFO - valid
2024-05-10 14:16:04,768 - mainlogger - INFO - Dice score: 0.5101
2024-05-10 14:16:04,768 - mainlogger - INFO - Accuracy: 0.9234
2024-05-10 14:16:04,768 - mainlogger - INFO - Epoch 50  2.556487813591957
2024-05-10 14:16:04,768 - mainlogger - INFO - ****************************************************************************************************
2024-05-10 14:16:09,839 - mainlogger - INFO - valid
2024-05-10 14:16:17,602 - mainlogger - INFO - Dice score: 0.5623
2024-05-10 14:16:17,602 - mainlogger - INFO - Accuracy: 0.9264
2024-05-10 14:16:17,602 - mainlogger - INFO - Epoch 51  2.4964134078472853
2024-05-10 14:16:17,602 - mainlogger - INFO - train
2024-05-10 14:16:22,179 - mainlogger - INFO - Dice score: 0.5897
2024-05-10 14:16:22,179 - mainlogger - INFO - Accuracy: 0.9203
2024-05-10 14:16:22,179 - mainlogger - INFO - test
2024-05-10 14:16:30,134 - mainlogger - INFO - Dice score: 0.5211
2024-05-10 14:16:30,135 - mainlogger - INFO - Accuracy: 0.925
2024-05-10 14:16:30,135 - mainlogger - INFO - ****************************************************************************************************
2024-05-10 14:16:35,313 - mainlogger - INFO - valid
2024-05-10 14:16:42,953 - mainlogger - INFO - Dice score: 0.4169
2024-05-10 14:16:42,953 - mainlogger - INFO - Accuracy: 0.9206
2024-05-10 14:16:42,953 - mainlogger - INFO - 8.5e-05->7.225000000000001e-05
2024-05-10 14:16:42,953 - mainlogger - INFO - Epoch 52  2.6499049179255962
2024-05-10 14:16:42,953 - mainlogger - INFO - ****************************************************************************************************
2024-05-10 14:16:48,020 - mainlogger - INFO - valid
2024-05-10 14:16:55,853 - mainlogger - INFO - Dice score: 0.5804
2024-05-10 14:16:55,853 - mainlogger - INFO - Accuracy: 0.9146
2024-05-10 14:16:55,854 - mainlogger - INFO - Epoch 53  2.2414296977221966
2024-05-10 14:16:55,854 - mainlogger - INFO - ****************************************************************************************************
2024-05-10 14:17:00,970 - mainlogger - INFO - valid
2024-05-10 14:17:08,682 - mainlogger - INFO - Dice score: 0.5056
2024-05-10 14:17:08,683 - mainlogger - INFO - Accuracy: 0.9288
2024-05-10 14:17:08,683 - mainlogger - INFO - Epoch 54  2.427540637552738
2024-05-10 14:17:08,683 - mainlogger - INFO - ****************************************************************************************************
2024-05-10 14:17:13,739 - mainlogger - INFO - valid
2024-05-10 14:17:21,582 - mainlogger - INFO - Dice score: 0.59
2024-05-10 14:17:21,582 - mainlogger - INFO - Accuracy: 0.9181
2024-05-10 14:17:21,582 - mainlogger - INFO - Epoch 55  2.301896059885621
2024-05-10 14:17:21,582 - mainlogger - INFO - ****************************************************************************************************
2024-05-10 14:17:26,821 - mainlogger - INFO - valid
2024-05-10 14:17:34,621 - mainlogger - INFO - Dice score: 0.5737
2024-05-10 14:17:34,621 - mainlogger - INFO - Accuracy: 0.903
2024-05-10 14:17:34,622 - mainlogger - INFO - Epoch 56  2.4934904165565968
2024-05-10 14:17:34,622 - mainlogger - INFO - ****************************************************************************************************
2024-05-10 14:17:39,759 - mainlogger - INFO - valid
2024-05-10 14:17:47,508 - mainlogger - INFO - Dice score: 0.592
2024-05-10 14:17:47,509 - mainlogger - INFO - Accuracy: 0.9121
2024-05-10 14:17:47,509 - mainlogger - INFO - Epoch 57  2.1116776317358017
2024-05-10 14:17:47,509 - mainlogger - INFO - ****************************************************************************************************
2024-05-10 14:17:52,665 - mainlogger - INFO - valid
2024-05-10 14:18:00,420 - mainlogger - INFO - Dice score: 0.6071
2024-05-10 14:18:00,420 - mainlogger - INFO - Accuracy: 0.9271
2024-05-10 14:18:00,420 - mainlogger - INFO - Epoch 58  2.2095501087605953
2024-05-10 14:18:00,420 - mainlogger - INFO - ****************************************************************************************************
2024-05-10 14:18:05,468 - mainlogger - INFO - valid
2024-05-10 14:18:13,259 - mainlogger - INFO - Dice score: 0.6034
2024-05-10 14:18:13,259 - mainlogger - INFO - Accuracy: 0.9238
2024-05-10 14:18:13,259 - mainlogger - INFO - Epoch 59  2.4221958070993423
2024-05-10 14:18:13,259 - mainlogger - INFO - ****************************************************************************************************
2024-05-10 14:18:18,432 - mainlogger - INFO - valid
2024-05-10 14:18:26,373 - mainlogger - INFO - Dice score: 0.5989
2024-05-10 14:18:26,373 - mainlogger - INFO - Accuracy: 0.9119
2024-05-10 14:18:26,373 - mainlogger - INFO - Epoch 60  2.5013200789690018
2024-05-10 14:18:26,373 - mainlogger - INFO - ****************************************************************************************************
2024-05-10 14:18:31,496 - mainlogger - INFO - valid
2024-05-10 14:18:39,282 - mainlogger - INFO - Dice score: 0.6005
2024-05-10 14:18:39,282 - mainlogger - INFO - Accuracy: 0.9256
2024-05-10 14:18:39,282 - mainlogger - INFO - Epoch 61  2.142524406313896
2024-05-10 14:18:39,282 - mainlogger - INFO - train
2024-05-10 14:18:44,000 - mainlogger - INFO - Dice score: 0.6502
2024-05-10 14:18:44,000 - mainlogger - INFO - Accuracy: 0.9306
2024-05-10 14:18:44,000 - mainlogger - INFO - test
2024-05-10 14:18:52,003 - mainlogger - INFO - Dice score: 0.5681
2024-05-10 14:18:52,004 - mainlogger - INFO - Accuracy: 0.9248
2024-05-10 14:18:52,004 - mainlogger - INFO - ****************************************************************************************************
2024-05-10 14:19:14,478 - mainlogger - INFO - valid
2024-05-10 14:19:55,342 - mainlogger - INFO - Dice score: 0.6232
2024-05-10 14:19:55,342 - mainlogger - INFO - Accuracy: 0.9294
2024-05-10 14:19:55,342 - mainlogger - INFO - Epoch 62  2.291133265942335
2024-05-10 14:19:55,342 - mainlogger - INFO - ****************************************************************************************************
2024-05-10 14:20:33,106 - mainlogger - INFO - valid
2024-05-10 14:21:20,082 - mainlogger - INFO - Dice score: 0.6166
2024-05-10 14:21:20,082 - mainlogger - INFO - Accuracy: 0.9239
2024-05-10 14:21:20,082 - mainlogger - INFO - Epoch 63  2.0426811575889587
2024-05-10 14:21:20,083 - mainlogger - INFO - ****************************************************************************************************
2024-05-10 14:21:37,727 - mainlogger - INFO - valid
2024-05-10 14:22:28,366 - mainlogger - INFO - Dice score: 0.6095
2024-05-10 14:22:28,367 - mainlogger - INFO - Accuracy: 0.9235
2024-05-10 14:22:28,367 - mainlogger - INFO - Epoch 64  2.012653877027333
2024-05-10 14:22:28,367 - mainlogger - INFO - ****************************************************************************************************
2024-05-10 14:22:55,181 - mainlogger - INFO - valid
2024-05-10 14:23:39,540 - mainlogger - INFO - Dice score: 0.6054
2024-05-10 14:23:39,541 - mainlogger - INFO - Accuracy: 0.9212
2024-05-10 14:23:39,541 - mainlogger - INFO - Epoch 65  2.013563619926572
2024-05-10 14:23:39,541 - mainlogger - INFO - ****************************************************************************************************
2024-05-10 14:24:11,097 - mainlogger - INFO - valid
2024-05-10 14:25:00,047 - mainlogger - INFO - Dice score: 0.6093
2024-05-10 14:25:00,047 - mainlogger - INFO - Accuracy: 0.9287
2024-05-10 14:25:00,047 - mainlogger - INFO - 7.225000000000001e-05->6.141250000000001e-05
2024-05-10 14:25:00,047 - mainlogger - INFO - Epoch 66  1.859670978039503
2024-05-10 14:25:00,047 - mainlogger - INFO - ****************************************************************************************************
2024-05-10 14:25:13,425 - mainlogger - INFO - valid
2024-05-10 14:26:03,180 - mainlogger - INFO - Dice score: 0.6085
2024-05-10 14:26:03,180 - mainlogger - INFO - Accuracy: 0.9196
2024-05-10 14:26:03,180 - mainlogger - INFO - Epoch 67  1.962841957807541
2024-05-10 14:26:03,181 - mainlogger - INFO - ****************************************************************************************************
2024-05-10 14:26:33,011 - mainlogger - INFO - valid
2024-05-10 14:27:19,173 - mainlogger - INFO - Dice score: 0.6006
2024-05-10 14:27:19,173 - mainlogger - INFO - Accuracy: 0.9293
2024-05-10 14:27:19,173 - mainlogger - INFO - Epoch 68  1.9530876241624355
2024-05-10 14:27:19,173 - mainlogger - INFO - ****************************************************************************************************
2024-05-10 14:27:47,257 - mainlogger - INFO - valid
2024-05-10 14:28:37,950 - mainlogger - INFO - Dice score: 0.5218
2024-05-10 14:28:37,950 - mainlogger - INFO - Accuracy: 0.9304
2024-05-10 14:28:37,951 - mainlogger - INFO - Epoch 69  1.9362697396427393
2024-05-10 14:28:37,951 - mainlogger - INFO - ****************************************************************************************************
2024-05-10 14:28:55,187 - mainlogger - INFO - valid
2024-05-10 14:29:39,800 - mainlogger - INFO - Dice score: 0.5147
2024-05-10 14:29:39,800 - mainlogger - INFO - Accuracy: 0.9263
2024-05-10 14:29:39,800 - mainlogger - INFO - 6.141250000000001e-05->5.2200625000000005e-05
2024-05-10 14:29:39,800 - mainlogger - INFO - Epoch 70  2.1270465636625886
2024-05-10 14:29:39,800 - mainlogger - INFO - ****************************************************************************************************
2024-05-10 14:30:17,445 - mainlogger - INFO - valid
2024-05-10 14:31:04,482 - mainlogger - INFO - Dice score: 0.5915
2024-05-10 14:31:04,482 - mainlogger - INFO - Accuracy: 0.93
2024-05-10 14:31:04,482 - mainlogger - INFO - Epoch 71  2.032121282070875
2024-05-10 14:31:04,482 - mainlogger - INFO - train
2024-05-10 14:31:24,357 - mainlogger - INFO - Dice score: 0.5999
2024-05-10 14:31:24,357 - mainlogger - INFO - Accuracy: 0.9186
2024-05-10 14:31:24,357 - mainlogger - INFO - test
2024-05-10 14:32:14,122 - mainlogger - INFO - Dice score: 0.5525
2024-05-10 14:32:14,122 - mainlogger - INFO - Accuracy: 0.9261
2024-05-10 14:32:14,122 - mainlogger - INFO - ****************************************************************************************************
2024-05-10 14:32:45,962 - mainlogger - INFO - valid
2024-05-10 14:33:28,193 - mainlogger - INFO - Dice score: 0.6173
2024-05-10 14:33:28,193 - mainlogger - INFO - Accuracy: 0.9279
2024-05-10 14:33:28,194 - mainlogger - INFO - Epoch 72  2.064974771812558
2024-05-10 14:33:28,194 - mainlogger - INFO - ****************************************************************************************************
2024-05-10 14:33:55,541 - mainlogger - INFO - valid
2024-05-10 14:34:45,755 - mainlogger - INFO - Dice score: 0.6241
2024-05-10 14:34:45,755 - mainlogger - INFO - Accuracy: 0.9239
2024-05-10 14:34:45,755 - mainlogger - INFO - Epoch 73  2.0050885006785393
2024-05-10 14:34:45,755 - mainlogger - INFO - ****************************************************************************************************
2024-05-10 14:35:04,276 - mainlogger - INFO - valid
2024-05-10 14:36:41,979 - mainlogger - INFO - Dice score: 0.6136
2024-05-10 14:36:41,979 - mainlogger - INFO - Accuracy: 0.9257
2024-05-10 14:36:41,979 - mainlogger - INFO - Epoch 74  1.9326164834201336
2024-05-10 14:36:41,979 - mainlogger - INFO - ****************************************************************************************************
2024-05-10 14:37:35,179 - mainlogger - INFO - valid
2024-05-10 14:39:19,307 - mainlogger - INFO - Dice score: 0.6265
2024-05-10 14:39:19,312 - mainlogger - INFO - Accuracy: 0.9256
2024-05-10 14:39:19,312 - mainlogger - INFO - Epoch 75  2.0464628897607327
2024-05-10 14:39:19,312 - mainlogger - INFO - ****************************************************************************************************
2024-05-10 14:40:12,305 - mainlogger - INFO - valid
2024-05-10 14:41:58,052 - mainlogger - INFO - Dice score: 0.5704
2024-05-10 14:41:58,052 - mainlogger - INFO - Accuracy: 0.8866
2024-05-10 14:41:58,052 - mainlogger - INFO - Epoch 76  2.272280991077423
2024-05-10 14:41:58,052 - mainlogger - INFO - ****************************************************************************************************
2024-05-10 14:42:53,519 - mainlogger - INFO - valid
2024-05-10 14:44:39,631 - mainlogger - INFO - Dice score: 0.5613
2024-05-10 14:44:39,632 - mainlogger - INFO - Accuracy: 0.9324
2024-05-10 14:44:39,632 - mainlogger - INFO - Epoch 77  2.219885729253292
2024-05-10 14:44:39,632 - mainlogger - INFO - ****************************************************************************************************
2024-05-10 14:45:23,616 - mainlogger - INFO - valid
2024-05-10 14:46:14,320 - mainlogger - INFO - Dice score: 0.6148
2024-05-10 14:46:14,321 - mainlogger - INFO - Accuracy: 0.9305
2024-05-10 14:46:14,321 - mainlogger - INFO - Epoch 78  1.8637564182281494
2024-05-10 14:46:14,321 - mainlogger - INFO - ****************************************************************************************************
2024-05-10 14:46:46,143 - mainlogger - INFO - valid
2024-05-10 14:47:25,300 - mainlogger - INFO - Dice score: 0.6317
2024-05-10 14:47:25,301 - mainlogger - INFO - Accuracy: 0.9261
2024-05-10 14:47:25,301 - mainlogger - INFO - Epoch 79  1.764506844803691
2024-05-10 14:47:25,301 - mainlogger - INFO - ****************************************************************************************************
2024-05-10 14:47:55,771 - mainlogger - INFO - valid
2024-05-10 14:48:47,571 - mainlogger - INFO - Dice score: 0.6217
2024-05-10 14:48:47,571 - mainlogger - INFO - Accuracy: 0.9214
2024-05-10 14:48:47,572 - mainlogger - INFO - Epoch 80  1.879688560962677
2024-05-10 14:48:47,572 - mainlogger - INFO - ****************************************************************************************************
2024-05-10 14:49:02,197 - mainlogger - INFO - valid
2024-05-10 14:49:50,341 - mainlogger - INFO - Dice score: 0.6187
2024-05-10 14:49:50,341 - mainlogger - INFO - Accuracy: 0.9332
2024-05-10 14:49:50,342 - mainlogger - INFO - Epoch 81  1.9726561196148396
2024-05-10 14:49:50,342 - mainlogger - INFO - train
2024-05-10 14:50:31,680 - mainlogger - INFO - Dice score: 0.6591
2024-05-10 14:50:31,682 - mainlogger - INFO - Accuracy: 0.9326
2024-05-10 14:50:31,682 - mainlogger - INFO - test
2024-05-10 14:51:16,508 - mainlogger - INFO - Dice score: 0.5624
2024-05-10 14:51:16,509 - mainlogger - INFO - Accuracy: 0.9274
2024-05-10 14:51:16,509 - mainlogger - INFO - ****************************************************************************************************
2024-05-10 14:51:34,350 - mainlogger - INFO - valid
2024-05-10 14:52:04,836 - mainlogger - INFO - Dice score: 0.6188
2024-05-10 14:52:04,836 - mainlogger - INFO - Accuracy: 0.9275
2024-05-10 14:52:04,837 - mainlogger - INFO - Epoch 82  1.817527398467064
2024-05-10 14:52:04,837 - mainlogger - INFO - ****************************************************************************************************
2024-05-10 14:52:10,061 - mainlogger - INFO - valid
2024-05-10 14:52:17,738 - mainlogger - INFO - Dice score: 0.6153
2024-05-10 14:52:17,739 - mainlogger - INFO - Accuracy: 0.9295
2024-05-10 14:52:17,739 - mainlogger - INFO - 5.2200625000000005e-05->4.437053125e-05
2024-05-10 14:52:17,739 - mainlogger - INFO - Epoch 83  1.6402845550328493
2024-05-10 14:52:17,739 - mainlogger - INFO - ****************************************************************************************************
2024-05-10 14:52:22,829 - mainlogger - INFO - valid
2024-05-10 14:52:30,803 - mainlogger - INFO - Dice score: 0.6128
2024-05-10 14:52:30,803 - mainlogger - INFO - Accuracy: 0.9213
2024-05-10 14:52:30,803 - mainlogger - INFO - Epoch 84  1.6914958246052265
2024-05-10 14:52:30,803 - mainlogger - INFO - ****************************************************************************************************
2024-05-10 14:52:35,908 - mainlogger - INFO - valid
2024-05-10 14:52:43,614 - mainlogger - INFO - Dice score: 0.617
2024-05-10 14:52:43,614 - mainlogger - INFO - Accuracy: 0.9187
2024-05-10 14:52:43,614 - mainlogger - INFO - Epoch 85  1.8231166955083609
2024-05-10 14:52:43,614 - mainlogger - INFO - ****************************************************************************************************
2024-05-10 14:52:49,038 - mainlogger - INFO - valid
2024-05-10 14:52:56,768 - mainlogger - INFO - Dice score: 0.5931
2024-05-10 14:52:56,769 - mainlogger - INFO - Accuracy: 0.9016
2024-05-10 14:52:56,769 - mainlogger - INFO - Epoch 86  2.0096866730600595
2024-05-10 14:52:56,769 - mainlogger - INFO - ****************************************************************************************************
2024-05-10 14:53:01,905 - mainlogger - INFO - valid
2024-05-10 14:53:09,955 - mainlogger - INFO - Dice score: 0.5162
2024-05-10 14:53:09,955 - mainlogger - INFO - Accuracy: 0.8588
2024-05-10 14:53:09,955 - mainlogger - INFO - 4.437053125e-05->3.77149515625e-05
2024-05-10 14:53:09,955 - mainlogger - INFO - Epoch 87  2.0757519528269768
2024-05-10 14:53:09,955 - mainlogger - INFO - ****************************************************************************************************
2024-05-10 14:53:23,435 - mainlogger - INFO - valid
2024-05-10 14:54:10,452 - mainlogger - INFO - Dice score: 0.6273
2024-05-10 14:54:10,452 - mainlogger - INFO - Accuracy: 0.9244
2024-05-10 14:54:10,453 - mainlogger - INFO - Epoch 88  1.9955098778009415
2024-05-10 14:54:10,453 - mainlogger - INFO - ****************************************************************************************************
2024-05-10 14:54:46,767 - mainlogger - INFO - valid
2024-05-10 14:55:35,221 - mainlogger - INFO - Dice score: 0.59
2024-05-10 14:55:35,222 - mainlogger - INFO - Accuracy: 0.9315
2024-05-10 14:55:35,222 - mainlogger - INFO - Epoch 89  2.107089277356863
2024-05-10 14:55:35,222 - mainlogger - INFO - ****************************************************************************************************
2024-05-10 14:55:52,947 - mainlogger - INFO - valid
2024-05-10 14:56:42,797 - mainlogger - INFO - Dice score: 0.6186
2024-05-10 14:56:42,797 - mainlogger - INFO - Accuracy: 0.9291
2024-05-10 14:56:42,798 - mainlogger - INFO - Epoch 90  1.8935753218829632
2024-05-10 14:56:42,798 - mainlogger - INFO - ****************************************************************************************************
2024-05-10 14:57:05,969 - mainlogger - INFO - valid
2024-05-10 14:57:49,559 - mainlogger - INFO - Dice score: 0.6164
2024-05-10 14:57:49,560 - mainlogger - INFO - Accuracy: 0.9251
2024-05-10 14:57:49,560 - mainlogger - INFO - 3.77149515625e-05->3.2057708828124995e-05
2024-05-10 14:57:49,560 - mainlogger - INFO - Epoch 91  1.898182101547718
2024-05-10 14:57:49,560 - mainlogger - INFO - train
2024-05-10 14:58:26,188 - mainlogger - INFO - Dice score: 0.695
2024-05-10 14:58:26,188 - mainlogger - INFO - Accuracy: 0.9334
2024-05-10 14:58:26,188 - mainlogger - INFO - test
2024-05-10 14:59:16,715 - mainlogger - INFO - Dice score: 0.5922
2024-05-10 14:59:16,715 - mainlogger - INFO - Accuracy: 0.9238
2024-05-10 14:59:16,715 - mainlogger - INFO - ****************************************************************************************************
2024-05-10 14:59:34,198 - mainlogger - INFO - valid
2024-05-10 15:00:19,988 - mainlogger - INFO - Dice score: 0.6267
2024-05-10 15:00:19,988 - mainlogger - INFO - Accuracy: 0.9223
2024-05-10 15:00:19,989 - mainlogger - INFO - Epoch 92  1.6581873279064894
2024-05-10 15:00:19,989 - mainlogger - INFO - ****************************************************************************************************
2024-05-10 15:00:54,304 - mainlogger - INFO - valid
2024-05-10 15:01:43,343 - mainlogger - INFO - Dice score: 0.6343
2024-05-10 15:01:43,354 - mainlogger - INFO - Accuracy: 0.929
2024-05-10 15:01:43,355 - mainlogger - INFO - Epoch 93  1.5520393666811287
2024-05-10 15:01:43,355 - mainlogger - INFO - ****************************************************************************************************
2024-05-10 15:02:02,681 - mainlogger - INFO - valid
2024-05-10 15:02:53,111 - mainlogger - INFO - Dice score: 0.62
2024-05-10 15:02:53,111 - mainlogger - INFO - Accuracy: 0.9148
2024-05-10 15:02:53,111 - mainlogger - INFO - Epoch 94  1.6537020057439804
2024-05-10 15:02:53,111 - mainlogger - INFO - ****************************************************************************************************
2024-05-10 15:03:19,128 - mainlogger - INFO - valid
2024-05-10 15:04:00,040 - mainlogger - INFO - Dice score: 0.6263
2024-05-10 15:04:00,041 - mainlogger - INFO - Accuracy: 0.9283
2024-05-10 15:04:00,041 - mainlogger - INFO - Epoch 95  1.6237856391817331
2024-05-10 15:04:00,041 - mainlogger - INFO - ****************************************************************************************************
2024-05-10 15:04:35,934 - mainlogger - INFO - valid
2024-05-10 15:05:19,529 - mainlogger - INFO - Dice score: 0.637
2024-05-10 15:05:19,529 - mainlogger - INFO - Accuracy: 0.924
2024-05-10 15:05:19,529 - mainlogger - INFO - Epoch 96  1.4638242665678263
2024-05-10 15:05:19,529 - mainlogger - INFO - ****************************************************************************************************
2024-05-10 15:05:37,642 - mainlogger - INFO - valid
2024-05-10 15:06:28,099 - mainlogger - INFO - Dice score: 0.6238
2024-05-10 15:06:28,099 - mainlogger - INFO - Accuracy: 0.9256
2024-05-10 15:06:28,099 - mainlogger - INFO - Epoch 97  1.6142581105232239
2024-05-10 15:06:28,099 - mainlogger - INFO - ****************************************************************************************************
2024-05-10 15:07:00,325 - mainlogger - INFO - valid
2024-05-10 15:07:36,050 - mainlogger - INFO - Dice score: 0.6335
2024-05-10 15:07:36,050 - mainlogger - INFO - Accuracy: 0.9265
2024-05-10 15:07:36,050 - mainlogger - INFO - Epoch 98  1.5734416926279664
2024-05-10 15:07:36,051 - mainlogger - INFO - ****************************************************************************************************
2024-05-10 15:08:09,841 - mainlogger - INFO - valid
2024-05-10 15:08:59,247 - mainlogger - INFO - Dice score: 0.635
2024-05-10 15:08:59,248 - mainlogger - INFO - Accuracy: 0.9291
2024-05-10 15:08:59,248 - mainlogger - INFO - Epoch 99  1.58343047183007
2024-05-10 15:08:59,248 - mainlogger - INFO - train
2024-05-10 15:09:09,903 - mainlogger - INFO - Dice score: 0.7476
2024-05-10 15:09:09,903 - mainlogger - INFO - Accuracy: 0.947
2024-05-10 15:09:09,903 - mainlogger - INFO - test
2024-05-10 15:09:15,138 - mainlogger - INFO - Dice score: 0.6071
2024-05-10 15:09:15,138 - mainlogger - INFO - Accuracy: 0.928
2024-05-10 15:09:15,138 - mainlogger - INFO - ****************************************************************************************************
2024-05-10 15:09:15,138 - mainlogger - INFO - (95, 99)
2024-05-10 15:09:15,138 - mainlogger - INFO - 0.6311154680504036
