2024-05-09 13:28:42,269 - mainlogger - INFO - 28212
2024-05-09 13:28:42,269 - mainlogger - INFO - <class '__main__.UniversegPipeline'>
2024-05-09 13:28:42,269 - mainlogger - INFO - universeg_config/leakyrelu/noinit.yaml
2024-05-09 13:28:42,269 - mainlogger - INFO - {'desc': '输入单通道，大小384', 'log_dir': 'universeg_config/leakyrelu/log', 'batch_size': 4, 'epochs': 100, 'k': 2, 'root_dir': '/home/4T/zcr/dataset/Dataset_BUSI', 'model': {'name': 'universeg.universeg.UniverSeg', 'args': {'encoder_blocks': [64, 128, 256, 256, 512], 'in_ch': [1, 2], 'nonlinearity': 'LeakyReLU', 'init': False}}, 'trainset': {'name': 'datasetBUSI.mask_busi_single.MaskBUSISingle', 'args': {'root_dir': '/home/4T/zcr/dataset/Dataset_BUSI', 'image_names_path': 'labeled20.txt', 'mode': 'train'}}, 'testset': {'name': 'datasetBUSI.mask_busi_single.MaskBUSISingle', 'args': {'root_dir': '/home/4T/zcr/dataset/Dataset_BUSI', 'image_names_path': 'test.txt', 'mode': 'test'}}, 'criterion': {'name': 'spgutils.focalloss.BinaryFocalLoss', 'args': {'gamma': 1}}, 'optimizer': {'name': 'torch.optim.Adam', 'args': {'lr': 0.0001}}, 'scheduler': {'name': 'torch.optim.lr_scheduler.StepLR', 'args': {'step_size': 1, 'gamma': 0.99}}}
2024-05-09 13:28:42,270 - mainlogger - INFO - 20.486313819885254
2024-05-09 13:28:54,709 - mainlogger - INFO - Epoch 0  5.1691722720861435
2024-05-09 13:29:00,833 - mainlogger - INFO - Epoch 1  4.004222892224789
2024-05-09 13:29:06,687 - mainlogger - INFO - Dice score: 7.282e-16
2024-05-09 13:29:06,687 - mainlogger - INFO - Accuracy: 0.879
2024-05-09 13:29:16,245 - mainlogger - INFO - Dice score: 5.202e-16
2024-05-09 13:29:16,245 - mainlogger - INFO - Accuracy: 0.8997
2024-05-09 13:29:22,529 - mainlogger - INFO - Epoch 2  3.686382979154587
2024-05-09 13:29:28,679 - mainlogger - INFO - Epoch 3  3.3620895370841026
2024-05-09 13:29:34,523 - mainlogger - INFO - Epoch 4  3.545459993183613
2024-05-09 13:29:40,481 - mainlogger - INFO - Epoch 5  3.2658084630966187
2024-05-09 13:29:46,502 - mainlogger - INFO - Epoch 6  3.2792473509907722
2024-05-09 13:29:52,469 - mainlogger - INFO - Epoch 7  3.1733830869197845
2024-05-09 13:29:58,439 - mainlogger - INFO - Epoch 8  3.2558203637599945
2024-05-09 13:30:04,475 - mainlogger - INFO - Epoch 9  3.25771963596344
2024-05-09 13:30:10,150 - mainlogger - INFO - Epoch 10  3.7345437705516815
2024-05-09 13:30:15,920 - mainlogger - INFO - Epoch 11  3.3356658965349197
2024-05-09 13:30:21,417 - mainlogger - INFO - Dice score: 0.0461
2024-05-09 13:30:21,417 - mainlogger - INFO - Accuracy: 0.8856
2024-05-09 13:30:30,808 - mainlogger - INFO - Dice score: 0.03879
2024-05-09 13:30:30,809 - mainlogger - INFO - Accuracy: 0.9012
2024-05-09 13:30:36,535 - mainlogger - INFO - Epoch 12  3.2199566289782524
2024-05-09 13:30:42,481 - mainlogger - INFO - Epoch 13  3.071138670668006
2024-05-09 13:30:48,530 - mainlogger - INFO - Epoch 14  3.1619066819548607
2024-05-09 13:30:54,438 - mainlogger - INFO - Epoch 15  3.4918949231505394
2024-05-09 13:31:00,480 - mainlogger - INFO - Epoch 16  3.1246615797281265
2024-05-09 13:31:06,661 - mainlogger - INFO - Epoch 17  3.1167339235544205
2024-05-09 13:31:12,738 - mainlogger - INFO - Epoch 18  3.032184824347496
2024-05-09 13:31:18,892 - mainlogger - INFO - Epoch 19  3.369949020445347
2024-05-09 13:31:25,076 - mainlogger - INFO - Epoch 20  3.227689517661929
2024-05-09 13:31:31,319 - mainlogger - INFO - Epoch 21  3.2559196427464485
2024-05-09 13:31:36,923 - mainlogger - INFO - Dice score: 0.2827
2024-05-09 13:31:36,924 - mainlogger - INFO - Accuracy: 0.8862
2024-05-09 13:31:46,316 - mainlogger - INFO - Dice score: 0.2101
2024-05-09 13:31:46,316 - mainlogger - INFO - Accuracy: 0.8969
2024-05-09 13:31:52,383 - mainlogger - INFO - Epoch 22  2.9691949039697647
2024-05-09 13:31:58,502 - mainlogger - INFO - Epoch 23  3.2186208441853523
2024-05-09 13:32:04,717 - mainlogger - INFO - Epoch 24  2.892698049545288
2024-05-09 13:32:10,859 - mainlogger - INFO - Epoch 25  3.089734513312578
2024-05-09 13:32:16,846 - mainlogger - INFO - Epoch 26  3.074146032333374
2024-05-09 13:32:22,783 - mainlogger - INFO - Epoch 27  3.526590321213007
2024-05-09 13:32:28,697 - mainlogger - INFO - Epoch 28  3.4176255092024803
2024-05-09 13:32:34,548 - mainlogger - INFO - Epoch 29  3.1408632323145866
2024-05-09 13:32:40,494 - mainlogger - INFO - Epoch 30  3.0449838116765022
2024-05-09 13:32:46,528 - mainlogger - INFO - Epoch 31  2.9968867897987366
2024-05-09 13:32:51,845 - mainlogger - INFO - Dice score: 0.3667
2024-05-09 13:32:51,845 - mainlogger - INFO - Accuracy: 0.8932
2024-05-09 13:33:01,196 - mainlogger - INFO - Dice score: 0.2111
2024-05-09 13:33:01,196 - mainlogger - INFO - Accuracy: 0.896
2024-05-09 13:33:07,242 - mainlogger - INFO - Epoch 32  3.0091177448630333
2024-05-09 13:33:13,561 - mainlogger - INFO - Epoch 33  3.0765423253178596
2024-05-09 13:33:19,725 - mainlogger - INFO - Epoch 34  2.8589933719486
2024-05-09 13:33:25,781 - mainlogger - INFO - Epoch 35  2.8657449930906296
2024-05-09 13:33:31,608 - mainlogger - INFO - Epoch 36  3.0977430641651154
2024-05-09 13:33:37,782 - mainlogger - INFO - Epoch 37  2.9288581386208534
2024-05-09 13:33:43,752 - mainlogger - INFO - Epoch 38  3.1119905412197113
2024-05-09 13:33:49,780 - mainlogger - INFO - Epoch 39  3.065757006406784
2024-05-09 13:33:55,698 - mainlogger - INFO - Epoch 40  3.134961575269699
2024-05-09 13:34:01,697 - mainlogger - INFO - Epoch 41  3.037811316549778
2024-05-09 13:34:07,222 - mainlogger - INFO - Dice score: 0.4861
2024-05-09 13:34:07,223 - mainlogger - INFO - Accuracy: 0.8885
2024-05-09 13:34:16,427 - mainlogger - INFO - Dice score: 0.3404
2024-05-09 13:34:16,427 - mainlogger - INFO - Accuracy: 0.8781
2024-05-09 13:34:22,289 - mainlogger - INFO - Epoch 42  3.001691237092018
2024-05-09 13:34:28,234 - mainlogger - INFO - Epoch 43  3.0237981155514717
2024-05-09 13:34:34,366 - mainlogger - INFO - Epoch 44  2.839708000421524
2024-05-09 13:34:40,294 - mainlogger - INFO - Epoch 45  2.8729943856596947
2024-05-09 13:34:46,527 - mainlogger - INFO - Epoch 46  2.605190232396126
2024-05-09 13:34:52,700 - mainlogger - INFO - Epoch 47  2.9260432459414005
2024-05-09 13:34:58,897 - mainlogger - INFO - Epoch 48  2.7611863650381565
2024-05-09 13:35:05,035 - mainlogger - INFO - Epoch 49  2.745688147842884
2024-05-09 13:35:11,003 - mainlogger - INFO - Epoch 50  2.8250477612018585
2024-05-09 13:35:17,263 - mainlogger - INFO - Epoch 51  2.813818696886301
2024-05-09 13:35:22,767 - mainlogger - INFO - Dice score: 0.3243
2024-05-09 13:35:22,767 - mainlogger - INFO - Accuracy: 0.8942
2024-05-09 13:35:32,066 - mainlogger - INFO - Dice score: 0.2428
2024-05-09 13:35:32,066 - mainlogger - INFO - Accuracy: 0.9055
2024-05-09 13:35:38,049 - mainlogger - INFO - Epoch 52  2.8317283615469933
2024-05-09 13:35:44,395 - mainlogger - INFO - Epoch 53  2.7370282150804996
2024-05-09 13:35:50,522 - mainlogger - INFO - Epoch 54  2.8281890265643597
2024-05-09 13:35:56,644 - mainlogger - INFO - Epoch 55  2.8595853336155415
2024-05-09 13:36:02,657 - mainlogger - INFO - Epoch 56  2.878780983388424
2024-05-09 13:36:08,633 - mainlogger - INFO - Epoch 57  2.950448501855135
2024-05-09 13:36:14,752 - mainlogger - INFO - Epoch 58  2.6487933099269867
2024-05-09 13:36:20,972 - mainlogger - INFO - Epoch 59  3.008091524243355
2024-05-09 13:36:27,170 - mainlogger - INFO - Epoch 60  2.6938333213329315
2024-05-09 13:36:33,130 - mainlogger - INFO - Epoch 61  2.839576620608568
2024-05-09 13:36:38,845 - mainlogger - INFO - Dice score: 0.4939
2024-05-09 13:36:38,846 - mainlogger - INFO - Accuracy: 0.9036
2024-05-09 13:36:48,250 - mainlogger - INFO - Dice score: 0.4211
2024-05-09 13:36:48,251 - mainlogger - INFO - Accuracy: 0.9121
2024-05-09 13:36:54,100 - mainlogger - INFO - Epoch 62  2.5187198147177696
2024-05-09 13:37:00,078 - mainlogger - INFO - Epoch 63  2.409512847661972
2024-05-09 13:37:05,973 - mainlogger - INFO - Epoch 64  2.4840315990149975
2024-05-09 13:37:11,922 - mainlogger - INFO - Epoch 65  2.6154811531305313
2024-05-09 13:37:17,777 - mainlogger - INFO - Epoch 66  2.2860011607408524
2024-05-09 13:37:23,776 - mainlogger - INFO - Epoch 67  2.7525292485952377
2024-05-09 13:37:30,130 - mainlogger - INFO - Epoch 68  2.8087413609027863
2024-05-09 13:37:36,332 - mainlogger - INFO - Epoch 69  2.7472106851637363
2024-05-09 13:37:42,664 - mainlogger - INFO - Epoch 70  2.6624013222754
2024-05-09 13:37:48,510 - mainlogger - INFO - Epoch 71  2.711086381226778
2024-05-09 13:37:54,060 - mainlogger - INFO - Dice score: 0.432
2024-05-09 13:37:54,060 - mainlogger - INFO - Accuracy: 0.9038
2024-05-09 13:38:03,531 - mainlogger - INFO - Dice score: 0.3612
2024-05-09 13:38:03,531 - mainlogger - INFO - Accuracy: 0.9117
2024-05-09 13:38:09,714 - mainlogger - INFO - Epoch 72  2.6606551073491573
2024-05-09 13:38:15,756 - mainlogger - INFO - Epoch 73  2.5512435734272003
2024-05-09 13:38:21,990 - mainlogger - INFO - Epoch 74  2.4542795158922672
2024-05-09 13:38:27,936 - mainlogger - INFO - Epoch 75  2.5772519633173943
2024-05-09 13:38:33,865 - mainlogger - INFO - Epoch 76  2.4223899990320206
2024-05-09 13:38:40,115 - mainlogger - INFO - Epoch 77  2.6093517765402794
2024-05-09 13:38:46,138 - mainlogger - INFO - Epoch 78  2.317583005875349
2024-05-09 13:38:52,428 - mainlogger - INFO - Epoch 79  2.1872162390500307
2024-05-09 13:38:58,520 - mainlogger - INFO - Epoch 80  1.9970373250544071
2024-05-09 13:39:04,523 - mainlogger - INFO - Epoch 81  2.502108220010996
2024-05-09 13:39:10,053 - mainlogger - INFO - Dice score: 0.6282
2024-05-09 13:39:10,053 - mainlogger - INFO - Accuracy: 0.9247
2024-05-09 13:39:19,388 - mainlogger - INFO - Dice score: 0.5514
2024-05-09 13:39:19,389 - mainlogger - INFO - Accuracy: 0.9248
2024-05-09 13:39:25,503 - mainlogger - INFO - Epoch 82  2.3694660160690546
2024-05-09 13:39:31,510 - mainlogger - INFO - Epoch 83  2.2507381476461887
2024-05-09 13:39:37,638 - mainlogger - INFO - Epoch 84  2.03210555203259
2024-05-09 13:39:43,865 - mainlogger - INFO - Epoch 85  2.1824315153062344
2024-05-09 13:39:49,724 - mainlogger - INFO - Epoch 86  2.1372692808508873
2024-05-09 13:39:55,728 - mainlogger - INFO - Epoch 87  2.2870507016777992
2024-05-09 13:40:01,584 - mainlogger - INFO - Epoch 88  2.100009124726057
2024-05-09 13:40:07,572 - mainlogger - INFO - Epoch 89  2.1122418232262135
2024-05-09 13:40:14,065 - mainlogger - INFO - Epoch 90  2.4777488447725773
2024-05-09 13:40:20,118 - mainlogger - INFO - Epoch 91  2.241087816655636
2024-05-09 13:40:26,086 - mainlogger - INFO - Dice score: 0.628
2024-05-09 13:40:26,086 - mainlogger - INFO - Accuracy: 0.9162
2024-05-09 13:40:35,696 - mainlogger - INFO - Dice score: 0.5681
2024-05-09 13:40:35,696 - mainlogger - INFO - Accuracy: 0.9204
2024-05-09 13:40:41,922 - mainlogger - INFO - Epoch 92  2.3736256696283817
2024-05-09 13:40:48,257 - mainlogger - INFO - Epoch 93  1.9765813946723938
2024-05-09 13:40:54,281 - mainlogger - INFO - Epoch 94  1.9587540328502655
2024-05-09 13:41:00,262 - mainlogger - INFO - Epoch 95  2.1051437966525555
2024-05-09 13:41:06,210 - mainlogger - INFO - Epoch 96  1.8493181318044662
2024-05-09 13:41:12,159 - mainlogger - INFO - Epoch 97  1.901473244652152
2024-05-09 13:41:18,475 - mainlogger - INFO - Epoch 98  1.8477004393935204
2024-05-09 13:41:24,653 - mainlogger - INFO - Epoch 99  1.8469336032867432
2024-05-09 13:41:30,276 - mainlogger - INFO - Dice score: 0.6263
2024-05-09 13:41:30,276 - mainlogger - INFO - Accuracy: 0.9302
2024-05-09 13:41:39,642 - mainlogger - INFO - Dice score: 0.5423
2024-05-09 13:41:39,642 - mainlogger - INFO - Accuracy: 0.9269
2024-05-09 13:41:39,642 - mainlogger - INFO - (95, 99)
2024-05-09 13:41:39,642 - mainlogger - INFO - 0.48880208941828895
