2024-05-20 20:56:36,556 - mainlogger - INFO - 13192
2024-05-20 20:56:36,556 - mainlogger - INFO - <class '__main__.UniversegPipeline'>
2024-05-20 20:56:36,556 - mainlogger - INFO - full/bigger/res_stack_se.yaml
2024-05-20 20:56:36,556 - mainlogger - INFO - {'desc': 'big res_single_se', 'batch_size': 8, 'epochs': 100, 'k': 2, 'test_k': 2, 'init': True, 'root_dir': '/Dataset_BUSI', 'model': {'name': 'universeg_res.universeg.UniverSeg', 'args': {'channels': [64, 128, 256, 512, 1024], 'num_layers': [1, 1, 1, 1, 1], 'in_channels': [1, 2], 'init': True, 'act': 'ReLU'}}, 'trainset': {'name': 'datasetBUSI.mask_busi_single.MaskBUSISingle', 'args': {'root_dir': '/Dataset_BUSI', 'image_names_path': 'labeled_all.txt', 'mode': 'train'}}, 'testset': {'name': 'datasetBUSI.mask_busi_single.MaskBUSISingle', 'args': {'root_dir': '/Dataset_BUSI', 'image_names_path': 'test.txt', 'mode': 'test'}}, 'validset': {'name': 'datasetBUSI.mask_busi_single.MaskBUSISingle', 'args': {'root_dir': '/Dataset_BUSI', 'image_names_path': 'val.txt', 'mode': 'test'}}, 'criterion': {'name': 'spgutils.focalloss.BinaryFocalLoss', 'args': {'gamma': 1}}, 'optimizer': {'name': 'torch.optim.Adam', 'args': {'lr': 0.001}}, 'scheduler': {'name': 'torch.optim.lr_scheduler.ReduceLROnPlateau', 'args': {'mode': 'max', 'factor': 0.85, 'patience': 3}}}
2024-05-20 20:56:36,556 - mainlogger - INFO - 62.70688819885254
2024-05-20 20:56:36,558 - mainlogger - INFO - init with relu
2024-05-20 20:57:32,597 - mainlogger - INFO - Epoch 0  16.257190316915512
2024-05-20 20:57:32,597 - mainlogger - INFO - ********************************************************************************
2024-05-20 20:58:23,489 - mainlogger - INFO - Epoch 1  15.472028017044067
2024-05-20 20:58:23,489 - mainlogger - INFO - train
2024-05-20 20:59:11,138 - mainlogger - INFO - Dice score: 0.4573
2024-05-20 20:59:11,138 - mainlogger - INFO - Accuracy: 0.8064
2024-05-20 20:59:11,138 - mainlogger - INFO - test
2024-05-20 20:59:28,018 - mainlogger - INFO - Dice score: 0.4038
2024-05-20 20:59:28,018 - mainlogger - INFO - Accuracy: 0.8128
2024-05-20 20:59:28,018 - mainlogger - INFO - ********************************************************************************
2024-05-20 21:00:18,695 - mainlogger - INFO - Epoch 2  14.24997128546238
2024-05-20 21:00:18,696 - mainlogger - INFO - ********************************************************************************
2024-05-20 21:01:09,794 - mainlogger - INFO - Epoch 3  13.003602772951126
2024-05-20 21:01:09,794 - mainlogger - INFO - ********************************************************************************
2024-05-20 21:02:00,605 - mainlogger - INFO - Epoch 4  12.487896263599396
2024-05-20 21:02:00,605 - mainlogger - INFO - ********************************************************************************
2024-05-20 21:02:51,783 - mainlogger - INFO - Epoch 5  12.111999571323395
2024-05-20 21:02:51,783 - mainlogger - INFO - ********************************************************************************
2024-05-20 21:03:42,931 - mainlogger - INFO - Epoch 6  11.73804160952568
2024-05-20 21:03:42,931 - mainlogger - INFO - ********************************************************************************
2024-05-20 21:04:34,504 - mainlogger - INFO - Epoch 7  11.450075760483742
2024-05-20 21:04:34,504 - mainlogger - INFO - ********************************************************************************
2024-05-20 21:05:25,280 - mainlogger - INFO - Epoch 8  10.411782324314117
2024-05-20 21:05:25,280 - mainlogger - INFO - ********************************************************************************
2024-05-20 21:06:16,790 - mainlogger - INFO - Epoch 9  10.164319530129433
2024-05-20 21:06:16,791 - mainlogger - INFO - ********************************************************************************
2024-05-20 21:07:07,613 - mainlogger - INFO - Epoch 10  9.342143267393112
2024-05-20 21:07:07,613 - mainlogger - INFO - ********************************************************************************
2024-05-20 21:07:58,286 - mainlogger - INFO - Epoch 11  9.088647216558456
2024-05-20 21:07:58,287 - mainlogger - INFO - train
2024-05-20 21:08:45,446 - mainlogger - INFO - Dice score: 0.6008
2024-05-20 21:08:45,446 - mainlogger - INFO - Accuracy: 0.8983
2024-05-20 21:08:45,447 - mainlogger - INFO - test
2024-05-20 21:09:01,037 - mainlogger - INFO - Dice score: 0.5812
2024-05-20 21:09:01,038 - mainlogger - INFO - Accuracy: 0.9076
2024-05-20 21:09:01,038 - mainlogger - INFO - ********************************************************************************
2024-05-20 21:09:51,290 - mainlogger - INFO - Epoch 12  8.487714514136314
2024-05-20 21:09:51,290 - mainlogger - INFO - ********************************************************************************
2024-05-20 21:10:42,003 - mainlogger - INFO - Epoch 13  8.59194241464138
2024-05-20 21:10:42,004 - mainlogger - INFO - ********************************************************************************
2024-05-20 21:11:32,381 - mainlogger - INFO - Epoch 14  8.282016173005104
2024-05-20 21:11:32,382 - mainlogger - INFO - ********************************************************************************
2024-05-20 21:12:22,689 - mainlogger - INFO - Epoch 15  8.125643037259579
2024-05-20 21:12:22,689 - mainlogger - INFO - ********************************************************************************
2024-05-20 21:13:13,510 - mainlogger - INFO - Epoch 16  7.472913146018982
2024-05-20 21:13:13,511 - mainlogger - INFO - ********************************************************************************
2024-05-20 21:14:03,310 - mainlogger - INFO - Epoch 17  7.443484514951706
2024-05-20 21:14:03,310 - mainlogger - INFO - ********************************************************************************
2024-05-20 21:14:53,692 - mainlogger - INFO - Epoch 18  7.057337798178196
2024-05-20 21:14:53,692 - mainlogger - INFO - ********************************************************************************
2024-05-20 21:15:44,019 - mainlogger - INFO - Epoch 19  6.828977137804031
2024-05-20 21:15:44,020 - mainlogger - INFO - ********************************************************************************
2024-05-20 21:16:33,890 - mainlogger - INFO - Epoch 20  6.735826835036278
2024-05-20 21:16:33,890 - mainlogger - INFO - ********************************************************************************
2024-05-20 21:17:25,905 - mainlogger - INFO - Epoch 21  6.589755430817604
2024-05-20 21:17:25,905 - mainlogger - INFO - train
2024-05-20 21:18:12,438 - mainlogger - INFO - Dice score: 0.67
2024-05-20 21:18:12,438 - mainlogger - INFO - Accuracy: 0.926
2024-05-20 21:18:12,438 - mainlogger - INFO - test
2024-05-20 21:18:28,020 - mainlogger - INFO - Dice score: 0.6284
2024-05-20 21:18:28,020 - mainlogger - INFO - Accuracy: 0.926
2024-05-20 21:18:28,020 - mainlogger - INFO - ********************************************************************************
2024-05-20 21:19:18,904 - mainlogger - INFO - Epoch 22  6.795212961733341
2024-05-20 21:19:18,905 - mainlogger - INFO - ********************************************************************************
2024-05-20 21:20:09,289 - mainlogger - INFO - Epoch 23  7.193095155060291
2024-05-20 21:20:09,289 - mainlogger - INFO - ********************************************************************************
2024-05-20 21:21:00,272 - mainlogger - INFO - Epoch 24  6.414834730327129
2024-05-20 21:21:00,273 - mainlogger - INFO - ********************************************************************************
2024-05-20 21:21:51,188 - mainlogger - INFO - Epoch 25  5.98907707631588
2024-05-20 21:21:51,189 - mainlogger - INFO - ********************************************************************************
2024-05-20 21:22:42,191 - mainlogger - INFO - Epoch 26  6.020884931087494
2024-05-20 21:22:42,192 - mainlogger - INFO - ********************************************************************************
2024-05-20 21:23:33,118 - mainlogger - INFO - Epoch 27  5.989254452288151
2024-05-20 21:23:33,119 - mainlogger - INFO - ********************************************************************************
2024-05-20 21:24:24,186 - mainlogger - INFO - Epoch 28  5.689914748072624
2024-05-20 21:24:24,186 - mainlogger - INFO - ********************************************************************************
2024-05-20 21:25:15,002 - mainlogger - INFO - Epoch 29  5.603074088692665
2024-05-20 21:25:15,002 - mainlogger - INFO - ********************************************************************************
2024-05-20 21:26:06,200 - mainlogger - INFO - Epoch 30  5.4476097747683525
2024-05-20 21:26:06,200 - mainlogger - INFO - ********************************************************************************
2024-05-20 21:26:57,285 - mainlogger - INFO - Epoch 31  5.52550432831049
2024-05-20 21:26:57,286 - mainlogger - INFO - train
2024-05-20 21:27:44,559 - mainlogger - INFO - Dice score: 0.6974
2024-05-20 21:27:44,559 - mainlogger - INFO - Accuracy: 0.9362
2024-05-20 21:27:44,559 - mainlogger - INFO - test
2024-05-20 21:28:00,522 - mainlogger - INFO - Dice score: 0.6457
2024-05-20 21:28:00,522 - mainlogger - INFO - Accuracy: 0.9394
2024-05-20 21:28:00,523 - mainlogger - INFO - ********************************************************************************
2024-05-20 21:28:51,407 - mainlogger - INFO - Epoch 32  5.261766545474529
2024-05-20 21:28:51,407 - mainlogger - INFO - ********************************************************************************
2024-05-20 21:29:42,421 - mainlogger - INFO - Epoch 33  5.5009149089455605
2024-05-20 21:29:42,422 - mainlogger - INFO - ********************************************************************************
2024-05-20 21:30:33,507 - mainlogger - INFO - Epoch 34  5.193929120898247
2024-05-20 21:30:33,507 - mainlogger - INFO - ********************************************************************************
2024-05-20 21:31:24,990 - mainlogger - INFO - Epoch 35  4.916512358933687
2024-05-20 21:31:24,990 - mainlogger - INFO - ********************************************************************************
2024-05-20 21:32:15,803 - mainlogger - INFO - Epoch 36  4.942319858819246
2024-05-20 21:32:15,803 - mainlogger - INFO - ********************************************************************************
2024-05-20 21:33:06,403 - mainlogger - INFO - Epoch 37  4.987373024225235
2024-05-20 21:33:06,404 - mainlogger - INFO - ********************************************************************************
2024-05-20 21:33:57,286 - mainlogger - INFO - Epoch 38  5.308119006454945
2024-05-20 21:33:57,286 - mainlogger - INFO - ********************************************************************************
2024-05-20 21:34:49,202 - mainlogger - INFO - Epoch 39  4.95051022619009
2024-05-20 21:34:49,203 - mainlogger - INFO - ********************************************************************************
2024-05-20 21:35:40,400 - mainlogger - INFO - valid
2024-05-20 21:35:57,078 - mainlogger - INFO - Dice score: 0.7113
2024-05-20 21:35:57,079 - mainlogger - INFO - Accuracy: 0.9421
2024-05-20 21:35:57,079 - mainlogger - INFO - Epoch 40  4.832712769508362
2024-05-20 21:35:57,079 - mainlogger - INFO - ********************************************************************************
2024-05-20 21:36:48,009 - mainlogger - INFO - valid
2024-05-20 21:37:03,898 - mainlogger - INFO - Dice score: 0.7251
2024-05-20 21:37:03,898 - mainlogger - INFO - Accuracy: 0.9461
2024-05-20 21:37:03,898 - mainlogger - INFO - Epoch 41  4.658998854458332
2024-05-20 21:37:03,898 - mainlogger - INFO - train
2024-05-20 21:37:51,836 - mainlogger - INFO - Dice score: 0.7139
2024-05-20 21:37:51,836 - mainlogger - INFO - Accuracy: 0.9355
2024-05-20 21:37:51,836 - mainlogger - INFO - test
2024-05-20 21:38:07,620 - mainlogger - INFO - Dice score: 0.6855
2024-05-20 21:38:07,620 - mainlogger - INFO - Accuracy: 0.9401
2024-05-20 21:38:07,620 - mainlogger - INFO - ********************************************************************************
2024-05-20 21:38:58,996 - mainlogger - INFO - valid
2024-05-20 21:39:15,000 - mainlogger - INFO - Dice score: 0.7012
2024-05-20 21:39:15,000 - mainlogger - INFO - Accuracy: 0.9384
2024-05-20 21:39:15,000 - mainlogger - INFO - Epoch 42  4.51919524371624
2024-05-20 21:39:15,000 - mainlogger - INFO - ********************************************************************************
2024-05-20 21:40:06,410 - mainlogger - INFO - valid
2024-05-20 21:40:22,199 - mainlogger - INFO - Dice score: 0.6582
2024-05-20 21:40:22,199 - mainlogger - INFO - Accuracy: 0.9429
2024-05-20 21:40:22,200 - mainlogger - INFO - Epoch 43  4.770064361393452
2024-05-20 21:40:22,200 - mainlogger - INFO - ********************************************************************************
2024-05-20 21:41:13,608 - mainlogger - INFO - valid
2024-05-20 21:41:29,497 - mainlogger - INFO - Dice score: 0.7053
2024-05-20 21:41:29,498 - mainlogger - INFO - Accuracy: 0.9502
2024-05-20 21:41:29,498 - mainlogger - INFO - Epoch 44  4.6999381966888905
2024-05-20 21:41:29,498 - mainlogger - INFO - ********************************************************************************
2024-05-20 21:42:21,002 - mainlogger - INFO - valid
2024-05-20 21:42:36,998 - mainlogger - INFO - Dice score: 0.6797
2024-05-20 21:42:36,998 - mainlogger - INFO - Accuracy: 0.9401
2024-05-20 21:42:36,999 - mainlogger - INFO - 0.001->0.00085
2024-05-20 21:42:36,999 - mainlogger - INFO - Epoch 45  4.539091743528843
2024-05-20 21:42:36,999 - mainlogger - INFO - ********************************************************************************
2024-05-20 21:43:29,409 - mainlogger - INFO - valid
2024-05-20 21:43:45,497 - mainlogger - INFO - Dice score: 0.7106
2024-05-20 21:43:45,498 - mainlogger - INFO - Accuracy: 0.9427
2024-05-20 21:43:45,498 - mainlogger - INFO - Epoch 46  4.415648255497217
2024-05-20 21:43:45,498 - mainlogger - INFO - ********************************************************************************
2024-05-20 21:44:37,681 - mainlogger - INFO - valid
2024-05-20 21:44:53,617 - mainlogger - INFO - Dice score: 0.7203
2024-05-20 21:44:53,618 - mainlogger - INFO - Accuracy: 0.9426
2024-05-20 21:44:53,618 - mainlogger - INFO - Epoch 47  4.323940854519606
2024-05-20 21:44:53,618 - mainlogger - INFO - ********************************************************************************
2024-05-20 21:45:45,398 - mainlogger - INFO - valid
2024-05-20 21:46:01,398 - mainlogger - INFO - Dice score: 0.7134
2024-05-20 21:46:01,399 - mainlogger - INFO - Accuracy: 0.9398
2024-05-20 21:46:01,399 - mainlogger - INFO - Epoch 48  4.185345351696014
2024-05-20 21:46:01,399 - mainlogger - INFO - ********************************************************************************
2024-05-20 21:46:53,193 - mainlogger - INFO - valid
2024-05-20 21:47:09,297 - mainlogger - INFO - Dice score: 0.7126
2024-05-20 21:47:09,297 - mainlogger - INFO - Accuracy: 0.9475
2024-05-20 21:47:09,298 - mainlogger - INFO - 0.00085->0.0007224999999999999
2024-05-20 21:47:09,298 - mainlogger - INFO - Epoch 49  4.490236811339855
2024-05-20 21:47:09,298 - mainlogger - INFO - ********************************************************************************
2024-05-20 21:48:00,834 - mainlogger - INFO - valid
2024-05-20 21:48:16,802 - mainlogger - INFO - Dice score: 0.7185
2024-05-20 21:48:16,802 - mainlogger - INFO - Accuracy: 0.9477
2024-05-20 21:48:16,802 - mainlogger - INFO - Epoch 50  3.988540217280388
2024-05-20 21:48:16,802 - mainlogger - INFO - ********************************************************************************
2024-05-20 21:49:08,508 - mainlogger - INFO - valid
2024-05-20 21:49:24,215 - mainlogger - INFO - Dice score: 0.7184
2024-05-20 21:49:24,215 - mainlogger - INFO - Accuracy: 0.9468
2024-05-20 21:49:24,215 - mainlogger - INFO - Epoch 51  4.059710115194321
2024-05-20 21:49:24,216 - mainlogger - INFO - train
2024-05-20 21:50:11,745 - mainlogger - INFO - Dice score: 0.7845
2024-05-20 21:50:11,745 - mainlogger - INFO - Accuracy: 0.9523
2024-05-20 21:50:11,745 - mainlogger - INFO - test
2024-05-20 21:50:27,632 - mainlogger - INFO - Dice score: 0.7252
2024-05-20 21:50:27,632 - mainlogger - INFO - Accuracy: 0.9504
2024-05-20 21:50:27,632 - mainlogger - INFO - ********************************************************************************
2024-05-20 21:51:20,307 - mainlogger - INFO - valid
2024-05-20 21:51:36,324 - mainlogger - INFO - Dice score: 0.7083
2024-05-20 21:51:36,325 - mainlogger - INFO - Accuracy: 0.9381
2024-05-20 21:51:36,325 - mainlogger - INFO - Epoch 52  3.7543623819947243
2024-05-20 21:51:36,325 - mainlogger - INFO - ********************************************************************************
2024-05-20 21:52:28,387 - mainlogger - INFO - valid
2024-05-20 21:52:43,899 - mainlogger - INFO - Dice score: 0.6937
2024-05-20 21:52:43,899 - mainlogger - INFO - Accuracy: 0.9445
2024-05-20 21:52:43,900 - mainlogger - INFO - 0.0007224999999999999->0.000614125
2024-05-20 21:52:43,900 - mainlogger - INFO - Epoch 53  3.974508870393038
2024-05-20 21:52:43,900 - mainlogger - INFO - ********************************************************************************
2024-05-20 21:53:35,600 - mainlogger - INFO - valid
2024-05-20 21:53:51,507 - mainlogger - INFO - Dice score: 0.7377
2024-05-20 21:53:51,508 - mainlogger - INFO - Accuracy: 0.9492
2024-05-20 21:53:51,508 - mainlogger - INFO - Epoch 54  3.8668669871985912
2024-05-20 21:53:51,508 - mainlogger - INFO - ********************************************************************************
2024-05-20 21:54:43,182 - mainlogger - INFO - valid
2024-05-20 21:54:59,199 - mainlogger - INFO - Dice score: 0.7197
2024-05-20 21:54:59,199 - mainlogger - INFO - Accuracy: 0.9435
2024-05-20 21:54:59,199 - mainlogger - INFO - Epoch 55  3.753050871193409
2024-05-20 21:54:59,199 - mainlogger - INFO - ********************************************************************************
2024-05-20 21:55:50,807 - mainlogger - INFO - valid
2024-05-20 21:56:06,802 - mainlogger - INFO - Dice score: 0.7305
2024-05-20 21:56:06,802 - mainlogger - INFO - Accuracy: 0.9472
2024-05-20 21:56:06,802 - mainlogger - INFO - Epoch 56  3.683718051761389
2024-05-20 21:56:06,802 - mainlogger - INFO - ********************************************************************************
2024-05-20 21:56:58,886 - mainlogger - INFO - valid
2024-05-20 21:57:14,916 - mainlogger - INFO - Dice score: 0.7334
2024-05-20 21:57:14,916 - mainlogger - INFO - Accuracy: 0.9471
2024-05-20 21:57:14,916 - mainlogger - INFO - Epoch 57  3.6318650133907795
2024-05-20 21:57:14,916 - mainlogger - INFO - ********************************************************************************
2024-05-20 21:58:06,416 - mainlogger - INFO - valid
2024-05-20 21:58:22,202 - mainlogger - INFO - Dice score: 0.7074
2024-05-20 21:58:22,202 - mainlogger - INFO - Accuracy: 0.9516
2024-05-20 21:58:22,203 - mainlogger - INFO - 0.000614125->0.00052200625
2024-05-20 21:58:22,203 - mainlogger - INFO - Epoch 58  3.785952813923359
2024-05-20 21:58:22,203 - mainlogger - INFO - ********************************************************************************
2024-05-20 21:59:13,596 - mainlogger - INFO - valid
2024-05-20 21:59:29,297 - mainlogger - INFO - Dice score: 0.7209
2024-05-20 21:59:29,297 - mainlogger - INFO - Accuracy: 0.9505
2024-05-20 21:59:29,297 - mainlogger - INFO - Epoch 59  3.8346072025597095
2024-05-20 21:59:29,297 - mainlogger - INFO - ********************************************************************************
2024-05-20 22:00:20,905 - mainlogger - INFO - valid
2024-05-20 22:00:36,598 - mainlogger - INFO - Dice score: 0.7182
2024-05-20 22:00:36,598 - mainlogger - INFO - Accuracy: 0.9477
2024-05-20 22:00:36,598 - mainlogger - INFO - Epoch 60  3.474823724478483
2024-05-20 22:00:36,598 - mainlogger - INFO - ********************************************************************************
2024-05-20 22:01:28,703 - mainlogger - INFO - valid
2024-05-20 22:01:44,798 - mainlogger - INFO - Dice score: 0.7181
2024-05-20 22:01:44,798 - mainlogger - INFO - Accuracy: 0.9425
2024-05-20 22:01:44,798 - mainlogger - INFO - Epoch 61  3.3568838983774185
2024-05-20 22:01:44,798 - mainlogger - INFO - train
2024-05-20 22:02:32,660 - mainlogger - INFO - Dice score: 0.8291
2024-05-20 22:02:32,661 - mainlogger - INFO - Accuracy: 0.959
2024-05-20 22:02:32,661 - mainlogger - INFO - test
2024-05-20 22:02:48,506 - mainlogger - INFO - Dice score: 0.7383
2024-05-20 22:02:48,506 - mainlogger - INFO - Accuracy: 0.9493
2024-05-20 22:02:48,506 - mainlogger - INFO - ********************************************************************************
2024-05-20 22:03:39,999 - mainlogger - INFO - valid
2024-05-20 22:03:56,000 - mainlogger - INFO - Dice score: 0.7052
2024-05-20 22:03:56,000 - mainlogger - INFO - Accuracy: 0.9468
2024-05-20 22:03:56,000 - mainlogger - INFO - 0.00052200625->0.00044370531249999997
2024-05-20 22:03:56,000 - mainlogger - INFO - Epoch 62  3.4974354468286037
2024-05-20 22:03:56,000 - mainlogger - INFO - ********************************************************************************
2024-05-20 22:04:46,606 - mainlogger - INFO - valid
2024-05-20 22:05:02,297 - mainlogger - INFO - Dice score: 0.7312
2024-05-20 22:05:02,297 - mainlogger - INFO - Accuracy: 0.9487
2024-05-20 22:05:02,297 - mainlogger - INFO - Epoch 63  3.3200739100575447
2024-05-20 22:05:02,297 - mainlogger - INFO - ********************************************************************************
2024-05-20 22:05:53,089 - mainlogger - INFO - valid
2024-05-20 22:06:09,122 - mainlogger - INFO - Dice score: 0.7026
2024-05-20 22:06:09,122 - mainlogger - INFO - Accuracy: 0.9397
2024-05-20 22:06:09,123 - mainlogger - INFO - Epoch 64  3.284556742757559
2024-05-20 22:06:09,123 - mainlogger - INFO - ********************************************************************************
2024-05-20 22:07:00,473 - mainlogger - INFO - valid
2024-05-20 22:07:16,107 - mainlogger - INFO - Dice score: 0.7213
2024-05-20 22:07:16,107 - mainlogger - INFO - Accuracy: 0.9489
2024-05-20 22:07:16,107 - mainlogger - INFO - Epoch 65  3.523563653230667
2024-05-20 22:07:16,107 - mainlogger - INFO - ********************************************************************************
2024-05-20 22:08:07,311 - mainlogger - INFO - valid
2024-05-20 22:08:23,209 - mainlogger - INFO - Dice score: 0.7356
2024-05-20 22:08:23,210 - mainlogger - INFO - Accuracy: 0.9487
2024-05-20 22:08:23,210 - mainlogger - INFO - 0.00044370531249999997->0.00037714951562499996
2024-05-20 22:08:23,210 - mainlogger - INFO - Epoch 66  3.352569181472063
2024-05-20 22:08:23,210 - mainlogger - INFO - ********************************************************************************
2024-05-20 22:09:14,722 - mainlogger - INFO - valid
2024-05-20 22:09:30,500 - mainlogger - INFO - Dice score: 0.7075
2024-05-20 22:09:30,500 - mainlogger - INFO - Accuracy: 0.9422
2024-05-20 22:09:30,501 - mainlogger - INFO - Epoch 67  3.124464649707079
2024-05-20 22:09:30,501 - mainlogger - INFO - ********************************************************************************
2024-05-20 22:10:22,120 - mainlogger - INFO - valid
2024-05-20 22:10:37,910 - mainlogger - INFO - Dice score: 0.7159
2024-05-20 22:10:37,910 - mainlogger - INFO - Accuracy: 0.9409
2024-05-20 22:10:37,910 - mainlogger - INFO - Epoch 68  3.0114743672311306
2024-05-20 22:10:37,910 - mainlogger - INFO - ********************************************************************************
2024-05-20 22:11:28,702 - mainlogger - INFO - valid
2024-05-20 22:11:44,413 - mainlogger - INFO - Dice score: 0.7304
2024-05-20 22:11:44,414 - mainlogger - INFO - Accuracy: 0.9469
2024-05-20 22:11:44,414 - mainlogger - INFO - Epoch 69  3.0520553179085255
2024-05-20 22:11:44,414 - mainlogger - INFO - ********************************************************************************
2024-05-20 22:12:35,497 - mainlogger - INFO - valid
2024-05-20 22:12:51,299 - mainlogger - INFO - Dice score: 0.711
2024-05-20 22:12:51,299 - mainlogger - INFO - Accuracy: 0.9431
2024-05-20 22:12:51,299 - mainlogger - INFO - 0.00037714951562499996->0.00032057708828124994
2024-05-20 22:12:51,299 - mainlogger - INFO - Epoch 70  3.0259495452046394
2024-05-20 22:12:51,300 - mainlogger - INFO - ********************************************************************************
2024-05-20 22:13:42,799 - mainlogger - INFO - valid
2024-05-20 22:13:58,614 - mainlogger - INFO - Dice score: 0.703
2024-05-20 22:13:58,614 - mainlogger - INFO - Accuracy: 0.9383
2024-05-20 22:13:58,614 - mainlogger - INFO - Epoch 71  2.8915340788662434
2024-05-20 22:13:58,614 - mainlogger - INFO - train
2024-05-20 22:14:45,635 - mainlogger - INFO - Dice score: 0.8397
2024-05-20 22:14:45,635 - mainlogger - INFO - Accuracy: 0.9618
2024-05-20 22:14:45,635 - mainlogger - INFO - test
2024-05-20 22:15:01,341 - mainlogger - INFO - Dice score: 0.7444
2024-05-20 22:15:01,341 - mainlogger - INFO - Accuracy: 0.9515
2024-05-20 22:15:01,341 - mainlogger - INFO - ********************************************************************************
2024-05-20 22:15:52,690 - mainlogger - INFO - valid
2024-05-20 22:16:08,489 - mainlogger - INFO - Dice score: 0.7415
2024-05-20 22:16:08,489 - mainlogger - INFO - Accuracy: 0.9481
2024-05-20 22:16:08,490 - mainlogger - INFO - Epoch 72  2.86255556717515
2024-05-20 22:16:08,490 - mainlogger - INFO - ********************************************************************************
2024-05-20 22:17:00,005 - mainlogger - INFO - valid
2024-05-20 22:17:15,699 - mainlogger - INFO - Dice score: 0.7248
2024-05-20 22:17:15,699 - mainlogger - INFO - Accuracy: 0.9449
2024-05-20 22:17:15,699 - mainlogger - INFO - Epoch 73  2.967471867799759
2024-05-20 22:17:15,699 - mainlogger - INFO - ********************************************************************************
2024-05-20 22:18:06,410 - mainlogger - INFO - valid
2024-05-20 22:18:22,201 - mainlogger - INFO - Dice score: 0.7027
2024-05-20 22:18:22,201 - mainlogger - INFO - Accuracy: 0.9336
2024-05-20 22:18:22,201 - mainlogger - INFO - Epoch 74  3.0854964293539524
2024-05-20 22:18:22,201 - mainlogger - INFO - ********************************************************************************
2024-05-20 22:19:13,497 - mainlogger - INFO - valid
2024-05-20 22:19:29,006 - mainlogger - INFO - Dice score: 0.7121
2024-05-20 22:19:29,007 - mainlogger - INFO - Accuracy: 0.9399
2024-05-20 22:19:29,007 - mainlogger - INFO - Epoch 75  2.9860367476940155
2024-05-20 22:19:29,007 - mainlogger - INFO - ********************************************************************************
2024-05-20 22:20:20,222 - mainlogger - INFO - valid
2024-05-20 22:20:35,898 - mainlogger - INFO - Dice score: 0.7437
2024-05-20 22:20:35,898 - mainlogger - INFO - Accuracy: 0.9504
2024-05-20 22:20:35,898 - mainlogger - INFO - Epoch 76  3.1177363246679306
2024-05-20 22:20:35,898 - mainlogger - INFO - ********************************************************************************
2024-05-20 22:21:27,212 - mainlogger - INFO - valid
2024-05-20 22:21:42,822 - mainlogger - INFO - Dice score: 0.7331
2024-05-20 22:21:42,823 - mainlogger - INFO - Accuracy: 0.9488
2024-05-20 22:21:42,823 - mainlogger - INFO - Epoch 77  3.0276056677103043
2024-05-20 22:21:42,823 - mainlogger - INFO - ********************************************************************************
2024-05-20 22:22:34,421 - mainlogger - INFO - valid
2024-05-20 22:22:50,028 - mainlogger - INFO - Dice score: 0.7252
2024-05-20 22:22:50,028 - mainlogger - INFO - Accuracy: 0.941
2024-05-20 22:22:50,029 - mainlogger - INFO - Epoch 78  2.858237709850073
2024-05-20 22:22:50,029 - mainlogger - INFO - ********************************************************************************
2024-05-20 22:23:42,013 - mainlogger - INFO - valid
2024-05-20 22:23:58,321 - mainlogger - INFO - Dice score: 0.7275
2024-05-20 22:23:58,322 - mainlogger - INFO - Accuracy: 0.9474
2024-05-20 22:23:58,322 - mainlogger - INFO - Epoch 79  3.155101142823696
2024-05-20 22:23:58,322 - mainlogger - INFO - ********************************************************************************
2024-05-20 22:24:51,803 - mainlogger - INFO - valid
2024-05-20 22:25:07,995 - mainlogger - INFO - Dice score: 0.7236
2024-05-20 22:25:07,996 - mainlogger - INFO - Accuracy: 0.9436
2024-05-20 22:25:07,996 - mainlogger - INFO - 0.00032057708828124994->0.0002724905250390624
2024-05-20 22:25:07,996 - mainlogger - INFO - Epoch 80  2.8330695144832134
2024-05-20 22:25:07,996 - mainlogger - INFO - ********************************************************************************
2024-05-20 22:26:01,089 - mainlogger - INFO - valid
2024-05-20 22:26:17,718 - mainlogger - INFO - Dice score: 0.7343
2024-05-20 22:26:17,718 - mainlogger - INFO - Accuracy: 0.9489
2024-05-20 22:26:17,719 - mainlogger - INFO - Epoch 81  2.633184215053916
2024-05-20 22:26:17,719 - mainlogger - INFO - train
2024-05-20 22:27:05,748 - mainlogger - INFO - Dice score: 0.8478
2024-05-20 22:27:05,749 - mainlogger - INFO - Accuracy: 0.9646
2024-05-20 22:27:05,749 - mainlogger - INFO - test
2024-05-20 22:27:22,440 - mainlogger - INFO - Dice score: 0.7248
2024-05-20 22:27:22,440 - mainlogger - INFO - Accuracy: 0.948
2024-05-20 22:27:22,440 - mainlogger - INFO - ********************************************************************************
2024-05-20 22:28:14,708 - mainlogger - INFO - valid
2024-05-20 22:28:30,715 - mainlogger - INFO - Dice score: 0.7221
2024-05-20 22:28:30,715 - mainlogger - INFO - Accuracy: 0.9436
2024-05-20 22:28:30,715 - mainlogger - INFO - Epoch 82  2.8438799306750298
2024-05-20 22:28:30,715 - mainlogger - INFO - ********************************************************************************
2024-05-20 22:29:23,798 - mainlogger - INFO - valid
2024-05-20 22:29:40,105 - mainlogger - INFO - Dice score: 0.7116
2024-05-20 22:29:40,105 - mainlogger - INFO - Accuracy: 0.9424
2024-05-20 22:29:40,105 - mainlogger - INFO - Epoch 83  2.7616821452975273
2024-05-20 22:29:40,105 - mainlogger - INFO - ********************************************************************************
2024-05-20 22:30:32,800 - mainlogger - INFO - valid
2024-05-20 22:30:48,900 - mainlogger - INFO - Dice score: 0.7193
2024-05-20 22:30:48,900 - mainlogger - INFO - Accuracy: 0.9451
2024-05-20 22:30:48,900 - mainlogger - INFO - 0.0002724905250390624->0.00023161694628320305
2024-05-20 22:30:48,900 - mainlogger - INFO - Epoch 84  2.5334495529532433
2024-05-20 22:30:48,900 - mainlogger - INFO - ********************************************************************************
2024-05-20 22:31:42,806 - mainlogger - INFO - valid
2024-05-20 22:31:59,401 - mainlogger - INFO - Dice score: 0.7295
2024-05-20 22:31:59,401 - mainlogger - INFO - Accuracy: 0.9444
2024-05-20 22:31:59,401 - mainlogger - INFO - Epoch 85  2.641360357403755
2024-05-20 22:31:59,401 - mainlogger - INFO - ********************************************************************************
2024-05-20 22:32:52,807 - mainlogger - INFO - valid
2024-05-20 22:33:09,103 - mainlogger - INFO - Dice score: 0.7171
2024-05-20 22:33:09,103 - mainlogger - INFO - Accuracy: 0.9446
2024-05-20 22:33:09,103 - mainlogger - INFO - Epoch 86  2.421270005404949
2024-05-20 22:33:09,103 - mainlogger - INFO - ********************************************************************************
2024-05-20 22:34:01,717 - mainlogger - INFO - valid
2024-05-20 22:34:18,309 - mainlogger - INFO - Dice score: 0.7296
2024-05-20 22:34:18,309 - mainlogger - INFO - Accuracy: 0.9446
2024-05-20 22:34:18,309 - mainlogger - INFO - Epoch 87  2.670521257445216
2024-05-20 22:34:18,309 - mainlogger - INFO - ********************************************************************************
2024-05-20 22:35:11,727 - mainlogger - INFO - valid
2024-05-20 22:35:28,113 - mainlogger - INFO - Dice score: 0.7219
2024-05-20 22:35:28,113 - mainlogger - INFO - Accuracy: 0.9433
2024-05-20 22:35:28,113 - mainlogger - INFO - 0.00023161694628320305->0.0001968744043407226
2024-05-20 22:35:28,114 - mainlogger - INFO - Epoch 88  2.828299131244421
2024-05-20 22:35:28,114 - mainlogger - INFO - ********************************************************************************
2024-05-20 22:36:20,295 - mainlogger - INFO - valid
2024-05-20 22:36:36,700 - mainlogger - INFO - Dice score: 0.7194
2024-05-20 22:36:36,700 - mainlogger - INFO - Accuracy: 0.9441
2024-05-20 22:36:36,700 - mainlogger - INFO - Epoch 89  2.5402533430606127
2024-05-20 22:36:36,700 - mainlogger - INFO - ********************************************************************************
2024-05-20 22:37:29,098 - mainlogger - INFO - valid
2024-05-20 22:37:45,503 - mainlogger - INFO - Dice score: 0.72
2024-05-20 22:37:45,503 - mainlogger - INFO - Accuracy: 0.9432
2024-05-20 22:37:45,503 - mainlogger - INFO - Epoch 90  2.3310372084379196
2024-05-20 22:37:45,503 - mainlogger - INFO - ********************************************************************************
2024-05-20 22:38:37,426 - mainlogger - INFO - valid
2024-05-20 22:38:53,516 - mainlogger - INFO - Dice score: 0.7349
2024-05-20 22:38:53,516 - mainlogger - INFO - Accuracy: 0.9477
2024-05-20 22:38:53,516 - mainlogger - INFO - Epoch 91  2.365609597414732
2024-05-20 22:38:53,516 - mainlogger - INFO - train
2024-05-20 22:39:41,485 - mainlogger - INFO - Dice score: 0.8826
2024-05-20 22:39:41,485 - mainlogger - INFO - Accuracy: 0.9721
2024-05-20 22:39:41,485 - mainlogger - INFO - test
2024-05-20 22:39:57,723 - mainlogger - INFO - Dice score: 0.744
2024-05-20 22:39:57,724 - mainlogger - INFO - Accuracy: 0.9521
2024-05-20 22:39:57,724 - mainlogger - INFO - ********************************************************************************
2024-05-20 22:40:50,889 - mainlogger - INFO - valid
2024-05-20 22:41:07,114 - mainlogger - INFO - Dice score: 0.721
2024-05-20 22:41:07,114 - mainlogger - INFO - Accuracy: 0.9437
2024-05-20 22:41:07,114 - mainlogger - INFO - 0.0001968744043407226->0.0001673432436896142
2024-05-20 22:41:07,114 - mainlogger - INFO - Epoch 92  2.422248223796487
2024-05-20 22:41:07,114 - mainlogger - INFO - ********************************************************************************
2024-05-20 22:41:59,820 - mainlogger - INFO - valid
2024-05-20 22:42:15,599 - mainlogger - INFO - Dice score: 0.7203
2024-05-20 22:42:15,600 - mainlogger - INFO - Accuracy: 0.9408
2024-05-20 22:42:15,600 - mainlogger - INFO - Epoch 93  2.538121035322547
2024-05-20 22:42:15,600 - mainlogger - INFO - ********************************************************************************
2024-05-20 22:43:07,516 - mainlogger - INFO - valid
2024-05-20 22:43:23,606 - mainlogger - INFO - Dice score: 0.7214
2024-05-20 22:43:23,606 - mainlogger - INFO - Accuracy: 0.9416
2024-05-20 22:43:23,607 - mainlogger - INFO - Epoch 94  2.5561727173626423
2024-05-20 22:43:23,607 - mainlogger - INFO - ********************************************************************************
2024-05-20 22:44:16,598 - mainlogger - INFO - valid
2024-05-20 22:44:32,708 - mainlogger - INFO - Dice score: 0.7364
2024-05-20 22:44:32,709 - mainlogger - INFO - Accuracy: 0.9467
2024-05-20 22:44:32,709 - mainlogger - INFO - Epoch 95  2.7230097763240337
2024-05-20 22:44:32,709 - mainlogger - INFO - ********************************************************************************
2024-05-20 22:45:25,870 - mainlogger - INFO - valid
2024-05-20 22:45:41,835 - mainlogger - INFO - Dice score: 0.7395
2024-05-20 22:45:41,835 - mainlogger - INFO - Accuracy: 0.9472
2024-05-20 22:45:41,835 - mainlogger - INFO - 0.0001673432436896142->0.00014224175713617207
2024-05-20 22:45:41,836 - mainlogger - INFO - Epoch 96  2.3475336618721485
2024-05-20 22:45:41,836 - mainlogger - INFO - ********************************************************************************
2024-05-20 22:46:35,398 - mainlogger - INFO - valid
2024-05-20 22:46:51,714 - mainlogger - INFO - Dice score: 0.731
2024-05-20 22:46:51,714 - mainlogger - INFO - Accuracy: 0.9468
2024-05-20 22:46:51,714 - mainlogger - INFO - Epoch 97  2.2907732129096985
2024-05-20 22:46:51,714 - mainlogger - INFO - ********************************************************************************
2024-05-20 22:47:44,110 - mainlogger - INFO - valid
2024-05-20 22:48:00,297 - mainlogger - INFO - Dice score: 0.7325
2024-05-20 22:48:00,297 - mainlogger - INFO - Accuracy: 0.9499
2024-05-20 22:48:00,297 - mainlogger - INFO - Epoch 98  2.4383363351225853
2024-05-20 22:48:00,297 - mainlogger - INFO - ********************************************************************************
2024-05-20 22:48:52,892 - mainlogger - INFO - valid
2024-05-20 22:49:09,112 - mainlogger - INFO - Dice score: 0.7409
2024-05-20 22:49:09,112 - mainlogger - INFO - Accuracy: 0.9476
2024-05-20 22:49:09,112 - mainlogger - INFO - Epoch 99  2.3811017349362373
2024-05-20 22:49:09,112 - mainlogger - INFO - train
2024-05-20 22:49:57,643 - mainlogger - INFO - Dice score: 0.8934
2024-05-20 22:49:57,643 - mainlogger - INFO - Accuracy: 0.9747
2024-05-20 22:49:57,643 - mainlogger - INFO - test
2024-05-20 22:50:14,040 - mainlogger - INFO - Dice score: 0.7524
2024-05-20 22:50:14,040 - mainlogger - INFO - Accuracy: 0.9526
2024-05-20 22:50:14,041 - mainlogger - INFO - ********************************************************************************
2024-05-20 22:50:14,041 - mainlogger - INFO - (95, 99)
2024-05-20 22:50:14,041 - mainlogger - INFO - 0.7360553295016252
