2024-05-21 00:07:45,525 - mainlogger - INFO - 16266
2024-05-21 00:07:45,525 - mainlogger - INFO - <class '__main__.Supervised'>
2024-05-21 00:07:45,525 - mainlogger - INFO - full/bigger/attnunet.yaml
2024-05-21 00:07:45,525 - mainlogger - INFO - {'desc': 'big attention-unet', 'batch_size': 8, 'epochs': 100, 'init': True, 'root_dir': '/Dataset_BUSI', 'model': {'name': 'unet.attention_unet.AttentionUNet', 'args': {'channels': [64, 128, 256, 512, 1024]}}, 'trainset': {'name': 'datasetBUSI.mask_busi_single.MaskBUSISingle', 'args': {'root_dir': '/Dataset_BUSI', 'image_names_path': 'labeled_all.txt', 'mode': 'train'}}, 'testset': {'name': 'datasetBUSI.mask_busi_single.MaskBUSISingle', 'args': {'root_dir': '/Dataset_BUSI', 'image_names_path': 'test.txt', 'mode': 'test'}}, 'validset': {'name': 'datasetBUSI.mask_busi_single.MaskBUSISingle', 'args': {'root_dir': '/Dataset_BUSI', 'image_names_path': 'val.txt', 'mode': 'test'}}, 'criterion': {'name': 'spgutils.focalloss.BinaryFocalLoss', 'args': {'gamma': 1}}, 'optimizer': {'name': 'torch.optim.Adam', 'args': {'lr': 0.001}}, 'scheduler': {'name': 'torch.optim.lr_scheduler.ReduceLROnPlateau', 'args': {'mode': 'max', 'factor': 0.85, 'patience': 3}}}
2024-05-21 00:07:45,525 - mainlogger - INFO - 28.107300758361816
2024-05-21 00:07:45,526 - mainlogger - INFO - init with relu
2024-05-21 00:08:12,478 - mainlogger - INFO - Epoch 0  19.247821144759655
2024-05-21 00:08:12,479 - mainlogger - INFO - ********************************************************************************
2024-05-21 00:08:33,892 - mainlogger - INFO - Epoch 1  10.366868987679482
2024-05-21 00:08:33,893 - mainlogger - INFO - train
2024-05-21 00:08:51,426 - mainlogger - INFO - Dice score: 0.0372
2024-05-21 00:08:51,427 - mainlogger - INFO - Accuracy: 0.8573
2024-05-21 00:08:51,427 - mainlogger - INFO - test
2024-05-21 00:08:58,507 - mainlogger - INFO - Dice score: 0.05199
2024-05-21 00:08:58,508 - mainlogger - INFO - Accuracy: 0.8896
2024-05-21 00:08:58,508 - mainlogger - INFO - ********************************************************************************
2024-05-21 00:09:19,983 - mainlogger - INFO - Epoch 2  10.20591814815998
2024-05-21 00:09:19,984 - mainlogger - INFO - ********************************************************************************
2024-05-21 00:09:41,394 - mainlogger - INFO - Epoch 3  9.905269831418991
2024-05-21 00:09:41,394 - mainlogger - INFO - ********************************************************************************
2024-05-21 00:10:02,770 - mainlogger - INFO - Epoch 4  10.685684576630592
2024-05-21 00:10:02,770 - mainlogger - INFO - ********************************************************************************
2024-05-21 00:10:24,096 - mainlogger - INFO - Epoch 5  9.388202257454395
2024-05-21 00:10:24,096 - mainlogger - INFO - ********************************************************************************
2024-05-21 00:10:45,495 - mainlogger - INFO - Epoch 6  8.704153768718243
2024-05-21 00:10:45,496 - mainlogger - INFO - ********************************************************************************
2024-05-21 00:11:07,074 - mainlogger - INFO - Epoch 7  8.540844433009624
2024-05-21 00:11:07,075 - mainlogger - INFO - ********************************************************************************
2024-05-21 00:11:28,769 - mainlogger - INFO - Epoch 8  8.34278141707182
2024-05-21 00:11:28,769 - mainlogger - INFO - ********************************************************************************
2024-05-21 00:11:50,270 - mainlogger - INFO - Epoch 9  7.469833076000214
2024-05-21 00:11:50,271 - mainlogger - INFO - ********************************************************************************
2024-05-21 00:12:11,783 - mainlogger - INFO - Epoch 10  7.592415854334831
2024-05-21 00:12:11,783 - mainlogger - INFO - ********************************************************************************
2024-05-21 00:12:32,898 - mainlogger - INFO - Epoch 11  6.9797150902450085
2024-05-21 00:12:32,899 - mainlogger - INFO - train
2024-05-21 00:12:50,458 - mainlogger - INFO - Dice score: 0.5599
2024-05-21 00:12:50,459 - mainlogger - INFO - Accuracy: 0.8919
2024-05-21 00:12:50,459 - mainlogger - INFO - test
2024-05-21 00:12:56,427 - mainlogger - INFO - Dice score: 0.5233
2024-05-21 00:12:56,427 - mainlogger - INFO - Accuracy: 0.8968
2024-05-21 00:12:56,427 - mainlogger - INFO - ********************************************************************************
2024-05-21 00:13:17,969 - mainlogger - INFO - Epoch 12  6.775796793401241
2024-05-21 00:13:17,970 - mainlogger - INFO - ********************************************************************************
2024-05-21 00:13:39,602 - mainlogger - INFO - Epoch 13  6.797783717513084
2024-05-21 00:13:39,602 - mainlogger - INFO - ********************************************************************************
2024-05-21 00:14:01,178 - mainlogger - INFO - Epoch 14  6.571452811360359
2024-05-21 00:14:01,178 - mainlogger - INFO - ********************************************************************************
2024-05-21 00:14:22,795 - mainlogger - INFO - Epoch 15  6.694467678666115
2024-05-21 00:14:22,795 - mainlogger - INFO - ********************************************************************************
2024-05-21 00:14:44,777 - mainlogger - INFO - Epoch 16  6.601097833365202
2024-05-21 00:14:44,777 - mainlogger - INFO - ********************************************************************************
2024-05-21 00:15:06,596 - mainlogger - INFO - Epoch 17  5.999184243381023
2024-05-21 00:15:06,596 - mainlogger - INFO - ********************************************************************************
2024-05-21 00:15:28,170 - mainlogger - INFO - Epoch 18  6.41472315043211
2024-05-21 00:15:28,171 - mainlogger - INFO - ********************************************************************************
2024-05-21 00:15:50,191 - mainlogger - INFO - Epoch 19  6.357959553599358
2024-05-21 00:15:50,191 - mainlogger - INFO - ********************************************************************************
2024-05-21 00:16:11,791 - mainlogger - INFO - Epoch 20  6.352127071470022
2024-05-21 00:16:11,791 - mainlogger - INFO - ********************************************************************************
2024-05-21 00:16:33,270 - mainlogger - INFO - Epoch 21  6.352144159376621
2024-05-21 00:16:33,270 - mainlogger - INFO - train
2024-05-21 00:16:51,238 - mainlogger - INFO - Dice score: 0.3947
2024-05-21 00:16:51,238 - mainlogger - INFO - Accuracy: 0.7506
2024-05-21 00:16:51,238 - mainlogger - INFO - test
2024-05-21 00:16:57,039 - mainlogger - INFO - Dice score: 0.3416
2024-05-21 00:16:57,040 - mainlogger - INFO - Accuracy: 0.7261
2024-05-21 00:16:57,040 - mainlogger - INFO - ********************************************************************************
2024-05-21 00:17:18,482 - mainlogger - INFO - Epoch 22  6.264895513653755
2024-05-21 00:17:18,482 - mainlogger - INFO - ********************************************************************************
2024-05-21 00:17:40,770 - mainlogger - INFO - Epoch 23  6.16851944476366
2024-05-21 00:17:40,771 - mainlogger - INFO - ********************************************************************************
2024-05-21 00:18:02,898 - mainlogger - INFO - Epoch 24  5.990722522139549
2024-05-21 00:18:02,899 - mainlogger - INFO - ********************************************************************************
2024-05-21 00:18:24,369 - mainlogger - INFO - Epoch 25  5.8726609870791435
2024-05-21 00:18:24,369 - mainlogger - INFO - ********************************************************************************
2024-05-21 00:18:45,883 - mainlogger - INFO - Epoch 26  6.00508863478899
2024-05-21 00:18:45,883 - mainlogger - INFO - ********************************************************************************
2024-05-21 00:19:07,682 - mainlogger - INFO - Epoch 27  5.997968472540379
2024-05-21 00:19:07,683 - mainlogger - INFO - ********************************************************************************
2024-05-21 00:19:29,298 - mainlogger - INFO - Epoch 28  5.853317830711603
2024-05-21 00:19:29,298 - mainlogger - INFO - ********************************************************************************
2024-05-21 00:19:51,370 - mainlogger - INFO - Epoch 29  6.064310155808926
2024-05-21 00:19:51,370 - mainlogger - INFO - ********************************************************************************
2024-05-21 00:20:13,572 - mainlogger - INFO - Epoch 30  5.75139631703496
2024-05-21 00:20:13,573 - mainlogger - INFO - ********************************************************************************
2024-05-21 00:20:36,096 - mainlogger - INFO - Epoch 31  6.03690081089735
2024-05-21 00:20:36,097 - mainlogger - INFO - train
2024-05-21 00:20:53,881 - mainlogger - INFO - Dice score: 0.4115
2024-05-21 00:20:53,881 - mainlogger - INFO - Accuracy: 0.7908
2024-05-21 00:20:53,881 - mainlogger - INFO - test
2024-05-21 00:21:00,027 - mainlogger - INFO - Dice score: 0.3393
2024-05-21 00:21:00,027 - mainlogger - INFO - Accuracy: 0.7263
2024-05-21 00:21:00,027 - mainlogger - INFO - ********************************************************************************
2024-05-21 00:21:22,197 - mainlogger - INFO - Epoch 32  5.729842953383923
2024-05-21 00:21:22,198 - mainlogger - INFO - ********************************************************************************
2024-05-21 00:21:43,899 - mainlogger - INFO - Epoch 33  5.759336847811937
2024-05-21 00:21:43,899 - mainlogger - INFO - ********************************************************************************
2024-05-21 00:22:05,986 - mainlogger - INFO - Epoch 34  5.969497758895159
2024-05-21 00:22:05,986 - mainlogger - INFO - ********************************************************************************
2024-05-21 00:22:28,080 - mainlogger - INFO - Epoch 35  5.931321449577808
2024-05-21 00:22:28,081 - mainlogger - INFO - ********************************************************************************
2024-05-21 00:22:50,391 - mainlogger - INFO - Epoch 36  5.597383935004473
2024-05-21 00:22:50,391 - mainlogger - INFO - ********************************************************************************
2024-05-21 00:23:12,674 - mainlogger - INFO - Epoch 37  5.44747069478035
2024-05-21 00:23:12,674 - mainlogger - INFO - ********************************************************************************
2024-05-21 00:23:34,377 - mainlogger - INFO - Epoch 38  5.685369648039341
2024-05-21 00:23:34,378 - mainlogger - INFO - ********************************************************************************
2024-05-21 00:23:56,500 - mainlogger - INFO - Epoch 39  5.353835679590702
2024-05-21 00:23:56,500 - mainlogger - INFO - ********************************************************************************
2024-05-21 00:24:18,470 - mainlogger - INFO - valid
2024-05-21 00:24:25,351 - mainlogger - INFO - Dice score: 0.591
2024-05-21 00:24:25,351 - mainlogger - INFO - Accuracy: 0.9002
2024-05-21 00:24:25,352 - mainlogger - INFO - Epoch 40  5.5286282338202
2024-05-21 00:24:25,352 - mainlogger - INFO - ********************************************************************************
2024-05-21 00:24:47,670 - mainlogger - INFO - valid
2024-05-21 00:24:53,870 - mainlogger - INFO - Dice score: 0.3883
2024-05-21 00:24:53,870 - mainlogger - INFO - Accuracy: 0.9236
2024-05-21 00:24:53,870 - mainlogger - INFO - Epoch 41  5.542885880917311
2024-05-21 00:24:53,870 - mainlogger - INFO - train
2024-05-21 00:25:11,546 - mainlogger - INFO - Dice score: 0.4007
2024-05-21 00:25:11,547 - mainlogger - INFO - Accuracy: 0.904
2024-05-21 00:25:11,547 - mainlogger - INFO - test
2024-05-21 00:25:17,529 - mainlogger - INFO - Dice score: 0.3241
2024-05-21 00:25:17,529 - mainlogger - INFO - Accuracy: 0.9164
2024-05-21 00:25:17,529 - mainlogger - INFO - ********************************************************************************
2024-05-21 00:25:39,687 - mainlogger - INFO - valid
2024-05-21 00:25:45,641 - mainlogger - INFO - Dice score: 0.6634
2024-05-21 00:25:45,642 - mainlogger - INFO - Accuracy: 0.9339
2024-05-21 00:25:45,642 - mainlogger - INFO - Epoch 42  5.458637326955795
2024-05-21 00:25:45,642 - mainlogger - INFO - ********************************************************************************
2024-05-21 00:26:07,670 - mainlogger - INFO - valid
2024-05-21 00:26:13,599 - mainlogger - INFO - Dice score: 0.5465
2024-05-21 00:26:13,599 - mainlogger - INFO - Accuracy: 0.8831
2024-05-21 00:26:13,599 - mainlogger - INFO - Epoch 43  5.224958717823029
2024-05-21 00:26:13,599 - mainlogger - INFO - ********************************************************************************
2024-05-21 00:26:35,770 - mainlogger - INFO - valid
2024-05-21 00:26:41,907 - mainlogger - INFO - Dice score: 0.6306
2024-05-21 00:26:41,907 - mainlogger - INFO - Accuracy: 0.9317
2024-05-21 00:26:41,907 - mainlogger - INFO - Epoch 44  5.144441045820713
2024-05-21 00:26:41,907 - mainlogger - INFO - ********************************************************************************
2024-05-21 00:27:03,887 - mainlogger - INFO - valid
2024-05-21 00:27:10,000 - mainlogger - INFO - Dice score: 0.6242
2024-05-21 00:27:10,000 - mainlogger - INFO - Accuracy: 0.9137
2024-05-21 00:27:10,000 - mainlogger - INFO - Epoch 45  5.488692354410887
2024-05-21 00:27:10,000 - mainlogger - INFO - ********************************************************************************
2024-05-21 00:27:31,496 - mainlogger - INFO - valid
2024-05-21 00:27:37,417 - mainlogger - INFO - Dice score: 0.5617
2024-05-21 00:27:37,417 - mainlogger - INFO - Accuracy: 0.9369
2024-05-21 00:27:37,417 - mainlogger - INFO - 0.001->0.00085
2024-05-21 00:27:37,417 - mainlogger - INFO - Epoch 46  5.215466175228357
2024-05-21 00:27:37,417 - mainlogger - INFO - ********************************************************************************
2024-05-21 00:27:59,288 - mainlogger - INFO - valid
2024-05-21 00:28:05,174 - mainlogger - INFO - Dice score: 0.6703
2024-05-21 00:28:05,175 - mainlogger - INFO - Accuracy: 0.9426
2024-05-21 00:28:05,175 - mainlogger - INFO - Epoch 47  4.846204213798046
2024-05-21 00:28:05,175 - mainlogger - INFO - ********************************************************************************
2024-05-21 00:28:27,477 - mainlogger - INFO - valid
2024-05-21 00:28:33,624 - mainlogger - INFO - Dice score: 0.6097
2024-05-21 00:28:33,625 - mainlogger - INFO - Accuracy: 0.9389
2024-05-21 00:28:33,625 - mainlogger - INFO - Epoch 48  5.025689676403999
2024-05-21 00:28:33,625 - mainlogger - INFO - ********************************************************************************
2024-05-21 00:28:55,586 - mainlogger - INFO - valid
2024-05-21 00:29:01,609 - mainlogger - INFO - Dice score: 0.6682
2024-05-21 00:29:01,609 - mainlogger - INFO - Accuracy: 0.9355
2024-05-21 00:29:01,609 - mainlogger - INFO - Epoch 49  5.057479567825794
2024-05-21 00:29:01,609 - mainlogger - INFO - ********************************************************************************
2024-05-21 00:29:23,370 - mainlogger - INFO - valid
2024-05-21 00:29:29,514 - mainlogger - INFO - Dice score: 0.6313
2024-05-21 00:29:29,514 - mainlogger - INFO - Accuracy: 0.9188
2024-05-21 00:29:29,514 - mainlogger - INFO - Epoch 50  5.106402277946472
2024-05-21 00:29:29,514 - mainlogger - INFO - ********************************************************************************
2024-05-21 00:29:51,570 - mainlogger - INFO - valid
2024-05-21 00:29:57,613 - mainlogger - INFO - Dice score: 0.6776
2024-05-21 00:29:57,613 - mainlogger - INFO - Accuracy: 0.9365
2024-05-21 00:29:57,613 - mainlogger - INFO - Epoch 51  5.035730097442865
2024-05-21 00:29:57,613 - mainlogger - INFO - train
2024-05-21 00:30:15,323 - mainlogger - INFO - Dice score: 0.6844
2024-05-21 00:30:15,323 - mainlogger - INFO - Accuracy: 0.9304
2024-05-21 00:30:15,323 - mainlogger - INFO - test
2024-05-21 00:30:21,340 - mainlogger - INFO - Dice score: 0.6525
2024-05-21 00:30:21,341 - mainlogger - INFO - Accuracy: 0.9345
2024-05-21 00:30:21,341 - mainlogger - INFO - ********************************************************************************
2024-05-21 00:30:43,685 - mainlogger - INFO - valid
2024-05-21 00:30:49,648 - mainlogger - INFO - Dice score: 0.6465
2024-05-21 00:30:49,648 - mainlogger - INFO - Accuracy: 0.9434
2024-05-21 00:30:49,648 - mainlogger - INFO - Epoch 52  4.613850403577089
2024-05-21 00:30:49,648 - mainlogger - INFO - ********************************************************************************
2024-05-21 00:31:11,698 - mainlogger - INFO - valid
2024-05-21 00:31:17,825 - mainlogger - INFO - Dice score: 0.611
2024-05-21 00:31:17,825 - mainlogger - INFO - Accuracy: 0.9381
2024-05-21 00:31:17,825 - mainlogger - INFO - Epoch 53  5.013136889785528
2024-05-21 00:31:17,825 - mainlogger - INFO - ********************************************************************************
2024-05-21 00:31:39,991 - mainlogger - INFO - valid
2024-05-21 00:31:46,035 - mainlogger - INFO - Dice score: 0.6907
2024-05-21 00:31:46,035 - mainlogger - INFO - Accuracy: 0.942
2024-05-21 00:31:46,035 - mainlogger - INFO - Epoch 54  5.015766091644764
2024-05-21 00:31:46,035 - mainlogger - INFO - ********************************************************************************
2024-05-21 00:32:07,969 - mainlogger - INFO - valid
2024-05-21 00:32:14,014 - mainlogger - INFO - Dice score: 0.6713
2024-05-21 00:32:14,015 - mainlogger - INFO - Accuracy: 0.9405
2024-05-21 00:32:14,015 - mainlogger - INFO - Epoch 55  4.708319637924433
2024-05-21 00:32:14,015 - mainlogger - INFO - ********************************************************************************
2024-05-21 00:32:35,988 - mainlogger - INFO - valid
2024-05-21 00:32:42,014 - mainlogger - INFO - Dice score: 0.6652
2024-05-21 00:32:42,015 - mainlogger - INFO - Accuracy: 0.9341
2024-05-21 00:32:42,015 - mainlogger - INFO - Epoch 56  4.750370219349861
2024-05-21 00:32:42,015 - mainlogger - INFO - ********************************************************************************
2024-05-21 00:33:03,697 - mainlogger - INFO - valid
2024-05-21 00:33:09,656 - mainlogger - INFO - Dice score: 0.6471
2024-05-21 00:33:09,657 - mainlogger - INFO - Accuracy: 0.9436
2024-05-21 00:33:09,657 - mainlogger - INFO - Epoch 57  4.724313855171204
2024-05-21 00:33:09,657 - mainlogger - INFO - ********************************************************************************
2024-05-21 00:33:31,785 - mainlogger - INFO - valid
2024-05-21 00:33:37,606 - mainlogger - INFO - Dice score: 0.6995
2024-05-21 00:33:37,606 - mainlogger - INFO - Accuracy: 0.9457
2024-05-21 00:33:37,606 - mainlogger - INFO - Epoch 58  4.559728566557169
2024-05-21 00:33:37,606 - mainlogger - INFO - ********************************************************************************
2024-05-21 00:33:59,808 - mainlogger - INFO - valid
2024-05-21 00:34:05,801 - mainlogger - INFO - Dice score: 0.518
2024-05-21 00:34:05,801 - mainlogger - INFO - Accuracy: 0.9297
2024-05-21 00:34:05,801 - mainlogger - INFO - Epoch 59  4.6345116049051285
2024-05-21 00:34:05,801 - mainlogger - INFO - ********************************************************************************
2024-05-21 00:34:27,770 - mainlogger - INFO - valid
2024-05-21 00:34:33,658 - mainlogger - INFO - Dice score: 0.6155
2024-05-21 00:34:33,658 - mainlogger - INFO - Accuracy: 0.9366
2024-05-21 00:34:33,658 - mainlogger - INFO - Epoch 60  4.946518588811159
2024-05-21 00:34:33,658 - mainlogger - INFO - ********************************************************************************
2024-05-21 00:34:55,494 - mainlogger - INFO - valid
2024-05-21 00:35:01,302 - mainlogger - INFO - Dice score: 0.6465
2024-05-21 00:35:01,302 - mainlogger - INFO - Accuracy: 0.9303
2024-05-21 00:35:01,302 - mainlogger - INFO - Epoch 61  4.9556393548846245
2024-05-21 00:35:01,302 - mainlogger - INFO - train
2024-05-21 00:35:19,259 - mainlogger - INFO - Dice score: 0.6821
2024-05-21 00:35:19,260 - mainlogger - INFO - Accuracy: 0.9275
2024-05-21 00:35:19,260 - mainlogger - INFO - test
2024-05-21 00:35:25,029 - mainlogger - INFO - Dice score: 0.6255
2024-05-21 00:35:25,029 - mainlogger - INFO - Accuracy: 0.928
2024-05-21 00:35:25,029 - mainlogger - INFO - ********************************************************************************
2024-05-21 00:35:46,866 - mainlogger - INFO - valid
2024-05-21 00:35:52,901 - mainlogger - INFO - Dice score: 0.6809
2024-05-21 00:35:52,901 - mainlogger - INFO - Accuracy: 0.9351
2024-05-21 00:35:52,901 - mainlogger - INFO - 0.00085->0.0007224999999999999
2024-05-21 00:35:52,901 - mainlogger - INFO - Epoch 62  4.694967575371265
2024-05-21 00:35:52,901 - mainlogger - INFO - ********************************************************************************
2024-05-21 00:36:14,783 - mainlogger - INFO - valid
2024-05-21 00:36:20,812 - mainlogger - INFO - Dice score: 0.6774
2024-05-21 00:36:20,813 - mainlogger - INFO - Accuracy: 0.9446
2024-05-21 00:36:20,813 - mainlogger - INFO - Epoch 63  4.728881224989891
2024-05-21 00:36:20,813 - mainlogger - INFO - ********************************************************************************
2024-05-21 00:36:42,901 - mainlogger - INFO - valid
2024-05-21 00:36:48,802 - mainlogger - INFO - Dice score: 0.6624
2024-05-21 00:36:48,803 - mainlogger - INFO - Accuracy: 0.9376
2024-05-21 00:36:48,803 - mainlogger - INFO - Epoch 64  4.66103982925415
2024-05-21 00:36:48,803 - mainlogger - INFO - ********************************************************************************
2024-05-21 00:37:10,297 - mainlogger - INFO - valid
2024-05-21 00:37:16,203 - mainlogger - INFO - Dice score: 0.6694
2024-05-21 00:37:16,203 - mainlogger - INFO - Accuracy: 0.9252
2024-05-21 00:37:16,203 - mainlogger - INFO - Epoch 65  4.353057440370321
2024-05-21 00:37:16,203 - mainlogger - INFO - ********************************************************************************
2024-05-21 00:37:37,186 - mainlogger - INFO - valid
2024-05-21 00:37:43,199 - mainlogger - INFO - Dice score: 0.7103
2024-05-21 00:37:43,200 - mainlogger - INFO - Accuracy: 0.9427
2024-05-21 00:37:43,200 - mainlogger - INFO - Epoch 66  4.489528845995665
2024-05-21 00:37:43,200 - mainlogger - INFO - ********************************************************************************
2024-05-21 00:38:05,286 - mainlogger - INFO - valid
2024-05-21 00:38:11,239 - mainlogger - INFO - Dice score: 0.6922
2024-05-21 00:38:11,239 - mainlogger - INFO - Accuracy: 0.942
2024-05-21 00:38:11,239 - mainlogger - INFO - Epoch 67  4.497533358633518
2024-05-21 00:38:11,239 - mainlogger - INFO - ********************************************************************************
2024-05-21 00:38:32,984 - mainlogger - INFO - valid
2024-05-21 00:38:38,906 - mainlogger - INFO - Dice score: 0.6458
2024-05-21 00:38:38,906 - mainlogger - INFO - Accuracy: 0.9448
2024-05-21 00:38:38,906 - mainlogger - INFO - Epoch 68  4.523883815854788
2024-05-21 00:38:38,906 - mainlogger - INFO - ********************************************************************************
2024-05-21 00:39:00,677 - mainlogger - INFO - valid
2024-05-21 00:39:06,601 - mainlogger - INFO - Dice score: 0.6722
2024-05-21 00:39:06,601 - mainlogger - INFO - Accuracy: 0.9396
2024-05-21 00:39:06,601 - mainlogger - INFO - Epoch 69  4.508401814848185
2024-05-21 00:39:06,601 - mainlogger - INFO - ********************************************************************************
2024-05-21 00:39:28,174 - mainlogger - INFO - valid
2024-05-21 00:39:34,223 - mainlogger - INFO - Dice score: 0.6068
2024-05-21 00:39:34,223 - mainlogger - INFO - Accuracy: 0.9279
2024-05-21 00:39:34,223 - mainlogger - INFO - 0.0007224999999999999->0.000614125
2024-05-21 00:39:34,223 - mainlogger - INFO - Epoch 70  4.496058896183968
2024-05-21 00:39:34,223 - mainlogger - INFO - ********************************************************************************
2024-05-21 00:39:55,804 - mainlogger - INFO - valid
2024-05-21 00:40:01,920 - mainlogger - INFO - Dice score: 0.7021
2024-05-21 00:40:01,920 - mainlogger - INFO - Accuracy: 0.9463
2024-05-21 00:40:01,920 - mainlogger - INFO - Epoch 71  4.413828060030937
2024-05-21 00:40:01,920 - mainlogger - INFO - train
2024-05-21 00:40:19,622 - mainlogger - INFO - Dice score: 0.7215
2024-05-21 00:40:19,622 - mainlogger - INFO - Accuracy: 0.9385
2024-05-21 00:40:19,622 - mainlogger - INFO - test
2024-05-21 00:40:25,721 - mainlogger - INFO - Dice score: 0.6663
2024-05-21 00:40:25,721 - mainlogger - INFO - Accuracy: 0.9429
2024-05-21 00:40:25,721 - mainlogger - INFO - ********************************************************************************
2024-05-21 00:40:47,195 - mainlogger - INFO - valid
2024-05-21 00:40:53,057 - mainlogger - INFO - Dice score: 0.6698
2024-05-21 00:40:53,057 - mainlogger - INFO - Accuracy: 0.936
2024-05-21 00:40:53,057 - mainlogger - INFO - Epoch 72  4.464338310062885
2024-05-21 00:40:53,058 - mainlogger - INFO - ********************************************************************************
2024-05-21 00:41:14,698 - mainlogger - INFO - valid
2024-05-21 00:41:20,765 - mainlogger - INFO - Dice score: 0.6891
2024-05-21 00:41:20,765 - mainlogger - INFO - Accuracy: 0.9419
2024-05-21 00:41:20,765 - mainlogger - INFO - Epoch 73  4.334207443520427
2024-05-21 00:41:20,765 - mainlogger - INFO - ********************************************************************************
2024-05-21 00:41:41,979 - mainlogger - INFO - valid
2024-05-21 00:41:48,104 - mainlogger - INFO - Dice score: 0.6437
2024-05-21 00:41:48,104 - mainlogger - INFO - Accuracy: 0.9144
2024-05-21 00:41:48,104 - mainlogger - INFO - 0.000614125->0.00052200625
2024-05-21 00:41:48,105 - mainlogger - INFO - Epoch 74  4.331256229430437
2024-05-21 00:41:48,105 - mainlogger - INFO - ********************************************************************************
2024-05-21 00:42:10,295 - mainlogger - INFO - valid
2024-05-21 00:42:16,332 - mainlogger - INFO - Dice score: 0.6656
2024-05-21 00:42:16,332 - mainlogger - INFO - Accuracy: 0.9465
2024-05-21 00:42:16,332 - mainlogger - INFO - Epoch 75  4.438249826431274
2024-05-21 00:42:16,332 - mainlogger - INFO - ********************************************************************************
2024-05-21 00:42:38,294 - mainlogger - INFO - valid
2024-05-21 00:42:44,303 - mainlogger - INFO - Dice score: 0.675
2024-05-21 00:42:44,303 - mainlogger - INFO - Accuracy: 0.9327
2024-05-21 00:42:44,303 - mainlogger - INFO - Epoch 76  4.259711038321257
2024-05-21 00:42:44,303 - mainlogger - INFO - ********************************************************************************
2024-05-21 00:43:06,191 - mainlogger - INFO - valid
2024-05-21 00:43:12,116 - mainlogger - INFO - Dice score: 0.6941
2024-05-21 00:43:12,116 - mainlogger - INFO - Accuracy: 0.9431
2024-05-21 00:43:12,117 - mainlogger - INFO - Epoch 77  4.209110885858536
2024-05-21 00:43:12,117 - mainlogger - INFO - ********************************************************************************
2024-05-21 00:43:33,387 - mainlogger - INFO - valid
2024-05-21 00:43:39,345 - mainlogger - INFO - Dice score: 0.6914
2024-05-21 00:43:39,345 - mainlogger - INFO - Accuracy: 0.9435
2024-05-21 00:43:39,345 - mainlogger - INFO - 0.00052200625->0.00044370531249999997
2024-05-21 00:43:39,345 - mainlogger - INFO - Epoch 78  4.549925167113543
2024-05-21 00:43:39,346 - mainlogger - INFO - ********************************************************************************
2024-05-21 00:44:01,295 - mainlogger - INFO - valid
2024-05-21 00:44:07,209 - mainlogger - INFO - Dice score: 0.6658
2024-05-21 00:44:07,209 - mainlogger - INFO - Accuracy: 0.9451
2024-05-21 00:44:07,209 - mainlogger - INFO - Epoch 79  4.031830307096243
2024-05-21 00:44:07,209 - mainlogger - INFO - ********************************************************************************
2024-05-21 00:44:29,089 - mainlogger - INFO - valid
2024-05-21 00:44:34,952 - mainlogger - INFO - Dice score: 0.7023
2024-05-21 00:44:34,952 - mainlogger - INFO - Accuracy: 0.9484
2024-05-21 00:44:34,953 - mainlogger - INFO - Epoch 80  4.28437577188015
2024-05-21 00:44:34,953 - mainlogger - INFO - ********************************************************************************
2024-05-21 00:44:56,690 - mainlogger - INFO - valid
2024-05-21 00:45:02,693 - mainlogger - INFO - Dice score: 0.7235
2024-05-21 00:45:02,694 - mainlogger - INFO - Accuracy: 0.9518
2024-05-21 00:45:02,694 - mainlogger - INFO - Epoch 81  4.196680897846818
2024-05-21 00:45:02,694 - mainlogger - INFO - train
2024-05-21 00:45:20,846 - mainlogger - INFO - Dice score: 0.7597
2024-05-21 00:45:20,846 - mainlogger - INFO - Accuracy: 0.9478
2024-05-21 00:45:20,846 - mainlogger - INFO - test
2024-05-21 00:45:26,839 - mainlogger - INFO - Dice score: 0.6864
2024-05-21 00:45:26,840 - mainlogger - INFO - Accuracy: 0.9472
2024-05-21 00:45:26,840 - mainlogger - INFO - ********************************************************************************
2024-05-21 00:45:48,273 - mainlogger - INFO - valid
2024-05-21 00:45:54,327 - mainlogger - INFO - Dice score: 0.6426
2024-05-21 00:45:54,327 - mainlogger - INFO - Accuracy: 0.9161
2024-05-21 00:45:54,327 - mainlogger - INFO - Epoch 82  3.9760528951883316
2024-05-21 00:45:54,327 - mainlogger - INFO - ********************************************************************************
2024-05-21 00:46:16,289 - mainlogger - INFO - valid
2024-05-21 00:46:22,503 - mainlogger - INFO - Dice score: 0.701
2024-05-21 00:46:22,503 - mainlogger - INFO - Accuracy: 0.9491
2024-05-21 00:46:22,504 - mainlogger - INFO - Epoch 83  4.274240378290415
2024-05-21 00:46:22,504 - mainlogger - INFO - ********************************************************************************
2024-05-21 00:46:44,394 - mainlogger - INFO - valid
2024-05-21 00:46:50,348 - mainlogger - INFO - Dice score: 0.7188
2024-05-21 00:46:50,348 - mainlogger - INFO - Accuracy: 0.9464
2024-05-21 00:46:50,348 - mainlogger - INFO - Epoch 84  4.302821192890406
2024-05-21 00:46:50,348 - mainlogger - INFO - ********************************************************************************
2024-05-21 00:47:11,988 - mainlogger - INFO - valid
2024-05-21 00:47:18,044 - mainlogger - INFO - Dice score: 0.7036
2024-05-21 00:47:18,044 - mainlogger - INFO - Accuracy: 0.9438
2024-05-21 00:47:18,044 - mainlogger - INFO - 0.00044370531249999997->0.00037714951562499996
2024-05-21 00:47:18,044 - mainlogger - INFO - Epoch 85  4.073084071278572
2024-05-21 00:47:18,044 - mainlogger - INFO - ********************************************************************************
2024-05-21 00:47:39,840 - mainlogger - INFO - valid
2024-05-21 00:47:45,830 - mainlogger - INFO - Dice score: 0.6502
2024-05-21 00:47:45,830 - mainlogger - INFO - Accuracy: 0.9461
2024-05-21 00:47:45,830 - mainlogger - INFO - Epoch 86  4.129184991121292
2024-05-21 00:47:45,830 - mainlogger - INFO - ********************************************************************************
2024-05-21 00:48:07,987 - mainlogger - INFO - valid
2024-05-21 00:48:13,822 - mainlogger - INFO - Dice score: 0.7184
2024-05-21 00:48:13,822 - mainlogger - INFO - Accuracy: 0.9448
2024-05-21 00:48:13,822 - mainlogger - INFO - Epoch 87  3.8286440297961235
2024-05-21 00:48:13,822 - mainlogger - INFO - ********************************************************************************
2024-05-21 00:48:35,892 - mainlogger - INFO - valid
2024-05-21 00:48:41,907 - mainlogger - INFO - Dice score: 0.6675
2024-05-21 00:48:41,907 - mainlogger - INFO - Accuracy: 0.944
2024-05-21 00:48:41,908 - mainlogger - INFO - Epoch 88  3.9806341230869293
2024-05-21 00:48:41,908 - mainlogger - INFO - ********************************************************************************
2024-05-21 00:49:04,098 - mainlogger - INFO - valid
2024-05-21 00:49:10,117 - mainlogger - INFO - Dice score: 0.7122
2024-05-21 00:49:10,117 - mainlogger - INFO - Accuracy: 0.9467
2024-05-21 00:49:10,117 - mainlogger - INFO - 0.00037714951562499996->0.00032057708828124994
2024-05-21 00:49:10,118 - mainlogger - INFO - Epoch 89  3.8557681515812874
2024-05-21 00:49:10,118 - mainlogger - INFO - ********************************************************************************
2024-05-21 00:49:31,500 - mainlogger - INFO - valid
2024-05-21 00:49:37,345 - mainlogger - INFO - Dice score: 0.7064
2024-05-21 00:49:37,345 - mainlogger - INFO - Accuracy: 0.9372
2024-05-21 00:49:37,346 - mainlogger - INFO - Epoch 90  3.862218212336302
2024-05-21 00:49:37,346 - mainlogger - INFO - ********************************************************************************
2024-05-21 00:49:59,189 - mainlogger - INFO - valid
2024-05-21 00:50:05,203 - mainlogger - INFO - Dice score: 0.658
2024-05-21 00:50:05,203 - mainlogger - INFO - Accuracy: 0.9466
2024-05-21 00:50:05,203 - mainlogger - INFO - Epoch 91  3.8903176188468933
2024-05-21 00:50:05,203 - mainlogger - INFO - train
2024-05-21 00:50:22,740 - mainlogger - INFO - Dice score: 0.6986
2024-05-21 00:50:22,740 - mainlogger - INFO - Accuracy: 0.9395
2024-05-21 00:50:22,740 - mainlogger - INFO - test
2024-05-21 00:50:28,752 - mainlogger - INFO - Dice score: 0.6095
2024-05-21 00:50:28,752 - mainlogger - INFO - Accuracy: 0.9403
2024-05-21 00:50:28,752 - mainlogger - INFO - ********************************************************************************
2024-05-21 00:50:50,508 - mainlogger - INFO - valid
2024-05-21 00:50:56,296 - mainlogger - INFO - Dice score: 0.7059
2024-05-21 00:50:56,296 - mainlogger - INFO - Accuracy: 0.9504
2024-05-21 00:50:56,296 - mainlogger - INFO - Epoch 92  3.745334215462208
2024-05-21 00:50:56,296 - mainlogger - INFO - ********************************************************************************
2024-05-21 00:51:18,372 - mainlogger - INFO - valid
2024-05-21 00:51:24,346 - mainlogger - INFO - Dice score: 0.7089
2024-05-21 00:51:24,346 - mainlogger - INFO - Accuracy: 0.9459
2024-05-21 00:51:24,346 - mainlogger - INFO - 0.00032057708828124994->0.0002724905250390624
2024-05-21 00:51:24,346 - mainlogger - INFO - Epoch 93  3.7714816369116306
2024-05-21 00:51:24,346 - mainlogger - INFO - ********************************************************************************
2024-05-21 00:51:46,394 - mainlogger - INFO - valid
2024-05-21 00:51:52,330 - mainlogger - INFO - Dice score: 0.7272
2024-05-21 00:51:52,330 - mainlogger - INFO - Accuracy: 0.9487
2024-05-21 00:51:52,330 - mainlogger - INFO - Epoch 94  3.4723594188690186
2024-05-21 00:51:52,330 - mainlogger - INFO - ********************************************************************************
2024-05-21 00:52:14,181 - mainlogger - INFO - valid
2024-05-21 00:52:20,188 - mainlogger - INFO - Dice score: 0.7159
2024-05-21 00:52:20,188 - mainlogger - INFO - Accuracy: 0.9417
2024-05-21 00:52:20,188 - mainlogger - INFO - Epoch 95  3.6959147565066814
2024-05-21 00:52:20,188 - mainlogger - INFO - ********************************************************************************
2024-05-21 00:52:42,290 - mainlogger - INFO - valid
2024-05-21 00:52:48,115 - mainlogger - INFO - Dice score: 0.7098
2024-05-21 00:52:48,115 - mainlogger - INFO - Accuracy: 0.9384
2024-05-21 00:52:48,116 - mainlogger - INFO - Epoch 96  3.57782930880785
2024-05-21 00:52:48,116 - mainlogger - INFO - ********************************************************************************
2024-05-21 00:53:09,896 - mainlogger - INFO - valid
2024-05-21 00:53:15,606 - mainlogger - INFO - Dice score: 0.7147
2024-05-21 00:53:15,606 - mainlogger - INFO - Accuracy: 0.9425
2024-05-21 00:53:15,606 - mainlogger - INFO - Epoch 97  3.6307153459638357
2024-05-21 00:53:15,607 - mainlogger - INFO - ********************************************************************************
2024-05-21 00:53:37,370 - mainlogger - INFO - valid
2024-05-21 00:53:43,337 - mainlogger - INFO - Dice score: 0.6897
2024-05-21 00:53:43,337 - mainlogger - INFO - Accuracy: 0.9491
2024-05-21 00:53:43,337 - mainlogger - INFO - 0.0002724905250390624->0.00023161694628320305
2024-05-21 00:53:43,337 - mainlogger - INFO - Epoch 98  3.559216456487775
2024-05-21 00:53:43,337 - mainlogger - INFO - ********************************************************************************
2024-05-21 00:54:05,173 - mainlogger - INFO - valid
2024-05-21 00:54:10,957 - mainlogger - INFO - Dice score: 0.7208
2024-05-21 00:54:10,957 - mainlogger - INFO - Accuracy: 0.9462
2024-05-21 00:54:10,957 - mainlogger - INFO - Epoch 99  3.3848006315529346
2024-05-21 00:54:10,957 - mainlogger - INFO - train
2024-05-21 00:54:28,438 - mainlogger - INFO - Dice score: 0.8094
2024-05-21 00:54:28,438 - mainlogger - INFO - Accuracy: 0.9554
2024-05-21 00:54:28,439 - mainlogger - INFO - test
2024-05-21 00:54:34,401 - mainlogger - INFO - Dice score: 0.6796
2024-05-21 00:54:34,401 - mainlogger - INFO - Accuracy: 0.9411
2024-05-21 00:54:34,401 - mainlogger - INFO - ********************************************************************************
2024-05-21 00:54:34,402 - mainlogger - INFO - (93, 97)
2024-05-21 00:54:34,402 - mainlogger - INFO - 0.715313534692941
