2024-05-21 00:54:43,112 - mainlogger - INFO - 17021
2024-05-21 00:54:43,112 - mainlogger - INFO - <class '__main__.Supervised'>
2024-05-21 00:54:43,112 - mainlogger - INFO - full/bigger/unet.yaml
2024-05-21 00:54:43,112 - mainlogger - INFO - {'desc': 'big unet', 'batch_size': 8, 'epochs': 100, 'init': True, 'root_dir': '/Dataset_BUSI', 'model': {'name': 'unet.unet.Unet', 'args': {'channels': [64, 128, 256, 512, 1024]}}, 'trainset': {'name': 'datasetBUSI.mask_busi_single.MaskBUSISingle', 'args': {'root_dir': '/Dataset_BUSI', 'image_names_path': 'labeled_all.txt', 'mode': 'train'}}, 'testset': {'name': 'datasetBUSI.mask_busi_single.MaskBUSISingle', 'args': {'root_dir': '/Dataset_BUSI', 'image_names_path': 'test.txt', 'mode': 'test'}}, 'validset': {'name': 'datasetBUSI.mask_busi_single.MaskBUSISingle', 'args': {'root_dir': '/Dataset_BUSI', 'image_names_path': 'val.txt', 'mode': 'test'}}, 'criterion': {'name': 'spgutils.focalloss.BinaryFocalLoss', 'args': {'gamma': 1}}, 'optimizer': {'name': 'torch.optim.Adam', 'args': {'lr': 0.001}}, 'scheduler': {'name': 'torch.optim.lr_scheduler.ReduceLROnPlateau', 'args': {'mode': 'max', 'factor': 0.85, 'patience': 3}}}
2024-05-21 00:54:43,113 - mainlogger - INFO - 27.605591773986816
2024-05-21 00:54:43,114 - mainlogger - INFO - init with relu
2024-05-21 00:55:07,174 - mainlogger - INFO - Epoch 0  28.953081652522087
2024-05-21 00:55:07,174 - mainlogger - INFO - ********************************************************************************
2024-05-21 00:55:26,370 - mainlogger - INFO - Epoch 1  9.35110006481409
2024-05-21 00:55:26,370 - mainlogger - INFO - train
2024-05-21 00:55:43,638 - mainlogger - INFO - Dice score: 0.1161
2024-05-21 00:55:43,639 - mainlogger - INFO - Accuracy: 0.8779
2024-05-21 00:55:43,639 - mainlogger - INFO - test
2024-05-21 00:55:50,281 - mainlogger - INFO - Dice score: 0.1458
2024-05-21 00:55:50,281 - mainlogger - INFO - Accuracy: 0.8996
2024-05-21 00:55:50,282 - mainlogger - INFO - ********************************************************************************
2024-05-21 00:56:09,281 - mainlogger - INFO - Epoch 2  9.371720537543297
2024-05-21 00:56:09,281 - mainlogger - INFO - ********************************************************************************
2024-05-21 00:56:28,349 - mainlogger - INFO - Epoch 3  8.980696700513363
2024-05-21 00:56:28,350 - mainlogger - INFO - ********************************************************************************
2024-05-21 00:56:47,552 - mainlogger - INFO - Epoch 4  9.096530705690384
2024-05-21 00:56:47,553 - mainlogger - INFO - ********************************************************************************
2024-05-21 00:57:06,665 - mainlogger - INFO - Epoch 5  8.35016144067049
2024-05-21 00:57:06,666 - mainlogger - INFO - ********************************************************************************
2024-05-21 00:57:25,968 - mainlogger - INFO - Epoch 6  8.54883735626936
2024-05-21 00:57:25,968 - mainlogger - INFO - ********************************************************************************
2024-05-21 00:57:45,274 - mainlogger - INFO - Epoch 7  7.9861158058047295
2024-05-21 00:57:45,274 - mainlogger - INFO - ********************************************************************************
2024-05-21 00:58:04,458 - mainlogger - INFO - Epoch 8  7.937254123389721
2024-05-21 00:58:04,458 - mainlogger - INFO - ********************************************************************************
2024-05-21 00:58:23,669 - mainlogger - INFO - Epoch 9  7.832130655646324
2024-05-21 00:58:23,670 - mainlogger - INFO - ********************************************************************************
2024-05-21 00:58:42,976 - mainlogger - INFO - Epoch 10  7.817780576646328
2024-05-21 00:58:42,976 - mainlogger - INFO - ********************************************************************************
2024-05-21 00:59:02,171 - mainlogger - INFO - Epoch 11  7.2983080223202705
2024-05-21 00:59:02,171 - mainlogger - INFO - train
2024-05-21 00:59:19,643 - mainlogger - INFO - Dice score: 0.5178
2024-05-21 00:59:19,643 - mainlogger - INFO - Accuracy: 0.9026
2024-05-21 00:59:19,643 - mainlogger - INFO - test
2024-05-21 00:59:25,534 - mainlogger - INFO - Dice score: 0.4855
2024-05-21 00:59:25,534 - mainlogger - INFO - Accuracy: 0.9133
2024-05-21 00:59:25,534 - mainlogger - INFO - ********************************************************************************
2024-05-21 00:59:44,573 - mainlogger - INFO - Epoch 12  7.039285250008106
2024-05-21 00:59:44,574 - mainlogger - INFO - ********************************************************************************
2024-05-21 01:00:03,659 - mainlogger - INFO - Epoch 13  6.783634088933468
2024-05-21 01:00:03,659 - mainlogger - INFO - ********************************************************************************
2024-05-21 01:00:22,980 - mainlogger - INFO - Epoch 14  6.625706002116203
2024-05-21 01:00:22,981 - mainlogger - INFO - ********************************************************************************
2024-05-21 01:00:42,272 - mainlogger - INFO - Epoch 15  6.686234466731548
2024-05-21 01:00:42,272 - mainlogger - INFO - ********************************************************************************
2024-05-21 01:01:01,675 - mainlogger - INFO - Epoch 16  6.388363182544708
2024-05-21 01:01:01,676 - mainlogger - INFO - ********************************************************************************
2024-05-21 01:01:20,868 - mainlogger - INFO - Epoch 17  6.246591821312904
2024-05-21 01:01:20,868 - mainlogger - INFO - ********************************************************************************
2024-05-21 01:01:40,052 - mainlogger - INFO - Epoch 18  6.379945360124111
2024-05-21 01:01:40,052 - mainlogger - INFO - ********************************************************************************
2024-05-21 01:01:58,976 - mainlogger - INFO - Epoch 19  6.2923237681388855
2024-05-21 01:01:58,977 - mainlogger - INFO - ********************************************************************************
2024-05-21 01:02:17,765 - mainlogger - INFO - Epoch 20  6.3202939331531525
2024-05-21 01:02:17,766 - mainlogger - INFO - ********************************************************************************
2024-05-21 01:02:36,975 - mainlogger - INFO - Epoch 21  6.176460653543472
2024-05-21 01:02:36,975 - mainlogger - INFO - train
2024-05-21 01:02:54,032 - mainlogger - INFO - Dice score: 0.5881
2024-05-21 01:02:54,032 - mainlogger - INFO - Accuracy: 0.8905
2024-05-21 01:02:54,032 - mainlogger - INFO - test
2024-05-21 01:02:59,939 - mainlogger - INFO - Dice score: 0.5453
2024-05-21 01:02:59,939 - mainlogger - INFO - Accuracy: 0.8991
2024-05-21 01:02:59,939 - mainlogger - INFO - ********************************************************************************
2024-05-21 01:03:19,564 - mainlogger - INFO - Epoch 22  5.9849787428975105
2024-05-21 01:03:19,564 - mainlogger - INFO - ********************************************************************************
2024-05-21 01:03:38,754 - mainlogger - INFO - Epoch 23  6.057200938463211
2024-05-21 01:03:38,755 - mainlogger - INFO - ********************************************************************************
2024-05-21 01:03:58,179 - mainlogger - INFO - Epoch 24  5.85109730437398
2024-05-21 01:03:58,180 - mainlogger - INFO - ********************************************************************************
2024-05-21 01:04:17,157 - mainlogger - INFO - Epoch 25  5.534781843423843
2024-05-21 01:04:17,157 - mainlogger - INFO - ********************************************************************************
2024-05-21 01:04:36,069 - mainlogger - INFO - Epoch 26  6.22267597168684
2024-05-21 01:04:36,069 - mainlogger - INFO - ********************************************************************************
2024-05-21 01:04:55,261 - mainlogger - INFO - Epoch 27  6.357651457190514
2024-05-21 01:04:55,261 - mainlogger - INFO - ********************************************************************************
2024-05-21 01:05:14,673 - mainlogger - INFO - Epoch 28  6.317834425717592
2024-05-21 01:05:14,673 - mainlogger - INFO - ********************************************************************************
2024-05-21 01:05:33,970 - mainlogger - INFO - Epoch 29  6.339751280844212
2024-05-21 01:05:33,970 - mainlogger - INFO - ********************************************************************************
2024-05-21 01:05:53,178 - mainlogger - INFO - Epoch 30  5.991076983511448
2024-05-21 01:05:53,179 - mainlogger - INFO - ********************************************************************************
2024-05-21 01:06:12,251 - mainlogger - INFO - Epoch 31  6.140581455081701
2024-05-21 01:06:12,251 - mainlogger - INFO - train
2024-05-21 01:06:29,230 - mainlogger - INFO - Dice score: 0.4748
2024-05-21 01:06:29,231 - mainlogger - INFO - Accuracy: 0.8858
2024-05-21 01:06:29,231 - mainlogger - INFO - test
2024-05-21 01:06:34,996 - mainlogger - INFO - Dice score: 0.4558
2024-05-21 01:06:34,997 - mainlogger - INFO - Accuracy: 0.8834
2024-05-21 01:06:34,997 - mainlogger - INFO - ********************************************************************************
2024-05-21 01:06:54,055 - mainlogger - INFO - Epoch 32  5.93555723130703
2024-05-21 01:06:54,055 - mainlogger - INFO - ********************************************************************************
2024-05-21 01:07:13,264 - mainlogger - INFO - Epoch 33  5.579626616090536
2024-05-21 01:07:13,264 - mainlogger - INFO - ********************************************************************************
2024-05-21 01:07:32,176 - mainlogger - INFO - Epoch 34  5.760004088282585
2024-05-21 01:07:32,176 - mainlogger - INFO - ********************************************************************************
2024-05-21 01:07:51,482 - mainlogger - INFO - Epoch 35  5.302441842854023
2024-05-21 01:07:51,483 - mainlogger - INFO - ********************************************************************************
2024-05-21 01:08:10,577 - mainlogger - INFO - Epoch 36  5.290769752115011
2024-05-21 01:08:10,578 - mainlogger - INFO - ********************************************************************************
2024-05-21 01:08:29,848 - mainlogger - INFO - Epoch 37  5.422761421650648
2024-05-21 01:08:29,849 - mainlogger - INFO - ********************************************************************************
2024-05-21 01:08:49,062 - mainlogger - INFO - Epoch 38  5.329713951796293
2024-05-21 01:08:49,063 - mainlogger - INFO - ********************************************************************************
2024-05-21 01:09:08,049 - mainlogger - INFO - Epoch 39  5.18331540748477
2024-05-21 01:09:08,050 - mainlogger - INFO - ********************************************************************************
2024-05-21 01:09:27,464 - mainlogger - INFO - valid
2024-05-21 01:09:34,069 - mainlogger - INFO - Dice score: 0.6486
2024-05-21 01:09:34,069 - mainlogger - INFO - Accuracy: 0.9393
2024-05-21 01:09:34,069 - mainlogger - INFO - Epoch 40  5.330040697008371
2024-05-21 01:09:34,069 - mainlogger - INFO - ********************************************************************************
2024-05-21 01:09:53,365 - mainlogger - INFO - valid
2024-05-21 01:09:59,125 - mainlogger - INFO - Dice score: 0.5872
2024-05-21 01:09:59,125 - mainlogger - INFO - Accuracy: 0.93
2024-05-21 01:09:59,125 - mainlogger - INFO - Epoch 41  5.344715032726526
2024-05-21 01:09:59,125 - mainlogger - INFO - train
2024-05-21 01:10:16,721 - mainlogger - INFO - Dice score: 0.5953
2024-05-21 01:10:16,721 - mainlogger - INFO - Accuracy: 0.9169
2024-05-21 01:10:16,721 - mainlogger - INFO - test
2024-05-21 01:10:22,499 - mainlogger - INFO - Dice score: 0.5283
2024-05-21 01:10:22,499 - mainlogger - INFO - Accuracy: 0.9209
2024-05-21 01:10:22,499 - mainlogger - INFO - ********************************************************************************
2024-05-21 01:10:41,794 - mainlogger - INFO - valid
2024-05-21 01:10:47,828 - mainlogger - INFO - Dice score: 0.6154
2024-05-21 01:10:47,829 - mainlogger - INFO - Accuracy: 0.9066
2024-05-21 01:10:47,829 - mainlogger - INFO - Epoch 42  5.284375071525574
2024-05-21 01:10:47,829 - mainlogger - INFO - ********************************************************************************
2024-05-21 01:11:06,978 - mainlogger - INFO - valid
2024-05-21 01:11:12,788 - mainlogger - INFO - Dice score: 0.6309
2024-05-21 01:11:12,788 - mainlogger - INFO - Accuracy: 0.937
2024-05-21 01:11:12,788 - mainlogger - INFO - Epoch 43  5.156184956431389
2024-05-21 01:11:12,788 - mainlogger - INFO - ********************************************************************************
2024-05-21 01:11:32,168 - mainlogger - INFO - valid
2024-05-21 01:11:37,942 - mainlogger - INFO - Dice score: 0.6211
2024-05-21 01:11:37,942 - mainlogger - INFO - Accuracy: 0.932
2024-05-21 01:11:37,942 - mainlogger - INFO - 0.001->0.00085
2024-05-21 01:11:37,942 - mainlogger - INFO - Epoch 44  5.08220037445426
2024-05-21 01:11:37,942 - mainlogger - INFO - ********************************************************************************
2024-05-21 01:11:57,049 - mainlogger - INFO - valid
2024-05-21 01:12:02,796 - mainlogger - INFO - Dice score: 0.6473
2024-05-21 01:12:02,796 - mainlogger - INFO - Accuracy: 0.9244
2024-05-21 01:12:02,796 - mainlogger - INFO - Epoch 45  5.393200628459454
2024-05-21 01:12:02,796 - mainlogger - INFO - ********************************************************************************
2024-05-21 01:12:21,785 - mainlogger - INFO - valid
2024-05-21 01:12:27,593 - mainlogger - INFO - Dice score: 0.6019
2024-05-21 01:12:27,594 - mainlogger - INFO - Accuracy: 0.9407
2024-05-21 01:12:27,594 - mainlogger - INFO - Epoch 46  4.968607671558857
2024-05-21 01:12:27,594 - mainlogger - INFO - ********************************************************************************
2024-05-21 01:12:46,862 - mainlogger - INFO - valid
2024-05-21 01:12:52,700 - mainlogger - INFO - Dice score: 0.6555
2024-05-21 01:12:52,700 - mainlogger - INFO - Accuracy: 0.9332
2024-05-21 01:12:52,700 - mainlogger - INFO - Epoch 47  4.743733029812574
2024-05-21 01:12:52,700 - mainlogger - INFO - ********************************************************************************
2024-05-21 01:13:11,851 - mainlogger - INFO - valid
2024-05-21 01:13:17,708 - mainlogger - INFO - Dice score: 0.6533
2024-05-21 01:13:17,709 - mainlogger - INFO - Accuracy: 0.9328
2024-05-21 01:13:17,709 - mainlogger - INFO - Epoch 48  4.940455116331577
2024-05-21 01:13:17,709 - mainlogger - INFO - ********************************************************************************
2024-05-21 01:13:36,564 - mainlogger - INFO - valid
2024-05-21 01:13:42,402 - mainlogger - INFO - Dice score: 0.6525
2024-05-21 01:13:42,403 - mainlogger - INFO - Accuracy: 0.9252
2024-05-21 01:13:42,403 - mainlogger - INFO - Epoch 49  4.961389470845461
2024-05-21 01:13:42,403 - mainlogger - INFO - ********************************************************************************
2024-05-21 01:14:01,863 - mainlogger - INFO - valid
2024-05-21 01:14:07,695 - mainlogger - INFO - Dice score: 0.6389
2024-05-21 01:14:07,695 - mainlogger - INFO - Accuracy: 0.9372
2024-05-21 01:14:07,695 - mainlogger - INFO - Epoch 50  5.088066827505827
2024-05-21 01:14:07,695 - mainlogger - INFO - ********************************************************************************
2024-05-21 01:14:27,167 - mainlogger - INFO - valid
2024-05-21 01:14:32,999 - mainlogger - INFO - Dice score: 0.6593
2024-05-21 01:14:32,999 - mainlogger - INFO - Accuracy: 0.9371
2024-05-21 01:14:32,999 - mainlogger - INFO - Epoch 51  4.956623293459415
2024-05-21 01:14:32,999 - mainlogger - INFO - train
2024-05-21 01:14:49,938 - mainlogger - INFO - Dice score: 0.6711
2024-05-21 01:14:49,939 - mainlogger - INFO - Accuracy: 0.9294
2024-05-21 01:14:49,939 - mainlogger - INFO - test
2024-05-21 01:14:55,836 - mainlogger - INFO - Dice score: 0.6285
2024-05-21 01:14:55,836 - mainlogger - INFO - Accuracy: 0.9358
2024-05-21 01:14:55,836 - mainlogger - INFO - ********************************************************************************
2024-05-21 01:15:15,151 - mainlogger - INFO - valid
2024-05-21 01:15:20,705 - mainlogger - INFO - Dice score: 0.6232
2024-05-21 01:15:20,706 - mainlogger - INFO - Accuracy: 0.9405
2024-05-21 01:15:20,706 - mainlogger - INFO - Epoch 52  4.544166404753923
2024-05-21 01:15:20,706 - mainlogger - INFO - ********************************************************************************
2024-05-21 01:15:40,076 - mainlogger - INFO - valid
2024-05-21 01:15:45,789 - mainlogger - INFO - Dice score: 0.6748
2024-05-21 01:15:45,789 - mainlogger - INFO - Accuracy: 0.9424
2024-05-21 01:15:45,789 - mainlogger - INFO - Epoch 53  4.7845304235816
2024-05-21 01:15:45,789 - mainlogger - INFO - ********************************************************************************
2024-05-21 01:16:04,966 - mainlogger - INFO - valid
2024-05-21 01:16:10,722 - mainlogger - INFO - Dice score: 0.6839
2024-05-21 01:16:10,722 - mainlogger - INFO - Accuracy: 0.9439
2024-05-21 01:16:10,722 - mainlogger - INFO - Epoch 54  4.890949700027704
2024-05-21 01:16:10,722 - mainlogger - INFO - ********************************************************************************
2024-05-21 01:16:29,963 - mainlogger - INFO - valid
2024-05-21 01:16:35,823 - mainlogger - INFO - Dice score: 0.672
2024-05-21 01:16:35,823 - mainlogger - INFO - Accuracy: 0.9424
2024-05-21 01:16:35,823 - mainlogger - INFO - Epoch 55  4.63461073115468
2024-05-21 01:16:35,823 - mainlogger - INFO - ********************************************************************************
2024-05-21 01:16:54,961 - mainlogger - INFO - valid
2024-05-21 01:17:00,690 - mainlogger - INFO - Dice score: 0.5696
2024-05-21 01:17:00,690 - mainlogger - INFO - Accuracy: 0.8994
2024-05-21 01:17:00,690 - mainlogger - INFO - Epoch 56  4.556195262819529
2024-05-21 01:17:00,690 - mainlogger - INFO - ********************************************************************************
2024-05-21 01:17:19,768 - mainlogger - INFO - valid
2024-05-21 01:17:25,486 - mainlogger - INFO - Dice score: 0.6056
2024-05-21 01:17:25,486 - mainlogger - INFO - Accuracy: 0.9395
2024-05-21 01:17:25,486 - mainlogger - INFO - Epoch 57  4.5312259793281555
2024-05-21 01:17:25,486 - mainlogger - INFO - ********************************************************************************
2024-05-21 01:17:44,481 - mainlogger - INFO - valid
2024-05-21 01:17:50,235 - mainlogger - INFO - Dice score: 0.6913
2024-05-21 01:17:50,235 - mainlogger - INFO - Accuracy: 0.9458
2024-05-21 01:17:50,235 - mainlogger - INFO - Epoch 58  4.416297733783722
2024-05-21 01:17:50,235 - mainlogger - INFO - ********************************************************************************
2024-05-21 01:18:09,473 - mainlogger - INFO - valid
2024-05-21 01:18:15,217 - mainlogger - INFO - Dice score: 0.6464
2024-05-21 01:18:15,217 - mainlogger - INFO - Accuracy: 0.9315
2024-05-21 01:18:15,217 - mainlogger - INFO - Epoch 59  4.616782616823912
2024-05-21 01:18:15,217 - mainlogger - INFO - ********************************************************************************
2024-05-21 01:18:34,364 - mainlogger - INFO - valid
2024-05-21 01:18:40,138 - mainlogger - INFO - Dice score: 0.6367
2024-05-21 01:18:40,138 - mainlogger - INFO - Accuracy: 0.9249
2024-05-21 01:18:40,138 - mainlogger - INFO - Epoch 60  4.753567725419998
2024-05-21 01:18:40,138 - mainlogger - INFO - ********************************************************************************
2024-05-21 01:18:59,361 - mainlogger - INFO - valid
2024-05-21 01:19:05,318 - mainlogger - INFO - Dice score: 0.6545
2024-05-21 01:19:05,318 - mainlogger - INFO - Accuracy: 0.9328
2024-05-21 01:19:05,319 - mainlogger - INFO - Epoch 61  4.766284108161926
2024-05-21 01:19:05,319 - mainlogger - INFO - train
2024-05-21 01:19:22,419 - mainlogger - INFO - Dice score: 0.6586
2024-05-21 01:19:22,420 - mainlogger - INFO - Accuracy: 0.9235
2024-05-21 01:19:22,420 - mainlogger - INFO - test
2024-05-21 01:19:28,194 - mainlogger - INFO - Dice score: 0.6168
2024-05-21 01:19:28,194 - mainlogger - INFO - Accuracy: 0.9248
2024-05-21 01:19:28,195 - mainlogger - INFO - ********************************************************************************
2024-05-21 01:19:47,125 - mainlogger - INFO - valid
2024-05-21 01:19:52,853 - mainlogger - INFO - Dice score: 0.6617
2024-05-21 01:19:52,853 - mainlogger - INFO - Accuracy: 0.9283
2024-05-21 01:19:52,853 - mainlogger - INFO - 0.00085->0.0007224999999999999
2024-05-21 01:19:52,853 - mainlogger - INFO - Epoch 62  4.685727227479219
2024-05-21 01:19:52,853 - mainlogger - INFO - ********************************************************************************
2024-05-21 01:20:11,564 - mainlogger - INFO - valid
2024-05-21 01:20:17,217 - mainlogger - INFO - Dice score: 0.6944
2024-05-21 01:20:17,217 - mainlogger - INFO - Accuracy: 0.9422
2024-05-21 01:20:17,217 - mainlogger - INFO - Epoch 63  4.475505165755749
2024-05-21 01:20:17,217 - mainlogger - INFO - ********************************************************************************
2024-05-21 01:20:36,184 - mainlogger - INFO - valid
2024-05-21 01:20:41,803 - mainlogger - INFO - Dice score: 0.689
2024-05-21 01:20:41,803 - mainlogger - INFO - Accuracy: 0.9449
2024-05-21 01:20:41,803 - mainlogger - INFO - Epoch 64  4.4374428279697895
2024-05-21 01:20:41,803 - mainlogger - INFO - ********************************************************************************
2024-05-21 01:21:00,675 - mainlogger - INFO - valid
2024-05-21 01:21:06,595 - mainlogger - INFO - Dice score: 0.6973
2024-05-21 01:21:06,595 - mainlogger - INFO - Accuracy: 0.9391
2024-05-21 01:21:06,596 - mainlogger - INFO - Epoch 65  4.158602222800255
2024-05-21 01:21:06,596 - mainlogger - INFO - ********************************************************************************
2024-05-21 01:21:25,866 - mainlogger - INFO - valid
2024-05-21 01:21:31,790 - mainlogger - INFO - Dice score: 0.6694
2024-05-21 01:21:31,790 - mainlogger - INFO - Accuracy: 0.9232
2024-05-21 01:21:31,790 - mainlogger - INFO - Epoch 66  4.505453336983919
2024-05-21 01:21:31,790 - mainlogger - INFO - ********************************************************************************
2024-05-21 01:21:50,773 - mainlogger - INFO - valid
2024-05-21 01:21:56,597 - mainlogger - INFO - Dice score: 0.6156
2024-05-21 01:21:56,597 - mainlogger - INFO - Accuracy: 0.9164
2024-05-21 01:21:56,597 - mainlogger - INFO - Epoch 67  4.481569863855839
2024-05-21 01:21:56,597 - mainlogger - INFO - ********************************************************************************
2024-05-21 01:22:15,664 - mainlogger - INFO - valid
2024-05-21 01:22:21,366 - mainlogger - INFO - Dice score: 0.669
2024-05-21 01:22:21,366 - mainlogger - INFO - Accuracy: 0.9447
2024-05-21 01:22:21,366 - mainlogger - INFO - Epoch 68  4.288820654153824
2024-05-21 01:22:21,366 - mainlogger - INFO - ********************************************************************************
2024-05-21 01:22:40,372 - mainlogger - INFO - valid
2024-05-21 01:22:46,018 - mainlogger - INFO - Dice score: 0.6683
2024-05-21 01:22:46,018 - mainlogger - INFO - Accuracy: 0.9456
2024-05-21 01:22:46,018 - mainlogger - INFO - 0.0007224999999999999->0.000614125
2024-05-21 01:22:46,019 - mainlogger - INFO - Epoch 69  4.318901304155588
2024-05-21 01:22:46,019 - mainlogger - INFO - ********************************************************************************
2024-05-21 01:23:05,483 - mainlogger - INFO - valid
2024-05-21 01:23:11,327 - mainlogger - INFO - Dice score: 0.6856
2024-05-21 01:23:11,327 - mainlogger - INFO - Accuracy: 0.9456
2024-05-21 01:23:11,328 - mainlogger - INFO - Epoch 70  4.244957059621811
2024-05-21 01:23:11,328 - mainlogger - INFO - ********************************************************************************
2024-05-21 01:23:30,580 - mainlogger - INFO - valid
2024-05-21 01:23:36,419 - mainlogger - INFO - Dice score: 0.6924
2024-05-21 01:23:36,419 - mainlogger - INFO - Accuracy: 0.9456
2024-05-21 01:23:36,419 - mainlogger - INFO - Epoch 71  4.285201713442802
2024-05-21 01:23:36,419 - mainlogger - INFO - train
2024-05-21 01:23:53,717 - mainlogger - INFO - Dice score: 0.7363
2024-05-21 01:23:53,717 - mainlogger - INFO - Accuracy: 0.9422
2024-05-21 01:23:53,717 - mainlogger - INFO - test
2024-05-21 01:23:59,614 - mainlogger - INFO - Dice score: 0.6692
2024-05-21 01:23:59,614 - mainlogger - INFO - Accuracy: 0.9441
2024-05-21 01:23:59,614 - mainlogger - INFO - ********************************************************************************
2024-05-21 01:24:18,961 - mainlogger - INFO - valid
2024-05-21 01:24:24,503 - mainlogger - INFO - Dice score: 0.7026
2024-05-21 01:24:24,503 - mainlogger - INFO - Accuracy: 0.9416
2024-05-21 01:24:24,503 - mainlogger - INFO - Epoch 72  4.318185307085514
2024-05-21 01:24:24,503 - mainlogger - INFO - ********************************************************************************
2024-05-21 01:24:43,757 - mainlogger - INFO - valid
2024-05-21 01:24:49,437 - mainlogger - INFO - Dice score: 0.7011
2024-05-21 01:24:49,437 - mainlogger - INFO - Accuracy: 0.9402
2024-05-21 01:24:49,437 - mainlogger - INFO - Epoch 73  4.149533104151487
2024-05-21 01:24:49,437 - mainlogger - INFO - ********************************************************************************
2024-05-21 01:25:08,472 - mainlogger - INFO - valid
2024-05-21 01:25:14,193 - mainlogger - INFO - Dice score: 0.6912
2024-05-21 01:25:14,193 - mainlogger - INFO - Accuracy: 0.9355
2024-05-21 01:25:14,193 - mainlogger - INFO - Epoch 74  4.177702259272337
2024-05-21 01:25:14,193 - mainlogger - INFO - ********************************************************************************
2024-05-21 01:25:33,264 - mainlogger - INFO - valid
2024-05-21 01:25:39,191 - mainlogger - INFO - Dice score: 0.7077
2024-05-21 01:25:39,191 - mainlogger - INFO - Accuracy: 0.9424
2024-05-21 01:25:39,191 - mainlogger - INFO - Epoch 75  4.344713069498539
2024-05-21 01:25:39,191 - mainlogger - INFO - ********************************************************************************
2024-05-21 01:25:58,567 - mainlogger - INFO - valid
2024-05-21 01:26:04,304 - mainlogger - INFO - Dice score: 0.6835
2024-05-21 01:26:04,304 - mainlogger - INFO - Accuracy: 0.9371
2024-05-21 01:26:04,304 - mainlogger - INFO - Epoch 76  4.0459524393081665
2024-05-21 01:26:04,304 - mainlogger - INFO - ********************************************************************************
2024-05-21 01:26:23,589 - mainlogger - INFO - valid
2024-05-21 01:26:29,422 - mainlogger - INFO - Dice score: 0.5827
2024-05-21 01:26:29,422 - mainlogger - INFO - Accuracy: 0.9388
2024-05-21 01:26:29,422 - mainlogger - INFO - Epoch 77  4.103241790086031
2024-05-21 01:26:29,422 - mainlogger - INFO - ********************************************************************************
2024-05-21 01:26:48,462 - mainlogger - INFO - valid
2024-05-21 01:26:54,203 - mainlogger - INFO - Dice score: 0.6476
2024-05-21 01:26:54,204 - mainlogger - INFO - Accuracy: 0.9412
2024-05-21 01:26:54,204 - mainlogger - INFO - Epoch 78  4.361140076071024
2024-05-21 01:26:54,204 - mainlogger - INFO - ********************************************************************************
2024-05-21 01:27:13,565 - mainlogger - INFO - valid
2024-05-21 01:27:19,407 - mainlogger - INFO - Dice score: 0.6683
2024-05-21 01:27:19,407 - mainlogger - INFO - Accuracy: 0.9322
2024-05-21 01:27:19,407 - mainlogger - INFO - 0.000614125->0.00052200625
2024-05-21 01:27:19,407 - mainlogger - INFO - Epoch 79  4.01012734696269
2024-05-21 01:27:19,407 - mainlogger - INFO - ********************************************************************************
2024-05-21 01:27:38,853 - mainlogger - INFO - valid
2024-05-21 01:27:44,534 - mainlogger - INFO - Dice score: 0.6454
2024-05-21 01:27:44,535 - mainlogger - INFO - Accuracy: 0.9429
2024-05-21 01:27:44,535 - mainlogger - INFO - Epoch 80  4.1922165267169476
2024-05-21 01:27:44,535 - mainlogger - INFO - ********************************************************************************
2024-05-21 01:28:03,670 - mainlogger - INFO - valid
2024-05-21 01:28:09,538 - mainlogger - INFO - Dice score: 0.6865
2024-05-21 01:28:09,538 - mainlogger - INFO - Accuracy: 0.9477
2024-05-21 01:28:09,538 - mainlogger - INFO - Epoch 81  4.076012440025806
2024-05-21 01:28:09,538 - mainlogger - INFO - train
2024-05-21 01:28:26,851 - mainlogger - INFO - Dice score: 0.7534
2024-05-21 01:28:26,851 - mainlogger - INFO - Accuracy: 0.9473
2024-05-21 01:28:26,851 - mainlogger - INFO - test
2024-05-21 01:28:32,713 - mainlogger - INFO - Dice score: 0.6544
2024-05-21 01:28:32,713 - mainlogger - INFO - Accuracy: 0.9438
2024-05-21 01:28:32,713 - mainlogger - INFO - ********************************************************************************
2024-05-21 01:28:51,966 - mainlogger - INFO - valid
2024-05-21 01:28:57,938 - mainlogger - INFO - Dice score: 0.6679
2024-05-21 01:28:57,939 - mainlogger - INFO - Accuracy: 0.9238
2024-05-21 01:28:57,939 - mainlogger - INFO - Epoch 82  3.770521614700556
2024-05-21 01:28:57,939 - mainlogger - INFO - ********************************************************************************
2024-05-21 01:29:17,095 - mainlogger - INFO - valid
2024-05-21 01:29:22,995 - mainlogger - INFO - Dice score: 0.7029
2024-05-21 01:29:22,995 - mainlogger - INFO - Accuracy: 0.9462
2024-05-21 01:29:22,995 - mainlogger - INFO - 0.00052200625->0.00044370531249999997
2024-05-21 01:29:22,995 - mainlogger - INFO - Epoch 83  3.9329768009483814
2024-05-21 01:29:22,995 - mainlogger - INFO - ********************************************************************************
2024-05-21 01:29:42,368 - mainlogger - INFO - valid
2024-05-21 01:29:48,123 - mainlogger - INFO - Dice score: 0.7103
2024-05-21 01:29:48,123 - mainlogger - INFO - Accuracy: 0.9443
2024-05-21 01:29:48,123 - mainlogger - INFO - Epoch 84  4.095863401889801
2024-05-21 01:29:48,123 - mainlogger - INFO - ********************************************************************************
2024-05-21 01:30:07,365 - mainlogger - INFO - valid
2024-05-21 01:30:13,304 - mainlogger - INFO - Dice score: 0.6712
2024-05-21 01:30:13,305 - mainlogger - INFO - Accuracy: 0.9393
2024-05-21 01:30:13,305 - mainlogger - INFO - Epoch 85  3.777160841971636
2024-05-21 01:30:13,305 - mainlogger - INFO - ********************************************************************************
2024-05-21 01:30:32,550 - mainlogger - INFO - valid
2024-05-21 01:30:38,311 - mainlogger - INFO - Dice score: 0.701
2024-05-21 01:30:38,311 - mainlogger - INFO - Accuracy: 0.9486
2024-05-21 01:30:38,311 - mainlogger - INFO - Epoch 86  3.9277266524732113
2024-05-21 01:30:38,311 - mainlogger - INFO - ********************************************************************************
2024-05-21 01:30:57,458 - mainlogger - INFO - valid
2024-05-21 01:31:03,177 - mainlogger - INFO - Dice score: 0.7175
2024-05-21 01:31:03,177 - mainlogger - INFO - Accuracy: 0.9454
2024-05-21 01:31:03,177 - mainlogger - INFO - Epoch 87  3.605961199849844
2024-05-21 01:31:03,177 - mainlogger - INFO - ********************************************************************************
2024-05-21 01:31:22,566 - mainlogger - INFO - valid
2024-05-21 01:31:28,513 - mainlogger - INFO - Dice score: 0.6366
2024-05-21 01:31:28,513 - mainlogger - INFO - Accuracy: 0.943
2024-05-21 01:31:28,514 - mainlogger - INFO - Epoch 88  3.8365381211042404
2024-05-21 01:31:28,514 - mainlogger - INFO - ********************************************************************************
2024-05-21 01:31:47,871 - mainlogger - INFO - valid
2024-05-21 01:31:53,594 - mainlogger - INFO - Dice score: 0.7097
2024-05-21 01:31:53,594 - mainlogger - INFO - Accuracy: 0.949
2024-05-21 01:31:53,594 - mainlogger - INFO - Epoch 89  3.7386450208723545
2024-05-21 01:31:53,594 - mainlogger - INFO - ********************************************************************************
2024-05-21 01:32:12,473 - mainlogger - INFO - valid
2024-05-21 01:32:18,243 - mainlogger - INFO - Dice score: 0.6502
2024-05-21 01:32:18,243 - mainlogger - INFO - Accuracy: 0.917
2024-05-21 01:32:18,243 - mainlogger - INFO - Epoch 90  3.7276906929910183
2024-05-21 01:32:18,243 - mainlogger - INFO - ********************************************************************************
2024-05-21 01:32:37,549 - mainlogger - INFO - valid
2024-05-21 01:32:43,289 - mainlogger - INFO - Dice score: 0.6661
2024-05-21 01:32:43,289 - mainlogger - INFO - Accuracy: 0.9401
2024-05-21 01:32:43,290 - mainlogger - INFO - 0.00044370531249999997->0.00037714951562499996
2024-05-21 01:32:43,290 - mainlogger - INFO - Epoch 91  3.775043498724699
2024-05-21 01:32:43,290 - mainlogger - INFO - train
2024-05-21 01:33:00,639 - mainlogger - INFO - Dice score: 0.7298
2024-05-21 01:33:00,639 - mainlogger - INFO - Accuracy: 0.9418
2024-05-21 01:33:00,639 - mainlogger - INFO - test
2024-05-21 01:33:06,411 - mainlogger - INFO - Dice score: 0.633
2024-05-21 01:33:06,412 - mainlogger - INFO - Accuracy: 0.9353
2024-05-21 01:33:06,412 - mainlogger - INFO - ********************************************************************************
2024-05-21 01:33:25,650 - mainlogger - INFO - valid
2024-05-21 01:33:31,499 - mainlogger - INFO - Dice score: 0.7011
2024-05-21 01:33:31,499 - mainlogger - INFO - Accuracy: 0.9461
2024-05-21 01:33:31,499 - mainlogger - INFO - Epoch 92  3.5431725047528744
2024-05-21 01:33:31,499 - mainlogger - INFO - ********************************************************************************
2024-05-21 01:33:50,871 - mainlogger - INFO - valid
2024-05-21 01:33:56,603 - mainlogger - INFO - Dice score: 0.7102
2024-05-21 01:33:56,603 - mainlogger - INFO - Accuracy: 0.9467
2024-05-21 01:33:56,603 - mainlogger - INFO - Epoch 93  3.4544216077774763
2024-05-21 01:33:56,604 - mainlogger - INFO - ********************************************************************************
2024-05-21 01:34:15,656 - mainlogger - INFO - valid
2024-05-21 01:34:21,396 - mainlogger - INFO - Dice score: 0.7101
2024-05-21 01:34:21,396 - mainlogger - INFO - Accuracy: 0.9424
2024-05-21 01:34:21,396 - mainlogger - INFO - Epoch 94  3.257045589387417
2024-05-21 01:34:21,396 - mainlogger - INFO - ********************************************************************************
2024-05-21 01:34:40,365 - mainlogger - INFO - valid
2024-05-21 01:34:46,279 - mainlogger - INFO - Dice score: 0.6201
2024-05-21 01:34:46,279 - mainlogger - INFO - Accuracy: 0.9156
2024-05-21 01:34:46,280 - mainlogger - INFO - 0.00037714951562499996->0.00032057708828124994
2024-05-21 01:34:46,280 - mainlogger - INFO - Epoch 95  3.5359259881079197
2024-05-21 01:34:46,280 - mainlogger - INFO - ********************************************************************************
2024-05-21 01:35:05,673 - mainlogger - INFO - valid
2024-05-21 01:35:11,509 - mainlogger - INFO - Dice score: 0.6496
2024-05-21 01:35:11,509 - mainlogger - INFO - Accuracy: 0.915
2024-05-21 01:35:11,509 - mainlogger - INFO - Epoch 96  3.3178496342152357
2024-05-21 01:35:11,509 - mainlogger - INFO - ********************************************************************************
2024-05-21 01:35:30,591 - mainlogger - INFO - valid
2024-05-21 01:35:36,398 - mainlogger - INFO - Dice score: 0.6931
2024-05-21 01:35:36,398 - mainlogger - INFO - Accuracy: 0.9316
2024-05-21 01:35:36,398 - mainlogger - INFO - Epoch 97  3.3613757453858852
2024-05-21 01:35:36,398 - mainlogger - INFO - ********************************************************************************
2024-05-21 01:35:55,675 - mainlogger - INFO - valid
2024-05-21 01:36:01,304 - mainlogger - INFO - Dice score: 0.6849
2024-05-21 01:36:01,304 - mainlogger - INFO - Accuracy: 0.9441
2024-05-21 01:36:01,304 - mainlogger - INFO - Epoch 98  3.3947832006961107
2024-05-21 01:36:01,304 - mainlogger - INFO - ********************************************************************************
2024-05-21 01:36:20,565 - mainlogger - INFO - valid
2024-05-21 01:36:26,439 - mainlogger - INFO - Dice score: 0.7097
2024-05-21 01:36:26,439 - mainlogger - INFO - Accuracy: 0.9457
2024-05-21 01:36:26,439 - mainlogger - INFO - 0.00032057708828124994->0.0002724905250390624
2024-05-21 01:36:26,439 - mainlogger - INFO - Epoch 99  3.0825214106589556
2024-05-21 01:36:26,439 - mainlogger - INFO - train
2024-05-21 01:36:43,734 - mainlogger - INFO - Dice score: 0.8156
2024-05-21 01:36:43,734 - mainlogger - INFO - Accuracy: 0.9577
2024-05-21 01:36:43,734 - mainlogger - INFO - test
2024-05-21 01:36:49,514 - mainlogger - INFO - Dice score: 0.6825
2024-05-21 01:36:49,514 - mainlogger - INFO - Accuracy: 0.9444
2024-05-21 01:36:49,514 - mainlogger - INFO - ********************************************************************************
2024-05-21 01:36:49,514 - mainlogger - INFO - (83, 87)
2024-05-21 01:36:49,514 - mainlogger - INFO - 0.700574200097289
