2024-05-20 22:50:23,172 - mainlogger - INFO - 15134
2024-05-20 22:50:23,172 - mainlogger - INFO - <class '__main__.Supervised'>
2024-05-20 22:50:23,172 - mainlogger - INFO - full/bigger/aaunet.yaml
2024-05-20 22:50:23,172 - mainlogger - INFO - {'desc': 'big aaunet', 'batch_size': 7, 'epochs': 100, 'k': 2, 'init': True, 'root_dir': '/Dataset_BUSI', 'model': {'name': 'unet.aaunet.AAUNet', 'args': {'channels': [64, 128, 256, 512, 512], 'act': 'LeakyReLU'}}, 'trainset': {'name': 'datasetBUSI.mask_busi_single.MaskBUSISingle', 'args': {'root_dir': '/Dataset_BUSI', 'image_names_path': 'labeled_all.txt', 'mode': 'train'}}, 'testset': {'name': 'datasetBUSI.mask_busi_single.MaskBUSISingle', 'args': {'root_dir': '/Dataset_BUSI', 'image_names_path': 'test.txt', 'mode': 'test'}}, 'validset': {'name': 'datasetBUSI.mask_busi_single.MaskBUSISingle', 'args': {'root_dir': '/Dataset_BUSI', 'image_names_path': 'val.txt', 'mode': 'test'}}, 'criterion': {'name': 'spgutils.focalloss.BinaryFocalLoss', 'args': {'gamma': 1}}, 'optimizer': {'name': 'torch.optim.Adam', 'args': {'lr': 0.001}}, 'scheduler': {'name': 'torch.optim.lr_scheduler.ReduceLROnPlateau', 'args': {'mode': 'max', 'factor': 0.85, 'patience': 3}}}
2024-05-20 22:50:23,173 - mainlogger - INFO - 50.00667095184326
2024-05-20 22:50:23,177 - mainlogger - INFO - init with relu
2024-05-20 22:51:08,592 - mainlogger - INFO - Epoch 0  14.45393917709589
2024-05-20 22:51:08,593 - mainlogger - INFO - ********************************************************************************
2024-05-20 22:51:47,192 - mainlogger - INFO - Epoch 1  10.158559255301952
2024-05-20 22:51:47,192 - mainlogger - INFO - train
2024-05-20 22:52:08,840 - mainlogger - INFO - Dice score: 0.1619
2024-05-20 22:52:08,840 - mainlogger - INFO - Accuracy: 0.8811
2024-05-20 22:52:08,840 - mainlogger - INFO - test
2024-05-20 22:52:17,726 - mainlogger - INFO - Dice score: 0.1663
2024-05-20 22:52:17,726 - mainlogger - INFO - Accuracy: 0.9021
2024-05-20 22:52:17,726 - mainlogger - INFO - ********************************************************************************
2024-05-20 22:52:56,377 - mainlogger - INFO - Epoch 2  8.589719966053963
2024-05-20 22:52:56,377 - mainlogger - INFO - ********************************************************************************
2024-05-20 22:53:35,192 - mainlogger - INFO - Epoch 3  8.331203885376453
2024-05-20 22:53:35,192 - mainlogger - INFO - ********************************************************************************
2024-05-20 22:54:13,992 - mainlogger - INFO - Epoch 4  7.82143584266305
2024-05-20 22:54:13,992 - mainlogger - INFO - ********************************************************************************
2024-05-20 22:54:52,793 - mainlogger - INFO - Epoch 5  7.398478597402573
2024-05-20 22:54:52,793 - mainlogger - INFO - ********************************************************************************
2024-05-20 22:55:31,378 - mainlogger - INFO - Epoch 6  7.398966420441866
2024-05-20 22:55:31,379 - mainlogger - INFO - ********************************************************************************
2024-05-20 22:56:10,197 - mainlogger - INFO - Epoch 7  7.235019218176603
2024-05-20 22:56:10,197 - mainlogger - INFO - ********************************************************************************
2024-05-20 22:56:48,880 - mainlogger - INFO - Epoch 8  7.320970483124256
2024-05-20 22:56:48,881 - mainlogger - INFO - ********************************************************************************
2024-05-20 22:57:27,411 - mainlogger - INFO - Epoch 9  6.775522485375404
2024-05-20 22:57:27,411 - mainlogger - INFO - ********************************************************************************
2024-05-20 22:58:06,092 - mainlogger - INFO - Epoch 10  6.772673137485981
2024-05-20 22:58:06,093 - mainlogger - INFO - ********************************************************************************
2024-05-20 22:58:44,892 - mainlogger - INFO - Epoch 11  6.327994424849749
2024-05-20 22:58:44,892 - mainlogger - INFO - train
2024-05-20 22:59:06,289 - mainlogger - INFO - Dice score: 0.6828
2024-05-20 22:59:06,289 - mainlogger - INFO - Accuracy: 0.9275
2024-05-20 22:59:06,289 - mainlogger - INFO - test
2024-05-20 22:59:13,479 - mainlogger - INFO - Dice score: 0.6289
2024-05-20 22:59:13,480 - mainlogger - INFO - Accuracy: 0.937
2024-05-20 22:59:13,480 - mainlogger - INFO - ********************************************************************************
2024-05-20 22:59:52,292 - mainlogger - INFO - Epoch 12  6.376526154577732
2024-05-20 22:59:52,293 - mainlogger - INFO - ********************************************************************************
2024-05-20 23:00:31,074 - mainlogger - INFO - Epoch 13  6.14254155009985
2024-05-20 23:00:31,074 - mainlogger - INFO - ********************************************************************************
2024-05-20 23:01:09,892 - mainlogger - INFO - Epoch 14  5.871576581150293
2024-05-20 23:01:09,892 - mainlogger - INFO - ********************************************************************************
2024-05-20 23:01:48,593 - mainlogger - INFO - Epoch 15  5.7298708744347095
2024-05-20 23:01:48,593 - mainlogger - INFO - ********************************************************************************
2024-05-20 23:02:27,278 - mainlogger - INFO - Epoch 16  5.694350928068161
2024-05-20 23:02:27,278 - mainlogger - INFO - ********************************************************************************
2024-05-20 23:03:06,094 - mainlogger - INFO - Epoch 17  5.685110606253147
2024-05-20 23:03:06,094 - mainlogger - INFO - ********************************************************************************
2024-05-20 23:03:44,892 - mainlogger - INFO - Epoch 18  5.7735822051763535
2024-05-20 23:03:44,892 - mainlogger - INFO - ********************************************************************************
2024-05-20 23:04:23,693 - mainlogger - INFO - Epoch 19  5.405158445239067
2024-05-20 23:04:23,693 - mainlogger - INFO - ********************************************************************************
2024-05-20 23:05:02,191 - mainlogger - INFO - Epoch 20  5.7636853232979774
2024-05-20 23:05:02,191 - mainlogger - INFO - ********************************************************************************
2024-05-20 23:05:40,993 - mainlogger - INFO - Epoch 21  5.542136367410421
2024-05-20 23:05:40,993 - mainlogger - INFO - train
2024-05-20 23:06:02,349 - mainlogger - INFO - Dice score: 0.6602
2024-05-20 23:06:02,349 - mainlogger - INFO - Accuracy: 0.9324
2024-05-20 23:06:02,349 - mainlogger - INFO - test
2024-05-20 23:06:09,485 - mainlogger - INFO - Dice score: 0.6602
2024-05-20 23:06:09,485 - mainlogger - INFO - Accuracy: 0.9434
2024-05-20 23:06:09,486 - mainlogger - INFO - ********************************************************************************
2024-05-20 23:06:48,192 - mainlogger - INFO - Epoch 22  5.4167739897966385
2024-05-20 23:06:48,192 - mainlogger - INFO - ********************************************************************************
2024-05-20 23:07:26,976 - mainlogger - INFO - Epoch 23  5.425384394824505
2024-05-20 23:07:26,977 - mainlogger - INFO - ********************************************************************************
2024-05-20 23:08:05,794 - mainlogger - INFO - Epoch 24  4.952771741896868
2024-05-20 23:08:05,795 - mainlogger - INFO - ********************************************************************************
2024-05-20 23:08:44,595 - mainlogger - INFO - Epoch 25  4.902919236570597
2024-05-20 23:08:44,595 - mainlogger - INFO - ********************************************************************************
2024-05-20 23:09:23,398 - mainlogger - INFO - Epoch 26  4.835740759968758
2024-05-20 23:09:23,398 - mainlogger - INFO - ********************************************************************************
2024-05-20 23:10:02,072 - mainlogger - INFO - Epoch 27  5.029305681586266
2024-05-20 23:10:02,073 - mainlogger - INFO - ********************************************************************************
2024-05-20 23:10:40,893 - mainlogger - INFO - Epoch 28  5.057636212557554
2024-05-20 23:10:40,894 - mainlogger - INFO - ********************************************************************************
2024-05-20 23:11:19,693 - mainlogger - INFO - Epoch 29  4.806614458560944
2024-05-20 23:11:19,693 - mainlogger - INFO - ********************************************************************************
2024-05-20 23:11:58,494 - mainlogger - INFO - Epoch 30  4.462595373392105
2024-05-20 23:11:58,494 - mainlogger - INFO - ********************************************************************************
2024-05-20 23:12:36,997 - mainlogger - INFO - Epoch 31  5.7702128402888775
2024-05-20 23:12:36,998 - mainlogger - INFO - train
2024-05-20 23:12:58,279 - mainlogger - INFO - Dice score: 0.7247
2024-05-20 23:12:58,279 - mainlogger - INFO - Accuracy: 0.9414
2024-05-20 23:12:58,279 - mainlogger - INFO - test
2024-05-20 23:13:05,505 - mainlogger - INFO - Dice score: 0.6852
2024-05-20 23:13:05,505 - mainlogger - INFO - Accuracy: 0.9439
2024-05-20 23:13:05,505 - mainlogger - INFO - ********************************************************************************
2024-05-20 23:13:44,290 - mainlogger - INFO - Epoch 32  4.757468730211258
2024-05-20 23:13:44,290 - mainlogger - INFO - ********************************************************************************
2024-05-20 23:14:23,073 - mainlogger - INFO - Epoch 33  4.79914166778326
2024-05-20 23:14:23,073 - mainlogger - INFO - ********************************************************************************
2024-05-20 23:15:01,606 - mainlogger - INFO - Epoch 34  5.095050390809774
2024-05-20 23:15:01,606 - mainlogger - INFO - ********************************************************************************
2024-05-20 23:15:40,399 - mainlogger - INFO - Epoch 35  4.491766184568405
2024-05-20 23:15:40,399 - mainlogger - INFO - ********************************************************************************
2024-05-20 23:16:19,172 - mainlogger - INFO - Epoch 36  4.33536696061492
2024-05-20 23:16:19,173 - mainlogger - INFO - ********************************************************************************
2024-05-20 23:16:57,994 - mainlogger - INFO - Epoch 37  4.384769693017006
2024-05-20 23:16:57,995 - mainlogger - INFO - ********************************************************************************
2024-05-20 23:17:36,794 - mainlogger - INFO - Epoch 38  4.522224362939596
2024-05-20 23:17:36,794 - mainlogger - INFO - ********************************************************************************
2024-05-20 23:18:15,691 - mainlogger - INFO - Epoch 39  4.214620785787702
2024-05-20 23:18:15,692 - mainlogger - INFO - ********************************************************************************
2024-05-20 23:18:54,392 - mainlogger - INFO - valid
2024-05-20 23:19:01,581 - mainlogger - INFO - Dice score: 0.7207
2024-05-20 23:19:01,581 - mainlogger - INFO - Accuracy: 0.9494
2024-05-20 23:19:01,581 - mainlogger - INFO - Epoch 40  4.13807962462306
2024-05-20 23:19:01,581 - mainlogger - INFO - ********************************************************************************
2024-05-20 23:19:40,382 - mainlogger - INFO - valid
2024-05-20 23:19:47,749 - mainlogger - INFO - Dice score: 0.7177
2024-05-20 23:19:47,749 - mainlogger - INFO - Accuracy: 0.9463
2024-05-20 23:19:47,749 - mainlogger - INFO - Epoch 41  4.0846593249589205
2024-05-20 23:19:47,749 - mainlogger - INFO - train
2024-05-20 23:20:09,390 - mainlogger - INFO - Dice score: 0.7903
2024-05-20 23:20:09,390 - mainlogger - INFO - Accuracy: 0.9519
2024-05-20 23:20:09,390 - mainlogger - INFO - test
2024-05-20 23:20:16,591 - mainlogger - INFO - Dice score: 0.7243
2024-05-20 23:20:16,592 - mainlogger - INFO - Accuracy: 0.9489
2024-05-20 23:20:16,592 - mainlogger - INFO - ********************************************************************************
2024-05-20 23:20:55,394 - mainlogger - INFO - valid
2024-05-20 23:21:02,710 - mainlogger - INFO - Dice score: 0.7204
2024-05-20 23:21:02,711 - mainlogger - INFO - Accuracy: 0.9428
2024-05-20 23:21:02,711 - mainlogger - INFO - Epoch 42  4.229615557938814
2024-05-20 23:21:02,711 - mainlogger - INFO - ********************************************************************************
2024-05-20 23:21:41,491 - mainlogger - INFO - valid
2024-05-20 23:21:48,689 - mainlogger - INFO - Dice score: 0.6829
2024-05-20 23:21:48,689 - mainlogger - INFO - Accuracy: 0.9282
2024-05-20 23:21:48,689 - mainlogger - INFO - Epoch 43  4.091478003188968
2024-05-20 23:21:48,689 - mainlogger - INFO - ********************************************************************************
2024-05-20 23:22:27,489 - mainlogger - INFO - valid
2024-05-20 23:22:34,650 - mainlogger - INFO - Dice score: 0.6997
2024-05-20 23:22:34,650 - mainlogger - INFO - Accuracy: 0.9469
2024-05-20 23:22:34,650 - mainlogger - INFO - 0.001->0.00085
2024-05-20 23:22:34,650 - mainlogger - INFO - Epoch 44  3.852001439779997
2024-05-20 23:22:34,650 - mainlogger - INFO - ********************************************************************************
2024-05-20 23:23:13,593 - mainlogger - INFO - valid
2024-05-20 23:23:20,957 - mainlogger - INFO - Dice score: 0.7246
2024-05-20 23:23:20,957 - mainlogger - INFO - Accuracy: 0.9427
2024-05-20 23:23:20,957 - mainlogger - INFO - Epoch 45  4.171563288196921
2024-05-20 23:23:20,957 - mainlogger - INFO - ********************************************************************************
2024-05-20 23:23:59,792 - mainlogger - INFO - valid
2024-05-20 23:24:07,254 - mainlogger - INFO - Dice score: 0.7229
2024-05-20 23:24:07,254 - mainlogger - INFO - Accuracy: 0.9471
2024-05-20 23:24:07,254 - mainlogger - INFO - Epoch 46  3.9193282425403595
2024-05-20 23:24:07,254 - mainlogger - INFO - ********************************************************************************
2024-05-20 23:24:46,096 - mainlogger - INFO - valid
2024-05-20 23:24:53,248 - mainlogger - INFO - Dice score: 0.7127
2024-05-20 23:24:53,248 - mainlogger - INFO - Accuracy: 0.9466
2024-05-20 23:24:53,248 - mainlogger - INFO - Epoch 47  3.8239699192345142
2024-05-20 23:24:53,249 - mainlogger - INFO - ********************************************************************************
2024-05-20 23:25:31,978 - mainlogger - INFO - valid
2024-05-20 23:25:39,057 - mainlogger - INFO - Dice score: 0.7079
2024-05-20 23:25:39,057 - mainlogger - INFO - Accuracy: 0.9491
2024-05-20 23:25:39,057 - mainlogger - INFO - Epoch 48  3.8829461485147476
2024-05-20 23:25:39,057 - mainlogger - INFO - ********************************************************************************
2024-05-20 23:26:17,791 - mainlogger - INFO - valid
2024-05-20 23:26:25,155 - mainlogger - INFO - Dice score: 0.7259
2024-05-20 23:26:25,156 - mainlogger - INFO - Accuracy: 0.9472
2024-05-20 23:26:25,156 - mainlogger - INFO - Epoch 49  3.7563198655843735
2024-05-20 23:26:25,156 - mainlogger - INFO - ********************************************************************************
2024-05-20 23:27:03,990 - mainlogger - INFO - valid
2024-05-20 23:27:11,149 - mainlogger - INFO - Dice score: 0.7131
2024-05-20 23:27:11,149 - mainlogger - INFO - Accuracy: 0.938
2024-05-20 23:27:11,149 - mainlogger - INFO - Epoch 50  3.700210779905319
2024-05-20 23:27:11,149 - mainlogger - INFO - ********************************************************************************
2024-05-20 23:27:49,774 - mainlogger - INFO - valid
2024-05-20 23:27:57,117 - mainlogger - INFO - Dice score: 0.7137
2024-05-20 23:27:57,117 - mainlogger - INFO - Accuracy: 0.945
2024-05-20 23:27:57,117 - mainlogger - INFO - Epoch 51  4.2122566141188145
2024-05-20 23:27:57,118 - mainlogger - INFO - train
2024-05-20 23:28:18,791 - mainlogger - INFO - Dice score: 0.7814
2024-05-20 23:28:18,792 - mainlogger - INFO - Accuracy: 0.9514
2024-05-20 23:28:18,792 - mainlogger - INFO - test
2024-05-20 23:28:26,073 - mainlogger - INFO - Dice score: 0.6927
2024-05-20 23:28:26,073 - mainlogger - INFO - Accuracy: 0.9453
2024-05-20 23:28:26,073 - mainlogger - INFO - ********************************************************************************
2024-05-20 23:29:04,891 - mainlogger - INFO - valid
2024-05-20 23:29:12,050 - mainlogger - INFO - Dice score: 0.7306
2024-05-20 23:29:12,050 - mainlogger - INFO - Accuracy: 0.9529
2024-05-20 23:29:12,051 - mainlogger - INFO - Epoch 52  3.62464308924973
2024-05-20 23:29:12,051 - mainlogger - INFO - ********************************************************************************
2024-05-20 23:29:50,777 - mainlogger - INFO - valid
2024-05-20 23:29:57,945 - mainlogger - INFO - Dice score: 0.7247
2024-05-20 23:29:57,945 - mainlogger - INFO - Accuracy: 0.9497
2024-05-20 23:29:57,945 - mainlogger - INFO - Epoch 53  3.9303283346816897
2024-05-20 23:29:57,945 - mainlogger - INFO - ********************************************************************************
2024-05-20 23:30:36,794 - mainlogger - INFO - valid
2024-05-20 23:30:44,148 - mainlogger - INFO - Dice score: 0.7018
2024-05-20 23:30:44,148 - mainlogger - INFO - Accuracy: 0.9452
2024-05-20 23:30:44,148 - mainlogger - INFO - Epoch 54  4.034824978560209
2024-05-20 23:30:44,148 - mainlogger - INFO - ********************************************************************************
2024-05-20 23:31:22,879 - mainlogger - INFO - valid
2024-05-20 23:31:29,886 - mainlogger - INFO - Dice score: 0.6813
2024-05-20 23:31:29,886 - mainlogger - INFO - Accuracy: 0.9331
2024-05-20 23:31:29,886 - mainlogger - INFO - Epoch 55  3.675493588671088
2024-05-20 23:31:29,886 - mainlogger - INFO - ********************************************************************************
2024-05-20 23:32:08,695 - mainlogger - INFO - valid
2024-05-20 23:32:15,979 - mainlogger - INFO - Dice score: 0.7353
2024-05-20 23:32:15,979 - mainlogger - INFO - Accuracy: 0.9456
2024-05-20 23:32:15,979 - mainlogger - INFO - Epoch 56  3.5798498429358006
2024-05-20 23:32:15,980 - mainlogger - INFO - ********************************************************************************
2024-05-20 23:32:54,697 - mainlogger - INFO - valid
2024-05-20 23:33:01,798 - mainlogger - INFO - Dice score: 0.7204
2024-05-20 23:33:01,798 - mainlogger - INFO - Accuracy: 0.9443
2024-05-20 23:33:01,798 - mainlogger - INFO - Epoch 57  3.5623302664607763
2024-05-20 23:33:01,798 - mainlogger - INFO - ********************************************************************************
2024-05-20 23:33:40,593 - mainlogger - INFO - valid
2024-05-20 23:33:47,749 - mainlogger - INFO - Dice score: 0.6978
2024-05-20 23:33:47,750 - mainlogger - INFO - Accuracy: 0.9473
2024-05-20 23:33:47,750 - mainlogger - INFO - Epoch 58  3.281396240927279
2024-05-20 23:33:47,750 - mainlogger - INFO - ********************************************************************************
2024-05-20 23:34:26,493 - mainlogger - INFO - valid
2024-05-20 23:34:33,749 - mainlogger - INFO - Dice score: 0.7037
2024-05-20 23:34:33,749 - mainlogger - INFO - Accuracy: 0.9443
2024-05-20 23:34:33,749 - mainlogger - INFO - Epoch 59  3.5760979894548655
2024-05-20 23:34:33,749 - mainlogger - INFO - ********************************************************************************
2024-05-20 23:35:12,493 - mainlogger - INFO - valid
2024-05-20 23:35:19,752 - mainlogger - INFO - Dice score: 0.7302
2024-05-20 23:35:19,753 - mainlogger - INFO - Accuracy: 0.948
2024-05-20 23:35:19,753 - mainlogger - INFO - 0.00085->0.0007224999999999999
2024-05-20 23:35:19,753 - mainlogger - INFO - Epoch 60  3.803264576010406
2024-05-20 23:35:19,753 - mainlogger - INFO - ********************************************************************************
2024-05-20 23:35:58,492 - mainlogger - INFO - valid
2024-05-20 23:36:05,748 - mainlogger - INFO - Dice score: 0.7138
2024-05-20 23:36:05,748 - mainlogger - INFO - Accuracy: 0.9493
2024-05-20 23:36:05,748 - mainlogger - INFO - Epoch 61  3.952896574512124
2024-05-20 23:36:05,748 - mainlogger - INFO - train
2024-05-20 23:36:27,585 - mainlogger - INFO - Dice score: 0.7892
2024-05-20 23:36:27,586 - mainlogger - INFO - Accuracy: 0.9535
2024-05-20 23:36:27,586 - mainlogger - INFO - test
2024-05-20 23:36:34,899 - mainlogger - INFO - Dice score: 0.6905
2024-05-20 23:36:34,900 - mainlogger - INFO - Accuracy: 0.9475
2024-05-20 23:36:34,900 - mainlogger - INFO - ********************************************************************************
2024-05-20 23:37:13,680 - mainlogger - INFO - valid
2024-05-20 23:37:20,933 - mainlogger - INFO - Dice score: 0.713
2024-05-20 23:37:20,933 - mainlogger - INFO - Accuracy: 0.9447
2024-05-20 23:37:20,934 - mainlogger - INFO - Epoch 62  3.395049700513482
2024-05-20 23:37:20,934 - mainlogger - INFO - ********************************************************************************
2024-05-20 23:37:59,691 - mainlogger - INFO - valid
2024-05-20 23:38:06,835 - mainlogger - INFO - Dice score: 0.7234
2024-05-20 23:38:06,835 - mainlogger - INFO - Accuracy: 0.9502
2024-05-20 23:38:06,836 - mainlogger - INFO - Epoch 63  3.364373842254281
2024-05-20 23:38:06,836 - mainlogger - INFO - ********************************************************************************
2024-05-20 23:38:45,691 - mainlogger - INFO - valid
2024-05-20 23:38:52,876 - mainlogger - INFO - Dice score: 0.7125
2024-05-20 23:38:52,876 - mainlogger - INFO - Accuracy: 0.9425
2024-05-20 23:38:52,876 - mainlogger - INFO - 0.0007224999999999999->0.000614125
2024-05-20 23:38:52,876 - mainlogger - INFO - Epoch 64  3.379494946449995
2024-05-20 23:38:52,876 - mainlogger - INFO - ********************************************************************************
2024-05-20 23:39:31,693 - mainlogger - INFO - valid
2024-05-20 23:39:38,850 - mainlogger - INFO - Dice score: 0.7286
2024-05-20 23:39:38,850 - mainlogger - INFO - Accuracy: 0.9466
2024-05-20 23:39:38,851 - mainlogger - INFO - Epoch 65  3.0014453269541264
2024-05-20 23:39:38,851 - mainlogger - INFO - ********************************************************************************
2024-05-20 23:40:17,691 - mainlogger - INFO - valid
2024-05-20 23:40:24,946 - mainlogger - INFO - Dice score: 0.7283
2024-05-20 23:40:24,947 - mainlogger - INFO - Accuracy: 0.9448
2024-05-20 23:40:24,947 - mainlogger - INFO - Epoch 66  3.2194099873304367
2024-05-20 23:40:24,947 - mainlogger - INFO - ********************************************************************************
2024-05-20 23:41:03,792 - mainlogger - INFO - valid
2024-05-20 23:41:10,947 - mainlogger - INFO - Dice score: 0.7091
2024-05-20 23:41:10,948 - mainlogger - INFO - Accuracy: 0.9465
2024-05-20 23:41:10,948 - mainlogger - INFO - Epoch 67  2.875138757750392
2024-05-20 23:41:10,948 - mainlogger - INFO - ********************************************************************************
2024-05-20 23:41:49,796 - mainlogger - INFO - valid
2024-05-20 23:41:57,161 - mainlogger - INFO - Dice score: 0.7508
2024-05-20 23:41:57,162 - mainlogger - INFO - Accuracy: 0.9524
2024-05-20 23:41:57,162 - mainlogger - INFO - Epoch 68  3.4311713334172964
2024-05-20 23:41:57,162 - mainlogger - INFO - ********************************************************************************
2024-05-20 23:42:35,992 - mainlogger - INFO - valid
2024-05-20 23:42:43,146 - mainlogger - INFO - Dice score: 0.7458
2024-05-20 23:42:43,146 - mainlogger - INFO - Accuracy: 0.9515
2024-05-20 23:42:43,146 - mainlogger - INFO - Epoch 69  3.2213670779019594
2024-05-20 23:42:43,146 - mainlogger - INFO - ********************************************************************************
2024-05-20 23:43:21,895 - mainlogger - INFO - valid
2024-05-20 23:43:28,955 - mainlogger - INFO - Dice score: 0.7276
2024-05-20 23:43:28,955 - mainlogger - INFO - Accuracy: 0.9496
2024-05-20 23:43:28,956 - mainlogger - INFO - Epoch 70  2.8853126727044582
2024-05-20 23:43:28,956 - mainlogger - INFO - ********************************************************************************
2024-05-20 23:44:07,791 - mainlogger - INFO - valid
2024-05-20 23:44:15,051 - mainlogger - INFO - Dice score: 0.7436
2024-05-20 23:44:15,052 - mainlogger - INFO - Accuracy: 0.9527
2024-05-20 23:44:15,052 - mainlogger - INFO - Epoch 71  2.7535421792417765
2024-05-20 23:44:15,052 - mainlogger - INFO - train
2024-05-20 23:44:36,396 - mainlogger - INFO - Dice score: 0.849
2024-05-20 23:44:36,396 - mainlogger - INFO - Accuracy: 0.9653
2024-05-20 23:44:36,396 - mainlogger - INFO - test
2024-05-20 23:44:43,772 - mainlogger - INFO - Dice score: 0.7318
2024-05-20 23:44:43,773 - mainlogger - INFO - Accuracy: 0.9526
2024-05-20 23:44:43,773 - mainlogger - INFO - ********************************************************************************
2024-05-20 23:45:22,690 - mainlogger - INFO - valid
2024-05-20 23:45:30,125 - mainlogger - INFO - Dice score: 0.7318
2024-05-20 23:45:30,126 - mainlogger - INFO - Accuracy: 0.9481
2024-05-20 23:45:30,126 - mainlogger - INFO - 0.000614125->0.00052200625
2024-05-20 23:45:30,126 - mainlogger - INFO - Epoch 72  2.970182051882148
2024-05-20 23:45:30,126 - mainlogger - INFO - ********************************************************************************
2024-05-20 23:46:08,891 - mainlogger - INFO - valid
2024-05-20 23:46:16,133 - mainlogger - INFO - Dice score: 0.7196
2024-05-20 23:46:16,133 - mainlogger - INFO - Accuracy: 0.9445
2024-05-20 23:46:16,133 - mainlogger - INFO - Epoch 73  2.7584673650562763
2024-05-20 23:46:16,133 - mainlogger - INFO - ********************************************************************************
2024-05-20 23:46:54,874 - mainlogger - INFO - valid
2024-05-20 23:47:02,178 - mainlogger - INFO - Dice score: 0.7437
2024-05-20 23:47:02,178 - mainlogger - INFO - Accuracy: 0.952
2024-05-20 23:47:02,178 - mainlogger - INFO - Epoch 74  2.7030446622520685
2024-05-20 23:47:02,178 - mainlogger - INFO - ********************************************************************************
2024-05-20 23:47:41,092 - mainlogger - INFO - valid
2024-05-20 23:47:48,419 - mainlogger - INFO - Dice score: 0.7336
2024-05-20 23:47:48,419 - mainlogger - INFO - Accuracy: 0.948
2024-05-20 23:47:48,419 - mainlogger - INFO - Epoch 75  2.782720218412578
2024-05-20 23:47:48,419 - mainlogger - INFO - ********************************************************************************
2024-05-20 23:48:27,191 - mainlogger - INFO - valid
2024-05-20 23:48:34,476 - mainlogger - INFO - Dice score: 0.7174
2024-05-20 23:48:34,476 - mainlogger - INFO - Accuracy: 0.9495
2024-05-20 23:48:34,476 - mainlogger - INFO - 0.00052200625->0.00044370531249999997
2024-05-20 23:48:34,476 - mainlogger - INFO - Epoch 76  3.028510740958154
2024-05-20 23:48:34,476 - mainlogger - INFO - ********************************************************************************
2024-05-20 23:49:13,191 - mainlogger - INFO - valid
2024-05-20 23:49:20,448 - mainlogger - INFO - Dice score: 0.7388
2024-05-20 23:49:20,448 - mainlogger - INFO - Accuracy: 0.9482
2024-05-20 23:49:20,448 - mainlogger - INFO - Epoch 77  2.7057049944996834
2024-05-20 23:49:20,448 - mainlogger - INFO - ********************************************************************************
2024-05-20 23:49:59,291 - mainlogger - INFO - valid
2024-05-20 23:50:06,299 - mainlogger - INFO - Dice score: 0.7371
2024-05-20 23:50:06,299 - mainlogger - INFO - Accuracy: 0.9472
2024-05-20 23:50:06,299 - mainlogger - INFO - Epoch 78  2.969122864305973
2024-05-20 23:50:06,300 - mainlogger - INFO - ********************************************************************************
2024-05-20 23:50:45,095 - mainlogger - INFO - valid
2024-05-20 23:50:52,357 - mainlogger - INFO - Dice score: 0.7318
2024-05-20 23:50:52,358 - mainlogger - INFO - Accuracy: 0.9462
2024-05-20 23:50:52,358 - mainlogger - INFO - Epoch 79  2.72355664242059
2024-05-20 23:50:52,358 - mainlogger - INFO - ********************************************************************************
2024-05-20 23:51:31,294 - mainlogger - INFO - valid
2024-05-20 23:51:38,547 - mainlogger - INFO - Dice score: 0.7394
2024-05-20 23:51:38,547 - mainlogger - INFO - Accuracy: 0.9529
2024-05-20 23:51:38,547 - mainlogger - INFO - 0.00044370531249999997->0.00037714951562499996
2024-05-20 23:51:38,547 - mainlogger - INFO - Epoch 80  2.692913854494691
2024-05-20 23:51:38,547 - mainlogger - INFO - ********************************************************************************
2024-05-20 23:52:17,392 - mainlogger - INFO - valid
2024-05-20 23:52:24,447 - mainlogger - INFO - Dice score: 0.7285
2024-05-20 23:52:24,447 - mainlogger - INFO - Accuracy: 0.9485
2024-05-20 23:52:24,448 - mainlogger - INFO - Epoch 81  2.551617312245071
2024-05-20 23:52:24,448 - mainlogger - INFO - train
2024-05-20 23:52:45,753 - mainlogger - INFO - Dice score: 0.8829
2024-05-20 23:52:45,753 - mainlogger - INFO - Accuracy: 0.971
2024-05-20 23:52:45,753 - mainlogger - INFO - test
2024-05-20 23:52:52,987 - mainlogger - INFO - Dice score: 0.7161
2024-05-20 23:52:52,987 - mainlogger - INFO - Accuracy: 0.9467
2024-05-20 23:52:52,987 - mainlogger - INFO - ********************************************************************************
2024-05-20 23:53:31,787 - mainlogger - INFO - valid
2024-05-20 23:53:38,851 - mainlogger - INFO - Dice score: 0.743
2024-05-20 23:53:38,851 - mainlogger - INFO - Accuracy: 0.9505
2024-05-20 23:53:38,851 - mainlogger - INFO - Epoch 82  2.3054605750367045
2024-05-20 23:53:38,851 - mainlogger - INFO - ********************************************************************************
2024-05-20 23:54:17,590 - mainlogger - INFO - valid
2024-05-20 23:54:24,781 - mainlogger - INFO - Dice score: 0.7302
2024-05-20 23:54:24,781 - mainlogger - INFO - Accuracy: 0.9464
2024-05-20 23:54:24,781 - mainlogger - INFO - Epoch 83  2.4042091509327292
2024-05-20 23:54:24,781 - mainlogger - INFO - ********************************************************************************
2024-05-20 23:55:03,596 - mainlogger - INFO - valid
2024-05-20 23:55:10,849 - mainlogger - INFO - Dice score: 0.7427
2024-05-20 23:55:10,849 - mainlogger - INFO - Accuracy: 0.9487
2024-05-20 23:55:10,850 - mainlogger - INFO - 0.00037714951562499996->0.00032057708828124994
2024-05-20 23:55:10,850 - mainlogger - INFO - Epoch 84  2.5377065083011985
2024-05-20 23:55:10,850 - mainlogger - INFO - ********************************************************************************
2024-05-20 23:55:49,692 - mainlogger - INFO - valid
2024-05-20 23:55:56,938 - mainlogger - INFO - Dice score: 0.7525
2024-05-20 23:55:56,938 - mainlogger - INFO - Accuracy: 0.9508
2024-05-20 23:55:56,938 - mainlogger - INFO - Epoch 85  2.4567374270409346
2024-05-20 23:55:56,938 - mainlogger - INFO - ********************************************************************************
2024-05-20 23:56:35,690 - mainlogger - INFO - valid
2024-05-20 23:56:42,855 - mainlogger - INFO - Dice score: 0.7446
2024-05-20 23:56:42,856 - mainlogger - INFO - Accuracy: 0.9493
2024-05-20 23:56:42,856 - mainlogger - INFO - Epoch 86  2.2671899683773518
2024-05-20 23:56:42,856 - mainlogger - INFO - ********************************************************************************
2024-05-20 23:57:21,691 - mainlogger - INFO - valid
2024-05-20 23:57:29,034 - mainlogger - INFO - Dice score: 0.7393
2024-05-20 23:57:29,034 - mainlogger - INFO - Accuracy: 0.9486
2024-05-20 23:57:29,034 - mainlogger - INFO - Epoch 87  2.41175833158195
2024-05-20 23:57:29,034 - mainlogger - INFO - ********************************************************************************
2024-05-20 23:58:07,877 - mainlogger - INFO - valid
2024-05-20 23:58:15,138 - mainlogger - INFO - Dice score: 0.7058
2024-05-20 23:58:15,138 - mainlogger - INFO - Accuracy: 0.9387
2024-05-20 23:58:15,139 - mainlogger - INFO - Epoch 88  2.6087306160479784
2024-05-20 23:58:15,139 - mainlogger - INFO - ********************************************************************************
2024-05-20 23:58:53,892 - mainlogger - INFO - valid
2024-05-20 23:59:01,150 - mainlogger - INFO - Dice score: 0.742
2024-05-20 23:59:01,151 - mainlogger - INFO - Accuracy: 0.9489
2024-05-20 23:59:01,151 - mainlogger - INFO - 0.00032057708828124994->0.0002724905250390624
2024-05-20 23:59:01,151 - mainlogger - INFO - Epoch 89  2.431728853844106
2024-05-20 23:59:01,151 - mainlogger - INFO - ********************************************************************************
2024-05-20 23:59:39,992 - mainlogger - INFO - valid
2024-05-20 23:59:47,196 - mainlogger - INFO - Dice score: 0.7371
2024-05-20 23:59:47,196 - mainlogger - INFO - Accuracy: 0.9496
2024-05-20 23:59:47,196 - mainlogger - INFO - Epoch 90  2.207481916062534
2024-05-20 23:59:47,196 - mainlogger - INFO - ********************************************************************************
2024-05-21 00:00:26,093 - mainlogger - INFO - valid
2024-05-21 00:00:33,173 - mainlogger - INFO - Dice score: 0.7372
2024-05-21 00:00:33,173 - mainlogger - INFO - Accuracy: 0.9509
2024-05-21 00:00:33,173 - mainlogger - INFO - Epoch 91  2.035147175192833
2024-05-21 00:00:33,173 - mainlogger - INFO - train
2024-05-21 00:00:54,527 - mainlogger - INFO - Dice score: 0.8893
2024-05-21 00:00:54,527 - mainlogger - INFO - Accuracy: 0.9734
2024-05-21 00:00:54,528 - mainlogger - INFO - test
2024-05-21 00:01:01,583 - mainlogger - INFO - Dice score: 0.7124
2024-05-21 00:01:01,583 - mainlogger - INFO - Accuracy: 0.9494
2024-05-21 00:01:01,583 - mainlogger - INFO - ********************************************************************************
2024-05-21 00:01:40,391 - mainlogger - INFO - valid
2024-05-21 00:01:47,651 - mainlogger - INFO - Dice score: 0.7311
2024-05-21 00:01:47,651 - mainlogger - INFO - Accuracy: 0.948
2024-05-21 00:01:47,652 - mainlogger - INFO - Epoch 92  2.020423141308129
2024-05-21 00:01:47,652 - mainlogger - INFO - ********************************************************************************
2024-05-21 00:02:26,391 - mainlogger - INFO - valid
2024-05-21 00:02:33,616 - mainlogger - INFO - Dice score: 0.7366
2024-05-21 00:02:33,617 - mainlogger - INFO - Accuracy: 0.9487
2024-05-21 00:02:33,617 - mainlogger - INFO - 0.0002724905250390624->0.00023161694628320305
2024-05-21 00:02:33,617 - mainlogger - INFO - Epoch 93  2.0137425661087036
2024-05-21 00:02:33,617 - mainlogger - INFO - ********************************************************************************
2024-05-21 00:03:12,291 - mainlogger - INFO - valid
2024-05-21 00:03:19,402 - mainlogger - INFO - Dice score: 0.7474
2024-05-21 00:03:19,402 - mainlogger - INFO - Accuracy: 0.9488
2024-05-21 00:03:19,402 - mainlogger - INFO - Epoch 94  1.9408966805785894
2024-05-21 00:03:19,402 - mainlogger - INFO - ********************************************************************************
2024-05-21 00:03:58,191 - mainlogger - INFO - valid
2024-05-21 00:04:05,383 - mainlogger - INFO - Dice score: 0.7437
2024-05-21 00:04:05,383 - mainlogger - INFO - Accuracy: 0.9501
2024-05-21 00:04:05,383 - mainlogger - INFO - Epoch 95  1.958578105084598
2024-05-21 00:04:05,383 - mainlogger - INFO - ********************************************************************************
2024-05-21 00:04:44,175 - mainlogger - INFO - valid
2024-05-21 00:04:51,452 - mainlogger - INFO - Dice score: 0.739
2024-05-21 00:04:51,452 - mainlogger - INFO - Accuracy: 0.9476
2024-05-21 00:04:51,453 - mainlogger - INFO - Epoch 96  2.0723751643672585
2024-05-21 00:04:51,453 - mainlogger - INFO - ********************************************************************************
2024-05-21 00:05:30,293 - mainlogger - INFO - valid
2024-05-21 00:05:37,448 - mainlogger - INFO - Dice score: 0.7354
2024-05-21 00:05:37,448 - mainlogger - INFO - Accuracy: 0.9487
2024-05-21 00:05:37,448 - mainlogger - INFO - 0.00023161694628320305->0.0001968744043407226
2024-05-21 00:05:37,449 - mainlogger - INFO - Epoch 97  2.012207523919642
2024-05-21 00:05:37,449 - mainlogger - INFO - ********************************************************************************
2024-05-21 00:06:16,289 - mainlogger - INFO - valid
2024-05-21 00:06:23,372 - mainlogger - INFO - Dice score: 0.7478
2024-05-21 00:06:23,372 - mainlogger - INFO - Accuracy: 0.9502
2024-05-21 00:06:23,372 - mainlogger - INFO - Epoch 98  1.9233105788007379
2024-05-21 00:06:23,372 - mainlogger - INFO - ********************************************************************************
2024-05-21 00:07:02,290 - mainlogger - INFO - valid
2024-05-21 00:07:09,393 - mainlogger - INFO - Dice score: 0.7492
2024-05-21 00:07:09,393 - mainlogger - INFO - Accuracy: 0.9524
2024-05-21 00:07:09,393 - mainlogger - INFO - Epoch 99  1.8761493470519781
2024-05-21 00:07:09,393 - mainlogger - INFO - train
2024-05-21 00:07:30,952 - mainlogger - INFO - Dice score: 0.9019
2024-05-21 00:07:30,952 - mainlogger - INFO - Accuracy: 0.9764
2024-05-21 00:07:30,952 - mainlogger - INFO - test
2024-05-21 00:07:37,887 - mainlogger - INFO - Dice score: 0.7146
2024-05-21 00:07:37,888 - mainlogger - INFO - Accuracy: 0.9486
2024-05-21 00:07:37,888 - mainlogger - INFO - ********************************************************************************
2024-05-21 00:07:37,888 - mainlogger - INFO - (95, 99)
2024-05-21 00:07:37,888 - mainlogger - INFO - 0.7430262062977233
