2024-05-09 11:16:01,528 - mainlogger - INFO - 29916
2024-05-09 11:16:01,528 - mainlogger - INFO - <class '__main__.UniversegPipeline'>
2024-05-09 11:16:01,528 - mainlogger - INFO - universeg_config/big/lr1.yaml
2024-05-09 11:16:01,528 - mainlogger - INFO - {'desc': '输入单通道，大小384', 'log_dir': 'universeg_config/big/log', 'batch_size': 4, 'epochs': 100, 'k': 2, 'root_dir': '/home/4T/zcr/dataset/Dataset_BUSI', 'model': {'name': 'universeg.universeg.UniverSeg', 'args': {'encoder_blocks': [64, 128, 256, 256, 512], 'in_ch': [1, 2]}}, 'trainset': {'name': 'datasetBUSI.mask_busi_single.MaskBUSISingle', 'args': {'root_dir': '/home/4T/zcr/dataset/Dataset_BUSI', 'image_names_path': 'labeled20.txt', 'mode': 'train'}}, 'testset': {'name': 'datasetBUSI.mask_busi_single.MaskBUSISingle', 'args': {'root_dir': '/home/4T/zcr/dataset/Dataset_BUSI', 'image_names_path': 'test.txt', 'mode': 'test'}}, 'criterion': {'name': 'spgutils.focalloss.BinaryFocalLoss', 'args': {'gamma': 1}}, 'optimizer': {'name': 'torch.optim.Adam', 'args': {'lr': 0.0001}}, 'scheduler': {'name': 'torch.optim.lr_scheduler.StepLR', 'args': {'step_size': 1, 'gamma': 0.99}}}
2024-05-09 11:16:01,529 - mainlogger - INFO - 20.486313819885254
2024-05-09 11:16:38,126 - mainlogger - INFO - Epoch 0  5.0000283643603325
2024-05-09 11:17:00,770 - mainlogger - INFO - Epoch 1  3.681794784963131
2024-05-09 11:17:24,762 - mainlogger - INFO - Dice score: 1.456e-06
2024-05-09 11:17:24,762 - mainlogger - INFO - Accuracy: 0.879
2024-05-09 11:18:08,693 - mainlogger - INFO - Dice score: 5.202e-16
2024-05-09 11:18:08,693 - mainlogger - INFO - Accuracy: 0.8997
2024-05-09 11:18:41,371 - mainlogger - INFO - Epoch 2  3.5150948762893677
2024-05-09 11:18:56,179 - mainlogger - INFO - Epoch 3  3.33669513463974
2024-05-09 11:19:26,863 - mainlogger - INFO - Epoch 4  3.5394236743450165
2024-05-09 11:19:55,942 - mainlogger - INFO - Epoch 5  3.0888457372784615
2024-05-09 11:20:14,605 - mainlogger - INFO - Epoch 6  3.166750907897949
2024-05-09 11:20:47,232 - mainlogger - INFO - Epoch 7  3.10857367888093
2024-05-09 11:20:59,729 - mainlogger - INFO - Epoch 8  3.00528659299016
2024-05-09 11:21:31,814 - mainlogger - INFO - Epoch 9  2.9121209159493446
2024-05-09 11:21:52,597 - mainlogger - INFO - Epoch 10  3.515577495098114
2024-05-09 11:22:18,495 - mainlogger - INFO - Epoch 11  3.029995307326317
2024-05-09 11:22:49,367 - mainlogger - INFO - Dice score: 0.3484
2024-05-09 11:22:49,367 - mainlogger - INFO - Accuracy: 0.8997
2024-05-09 11:23:31,007 - mainlogger - INFO - Dice score: 0.2233
2024-05-09 11:23:31,007 - mainlogger - INFO - Accuracy: 0.9046
2024-05-09 11:23:47,280 - mainlogger - INFO - Epoch 12  2.9854253828525543
2024-05-09 11:24:19,551 - mainlogger - INFO - Epoch 13  2.7626060508191586
2024-05-09 11:24:34,397 - mainlogger - INFO - Epoch 14  2.9986570477485657
2024-05-09 11:25:07,784 - mainlogger - INFO - Epoch 15  3.1478407606482506
2024-05-09 11:25:34,434 - mainlogger - INFO - Epoch 16  3.1028936207294464
2024-05-09 11:25:51,929 - mainlogger - INFO - Epoch 17  2.9727264046669006
2024-05-09 11:26:23,716 - mainlogger - INFO - Epoch 18  2.8089622482657433
2024-05-09 11:26:35,913 - mainlogger - INFO - Epoch 19  3.004399873316288
2024-05-09 11:27:08,190 - mainlogger - INFO - Epoch 20  2.8963221330195665
2024-05-09 11:27:24,108 - mainlogger - INFO - Epoch 21  3.0612362176179886
2024-05-09 11:27:54,489 - mainlogger - INFO - Dice score: 0.3233
2024-05-09 11:27:54,489 - mainlogger - INFO - Accuracy: 0.8976
2024-05-09 11:28:36,747 - mainlogger - INFO - Dice score: 0.2544
2024-05-09 11:28:36,747 - mainlogger - INFO - Accuracy: 0.9072
2024-05-09 11:29:01,972 - mainlogger - INFO - Epoch 22  2.682917855679989
2024-05-09 11:29:22,579 - mainlogger - INFO - Epoch 23  2.5342630818486214
2024-05-09 11:29:55,334 - mainlogger - INFO - Epoch 24  2.61496564373374
2024-05-09 11:30:11,082 - mainlogger - INFO - Epoch 25  2.7227905951440334
2024-05-09 11:30:41,723 - mainlogger - INFO - Epoch 26  2.493123646825552
2024-05-09 11:31:03,065 - mainlogger - INFO - Epoch 27  2.8057932779192924
2024-05-09 11:31:26,992 - mainlogger - INFO - Epoch 28  2.767571784555912
2024-05-09 11:31:54,970 - mainlogger - INFO - Epoch 29  2.4895573891699314
2024-05-09 11:32:11,884 - mainlogger - INFO - Epoch 30  2.392920020967722
2024-05-09 11:32:41,167 - mainlogger - INFO - Epoch 31  2.2824333235621452
2024-05-09 11:32:57,841 - mainlogger - INFO - Dice score: 0.5247
2024-05-09 11:32:57,841 - mainlogger - INFO - Accuracy: 0.9176
2024-05-09 11:33:39,012 - mainlogger - INFO - Dice score: 0.4885
2024-05-09 11:33:39,012 - mainlogger - INFO - Accuracy: 0.9232
2024-05-09 11:33:44,162 - mainlogger - INFO - Epoch 32  2.1413146425038576
2024-05-09 11:33:49,427 - mainlogger - INFO - Epoch 33  2.4151890613138676
2024-05-09 11:33:54,626 - mainlogger - INFO - Epoch 34  2.4247657731175423
2024-05-09 11:33:59,759 - mainlogger - INFO - Epoch 35  2.324149552732706
2024-05-09 11:34:04,876 - mainlogger - INFO - Epoch 36  2.2333303466439247
2024-05-09 11:34:10,066 - mainlogger - INFO - Epoch 37  1.9247051291167736
2024-05-09 11:34:15,474 - mainlogger - INFO - Epoch 38  2.184846993535757
2024-05-09 11:34:20,619 - mainlogger - INFO - Epoch 39  2.1655931174755096
2024-05-09 11:34:25,789 - mainlogger - INFO - Epoch 40  2.290879987180233
2024-05-09 11:34:30,948 - mainlogger - INFO - Epoch 41  2.1810139901936054
2024-05-09 11:34:35,555 - mainlogger - INFO - Dice score: 0.6721
2024-05-09 11:34:35,555 - mainlogger - INFO - Accuracy: 0.9169
2024-05-09 11:34:47,296 - mainlogger - INFO - Dice score: 0.5541
2024-05-09 11:34:47,296 - mainlogger - INFO - Accuracy: 0.9019
2024-05-09 11:35:20,591 - mainlogger - INFO - Epoch 42  2.2811967879533768
2024-05-09 11:35:39,811 - mainlogger - INFO - Epoch 43  2.247090356424451
2024-05-09 11:36:06,379 - mainlogger - INFO - Epoch 44  2.1896705366671085
2024-05-09 11:36:32,809 - mainlogger - INFO - Epoch 45  2.018092770129442
2024-05-09 11:36:51,615 - mainlogger - INFO - Epoch 46  1.9703648183494806
2024-05-09 11:37:21,706 - mainlogger - INFO - Epoch 47  1.9375018551945686
2024-05-09 11:37:36,905 - mainlogger - INFO - Epoch 48  1.9644091371446848
2024-05-09 11:38:09,847 - mainlogger - INFO - Epoch 49  1.8328186310827732
2024-05-09 11:38:26,690 - mainlogger - INFO - Epoch 50  1.924072276800871
2024-05-09 11:38:55,292 - mainlogger - INFO - Epoch 51  1.8981943037360907
2024-05-09 11:39:22,498 - mainlogger - INFO - Dice score: 0.6402
2024-05-09 11:39:22,499 - mainlogger - INFO - Accuracy: 0.9294
2024-05-09 11:40:07,196 - mainlogger - INFO - Dice score: 0.6126
2024-05-09 11:40:07,196 - mainlogger - INFO - Accuracy: 0.9335
2024-05-09 11:40:24,635 - mainlogger - INFO - Epoch 52  1.900960348546505
2024-05-09 11:40:57,313 - mainlogger - INFO - Epoch 53  2.03895930852741
2024-05-09 11:41:08,604 - mainlogger - INFO - Epoch 54  2.051786944270134
2024-05-09 11:41:41,849 - mainlogger - INFO - Epoch 55  1.7948225736618042
2024-05-09 11:41:58,630 - mainlogger - INFO - Epoch 56  1.8449545800685883
2024-05-09 11:42:26,804 - mainlogger - INFO - Epoch 57  1.9724955409765244
2024-05-09 11:42:53,859 - mainlogger - INFO - Epoch 58  1.623939024284482
2024-05-09 11:43:12,100 - mainlogger - INFO - Epoch 59  2.1288673710078
2024-05-09 11:43:42,382 - mainlogger - INFO - Epoch 60  1.7755318135023117
2024-05-09 11:43:56,864 - mainlogger - INFO - Epoch 61  1.75534432195127
2024-05-09 11:44:31,521 - mainlogger - INFO - Dice score: 0.7023
2024-05-09 11:44:31,521 - mainlogger - INFO - Accuracy: 0.9366
2024-05-09 11:45:13,623 - mainlogger - INFO - Dice score: 0.6399
2024-05-09 11:45:13,624 - mainlogger - INFO - Accuracy: 0.9359
2024-05-09 11:45:31,076 - mainlogger - INFO - Epoch 62  1.6707064770162106
2024-05-09 11:45:59,903 - mainlogger - INFO - Epoch 63  1.709749722853303
2024-05-09 11:46:31,696 - mainlogger - INFO - Epoch 64  1.7132243970409036
2024-05-09 11:46:48,259 - mainlogger - INFO - Epoch 65  1.933943711221218
2024-05-09 11:47:21,255 - mainlogger - INFO - Epoch 66  1.5502536315470934
2024-05-09 11:47:49,272 - mainlogger - INFO - Epoch 67  1.8293164502829313
2024-05-09 11:48:10,149 - mainlogger - INFO - Epoch 68  1.886587269604206
2024-05-09 11:48:44,341 - mainlogger - INFO - Epoch 69  1.6975514106452465
2024-05-09 11:49:03,480 - mainlogger - INFO - Epoch 70  1.7023681569844484
2024-05-09 11:49:32,511 - mainlogger - INFO - Epoch 71  1.5150880385190248
2024-05-09 11:50:03,695 - mainlogger - INFO - Dice score: 0.6696
2024-05-09 11:50:03,696 - mainlogger - INFO - Accuracy: 0.9357
2024-05-09 11:50:53,939 - mainlogger - INFO - Dice score: 0.5729
2024-05-09 11:50:53,939 - mainlogger - INFO - Accuracy: 0.9317
2024-05-09 11:51:15,583 - mainlogger - INFO - Epoch 72  1.7530893497169018
2024-05-09 11:51:44,049 - mainlogger - INFO - Epoch 73  1.5622683446854353
2024-05-09 11:52:19,891 - mainlogger - INFO - Epoch 74  1.4451683070510626
2024-05-09 11:52:41,684 - mainlogger - INFO - Epoch 75  1.6083873510360718
2024-05-09 11:53:09,319 - mainlogger - INFO - Epoch 76  1.3178771305829287
2024-05-09 11:53:39,686 - mainlogger - INFO - Epoch 77  1.576177066192031
2024-05-09 11:54:01,081 - mainlogger - INFO - Epoch 78  1.2917444556951523
2024-05-09 11:54:32,795 - mainlogger - INFO - Epoch 79  1.2622789284214377
2024-05-09 11:55:02,340 - mainlogger - INFO - Epoch 80  1.2013366678729653
2024-05-09 11:55:21,720 - mainlogger - INFO - Epoch 81  1.3931066542863846
2024-05-09 11:55:56,830 - mainlogger - INFO - Dice score: 0.7726
2024-05-09 11:55:56,830 - mainlogger - INFO - Accuracy: 0.9464
2024-05-09 11:56:43,654 - mainlogger - INFO - Dice score: 0.606
2024-05-09 11:56:43,655 - mainlogger - INFO - Accuracy: 0.9233
2024-05-09 11:57:18,167 - mainlogger - INFO - Epoch 82  1.5581220863386989
2024-05-09 11:57:37,929 - mainlogger - INFO - Epoch 83  1.3823317550122738
2024-05-09 11:58:06,087 - mainlogger - INFO - Epoch 84  1.2368500912562013
2024-05-09 11:58:36,272 - mainlogger - INFO - Epoch 85  1.2854182720184326
2024-05-09 11:58:54,896 - mainlogger - INFO - Epoch 86  1.2158747743815184
2024-05-09 11:59:29,179 - mainlogger - INFO - Epoch 87  1.270590559579432
2024-05-09 11:59:57,420 - mainlogger - INFO - Epoch 88  1.3641818165779114
2024-05-09 12:00:19,045 - mainlogger - INFO - Epoch 89  1.3107610549777746
2024-05-09 12:00:53,733 - mainlogger - INFO - Epoch 90  1.6151930317282677
2024-05-09 12:01:17,512 - mainlogger - INFO - Epoch 91  1.242742383852601
2024-05-09 12:01:43,485 - mainlogger - INFO - Dice score: 0.7662
2024-05-09 12:01:43,485 - mainlogger - INFO - Accuracy: 0.9438
2024-05-09 12:02:33,124 - mainlogger - INFO - Dice score: 0.6281
2024-05-09 12:02:33,125 - mainlogger - INFO - Accuracy: 0.9238
2024-05-09 12:03:04,046 - mainlogger - INFO - Epoch 92  1.6304268017411232
2024-05-09 12:03:34,341 - mainlogger - INFO - Epoch 93  1.2794029638171196
2024-05-09 12:04:00,961 - mainlogger - INFO - Epoch 94  1.2668540989980102
2024-05-09 12:04:31,890 - mainlogger - INFO - Epoch 95  1.3295910954475403
2024-05-09 12:05:03,068 - mainlogger - INFO - Epoch 96  1.092572913505137
2024-05-09 12:05:17,913 - mainlogger - INFO - Epoch 97  1.0905850296840072
2024-05-09 12:05:23,838 - mainlogger - INFO - Epoch 98  0.9245506227016449
2024-05-09 12:05:29,855 - mainlogger - INFO - Epoch 99  1.0250779842026532
2024-05-09 12:05:35,516 - mainlogger - INFO - Dice score: 0.8097
2024-05-09 12:05:35,516 - mainlogger - INFO - Accuracy: 0.9568
2024-05-09 12:05:44,912 - mainlogger - INFO - Dice score: 0.6444
2024-05-09 12:05:44,913 - mainlogger - INFO - Accuracy: 0.9325
2024-05-09 12:05:44,913 - mainlogger - INFO - (95, 99)
2024-05-09 12:05:44,913 - mainlogger - INFO - 0.6182696229697241
