2024-05-09 12:05:51,938 - mainlogger - INFO - 20266
2024-05-09 12:05:51,938 - mainlogger - INFO - <class '__main__.UniversegPipeline'>
2024-05-09 12:05:51,938 - mainlogger - INFO - universeg_config/big/lr2.yaml
2024-05-09 12:05:51,938 - mainlogger - INFO - {'desc': '输入单通道，大小384', 'log_dir': 'universeg_config/big/log', 'batch_size': 4, 'epochs': 100, 'k': 2, 'root_dir': '/home/4T/zcr/dataset/Dataset_BUSI', 'model': {'name': 'universeg.universeg.UniverSeg', 'args': {'encoder_blocks': [64, 128, 256, 256, 512], 'in_ch': [1, 2]}}, 'trainset': {'name': 'datasetBUSI.mask_busi_single.MaskBUSISingle', 'args': {'root_dir': '/home/4T/zcr/dataset/Dataset_BUSI', 'image_names_path': 'labeled20.txt', 'mode': 'train'}}, 'testset': {'name': 'datasetBUSI.mask_busi_single.MaskBUSISingle', 'args': {'root_dir': '/home/4T/zcr/dataset/Dataset_BUSI', 'image_names_path': 'test.txt', 'mode': 'test'}}, 'criterion': {'name': 'spgutils.focalloss.BinaryFocalLoss', 'args': {'gamma': 1}}, 'optimizer': {'name': 'torch.optim.Adam', 'args': {'lr': 0.00015}}, 'scheduler': {'name': 'torch.optim.lr_scheduler.StepLR', 'args': {'step_size': 1, 'gamma': 0.99}}}
2024-05-09 12:05:51,939 - mainlogger - INFO - 20.486313819885254
2024-05-09 12:06:06,592 - mainlogger - INFO - Epoch 0  5.856206424534321
2024-05-09 12:06:12,689 - mainlogger - INFO - Epoch 1  3.309226132929325
2024-05-09 12:06:18,229 - mainlogger - INFO - Dice score: 0.02666
2024-05-09 12:06:18,229 - mainlogger - INFO - Accuracy: 0.8803
2024-05-09 12:06:29,439 - mainlogger - INFO - Dice score: 0.009332
2024-05-09 12:06:29,439 - mainlogger - INFO - Accuracy: 0.8994
2024-05-09 12:06:40,700 - mainlogger - INFO - Epoch 2  3.4581629186868668
2024-05-09 12:07:16,336 - mainlogger - INFO - Epoch 3  3.37167302146554
2024-05-09 12:07:43,812 - mainlogger - INFO - Epoch 4  3.479995161294937
2024-05-09 12:08:05,795 - mainlogger - INFO - Epoch 5  3.261199690401554
2024-05-09 12:08:40,439 - mainlogger - INFO - Epoch 6  3.2985974103212357
2024-05-09 12:09:01,937 - mainlogger - INFO - Epoch 7  3.1412000358104706
2024-05-09 12:09:07,019 - mainlogger - INFO - Epoch 8  3.2732733115553856
2024-05-09 12:09:14,441 - mainlogger - INFO - Epoch 9  3.1861415281891823
2024-05-09 12:09:35,373 - mainlogger - INFO - Epoch 10  3.7810895144939423
2024-05-09 12:10:03,867 - mainlogger - INFO - Epoch 11  3.3668631315231323
2024-05-09 12:10:39,888 - mainlogger - INFO - Dice score: 0.09357
2024-05-09 12:10:39,888 - mainlogger - INFO - Accuracy: 0.8858
2024-05-09 12:11:26,220 - mainlogger - INFO - Dice score: 0.0811
2024-05-09 12:11:26,221 - mainlogger - INFO - Accuracy: 0.9025
2024-05-09 12:11:55,557 - mainlogger - INFO - Epoch 12  3.221389815211296
2024-05-09 12:12:15,646 - mainlogger - INFO - Epoch 13  3.0727758426219225
2024-05-09 12:12:49,633 - mainlogger - INFO - Epoch 14  3.169800542294979
2024-05-09 12:13:11,403 - mainlogger - INFO - Epoch 15  3.528390698134899
2024-05-09 12:13:39,080 - mainlogger - INFO - Epoch 16  3.141995206475258
2024-05-09 12:14:13,410 - mainlogger - INFO - Epoch 17  3.1501817107200623
2024-05-09 12:14:37,684 - mainlogger - INFO - Epoch 18  2.967095136642456
2024-05-09 12:15:03,336 - mainlogger - INFO - Epoch 19  3.38868760317564
2024-05-09 12:15:35,817 - mainlogger - INFO - Epoch 20  3.207127947360277
2024-05-09 12:15:57,328 - mainlogger - INFO - Epoch 21  3.2302833274006844
2024-05-09 12:16:29,685 - mainlogger - INFO - Dice score: 0.2283
2024-05-09 12:16:29,686 - mainlogger - INFO - Accuracy: 0.8843
2024-05-09 12:17:19,466 - mainlogger - INFO - Dice score: 0.1768
2024-05-09 12:17:19,467 - mainlogger - INFO - Accuracy: 0.8996
2024-05-09 12:17:52,283 - mainlogger - INFO - Epoch 22  2.959012359380722
2024-05-09 12:18:22,800 - mainlogger - INFO - Epoch 23  3.1566115096211433
2024-05-09 12:18:39,713 - mainlogger - INFO - Epoch 24  2.816456537693739
2024-05-09 12:19:13,225 - mainlogger - INFO - Epoch 25  3.289438273757696
2024-05-09 12:19:35,132 - mainlogger - INFO - Epoch 26  2.9350434094667435
2024-05-09 12:20:02,360 - mainlogger - INFO - Epoch 27  3.507635898888111
2024-05-09 12:20:36,190 - mainlogger - INFO - Epoch 28  3.3032282814383507
2024-05-09 12:20:57,734 - mainlogger - INFO - Epoch 29  3.0908904001116753
2024-05-09 12:21:25,467 - mainlogger - INFO - Epoch 30  3.0286550633609295
2024-05-09 12:21:54,708 - mainlogger - INFO - Epoch 31  2.989964075386524
2024-05-09 12:22:22,256 - mainlogger - INFO - Dice score: 0.3805
2024-05-09 12:22:22,257 - mainlogger - INFO - Accuracy: 0.8969
2024-05-09 12:23:17,419 - mainlogger - INFO - Dice score: 0.2393
2024-05-09 12:23:17,419 - mainlogger - INFO - Accuracy: 0.9005
2024-05-09 12:23:38,527 - mainlogger - INFO - Epoch 32  2.994734011590481
2024-05-09 12:24:13,655 - mainlogger - INFO - Epoch 33  3.0301025584340096
2024-05-09 12:24:42,518 - mainlogger - INFO - Epoch 34  2.8128677885979414
2024-05-09 12:25:03,537 - mainlogger - INFO - Epoch 35  2.7378266267478466
2024-05-09 12:25:40,787 - mainlogger - INFO - Epoch 36  3.0006451159715652
2024-05-09 12:26:10,689 - mainlogger - INFO - Epoch 37  2.82306519895792
2024-05-09 12:26:30,781 - mainlogger - INFO - Epoch 38  2.9544058442115784
2024-05-09 12:27:05,131 - mainlogger - INFO - Epoch 39  2.845401305705309
2024-05-09 12:27:29,925 - mainlogger - INFO - Epoch 40  3.0006048008799553
2024-05-09 12:27:56,216 - mainlogger - INFO - Epoch 41  2.79154184833169
2024-05-09 12:28:32,935 - mainlogger - INFO - Dice score: 0.5529
2024-05-09 12:28:32,936 - mainlogger - INFO - Accuracy: 0.868
2024-05-09 12:29:21,293 - mainlogger - INFO - Dice score: 0.4748
2024-05-09 12:29:21,293 - mainlogger - INFO - Accuracy: 0.862
2024-05-09 12:29:55,505 - mainlogger - INFO - Epoch 42  2.9917326271533966
2024-05-09 12:30:19,616 - mainlogger - INFO - Epoch 43  2.804177202284336
2024-05-09 12:30:45,846 - mainlogger - INFO - Epoch 44  2.6971776075661182
2024-05-09 12:31:18,970 - mainlogger - INFO - Epoch 45  2.639612030237913
2024-05-09 12:31:40,691 - mainlogger - INFO - Epoch 46  2.396938730031252
2024-05-09 12:32:10,845 - mainlogger - INFO - Epoch 47  2.718544155359268
2024-05-09 12:32:44,482 - mainlogger - INFO - Epoch 48  2.590083047747612
2024-05-09 12:33:05,706 - mainlogger - INFO - Epoch 49  2.313817746937275
2024-05-09 12:33:36,306 - mainlogger - INFO - Epoch 50  2.461635183542967
2024-05-09 12:34:10,917 - mainlogger - INFO - Epoch 51  2.423214729875326
2024-05-09 12:34:36,316 - mainlogger - INFO - Dice score: 0.5088
2024-05-09 12:34:36,317 - mainlogger - INFO - Accuracy: 0.9155
2024-05-09 12:35:10,308 - mainlogger - INFO - Dice score: 0.4815
2024-05-09 12:35:10,309 - mainlogger - INFO - Accuracy: 0.9243
2024-05-09 12:35:16,333 - mainlogger - INFO - Epoch 52  2.4651306457817554
2024-05-09 12:35:22,416 - mainlogger - INFO - Epoch 53  2.3386139646172523
2024-05-09 12:35:28,379 - mainlogger - INFO - Epoch 54  2.4807580038905144
2024-05-09 12:35:34,538 - mainlogger - INFO - Epoch 55  2.359358634799719
2024-05-09 12:35:40,535 - mainlogger - INFO - Epoch 56  2.3202485032379627
2024-05-09 12:35:46,375 - mainlogger - INFO - Epoch 57  2.3150677513331175
2024-05-09 12:35:52,560 - mainlogger - INFO - Epoch 58  1.977630728855729
2024-05-09 12:35:58,632 - mainlogger - INFO - Epoch 59  2.5385243892669678
2024-05-09 12:36:04,639 - mainlogger - INFO - Epoch 60  2.1710017807781696
2024-05-09 12:36:10,938 - mainlogger - INFO - Epoch 61  2.2597527876496315
2024-05-09 12:36:16,488 - mainlogger - INFO - Dice score: 0.5973
2024-05-09 12:36:16,488 - mainlogger - INFO - Accuracy: 0.9242
2024-05-09 12:36:25,811 - mainlogger - INFO - Dice score: 0.5383
2024-05-09 12:36:25,811 - mainlogger - INFO - Accuracy: 0.9288
2024-05-09 12:36:32,716 - mainlogger - INFO - Epoch 62  2.0294321067631245
2024-05-09 12:36:39,163 - mainlogger - INFO - Epoch 63  1.9347169436514378
2024-05-09 12:36:47,207 - mainlogger - INFO - Epoch 64  2.0502512622624636
2024-05-09 12:36:54,888 - mainlogger - INFO - Epoch 65  2.34137911722064
2024-05-09 12:37:00,933 - mainlogger - INFO - Epoch 66  1.9226217903196812
2024-05-09 12:37:06,752 - mainlogger - INFO - Epoch 67  2.3319492638111115
2024-05-09 12:37:12,875 - mainlogger - INFO - Epoch 68  2.3010633029043674
2024-05-09 12:37:18,808 - mainlogger - INFO - Epoch 69  2.0934076234698296
2024-05-09 12:37:25,815 - mainlogger - INFO - Epoch 70  1.9933223761618137
2024-05-09 12:37:31,846 - mainlogger - INFO - Epoch 71  1.964751709252596
2024-05-09 12:37:37,738 - mainlogger - INFO - Dice score: 0.5404
2024-05-09 12:37:37,738 - mainlogger - INFO - Accuracy: 0.9207
2024-05-09 12:37:48,454 - mainlogger - INFO - Dice score: 0.4388
2024-05-09 12:37:48,454 - mainlogger - INFO - Accuracy: 0.9232
2024-05-09 12:37:55,963 - mainlogger - INFO - Epoch 72  2.296333024278283
2024-05-09 12:38:03,230 - mainlogger - INFO - Epoch 73  1.9787476547062397
2024-05-09 12:38:10,381 - mainlogger - INFO - Epoch 74  1.786615278571844
2024-05-09 12:38:16,427 - mainlogger - INFO - Epoch 75  1.88288664072752
2024-05-09 12:38:22,627 - mainlogger - INFO - Epoch 76  1.7572181969881058
2024-05-09 12:38:28,645 - mainlogger - INFO - Epoch 77  1.8493388406932354
2024-05-09 12:38:35,128 - mainlogger - INFO - Epoch 78  1.7504418212920427
2024-05-09 12:38:41,424 - mainlogger - INFO - Epoch 79  1.7311654426157475
2024-05-09 12:38:49,804 - mainlogger - INFO - Epoch 80  1.5482610948383808
2024-05-09 12:38:56,838 - mainlogger - INFO - Epoch 81  1.9852610789239407
2024-05-09 12:39:03,962 - mainlogger - INFO - Dice score: 0.6917
2024-05-09 12:39:03,962 - mainlogger - INFO - Accuracy: 0.9351
2024-05-09 12:39:14,354 - mainlogger - INFO - Dice score: 0.5708
2024-05-09 12:39:14,355 - mainlogger - INFO - Accuracy: 0.9284
2024-05-09 12:39:20,456 - mainlogger - INFO - Epoch 82  1.7329173092730343
2024-05-09 12:39:26,471 - mainlogger - INFO - Epoch 83  1.7154616471379995
2024-05-09 12:39:32,325 - mainlogger - INFO - Epoch 84  1.5551997344009578
2024-05-09 12:39:39,147 - mainlogger - INFO - Epoch 85  1.607669485732913
2024-05-09 12:39:45,246 - mainlogger - INFO - Epoch 86  1.4480355326086283
2024-05-09 12:39:52,624 - mainlogger - INFO - Epoch 87  1.7589299026876688
2024-05-09 12:40:03,967 - mainlogger - INFO - Epoch 88  1.6595933958888054
2024-05-09 12:40:11,496 - mainlogger - INFO - Epoch 89  1.5518876779824495
2024-05-09 12:40:19,075 - mainlogger - INFO - Epoch 90  1.5403424371033907
2024-05-09 12:40:25,257 - mainlogger - INFO - Epoch 91  1.462554270401597
2024-05-09 12:40:32,094 - mainlogger - INFO - Dice score: 0.727
2024-05-09 12:40:32,094 - mainlogger - INFO - Accuracy: 0.9317
2024-05-09 12:40:42,995 - mainlogger - INFO - Dice score: 0.6012
2024-05-09 12:40:42,996 - mainlogger - INFO - Accuracy: 0.9171
2024-05-09 12:40:49,270 - mainlogger - INFO - Epoch 92  1.694744547829032
2024-05-09 12:40:56,097 - mainlogger - INFO - Epoch 93  1.5315178530290723
2024-05-09 12:41:02,212 - mainlogger - INFO - Epoch 94  1.5103272646665573
2024-05-09 12:41:08,247 - mainlogger - INFO - Epoch 95  1.5822397321462631
2024-05-09 12:41:14,053 - mainlogger - INFO - Epoch 96  1.295176380313933
2024-05-09 12:41:20,387 - mainlogger - INFO - Epoch 97  1.4453086834400892
2024-05-09 12:41:27,214 - mainlogger - INFO - Epoch 98  1.234695190563798
2024-05-09 12:41:33,443 - mainlogger - INFO - Epoch 99  1.3148705745115876
2024-05-09 12:41:39,051 - mainlogger - INFO - Dice score: 0.7406
2024-05-09 12:41:39,051 - mainlogger - INFO - Accuracy: 0.947
2024-05-09 12:41:50,947 - mainlogger - INFO - Dice score: 0.602
2024-05-09 12:41:50,947 - mainlogger - INFO - Accuracy: 0.9346
2024-05-09 12:41:50,948 - mainlogger - INFO - (95, 99)
2024-05-09 12:41:50,948 - mainlogger - INFO - 0.5502289520175153
