2024-05-28 10:53:30,871 - mainlogger - INFO - 21222
2024-05-28 10:53:30,871 - mainlogger - INFO - <class '__main__.UniversegPipeline'>
2024-05-28 10:53:30,871 - mainlogger - INFO - full/big_model_bigk/leaky_relu.yaml
2024-05-28 10:53:30,871 - mainlogger - INFO - {'desc': '增大模型底层通道，减小顶层通道，增大k，损失函数改成交叉熵', 'batch_size': 4, 'epochs': 100, 'k': 40, 'test_k': 64, 'init': True, 'debug': True, 'root_dir': '/home/4T/zcr/dataset/Dataset_BUSI', 'model': {'name': 'universeg_res.universeg.UniverSeg', 'args': {'channels': [16, 32, 64, 128, 256], 'num_layers': [1, 1, 1, 1, 1], 'in_channels': [1, 2], 'act': 'LeakyReLU'}}, 'trainset': {'name': 'datasetBUSI.mask_busi_single.MaskBUSISingle', 'args': {'root_dir': '/home/4T/zcr/dataset/Dataset_BUSI', 'image_names_path': 'labeled_all.txt', 'mode': 'train'}}, 'testset': {'name': 'datasetBUSI.mask_busi_single.MaskBUSISingle', 'args': {'root_dir': '/home/4T/zcr/dataset/Dataset_BUSI', 'image_names_path': 'test.txt', 'mode': 'test'}}, 'validset': {'name': 'datasetBUSI.mask_busi_single.MaskBUSISingle', 'args': {'root_dir': '/home/4T/zcr/dataset/Dataset_BUSI', 'image_names_path': 'val.txt', 'mode': 'test'}}, 'criterion': {'name': 'spgutils.focalloss.BinaryFocalLoss', 'args': {'gamma': 0}}, 'optimizer': {'name': 'torch.optim.Adam', 'args': {'lr': 0.001}}, 'scheduler': {'name': 'torch.optim.lr_scheduler.ReduceLROnPlateau', 'args': {'mode': 'max', 'factor': 0.85, 'patience': 3}}}
2024-05-28 10:53:30,873 - mainlogger - INFO - 3.933145523071289
2024-05-28 10:53:30,886 - mainlogger - INFO - init with leaky_relu
2024-05-28 10:56:01,246 - mainlogger - INFO - Dice score: 0.1824
2024-05-28 10:56:01,246 - mainlogger - INFO - Accuracy: 0.1012
2024-05-28 11:01:02,013 - mainlogger - INFO - Epoch 0  59.27629241347313
2024-05-28 11:01:02,014 - mainlogger - INFO - ********************************************************************************
2024-05-28 11:05:56,628 - mainlogger - INFO - Epoch 1  55.23142069578171
2024-05-28 11:05:56,628 - mainlogger - INFO - ********************************************************************************
2024-05-28 11:10:51,960 - mainlogger - INFO - Epoch 2  51.23990735411644
2024-05-28 11:10:51,960 - mainlogger - INFO - ********************************************************************************
2024-05-28 11:15:47,504 - mainlogger - INFO - Epoch 3  48.34952148795128
2024-05-28 11:15:47,504 - mainlogger - INFO - ********************************************************************************
2024-05-28 11:20:43,445 - mainlogger - INFO - Epoch 4  44.86327537894249
2024-05-28 11:20:43,445 - mainlogger - INFO - ********************************************************************************
2024-05-28 11:25:38,604 - mainlogger - INFO - Epoch 5  42.5263032913208
2024-05-28 11:25:38,605 - mainlogger - INFO - ********************************************************************************
2024-05-28 11:30:33,716 - mainlogger - INFO - Epoch 6  39.7326897084713
2024-05-28 11:30:33,716 - mainlogger - INFO - ********************************************************************************
2024-05-28 11:35:28,013 - mainlogger - INFO - Epoch 7  38.70013254880905
2024-05-28 11:35:28,013 - mainlogger - INFO - ********************************************************************************
2024-05-28 11:40:22,976 - mainlogger - INFO - Epoch 8  36.27416491508484
2024-05-28 11:40:22,976 - mainlogger - INFO - ********************************************************************************
2024-05-28 11:45:16,996 - mainlogger - INFO - Epoch 9  35.08051057159901
2024-05-28 11:45:16,996 - mainlogger - INFO - ********************************************************************************
2024-05-28 11:50:11,640 - mainlogger - INFO - Epoch 10  32.96041789650917
2024-05-28 11:50:11,640 - mainlogger - INFO - ********************************************************************************
2024-05-28 11:54:56,996 - mainlogger - INFO - Epoch 11  31.48502279818058
2024-05-28 11:54:56,996 - mainlogger - INFO - ********************************************************************************
2024-05-28 11:59:52,036 - mainlogger - INFO - Epoch 12  29.931427627801895
2024-05-28 11:59:52,036 - mainlogger - INFO - ********************************************************************************
2024-05-28 12:04:46,812 - mainlogger - INFO - Epoch 13  29.166917979717255
2024-05-28 12:04:46,813 - mainlogger - INFO - ********************************************************************************
2024-05-28 12:09:41,766 - mainlogger - INFO - Epoch 14  27.99892258644104
2024-05-28 12:09:41,766 - mainlogger - INFO - ********************************************************************************
2024-05-28 12:14:35,585 - mainlogger - INFO - Epoch 15  26.842306315898895
2024-05-28 12:14:35,585 - mainlogger - INFO - ********************************************************************************
2024-05-28 12:19:30,152 - mainlogger - INFO - Epoch 16  26.770238056778908
2024-05-28 12:19:30,153 - mainlogger - INFO - ********************************************************************************
2024-05-28 12:24:24,132 - mainlogger - INFO - Epoch 17  25.717786893248558
2024-05-28 12:24:24,132 - mainlogger - INFO - ********************************************************************************
2024-05-28 12:29:18,448 - mainlogger - INFO - Epoch 18  24.132493391633034
2024-05-28 12:29:18,448 - mainlogger - INFO - ********************************************************************************
2024-05-28 12:34:13,069 - mainlogger - INFO - Epoch 19  24.190757766366005
2024-05-28 12:34:13,069 - mainlogger - INFO - ********************************************************************************
2024-05-28 12:39:07,832 - mainlogger - INFO - Epoch 20  23.522653490304947
2024-05-28 12:39:07,833 - mainlogger - INFO - ********************************************************************************
2024-05-28 12:44:01,408 - mainlogger - INFO - Epoch 21  22.732150822877884
2024-05-28 12:44:01,408 - mainlogger - INFO - ********************************************************************************
2024-05-28 12:48:56,002 - mainlogger - INFO - Epoch 22  21.58333294093609
2024-05-28 12:48:56,002 - mainlogger - INFO - ********************************************************************************
2024-05-28 12:53:49,820 - mainlogger - INFO - Epoch 23  20.406686201691628
2024-05-28 12:53:49,820 - mainlogger - INFO - ********************************************************************************
2024-05-28 12:58:43,768 - mainlogger - INFO - Epoch 24  20.460869997739792
2024-05-28 12:58:43,768 - mainlogger - INFO - ********************************************************************************
2024-05-28 13:03:37,441 - mainlogger - INFO - Epoch 25  19.656792864203453
2024-05-28 13:03:37,441 - mainlogger - INFO - ********************************************************************************
2024-05-28 13:08:32,123 - mainlogger - INFO - Epoch 26  19.604919478297234
2024-05-28 13:08:32,123 - mainlogger - INFO - ********************************************************************************
2024-05-28 13:13:25,793 - mainlogger - INFO - Epoch 27  20.021111637353897
2024-05-28 13:13:25,794 - mainlogger - INFO - ********************************************************************************
2024-05-28 13:18:20,113 - mainlogger - INFO - Epoch 28  19.42192317545414
2024-05-28 13:18:20,114 - mainlogger - INFO - ********************************************************************************
2024-05-28 13:23:14,797 - mainlogger - INFO - Epoch 29  18.356485903263092
2024-05-28 13:23:14,797 - mainlogger - INFO - ********************************************************************************
2024-05-28 13:28:08,556 - mainlogger - INFO - Epoch 30  18.34606324136257
2024-05-28 13:28:08,556 - mainlogger - INFO - valid
2024-05-28 13:30:30,830 - mainlogger - INFO - Dice score: 0.7395
2024-05-28 13:30:30,830 - mainlogger - INFO - Accuracy: 0.9521
2024-05-28 13:30:30,834 - mainlogger - DEBUG - test
2024-05-28 13:32:53,264 - mainlogger - INFO - Dice score: 0.7281
2024-05-28 13:32:53,264 - mainlogger - INFO - Accuracy: 0.9515
2024-05-28 13:32:53,266 - mainlogger - INFO - ********************************************************************************
2024-05-28 13:37:46,509 - mainlogger - INFO - Epoch 31  18.007614597678185
2024-05-28 13:37:46,509 - mainlogger - INFO - valid
2024-05-28 13:40:08,618 - mainlogger - INFO - Dice score: 0.7466
2024-05-28 13:40:08,618 - mainlogger - INFO - Accuracy: 0.9541
2024-05-28 13:40:08,623 - mainlogger - DEBUG - test
2024-05-28 13:42:30,345 - mainlogger - INFO - Dice score: 0.7395
2024-05-28 13:42:30,345 - mainlogger - INFO - Accuracy: 0.9534
2024-05-28 13:42:30,349 - mainlogger - INFO - ********************************************************************************
2024-05-28 13:47:23,789 - mainlogger - INFO - Epoch 32  18.055128149688244
2024-05-28 13:47:23,790 - mainlogger - INFO - valid
2024-05-28 13:49:45,465 - mainlogger - INFO - Dice score: 0.71
2024-05-28 13:49:45,465 - mainlogger - INFO - Accuracy: 0.948
2024-05-28 13:49:45,466 - mainlogger - DEBUG - test
2024-05-28 13:52:07,857 - mainlogger - INFO - Dice score: 0.7146
2024-05-28 13:52:07,857 - mainlogger - INFO - Accuracy: 0.9505
2024-05-28 13:52:07,861 - mainlogger - INFO - ********************************************************************************
2024-05-28 13:57:03,278 - mainlogger - INFO - Epoch 33  16.927895978093147
2024-05-28 13:57:03,278 - mainlogger - INFO - valid
2024-05-28 13:59:24,532 - mainlogger - INFO - Dice score: 0.695
2024-05-28 13:59:24,532 - mainlogger - INFO - Accuracy: 0.942
2024-05-28 13:59:24,536 - mainlogger - DEBUG - test
2024-05-28 14:01:47,329 - mainlogger - INFO - Dice score: 0.7284
2024-05-28 14:01:47,329 - mainlogger - INFO - Accuracy: 0.9512
2024-05-28 14:01:47,331 - mainlogger - INFO - ********************************************************************************
2024-05-28 14:06:44,980 - mainlogger - INFO - Epoch 34  18.050124667584896
2024-05-28 14:06:44,980 - mainlogger - INFO - valid
2024-05-28 14:09:06,325 - mainlogger - INFO - Dice score: 0.7018
2024-05-28 14:09:06,325 - mainlogger - INFO - Accuracy: 0.9432
2024-05-28 14:09:06,326 - mainlogger - DEBUG - test
2024-05-28 14:11:28,667 - mainlogger - INFO - Dice score: 0.7211
2024-05-28 14:11:28,667 - mainlogger - INFO - Accuracy: 0.95
2024-05-28 14:11:28,669 - mainlogger - INFO - ********************************************************************************
2024-05-28 14:16:23,895 - mainlogger - INFO - Epoch 35  16.96767647564411
2024-05-28 14:16:23,895 - mainlogger - INFO - valid
2024-05-28 14:18:45,227 - mainlogger - INFO - Dice score: 0.734
2024-05-28 14:18:45,227 - mainlogger - INFO - Accuracy: 0.9486
2024-05-28 14:18:45,228 - mainlogger - INFO - 0.001->0.00085
2024-05-28 14:18:45,228 - mainlogger - DEBUG - test
2024-05-28 14:21:07,605 - mainlogger - INFO - Dice score: 0.7543
2024-05-28 14:21:07,605 - mainlogger - INFO - Accuracy: 0.9542
2024-05-28 14:21:07,607 - mainlogger - INFO - ********************************************************************************
2024-05-28 14:25:53,398 - mainlogger - INFO - Epoch 36  16.263409830629826
2024-05-28 14:25:53,398 - mainlogger - INFO - valid
2024-05-28 14:28:16,552 - mainlogger - INFO - Dice score: 0.727
2024-05-28 14:28:16,552 - mainlogger - INFO - Accuracy: 0.9451
2024-05-28 14:28:16,552 - mainlogger - DEBUG - test
2024-05-28 14:30:39,636 - mainlogger - INFO - Dice score: 0.74
2024-05-28 14:30:39,636 - mainlogger - INFO - Accuracy: 0.9505
2024-05-28 14:30:39,637 - mainlogger - INFO - ********************************************************************************
2024-05-28 14:35:34,773 - mainlogger - INFO - Epoch 37  15.85522472858429
2024-05-28 14:35:34,774 - mainlogger - INFO - valid
2024-05-28 14:37:56,827 - mainlogger - INFO - Dice score: 0.727
2024-05-28 14:37:56,827 - mainlogger - INFO - Accuracy: 0.9431
2024-05-28 14:37:56,831 - mainlogger - DEBUG - test
2024-05-28 14:40:19,689 - mainlogger - INFO - Dice score: 0.7587
2024-05-28 14:40:19,689 - mainlogger - INFO - Accuracy: 0.9522
2024-05-28 14:40:19,692 - mainlogger - INFO - ********************************************************************************
2024-05-28 14:45:14,438 - mainlogger - INFO - Epoch 38  15.66668650507927
2024-05-28 14:45:14,438 - mainlogger - INFO - valid
2024-05-28 14:47:35,775 - mainlogger - INFO - Dice score: 0.7311
2024-05-28 14:47:35,775 - mainlogger - INFO - Accuracy: 0.9497
2024-05-28 14:47:35,779 - mainlogger - DEBUG - test
2024-05-28 14:49:57,979 - mainlogger - INFO - Dice score: 0.7447
2024-05-28 14:49:57,979 - mainlogger - INFO - Accuracy: 0.9538
2024-05-28 14:49:57,980 - mainlogger - INFO - ********************************************************************************
2024-05-28 14:54:52,838 - mainlogger - INFO - Epoch 39  16.046151883900166
2024-05-28 14:54:52,838 - mainlogger - INFO - valid
2024-05-28 14:57:14,490 - mainlogger - INFO - Dice score: 0.7381
2024-05-28 14:57:14,491 - mainlogger - INFO - Accuracy: 0.9475
2024-05-28 14:57:14,491 - mainlogger - INFO - 0.00085->0.0007224999999999999
2024-05-28 14:57:14,492 - mainlogger - DEBUG - test
2024-05-28 14:59:36,892 - mainlogger - INFO - Dice score: 0.7391
2024-05-28 14:59:36,892 - mainlogger - INFO - Accuracy: 0.9512
2024-05-28 14:59:36,893 - mainlogger - INFO - ********************************************************************************
2024-05-28 15:04:32,477 - mainlogger - INFO - Epoch 40  16.110074043273926
2024-05-28 15:04:32,477 - mainlogger - INFO - valid
2024-05-28 15:06:54,042 - mainlogger - INFO - Dice score: 0.7511
2024-05-28 15:06:54,042 - mainlogger - INFO - Accuracy: 0.9542
2024-05-28 15:06:54,047 - mainlogger - DEBUG - test
2024-05-28 15:09:16,777 - mainlogger - INFO - Dice score: 0.7324
2024-05-28 15:09:16,778 - mainlogger - INFO - Accuracy: 0.9519
2024-05-28 15:09:16,781 - mainlogger - INFO - ********************************************************************************
2024-05-28 15:14:11,646 - mainlogger - INFO - Epoch 41  15.118236973881721
2024-05-28 15:14:11,646 - mainlogger - INFO - valid
2024-05-28 15:16:33,434 - mainlogger - INFO - Dice score: 0.7387
2024-05-28 15:16:33,434 - mainlogger - INFO - Accuracy: 0.9487
2024-05-28 15:16:33,435 - mainlogger - DEBUG - test
2024-05-28 15:18:56,179 - mainlogger - INFO - Dice score: 0.7486
2024-05-28 15:18:56,179 - mainlogger - INFO - Accuracy: 0.9526
2024-05-28 15:18:56,181 - mainlogger - INFO - ********************************************************************************
2024-05-28 15:23:51,578 - mainlogger - INFO - Epoch 42  14.23413147777319
2024-05-28 15:23:51,579 - mainlogger - INFO - valid
2024-05-28 15:26:13,449 - mainlogger - INFO - Dice score: 0.7365
2024-05-28 15:26:13,449 - mainlogger - INFO - Accuracy: 0.9441
2024-05-28 15:26:13,450 - mainlogger - DEBUG - test
2024-05-28 15:28:36,216 - mainlogger - INFO - Dice score: 0.755
2024-05-28 15:28:36,216 - mainlogger - INFO - Accuracy: 0.9503
2024-05-28 15:28:36,217 - mainlogger - INFO - ********************************************************************************
2024-05-28 15:33:31,323 - mainlogger - INFO - Epoch 43  14.508968457579613
2024-05-28 15:33:31,323 - mainlogger - INFO - valid
2024-05-28 15:35:52,764 - mainlogger - INFO - Dice score: 0.7049
2024-05-28 15:35:52,764 - mainlogger - INFO - Accuracy: 0.9314
2024-05-28 15:35:52,765 - mainlogger - DEBUG - test
2024-05-28 15:38:15,249 - mainlogger - INFO - Dice score: 0.7232
2024-05-28 15:38:15,249 - mainlogger - INFO - Accuracy: 0.9379
2024-05-28 15:38:15,252 - mainlogger - INFO - ********************************************************************************
2024-05-28 15:43:10,156 - mainlogger - INFO - Epoch 44  14.781954541802406
2024-05-28 15:43:10,156 - mainlogger - INFO - valid
2024-05-28 15:45:31,854 - mainlogger - INFO - Dice score: 0.7542
2024-05-28 15:45:31,855 - mainlogger - INFO - Accuracy: 0.9502
2024-05-28 15:45:31,861 - mainlogger - DEBUG - test
2024-05-28 15:47:54,051 - mainlogger - INFO - Dice score: 0.7302
2024-05-28 15:47:54,051 - mainlogger - INFO - Accuracy: 0.9466
2024-05-28 15:47:54,052 - mainlogger - INFO - ********************************************************************************
2024-05-28 15:52:50,357 - mainlogger - INFO - Epoch 45  13.901395350694656
2024-05-28 15:52:50,357 - mainlogger - INFO - valid
2024-05-28 15:55:12,442 - mainlogger - INFO - Dice score: 0.7501
2024-05-28 15:55:12,442 - mainlogger - INFO - Accuracy: 0.954
2024-05-28 15:55:12,446 - mainlogger - DEBUG - test
2024-05-28 15:57:34,497 - mainlogger - INFO - Dice score: 0.742
2024-05-28 15:57:34,497 - mainlogger - INFO - Accuracy: 0.9539
2024-05-28 15:57:34,498 - mainlogger - INFO - ********************************************************************************
2024-05-28 16:02:29,353 - mainlogger - INFO - Epoch 46  14.113180413842201
2024-05-28 16:02:29,353 - mainlogger - INFO - valid
2024-05-28 16:04:51,077 - mainlogger - INFO - Dice score: 0.735
2024-05-28 16:04:51,077 - mainlogger - INFO - Accuracy: 0.9496
2024-05-28 16:04:51,081 - mainlogger - DEBUG - test
2024-05-28 16:07:13,862 - mainlogger - INFO - Dice score: 0.7513
2024-05-28 16:07:13,862 - mainlogger - INFO - Accuracy: 0.9545
2024-05-28 16:07:13,866 - mainlogger - INFO - ********************************************************************************
2024-05-28 16:12:09,829 - mainlogger - INFO - Epoch 47  13.64457181096077
2024-05-28 16:12:09,830 - mainlogger - INFO - valid
2024-05-28 16:14:31,898 - mainlogger - INFO - Dice score: 0.7328
2024-05-28 16:14:31,898 - mainlogger - INFO - Accuracy: 0.9471
2024-05-28 16:14:31,900 - mainlogger - DEBUG - test
2024-05-28 16:16:57,993 - mainlogger - INFO - Dice score: 0.7234
2024-05-28 16:16:57,993 - mainlogger - INFO - Accuracy: 0.9475
2024-05-28 16:16:57,995 - mainlogger - INFO - ********************************************************************************
2024-05-28 16:21:55,094 - mainlogger - INFO - Epoch 48  13.75934848934412
2024-05-28 16:21:55,095 - mainlogger - INFO - valid
2024-05-28 16:24:16,915 - mainlogger - INFO - Dice score: 0.7251
2024-05-28 16:24:16,915 - mainlogger - INFO - Accuracy: 0.944
2024-05-28 16:24:16,918 - mainlogger - INFO - 0.0007224999999999999->0.000614125
2024-05-28 16:24:16,918 - mainlogger - DEBUG - test
2024-05-28 16:26:39,474 - mainlogger - INFO - Dice score: 0.7305
2024-05-28 16:26:39,474 - mainlogger - INFO - Accuracy: 0.9477
2024-05-28 16:26:39,475 - mainlogger - INFO - ********************************************************************************
2024-05-28 16:31:21,988 - mainlogger - INFO - Epoch 49  13.57933146506548
2024-05-28 16:31:21,989 - mainlogger - INFO - valid
2024-05-28 16:33:43,511 - mainlogger - INFO - Dice score: 0.7453
2024-05-28 16:33:43,511 - mainlogger - INFO - Accuracy: 0.9512
2024-05-28 16:33:43,513 - mainlogger - DEBUG - test
2024-05-28 16:36:06,107 - mainlogger - INFO - Dice score: 0.7333
2024-05-28 16:36:06,108 - mainlogger - INFO - Accuracy: 0.95
2024-05-28 16:36:06,108 - mainlogger - INFO - ********************************************************************************
2024-05-28 16:41:01,447 - mainlogger - INFO - Epoch 50  13.009926941245794
2024-05-28 16:41:01,447 - mainlogger - INFO - valid
2024-05-28 16:43:23,707 - mainlogger - INFO - Dice score: 0.7174
2024-05-28 16:43:23,707 - mainlogger - INFO - Accuracy: 0.9395
2024-05-28 16:43:23,708 - mainlogger - DEBUG - test
2024-05-28 16:45:46,954 - mainlogger - INFO - Dice score: 0.7327
2024-05-28 16:45:46,955 - mainlogger - INFO - Accuracy: 0.9452
2024-05-28 16:45:46,955 - mainlogger - INFO - ********************************************************************************
2024-05-28 16:50:42,431 - mainlogger - INFO - Epoch 51  12.94332019239664
2024-05-28 16:50:42,431 - mainlogger - INFO - valid
2024-05-28 16:53:03,745 - mainlogger - INFO - Dice score: 0.7448
2024-05-28 16:53:03,745 - mainlogger - INFO - Accuracy: 0.9487
2024-05-28 16:53:03,746 - mainlogger - DEBUG - test
2024-05-28 16:55:27,012 - mainlogger - INFO - Dice score: 0.7567
2024-05-28 16:55:27,012 - mainlogger - INFO - Accuracy: 0.9524
2024-05-28 16:55:27,013 - mainlogger - INFO - ********************************************************************************
2024-05-28 17:00:23,167 - mainlogger - INFO - Epoch 52  13.210452053695917
2024-05-28 17:00:23,167 - mainlogger - INFO - valid
2024-05-28 17:02:44,980 - mainlogger - INFO - Dice score: 0.7401
2024-05-28 17:02:44,980 - mainlogger - INFO - Accuracy: 0.9454
2024-05-28 17:02:44,983 - mainlogger - INFO - 0.000614125->0.00052200625
2024-05-28 17:02:44,984 - mainlogger - DEBUG - test
2024-05-28 17:05:07,034 - mainlogger - INFO - Dice score: 0.7407
2024-05-28 17:05:07,034 - mainlogger - INFO - Accuracy: 0.947
2024-05-28 17:05:07,038 - mainlogger - INFO - ********************************************************************************
2024-05-28 17:10:02,383 - mainlogger - INFO - Epoch 53  12.509209498763084
2024-05-28 17:10:02,383 - mainlogger - INFO - valid
2024-05-28 17:12:24,553 - mainlogger - INFO - Dice score: 0.7431
2024-05-28 17:12:24,553 - mainlogger - INFO - Accuracy: 0.9501
2024-05-28 17:12:24,557 - mainlogger - DEBUG - test
2024-05-28 17:14:46,860 - mainlogger - INFO - Dice score: 0.765
2024-05-28 17:14:46,861 - mainlogger - INFO - Accuracy: 0.955
2024-05-28 17:14:46,864 - mainlogger - INFO - ********************************************************************************
2024-05-28 17:19:43,139 - mainlogger - INFO - Epoch 54  11.968435499817133
2024-05-28 17:19:43,140 - mainlogger - INFO - valid
2024-05-28 17:21:54,210 - mainlogger - INFO - Dice score: 0.7273
2024-05-28 17:21:54,210 - mainlogger - INFO - Accuracy: 0.941
2024-05-28 17:21:54,212 - mainlogger - DEBUG - test
2024-05-28 17:24:16,864 - mainlogger - INFO - Dice score: 0.7312
2024-05-28 17:24:16,864 - mainlogger - INFO - Accuracy: 0.9444
2024-05-28 17:24:16,867 - mainlogger - INFO - ********************************************************************************
2024-05-28 17:29:11,766 - mainlogger - INFO - Epoch 55  12.71184540912509
2024-05-28 17:29:11,766 - mainlogger - INFO - valid
2024-05-28 17:31:33,932 - mainlogger - INFO - Dice score: 0.7123
2024-05-28 17:31:33,932 - mainlogger - INFO - Accuracy: 0.9352
2024-05-28 17:31:33,934 - mainlogger - DEBUG - test
2024-05-28 17:33:56,135 - mainlogger - INFO - Dice score: 0.7291
2024-05-28 17:33:56,135 - mainlogger - INFO - Accuracy: 0.9426
2024-05-28 17:33:56,136 - mainlogger - INFO - ********************************************************************************
2024-05-28 17:38:51,760 - mainlogger - INFO - Epoch 56  12.022346932440996
2024-05-28 17:38:51,760 - mainlogger - INFO - valid
2024-05-28 17:41:13,989 - mainlogger - INFO - Dice score: 0.7254
2024-05-28 17:41:13,989 - mainlogger - INFO - Accuracy: 0.9424
2024-05-28 17:41:13,992 - mainlogger - INFO - 0.00052200625->0.00044370531249999997
2024-05-28 17:41:13,993 - mainlogger - DEBUG - test
2024-05-28 17:43:36,279 - mainlogger - INFO - Dice score: 0.7401
2024-05-28 17:43:36,279 - mainlogger - INFO - Accuracy: 0.9481
2024-05-28 17:43:36,284 - mainlogger - INFO - ********************************************************************************
2024-05-28 17:48:32,000 - mainlogger - INFO - Epoch 57  12.138570349663496
2024-05-28 17:48:32,000 - mainlogger - INFO - valid
2024-05-28 17:50:53,867 - mainlogger - INFO - Dice score: 0.738
2024-05-28 17:50:53,867 - mainlogger - INFO - Accuracy: 0.9456
2024-05-28 17:50:53,870 - mainlogger - DEBUG - test
2024-05-28 17:53:17,018 - mainlogger - INFO - Dice score: 0.7517
2024-05-28 17:53:17,018 - mainlogger - INFO - Accuracy: 0.95
2024-05-28 17:53:17,019 - mainlogger - INFO - ********************************************************************************
2024-05-28 17:58:12,407 - mainlogger - INFO - Epoch 58  11.334021855145693
2024-05-28 17:58:12,408 - mainlogger - INFO - valid
2024-05-28 18:00:33,969 - mainlogger - INFO - Dice score: 0.7444
2024-05-28 18:00:33,969 - mainlogger - INFO - Accuracy: 0.9502
2024-05-28 18:00:33,969 - mainlogger - DEBUG - test
2024-05-28 18:02:56,704 - mainlogger - INFO - Dice score: 0.7553
2024-05-28 18:02:56,704 - mainlogger - INFO - Accuracy: 0.9539
2024-05-28 18:02:56,705 - mainlogger - INFO - ********************************************************************************
2024-05-28 18:07:51,878 - mainlogger - INFO - Epoch 59  11.531164452433586
2024-05-28 18:07:51,878 - mainlogger - INFO - valid
2024-05-28 18:10:14,037 - mainlogger - INFO - Dice score: 0.734
2024-05-28 18:10:14,037 - mainlogger - INFO - Accuracy: 0.9438
2024-05-28 18:10:14,042 - mainlogger - DEBUG - test
2024-05-28 18:12:36,730 - mainlogger - INFO - Dice score: 0.7578
2024-05-28 18:12:36,731 - mainlogger - INFO - Accuracy: 0.9513
2024-05-28 18:12:36,731 - mainlogger - INFO - ********************************************************************************
2024-05-28 18:17:33,059 - mainlogger - INFO - Epoch 60  11.154541943222284
2024-05-28 18:17:33,059 - mainlogger - INFO - valid
2024-05-28 18:19:55,736 - mainlogger - INFO - Dice score: 0.7247
2024-05-28 18:19:55,736 - mainlogger - INFO - Accuracy: 0.9414
2024-05-28 18:19:55,737 - mainlogger - INFO - 0.00044370531249999997->0.00037714951562499996
2024-05-28 18:19:55,737 - mainlogger - DEBUG - test
2024-05-28 18:22:18,719 - mainlogger - INFO - Dice score: 0.7174
2024-05-28 18:22:18,719 - mainlogger - INFO - Accuracy: 0.9421
2024-05-28 18:22:18,720 - mainlogger - INFO - ********************************************************************************
2024-05-28 18:27:15,269 - mainlogger - INFO - Epoch 61  11.195694021880627
2024-05-28 18:27:15,269 - mainlogger - INFO - valid
2024-05-28 18:29:37,810 - mainlogger - INFO - Dice score: 0.7408
2024-05-28 18:29:37,810 - mainlogger - INFO - Accuracy: 0.9481
2024-05-28 18:29:37,812 - mainlogger - DEBUG - test
2024-05-28 18:32:00,505 - mainlogger - INFO - Dice score: 0.7695
2024-05-28 18:32:00,505 - mainlogger - INFO - Accuracy: 0.956
2024-05-28 18:32:00,508 - mainlogger - INFO - ********************************************************************************
2024-05-28 18:36:57,199 - mainlogger - INFO - Epoch 62  11.850570738315582
2024-05-28 18:36:57,199 - mainlogger - INFO - valid
2024-05-28 18:39:18,674 - mainlogger - INFO - Dice score: 0.7498
2024-05-28 18:39:18,674 - mainlogger - INFO - Accuracy: 0.9502
2024-05-28 18:39:18,675 - mainlogger - DEBUG - test
2024-05-28 18:41:41,670 - mainlogger - INFO - Dice score: 0.7478
2024-05-28 18:41:41,670 - mainlogger - INFO - Accuracy: 0.9514
2024-05-28 18:41:41,673 - mainlogger - INFO - ********************************************************************************
2024-05-28 18:46:37,484 - mainlogger - INFO - Epoch 63  11.46074403822422
2024-05-28 18:46:37,484 - mainlogger - INFO - valid
2024-05-28 18:48:59,465 - mainlogger - INFO - Dice score: 0.7711
2024-05-28 18:48:59,465 - mainlogger - INFO - Accuracy: 0.9576
2024-05-28 18:48:59,469 - mainlogger - DEBUG - test
2024-05-28 18:51:21,722 - mainlogger - INFO - Dice score: 0.743
2024-05-28 18:51:21,723 - mainlogger - INFO - Accuracy: 0.9535
2024-05-28 18:51:21,725 - mainlogger - INFO - ********************************************************************************
2024-05-28 18:56:17,736 - mainlogger - INFO - Epoch 64  10.621646590530872
2024-05-28 18:56:17,737 - mainlogger - INFO - valid
2024-05-28 18:58:39,224 - mainlogger - INFO - Dice score: 0.7473
2024-05-28 18:58:39,224 - mainlogger - INFO - Accuracy: 0.9505
2024-05-28 18:58:39,225 - mainlogger - DEBUG - test
2024-05-28 19:01:01,635 - mainlogger - INFO - Dice score: 0.761
2024-05-28 19:01:01,635 - mainlogger - INFO - Accuracy: 0.9549
2024-05-28 19:01:01,637 - mainlogger - INFO - ********************************************************************************
2024-05-28 19:05:57,123 - mainlogger - INFO - Epoch 65  10.62968324124813
2024-05-28 19:05:57,123 - mainlogger - INFO - valid
2024-05-28 19:08:19,210 - mainlogger - INFO - Dice score: 0.7322
2024-05-28 19:08:19,210 - mainlogger - INFO - Accuracy: 0.9426
2024-05-28 19:08:19,211 - mainlogger - DEBUG - test
2024-05-28 19:10:42,025 - mainlogger - INFO - Dice score: 0.7422
2024-05-28 19:10:42,026 - mainlogger - INFO - Accuracy: 0.9476
2024-05-28 19:10:42,026 - mainlogger - INFO - ********************************************************************************
2024-05-28 19:15:37,129 - mainlogger - INFO - Epoch 66  9.80282349139452
2024-05-28 19:15:37,129 - mainlogger - INFO - valid
2024-05-28 19:17:59,080 - mainlogger - INFO - Dice score: 0.7376
2024-05-28 19:17:59,081 - mainlogger - INFO - Accuracy: 0.9455
2024-05-28 19:17:59,081 - mainlogger - DEBUG - test
2024-05-28 19:20:21,932 - mainlogger - INFO - Dice score: 0.7599
2024-05-28 19:20:21,932 - mainlogger - INFO - Accuracy: 0.9526
2024-05-28 19:20:21,933 - mainlogger - INFO - ********************************************************************************
2024-05-28 19:25:16,936 - mainlogger - INFO - Epoch 67  10.224693935364485
2024-05-28 19:25:16,936 - mainlogger - INFO - valid
2024-05-28 19:27:38,248 - mainlogger - INFO - Dice score: 0.751
2024-05-28 19:27:38,248 - mainlogger - INFO - Accuracy: 0.9498
2024-05-28 19:27:38,249 - mainlogger - INFO - 0.00037714951562499996->0.00032057708828124994
2024-05-28 19:27:38,249 - mainlogger - DEBUG - test
2024-05-28 19:30:00,771 - mainlogger - INFO - Dice score: 0.7564
2024-05-28 19:30:00,771 - mainlogger - INFO - Accuracy: 0.9526
2024-05-28 19:30:00,772 - mainlogger - INFO - ********************************************************************************
2024-05-28 19:34:56,541 - mainlogger - INFO - Epoch 68  10.181693591177464
2024-05-28 19:34:56,542 - mainlogger - INFO - valid
2024-05-28 19:37:18,800 - mainlogger - INFO - Dice score: 0.7531
2024-05-28 19:37:18,800 - mainlogger - INFO - Accuracy: 0.9498
2024-05-28 19:37:18,801 - mainlogger - DEBUG - test
2024-05-28 19:39:41,034 - mainlogger - INFO - Dice score: 0.7548
2024-05-28 19:39:41,034 - mainlogger - INFO - Accuracy: 0.9515
2024-05-28 19:39:41,037 - mainlogger - INFO - ********************************************************************************
2024-05-28 19:44:36,584 - mainlogger - INFO - Epoch 69  10.198225263506174
2024-05-28 19:44:36,585 - mainlogger - INFO - valid
2024-05-28 19:46:58,267 - mainlogger - INFO - Dice score: 0.7433
2024-05-28 19:46:58,267 - mainlogger - INFO - Accuracy: 0.9478
2024-05-28 19:46:58,268 - mainlogger - DEBUG - test
2024-05-28 19:49:21,144 - mainlogger - INFO - Dice score: 0.7541
2024-05-28 19:49:21,145 - mainlogger - INFO - Accuracy: 0.9521
2024-05-28 19:49:21,145 - mainlogger - INFO - ********************************************************************************
2024-05-28 19:54:16,266 - mainlogger - INFO - Epoch 70  9.734036281704903
2024-05-28 19:54:16,266 - mainlogger - INFO - valid
2024-05-28 19:56:38,326 - mainlogger - INFO - Dice score: 0.7433
2024-05-28 19:56:38,326 - mainlogger - INFO - Accuracy: 0.9491
2024-05-28 19:56:38,329 - mainlogger - DEBUG - test
2024-05-28 19:59:00,723 - mainlogger - INFO - Dice score: 0.7421
2024-05-28 19:59:00,724 - mainlogger - INFO - Accuracy: 0.9514
2024-05-28 19:59:00,724 - mainlogger - INFO - ********************************************************************************
2024-05-28 20:03:56,730 - mainlogger - INFO - Epoch 71  9.791029255837202
2024-05-28 20:03:56,730 - mainlogger - INFO - valid
2024-05-28 20:06:18,552 - mainlogger - INFO - Dice score: 0.7674
2024-05-28 20:06:18,553 - mainlogger - INFO - Accuracy: 0.9565
2024-05-28 20:06:18,554 - mainlogger - INFO - 0.00032057708828124994->0.0002724905250390624
2024-05-28 20:06:18,555 - mainlogger - DEBUG - test
2024-05-28 20:08:41,040 - mainlogger - INFO - Dice score: 0.7448
2024-05-28 20:08:41,040 - mainlogger - INFO - Accuracy: 0.9536
2024-05-28 20:08:41,041 - mainlogger - INFO - ********************************************************************************
2024-05-28 20:13:35,295 - mainlogger - INFO - Epoch 72  9.50401670485735
2024-05-28 20:13:35,295 - mainlogger - INFO - valid
2024-05-28 20:15:56,585 - mainlogger - INFO - Dice score: 0.744
2024-05-28 20:15:56,585 - mainlogger - INFO - Accuracy: 0.9479
2024-05-28 20:15:56,586 - mainlogger - DEBUG - test
2024-05-28 20:18:19,311 - mainlogger - INFO - Dice score: 0.7601
2024-05-28 20:18:19,311 - mainlogger - INFO - Accuracy: 0.9535
2024-05-28 20:18:19,312 - mainlogger - INFO - ********************************************************************************
2024-05-28 20:22:59,465 - mainlogger - INFO - Epoch 73  10.10970114916563
2024-05-28 20:22:59,465 - mainlogger - INFO - valid
2024-05-28 20:25:21,460 - mainlogger - INFO - Dice score: 0.7319
2024-05-28 20:25:21,461 - mainlogger - INFO - Accuracy: 0.9467
2024-05-28 20:25:21,461 - mainlogger - DEBUG - test
2024-05-28 20:27:43,505 - mainlogger - INFO - Dice score: 0.7546
2024-05-28 20:27:43,505 - mainlogger - INFO - Accuracy: 0.9528
2024-05-28 20:27:43,507 - mainlogger - INFO - ********************************************************************************
2024-05-28 20:32:38,535 - mainlogger - INFO - Epoch 74  9.23644433170557
2024-05-28 20:32:38,535 - mainlogger - INFO - valid
2024-05-28 20:34:59,655 - mainlogger - INFO - Dice score: 0.7405
2024-05-28 20:34:59,656 - mainlogger - INFO - Accuracy: 0.9464
2024-05-28 20:34:59,656 - mainlogger - DEBUG - test
2024-05-28 20:37:22,017 - mainlogger - INFO - Dice score: 0.7626
2024-05-28 20:37:22,017 - mainlogger - INFO - Accuracy: 0.9529
2024-05-28 20:37:22,019 - mainlogger - INFO - ********************************************************************************
2024-05-28 20:42:17,186 - mainlogger - INFO - Epoch 75  9.068505611270666
2024-05-28 20:42:17,186 - mainlogger - INFO - valid
2024-05-28 20:44:40,398 - mainlogger - INFO - Dice score: 0.7441
2024-05-28 20:44:40,398 - mainlogger - INFO - Accuracy: 0.9479
2024-05-28 20:44:40,398 - mainlogger - INFO - 0.0002724905250390624->0.00023161694628320305
2024-05-28 20:44:40,398 - mainlogger - DEBUG - test
2024-05-28 20:47:02,509 - mainlogger - INFO - Dice score: 0.7536
2024-05-28 20:47:02,510 - mainlogger - INFO - Accuracy: 0.952
2024-05-28 20:47:02,510 - mainlogger - INFO - ********************************************************************************
2024-05-28 20:51:56,786 - mainlogger - INFO - Epoch 76  8.936176259070635
2024-05-28 20:51:56,786 - mainlogger - INFO - valid
2024-05-28 20:54:18,142 - mainlogger - INFO - Dice score: 0.7392
2024-05-28 20:54:18,142 - mainlogger - INFO - Accuracy: 0.9467
2024-05-28 20:54:18,143 - mainlogger - DEBUG - test
2024-05-28 20:56:40,063 - mainlogger - INFO - Dice score: 0.7422
2024-05-28 20:56:40,063 - mainlogger - INFO - Accuracy: 0.9491
2024-05-28 20:56:40,063 - mainlogger - INFO - ********************************************************************************
2024-05-28 21:01:34,114 - mainlogger - INFO - Epoch 77  9.39472745731473
2024-05-28 21:01:34,114 - mainlogger - INFO - valid
2024-05-28 21:03:55,078 - mainlogger - INFO - Dice score: 0.7528
2024-05-28 21:03:55,079 - mainlogger - INFO - Accuracy: 0.9536
2024-05-28 21:03:55,081 - mainlogger - DEBUG - test
2024-05-28 21:06:16,997 - mainlogger - INFO - Dice score: 0.728
2024-05-28 21:06:16,997 - mainlogger - INFO - Accuracy: 0.9503
2024-05-28 21:06:17,001 - mainlogger - INFO - ********************************************************************************
2024-05-28 21:11:11,190 - mainlogger - INFO - Epoch 78  9.295882809907198
2024-05-28 21:11:11,190 - mainlogger - INFO - valid
2024-05-28 21:13:32,271 - mainlogger - INFO - Dice score: 0.7497
2024-05-28 21:13:32,271 - mainlogger - INFO - Accuracy: 0.952
2024-05-28 21:13:32,272 - mainlogger - DEBUG - test
2024-05-28 21:15:54,552 - mainlogger - INFO - Dice score: 0.7322
2024-05-28 21:15:54,552 - mainlogger - INFO - Accuracy: 0.9491
2024-05-28 21:15:54,558 - mainlogger - INFO - ********************************************************************************
2024-05-28 21:20:49,077 - mainlogger - INFO - Epoch 79  8.923224370926619
2024-05-28 21:20:49,078 - mainlogger - INFO - valid
2024-05-28 21:23:10,060 - mainlogger - INFO - Dice score: 0.7263
2024-05-28 21:23:10,060 - mainlogger - INFO - Accuracy: 0.9446
2024-05-28 21:23:10,064 - mainlogger - INFO - 0.00023161694628320305->0.0001968744043407226
2024-05-28 21:23:10,065 - mainlogger - DEBUG - test
2024-05-28 21:25:32,456 - mainlogger - INFO - Dice score: 0.7385
2024-05-28 21:25:32,456 - mainlogger - INFO - Accuracy: 0.9507
2024-05-28 21:25:32,457 - mainlogger - INFO - ********************************************************************************
2024-05-28 21:30:26,235 - mainlogger - INFO - Epoch 80  8.923155911266804
2024-05-28 21:30:26,235 - mainlogger - INFO - valid
2024-05-28 21:32:47,255 - mainlogger - INFO - Dice score: 0.7629
2024-05-28 21:32:47,255 - mainlogger - INFO - Accuracy: 0.9553
2024-05-28 21:32:47,256 - mainlogger - DEBUG - test
2024-05-28 21:35:09,443 - mainlogger - INFO - Dice score: 0.7498
2024-05-28 21:35:09,443 - mainlogger - INFO - Accuracy: 0.9532
2024-05-28 21:35:09,446 - mainlogger - INFO - ********************************************************************************
2024-05-28 21:40:03,820 - mainlogger - INFO - Epoch 81  8.670179642736912
2024-05-28 21:40:03,820 - mainlogger - INFO - valid
2024-05-28 21:42:25,345 - mainlogger - INFO - Dice score: 0.7632
2024-05-28 21:42:25,345 - mainlogger - INFO - Accuracy: 0.9544
2024-05-28 21:42:25,346 - mainlogger - DEBUG - test
2024-05-28 21:44:47,420 - mainlogger - INFO - Dice score: 0.7441
2024-05-28 21:44:47,420 - mainlogger - INFO - Accuracy: 0.9526
2024-05-28 21:44:47,423 - mainlogger - INFO - ********************************************************************************
2024-05-28 21:49:53,398 - mainlogger - INFO - Epoch 82  8.59104384854436
2024-05-28 21:49:53,398 - mainlogger - INFO - valid
2024-05-28 21:52:14,174 - mainlogger - INFO - Dice score: 0.7314
2024-05-28 21:52:14,174 - mainlogger - INFO - Accuracy: 0.9455
2024-05-28 21:52:14,174 - mainlogger - DEBUG - test
2024-05-28 21:54:37,068 - mainlogger - INFO - Dice score: 0.748
2024-05-28 21:54:37,069 - mainlogger - INFO - Accuracy: 0.9508
2024-05-28 21:54:37,069 - mainlogger - INFO - ********************************************************************************
2024-05-28 21:59:31,449 - mainlogger - INFO - Epoch 83  8.67561712488532
2024-05-28 21:59:31,450 - mainlogger - INFO - valid
2024-05-28 22:01:53,206 - mainlogger - INFO - Dice score: 0.7248
2024-05-28 22:01:53,206 - mainlogger - INFO - Accuracy: 0.9437
2024-05-28 22:01:53,207 - mainlogger - INFO - 0.0001968744043407226->0.0001673432436896142
2024-05-28 22:01:53,207 - mainlogger - DEBUG - test
2024-05-28 22:04:15,714 - mainlogger - INFO - Dice score: 0.7555
2024-05-28 22:04:15,715 - mainlogger - INFO - Accuracy: 0.9516
2024-05-28 22:04:15,717 - mainlogger - INFO - ********************************************************************************
2024-05-28 22:09:10,303 - mainlogger - INFO - Epoch 84  8.985124729573727
2024-05-28 22:09:10,304 - mainlogger - INFO - valid
2024-05-28 22:11:31,687 - mainlogger - INFO - Dice score: 0.7556
2024-05-28 22:11:31,687 - mainlogger - INFO - Accuracy: 0.9529
2024-05-28 22:11:31,689 - mainlogger - DEBUG - test
2024-05-28 22:13:53,733 - mainlogger - INFO - Dice score: 0.7395
2024-05-28 22:13:53,734 - mainlogger - INFO - Accuracy: 0.9521
2024-05-28 22:13:53,737 - mainlogger - INFO - ********************************************************************************
2024-05-28 22:18:48,186 - mainlogger - INFO - Epoch 85  8.588664647191763
2024-05-28 22:18:48,186 - mainlogger - INFO - valid
2024-05-28 22:21:09,540 - mainlogger - INFO - Dice score: 0.7671
2024-05-28 22:21:09,540 - mainlogger - INFO - Accuracy: 0.9553
2024-05-28 22:21:09,541 - mainlogger - DEBUG - test
2024-05-28 22:23:31,599 - mainlogger - INFO - Dice score: 0.7418
2024-05-28 22:23:31,600 - mainlogger - INFO - Accuracy: 0.9519
2024-05-28 22:23:31,600 - mainlogger - INFO - ********************************************************************************
2024-05-28 22:28:25,287 - mainlogger - INFO - Epoch 86  8.914053406566381
2024-05-28 22:28:25,287 - mainlogger - INFO - valid
2024-05-28 22:30:47,198 - mainlogger - INFO - Dice score: 0.7509
2024-05-28 22:30:47,198 - mainlogger - INFO - Accuracy: 0.9506
2024-05-28 22:30:47,199 - mainlogger - DEBUG - test
2024-05-28 22:33:09,312 - mainlogger - INFO - Dice score: 0.7491
2024-05-28 22:33:09,312 - mainlogger - INFO - Accuracy: 0.9524
2024-05-28 22:33:09,313 - mainlogger - INFO - ********************************************************************************
2024-05-28 22:38:03,508 - mainlogger - INFO - Epoch 87  8.076688222587109
2024-05-28 22:38:03,508 - mainlogger - INFO - valid
2024-05-28 22:40:25,480 - mainlogger - INFO - Dice score: 0.7429
2024-05-28 22:40:25,480 - mainlogger - INFO - Accuracy: 0.948
2024-05-28 22:40:25,485 - mainlogger - INFO - 0.0001673432436896142->0.00014224175713617207
2024-05-28 22:40:25,485 - mainlogger - DEBUG - test
2024-05-28 22:42:47,881 - mainlogger - INFO - Dice score: 0.7516
2024-05-28 22:42:47,881 - mainlogger - INFO - Accuracy: 0.9512
2024-05-28 22:42:47,882 - mainlogger - INFO - ********************************************************************************
2024-05-28 22:47:36,062 - mainlogger - INFO - Epoch 88  8.866203553974628
2024-05-28 22:47:36,062 - mainlogger - INFO - valid
2024-05-28 22:49:53,434 - mainlogger - INFO - Dice score: 0.7495
2024-05-28 22:49:53,435 - mainlogger - INFO - Accuracy: 0.9528
2024-05-28 22:49:53,435 - mainlogger - DEBUG - test
2024-05-28 22:52:11,160 - mainlogger - INFO - Dice score: 0.7294
2024-05-28 22:52:11,161 - mainlogger - INFO - Accuracy: 0.9503
2024-05-28 22:52:11,161 - mainlogger - INFO - ********************************************************************************
2024-05-28 22:56:57,156 - mainlogger - INFO - Epoch 89  7.825102023780346
2024-05-28 22:56:57,157 - mainlogger - INFO - valid
2024-05-28 22:59:14,436 - mainlogger - INFO - Dice score: 0.7654
2024-05-28 22:59:14,436 - mainlogger - INFO - Accuracy: 0.9557
2024-05-28 22:59:14,443 - mainlogger - DEBUG - test
2024-05-28 23:01:32,481 - mainlogger - INFO - Dice score: 0.7345
2024-05-28 23:01:32,481 - mainlogger - INFO - Accuracy: 0.9509
2024-05-28 23:01:32,486 - mainlogger - INFO - ********************************************************************************
2024-05-28 23:06:18,630 - mainlogger - INFO - Epoch 90  8.07037129625678
2024-05-28 23:06:18,630 - mainlogger - INFO - valid
2024-05-28 23:08:35,978 - mainlogger - INFO - Dice score: 0.7583
2024-05-28 23:08:35,978 - mainlogger - INFO - Accuracy: 0.9546
2024-05-28 23:08:35,980 - mainlogger - DEBUG - test
2024-05-28 23:10:53,819 - mainlogger - INFO - Dice score: 0.7313
2024-05-28 23:10:53,819 - mainlogger - INFO - Accuracy: 0.9505
2024-05-28 23:10:53,820 - mainlogger - INFO - ********************************************************************************
2024-05-28 23:15:39,804 - mainlogger - INFO - Epoch 91  7.813211631029844
2024-05-28 23:15:39,805 - mainlogger - INFO - valid
2024-05-28 23:17:56,847 - mainlogger - INFO - Dice score: 0.7627
2024-05-28 23:17:56,847 - mainlogger - INFO - Accuracy: 0.9562
2024-05-28 23:17:56,848 - mainlogger - INFO - 0.00014224175713617207->0.00012090549356574625
2024-05-28 23:17:56,848 - mainlogger - DEBUG - test
2024-05-28 23:20:14,921 - mainlogger - INFO - Dice score: 0.7223
2024-05-28 23:20:14,921 - mainlogger - INFO - Accuracy: 0.95
2024-05-28 23:20:14,922 - mainlogger - INFO - ********************************************************************************
2024-05-28 23:24:52,590 - mainlogger - INFO - Epoch 92  7.957270085811615
2024-05-28 23:24:52,590 - mainlogger - INFO - valid
2024-05-28 23:27:10,004 - mainlogger - INFO - Dice score: 0.75
2024-05-28 23:27:10,004 - mainlogger - INFO - Accuracy: 0.9503
2024-05-28 23:27:10,005 - mainlogger - DEBUG - test
2024-05-28 23:29:28,668 - mainlogger - INFO - Dice score: 0.7482
2024-05-28 23:29:28,668 - mainlogger - INFO - Accuracy: 0.9513
2024-05-28 23:29:28,671 - mainlogger - INFO - ********************************************************************************
2024-05-28 23:34:16,252 - mainlogger - INFO - Epoch 93  7.970778301358223
2024-05-28 23:34:16,252 - mainlogger - INFO - valid
2024-05-28 23:36:33,646 - mainlogger - INFO - Dice score: 0.7491
2024-05-28 23:36:33,646 - mainlogger - INFO - Accuracy: 0.9527
2024-05-28 23:36:33,647 - mainlogger - DEBUG - test
2024-05-28 23:38:52,333 - mainlogger - INFO - Dice score: 0.7287
2024-05-28 23:38:52,333 - mainlogger - INFO - Accuracy: 0.9507
2024-05-28 23:38:52,337 - mainlogger - INFO - ********************************************************************************
2024-05-28 23:43:39,793 - mainlogger - INFO - Epoch 94  7.611140329390764
2024-05-28 23:43:39,794 - mainlogger - INFO - valid
2024-05-28 23:45:57,563 - mainlogger - INFO - Dice score: 0.7445
2024-05-28 23:45:57,563 - mainlogger - INFO - Accuracy: 0.9489
2024-05-28 23:45:57,564 - mainlogger - DEBUG - test
2024-05-28 23:48:15,755 - mainlogger - INFO - Dice score: 0.7479
2024-05-28 23:48:15,755 - mainlogger - INFO - Accuracy: 0.9514
2024-05-28 23:48:15,759 - mainlogger - INFO - ********************************************************************************
2024-05-28 23:53:02,892 - mainlogger - INFO - Epoch 95  8.279606811702251
2024-05-28 23:53:02,892 - mainlogger - INFO - valid
2024-05-28 23:55:20,770 - mainlogger - INFO - Dice score: 0.756
2024-05-28 23:55:20,770 - mainlogger - INFO - Accuracy: 0.9544
2024-05-28 23:55:20,771 - mainlogger - INFO - 0.00012090549356574625->0.00010276966953088431
2024-05-28 23:55:20,771 - mainlogger - DEBUG - test
2024-05-28 23:57:38,854 - mainlogger - INFO - Dice score: 0.7318
2024-05-28 23:57:38,854 - mainlogger - INFO - Accuracy: 0.9509
2024-05-28 23:57:38,855 - mainlogger - INFO - ********************************************************************************
2024-05-29 00:02:26,150 - mainlogger - INFO - Epoch 96  7.75900062546134
2024-05-29 00:02:26,150 - mainlogger - INFO - valid
2024-05-29 00:04:44,411 - mainlogger - INFO - Dice score: 0.7446
2024-05-29 00:04:44,412 - mainlogger - INFO - Accuracy: 0.9476
2024-05-29 00:04:44,415 - mainlogger - DEBUG - test
2024-05-29 00:07:02,519 - mainlogger - INFO - Dice score: 0.7548
2024-05-29 00:07:02,519 - mainlogger - INFO - Accuracy: 0.9514
2024-05-29 00:07:02,520 - mainlogger - INFO - ********************************************************************************
2024-05-29 00:11:51,114 - mainlogger - INFO - Epoch 97  7.908675532788038
2024-05-29 00:11:51,114 - mainlogger - INFO - valid
2024-05-29 00:14:08,395 - mainlogger - INFO - Dice score: 0.7329
2024-05-29 00:14:08,395 - mainlogger - INFO - Accuracy: 0.9457
2024-05-29 00:14:08,396 - mainlogger - DEBUG - test
2024-05-29 00:16:26,848 - mainlogger - INFO - Dice score: 0.7628
2024-05-29 00:16:26,848 - mainlogger - INFO - Accuracy: 0.9536
2024-05-29 00:16:26,849 - mainlogger - INFO - ********************************************************************************
2024-05-29 00:21:14,938 - mainlogger - INFO - Epoch 98  7.582916971296072
2024-05-29 00:21:14,938 - mainlogger - INFO - valid
2024-05-29 00:23:33,101 - mainlogger - INFO - Dice score: 0.737
2024-05-29 00:23:33,101 - mainlogger - INFO - Accuracy: 0.9483
2024-05-29 00:23:33,101 - mainlogger - DEBUG - test
2024-05-29 00:25:51,652 - mainlogger - INFO - Dice score: 0.7465
2024-05-29 00:25:51,652 - mainlogger - INFO - Accuracy: 0.9524
2024-05-29 00:25:51,653 - mainlogger - INFO - ********************************************************************************
2024-05-29 00:30:39,203 - mainlogger - INFO - Epoch 99  7.831143207848072
2024-05-29 00:30:39,204 - mainlogger - INFO - valid
2024-05-29 00:32:56,895 - mainlogger - INFO - Dice score: 0.7414
2024-05-29 00:32:56,895 - mainlogger - INFO - Accuracy: 0.9493
2024-05-29 00:32:56,897 - mainlogger - INFO - 0.00010276966953088431->8.735421910125166e-05
2024-05-29 00:32:56,897 - mainlogger - DEBUG - test
2024-05-29 00:35:14,775 - mainlogger - INFO - Dice score: 0.7416
2024-05-29 00:35:14,775 - mainlogger - INFO - Accuracy: 0.9515
2024-05-29 00:35:14,775 - mainlogger - INFO - ********************************************************************************
2024-05-29 00:35:14,776 - mainlogger - DEBUG - [0.7395414377726848, 0.7466258387548841, 0.7100068599923024, 0.6949766559253698, 0.7018095943974484, 0.7339674327787208, 0.7269602976856121, 0.7269566821846974, 0.731143752630807, 0.7380628628141219, 0.7510988216975804, 0.7387340807371702, 0.7365317856327647, 0.7048757204134123, 0.7542098581677656, 0.7500905153856184, 0.7349644901013013, 0.7327753492891722, 0.725137500128987, 0.745267094765198, 0.7173644180812424, 0.7447568908257268, 0.7400529316378468, 0.7430870437367622, 0.7273263950687165, 0.7123229097108229, 0.725392581804906, 0.7379787539942573, 0.7443929881429899, 0.7340407575533519, 0.7246543346064733, 0.7407825267729807, 0.7498374507198159, 0.7710654701299394, 0.7473156998821527, 0.7322274457097111, 0.7375788407170921, 0.7509924223555509, 0.7530946668191384, 0.7433138939939263, 0.7432968740264888, 0.7674454477230116, 0.7439753423064249, 0.731876074820753, 0.7405073846234539, 0.7440681292348372, 0.7392097771245423, 0.7527837048907341, 0.7496782673132745, 0.7262998781540851, 0.7628502519077519, 0.7632190984055465, 0.73142620382479, 0.7248330972365895, 0.7555811211449992, 0.767117182595965, 0.7508919762026607, 0.7429482659436184, 0.7494501303017366, 0.76540408064731, 0.7583344181703908, 0.7627150143632703, 0.7500060766246517, 0.7491048775282765, 0.7445231606483468, 0.7560092641238191, 0.7446476398131193, 0.7328976751450385, 0.7370138130228522, 0.7414085204330942]
2024-05-29 00:35:14,776 - mainlogger - DEBUG - [0.728113059426917, 0.7395072143101089, 0.7145709003217854, 0.7283578046474425, 0.7210740807771967, 0.7542815207374564, 0.7400436515493835, 0.7587045896867594, 0.7447144076741319, 0.7391208151642742, 0.7323549766092712, 0.7486294757469604, 0.7549803832727497, 0.7231891513743118, 0.7302379260708045, 0.7420193366213182, 0.7513161372150463, 0.7233982677558326, 0.7305111104658104, 0.7333366353880463, 0.7326525108509264, 0.7567018856155009, 0.7406529239211002, 0.7649590772521011, 0.7312204356947138, 0.7290808096701048, 0.7400765069868567, 0.7517395416993866, 0.7552627239711289, 0.7577627312632026, 0.7173684363201103, 0.7695241205084865, 0.7478197090238863, 0.7430238713017944, 0.7610108399068488, 0.7421522133046585, 0.7598940418506659, 0.7563635075816378, 0.7548418548994698, 0.7540997554996525, 0.7421289645799947, 0.7447774239726908, 0.7601231084202658, 0.7545715452703684, 0.762647648411731, 0.7535996510728226, 0.7422333179122149, 0.7279741862274414, 0.7322179224190566, 0.7384917127392598, 0.7498409788899129, 0.7440656419478391, 0.7479503982213191, 0.7554616659179121, 0.7394898069440912, 0.7418442511445537, 0.7491260031685736, 0.7515804703088442, 0.7294137946398292, 0.7344765949516143, 0.731273095145132, 0.7223016243451742, 0.7482463801784636, 0.7286541400314243, 0.7478500429138287, 0.7317808847280393, 0.7547978665333799, 0.7627922885422812, 0.7465071102304481, 0.7416414742286779]
2024-05-29 00:35:14,784 - mainlogger - INFO - final test
2024-05-29 00:37:32,959 - mainlogger - INFO - Dice score: 0.7503
2024-05-29 00:37:32,959 - mainlogger - INFO - Accuracy: 0.9527
