2024-05-29 00:37:47,458 - mainlogger - INFO - 6467
2024-05-29 00:37:47,458 - mainlogger - INFO - <class '__main__.UniversegPipeline'>
2024-05-29 00:37:47,458 - mainlogger - INFO - full/big_model_bigk/leaky_relu2.yaml
2024-05-29 00:37:47,458 - mainlogger - INFO - {'desc': '更深的模型', 'batch_size': 4, 'epochs': 100, 'k': 40, 'test_k': 64, 'init': True, 'debug': True, 'root_dir': '/home/4T/zcr/dataset/Dataset_BUSI', 'model': {'name': 'universeg_res.universeg.UniverSeg', 'args': {'channels': [16, 32, 64, 128, 256, 512], 'num_layers': [1, 1, 1, 1, 1, 1], 'in_channels': [1, 2], 'act': 'LeakyReLU'}}, 'trainset': {'name': 'datasetBUSI.mask_busi_single.MaskBUSISingle', 'args': {'root_dir': '/home/4T/zcr/dataset/Dataset_BUSI', 'image_names_path': 'labeled_all.txt', 'mode': 'train'}}, 'testset': {'name': 'datasetBUSI.mask_busi_single.MaskBUSISingle', 'args': {'root_dir': '/home/4T/zcr/dataset/Dataset_BUSI', 'image_names_path': 'test.txt', 'mode': 'test'}}, 'validset': {'name': 'datasetBUSI.mask_busi_single.MaskBUSISingle', 'args': {'root_dir': '/home/4T/zcr/dataset/Dataset_BUSI', 'image_names_path': 'val.txt', 'mode': 'test'}}, 'criterion': {'name': 'spgutils.focalloss.BinaryFocalLoss', 'args': {'gamma': 0}}, 'optimizer': {'name': 'torch.optim.Adam', 'args': {'lr': 0.001}}, 'scheduler': {'name': 'torch.optim.lr_scheduler.ReduceLROnPlateau', 'args': {'mode': 'max', 'factor': 0.85, 'patience': 3}}}
2024-05-29 00:37:47,459 - mainlogger - INFO - 15.719644546508789
2024-05-29 00:37:47,473 - mainlogger - INFO - init with leaky_relu
2024-05-29 00:40:10,055 - mainlogger - INFO - Dice score: 5.189e-16
2024-05-29 00:40:10,055 - mainlogger - INFO - Accuracy: 0.8995
2024-05-29 00:44:58,530 - mainlogger - INFO - Epoch 0  59.47303995490074
2024-05-29 00:44:58,530 - mainlogger - INFO - ********************************************************************************
2024-05-29 00:49:48,242 - mainlogger - INFO - Epoch 1  54.91978681087494
2024-05-29 00:49:48,243 - mainlogger - INFO - ********************************************************************************
2024-05-29 00:54:39,269 - mainlogger - INFO - Epoch 2  51.73522752523422
2024-05-29 00:54:39,270 - mainlogger - INFO - ********************************************************************************
2024-05-29 00:59:29,874 - mainlogger - INFO - Epoch 3  48.18492180109024
2024-05-29 00:59:29,874 - mainlogger - INFO - ********************************************************************************
2024-05-29 01:04:20,774 - mainlogger - INFO - Epoch 4  44.835001677274704
2024-05-29 01:04:20,774 - mainlogger - INFO - ********************************************************************************
2024-05-29 01:09:12,105 - mainlogger - INFO - Epoch 5  42.56732323765755
2024-05-29 01:09:12,106 - mainlogger - INFO - ********************************************************************************
2024-05-29 01:14:03,174 - mainlogger - INFO - Epoch 6  39.56338867545128
2024-05-29 01:14:03,175 - mainlogger - INFO - ********************************************************************************
2024-05-29 01:18:54,686 - mainlogger - INFO - Epoch 7  38.181580901145935
2024-05-29 01:18:54,687 - mainlogger - INFO - ********************************************************************************
2024-05-29 01:23:46,190 - mainlogger - INFO - Epoch 8  35.98946267366409
2024-05-29 01:23:46,190 - mainlogger - INFO - ********************************************************************************
2024-05-29 01:28:37,694 - mainlogger - INFO - Epoch 9  34.783190220594406
2024-05-29 01:28:37,695 - mainlogger - INFO - ********************************************************************************
2024-05-29 01:33:29,121 - mainlogger - INFO - Epoch 10  32.07962040603161
2024-05-29 01:33:29,122 - mainlogger - INFO - ********************************************************************************
2024-05-29 01:38:20,341 - mainlogger - INFO - Epoch 11  30.67004658281803
2024-05-29 01:38:20,341 - mainlogger - INFO - ********************************************************************************
2024-05-29 01:43:11,470 - mainlogger - INFO - Epoch 12  29.90934258699417
2024-05-29 01:43:11,470 - mainlogger - INFO - ********************************************************************************
2024-05-29 01:48:03,153 - mainlogger - INFO - Epoch 13  28.115349873900414
2024-05-29 01:48:03,154 - mainlogger - INFO - ********************************************************************************
2024-05-29 01:52:54,721 - mainlogger - INFO - Epoch 14  27.63091166317463
2024-05-29 01:52:54,721 - mainlogger - INFO - ********************************************************************************
2024-05-29 01:57:51,842 - mainlogger - INFO - Epoch 15  26.477058351039886
2024-05-29 01:57:51,842 - mainlogger - INFO - ********************************************************************************
2024-05-29 02:02:43,729 - mainlogger - INFO - Epoch 16  26.84899266064167
2024-05-29 02:02:43,730 - mainlogger - INFO - ********************************************************************************
2024-05-29 02:07:35,758 - mainlogger - INFO - Epoch 17  25.16990776360035
2024-05-29 02:07:35,758 - mainlogger - INFO - ********************************************************************************
2024-05-29 02:12:27,914 - mainlogger - INFO - Epoch 18  24.126878529787064
2024-05-29 02:12:27,914 - mainlogger - INFO - ********************************************************************************
2024-05-29 02:17:19,653 - mainlogger - INFO - Epoch 19  23.306455582380295
2024-05-29 02:17:19,653 - mainlogger - INFO - ********************************************************************************
